<?xml version="1.0" encoding="UTF-8"?>
<testsuite failures="0" errors="0" skipped="1" tests="1" time="0.013907" name="Revoke an access token">
<testcase classname="Revoke an access token" name="Revoke a token while it is disabled on a server" time="0.013907">
  <skipped/>
  <system-out>
    <![CDATA[]]>
  </system-out>
  <system-err>
    <![CDATA[]]>
  </system-err>
</testcase>
</testsuite>
