<?xml version="1.0" encoding="UTF-8"?>
<testsuite failures="0" errors="0" skipped="1" tests="1" time="0.024756" name="Grant an access token">
<testcase classname="Grant an access token" name="Grant an access token with all permissions on all resource types with authorized uuid" time="0.024756">
  <skipped/>
  <system-out>
    <![CDATA[]]>
  </system-out>
  <system-err>
    <![CDATA[]]>
  </system-err>
</testcase>
</testsuite>
