<?xml version="1.0" encoding="utf-8"?>
<TestRun id="7cac3efc-e109-42b2-b449-5c8245774fa0" name="runneradmin@fv-az237-423 2023-10-24 11:54:57" runUser="fv-az237-423\runneradmin" xmlns="http://microsoft.com/schemas/VisualStudio/TeamTest/2010">
  <Times creation="2023-10-24T11:54:57.3537002+00:00" queuing="2023-10-24T11:54:57.3537003+00:00" start="2023-10-24T11:54:54.7141876+00:00" finish="2023-10-24T11:54:59.6906888+00:00" />
  <TestSettings name="default" id="b1f47750-950e-44c8-8760-a7d1917cba03">
    <Deployment runDeploymentRoot="runneradmin_fv-az237-423_2023-10-24_11_54_57" />
  </TestSettings>
  <Results>
    <UnitTestResult executionId="d142e97b-0bc0-4118-820e-d73f84334e34" testId="7f798889-8174-9314-5795-cf39887a4d5e" testName="AES_CBCCryptorDataHeaderCanBeProcessed(&quot;pubnubenigma&quot;,&quot;file-legacy-civ.jpg&quot;,&quot;unknown cryptor error&quot;,null)" computerName="fv-az237-423" duration="00:00:00.0972740" startTime="2023-10-24T11:54:57.0109063+00:00" endTime="2023-10-24T11:54:57.1080470+00:00" testType="13cdc9d9-ddb5-4fa4-a97d-d965ccfc6d4b" outcome="Passed" testListId="8c84fa94-04c1-424b-9868-57a2d4851a1d" relativeResultsDirectory="d142e97b-0bc0-4118-820e-d73f84334e34">
      <Output>
        <StdOut>Given Crypto module with 'acrh' cryptor&#xD;
-&gt; done: CryptoModuleSteps.GivenCryptoModuleWithCryptor("acrh") (0.0s)&#xD;
* with 'pubnubenigma' cipher key&#xD;
-&gt; done: CryptoModuleSteps.GivenWithCipherKey("pubnubenigma") (0.0s)&#xD;
When I decrypt 'file-legacy-civ.jpg' file&#xD;
-&gt; done: CryptoModuleSteps.WhenIDecryptFile("file-legacy-civ.jpg") (0.0s)&#xD;
Then I receive 'unknown cryptor error'&#xD;
-&gt; done: CryptoModuleSteps.ThenIReceive("unknown cryptor e...") (0.0s)</StdOut>
      </Output>
    </UnitTestResult>
    <UnitTestResult executionId="811586e6-2710-41c2-ad73-ad277f73b2b8" testId="c824fd41-84e4-6d43-8411-04262c295a77" testName="SetMembership" computerName="fv-az237-423" duration="00:00:00.0278590" startTime="2023-10-24T11:54:59.2205462+00:00" endTime="2023-10-24T11:54:59.2484055+00:00" testType="13cdc9d9-ddb5-4fa4-a97d-d965ccfc6d4b" outcome="Passed" testListId="8c84fa94-04c1-424b-9868-57a2d4851a1d" relativeResultsDirectory="811586e6-2710-41c2-ad73-ad277f73b2b8">
      <Output>
        <StdOut>Given I have a keyset with Objects V2 enabled&#xD;
-&gt; done: FeatureObjectsV2MetadataSteps.GivenIHaveAKeysetWithObjectsVEnabled(2) (0.0s)&#xD;
Given the id for 'Alice' persona&#xD;
-&gt; done: FeatureObjectsV2MetadataSteps.GivenTheIdForPersona("Alice") (0.0s)&#xD;
And the data for 'ChatMembership' membership&#xD;
-&gt; done: FeatureObjectsV2MetadataSteps.GivenTheDataForMembership("ChatMembership") (0.0s)&#xD;
When I set the membership&#xD;
-&gt; done: FeatureObjectsV2MetadataSteps.WhenISetTheMembership() (0.0s)&#xD;
Then I receive a successful response&#xD;
-&gt; done: FeatureObjectsV2MetadataSteps.ThenIReceiveASuccessfulResponse() (0.0s)&#xD;
And the response contains list with 'ChatMembership' membership&#xD;
-&gt; done: FeatureObjectsV2MetadataSteps.ThenTheResponseContainsListWithMembership("ChatMembership") (0.0s)</StdOut>
      </Output>
    </UnitTestResult>
    <UnitTestResult executionId="d19caf64-4aad-4803-a9ab-05177d379eb8" testId="b2c9c319-05d3-858f-ecdb-c785279a33e5" testName="RemoveMemberForAChannel" computerName="fv-az237-423" duration="00:00:00.0274410" startTime="2023-10-24T11:54:58.6715429+00:00" endTime="2023-10-24T11:54:58.6989842+00:00" testType="13cdc9d9-ddb5-4fa4-a97d-d965ccfc6d4b" outcome="Passed" testListId="8c84fa94-04c1-424b-9868-57a2d4851a1d" relativeResultsDirectory="d19caf64-4aad-4803-a9ab-05177d379eb8">
      <Output>
        <StdOut>Given I have a keyset with Objects V2 enabled&#xD;
-&gt; done: FeatureObjectsV2MetadataSteps.GivenIHaveAKeysetWithObjectsVEnabled(2) (0.0s)&#xD;
Given the id for 'Chat' channel&#xD;
-&gt; done: FeatureObjectsV2MetadataSteps.GivenTheIdForChannel("Chat") (0.0s)&#xD;
And the data for 'AmeliaMember' member that we want to remove&#xD;
-&gt; done: FeatureObjectsV2MetadataSteps.GivenTheDataForMemberThatWeWantToRemove("AmeliaMember") (0.0s)&#xD;
When I remove a channel member&#xD;
-&gt; done: FeatureObjectsV2MetadataSteps.WhenIRemoveAChannelMember() (0.0s)&#xD;
Then I receive a successful response&#xD;
-&gt; done: FeatureObjectsV2MetadataSteps.ThenIReceiveASuccessfulResponse() (0.0s)</StdOut>
      </Output>
    </UnitTestResult>
    <UnitTestResult executionId="3009f2c9-627d-4221-9536-2507859e9539" testId="1f73b5a1-d21f-1feb-a5dc-31aa30bfbe2c" testName="SetMembershipForCurrentUser" computerName="fv-az237-423" duration="00:00:00.0245360" startTime="2023-10-24T11:54:59.2490522+00:00" endTime="2023-10-24T11:54:59.2735883+00:00" testType="13cdc9d9-ddb5-4fa4-a97d-d965ccfc6d4b" outcome="Passed" testListId="8c84fa94-04c1-424b-9868-57a2d4851a1d" relativeResultsDirectory="3009f2c9-627d-4221-9536-2507859e9539">
      <Output>
        <StdOut>Given I have a keyset with Objects V2 enabled&#xD;
-&gt; done: FeatureObjectsV2MetadataSteps.GivenIHaveAKeysetWithObjectsVEnabled(2) (0.0s)&#xD;
Given current user is 'Alice' persona&#xD;
-&gt; done: FeatureObjectsV2MetadataSteps.GivenCurrentUserIsPersona("Alice") (0.0s)&#xD;
And the data for 'ChatMembership' membership&#xD;
-&gt; done: FeatureObjectsV2MetadataSteps.GivenTheDataForMembership("ChatMembership") (0.0s)&#xD;
When I set the membership for current user&#xD;
-&gt; done: FeatureObjectsV2MetadataSteps.WhenISetTheMembershipForCurrentUser() (0.0s)&#xD;
Then I receive a successful response&#xD;
-&gt; done: FeatureObjectsV2MetadataSteps.ThenIReceiveASuccessfulResponse() (0.0s)&#xD;
And the response contains list with 'ChatMembership' membership&#xD;
-&gt; done: FeatureObjectsV2MetadataSteps.ThenTheResponseContainsListWithMembership("ChatMembership") (0.0s)</StdOut>
      </Output>
    </UnitTestResult>
    <UnitTestResult executionId="46a52618-b2e5-4686-b518-8d236484cf56" testId="0992672a-4884-80d0-5142-7d4a75036ed9" testName="AttemptToGrantAnAccessTokenWithARegularExpressionContainingCapturingGroupsAndExpectAServerError" computerName="fv-az237-423" duration="00:00:00.0243190" startTime="2023-10-24T11:54:57.9954898+00:00" endTime="2023-10-24T11:54:58.0198096+00:00" testType="13cdc9d9-ddb5-4fa4-a97d-d965ccfc6d4b" outcome="Passed" testListId="8c84fa94-04c1-424b-9868-57a2d4851a1d" relativeResultsDirectory="46a52618-b2e5-4686-b518-8d236484cf56">
      <Output>
        <StdOut>Given I have a keyset with access manager enabled&#xD;
-&gt; done: FeatureAccessSteps.GivenIHaveAKeysetWithAccessManagerEnabled() (0.0s)&#xD;
Given the TTL 60&#xD;
-&gt; done: FeatureAccessSteps.GivenTheTTL(60) (0.0s)&#xD;
Given the '(!&lt;[^&gt;]+&gt;)+' UUID pattern access permissions&#xD;
-&gt; done: FeatureAccessSteps.GivenTheUUIDPatternAccessPermissions("(!&lt;[^&gt;]+&gt;)+") (0.0s)&#xD;
* grant pattern permission GET&#xD;
-&gt; done: FeatureAccessSteps.GivenGrantPatternPermissionGET() (0.0s)&#xD;
When I attempt to grant a token specifying those permissions&#xD;
-&gt; done: FeatureAccessSteps.WhenIAttemptToGrantATokenSpecifyingThosePermissions() (0.0s)&#xD;
Then an error is returned&#xD;
-&gt; done: FeatureAccessSteps.ThenAnErrorIsReturned() (0.0s)&#xD;
* the error status code is 400&#xD;
-&gt; done: FeatureAccessSteps.ThenTheErrorStatusCodeIs(400) (0.0s)&#xD;
* the error message is 'Invalid RegExp'&#xD;
-&gt; done: FeatureAccessSteps.ThenTheErrorMessageIs("Invalid RegExp") (0.0s)&#xD;
* the error source is 'grant'&#xD;
-&gt; done: FeatureAccessSteps.ThenTheErrorSourceIs("grant") (0.0s)&#xD;
* the error detail message is 'Only non-capturing groups are allowed. Try replacing `(` with `(?:`.'&#xD;
-&gt; done: FeatureAccessSteps.ThenTheErrorDetailMessageIs("Only non-capturin...") (0.0s)&#xD;
* the error detail location is 'permissions.patterns.uuids.(!&lt;[^&gt;]+&gt;)+'&#xD;
-&gt; done: FeatureAccessSteps.ThenTheErrorDetailLocationIs("permissions.patte...") (0.0s)&#xD;
* the error detail location type is 'body'&#xD;
-&gt; done: FeatureAccessSteps.ThenTheErrorDetailLocationTypeIs("body") (0.0s)</StdOut>
      </Output>
    </UnitTestResult>
    <UnitTestResult executionId="ccf99e30-30da-4a08-8540-d45d2a5076ab" testId="3a8dac54-e42a-8256-0f95-9b2771dcaeda" testName="RemoveAUUIDMetadataIdStoredInConfig" computerName="fv-az237-423" duration="00:00:00.0223790" startTime="2023-10-24T11:54:59.4307234+00:00" endTime="2023-10-24T11:54:59.4531033+00:00" testType="13cdc9d9-ddb5-4fa4-a97d-d965ccfc6d4b" outcome="Passed" testListId="8c84fa94-04c1-424b-9868-57a2d4851a1d" relativeResultsDirectory="ccf99e30-30da-4a08-8540-d45d2a5076ab">
      <Output>
        <StdOut>Given I have a keyset with Objects V2 enabled&#xD;
-&gt; done: FeatureObjectsV2MetadataSteps.GivenIHaveAKeysetWithObjectsVEnabled(2) (0.0s)&#xD;
Given current user is 'Alice' persona&#xD;
-&gt; done: FeatureObjectsV2MetadataSteps.GivenCurrentUserIsPersona("Alice") (0.0s)&#xD;
When I remove the UUID metadata for current user&#xD;
-&gt; done: FeatureObjectsV2MetadataSteps.WhenIRemoveTheUUIDMetadataForCurrentUser() (0.0s)&#xD;
Then I receive a successful response&#xD;
-&gt; done: FeatureObjectsV2MetadataSteps.ThenIReceiveASuccessfulResponse() (0.0s)</StdOut>
      </Output>
    </UnitTestResult>
    <UnitTestResult executionId="57083435-5917-42fd-9cd2-cc5260802d95" testId="f6a7a690-af73-fab8-0ebf-059ccdbb5495" testName="RevokeInvalidToken" computerName="fv-az237-423" duration="00:00:00.0126430" startTime="2023-10-24T11:54:59.5244443+00:00" endTime="2023-10-24T11:54:59.5370878+00:00" testType="13cdc9d9-ddb5-4fa4-a97d-d965ccfc6d4b" outcome="Passed" testListId="8c84fa94-04c1-424b-9868-57a2d4851a1d" relativeResultsDirectory="57083435-5917-42fd-9cd2-cc5260802d95">
      <Output>
        <StdOut>Given I have a keyset with access manager enabled&#xD;
-&gt; done: FeatureAccessSteps.GivenIHaveAKeysetWithAccessManagerEnabled() (0.0s)&#xD;
Given a token&#xD;
-&gt; done: FeatureAccessSteps.GivenAToken() (0.0s)&#xD;
When I revoke a token&#xD;
-&gt; done: FeatureAccessSteps.WhenIRevokeAToken() (0.0s)&#xD;
Then an error is returned&#xD;
-&gt; done: FeatureAccessSteps.ThenAnErrorIsReturned() (0.0s)&#xD;
* the error status code is 400&#xD;
-&gt; done: FeatureAccessSteps.ThenTheErrorStatusCodeIs(400) (0.0s)&#xD;
* the error message is 'Invalid token'&#xD;
-&gt; done: FeatureAccessSteps.ThenTheErrorMessageIs("Invalid token") (0.0s)&#xD;
* the error source is 'revoke'&#xD;
-&gt; done: FeatureAccessSteps.ThenTheErrorSourceIs("revoke") (0.0s)&#xD;
* the error detail message is not empty&#xD;
-&gt; done: FeatureAccessSteps.ThenTheErrorDetailMessageIsNotEmpty() (0.0s)&#xD;
* the error detail location is 'token'&#xD;
-&gt; done: FeatureAccessSteps.ThenTheErrorDetailLocationIs("token") (0.0s)&#xD;
* the error detail location type is 'path'&#xD;
-&gt; done: FeatureAccessSteps.ThenTheErrorDetailLocationTypeIs("path") (0.0s)&#xD;
* the error service is 'Access Manager'&#xD;
-&gt; done: FeatureAccessSteps.ThenTheErrorServiceIs("Access Manager") (0.0s)</StdOut>
      </Output>
    </UnitTestResult>
    <UnitTestResult executionId="9a20032c-ad48-41c2-a145-39991ee6f89b" testId="fb67481e-37a3-f171-7a64-13ebf12d3989" testName="CryptorIsAbleToProcessSampleFilesAsBinary(&quot;legacy&quot;,&quot;pubnubenigma&quot;,&quot;random&quot;,&quot;file-legacy-riv.txt&quot;,&quot;file.txt&quot;,null)" computerName="fv-az237-423" duration="00:00:00.0035310" startTime="2023-10-24T11:54:57.4274768+00:00" endTime="2023-10-24T11:54:57.4310081+00:00" testType="13cdc9d9-ddb5-4fa4-a97d-d965ccfc6d4b" outcome="Passed" testListId="8c84fa94-04c1-424b-9868-57a2d4851a1d" relativeResultsDirectory="9a20032c-ad48-41c2-a145-39991ee6f89b">
      <Output>
        <StdOut>Given Crypto module with 'legacy' cryptor&#xD;
-&gt; done: CryptoModuleSteps.GivenCryptoModuleWithCryptor("legacy") (0.0s)&#xD;
* with 'pubnubenigma' cipher key&#xD;
-&gt; done: CryptoModuleSteps.GivenWithCipherKey("pubnubenigma") (0.0s)&#xD;
* with 'random' vector&#xD;
-&gt; done: CryptoModuleSteps.GivenWithVector("random") (0.0s)&#xD;
When I decrypt 'file-legacy-riv.txt' file as 'binary'&#xD;
-&gt; done: CryptoModuleSteps.WhenIDecryptFileAs("file-legacy-riv.txt", "binary") (0.0s)&#xD;
Then Decrypted file content equal to the 'file.txt' file content&#xD;
-&gt; done: CryptoModuleSteps.ThenDecryptedFileContentEqualToTheFileContent("file.txt") (0.0s)</StdOut>
      </Output>
    </UnitTestResult>
    <UnitTestResult executionId="d9671e1a-87ac-40cf-83b0-882d0dd503a1" testId="238d7046-3682-e357-765d-2a21c813602e" testName="AttemptToGrantAnAccessTokenWithARegularExpressionContainingASyntaxErrorAndExpectAServerError" computerName="fv-az237-423" duration="00:00:00.0303000" startTime="2023-10-24T11:54:57.9600300+00:00" endTime="2023-10-24T11:54:57.9903307+00:00" testType="13cdc9d9-ddb5-4fa4-a97d-d965ccfc6d4b" outcome="Passed" testListId="8c84fa94-04c1-424b-9868-57a2d4851a1d" relativeResultsDirectory="d9671e1a-87ac-40cf-83b0-882d0dd503a1">
      <Output>
        <StdOut>Given I have a keyset with access manager enabled&#xD;
-&gt; done: FeatureAccessSteps.GivenIHaveAKeysetWithAccessManagerEnabled() (0.0s)&#xD;
Given the TTL 60&#xD;
-&gt; done: FeatureAccessSteps.GivenTheTTL(60) (0.0s)&#xD;
Given the '!&lt;[^&gt;]+&gt;++' UUID pattern access permissions&#xD;
-&gt; done: FeatureAccessSteps.GivenTheUUIDPatternAccessPermissions("!&lt;[^&gt;]+&gt;++") (0.0s)&#xD;
* grant pattern permission GET&#xD;
-&gt; done: FeatureAccessSteps.GivenGrantPatternPermissionGET() (0.0s)&#xD;
When I attempt to grant a token specifying those permissions&#xD;
-&gt; done: FeatureAccessSteps.WhenIAttemptToGrantATokenSpecifyingThosePermissions() (0.0s)&#xD;
Then an error is returned&#xD;
-&gt; done: FeatureAccessSteps.ThenAnErrorIsReturned() (0.0s)&#xD;
* the error status code is 400&#xD;
-&gt; done: FeatureAccessSteps.ThenTheErrorStatusCodeIs(400) (0.0s)&#xD;
* the error message is 'Invalid RegExp'&#xD;
-&gt; done: FeatureAccessSteps.ThenTheErrorMessageIs("Invalid RegExp") (0.0s)&#xD;
* the error source is 'grant'&#xD;
-&gt; done: FeatureAccessSteps.ThenTheErrorSourceIs("grant") (0.0s)&#xD;
* the error detail message is 'Syntax error: multiple repeat.'&#xD;
-&gt; done: FeatureAccessSteps.ThenTheErrorDetailMessageIs("Syntax error: mul...") (0.0s)&#xD;
* the error detail location is 'permissions.patterns.uuids.!&lt;[^&gt;]+&gt;++'&#xD;
-&gt; done: FeatureAccessSteps.ThenTheErrorDetailLocationIs("permissions.patte...") (0.0s)&#xD;
* the error detail location type is 'body'&#xD;
-&gt; done: FeatureAccessSteps.ThenTheErrorDetailLocationTypeIs("body") (0.0s)</StdOut>
      </Output>
    </UnitTestResult>
    <UnitTestResult executionId="9a2f5c29-d1d8-4cb4-acb8-45697ffc4647" testId="60e5b02d-603e-8172-2213-6ea7fd0250af" testName="AES_CBCCryptorDataHeaderCanBeProcessed(&quot;pubnubenigma&quot;,&quot;file-cryptor-no-version.txt&quot;,&quot;decryption error&quot;,null)" computerName="fv-az237-423" duration="00:00:00.0072310" startTime="2023-10-24T11:54:57.1253636+00:00" endTime="2023-10-24T11:54:57.1325944+00:00" testType="13cdc9d9-ddb5-4fa4-a97d-d965ccfc6d4b" outcome="Passed" testListId="8c84fa94-04c1-424b-9868-57a2d4851a1d" relativeResultsDirectory="9a2f5c29-d1d8-4cb4-acb8-45697ffc4647">
      <Output>
        <StdOut>Given Crypto module with 'acrh' cryptor&#xD;
-&gt; done: CryptoModuleSteps.GivenCryptoModuleWithCryptor("acrh") (0.0s)&#xD;
* with 'pubnubenigma' cipher key&#xD;
-&gt; done: CryptoModuleSteps.GivenWithCipherKey("pubnubenigma") (0.0s)&#xD;
When I decrypt 'file-cryptor-no-version.txt' file&#xD;
-&gt; done: CryptoModuleSteps.WhenIDecryptFile("file-cryptor-no-v...") (0.0s)&#xD;
Then I receive 'decryption error'&#xD;
-&gt; done: CryptoModuleSteps.ThenIReceive("decryption error") (0.0s)</StdOut>
      </Output>
    </UnitTestResult>
    <UnitTestResult executionId="c6158d40-1a33-43e7-b5cd-045077459c64" testId="aea0c1c8-e4f2-b00c-e2e5-3958a9100776" testName="ManageMembershipsForAUUID" computerName="fv-az237-423" duration="00:00:00.0360280" startTime="2023-10-24T11:54:59.1391082+00:00" endTime="2023-10-24T11:54:59.1751364+00:00" testType="13cdc9d9-ddb5-4fa4-a97d-d965ccfc6d4b" outcome="Passed" testListId="8c84fa94-04c1-424b-9868-57a2d4851a1d" relativeResultsDirectory="c6158d40-1a33-43e7-b5cd-045077459c64">
      <Output>
        <StdOut>Given I have a keyset with Objects V2 enabled&#xD;
-&gt; done: FeatureObjectsV2MetadataSteps.GivenIHaveAKeysetWithObjectsVEnabled(2) (0.0s)&#xD;
Given the id for 'Alice' persona&#xD;
-&gt; done: FeatureObjectsV2MetadataSteps.GivenTheIdForPersona("Alice") (0.0s)&#xD;
And the data for 'ChatMembership' membership&#xD;
-&gt; done: FeatureObjectsV2MetadataSteps.GivenTheDataForMembership("ChatMembership") (0.0s)&#xD;
And the data for 'PatientMembership' membership that we want to remove&#xD;
-&gt; done: FeatureObjectsV2MetadataSteps.GivenTheDataForMembershipThatWeWantToRemove("PatientMembership") (0.0s)&#xD;
When I manage memberships&#xD;
-&gt; done: FeatureObjectsV2MetadataSteps.WhenIManageMemberships() (0.0s)&#xD;
Then I receive a successful response&#xD;
-&gt; done: FeatureObjectsV2MetadataSteps.ThenIReceiveASuccessfulResponse() (0.0s)&#xD;
And the response contains list with 'ChatMembership' membership&#xD;
-&gt; done: FeatureObjectsV2MetadataSteps.ThenTheResponseContainsListWithMembership("ChatMembership") (0.0s)&#xD;
And the response does not contain list with 'PatientMembership' membership&#xD;
-&gt; done: FeatureObjectsV2MetadataSteps.ThenTheResponseDoesNotContainListWithMembership("PatientMembership") (0.0s)</StdOut>
      </Output>
    </UnitTestResult>
    <UnitTestResult executionId="ce43f8af-0e0a-45a8-9a2c-ab8155c3bd1b" testId="68a689f7-c4a6-51dd-490d-8e5b965feb8a" testName="CryptorIsAbleToProcessSampleFilesAsStream(&quot;acrh&quot;,&quot;pubnubenigma&quot;,&quot;-&quot;,&quot;file-cryptor-v1-acrh.jpg&quot;,&quot;file.jpg&quot;,null)" computerName="fv-az237-423" duration="00:00:00.0158960" startTime="2023-10-24T11:54:57.4943075+00:00" endTime="2023-10-24T11:54:57.5102042+00:00" testType="13cdc9d9-ddb5-4fa4-a97d-d965ccfc6d4b" outcome="Passed" testListId="8c84fa94-04c1-424b-9868-57a2d4851a1d" relativeResultsDirectory="ce43f8af-0e0a-45a8-9a2c-ab8155c3bd1b">
      <Output>
        <StdOut>Given Crypto module with 'acrh' cryptor&#xD;
-&gt; done: CryptoModuleSteps.GivenCryptoModuleWithCryptor("acrh") (0.0s)&#xD;
* with 'pubnubenigma' cipher key&#xD;
-&gt; done: CryptoModuleSteps.GivenWithCipherKey("pubnubenigma") (0.0s)&#xD;
* with '-' vector&#xD;
-&gt; done: CryptoModuleSteps.GivenWithVector("-") (0.0s)&#xD;
When I decrypt 'file-cryptor-v1-acrh.jpg' file as 'stream'&#xD;
-&gt; done: CryptoModuleSteps.WhenIDecryptFileAs("file-cryptor-v1-a...", "stream") (0.0s)&#xD;
Then Decrypted file content equal to the 'file.jpg' file content&#xD;
-&gt; done: CryptoModuleSteps.ThenDecryptedFileContentEqualToTheFileContent("file.jpg") (0.0s)</StdOut>
      </Output>
    </UnitTestResult>
    <UnitTestResult executionId="5573f5ab-80ce-4187-a133-6cc2d2b35b99" testId="798a8e71-c3a5-952d-b167-1f516fd90da6" testName="AES_CBCCryptorDataHeaderCanBeProcessed(&quot;pubnubenigma&quot;,&quot;file-cryptor-v1-acrh.jpg&quot;,&quot;success&quot;,null)" computerName="fv-az237-423" duration="00:00:00.0159610" startTime="2023-10-24T11:54:57.1622839+00:00" endTime="2023-10-24T11:54:57.1782455+00:00" testType="13cdc9d9-ddb5-4fa4-a97d-d965ccfc6d4b" outcome="Passed" testListId="8c84fa94-04c1-424b-9868-57a2d4851a1d" relativeResultsDirectory="5573f5ab-80ce-4187-a133-6cc2d2b35b99">
      <Output>
        <StdOut>Given Crypto module with 'acrh' cryptor&#xD;
-&gt; done: CryptoModuleSteps.GivenCryptoModuleWithCryptor("acrh") (0.0s)&#xD;
* with 'pubnubenigma' cipher key&#xD;
-&gt; done: CryptoModuleSteps.GivenWithCipherKey("pubnubenigma") (0.0s)&#xD;
When I decrypt 'file-cryptor-v1-acrh.jpg' file&#xD;
-&gt; done: CryptoModuleSteps.WhenIDecryptFile("file-cryptor-v1-a...") (0.0s)&#xD;
Then I receive 'success'&#xD;
-&gt; done: CryptoModuleSteps.ThenIReceive("success") (0.0s)</StdOut>
      </Output>
    </UnitTestResult>
    <UnitTestResult executionId="742f56ed-375a-4c71-b66f-46adf155be22" testId="e310fc10-3907-7ad0-6cbe-cc9e48d5e1fa" testName="DataEncryptedWithLegacyAES_CBCCryptorIsDecryptableWithLegacyImplementation(&quot;pubnubenigma&quot;,&quot;constant&quot;,&quot;file.jpg&quot;,null)" computerName="fv-az237-423" duration="00:00:00.0055250" startTime="2023-10-24T11:54:57.5289643+00:00" endTime="2023-10-24T11:54:57.5344892+00:00" testType="13cdc9d9-ddb5-4fa4-a97d-d965ccfc6d4b" outcome="Passed" testListId="8c84fa94-04c1-424b-9868-57a2d4851a1d" relativeResultsDirectory="742f56ed-375a-4c71-b66f-46adf155be22">
      <Output>
        <StdOut>Given Crypto module with 'legacy' cryptor&#xD;
-&gt; done: CryptoModuleSteps.GivenCryptoModuleWithCryptor("legacy") (0.0s)&#xD;
* with 'pubnubenigma' cipher key&#xD;
-&gt; done: CryptoModuleSteps.GivenWithCipherKey("pubnubenigma") (0.0s)&#xD;
* with 'constant' vector&#xD;
-&gt; done: CryptoModuleSteps.GivenWithVector("constant") (0.0s)&#xD;
Given Legacy code with 'pubnubenigma' cipher key and 'constant' vector&#xD;
-&gt; done: CryptoModuleSteps.GivenLegacyCodeWithCipherKeyAndVector("pubnubenigma", "constant") (0.0s)&#xD;
When I encrypt 'file.jpg' file as 'binary'&#xD;
-&gt; done: CryptoModuleSteps.WhenIEncryptFileAs("file.jpg", "binary") (0.0s)&#xD;
Then Successfully decrypt an encrypted file with legacy code&#xD;
-&gt; done: CryptoModuleSteps.ThenSuccessfullyDecryptAnEncryptedFileWithLegacyCode() (0.0s)</StdOut>
      </Output>
    </UnitTestResult>
    <UnitTestResult executionId="af8b0c87-3da5-466c-850d-4c546c1e3ac3" testId="046e940e-ed7b-e2be-b9c9-fa82caaefa8a" testName="RemoveMembershipForCurrentUser" computerName="fv-az237-423" duration="00:00:00.0204700" startTime="2023-10-24T11:54:59.1991712+00:00" endTime="2023-10-24T11:54:59.2196411+00:00" testType="13cdc9d9-ddb5-4fa4-a97d-d965ccfc6d4b" outcome="Passed" testListId="8c84fa94-04c1-424b-9868-57a2d4851a1d" relativeResultsDirectory="af8b0c87-3da5-466c-850d-4c546c1e3ac3">
      <Output>
        <StdOut>Given I have a keyset with Objects V2 enabled&#xD;
-&gt; done: FeatureObjectsV2MetadataSteps.GivenIHaveAKeysetWithObjectsVEnabled(2) (0.0s)&#xD;
Given current user is 'Alice' persona&#xD;
-&gt; done: FeatureObjectsV2MetadataSteps.GivenCurrentUserIsPersona("Alice") (0.0s)&#xD;
And the data for 'ChatMembership' membership that we want to remove&#xD;
-&gt; done: FeatureObjectsV2MetadataSteps.GivenTheDataForMembershipThatWeWantToRemove("ChatMembership") (0.0s)&#xD;
When I remove the membership for current user&#xD;
-&gt; done: FeatureObjectsV2MetadataSteps.WhenIRemoveTheMembershipForCurrentUser() (0.0s)&#xD;
Then I receive a successful response&#xD;
-&gt; done: FeatureObjectsV2MetadataSteps.ThenIReceiveASuccessfulResponse() (0.0s)</StdOut>
      </Output>
    </UnitTestResult>
    <UnitTestResult executionId="34e71d62-a815-495b-8215-f103330ce990" testId="4abae91a-e1c2-11c6-c78e-4c0a98abeb41" testName="ManageMembersForAChannel" computerName="fv-az237-423" duration="00:00:00.0423530" startTime="2023-10-24T11:54:58.6290369+00:00" endTime="2023-10-24T11:54:58.6713906+00:00" testType="13cdc9d9-ddb5-4fa4-a97d-d965ccfc6d4b" outcome="Passed" testListId="8c84fa94-04c1-424b-9868-57a2d4851a1d" relativeResultsDirectory="34e71d62-a815-495b-8215-f103330ce990">
      <Output>
        <StdOut>Given I have a keyset with Objects V2 enabled&#xD;
-&gt; done: FeatureObjectsV2MetadataSteps.GivenIHaveAKeysetWithObjectsVEnabled(2) (0.0s)&#xD;
Given the data for 'PeterMember' member&#xD;
-&gt; done: FeatureObjectsV2MetadataSteps.GivenTheDataForMember("PeterMember") (0.0s)&#xD;
And the data for 'AmeliaMember' member that we want to remove&#xD;
-&gt; done: FeatureObjectsV2MetadataSteps.GivenTheDataForMemberThatWeWantToRemove("AmeliaMember") (0.0s)&#xD;
And the id for 'Chat' channel&#xD;
-&gt; done: FeatureObjectsV2MetadataSteps.GivenTheIdForChannel("Chat") (0.0s)&#xD;
When I manage channel members&#xD;
-&gt; done: FeatureObjectsV2MetadataSteps.WhenIManageChannelMembers() (0.0s)&#xD;
Then I receive a successful response&#xD;
-&gt; done: FeatureObjectsV2MetadataSteps.ThenIReceiveASuccessfulResponse() (0.0s)&#xD;
And the response contains list with 'PeterMember' member&#xD;
-&gt; done: FeatureObjectsV2MetadataSteps.ThenTheResponseContainsListWithMember("PeterMember") (0.0s)&#xD;
And the response does not contain list with 'AmeliaMember' member&#xD;
-&gt; done: FeatureObjectsV2MetadataSteps.ThenTheResponseDoesNotContainListWithMember("AmeliaMember") (0.0s)</StdOut>
      </Output>
    </UnitTestResult>
    <UnitTestResult executionId="03654782-94c0-470a-8dc1-40a1fd3cac56" testId="5a108f95-d949-be1c-ba70-794e5a89cb2c" testName="SetAUUIDMetadata" computerName="fv-az237-423" duration="00:00:00.0247390" startTime="2023-10-24T11:54:59.4532409+00:00" endTime="2023-10-24T11:54:59.4779803+00:00" testType="13cdc9d9-ddb5-4fa4-a97d-d965ccfc6d4b" outcome="Passed" testListId="8c84fa94-04c1-424b-9868-57a2d4851a1d" relativeResultsDirectory="03654782-94c0-470a-8dc1-40a1fd3cac56">
      <Output>
        <StdOut>Given I have a keyset with Objects V2 enabled&#xD;
-&gt; done: FeatureObjectsV2MetadataSteps.GivenIHaveAKeysetWithObjectsVEnabled(2) (0.0s)&#xD;
Given the data for 'Alice' persona&#xD;
-&gt; done: FeatureObjectsV2MetadataSteps.GivenTheDataForPersona("Alice") (0.0s)&#xD;
When I set the UUID metadata&#xD;
-&gt; done: FeatureObjectsV2MetadataSteps.WhenISetTheUUIDMetadata() (0.0s)&#xD;
Then I receive a successful response&#xD;
-&gt; done: FeatureObjectsV2MetadataSteps.ThenIReceiveASuccessfulResponse() (0.0s)&#xD;
And the UUID metadata for 'Alice' persona contains updated&#xD;
-&gt; done: FeatureObjectsV2MetadataSteps.ThenTheUUIDMetadataForPersonaContainsUpdated("Alice") (0.0s)</StdOut>
      </Output>
    </UnitTestResult>
    <UnitTestResult executionId="d661cb44-9053-4d7a-abb5-a60abbc16564" testId="31dac960-539b-5857-5a33-455fe8d5a38f" testName="CryptoModuleCanHandleEncryptedDataFromDifferentCryptors(&quot;acrh&quot;,&quot;legacy&quot;,&quot;pubnubenigma&quot;,&quot;random&quot;,&quot;file-legacy-riv.jpg&quot;,&quot;file.jpg&quot;,null)" computerName="fv-az237-423" duration="00:00:00.0117230" startTime="2023-10-24T11:54:57.2001473+00:00" endTime="2023-10-24T11:54:57.2118705+00:00" testType="13cdc9d9-ddb5-4fa4-a97d-d965ccfc6d4b" outcome="Passed" testListId="8c84fa94-04c1-424b-9868-57a2d4851a1d" relativeResultsDirectory="d661cb44-9053-4d7a-abb5-a60abbc16564">
      <Output>
        <StdOut>Given Crypto module with default 'acrh' and additional 'legacy' cryptors&#xD;
-&gt; done: CryptoModuleSteps.GivenCryptoModuleWithDefaultAndAdditionalCryptors("acrh", "legacy") (0.0s)&#xD;
* with 'pubnubenigma' cipher key&#xD;
-&gt; done: CryptoModuleSteps.GivenWithCipherKey("pubnubenigma") (0.0s)&#xD;
* with 'random' vector&#xD;
-&gt; done: CryptoModuleSteps.GivenWithVector("random") (0.0s)&#xD;
When I decrypt 'file-legacy-riv.jpg' file as 'binary'&#xD;
-&gt; done: CryptoModuleSteps.WhenIDecryptFileAs("file-legacy-riv.jpg", "binary") (0.0s)&#xD;
Then Decrypted file content equal to the 'file.jpg' file content&#xD;
-&gt; done: CryptoModuleSteps.ThenDecryptedFileContentEqualToTheFileContent("file.jpg") (0.0s)</StdOut>
      </Output>
    </UnitTestResult>
    <UnitTestResult executionId="8714b107-f59f-449f-9310-6e899871a487" testId="4dab3f58-f834-dddd-fa3d-a0f55f715d14" testName="EmptyStreamDataDecryptionShouldFail(&quot;legacy&quot;,&quot;pubnubenigma&quot;,&quot;random&quot;,&quot;empty-file-cryptor-legacy-riv.txt&quot;,null)" computerName="fv-az237-423" duration="00:00:00.0042660" startTime="2023-10-24T11:54:57.7073008+00:00" endTime="2023-10-24T11:54:57.7115670+00:00" testType="13cdc9d9-ddb5-4fa4-a97d-d965ccfc6d4b" outcome="Passed" testListId="8c84fa94-04c1-424b-9868-57a2d4851a1d" relativeResultsDirectory="8714b107-f59f-449f-9310-6e899871a487">
      <Output>
        <StdOut>Given Crypto module with 'legacy' cryptor&#xD;
-&gt; done: CryptoModuleSteps.GivenCryptoModuleWithCryptor("legacy") (0.0s)&#xD;
* with 'pubnubenigma' cipher key&#xD;
-&gt; done: CryptoModuleSteps.GivenWithCipherKey("pubnubenigma") (0.0s)&#xD;
* with 'random' vector&#xD;
-&gt; done: CryptoModuleSteps.GivenWithVector("random") (0.0s)&#xD;
When I decrypt 'empty-file-cryptor-legacy-riv.txt' file as 'stream'&#xD;
-&gt; done: CryptoModuleSteps.WhenIDecryptFileAs("empty-file-crypto...", "stream") (0.0s)&#xD;
Then I receive 'decryption error'&#xD;
-&gt; done: CryptoModuleSteps.ThenIReceive("decryption error") (0.0s)</StdOut>
      </Output>
    </UnitTestResult>
    <UnitTestResult executionId="b560e50c-4446-42cf-9406-b65208a0f378" testId="cddd27ac-7387-0391-36be-b1b706556ac6" testName="EmptyStreamDataEncryptionShouldFail(&quot;legacy&quot;,&quot;pubnubenigma&quot;,&quot;random&quot;,null)" computerName="fv-az237-423" duration="00:00:00.0031850" startTime="2023-10-24T11:54:57.7284374+00:00" endTime="2023-10-24T11:54:57.7316224+00:00" testType="13cdc9d9-ddb5-4fa4-a97d-d965ccfc6d4b" outcome="Passed" testListId="8c84fa94-04c1-424b-9868-57a2d4851a1d" relativeResultsDirectory="b560e50c-4446-42cf-9406-b65208a0f378">
      <Output>
        <StdOut>Given Crypto module with 'legacy' cryptor&#xD;
-&gt; done: CryptoModuleSteps.GivenCryptoModuleWithCryptor("legacy") (0.0s)&#xD;
* with 'pubnubenigma' cipher key&#xD;
-&gt; done: CryptoModuleSteps.GivenWithCipherKey("pubnubenigma") (0.0s)&#xD;
* with 'random' vector&#xD;
-&gt; done: CryptoModuleSteps.GivenWithVector("random") (0.0s)&#xD;
When I encrypt 'empty-file.txt' file as 'stream'&#xD;
-&gt; done: CryptoModuleSteps.WhenIEncryptFileAs("empty-file.txt", "stream") (0.0s)&#xD;
Then I receive 'encryption error'&#xD;
-&gt; done: CryptoModuleSteps.ThenIReceive("encryption error") (0.0s)</StdOut>
      </Output>
    </UnitTestResult>
    <UnitTestResult executionId="a4c85b89-39f1-45d3-a463-82e09f2e574d" testId="bee75210-e3b0-c570-b8a4-c27baac780a1" testName="CryptorIsAbleToProcessSampleFilesAsStream(&quot;legacy&quot;,&quot;pubnubenigma&quot;,&quot;random&quot;,&quot;file-cryptor-legacy-riv.jpg&quot;,&quot;file.jpg&quot;,null)" computerName="fv-az237-423" duration="00:00:00.0110140" startTime="2023-10-24T11:54:57.4602476+00:00" endTime="2023-10-24T11:54:57.4712617+00:00" testType="13cdc9d9-ddb5-4fa4-a97d-d965ccfc6d4b" outcome="Passed" testListId="8c84fa94-04c1-424b-9868-57a2d4851a1d" relativeResultsDirectory="a4c85b89-39f1-45d3-a463-82e09f2e574d">
      <Output>
        <StdOut>Given Crypto module with 'legacy' cryptor&#xD;
-&gt; done: CryptoModuleSteps.GivenCryptoModuleWithCryptor("legacy") (0.0s)&#xD;
* with 'pubnubenigma' cipher key&#xD;
-&gt; done: CryptoModuleSteps.GivenWithCipherKey("pubnubenigma") (0.0s)&#xD;
* with 'random' vector&#xD;
-&gt; done: CryptoModuleSteps.GivenWithVector("random") (0.0s)&#xD;
When I decrypt 'file-cryptor-legacy-riv.jpg' file as 'stream'&#xD;
-&gt; done: CryptoModuleSteps.WhenIDecryptFileAs("file-cryptor-lega...", "stream") (0.0s)&#xD;
Then Decrypted file content equal to the 'file.jpg' file content&#xD;
-&gt; done: CryptoModuleSteps.ThenDecryptedFileContentEqualToTheFileContent("file.jpg") (0.0s)</StdOut>
      </Output>
    </UnitTestResult>
    <UnitTestResult executionId="23e53dba-172a-4220-acf4-dbf47c584d61" testId="8a1c2bbd-f61b-135c-270f-157e7106103a" testName="GetAChannelWithCustomMetadata" computerName="fv-az237-423" duration="00:00:00.0244620" startTime="2023-10-24T11:54:58.4172244+00:00" endTime="2023-10-24T11:54:58.4416872+00:00" testType="13cdc9d9-ddb5-4fa4-a97d-d965ccfc6d4b" outcome="Passed" testListId="8c84fa94-04c1-424b-9868-57a2d4851a1d" relativeResultsDirectory="23e53dba-172a-4220-acf4-dbf47c584d61">
      <Output>
        <StdOut>Given I have a keyset with Objects V2 enabled&#xD;
-&gt; done: FeatureObjectsV2MetadataSteps.GivenIHaveAKeysetWithObjectsVEnabled(2) (0.0s)&#xD;
Given the id for 'DM' channel&#xD;
-&gt; done: FeatureObjectsV2MetadataSteps.GivenTheIdForChannel("DM") (0.0s)&#xD;
When I get the channel metadata with custom&#xD;
-&gt; done: FeatureObjectsV2MetadataSteps.WhenIGetTheChannelMetadataWithCustom() (0.0s)&#xD;
Then I receive a successful response&#xD;
-&gt; done: FeatureObjectsV2MetadataSteps.ThenIReceiveASuccessfulResponse() (0.0s)&#xD;
And the channel metadata for 'DM' channel&#xD;
-&gt; done: FeatureObjectsV2MetadataSteps.ThenTheChannelMetadataForChannel("DM") (0.0s)</StdOut>
      </Output>
    </UnitTestResult>
    <UnitTestResult executionId="26d82b6b-ca47-49f5-add9-662366749483" testId="42ca667a-a020-f899-567b-164563a5f68c" testName="AES_CBCCryptorDataHeaderCanBeProcessed(&quot;pubnubenigma&quot;,&quot;empty-file-cryptor-v1-acrh.txt&quot;,&quot;decryption error&quot;,null)" computerName="fv-az237-423" duration="00:00:00.0058520" startTime="2023-10-24T11:54:57.1554870+00:00" endTime="2023-10-24T11:54:57.1613397+00:00" testType="13cdc9d9-ddb5-4fa4-a97d-d965ccfc6d4b" outcome="Passed" testListId="8c84fa94-04c1-424b-9868-57a2d4851a1d" relativeResultsDirectory="26d82b6b-ca47-49f5-add9-662366749483">
      <Output>
        <StdOut>Given Crypto module with 'acrh' cryptor&#xD;
-&gt; done: CryptoModuleSteps.GivenCryptoModuleWithCryptor("acrh") (0.0s)&#xD;
* with 'pubnubenigma' cipher key&#xD;
-&gt; done: CryptoModuleSteps.GivenWithCipherKey("pubnubenigma") (0.0s)&#xD;
When I decrypt 'empty-file-cryptor-v1-acrh.txt' file&#xD;
-&gt; done: CryptoModuleSteps.WhenIDecryptFile("empty-file-crypto...") (0.0s)&#xD;
Then I receive 'decryption error'&#xD;
-&gt; done: CryptoModuleSteps.ThenIReceive("decryption error") (0.0s)</StdOut>
      </Output>
    </UnitTestResult>
    <UnitTestResult executionId="64d8301b-2858-4cbf-94bb-573917dc8546" testId="96ff7052-903d-d61a-0cb2-cdee63831172" testName="RemoveMembership" computerName="fv-az237-423" duration="00:00:00.0237450" startTime="2023-10-24T11:54:59.1752700+00:00" endTime="2023-10-24T11:54:59.1990160+00:00" testType="13cdc9d9-ddb5-4fa4-a97d-d965ccfc6d4b" outcome="Passed" testListId="8c84fa94-04c1-424b-9868-57a2d4851a1d" relativeResultsDirectory="64d8301b-2858-4cbf-94bb-573917dc8546">
      <Output>
        <StdOut>Given I have a keyset with Objects V2 enabled&#xD;
-&gt; done: FeatureObjectsV2MetadataSteps.GivenIHaveAKeysetWithObjectsVEnabled(2) (0.0s)&#xD;
Given the id for 'Alice' persona&#xD;
-&gt; done: FeatureObjectsV2MetadataSteps.GivenTheIdForPersona("Alice") (0.0s)&#xD;
And the data for 'ChatMembership' membership&#xD;
-&gt; done: FeatureObjectsV2MetadataSteps.GivenTheDataForMembership("ChatMembership") (0.0s)&#xD;
When I remove the membership&#xD;
-&gt; done: FeatureObjectsV2MetadataSteps.WhenIRemoveTheMembership() (0.0s)&#xD;
Then I receive a successful response&#xD;
-&gt; done: FeatureObjectsV2MetadataSteps.ThenIReceiveASuccessfulResponse() (0.0s)</StdOut>
      </Output>
    </UnitTestResult>
    <UnitTestResult executionId="55d8950e-3377-4563-8951-9f7005c0e6f2" testId="2c1e01dd-81d9-12dc-ec1f-005830932e89" testName="EmptyDataEncryptionShouldFail(&quot;acrh&quot;,&quot;pubnubenigma&quot;,&quot;-&quot;,null)" computerName="fv-az237-423" duration="00:00:00.0034560" startTime="2023-10-24T11:54:57.6227751+00:00" endTime="2023-10-24T11:54:57.6262318+00:00" testType="13cdc9d9-ddb5-4fa4-a97d-d965ccfc6d4b" outcome="Passed" testListId="8c84fa94-04c1-424b-9868-57a2d4851a1d" relativeResultsDirectory="55d8950e-3377-4563-8951-9f7005c0e6f2">
      <Output>
        <StdOut>Given Crypto module with 'acrh' cryptor&#xD;
-&gt; done: CryptoModuleSteps.GivenCryptoModuleWithCryptor("acrh") (0.0s)&#xD;
* with 'pubnubenigma' cipher key&#xD;
-&gt; done: CryptoModuleSteps.GivenWithCipherKey("pubnubenigma") (0.0s)&#xD;
* with '-' vector&#xD;
-&gt; done: CryptoModuleSteps.GivenWithVector("-") (0.0s)&#xD;
When I encrypt 'empty-file.txt' file as 'binary'&#xD;
-&gt; done: CryptoModuleSteps.WhenIEncryptFileAs("empty-file.txt", "binary") (0.0s)&#xD;
Then I receive 'encryption error'&#xD;
-&gt; done: CryptoModuleSteps.ThenIReceive("encryption error") (0.0s)</StdOut>
      </Output>
    </UnitTestResult>
    <UnitTestResult executionId="b9824f60-3556-499a-95d2-fa04a3c8ed42" testId="446be40b-3f39-dc72-f797-9a3aa2aac484" testName="AttemptToGrantAnAccessTokenWithAllPermissionsEmptyOrFalseAndExpectAServerError" computerName="fv-az237-423" duration="00:00:00.0266200" startTime="2023-10-24T11:54:57.9264635+00:00" endTime="2023-10-24T11:54:57.9530840+00:00" testType="13cdc9d9-ddb5-4fa4-a97d-d965ccfc6d4b" outcome="Passed" testListId="8c84fa94-04c1-424b-9868-57a2d4851a1d" relativeResultsDirectory="b9824f60-3556-499a-95d2-fa04a3c8ed42">
      <Output>
        <StdOut>Given I have a keyset with access manager enabled&#xD;
-&gt; done: FeatureAccessSteps.GivenIHaveAKeysetWithAccessManagerEnabled() (0.0s)&#xD;
Given the TTL 60&#xD;
-&gt; done: FeatureAccessSteps.GivenTheTTL(60) (0.0s)&#xD;
Given the 'uuid-1' UUID resource access permissions&#xD;
-&gt; done: FeatureAccessSteps.GivenTheUUIDResourceAccessPermissions("uuid-1") (0.0s)&#xD;
* deny resource permission GET&#xD;
-&gt; done: FeatureAccessSteps.GivenDenyResourcePermissionGET() (0.0s)&#xD;
When I attempt to grant a token specifying those permissions&#xD;
-&gt; done: FeatureAccessSteps.WhenIAttemptToGrantATokenSpecifyingThosePermissions() (0.0s)&#xD;
Then an error is returned&#xD;
-&gt; done: FeatureAccessSteps.ThenAnErrorIsReturned() (0.0s)&#xD;
* the error status code is 400&#xD;
-&gt; done: FeatureAccessSteps.ThenTheErrorStatusCodeIs(400) (0.0s)&#xD;
* the error message is 'Invalid permissions'&#xD;
-&gt; done: FeatureAccessSteps.ThenTheErrorMessageIs("Invalid permissions") (0.0s)&#xD;
* the error source is 'grant'&#xD;
-&gt; done: FeatureAccessSteps.ThenTheErrorSourceIs("grant") (0.0s)&#xD;
* the error detail message is 'Unexpected value: `permissions.resources.uuids.uuid-1` must be positive and non-zero.'&#xD;
-&gt; done: FeatureAccessSteps.ThenTheErrorDetailMessageIs("Unexpected value:...") (0.0s)&#xD;
* the error detail location is 'permissions.resources.uuids.uuid-1'&#xD;
-&gt; done: FeatureAccessSteps.ThenTheErrorDetailLocationIs("permissions.resou...") (0.0s)&#xD;
* the error detail location type is 'body'&#xD;
-&gt; done: FeatureAccessSteps.ThenTheErrorDetailLocationTypeIs("body") (0.0s)</StdOut>
      </Output>
    </UnitTestResult>
    <UnitTestResult executionId="559324ea-e5cf-4ae3-a985-7e20077ed38e" testId="07a0b332-7585-5132-2931-ba67f585bbfd" testName="RemoveAUUIDMetadataForId" computerName="fv-az237-423" duration="00:00:00.0212540" startTime="2023-10-24T11:54:59.4084919+00:00" endTime="2023-10-24T11:54:59.4297461+00:00" testType="13cdc9d9-ddb5-4fa4-a97d-d965ccfc6d4b" outcome="Passed" testListId="8c84fa94-04c1-424b-9868-57a2d4851a1d" relativeResultsDirectory="559324ea-e5cf-4ae3-a985-7e20077ed38e">
      <Output>
        <StdOut>Given I have a keyset with Objects V2 enabled&#xD;
-&gt; done: FeatureObjectsV2MetadataSteps.GivenIHaveAKeysetWithObjectsVEnabled(2) (0.0s)&#xD;
Given the id for 'Alice' persona&#xD;
-&gt; done: FeatureObjectsV2MetadataSteps.GivenTheIdForPersona("Alice") (0.0s)&#xD;
When I remove the UUID metadata&#xD;
-&gt; done: FeatureObjectsV2MetadataSteps.WhenIRemoveTheUUIDMetadata() (0.0s)&#xD;
Then I receive a successful response&#xD;
-&gt; done: FeatureObjectsV2MetadataSteps.ThenIReceiveASuccessfulResponse() (0.0s)</StdOut>
      </Output>
    </UnitTestResult>
    <UnitTestResult executionId="e2775183-abfb-4650-8692-996395e5edd5" testId="50604149-da7b-7eb8-2563-57d2dd368452" testName="EmptyDataDecryptionShouldFail(&quot;legacy&quot;,&quot;pubnubenigma&quot;,&quot;constant&quot;,&quot;empty-file.txt&quot;,null)" computerName="fv-az237-423" duration="00:00:00.0039750" startTime="2023-10-24T11:54:57.5487478+00:00" endTime="2023-10-24T11:54:57.5527231+00:00" testType="13cdc9d9-ddb5-4fa4-a97d-d965ccfc6d4b" outcome="Passed" testListId="8c84fa94-04c1-424b-9868-57a2d4851a1d" relativeResultsDirectory="e2775183-abfb-4650-8692-996395e5edd5">
      <Output>
        <StdOut>Given Crypto module with 'legacy' cryptor&#xD;
-&gt; done: CryptoModuleSteps.GivenCryptoModuleWithCryptor("legacy") (0.0s)&#xD;
* with 'pubnubenigma' cipher key&#xD;
-&gt; done: CryptoModuleSteps.GivenWithCipherKey("pubnubenigma") (0.0s)&#xD;
* with 'constant' vector&#xD;
-&gt; done: CryptoModuleSteps.GivenWithVector("constant") (0.0s)&#xD;
When I decrypt 'empty-file.txt' file as 'binary'&#xD;
-&gt; done: CryptoModuleSteps.WhenIDecryptFileAs("empty-file.txt", "binary") (0.0s)&#xD;
Then I receive 'decryption error'&#xD;
-&gt; done: CryptoModuleSteps.ThenIReceive("decryption error") (0.0s)</StdOut>
      </Output>
    </UnitTestResult>
    <UnitTestResult executionId="a237756d-dba3-4791-96e4-ec57d370a432" testId="ba48247e-b680-05e2-ec8e-cd712552a6ee" testName="GetMembershipsForCurrentUser" computerName="fv-az237-423" duration="00:00:00.0673089" startTime="2023-10-24T11:54:58.7669736+00:00" endTime="2023-10-24T11:54:58.8342838+00:00" testType="13cdc9d9-ddb5-4fa4-a97d-d965ccfc6d4b" outcome="Passed" testListId="8c84fa94-04c1-424b-9868-57a2d4851a1d" relativeResultsDirectory="a237756d-dba3-4791-96e4-ec57d370a432">
      <Output>
        <StdOut>Given I have a keyset with Objects V2 enabled&#xD;
-&gt; done: FeatureObjectsV2MetadataSteps.GivenIHaveAKeysetWithObjectsVEnabled(2) (0.0s)&#xD;
Given current user is 'Alice' persona&#xD;
-&gt; done: FeatureObjectsV2MetadataSteps.GivenCurrentUserIsPersona("Alice") (0.0s)&#xD;
When I get the memberships for current user&#xD;
-&gt; done: FeatureObjectsV2MetadataSteps.WhenIGetTheMembershipsForCurrentUser() (0.0s)&#xD;
Then I receive a successful response&#xD;
-&gt; done: FeatureObjectsV2MetadataSteps.ThenIReceiveASuccessfulResponse() (0.0s)&#xD;
And the response contains list with 'ChatMembership' and 'PatientMembership' memberships&#xD;
-&gt; done: FeatureObjectsV2MetadataSteps.ThenTheResponseContainsListWithAndMemberships("ChatMembership", "PatientMembership") (0.0s)</StdOut>
      </Output>
    </UnitTestResult>
    <UnitTestResult executionId="bf5fcdd6-9552-48bb-8c0d-32004363c18d" testId="219f8da3-cc63-e002-72df-e2f549e52967" testName="GetAllUUIDMetadata" computerName="fv-az237-423" duration="00:00:00.0333930" startTime="2023-10-24T11:54:59.2769407+00:00" endTime="2023-10-24T11:54:59.3103339+00:00" testType="13cdc9d9-ddb5-4fa4-a97d-d965ccfc6d4b" outcome="Passed" testListId="8c84fa94-04c1-424b-9868-57a2d4851a1d" relativeResultsDirectory="bf5fcdd6-9552-48bb-8c0d-32004363c18d">
      <Output>
        <StdOut>Given I have a keyset with Objects V2 enabled&#xD;
-&gt; done: FeatureObjectsV2MetadataSteps.GivenIHaveAKeysetWithObjectsVEnabled(2) (0.0s)&#xD;
When I get all UUID metadata&#xD;
-&gt; done: FeatureObjectsV2MetadataSteps.WhenIGetAllUUIDMetadata() (0.0s)&#xD;
Then I receive a successful response&#xD;
-&gt; done: FeatureObjectsV2MetadataSteps.ThenIReceiveASuccessfulResponse() (0.0s)&#xD;
And the response contains list with 'Alice' and 'James' UUID metadata&#xD;
-&gt; done: FeatureObjectsV2MetadataSteps.ThenTheResponseContainsListWithAndUUIDMetadata("Alice", "James") (0.0s)</StdOut>
      </Output>
    </UnitTestResult>
    <UnitTestResult executionId="8eb1516b-2ed9-4b5e-ae24-ed4f63dc7d9a" testId="ed3513bd-2d36-bad0-70c5-813865e78b06" testName="AES_CBCCryptorDataHeaderCanBeProcessed(&quot;pubnubenigma&quot;,&quot;file-cryptor-v1-unknown.txt&quot;,&quot;unknown cryptor error&quot;,null)" computerName="fv-az237-423" duration="00:00:00.0057310" startTime="2023-10-24T11:54:57.1488294+00:00" endTime="2023-10-24T11:54:57.1545604+00:00" testType="13cdc9d9-ddb5-4fa4-a97d-d965ccfc6d4b" outcome="Passed" testListId="8c84fa94-04c1-424b-9868-57a2d4851a1d" relativeResultsDirectory="8eb1516b-2ed9-4b5e-ae24-ed4f63dc7d9a">
      <Output>
        <StdOut>Given Crypto module with 'acrh' cryptor&#xD;
-&gt; done: CryptoModuleSteps.GivenCryptoModuleWithCryptor("acrh") (0.0s)&#xD;
* with 'pubnubenigma' cipher key&#xD;
-&gt; done: CryptoModuleSteps.GivenWithCipherKey("pubnubenigma") (0.0s)&#xD;
When I decrypt 'file-cryptor-v1-unknown.txt' file&#xD;
-&gt; done: CryptoModuleSteps.WhenIDecryptFile("file-cryptor-v1-u...") (0.0s)&#xD;
Then I receive 'unknown cryptor error'&#xD;
-&gt; done: CryptoModuleSteps.ThenIReceive("unknown cryptor e...") (0.0s)</StdOut>
      </Output>
    </UnitTestResult>
    <UnitTestResult executionId="77b44d04-4805-4848-9074-f55040d3eac7" testId="4105838b-ea26-8a2c-f1e6-5dcc3df6f41b" testName="CryptorIsAbleToProcessSampleFilesAsBinary(&quot;legacy&quot;,&quot;pubnubenigma&quot;,&quot;random&quot;,&quot;file-cryptor-legacy-riv.jpg&quot;,&quot;file.jpg&quot;,null)" computerName="fv-az237-423" duration="00:00:00.0100960" startTime="2023-10-24T11:54:57.3642220+00:00" endTime="2023-10-24T11:54:57.3743195+00:00" testType="13cdc9d9-ddb5-4fa4-a97d-d965ccfc6d4b" outcome="Passed" testListId="8c84fa94-04c1-424b-9868-57a2d4851a1d" relativeResultsDirectory="77b44d04-4805-4848-9074-f55040d3eac7">
      <Output>
        <StdOut>Given Crypto module with 'legacy' cryptor&#xD;
-&gt; done: CryptoModuleSteps.GivenCryptoModuleWithCryptor("legacy") (0.0s)&#xD;
* with 'pubnubenigma' cipher key&#xD;
-&gt; done: CryptoModuleSteps.GivenWithCipherKey("pubnubenigma") (0.0s)&#xD;
* with 'random' vector&#xD;
-&gt; done: CryptoModuleSteps.GivenWithVector("random") (0.0s)&#xD;
When I decrypt 'file-cryptor-legacy-riv.jpg' file as 'binary'&#xD;
-&gt; done: CryptoModuleSteps.WhenIDecryptFileAs("file-cryptor-lega...", "binary") (0.0s)&#xD;
Then Decrypted file content equal to the 'file.jpg' file content&#xD;
-&gt; done: CryptoModuleSteps.ThenDecryptedFileContentEqualToTheFileContent("file.jpg") (0.0s)</StdOut>
      </Output>
    </UnitTestResult>
    <UnitTestResult executionId="8eeac1ba-1bf2-4c7c-989e-cd37bb978012" testId="4f543121-4b4c-bb28-bba2-a9b2ac9eaaeb" testName="DataEncryptedWithLegacyAES_CBCCryptorIsDecryptableWithLegacyImplementation(&quot;pubnubenigma&quot;,&quot;random&quot;,&quot;file.txt&quot;,null)" computerName="fv-az237-423" duration="00:00:00.0037580" startTime="2023-10-24T11:54:57.5390769+00:00" endTime="2023-10-24T11:54:57.5428355+00:00" testType="13cdc9d9-ddb5-4fa4-a97d-d965ccfc6d4b" outcome="Passed" testListId="8c84fa94-04c1-424b-9868-57a2d4851a1d" relativeResultsDirectory="8eeac1ba-1bf2-4c7c-989e-cd37bb978012">
      <Output>
        <StdOut>Given Crypto module with 'legacy' cryptor&#xD;
-&gt; done: CryptoModuleSteps.GivenCryptoModuleWithCryptor("legacy") (0.0s)&#xD;
* with 'pubnubenigma' cipher key&#xD;
-&gt; done: CryptoModuleSteps.GivenWithCipherKey("pubnubenigma") (0.0s)&#xD;
* with 'random' vector&#xD;
-&gt; done: CryptoModuleSteps.GivenWithVector("random") (0.0s)&#xD;
Given Legacy code with 'pubnubenigma' cipher key and 'random' vector&#xD;
-&gt; done: CryptoModuleSteps.GivenLegacyCodeWithCipherKeyAndVector("pubnubenigma", "random") (0.0s)&#xD;
When I encrypt 'file.txt' file as 'binary'&#xD;
-&gt; done: CryptoModuleSteps.WhenIEncryptFileAs("file.txt", "binary") (0.0s)&#xD;
Then Successfully decrypt an encrypted file with legacy code&#xD;
-&gt; done: CryptoModuleSteps.ThenSuccessfullyDecryptAnEncryptedFileWithLegacyCode() (0.0s)</StdOut>
      </Output>
    </UnitTestResult>
    <UnitTestResult executionId="044b3d94-ee96-4aec-87f8-be35defe7a81" testId="3b96f760-7a4a-da94-3ca5-8f27e0604482" testName="CryptorIsAbleToProcessSampleFilesAsStream(&quot;legacy&quot;,&quot;pubnubenigma&quot;,&quot;random&quot;,&quot;file-legacy-riv.jpg&quot;,&quot;file.jpg&quot;,null)" computerName="fv-az237-423" duration="00:00:00.0111299" startTime="2023-10-24T11:54:57.4761340+00:00" endTime="2023-10-24T11:54:57.4872643+00:00" testType="13cdc9d9-ddb5-4fa4-a97d-d965ccfc6d4b" outcome="Passed" testListId="8c84fa94-04c1-424b-9868-57a2d4851a1d" relativeResultsDirectory="044b3d94-ee96-4aec-87f8-be35defe7a81">
      <Output>
        <StdOut>Given Crypto module with 'legacy' cryptor&#xD;
-&gt; done: CryptoModuleSteps.GivenCryptoModuleWithCryptor("legacy") (0.0s)&#xD;
* with 'pubnubenigma' cipher key&#xD;
-&gt; done: CryptoModuleSteps.GivenWithCipherKey("pubnubenigma") (0.0s)&#xD;
* with 'random' vector&#xD;
-&gt; done: CryptoModuleSteps.GivenWithVector("random") (0.0s)&#xD;
When I decrypt 'file-legacy-riv.jpg' file as 'stream'&#xD;
-&gt; done: CryptoModuleSteps.WhenIDecryptFileAs("file-legacy-riv.jpg", "stream") (0.0s)&#xD;
Then Decrypted file content equal to the 'file.jpg' file content&#xD;
-&gt; done: CryptoModuleSteps.ThenDecryptedFileContentEqualToTheFileContent("file.jpg") (0.0s)</StdOut>
      </Output>
    </UnitTestResult>
    <UnitTestResult executionId="f985d13f-3250-40f5-af73-55e303b345bf" testId="23b61850-f73c-f5eb-17ca-9aaba5f44c54" testName="GetAllUUIDMetadataWithCustom" computerName="fv-az237-423" duration="00:00:00.0259360" startTime="2023-10-24T11:54:59.3122095+00:00" endTime="2023-10-24T11:54:59.3381455+00:00" testType="13cdc9d9-ddb5-4fa4-a97d-d965ccfc6d4b" outcome="Passed" testListId="8c84fa94-04c1-424b-9868-57a2d4851a1d" relativeResultsDirectory="f985d13f-3250-40f5-af73-55e303b345bf">
      <Output>
        <StdOut>Given I have a keyset with Objects V2 enabled&#xD;
-&gt; done: FeatureObjectsV2MetadataSteps.GivenIHaveAKeysetWithObjectsVEnabled(2) (0.0s)&#xD;
When I get all UUID metadata with custom&#xD;
-&gt; done: FeatureObjectsV2MetadataSteps.WhenIGetAllUUIDMetadataWithCustom() (0.0s)&#xD;
Then I receive a successful response&#xD;
-&gt; done: FeatureObjectsV2MetadataSteps.ThenIReceiveASuccessfulResponse() (0.0s)&#xD;
And the response contains list with 'Bob' and 'Lisa' UUID metadata&#xD;
-&gt; done: FeatureObjectsV2MetadataSteps.ThenTheResponseContainsListWithAndUUIDMetadata("Bob", "Lisa") (0.0s)</StdOut>
      </Output>
    </UnitTestResult>
    <UnitTestResult executionId="b063dedd-361a-4075-bdbc-b0674bfead06" testId="d5ad5871-c66b-34c9-1371-544f7c37d8f6" testName="EmptyStreamDataDecryptionShouldFail(&quot;legacy&quot;,&quot;pubnubenigma&quot;,&quot;random&quot;,&quot;empty-file.txt&quot;,null)" computerName="fv-az237-423" duration="00:00:00.0032370" startTime="2023-10-24T11:54:57.6869683+00:00" endTime="2023-10-24T11:54:57.6902059+00:00" testType="13cdc9d9-ddb5-4fa4-a97d-d965ccfc6d4b" outcome="Passed" testListId="8c84fa94-04c1-424b-9868-57a2d4851a1d" relativeResultsDirectory="b063dedd-361a-4075-bdbc-b0674bfead06">
      <Output>
        <StdOut>Given Crypto module with 'legacy' cryptor&#xD;
-&gt; done: CryptoModuleSteps.GivenCryptoModuleWithCryptor("legacy") (0.0s)&#xD;
* with 'pubnubenigma' cipher key&#xD;
-&gt; done: CryptoModuleSteps.GivenWithCipherKey("pubnubenigma") (0.0s)&#xD;
* with 'random' vector&#xD;
-&gt; done: CryptoModuleSteps.GivenWithVector("random") (0.0s)&#xD;
When I decrypt 'empty-file.txt' file as 'stream'&#xD;
-&gt; done: CryptoModuleSteps.WhenIDecryptFileAs("empty-file.txt", "stream") (0.0s)&#xD;
Then I receive 'decryption error'&#xD;
-&gt; done: CryptoModuleSteps.ThenIReceive("decryption error") (0.0s)</StdOut>
      </Output>
    </UnitTestResult>
    <UnitTestResult executionId="ba1a3b30-08e1-41ec-b062-4c5c6cc9c77b" testId="86189ae4-95f9-30e4-f4c6-bfa1b9898a62" testName="SetMemberWithCustomForAChannelAndUUIDWithCustom" computerName="fv-az237-423" duration="00:00:00.0354120" startTime="2023-10-24T11:54:58.7256555+00:00" endTime="2023-10-24T11:54:58.7610683+00:00" testType="13cdc9d9-ddb5-4fa4-a97d-d965ccfc6d4b" outcome="Passed" testListId="8c84fa94-04c1-424b-9868-57a2d4851a1d" relativeResultsDirectory="ba1a3b30-08e1-41ec-b062-4c5c6cc9c77b">
      <Output>
        <StdOut>Given I have a keyset with Objects V2 enabled&#xD;
-&gt; done: FeatureObjectsV2MetadataSteps.GivenIHaveAKeysetWithObjectsVEnabled(2) (0.0s)&#xD;
Given the data for 'PeterMember' member&#xD;
-&gt; done: FeatureObjectsV2MetadataSteps.GivenTheDataForMember("PeterMember") (0.0s)&#xD;
And the id for 'Chat' channel&#xD;
-&gt; done: FeatureObjectsV2MetadataSteps.GivenTheIdForChannel("Chat") (0.0s)&#xD;
When I set a channel member including custom and UUID with custom&#xD;
-&gt; done: FeatureObjectsV2MetadataSteps.WhenISetAChannelMemberIncludingCustomAndUUIDWithCustom() (0.0s)&#xD;
Then I receive a successful response&#xD;
-&gt; done: FeatureObjectsV2MetadataSteps.ThenIReceiveASuccessfulResponse() (0.0s)&#xD;
And the response contains list with 'PeterMember' member&#xD;
-&gt; done: FeatureObjectsV2MetadataSteps.ThenTheResponseContainsListWithMember("PeterMember") (0.0s)</StdOut>
      </Output>
    </UnitTestResult>
    <UnitTestResult executionId="6c76999a-e4e9-4ffd-b344-8dd70aedfbcd" testId="02189687-8985-6806-f35e-66f7f45f4e75" testName="DataEncryptedWithLegacyAES_CBCCryptorIsDecryptableWithLegacyImplementation(&quot;pubnubenigma&quot;,&quot;random&quot;,&quot;file.jpg&quot;,null)" computerName="fv-az237-423" duration="00:00:00.0112160" startTime="2023-10-24T11:54:57.5165471+00:00" endTime="2023-10-24T11:54:57.5277637+00:00" testType="13cdc9d9-ddb5-4fa4-a97d-d965ccfc6d4b" outcome="Passed" testListId="8c84fa94-04c1-424b-9868-57a2d4851a1d" relativeResultsDirectory="6c76999a-e4e9-4ffd-b344-8dd70aedfbcd">
      <Output>
        <StdOut>Given Crypto module with 'legacy' cryptor&#xD;
-&gt; done: CryptoModuleSteps.GivenCryptoModuleWithCryptor("legacy") (0.0s)&#xD;
* with 'pubnubenigma' cipher key&#xD;
-&gt; done: CryptoModuleSteps.GivenWithCipherKey("pubnubenigma") (0.0s)&#xD;
* with 'random' vector&#xD;
-&gt; done: CryptoModuleSteps.GivenWithVector("random") (0.0s)&#xD;
Given Legacy code with 'pubnubenigma' cipher key and 'random' vector&#xD;
-&gt; done: CryptoModuleSteps.GivenLegacyCodeWithCipherKeyAndVector("pubnubenigma", "random") (0.0s)&#xD;
When I encrypt 'file.jpg' file as 'binary'&#xD;
-&gt; done: CryptoModuleSteps.WhenIEncryptFileAs("file.jpg", "binary") (0.0s)&#xD;
Then Successfully decrypt an encrypted file with legacy code&#xD;
-&gt; done: CryptoModuleSteps.ThenSuccessfullyDecryptAnEncryptedFileWithLegacyCode() (0.0s)</StdOut>
      </Output>
    </UnitTestResult>
    <UnitTestResult executionId="774c7745-1fec-434e-9ae0-ef791ceb64d8" testId="e592298e-a7bd-5e8f-cbb1-f5ba33b2dce9" testName="EmptyDataEncryptionShouldFail(&quot;legacy&quot;,&quot;pubnubenigma&quot;,&quot;random&quot;,null)" computerName="fv-az237-423" duration="00:00:00.0030590" startTime="2023-10-24T11:54:57.5754086+00:00" endTime="2023-10-24T11:54:57.5784674+00:00" testType="13cdc9d9-ddb5-4fa4-a97d-d965ccfc6d4b" outcome="Passed" testListId="8c84fa94-04c1-424b-9868-57a2d4851a1d" relativeResultsDirectory="774c7745-1fec-434e-9ae0-ef791ceb64d8">
      <Output>
        <StdOut>Given Crypto module with 'legacy' cryptor&#xD;
-&gt; done: CryptoModuleSteps.GivenCryptoModuleWithCryptor("legacy") (0.0s)&#xD;
* with 'pubnubenigma' cipher key&#xD;
-&gt; done: CryptoModuleSteps.GivenWithCipherKey("pubnubenigma") (0.0s)&#xD;
* with 'random' vector&#xD;
-&gt; done: CryptoModuleSteps.GivenWithVector("random") (0.0s)&#xD;
When I encrypt 'empty-file.txt' file as 'binary'&#xD;
-&gt; done: CryptoModuleSteps.WhenIEncryptFileAs("empty-file.txt", "binary") (0.0s)&#xD;
Then I receive 'encryption error'&#xD;
-&gt; done: CryptoModuleSteps.ThenIReceive("encryption error") (0.0s)</StdOut>
      </Output>
    </UnitTestResult>
    <UnitTestResult executionId="f44127f1-557b-4295-9268-0863cfc509f1" testId="f114629c-3c3b-e71d-e1df-1b4312712d85" testName="CryptoModuleCanHandleEncryptedDataFromDifferentCryptors(&quot;legacy&quot;,&quot;acrh&quot;,&quot;pubnubenigma&quot;,&quot;constant&quot;,&quot;file-cryptor-legacy-civ.jpg&quot;,&quot;file.jpg&quot;,null)" computerName="fv-az237-423" duration="00:00:00.0160800" startTime="2023-10-24T11:54:57.1830195+00:00" endTime="2023-10-24T11:54:57.1990999+00:00" testType="13cdc9d9-ddb5-4fa4-a97d-d965ccfc6d4b" outcome="Passed" testListId="8c84fa94-04c1-424b-9868-57a2d4851a1d" relativeResultsDirectory="f44127f1-557b-4295-9268-0863cfc509f1">
      <Output>
        <StdOut>Given Crypto module with default 'legacy' and additional 'acrh' cryptors&#xD;
-&gt; done: CryptoModuleSteps.GivenCryptoModuleWithDefaultAndAdditionalCryptors("legacy", "acrh") (0.0s)&#xD;
* with 'pubnubenigma' cipher key&#xD;
-&gt; done: CryptoModuleSteps.GivenWithCipherKey("pubnubenigma") (0.0s)&#xD;
* with 'constant' vector&#xD;
-&gt; done: CryptoModuleSteps.GivenWithVector("constant") (0.0s)&#xD;
When I decrypt 'file-cryptor-legacy-civ.jpg' file as 'binary'&#xD;
-&gt; done: CryptoModuleSteps.WhenIDecryptFileAs("file-cryptor-lega...", "binary") (0.0s)&#xD;
Then Decrypted file content equal to the 'file.jpg' file content&#xD;
-&gt; done: CryptoModuleSteps.ThenDecryptedFileContentEqualToTheFileContent("file.jpg") (0.0s)</StdOut>
      </Output>
    </UnitTestResult>
    <UnitTestResult executionId="c3adcb7b-0987-4fe6-938c-2b8940e11905" testId="1500c2f1-f56e-3f8a-4b9e-769b5f983879" testName="CryptorIsAbleToProcessSampleFilesAsBinary(&quot;legacy&quot;,&quot;pubnubenigma&quot;,&quot;random&quot;,&quot;file-cryptor-legacy-riv.txt&quot;,&quot;file.txt&quot;,null)" computerName="fv-az237-423" duration="00:00:00.0046120" startTime="2023-10-24T11:54:57.3824953+00:00" endTime="2023-10-24T11:54:57.3871075+00:00" testType="13cdc9d9-ddb5-4fa4-a97d-d965ccfc6d4b" outcome="Passed" testListId="8c84fa94-04c1-424b-9868-57a2d4851a1d" relativeResultsDirectory="c3adcb7b-0987-4fe6-938c-2b8940e11905">
      <Output>
        <StdOut>Given Crypto module with 'legacy' cryptor&#xD;
-&gt; done: CryptoModuleSteps.GivenCryptoModuleWithCryptor("legacy") (0.0s)&#xD;
* with 'pubnubenigma' cipher key&#xD;
-&gt; done: CryptoModuleSteps.GivenWithCipherKey("pubnubenigma") (0.0s)&#xD;
* with 'random' vector&#xD;
-&gt; done: CryptoModuleSteps.GivenWithVector("random") (0.0s)&#xD;
When I decrypt 'file-cryptor-legacy-riv.txt' file as 'binary'&#xD;
-&gt; done: CryptoModuleSteps.WhenIDecryptFileAs("file-cryptor-lega...", "binary") (0.0s)&#xD;
Then Decrypted file content equal to the 'file.txt' file content&#xD;
-&gt; done: CryptoModuleSteps.ThenDecryptedFileContentEqualToTheFileContent("file.txt") (0.0s)</StdOut>
      </Output>
    </UnitTestResult>
    <UnitTestResult executionId="7052b37a-0351-42d6-b74d-de26b0a4965d" testId="984e3d49-4d22-c80b-52c3-19191f62fda7" testName="EmptyStreamDataEncryptionShouldFail(&quot;acrh&quot;,&quot;pubnubenigma&quot;,&quot;-&quot;,null)" computerName="fv-az237-423" duration="00:00:00.0032260" startTime="2023-10-24T11:54:57.7420604+00:00" endTime="2023-10-24T11:54:57.7452862+00:00" testType="13cdc9d9-ddb5-4fa4-a97d-d965ccfc6d4b" outcome="Passed" testListId="8c84fa94-04c1-424b-9868-57a2d4851a1d" relativeResultsDirectory="7052b37a-0351-42d6-b74d-de26b0a4965d">
      <Output>
        <StdOut>Given Crypto module with 'acrh' cryptor&#xD;
-&gt; done: CryptoModuleSteps.GivenCryptoModuleWithCryptor("acrh") (0.0s)&#xD;
* with 'pubnubenigma' cipher key&#xD;
-&gt; done: CryptoModuleSteps.GivenWithCipherKey("pubnubenigma") (0.0s)&#xD;
* with '-' vector&#xD;
-&gt; done: CryptoModuleSteps.GivenWithVector("-") (0.0s)&#xD;
When I encrypt 'empty-file.txt' file as 'stream'&#xD;
-&gt; done: CryptoModuleSteps.WhenIEncryptFileAs("empty-file.txt", "stream") (0.0s)&#xD;
Then I receive 'encryption error'&#xD;
-&gt; done: CryptoModuleSteps.ThenIReceive("encryption error") (0.0s)</StdOut>
      </Output>
    </UnitTestResult>
    <UnitTestResult executionId="54fdcf64-d817-415f-82fd-5bb421ea1d11" testId="d533b002-ecc8-a6e4-0a55-5406f8886899" testName="EmptyDataDecryptionShouldFail(&quot;legacy&quot;,&quot;pubnubenigma&quot;,&quot;random&quot;,&quot;empty-file.txt&quot;,null)" computerName="fv-az237-423" duration="00:00:00.0030180" startTime="2023-10-24T11:54:57.5538296+00:00" endTime="2023-10-24T11:54:57.5568480+00:00" testType="13cdc9d9-ddb5-4fa4-a97d-d965ccfc6d4b" outcome="Passed" testListId="8c84fa94-04c1-424b-9868-57a2d4851a1d" relativeResultsDirectory="54fdcf64-d817-415f-82fd-5bb421ea1d11">
      <Output>
        <StdOut>Given Crypto module with 'legacy' cryptor&#xD;
-&gt; done: CryptoModuleSteps.GivenCryptoModuleWithCryptor("legacy") (0.0s)&#xD;
* with 'pubnubenigma' cipher key&#xD;
-&gt; done: CryptoModuleSteps.GivenWithCipherKey("pubnubenigma") (0.0s)&#xD;
* with 'random' vector&#xD;
-&gt; done: CryptoModuleSteps.GivenWithVector("random") (0.0s)&#xD;
When I decrypt 'empty-file.txt' file as 'binary'&#xD;
-&gt; done: CryptoModuleSteps.WhenIDecryptFileAs("empty-file.txt", "binary") (0.0s)&#xD;
Then I receive 'decryption error'&#xD;
-&gt; done: CryptoModuleSteps.ThenIReceive("decryption error") (0.0s)</StdOut>
      </Output>
    </UnitTestResult>
    <UnitTestResult executionId="de3d4e76-9ab3-46c4-a7a9-893fac54c03b" testId="5ef88e91-8d77-e81e-f266-0337c81fc15e" testName="EmptyStreamDataEncryptionShouldFail(&quot;legacy&quot;,&quot;pubnubenigma&quot;,&quot;constant&quot;,null)" computerName="fv-az237-423" duration="00:00:00.0047280" startTime="2023-10-24T11:54:57.7221192+00:00" endTime="2023-10-24T11:54:57.7268476+00:00" testType="13cdc9d9-ddb5-4fa4-a97d-d965ccfc6d4b" outcome="Passed" testListId="8c84fa94-04c1-424b-9868-57a2d4851a1d" relativeResultsDirectory="de3d4e76-9ab3-46c4-a7a9-893fac54c03b">
      <Output>
        <StdOut>Given Crypto module with 'legacy' cryptor&#xD;
-&gt; done: CryptoModuleSteps.GivenCryptoModuleWithCryptor("legacy") (0.0s)&#xD;
* with 'pubnubenigma' cipher key&#xD;
-&gt; done: CryptoModuleSteps.GivenWithCipherKey("pubnubenigma") (0.0s)&#xD;
* with 'constant' vector&#xD;
-&gt; done: CryptoModuleSteps.GivenWithVector("constant") (0.0s)&#xD;
When I encrypt 'empty-file.txt' file as 'stream'&#xD;
-&gt; done: CryptoModuleSteps.WhenIEncryptFileAs("empty-file.txt", "stream") (0.0s)&#xD;
Then I receive 'encryption error'&#xD;
-&gt; done: CryptoModuleSteps.ThenIReceive("encryption error") (0.0s)</StdOut>
      </Output>
    </UnitTestResult>
    <UnitTestResult executionId="aec9464a-1d12-43e3-a5e0-20318b251625" testId="bc7a74bf-9a5b-2257-fa8b-50752bdbf702" testName="CryptorIsAbleToProcessSampleFilesAsBinary(&quot;legacy&quot;,&quot;pubnubenigma&quot;,&quot;constant&quot;,&quot;file-legacy-civ.jpg&quot;,&quot;file.jpg&quot;,null)" computerName="fv-az237-423" duration="00:00:00.0084060" startTime="2023-10-24T11:54:57.3891592+00:00" endTime="2023-10-24T11:54:57.3975651+00:00" testType="13cdc9d9-ddb5-4fa4-a97d-d965ccfc6d4b" outcome="Passed" testListId="8c84fa94-04c1-424b-9868-57a2d4851a1d" relativeResultsDirectory="aec9464a-1d12-43e3-a5e0-20318b251625">
      <Output>
        <StdOut>Given Crypto module with 'legacy' cryptor&#xD;
-&gt; done: CryptoModuleSteps.GivenCryptoModuleWithCryptor("legacy") (0.0s)&#xD;
* with 'pubnubenigma' cipher key&#xD;
-&gt; done: CryptoModuleSteps.GivenWithCipherKey("pubnubenigma") (0.0s)&#xD;
* with 'constant' vector&#xD;
-&gt; done: CryptoModuleSteps.GivenWithVector("constant") (0.0s)&#xD;
When I decrypt 'file-legacy-civ.jpg' file as 'binary'&#xD;
-&gt; done: CryptoModuleSteps.WhenIDecryptFileAs("file-legacy-civ.jpg", "binary") (0.0s)&#xD;
Then Decrypted file content equal to the 'file.jpg' file content&#xD;
-&gt; done: CryptoModuleSteps.ThenDecryptedFileContentEqualToTheFileContent("file.jpg") (0.0s)</StdOut>
      </Output>
    </UnitTestResult>
    <UnitTestResult executionId="6ebc3978-33ff-4a8a-9b70-95acf6e55a8a" testId="5e071152-ee43-67c0-dc5d-67a966171b99" testName="GrantAnAccessTokenWithoutAnAuthorizedUuid" computerName="fv-az237-423" duration="00:00:00.0332150" startTime="2023-10-24T11:54:58.3033492+00:00" endTime="2023-10-24T11:54:58.3365650+00:00" testType="13cdc9d9-ddb5-4fa4-a97d-d965ccfc6d4b" outcome="Passed" testListId="8c84fa94-04c1-424b-9868-57a2d4851a1d" relativeResultsDirectory="6ebc3978-33ff-4a8a-9b70-95acf6e55a8a">
      <Output>
        <StdOut>Given I have a keyset with access manager enabled&#xD;
-&gt; done: FeatureAccessSteps.GivenIHaveAKeysetWithAccessManagerEnabled() (0.0s)&#xD;
Given the TTL 60&#xD;
-&gt; done: FeatureAccessSteps.GivenTheTTL(60) (0.0s)&#xD;
Given the 'channel-1' CHANNEL resource access permissions&#xD;
-&gt; done: FeatureAccessSteps.GivenTheCHANNELResourceAccessPermissions("channel-1") (0.0s)&#xD;
* grant resource permission READ&#xD;
-&gt; done: FeatureAccessSteps.GivenGrantResourcePermissionREAD() (0.0s)&#xD;
When I grant a token specifying those permissions&#xD;
-&gt; done: FeatureAccessSteps.WhenIGrantATokenSpecifyingThosePermissions() (0.0s)&#xD;
Then the token contains the TTL 60&#xD;
-&gt; done: FeatureAccessSteps.ThenTheTokenContainsTheTTL(60) (0.0s)&#xD;
Then the token does not contain an authorized uuid&#xD;
-&gt; done: FeatureAccessSteps.ThenTheTokenDoesNotContainAnAuthorizedUuid() (0.0s)&#xD;
Then the token has 'channel-1' CHANNEL resource access permissions&#xD;
-&gt; done: FeatureAccessSteps.ThenTheTokenHasCHANNELResourceAccessPermissions("channel-1") (0.0s)&#xD;
* token resource permission READ&#xD;
-&gt; done: FeatureAccessSteps.ThenTokenResourcePermissionREAD() (0.0s)</StdOut>
      </Output>
    </UnitTestResult>
    <UnitTestResult executionId="344977a5-dffb-4e21-847b-ad98d3fbb322" testId="bc8c5e9c-4b5f-8534-047c-bc0ab7c6f555" testName="EmptyStreamDataDecryptionShouldFail(&quot;legacy&quot;,&quot;pubnubenigma&quot;,&quot;constant&quot;,&quot;empty-file.txt&quot;,null)" computerName="fv-az237-423" duration="00:00:00.0056350" startTime="2023-10-24T11:54:57.6741058+00:00" endTime="2023-10-24T11:54:57.6797417+00:00" testType="13cdc9d9-ddb5-4fa4-a97d-d965ccfc6d4b" outcome="Passed" testListId="8c84fa94-04c1-424b-9868-57a2d4851a1d" relativeResultsDirectory="344977a5-dffb-4e21-847b-ad98d3fbb322">
      <Output>
        <StdOut>Given Crypto module with 'legacy' cryptor&#xD;
-&gt; done: CryptoModuleSteps.GivenCryptoModuleWithCryptor("legacy") (0.0s)&#xD;
* with 'pubnubenigma' cipher key&#xD;
-&gt; done: CryptoModuleSteps.GivenWithCipherKey("pubnubenigma") (0.0s)&#xD;
* with 'constant' vector&#xD;
-&gt; done: CryptoModuleSteps.GivenWithVector("constant") (0.0s)&#xD;
When I decrypt 'empty-file.txt' file as 'stream'&#xD;
-&gt; done: CryptoModuleSteps.WhenIDecryptFileAs("empty-file.txt", "stream") (0.0s)&#xD;
Then I receive 'decryption error'&#xD;
-&gt; done: CryptoModuleSteps.ThenIReceive("decryption error") (0.0s)</StdOut>
      </Output>
    </UnitTestResult>
    <UnitTestResult executionId="7593f181-239a-435b-8e5d-9f99371deef2" testId="947b833a-a96c-d64f-e9e3-0beaa935d4d5" testName="SetAChannelMetadata" computerName="fv-az237-423" duration="00:00:00.0330580" startTime="2023-10-24T11:54:58.5230297+00:00" endTime="2023-10-24T11:54:58.5560887+00:00" testType="13cdc9d9-ddb5-4fa4-a97d-d965ccfc6d4b" outcome="Passed" testListId="8c84fa94-04c1-424b-9868-57a2d4851a1d" relativeResultsDirectory="7593f181-239a-435b-8e5d-9f99371deef2">
      <Output>
        <StdOut>Given I have a keyset with Objects V2 enabled&#xD;
-&gt; done: FeatureObjectsV2MetadataSteps.GivenIHaveAKeysetWithObjectsVEnabled(2) (0.0s)&#xD;
Given the data for 'Chat' channel&#xD;
-&gt; done: FeatureObjectsV2MetadataSteps.GivenTheDataForChannel("Chat") (0.0s)&#xD;
When I set the channel metadata&#xD;
-&gt; done: FeatureObjectsV2MetadataSteps.WhenISetTheChannelMetadata() (0.0s)&#xD;
Then I receive a successful response&#xD;
-&gt; done: FeatureObjectsV2MetadataSteps.ThenIReceiveASuccessfulResponse() (0.0s)&#xD;
And the channel metadata for 'Chat' channel contains updated&#xD;
-&gt; done: FeatureObjectsV2MetadataSteps.ThenTheChannelMetadataForChannelContainsUpdated("Chat") (0.0s)</StdOut>
      </Output>
    </UnitTestResult>
    <UnitTestResult executionId="30dc7507-17e2-4ba3-a35f-691b2016a361" testId="63f82b54-f147-1707-8ae8-1f771750a4c8" testName="GrantAnAccessTokenSuccessfullyWithAnAuthorizedUuid" computerName="fv-az237-423" duration="00:00:00.1361300" startTime="2023-10-24T11:54:58.0282776+00:00" endTime="2023-10-24T11:54:58.1644091+00:00" testType="13cdc9d9-ddb5-4fa4-a97d-d965ccfc6d4b" outcome="Passed" testListId="8c84fa94-04c1-424b-9868-57a2d4851a1d" relativeResultsDirectory="30dc7507-17e2-4ba3-a35f-691b2016a361">
      <Output>
        <StdOut>Given I have a keyset with access manager enabled&#xD;
-&gt; done: FeatureAccessSteps.GivenIHaveAKeysetWithAccessManagerEnabled() (0.0s)&#xD;
Given the authorized UUID "test-authorized-uuid"&#xD;
-&gt; done: FeatureAccessSteps.GivenTheAuthorizedUUID("test-authorized-uuid") (0.0s)&#xD;
Given the TTL 60&#xD;
-&gt; done: FeatureAccessSteps.GivenTheTTL(60) (0.0s)&#xD;
Given the 'channel-1' CHANNEL resource access permissions&#xD;
-&gt; done: FeatureAccessSteps.GivenTheCHANNELResourceAccessPermissions("channel-1") (0.0s)&#xD;
* grant resource permission READ&#xD;
-&gt; done: FeatureAccessSteps.GivenGrantResourcePermissionREAD() (0.0s)&#xD;
When I grant a token specifying those permissions&#xD;
-&gt; done: FeatureAccessSteps.WhenIGrantATokenSpecifyingThosePermissions() (0.0s)&#xD;
Then the token contains the TTL 60&#xD;
-&gt; done: FeatureAccessSteps.ThenTheTokenContainsTheTTL(60) (0.1s)&#xD;
Then the token contains the authorized UUID "test-authorized-uuid"&#xD;
-&gt; done: FeatureAccessSteps.ThenTheTokenContainsTheAuthorizedUUID("test-authorized-uuid") (0.0s)&#xD;
Then the token has 'channel-1' CHANNEL resource access permissions&#xD;
-&gt; done: FeatureAccessSteps.ThenTheTokenHasCHANNELResourceAccessPermissions("channel-1") (0.0s)&#xD;
* token resource permission READ&#xD;
-&gt; done: FeatureAccessSteps.ThenTokenResourcePermissionREAD() (0.0s)</StdOut>
      </Output>
    </UnitTestResult>
    <UnitTestResult executionId="a5b27dfc-814d-4f34-b105-e46c17333f5e" testId="3405a88a-853b-5aa4-dc52-211f74db4a9b" testName="GetMembersForAChannel" computerName="fv-az237-423" duration="00:00:00.0367870" startTime="2023-10-24T11:54:58.5587577+00:00" endTime="2023-10-24T11:54:58.5955456+00:00" testType="13cdc9d9-ddb5-4fa4-a97d-d965ccfc6d4b" outcome="Passed" testListId="8c84fa94-04c1-424b-9868-57a2d4851a1d" relativeResultsDirectory="a5b27dfc-814d-4f34-b105-e46c17333f5e">
      <Output>
        <StdOut>Given I have a keyset with Objects V2 enabled&#xD;
-&gt; done: FeatureObjectsV2MetadataSteps.GivenIHaveAKeysetWithObjectsVEnabled(2) (0.0s)&#xD;
Given the id for 'Chat' channel&#xD;
-&gt; done: FeatureObjectsV2MetadataSteps.GivenTheIdForChannel("Chat") (0.0s)&#xD;
When I get the channel members&#xD;
-&gt; done: FeatureObjectsV2MetadataSteps.WhenIGetTheChannelMembers() (0.0s)&#xD;
Then I receive a successful response&#xD;
-&gt; done: FeatureObjectsV2MetadataSteps.ThenIReceiveASuccessfulResponse() (0.0s)&#xD;
And the response contains list with 'AmeliaMember' and 'EvaMember' members&#xD;
-&gt; done: FeatureObjectsV2MetadataSteps.ThenTheResponseContainsListWithAndMembers("AmeliaMember", "EvaMember") (0.0s)</StdOut>
      </Output>
    </UnitTestResult>
    <UnitTestResult executionId="d7cdf4cc-a00a-47b9-95b5-0f8f048db9f6" testId="13df4a31-1d93-7796-89f0-9bafbf62cf1d" testName="CryptorIsAbleToProcessSampleFilesAsBinary(&quot;legacy&quot;,&quot;pubnubenigma&quot;,&quot;constant&quot;,&quot;file-legacy-civ.txt&quot;,&quot;file.txt&quot;,null)" computerName="fv-az237-423" duration="00:00:00.0054620" startTime="2023-10-24T11:54:57.4195916+00:00" endTime="2023-10-24T11:54:57.4250544+00:00" testType="13cdc9d9-ddb5-4fa4-a97d-d965ccfc6d4b" outcome="Passed" testListId="8c84fa94-04c1-424b-9868-57a2d4851a1d" relativeResultsDirectory="d7cdf4cc-a00a-47b9-95b5-0f8f048db9f6">
      <Output>
        <StdOut>Given Crypto module with 'legacy' cryptor&#xD;
-&gt; done: CryptoModuleSteps.GivenCryptoModuleWithCryptor("legacy") (0.0s)&#xD;
* with 'pubnubenigma' cipher key&#xD;
-&gt; done: CryptoModuleSteps.GivenWithCipherKey("pubnubenigma") (0.0s)&#xD;
* with 'constant' vector&#xD;
-&gt; done: CryptoModuleSteps.GivenWithVector("constant") (0.0s)&#xD;
When I decrypt 'file-legacy-civ.txt' file as 'binary'&#xD;
-&gt; done: CryptoModuleSteps.WhenIDecryptFileAs("file-legacy-civ.txt", "binary") (0.0s)&#xD;
Then Decrypted file content equal to the 'file.txt' file content&#xD;
-&gt; done: CryptoModuleSteps.ThenDecryptedFileContentEqualToTheFileContent("file.txt") (0.0s)</StdOut>
      </Output>
    </UnitTestResult>
    <UnitTestResult executionId="5c43c0f1-ad71-4766-b9ce-fa9a9cf655a0" testId="ea054fa2-926d-1779-cc57-db94ba1a4d6a" testName="StreamDataEncryptedWithLegacyAES_CBCCryptorIsDecryptableWithLegacyImplementation(&quot;pubnubenigma&quot;,&quot;random&quot;,&quot;file.txt&quot;,null)" computerName="fv-az237-423" duration="00:00:00.0047690" startTime="2023-10-24T11:54:57.7556667+00:00" endTime="2023-10-24T11:54:57.7604356+00:00" testType="13cdc9d9-ddb5-4fa4-a97d-d965ccfc6d4b" outcome="Passed" testListId="8c84fa94-04c1-424b-9868-57a2d4851a1d" relativeResultsDirectory="5c43c0f1-ad71-4766-b9ce-fa9a9cf655a0">
      <Output>
        <StdOut>Given Crypto module with 'legacy' cryptor&#xD;
-&gt; done: CryptoModuleSteps.GivenCryptoModuleWithCryptor("legacy") (0.0s)&#xD;
Given Legacy code with 'pubnubenigma' cipher key and 'random' vector&#xD;
-&gt; done: CryptoModuleSteps.GivenLegacyCodeWithCipherKeyAndVector("pubnubenigma", "random") (0.0s)&#xD;
* with 'pubnubenigma' cipher key&#xD;
-&gt; done: CryptoModuleSteps.GivenWithCipherKey("pubnubenigma") (0.0s)&#xD;
* with 'random' vector&#xD;
-&gt; done: CryptoModuleSteps.GivenWithVector("random") (0.0s)&#xD;
When I encrypt 'file.txt' file as 'stream'&#xD;
-&gt; done: CryptoModuleSteps.WhenIEncryptFileAs("file.txt", "stream") (0.0s)&#xD;
Then Successfully decrypt an encrypted file with legacy code&#xD;
-&gt; done: CryptoModuleSteps.ThenSuccessfullyDecryptAnEncryptedFileWithLegacyCode() (0.0s)</StdOut>
      </Output>
    </UnitTestResult>
    <UnitTestResult executionId="0b8489e9-9e80-496d-89cb-72eb2b18754f" testId="0153fbb0-e5a5-84d4-df77-b92e47c48a9b" testName="CryptorIsAbleToProcessSampleFilesAsStream(&quot;acrh&quot;,&quot;pubnubenigma&quot;,&quot;-&quot;,&quot;file-cryptor-v1-acrh.txt&quot;,&quot;file.txt&quot;,null)" computerName="fv-az237-423" duration="00:00:00.0036290" startTime="2023-10-24T11:54:57.5114067+00:00" endTime="2023-10-24T11:54:57.5150359+00:00" testType="13cdc9d9-ddb5-4fa4-a97d-d965ccfc6d4b" outcome="Passed" testListId="8c84fa94-04c1-424b-9868-57a2d4851a1d" relativeResultsDirectory="0b8489e9-9e80-496d-89cb-72eb2b18754f">
      <Output>
        <StdOut>Given Crypto module with 'acrh' cryptor&#xD;
-&gt; done: CryptoModuleSteps.GivenCryptoModuleWithCryptor("acrh") (0.0s)&#xD;
* with 'pubnubenigma' cipher key&#xD;
-&gt; done: CryptoModuleSteps.GivenWithCipherKey("pubnubenigma") (0.0s)&#xD;
* with '-' vector&#xD;
-&gt; done: CryptoModuleSteps.GivenWithVector("-") (0.0s)&#xD;
When I decrypt 'file-cryptor-v1-acrh.txt' file as 'stream'&#xD;
-&gt; done: CryptoModuleSteps.WhenIDecryptFileAs("file-cryptor-v1-a...", "stream") (0.0s)&#xD;
Then Decrypted file content equal to the 'file.txt' file content&#xD;
-&gt; done: CryptoModuleSteps.ThenDecryptedFileContentEqualToTheFileContent("file.txt") (0.0s)</StdOut>
      </Output>
    </UnitTestResult>
    <UnitTestResult executionId="2f557a50-7521-4abf-ad67-5a03dcd2212b" testId="6af2fe2f-9fc6-6af1-e346-da11b3a31319" testName="EmptyDataDecryptionShouldFail(&quot;acrh&quot;,&quot;pubnubenigma&quot;,&quot;-&quot;,&quot;empty-file-cryptor-v1-acrh.txt&quot;,null)" computerName="fv-az237-423" duration="00:00:00.0030209" startTime="2023-10-24T11:54:57.5668952+00:00" endTime="2023-10-24T11:54:57.5699168+00:00" testType="13cdc9d9-ddb5-4fa4-a97d-d965ccfc6d4b" outcome="Passed" testListId="8c84fa94-04c1-424b-9868-57a2d4851a1d" relativeResultsDirectory="2f557a50-7521-4abf-ad67-5a03dcd2212b">
      <Output>
        <StdOut>Given Crypto module with 'acrh' cryptor&#xD;
-&gt; done: CryptoModuleSteps.GivenCryptoModuleWithCryptor("acrh") (0.0s)&#xD;
* with 'pubnubenigma' cipher key&#xD;
-&gt; done: CryptoModuleSteps.GivenWithCipherKey("pubnubenigma") (0.0s)&#xD;
* with '-' vector&#xD;
-&gt; done: CryptoModuleSteps.GivenWithVector("-") (0.0s)&#xD;
When I decrypt 'empty-file-cryptor-v1-acrh.txt' file as 'binary'&#xD;
-&gt; done: CryptoModuleSteps.WhenIDecryptFileAs("empty-file-crypto...", "binary") (0.0s)&#xD;
Then I receive 'decryption error'&#xD;
-&gt; done: CryptoModuleSteps.ThenIReceive("decryption error") (0.0s)</StdOut>
      </Output>
    </UnitTestResult>
    <UnitTestResult executionId="b51343c9-526a-4fe1-83fb-5ff2ef0a51d6" testId="17537441-5c46-b29c-7a15-7f733fa6a240" testName="AttemptToGrantAnAccessTokenWhenTtlProvidedExceedsTheMaxTtlConfiguredUseDefaultMax43200ForTheTest" computerName="fv-az237-423" duration="00:00:00.1570650" startTime="2023-10-24T11:54:57.7669873+00:00" endTime="2023-10-24T11:54:57.9240535+00:00" testType="13cdc9d9-ddb5-4fa4-a97d-d965ccfc6d4b" outcome="Passed" testListId="8c84fa94-04c1-424b-9868-57a2d4851a1d" relativeResultsDirectory="b51343c9-526a-4fe1-83fb-5ff2ef0a51d6">
      <Output>
        <StdOut>Given I have a keyset with access manager enabled&#xD;
-&gt; done: FeatureAccessSteps.GivenIHaveAKeysetWithAccessManagerEnabled() (0.0s)&#xD;
Given the TTL 43201&#xD;
-&gt; done: FeatureAccessSteps.GivenTheTTL(43201) (0.0s)&#xD;
Given the 'channel-1' CHANNEL resource access permissions&#xD;
-&gt; done: FeatureAccessSteps.GivenTheCHANNELResourceAccessPermissions("channel-1") (0.0s)&#xD;
* grant resource permission READ&#xD;
-&gt; done: FeatureAccessSteps.GivenGrantResourcePermissionREAD() (0.0s)&#xD;
When I attempt to grant a token specifying those permissions&#xD;
-&gt; done: FeatureAccessSteps.WhenIAttemptToGrantATokenSpecifyingThosePermissions() (0.1s)&#xD;
Then an error is returned&#xD;
-&gt; done: FeatureAccessSteps.ThenAnErrorIsReturned() (0.0s)&#xD;
* the error status code is 400&#xD;
-&gt; done: FeatureAccessSteps.ThenTheErrorStatusCodeIs(400) (0.0s)&#xD;
* the error message is 'Invalid ttl'&#xD;
-&gt; done: FeatureAccessSteps.ThenTheErrorMessageIs("Invalid ttl") (0.0s)&#xD;
* the error source is 'grant'&#xD;
-&gt; done: FeatureAccessSteps.ThenTheErrorSourceIs("grant") (0.0s)&#xD;
* the error detail message is 'Range should be 1 to 43200 minute(s).'&#xD;
-&gt; done: FeatureAccessSteps.ThenTheErrorDetailMessageIs("Range should be 1...") (0.0s)&#xD;
* the error detail location is 'ttl'&#xD;
-&gt; done: FeatureAccessSteps.ThenTheErrorDetailLocationIs("ttl") (0.0s)&#xD;
* the error detail location type is 'body'&#xD;
-&gt; done: FeatureAccessSteps.ThenTheErrorDetailLocationTypeIs("body") (0.0s)</StdOut>
      </Output>
    </UnitTestResult>
    <UnitTestResult executionId="d245523b-3dd8-43cf-86c3-abfb4379f4ce" testId="85374129-b31e-6699-e3e3-35edfbf2f310" testName="GrantAnAccessTokenWithAllPermissionsOnAllResourceTypesWithAuthorizedUuid" computerName="fv-az237-423" duration="00:00:00.1218430" startTime="2023-10-24T11:54:58.1719776+00:00" endTime="2023-10-24T11:54:58.2938220+00:00" testType="13cdc9d9-ddb5-4fa4-a97d-d965ccfc6d4b" outcome="Passed" testListId="8c84fa94-04c1-424b-9868-57a2d4851a1d" relativeResultsDirectory="d245523b-3dd8-43cf-86c3-abfb4379f4ce">
      <Output>
        <StdOut>Given I have a keyset with access manager enabled&#xD;
-&gt; done: FeatureAccessSteps.GivenIHaveAKeysetWithAccessManagerEnabled() (0.0s)&#xD;
Given the authorized UUID "test-authorized-uuid"&#xD;
-&gt; done: FeatureAccessSteps.GivenTheAuthorizedUUID("test-authorized-uuid") (0.0s)&#xD;
Given the TTL 60&#xD;
-&gt; done: FeatureAccessSteps.GivenTheTTL(60) (0.0s)&#xD;
Given the 'channel-1' CHANNEL resource access permissions&#xD;
-&gt; done: FeatureAccessSteps.GivenTheCHANNELResourceAccessPermissions("channel-1") (0.0s)&#xD;
* grant resource permission READ&#xD;
-&gt; done: FeatureAccessSteps.GivenGrantResourcePermissionREAD() (0.0s)&#xD;
* grant resource permission WRITE&#xD;
-&gt; done: FeatureAccessSteps.GivenGrantResourcePermissionWRITE() (0.0s)&#xD;
* grant resource permission GET&#xD;
-&gt; done: FeatureAccessSteps.GivenGrantResourcePermissionGET() (0.0s)&#xD;
* grant resource permission MANAGE&#xD;
-&gt; done: FeatureAccessSteps.GivenGrantResourcePermissionMANAGE() (0.0s)&#xD;
* grant resource permission UPDATE&#xD;
-&gt; done: FeatureAccessSteps.GivenGrantResourcePermissionUPDATE() (0.0s)&#xD;
* grant resource permission JOIN&#xD;
-&gt; done: FeatureAccessSteps.GivenGrantResourcePermissionJOIN() (0.0s)&#xD;
* grant resource permission DELETE&#xD;
-&gt; done: FeatureAccessSteps.GivenGrantResourcePermissionDELETE() (0.0s)&#xD;
Given the 'channel_group-1' CHANNEL_GROUP resource access permissions&#xD;
-&gt; done: FeatureAccessSteps.GivenTheCHANNEL_GROUPResourceAccessPermissions("channel_group-1") (0.0s)&#xD;
* grant resource permission READ&#xD;
-&gt; done: FeatureAccessSteps.GivenGrantResourcePermissionREAD() (0.0s)&#xD;
* grant resource permission MANAGE&#xD;
-&gt; done: FeatureAccessSteps.GivenGrantResourcePermissionMANAGE() (0.0s)&#xD;
Given the 'uuid-1' UUID resource access permissions&#xD;
-&gt; done: FeatureAccessSteps.GivenTheUUIDResourceAccessPermissions("uuid-1") (0.0s)&#xD;
* grant resource permission GET&#xD;
-&gt; done: FeatureAccessSteps.GivenGrantResourcePermissionGET() (0.0s)&#xD;
* grant resource permission UPDATE&#xD;
-&gt; done: FeatureAccessSteps.GivenGrantResourcePermissionUPDATE() (0.0s)&#xD;
* grant resource permission DELETE&#xD;
-&gt; done: FeatureAccessSteps.GivenGrantResourcePermissionDELETE() (0.0s)&#xD;
Given the '^channel-\S*$' CHANNEL pattern access permissions&#xD;
-&gt; done: FeatureAccessSteps.GivenTheCHANNELPatternAccessPermissions("^channel-\S*$") (0.0s)&#xD;
* grant pattern permission READ&#xD;
-&gt; done: FeatureAccessSteps.GivenGrantPatternPermissionREAD() (0.0s)&#xD;
* grant pattern permission WRITE&#xD;
-&gt; done: FeatureAccessSteps.GivenGrantPatternPermissionWRITE() (0.0s)&#xD;
* grant pattern permission GET&#xD;
-&gt; done: FeatureAccessSteps.GivenGrantPatternPermissionGET() (0.0s)&#xD;
* grant pattern permission MANAGE&#xD;
-&gt; done: FeatureAccessSteps.GivenGrantPatternPermissionMANAGE() (0.0s)&#xD;
* grant pattern permission UPDATE&#xD;
-&gt; done: FeatureAccessSteps.GivenGrantPatternPermissionUPDATE() (0.0s)&#xD;
* grant pattern permission JOIN&#xD;
-&gt; done: FeatureAccessSteps.GivenGrantPatternPermissionJOIN() (0.0s)&#xD;
* grant pattern permission DELETE&#xD;
-&gt; done: FeatureAccessSteps.GivenGrantPatternPermissionDELETE() (0.0s)&#xD;
Given the '^:channel_group-\S*$' CHANNEL_GROUP pattern access permissions&#xD;
-&gt; done: FeatureAccessSteps.GivenTheCHANNEL_GROUPPatternAccessPermissions("^:channel_group-\S*$") (0.0s)&#xD;
* grant pattern permission READ&#xD;
-&gt; done: FeatureAccessSteps.GivenGrantPatternPermissionREAD() (0.0s)&#xD;
* grant pattern permission MANAGE&#xD;
-&gt; done: FeatureAccessSteps.GivenGrantPatternPermissionMANAGE() (0.0s)&#xD;
Given the '^uuid-\S*$' UUID pattern access permissions&#xD;
-&gt; done: FeatureAccessSteps.GivenTheUUIDPatternAccessPermissions("^uuid-\S*$") (0.0s)&#xD;
* grant pattern permission GET&#xD;
-&gt; done: FeatureAccessSteps.GivenGrantPatternPermissionGET() (0.0s)&#xD;
* grant pattern permission UPDATE&#xD;
-&gt; done: FeatureAccessSteps.GivenGrantPatternPermissionUPDATE() (0.0s)&#xD;
* grant pattern permission DELETE&#xD;
-&gt; done: FeatureAccessSteps.GivenGrantPatternPermissionDELETE() (0.0s)&#xD;
When I grant a token specifying those permissions&#xD;
-&gt; done: FeatureAccessSteps.WhenIGrantATokenSpecifyingThosePermissions() (0.0s)&#xD;
Then the token contains the authorized UUID "test-authorized-uuid"&#xD;
-&gt; done: FeatureAccessSteps.ThenTheTokenContainsTheAuthorizedUUID("test-authorized-uuid") (0.0s)&#xD;
Then the token contains the TTL 60&#xD;
-&gt; done: FeatureAccessSteps.ThenTheTokenContainsTheTTL(60) (0.0s)&#xD;
Then the token has 'channel-1' CHANNEL resource access permissions&#xD;
-&gt; done: FeatureAccessSteps.ThenTheTokenHasCHANNELResourceAccessPermissions("channel-1") (0.0s)&#xD;
* token resource permission READ&#xD;
-&gt; done: FeatureAccessSteps.ThenTokenResourcePermissionREAD() (0.0s)&#xD;
* token resource permission WRITE&#xD;
-&gt; done: FeatureAccessSteps.ThenTokenResourcePermissionWRITE() (0.0s)&#xD;
* token resource permission GET&#xD;
-&gt; done: FeatureAccessSteps.ThenTokenResourcePermissionGET() (0.0s)&#xD;
* token resource permission MANAGE&#xD;
-&gt; done: FeatureAccessSteps.ThenTokenResourcePermissionMANAGE() (0.0s)&#xD;
* token resource permission UPDATE&#xD;
-&gt; done: FeatureAccessSteps.ThenTokenResourcePermissionUPDATE() (0.0s)&#xD;
* token resource permission JOIN&#xD;
-&gt; done: FeatureAccessSteps.ThenTokenResourcePermissionJOIN() (0.0s)&#xD;
* token resource permission DELETE&#xD;
-&gt; done: FeatureAccessSteps.ThenTokenResourcePermissionDELETE() (0.0s)&#xD;
Then the token has 'channel_group-1' CHANNEL_GROUP resource access permissions&#xD;
-&gt; done: FeatureAccessSteps.ThenTheTokenHasCHANNEL_GROUPResourceAccessPermissions("channel_group-1") (0.0s)&#xD;
* token resource permission READ&#xD;
-&gt; done: FeatureAccessSteps.ThenTokenResourcePermissionREAD() (0.0s)&#xD;
* token resource permission MANAGE&#xD;
-&gt; done: FeatureAccessSteps.ThenTokenResourcePermissionMANAGE() (0.0s)&#xD;
Then the token has 'uuid-1' UUID resource access permissions&#xD;
-&gt; done: FeatureAccessSteps.ThenTheTokenHasUUIDResourceAccessPermissions("uuid-1") (0.0s)&#xD;
* token resource permission GET&#xD;
-&gt; done: FeatureAccessSteps.ThenTokenResourcePermissionGET() (0.0s)&#xD;
* token resource permission UPDATE&#xD;
-&gt; done: FeatureAccessSteps.ThenTokenResourcePermissionUPDATE() (0.0s)&#xD;
* token resource permission DELETE&#xD;
-&gt; done: FeatureAccessSteps.ThenTokenResourcePermissionDELETE() (0.0s)&#xD;
Then the token has '^channel-\S*$' CHANNEL pattern access permissions&#xD;
-&gt; done: FeatureAccessSteps.ThenTheTokenHasCHANNELPatternAccessPermissions("^channel-\S*$") (0.0s)&#xD;
* token pattern permission READ&#xD;
-&gt; done: FeatureAccessSteps.ThenTokenPatternPermissionREAD() (0.0s)&#xD;
* token pattern permission WRITE&#xD;
-&gt; done: FeatureAccessSteps.ThenTokenPatternPermissionWRITE() (0.0s)&#xD;
* token pattern permission GET&#xD;
-&gt; done: FeatureAccessSteps.ThenTokenPatternPermissionGET() (0.0s)&#xD;
* token pattern permission MANAGE&#xD;
-&gt; done: FeatureAccessSteps.ThenTokenPatternPermissionMANAGE() (0.0s)&#xD;
* token pattern permission UPDATE&#xD;
-&gt; done: FeatureAccessSteps.ThenTokenPatternPermissionUPDATE() (0.0s)&#xD;
* token pattern permission JOIN&#xD;
-&gt; done: FeatureAccessSteps.ThenTokenPatternPermissionJOIN() (0.0s)&#xD;
* token pattern permission DELETE&#xD;
-&gt; done: FeatureAccessSteps.ThenTokenPatternPermissionDELETE() (0.0s)&#xD;
Then the token has '^:channel_group-\S*$' CHANNEL_GROUP pattern access permissions&#xD;
-&gt; done: FeatureAccessSteps.ThenTheTokenHasCHANNEL_GROUPPatternAccessPermissions("^:channel_group-\S*$") (0.0s)&#xD;
* token pattern permission READ&#xD;
-&gt; done: FeatureAccessSteps.ThenTokenPatternPermissionREAD() (0.0s)&#xD;
* token pattern permission MANAGE&#xD;
-&gt; done: FeatureAccessSteps.ThenTokenPatternPermissionMANAGE() (0.0s)&#xD;
Then the token has '^uuid-\S*$' UUID pattern access permissions&#xD;
-&gt; done: FeatureAccessSteps.ThenTheTokenHasUUIDPatternAccessPermissions("^uuid-\S*$") (0.0s)&#xD;
* token pattern permission GET&#xD;
-&gt; done: FeatureAccessSteps.ThenTokenPatternPermissionGET() (0.0s)&#xD;
* token pattern permission UPDATE&#xD;
-&gt; done: FeatureAccessSteps.ThenTokenPatternPermissionUPDATE() (0.0s)&#xD;
* token pattern permission DELETE&#xD;
-&gt; done: FeatureAccessSteps.ThenTokenPatternPermissionDELETE() (0.0s)</StdOut>
      </Output>
    </UnitTestResult>
    <UnitTestResult executionId="698ba7dc-91fe-445b-9a8b-07d6d51a1c35" testId="84e090d8-441a-8861-c4e5-70620525fefd" testName="CryptorIsAbleToProcessSampleFilesAsBinary(&quot;legacy&quot;,&quot;pubnubenigma&quot;,&quot;random&quot;,&quot;file-legacy-riv.jpg&quot;,&quot;file.jpg&quot;,null)" computerName="fv-az237-423" duration="00:00:00.0126470" startTime="2023-10-24T11:54:57.4004356+00:00" endTime="2023-10-24T11:54:57.4130833+00:00" testType="13cdc9d9-ddb5-4fa4-a97d-d965ccfc6d4b" outcome="Passed" testListId="8c84fa94-04c1-424b-9868-57a2d4851a1d" relativeResultsDirectory="698ba7dc-91fe-445b-9a8b-07d6d51a1c35">
      <Output>
        <StdOut>Given Crypto module with 'legacy' cryptor&#xD;
-&gt; done: CryptoModuleSteps.GivenCryptoModuleWithCryptor("legacy") (0.0s)&#xD;
* with 'pubnubenigma' cipher key&#xD;
-&gt; done: CryptoModuleSteps.GivenWithCipherKey("pubnubenigma") (0.0s)&#xD;
* with 'random' vector&#xD;
-&gt; done: CryptoModuleSteps.GivenWithVector("random") (0.0s)&#xD;
When I decrypt 'file-legacy-riv.jpg' file as 'binary'&#xD;
-&gt; done: CryptoModuleSteps.WhenIDecryptFileAs("file-legacy-riv.jpg", "binary") (0.0s)&#xD;
Then Decrypted file content equal to the 'file.jpg' file content&#xD;
-&gt; done: CryptoModuleSteps.ThenDecryptedFileContentEqualToTheFileContent("file.jpg") (0.0s)</StdOut>
      </Output>
    </UnitTestResult>
    <UnitTestResult executionId="20a98c2e-044f-4c17-be03-c165528cc45b" testId="78605226-9a65-4701-5dbe-74fd1152b767" testName="GetAUUIDWithCustomMetadataIdStoredInConfig" computerName="fv-az237-423" duration="00:00:00.0212930" startTime="2023-10-24T11:54:59.3865924+00:00" endTime="2023-10-24T11:54:59.4078860+00:00" testType="13cdc9d9-ddb5-4fa4-a97d-d965ccfc6d4b" outcome="Passed" testListId="8c84fa94-04c1-424b-9868-57a2d4851a1d" relativeResultsDirectory="20a98c2e-044f-4c17-be03-c165528cc45b">
      <Output>
        <StdOut>Given I have a keyset with Objects V2 enabled&#xD;
-&gt; done: FeatureObjectsV2MetadataSteps.GivenIHaveAKeysetWithObjectsVEnabled(2) (0.0s)&#xD;
Given current user is 'Bob' persona&#xD;
-&gt; done: FeatureObjectsV2MetadataSteps.GivenCurrentUserIsPersona("Bob") (0.0s)&#xD;
When I get the UUID metadata with custom for current user&#xD;
-&gt; done: FeatureObjectsV2MetadataSteps.WhenIGetTheUUIDMetadataWithCustomForCurrentUser() (0.0s)&#xD;
Then I receive a successful response&#xD;
-&gt; done: FeatureObjectsV2MetadataSteps.ThenIReceiveASuccessfulResponse() (0.0s)&#xD;
And the UUID metadata for 'Bob' persona&#xD;
-&gt; done: FeatureObjectsV2MetadataSteps.ThenTheUUIDMetadataForPersona("Bob") (0.0s)</StdOut>
      </Output>
    </UnitTestResult>
    <UnitTestResult executionId="2aa0961d-fff8-419d-a417-11155b2de25f" testId="9e948d14-1697-7020-7d46-e7d0ab1a839a" testName="RevokeExistingValidToken" computerName="fv-az237-423" duration="00:00:00.0123070" startTime="2023-10-24T11:54:59.5119834+00:00" endTime="2023-10-24T11:54:59.5242903+00:00" testType="13cdc9d9-ddb5-4fa4-a97d-d965ccfc6d4b" outcome="Passed" testListId="8c84fa94-04c1-424b-9868-57a2d4851a1d" relativeResultsDirectory="2aa0961d-fff8-419d-a417-11155b2de25f">
      <Output>
        <StdOut>Given I have a keyset with access manager enabled&#xD;
-&gt; done: FeatureAccessSteps.GivenIHaveAKeysetWithAccessManagerEnabled() (0.0s)&#xD;
Given a token&#xD;
-&gt; done: FeatureAccessSteps.GivenAToken() (0.0s)&#xD;
When I revoke a token&#xD;
-&gt; done: FeatureAccessSteps.WhenIRevokeAToken() (0.0s)&#xD;
Then I get confirmation that token has been revoked&#xD;
-&gt; done: FeatureAccessSteps.ThenIGetConfirmationThatTokenHasBeenRevoked() (0.0s)</StdOut>
      </Output>
    </UnitTestResult>
    <UnitTestResult executionId="e2531ecf-56d6-402f-b41d-905db3747315" testId="7acf7525-aaca-a5f2-7032-491d9caf1cf8" testName="GetMembershipsForUUIDWithCustomAndChannelCustom" computerName="fv-az237-423" duration="00:00:00.0346670" startTime="2023-10-24T11:54:59.1043065+00:00" endTime="2023-10-24T11:54:59.1389743+00:00" testType="13cdc9d9-ddb5-4fa4-a97d-d965ccfc6d4b" outcome="Passed" testListId="8c84fa94-04c1-424b-9868-57a2d4851a1d" relativeResultsDirectory="e2531ecf-56d6-402f-b41d-905db3747315">
      <Output>
        <StdOut>Given I have a keyset with Objects V2 enabled&#xD;
-&gt; done: FeatureObjectsV2MetadataSteps.GivenIHaveAKeysetWithObjectsVEnabled(2) (0.0s)&#xD;
Given the id for 'Bob' persona&#xD;
-&gt; done: FeatureObjectsV2MetadataSteps.GivenTheIdForPersona("Bob") (0.0s)&#xD;
When I get the memberships including custom and channel custom information&#xD;
-&gt; done: FeatureObjectsV2MetadataSteps.WhenIGetTheMembershipsIncludingCustomAndChannelCustomInformation() (0.0s)&#xD;
Then I receive a successful response&#xD;
-&gt; done: FeatureObjectsV2MetadataSteps.ThenIReceiveASuccessfulResponse() (0.0s)&#xD;
And the response contains list with 'VipChatMembership' and 'DMMembership' memberships&#xD;
-&gt; done: FeatureObjectsV2MetadataSteps.ThenTheResponseContainsListWithAndMemberships("VipChatMembership", "DMMembership") (0.0s)</StdOut>
      </Output>
    </UnitTestResult>
    <UnitTestResult executionId="696e6cc5-7a5a-4d16-933c-47a2b1697619" testId="f8d35157-2900-b4b5-1a17-900588c884a9" testName="CryptorIsAbleToProcessSampleFilesAsBinary(&quot;acrh&quot;,&quot;pubnubenigma&quot;,&quot;-&quot;,&quot;file-cryptor-v1-acrh.txt&quot;,&quot;file.txt&quot;,null)" computerName="fv-az237-423" duration="00:00:00.0034440" startTime="2023-10-24T11:54:57.4551202+00:00" endTime="2023-10-24T11:54:57.4585644+00:00" testType="13cdc9d9-ddb5-4fa4-a97d-d965ccfc6d4b" outcome="Passed" testListId="8c84fa94-04c1-424b-9868-57a2d4851a1d" relativeResultsDirectory="696e6cc5-7a5a-4d16-933c-47a2b1697619">
      <Output>
        <StdOut>Given Crypto module with 'acrh' cryptor&#xD;
-&gt; done: CryptoModuleSteps.GivenCryptoModuleWithCryptor("acrh") (0.0s)&#xD;
* with 'pubnubenigma' cipher key&#xD;
-&gt; done: CryptoModuleSteps.GivenWithCipherKey("pubnubenigma") (0.0s)&#xD;
* with '-' vector&#xD;
-&gt; done: CryptoModuleSteps.GivenWithVector("-") (0.0s)&#xD;
When I decrypt 'file-cryptor-v1-acrh.txt' file as 'binary'&#xD;
-&gt; done: CryptoModuleSteps.WhenIDecryptFileAs("file-cryptor-v1-a...", "binary") (0.0s)&#xD;
Then Decrypted file content equal to the 'file.txt' file content&#xD;
-&gt; done: CryptoModuleSteps.ThenDecryptedFileContentEqualToTheFileContent("file.txt") (0.0s)</StdOut>
      </Output>
    </UnitTestResult>
    <UnitTestResult executionId="0f41acf2-9378-40fb-9cd5-2bf3a295d335" testId="9d9c0b4d-df8d-d917-f4fe-624101bd0d52" testName="EmptyDataDecryptionShouldFail(&quot;acrh&quot;,&quot;pubnubenigma&quot;,&quot;-&quot;,&quot;empty-file.txt&quot;,null)" computerName="fv-az237-423" duration="00:00:00.0041729" startTime="2023-10-24T11:54:57.5576456+00:00" endTime="2023-10-24T11:54:57.5618188+00:00" testType="13cdc9d9-ddb5-4fa4-a97d-d965ccfc6d4b" outcome="Passed" testListId="8c84fa94-04c1-424b-9868-57a2d4851a1d" relativeResultsDirectory="0f41acf2-9378-40fb-9cd5-2bf3a295d335">
      <Output>
        <StdOut>Given Crypto module with 'acrh' cryptor&#xD;
-&gt; done: CryptoModuleSteps.GivenCryptoModuleWithCryptor("acrh") (0.0s)&#xD;
* with 'pubnubenigma' cipher key&#xD;
-&gt; done: CryptoModuleSteps.GivenWithCipherKey("pubnubenigma") (0.0s)&#xD;
* with '-' vector&#xD;
-&gt; done: CryptoModuleSteps.GivenWithVector("-") (0.0s)&#xD;
When I decrypt 'empty-file.txt' file as 'binary'&#xD;
-&gt; done: CryptoModuleSteps.WhenIDecryptFileAs("empty-file.txt", "binary") (0.0s)&#xD;
Then I receive 'decryption error'&#xD;
-&gt; done: CryptoModuleSteps.ThenIReceive("decryption error") (0.0s)</StdOut>
      </Output>
    </UnitTestResult>
    <UnitTestResult executionId="93b58995-3ad7-4438-80b5-4eff0fb69df7" testId="0f851786-a6db-a75b-11ec-b9549b68d0b8" testName="EmptyDataDecryptionShouldFail(&quot;legacy&quot;,&quot;pubnubenigma&quot;,&quot;random&quot;,&quot;empty-file-cryptor-legacy-riv.txt&quot;,null)" computerName="fv-az237-423" duration="00:00:00.0032230" startTime="2023-10-24T11:54:57.5626440+00:00" endTime="2023-10-24T11:54:57.5658674+00:00" testType="13cdc9d9-ddb5-4fa4-a97d-d965ccfc6d4b" outcome="Passed" testListId="8c84fa94-04c1-424b-9868-57a2d4851a1d" relativeResultsDirectory="93b58995-3ad7-4438-80b5-4eff0fb69df7">
      <Output>
        <StdOut>Given Crypto module with 'legacy' cryptor&#xD;
-&gt; done: CryptoModuleSteps.GivenCryptoModuleWithCryptor("legacy") (0.0s)&#xD;
* with 'pubnubenigma' cipher key&#xD;
-&gt; done: CryptoModuleSteps.GivenWithCipherKey("pubnubenigma") (0.0s)&#xD;
* with 'random' vector&#xD;
-&gt; done: CryptoModuleSteps.GivenWithVector("random") (0.0s)&#xD;
When I decrypt 'empty-file-cryptor-legacy-riv.txt' file as 'binary'&#xD;
-&gt; done: CryptoModuleSteps.WhenIDecryptFileAs("empty-file-crypto...", "binary") (0.0s)&#xD;
Then I receive 'decryption error'&#xD;
-&gt; done: CryptoModuleSteps.ThenIReceive("decryption error") (0.0s)</StdOut>
      </Output>
    </UnitTestResult>
    <UnitTestResult executionId="f7924b20-0556-4d0f-9372-26e786ceed99" testId="02e294ba-02db-f21e-dc59-8e7c9444841f" testName="EmptyDataEncryptionShouldFail(&quot;legacy&quot;,&quot;pubnubenigma&quot;,&quot;constant&quot;,null)" computerName="fv-az237-423" duration="00:00:00.0039980" startTime="2023-10-24T11:54:57.5707759+00:00" endTime="2023-10-24T11:54:57.5747744+00:00" testType="13cdc9d9-ddb5-4fa4-a97d-d965ccfc6d4b" outcome="Passed" testListId="8c84fa94-04c1-424b-9868-57a2d4851a1d" relativeResultsDirectory="f7924b20-0556-4d0f-9372-26e786ceed99">
      <Output>
        <StdOut>Given Crypto module with 'legacy' cryptor&#xD;
-&gt; done: CryptoModuleSteps.GivenCryptoModuleWithCryptor("legacy") (0.0s)&#xD;
* with 'pubnubenigma' cipher key&#xD;
-&gt; done: CryptoModuleSteps.GivenWithCipherKey("pubnubenigma") (0.0s)&#xD;
* with 'constant' vector&#xD;
-&gt; done: CryptoModuleSteps.GivenWithVector("constant") (0.0s)&#xD;
When I encrypt 'empty-file.txt' file as 'binary'&#xD;
-&gt; done: CryptoModuleSteps.WhenIEncryptFileAs("empty-file.txt", "binary") (0.0s)&#xD;
Then I receive 'encryption error'&#xD;
-&gt; done: CryptoModuleSteps.ThenIReceive("encryption error") (0.0s)</StdOut>
      </Output>
    </UnitTestResult>
    <UnitTestResult executionId="22d9a78f-7e36-4dda-8a17-63048e1ff7ac" testId="9d2b950d-d4be-de51-1cfb-07073f6d6e13" testName="CryptorIsAbleToProcessSampleFilesAsStream(&quot;legacy&quot;,&quot;pubnubenigma&quot;,&quot;random&quot;,&quot;file-legacy-riv.txt&quot;,&quot;file.txt&quot;,null)" computerName="fv-az237-423" duration="00:00:00.0044550" startTime="2023-10-24T11:54:57.4883415+00:00" endTime="2023-10-24T11:54:57.4927968+00:00" testType="13cdc9d9-ddb5-4fa4-a97d-d965ccfc6d4b" outcome="Passed" testListId="8c84fa94-04c1-424b-9868-57a2d4851a1d" relativeResultsDirectory="22d9a78f-7e36-4dda-8a17-63048e1ff7ac">
      <Output>
        <StdOut>Given Crypto module with 'legacy' cryptor&#xD;
-&gt; done: CryptoModuleSteps.GivenCryptoModuleWithCryptor("legacy") (0.0s)&#xD;
* with 'pubnubenigma' cipher key&#xD;
-&gt; done: CryptoModuleSteps.GivenWithCipherKey("pubnubenigma") (0.0s)&#xD;
* with 'random' vector&#xD;
-&gt; done: CryptoModuleSteps.GivenWithVector("random") (0.0s)&#xD;
When I decrypt 'file-legacy-riv.txt' file as 'stream'&#xD;
-&gt; done: CryptoModuleSteps.WhenIDecryptFileAs("file-legacy-riv.txt", "stream") (0.0s)&#xD;
Then Decrypted file content equal to the 'file.txt' file content&#xD;
-&gt; done: CryptoModuleSteps.ThenDecryptedFileContentEqualToTheFileContent("file.txt") (0.0s)</StdOut>
      </Output>
    </UnitTestResult>
    <UnitTestResult executionId="8870213f-2095-445c-b6b3-43f565d370aa" testId="4401ff2d-c38b-51a8-f6b5-791f859c7098" testName="GetAChannelMetadataForId" computerName="fv-az237-423" duration="00:00:00.0681940" startTime="2023-10-24T11:54:58.3485301+00:00" endTime="2023-10-24T11:54:58.4167251+00:00" testType="13cdc9d9-ddb5-4fa4-a97d-d965ccfc6d4b" outcome="Passed" testListId="8c84fa94-04c1-424b-9868-57a2d4851a1d" relativeResultsDirectory="8870213f-2095-445c-b6b3-43f565d370aa">
      <Output>
        <StdOut>Given I have a keyset with Objects V2 enabled&#xD;
-&gt; done: FeatureObjectsV2MetadataSteps.GivenIHaveAKeysetWithObjectsVEnabled(2) (0.0s)&#xD;
Given the id for 'Chat' channel&#xD;
-&gt; done: FeatureObjectsV2MetadataSteps.GivenTheIdForChannel("Chat") (0.0s)&#xD;
When I get the channel metadata&#xD;
-&gt; done: FeatureObjectsV2MetadataSteps.WhenIGetTheChannelMetadata() (0.0s)&#xD;
Then I receive a successful response&#xD;
-&gt; done: FeatureObjectsV2MetadataSteps.ThenIReceiveASuccessfulResponse() (0.0s)&#xD;
And the channel metadata for 'Chat' channel&#xD;
-&gt; done: FeatureObjectsV2MetadataSteps.ThenTheChannelMetadataForChannel("Chat") (0.0s)</StdOut>
      </Output>
    </UnitTestResult>
    <UnitTestResult executionId="b0716077-9c59-4646-9dc0-306b14207cc4" testId="71353074-59f3-561d-2fde-c864cf9dfcb6" testName="CryptorIsAbleToProcessSampleFilesAsBinary(&quot;acrh&quot;,&quot;pubnubenigma&quot;,&quot;-&quot;,&quot;file-cryptor-v1-acrh.jpg&quot;,&quot;file.jpg&quot;,null)" computerName="fv-az237-423" duration="00:00:00.0175170" startTime="2023-10-24T11:54:57.4318357+00:00" endTime="2023-10-24T11:54:57.4493532+00:00" testType="13cdc9d9-ddb5-4fa4-a97d-d965ccfc6d4b" outcome="Passed" testListId="8c84fa94-04c1-424b-9868-57a2d4851a1d" relativeResultsDirectory="b0716077-9c59-4646-9dc0-306b14207cc4">
      <Output>
        <StdOut>Given Crypto module with 'acrh' cryptor&#xD;
-&gt; done: CryptoModuleSteps.GivenCryptoModuleWithCryptor("acrh") (0.0s)&#xD;
* with 'pubnubenigma' cipher key&#xD;
-&gt; done: CryptoModuleSteps.GivenWithCipherKey("pubnubenigma") (0.0s)&#xD;
* with '-' vector&#xD;
-&gt; done: CryptoModuleSteps.GivenWithVector("-") (0.0s)&#xD;
When I decrypt 'file-cryptor-v1-acrh.jpg' file as 'binary'&#xD;
-&gt; done: CryptoModuleSteps.WhenIDecryptFileAs("file-cryptor-v1-a...", "binary") (0.0s)&#xD;
Then Decrypted file content equal to the 'file.jpg' file content&#xD;
-&gt; done: CryptoModuleSteps.ThenDecryptedFileContentEqualToTheFileContent("file.jpg") (0.0s)</StdOut>
      </Output>
    </UnitTestResult>
    <UnitTestResult executionId="22ebd6b0-0278-4d64-bf47-b7829306f5a7" testId="0c1a37b6-b16e-3d65-7b38-756d59a051b1" testName="GetAllChannelMetadata" computerName="fv-az237-423" duration="00:00:00.0309560" startTime="2023-10-24T11:54:58.4425948+00:00" endTime="2023-10-24T11:54:58.4735515+00:00" testType="13cdc9d9-ddb5-4fa4-a97d-d965ccfc6d4b" outcome="Passed" testListId="8c84fa94-04c1-424b-9868-57a2d4851a1d" relativeResultsDirectory="22ebd6b0-0278-4d64-bf47-b7829306f5a7">
      <Output>
        <StdOut>Given I have a keyset with Objects V2 enabled&#xD;
-&gt; done: FeatureObjectsV2MetadataSteps.GivenIHaveAKeysetWithObjectsVEnabled(2) (0.0s)&#xD;
When I get all channel metadata&#xD;
-&gt; done: FeatureObjectsV2MetadataSteps.WhenIGetAllChannelMetadata() (0.0s)&#xD;
Then I receive a successful response&#xD;
-&gt; done: FeatureObjectsV2MetadataSteps.ThenIReceiveASuccessfulResponse() (0.0s)&#xD;
And the response contains list with 'Chat' and 'Patient' channel metadata&#xD;
-&gt; done: FeatureObjectsV2MetadataSteps.ThenTheResponseContainsListWithAndChannelMetadata("Chat", "Patient") (0.0s)</StdOut>
      </Output>
    </UnitTestResult>
    <UnitTestResult executionId="b7e8f23a-4783-48c1-b4cd-28ad31e7ea05" testId="9ac60b24-db33-73cf-3bc9-bbcf0b66ab81" testName="DataEncryptedWithLegacyAES_CBCCryptorIsDecryptableWithLegacyImplementation(&quot;pubnubenigma&quot;,&quot;constant&quot;,&quot;file.txt&quot;,null)" computerName="fv-az237-423" duration="00:00:00.0036650" startTime="2023-10-24T11:54:57.5436891+00:00" endTime="2023-10-24T11:54:57.5473541+00:00" testType="13cdc9d9-ddb5-4fa4-a97d-d965ccfc6d4b" outcome="Passed" testListId="8c84fa94-04c1-424b-9868-57a2d4851a1d" relativeResultsDirectory="b7e8f23a-4783-48c1-b4cd-28ad31e7ea05">
      <Output>
        <StdOut>Given Crypto module with 'legacy' cryptor&#xD;
-&gt; done: CryptoModuleSteps.GivenCryptoModuleWithCryptor("legacy") (0.0s)&#xD;
* with 'pubnubenigma' cipher key&#xD;
-&gt; done: CryptoModuleSteps.GivenWithCipherKey("pubnubenigma") (0.0s)&#xD;
* with 'constant' vector&#xD;
-&gt; done: CryptoModuleSteps.GivenWithVector("constant") (0.0s)&#xD;
Given Legacy code with 'pubnubenigma' cipher key and 'constant' vector&#xD;
-&gt; done: CryptoModuleSteps.GivenLegacyCodeWithCipherKeyAndVector("pubnubenigma", "constant") (0.0s)&#xD;
When I encrypt 'file.txt' file as 'binary'&#xD;
-&gt; done: CryptoModuleSteps.WhenIEncryptFileAs("file.txt", "binary") (0.0s)&#xD;
Then Successfully decrypt an encrypted file with legacy code&#xD;
-&gt; done: CryptoModuleSteps.ThenSuccessfullyDecryptAnEncryptedFileWithLegacyCode() (0.0s)</StdOut>
      </Output>
    </UnitTestResult>
    <UnitTestResult executionId="82630781-2399-4fce-ae60-a717cf5313b5" testId="984e3d49-4d22-c80b-52c3-19191f62fda7" testName="EmptyStreamDataEncryptionShouldFail(&quot;acrh&quot;,&quot;pubnubenigma&quot;,&quot;-&quot;,null)" computerName="fv-az237-423" duration="00:00:00.0031710" startTime="2023-10-24T11:54:57.7379600+00:00" endTime="2023-10-24T11:54:57.7411319+00:00" testType="13cdc9d9-ddb5-4fa4-a97d-d965ccfc6d4b" outcome="Passed" testListId="8c84fa94-04c1-424b-9868-57a2d4851a1d" relativeResultsDirectory="82630781-2399-4fce-ae60-a717cf5313b5">
      <Output>
        <StdOut>Given Crypto module with 'acrh' cryptor&#xD;
-&gt; done: CryptoModuleSteps.GivenCryptoModuleWithCryptor("acrh") (0.0s)&#xD;
* with 'pubnubenigma' cipher key&#xD;
-&gt; done: CryptoModuleSteps.GivenWithCipherKey("pubnubenigma") (0.0s)&#xD;
* with '-' vector&#xD;
-&gt; done: CryptoModuleSteps.GivenWithVector("-") (0.0s)&#xD;
When I encrypt 'empty-file.txt' file as 'stream'&#xD;
-&gt; done: CryptoModuleSteps.WhenIEncryptFileAs("empty-file.txt", "stream") (0.0s)&#xD;
Then I receive 'encryption error'&#xD;
-&gt; done: CryptoModuleSteps.ThenIReceive("encryption error") (0.0s)</StdOut>
      </Output>
    </UnitTestResult>
    <UnitTestResult executionId="9eff826c-55d5-4d61-9879-48227bff3be0" testId="ed5af684-441e-e3d8-3bf2-a26f2fd3f117" testName="SetMemberForAChannel" computerName="fv-az237-423" duration="00:00:00.0249280" startTime="2023-10-24T11:54:58.6997996+00:00" endTime="2023-10-24T11:54:58.7247287+00:00" testType="13cdc9d9-ddb5-4fa4-a97d-d965ccfc6d4b" outcome="Passed" testListId="8c84fa94-04c1-424b-9868-57a2d4851a1d" relativeResultsDirectory="9eff826c-55d5-4d61-9879-48227bff3be0">
      <Output>
        <StdOut>Given I have a keyset with Objects V2 enabled&#xD;
-&gt; done: FeatureObjectsV2MetadataSteps.GivenIHaveAKeysetWithObjectsVEnabled(2) (0.0s)&#xD;
Given the data for 'AmeliaMember' member&#xD;
-&gt; done: FeatureObjectsV2MetadataSteps.GivenTheDataForMember("AmeliaMember") (0.0s)&#xD;
And the id for 'Chat' channel&#xD;
-&gt; done: FeatureObjectsV2MetadataSteps.GivenTheIdForChannel("Chat") (0.0s)&#xD;
When I set a channel member&#xD;
-&gt; done: FeatureObjectsV2MetadataSteps.WhenISetAChannelMember() (0.0s)&#xD;
Then I receive a successful response&#xD;
-&gt; done: FeatureObjectsV2MetadataSteps.ThenIReceiveASuccessfulResponse() (0.0s)&#xD;
And the response contains list with 'AmeliaMember' member&#xD;
-&gt; done: FeatureObjectsV2MetadataSteps.ThenTheResponseContainsListWithMember("AmeliaMember") (0.0s)</StdOut>
      </Output>
    </UnitTestResult>
    <UnitTestResult executionId="dc8c0078-012e-427a-89ed-2dc029be6bd1" testId="d717777f-cd83-a14f-a06e-85ad7a167630" testName="GetAUUIDMetadataForId" computerName="fv-az237-423" duration="00:00:00.0456040" startTime="2023-10-24T11:54:59.3403725+00:00" endTime="2023-10-24T11:54:59.3859777+00:00" testType="13cdc9d9-ddb5-4fa4-a97d-d965ccfc6d4b" outcome="Passed" testListId="8c84fa94-04c1-424b-9868-57a2d4851a1d" relativeResultsDirectory="dc8c0078-012e-427a-89ed-2dc029be6bd1">
      <Output>
        <StdOut>Given I have a keyset with Objects V2 enabled&#xD;
-&gt; done: FeatureObjectsV2MetadataSteps.GivenIHaveAKeysetWithObjectsVEnabled(2) (0.0s)&#xD;
Given the id for 'Alice' persona&#xD;
-&gt; done: FeatureObjectsV2MetadataSteps.GivenTheIdForPersona("Alice") (0.0s)&#xD;
When I get the UUID metadata&#xD;
-&gt; done: FeatureObjectsV2MetadataSteps.WhenIGetTheUUIDMetadata() (0.0s)&#xD;
Then I receive a successful response&#xD;
-&gt; done: FeatureObjectsV2MetadataSteps.ThenIReceiveASuccessfulResponse() (0.0s)&#xD;
And the UUID metadata for 'Alice' persona&#xD;
-&gt; done: FeatureObjectsV2MetadataSteps.ThenTheUUIDMetadataForPersona("Alice") (0.0s)</StdOut>
      </Output>
    </UnitTestResult>
    <UnitTestResult executionId="afef33d6-0554-42e5-9004-1fe76fcaa0d3" testId="10a87c1f-7e7a-0e53-402e-aefcc00a21da" testName="GetMembershipsForUUID" computerName="fv-az237-423" duration="00:00:00.2616319" startTime="2023-10-24T11:54:58.8418453+00:00" endTime="2023-10-24T11:54:59.1034803+00:00" testType="13cdc9d9-ddb5-4fa4-a97d-d965ccfc6d4b" outcome="Passed" testListId="8c84fa94-04c1-424b-9868-57a2d4851a1d" relativeResultsDirectory="afef33d6-0554-42e5-9004-1fe76fcaa0d3">
      <Output>
        <StdOut>Given I have a keyset with Objects V2 enabled&#xD;
-&gt; done: FeatureObjectsV2MetadataSteps.GivenIHaveAKeysetWithObjectsVEnabled(2) (0.0s)&#xD;
Given the id for 'Alice' persona&#xD;
-&gt; done: FeatureObjectsV2MetadataSteps.GivenTheIdForPersona("Alice") (0.0s)&#xD;
When I get the memberships&#xD;
-&gt; done: FeatureObjectsV2MetadataSteps.WhenIGetTheMemberships() (0.2s)&#xD;
Then I receive a successful response&#xD;
-&gt; done: FeatureObjectsV2MetadataSteps.ThenIReceiveASuccessfulResponse() (0.0s)&#xD;
And the response contains list with 'ChatMembership' and 'PatientMembership' memberships&#xD;
-&gt; done: FeatureObjectsV2MetadataSteps.ThenTheResponseContainsListWithAndMemberships("ChatMembership", "PatientMembership") (0.0s)</StdOut>
      </Output>
    </UnitTestResult>
    <UnitTestResult executionId="67958306-6315-4b9c-b36e-18bef7d6f0bb" testId="ee450aac-5f02-8238-a55d-792600e33298" testName="RevokeATokenWhileItIsDisabledOnAServer" computerName="fv-az237-423" duration="00:00:00.0173690" startTime="2023-10-24T11:54:59.4807156+00:00" endTime="2023-10-24T11:54:59.4980850+00:00" testType="13cdc9d9-ddb5-4fa4-a97d-d965ccfc6d4b" outcome="Passed" testListId="8c84fa94-04c1-424b-9868-57a2d4851a1d" relativeResultsDirectory="67958306-6315-4b9c-b36e-18bef7d6f0bb">
      <Output>
        <StdOut>Given I have a keyset with access manager enabled&#xD;
-&gt; done: FeatureAccessSteps.GivenIHaveAKeysetWithAccessManagerEnabled() (0.0s)&#xD;
Given a token&#xD;
-&gt; done: FeatureAccessSteps.GivenAToken() (0.0s)&#xD;
When I revoke a token&#xD;
-&gt; done: FeatureAccessSteps.WhenIRevokeAToken() (0.0s)&#xD;
Then an error is returned&#xD;
-&gt; done: FeatureAccessSteps.ThenAnErrorIsReturned() (0.0s)&#xD;
* the error status code is 400&#xD;
-&gt; done: FeatureAccessSteps.ThenTheErrorStatusCodeIs(400) (0.0s)&#xD;
* the error message is 'Feature disabled'&#xD;
-&gt; done: FeatureAccessSteps.ThenTheErrorMessageIs("Feature disabled") (0.0s)&#xD;
* the error source is 'revoke'&#xD;
-&gt; done: FeatureAccessSteps.ThenTheErrorSourceIs("revoke") (0.0s)&#xD;
* the error detail message is 'Token revocation is disabled.'&#xD;
-&gt; done: FeatureAccessSteps.ThenTheErrorDetailMessageIs("Token revocation ...") (0.0s)&#xD;
* the error detail location is 'subscribe-key'&#xD;
-&gt; done: FeatureAccessSteps.ThenTheErrorDetailLocationIs("subscribe-key") (0.0s)&#xD;
* the error detail location type is 'path'&#xD;
-&gt; done: FeatureAccessSteps.ThenTheErrorDetailLocationTypeIs("path") (0.0s)&#xD;
* the error service is 'Access Manager'&#xD;
-&gt; done: FeatureAccessSteps.ThenTheErrorServiceIs("Access Manager") (0.0s)</StdOut>
      </Output>
    </UnitTestResult>
    <UnitTestResult executionId="cf0ae028-18ca-4434-89f1-1a43983c55ef" testId="70fed881-ff3d-cf01-fc50-eec23bec4b15" testName="GetMembersForVipChatChannelWithCustomAndUUIDWithCustom" computerName="fv-az237-423" duration="00:00:00.0307570" startTime="2023-10-24T11:54:58.5980004+00:00" endTime="2023-10-24T11:54:58.6287581+00:00" testType="13cdc9d9-ddb5-4fa4-a97d-d965ccfc6d4b" outcome="Passed" testListId="8c84fa94-04c1-424b-9868-57a2d4851a1d" relativeResultsDirectory="cf0ae028-18ca-4434-89f1-1a43983c55ef">
      <Output>
        <StdOut>Given I have a keyset with Objects V2 enabled&#xD;
-&gt; done: FeatureObjectsV2MetadataSteps.GivenIHaveAKeysetWithObjectsVEnabled(2) (0.0s)&#xD;
Given the id for 'VipChat' channel&#xD;
-&gt; done: FeatureObjectsV2MetadataSteps.GivenTheIdForChannel("VipChat") (0.0s)&#xD;
When I get the channel members including custom and UUID custom information&#xD;
-&gt; done: FeatureObjectsV2MetadataSteps.WhenIGetTheChannelMembersIncludingCustomAndUUIDCustomInformation() (0.0s)&#xD;
Then I receive a successful response&#xD;
-&gt; done: FeatureObjectsV2MetadataSteps.ThenIReceiveASuccessfulResponse() (0.0s)&#xD;
And the response contains list with 'OliverMember' and 'PeterMember' members&#xD;
-&gt; done: FeatureObjectsV2MetadataSteps.ThenTheResponseContainsListWithAndMembers("OliverMember", "PeterMember") (0.0s)</StdOut>
      </Output>
    </UnitTestResult>
    <UnitTestResult executionId="c6ccae51-e55e-4828-b0b9-ddaf3c303b59" testId="d871c596-d51c-32a3-d78a-f9b6ed7868a8" testName="AES_CBCCryptorDataHeaderCanBeProcessed(&quot;pubnubenigma&quot;,&quot;file-cryptor-v1-short.txt&quot;,&quot;decryption error&quot;,null)" computerName="fv-az237-423" duration="00:00:00.0058280" startTime="2023-10-24T11:54:57.1417716+00:00" endTime="2023-10-24T11:54:57.1476001+00:00" testType="13cdc9d9-ddb5-4fa4-a97d-d965ccfc6d4b" outcome="Passed" testListId="8c84fa94-04c1-424b-9868-57a2d4851a1d" relativeResultsDirectory="c6ccae51-e55e-4828-b0b9-ddaf3c303b59">
      <Output>
        <StdOut>Given Crypto module with 'acrh' cryptor&#xD;
-&gt; done: CryptoModuleSteps.GivenCryptoModuleWithCryptor("acrh") (0.0s)&#xD;
* with 'pubnubenigma' cipher key&#xD;
-&gt; done: CryptoModuleSteps.GivenWithCipherKey("pubnubenigma") (0.0s)&#xD;
When I decrypt 'file-cryptor-v1-short.txt' file&#xD;
-&gt; done: CryptoModuleSteps.WhenIDecryptFile("file-cryptor-v1-s...") (0.0s)&#xD;
Then I receive 'decryption error'&#xD;
-&gt; done: CryptoModuleSteps.ThenIReceive("decryption error") (0.0s)</StdOut>
      </Output>
    </UnitTestResult>
    <UnitTestResult executionId="a7c3ea1e-7bc7-497e-ad32-7d84654c8996" testId="19276ea0-e69e-d8c1-5f86-fbe82fc4defb" testName="AES_CBCCryptorDataHeaderCanBeProcessed(&quot;pubnubenigma&quot;,&quot;file-cryptor-unknown-acrh.jpg&quot;,&quot;unknown cryptor error&quot;,null)" computerName="fv-az237-423" duration="00:00:00.0061830" startTime="2023-10-24T11:54:57.1343451+00:00" endTime="2023-10-24T11:54:57.1405279+00:00" testType="13cdc9d9-ddb5-4fa4-a97d-d965ccfc6d4b" outcome="Passed" testListId="8c84fa94-04c1-424b-9868-57a2d4851a1d" relativeResultsDirectory="a7c3ea1e-7bc7-497e-ad32-7d84654c8996">
      <Output>
        <StdOut>Given Crypto module with 'acrh' cryptor&#xD;
-&gt; done: CryptoModuleSteps.GivenCryptoModuleWithCryptor("acrh") (0.0s)&#xD;
* with 'pubnubenigma' cipher key&#xD;
-&gt; done: CryptoModuleSteps.GivenWithCipherKey("pubnubenigma") (0.0s)&#xD;
When I decrypt 'file-cryptor-unknown-acrh.jpg' file&#xD;
-&gt; done: CryptoModuleSteps.WhenIDecryptFile("file-cryptor-unkn...") (0.0s)&#xD;
Then I receive 'unknown cryptor error'&#xD;
-&gt; done: CryptoModuleSteps.ThenIReceive("unknown cryptor e...") (0.0s)</StdOut>
      </Output>
    </UnitTestResult>
    <UnitTestResult executionId="0683863a-1dab-4a66-8db9-0d8152da6408" testId="1680f939-c9a3-3184-e5e6-300d132ea901" testName="CryptorIsAbleToProcessSampleFilesAsBinary(&quot;legacy&quot;,&quot;pubnubenigma&quot;,&quot;constant&quot;,&quot;file-cryptor-legacy-civ.txt&quot;,&quot;file.txt&quot;,null)" computerName="fv-az237-423" duration="00:00:00.0046660" startTime="2023-10-24T11:54:57.3755167+00:00" endTime="2023-10-24T11:54:57.3801830+00:00" testType="13cdc9d9-ddb5-4fa4-a97d-d965ccfc6d4b" outcome="Passed" testListId="8c84fa94-04c1-424b-9868-57a2d4851a1d" relativeResultsDirectory="0683863a-1dab-4a66-8db9-0d8152da6408">
      <Output>
        <StdOut>Given Crypto module with 'legacy' cryptor&#xD;
-&gt; done: CryptoModuleSteps.GivenCryptoModuleWithCryptor("legacy") (0.0s)&#xD;
* with 'pubnubenigma' cipher key&#xD;
-&gt; done: CryptoModuleSteps.GivenWithCipherKey("pubnubenigma") (0.0s)&#xD;
* with 'constant' vector&#xD;
-&gt; done: CryptoModuleSteps.GivenWithVector("constant") (0.0s)&#xD;
When I decrypt 'file-cryptor-legacy-civ.txt' file as 'binary'&#xD;
-&gt; done: CryptoModuleSteps.WhenIDecryptFileAs("file-cryptor-lega...", "binary") (0.0s)&#xD;
Then Decrypted file content equal to the 'file.txt' file content&#xD;
-&gt; done: CryptoModuleSteps.ThenDecryptedFileContentEqualToTheFileContent("file.txt") (0.0s)</StdOut>
      </Output>
    </UnitTestResult>
    <UnitTestResult executionId="d8387b9a-860f-4ee5-af07-beec565792da" testId="785e20b7-0681-3d5e-8c02-431a4435768d" testName="CryptorIsAbleToProcessSampleFilesAsStream(&quot;legacy&quot;,&quot;pubnubenigma&quot;,&quot;random&quot;,&quot;file-cryptor-legacy-riv.txt&quot;,&quot;file.txt&quot;,null)" computerName="fv-az237-423" duration="00:00:00.0036040" startTime="2023-10-24T11:54:57.4718738+00:00" endTime="2023-10-24T11:54:57.4754783+00:00" testType="13cdc9d9-ddb5-4fa4-a97d-d965ccfc6d4b" outcome="Passed" testListId="8c84fa94-04c1-424b-9868-57a2d4851a1d" relativeResultsDirectory="d8387b9a-860f-4ee5-af07-beec565792da">
      <Output>
        <StdOut>Given Crypto module with 'legacy' cryptor&#xD;
-&gt; done: CryptoModuleSteps.GivenCryptoModuleWithCryptor("legacy") (0.0s)&#xD;
* with 'pubnubenigma' cipher key&#xD;
-&gt; done: CryptoModuleSteps.GivenWithCipherKey("pubnubenigma") (0.0s)&#xD;
* with 'random' vector&#xD;
-&gt; done: CryptoModuleSteps.GivenWithVector("random") (0.0s)&#xD;
When I decrypt 'file-cryptor-legacy-riv.txt' file as 'stream'&#xD;
-&gt; done: CryptoModuleSteps.WhenIDecryptFileAs("file-cryptor-lega...", "stream") (0.0s)&#xD;
Then Decrypted file content equal to the 'file.txt' file content&#xD;
-&gt; done: CryptoModuleSteps.ThenDecryptedFileContentEqualToTheFileContent("file.txt") (0.0s)</StdOut>
      </Output>
    </UnitTestResult>
    <UnitTestResult executionId="a0cfa7ca-687c-401e-8e4a-c55bae391f0f" testId="040fb33d-7655-40ce-1cff-6bcf94c5cc47" testName="CryptorIsAbleToProcessSampleFilesAsBinary(&quot;legacy&quot;,&quot;pubnubenigma&quot;,&quot;constant&quot;,&quot;file-cryptor-legacy-civ.jpg&quot;,&quot;file.jpg&quot;,null)" computerName="fv-az237-423" duration="00:00:00.0424030" startTime="2023-10-24T11:54:57.2263607+00:00" endTime="2023-10-24T11:54:57.2687643+00:00" testType="13cdc9d9-ddb5-4fa4-a97d-d965ccfc6d4b" outcome="Passed" testListId="8c84fa94-04c1-424b-9868-57a2d4851a1d" relativeResultsDirectory="a0cfa7ca-687c-401e-8e4a-c55bae391f0f">
      <Output>
        <StdOut>Given Crypto module with 'legacy' cryptor&#xD;
-&gt; done: CryptoModuleSteps.GivenCryptoModuleWithCryptor("legacy") (0.0s)&#xD;
* with 'pubnubenigma' cipher key&#xD;
-&gt; done: CryptoModuleSteps.GivenWithCipherKey("pubnubenigma") (0.0s)&#xD;
* with 'constant' vector&#xD;
-&gt; done: CryptoModuleSteps.GivenWithVector("constant") (0.0s)&#xD;
When I decrypt 'file-cryptor-legacy-civ.jpg' file as 'binary'&#xD;
-&gt; done: CryptoModuleSteps.WhenIDecryptFileAs("file-cryptor-lega...", "binary") (0.0s)&#xD;
Then Decrypted file content equal to the 'file.jpg' file content&#xD;
-&gt; done: CryptoModuleSteps.ThenDecryptedFileContentEqualToTheFileContent("file.jpg") (0.0s)</StdOut>
      </Output>
    </UnitTestResult>
    <UnitTestResult executionId="033e5cba-11b7-4367-a4fe-d91f2fcedca7" testId="19c50b46-2552-1ee8-9a15-6db5bb83fc13" testName="EmptyStreamDataDecryptionShouldFail(&quot;acrh&quot;,&quot;pubnubenigma&quot;,&quot;-&quot;,&quot;empty-file.txt&quot;,null)" computerName="fv-az237-423" duration="00:00:00.0028100" startTime="2023-10-24T11:54:57.6993806+00:00" endTime="2023-10-24T11:54:57.7021914+00:00" testType="13cdc9d9-ddb5-4fa4-a97d-d965ccfc6d4b" outcome="Passed" testListId="8c84fa94-04c1-424b-9868-57a2d4851a1d" relativeResultsDirectory="033e5cba-11b7-4367-a4fe-d91f2fcedca7">
      <Output>
        <StdOut>Given Crypto module with 'acrh' cryptor&#xD;
-&gt; done: CryptoModuleSteps.GivenCryptoModuleWithCryptor("acrh") (0.0s)&#xD;
* with 'pubnubenigma' cipher key&#xD;
-&gt; done: CryptoModuleSteps.GivenWithCipherKey("pubnubenigma") (0.0s)&#xD;
* with '-' vector&#xD;
-&gt; done: CryptoModuleSteps.GivenWithVector("-") (0.0s)&#xD;
When I decrypt 'empty-file.txt' file as 'stream'&#xD;
-&gt; done: CryptoModuleSteps.WhenIDecryptFileAs("empty-file.txt", "stream") (0.0s)&#xD;
Then I receive 'decryption error'&#xD;
-&gt; done: CryptoModuleSteps.ThenIReceive("decryption error") (0.0s)</StdOut>
      </Output>
    </UnitTestResult>
    <UnitTestResult executionId="60f2babc-755e-46fb-91e4-fd0d62069161" testId="5271a851-e8d2-c42c-aad6-49024c68a9d5" testName="GetAllChannelMetadataWithCustom" computerName="fv-az237-423" duration="00:00:00.0227039" startTime="2023-10-24T11:54:58.4740401+00:00" endTime="2023-10-24T11:54:58.4967476+00:00" testType="13cdc9d9-ddb5-4fa4-a97d-d965ccfc6d4b" outcome="Passed" testListId="8c84fa94-04c1-424b-9868-57a2d4851a1d" relativeResultsDirectory="60f2babc-755e-46fb-91e4-fd0d62069161">
      <Output>
        <StdOut>Given I have a keyset with Objects V2 enabled&#xD;
-&gt; done: FeatureObjectsV2MetadataSteps.GivenIHaveAKeysetWithObjectsVEnabled(2) (0.0s)&#xD;
When I get all channel metadata with custom&#xD;
-&gt; done: FeatureObjectsV2MetadataSteps.WhenIGetAllChannelMetadataWithCustom() (0.0s)&#xD;
Then I receive a successful response&#xD;
-&gt; done: FeatureObjectsV2MetadataSteps.ThenIReceiveASuccessfulResponse() (0.0s)&#xD;
And the response contains list with 'DM' and 'VipChat' channel metadata&#xD;
-&gt; done: FeatureObjectsV2MetadataSteps.ThenTheResponseContainsListWithAndChannelMetadata("DM", "VipChat") (0.0s)</StdOut>
      </Output>
    </UnitTestResult>
    <UnitTestResult executionId="e25cb513-41e4-44d3-bbe1-9dd1d1f9ab3c" testId="b811bc2b-ac6c-1eab-5504-b3af1ec9a805" testName="RevokeATokenWithCharactersThatRequireUrlEncoding" computerName="fv-az237-423" duration="00:00:00.0135100" startTime="2023-10-24T11:54:59.4983223+00:00" endTime="2023-10-24T11:54:59.5118327+00:00" testType="13cdc9d9-ddb5-4fa4-a97d-d965ccfc6d4b" outcome="Passed" testListId="8c84fa94-04c1-424b-9868-57a2d4851a1d" relativeResultsDirectory="e25cb513-41e4-44d3-bbe1-9dd1d1f9ab3c">
      <Output>
        <StdOut>Given I have a keyset with access manager enabled&#xD;
-&gt; done: FeatureAccessSteps.GivenIHaveAKeysetWithAccessManagerEnabled() (0.0s)&#xD;
Given the token string 'unescaped-_.ABCabc123 escaped;,/?:@&amp;=+$#'&#xD;
-&gt; done: FeatureAccessSteps.GivenTheTokenString("unescaped-_.ABCab...") (0.0s)&#xD;
When I revoke a token&#xD;
-&gt; done: FeatureAccessSteps.WhenIRevokeAToken() (0.0s)&#xD;
Then I get confirmation that token has been revoked&#xD;
-&gt; done: FeatureAccessSteps.ThenIGetConfirmationThatTokenHasBeenRevoked() (0.0s)</StdOut>
      </Output>
    </UnitTestResult>
    <UnitTestResult executionId="d59231d2-0c01-47dc-b041-b6a94ae36fe9" testId="2c1e01dd-81d9-12dc-ec1f-005830932e89" testName="EmptyDataEncryptionShouldFail(&quot;acrh&quot;,&quot;pubnubenigma&quot;,&quot;-&quot;,null)" computerName="fv-az237-423" duration="00:00:00.0049330" startTime="2023-10-24T11:54:57.6011777+00:00" endTime="2023-10-24T11:54:57.6061121+00:00" testType="13cdc9d9-ddb5-4fa4-a97d-d965ccfc6d4b" outcome="Passed" testListId="8c84fa94-04c1-424b-9868-57a2d4851a1d" relativeResultsDirectory="d59231d2-0c01-47dc-b041-b6a94ae36fe9">
      <Output>
        <StdOut>Given Crypto module with 'acrh' cryptor&#xD;
-&gt; done: CryptoModuleSteps.GivenCryptoModuleWithCryptor("acrh") (0.0s)&#xD;
* with 'pubnubenigma' cipher key&#xD;
-&gt; done: CryptoModuleSteps.GivenWithCipherKey("pubnubenigma") (0.0s)&#xD;
* with '-' vector&#xD;
-&gt; done: CryptoModuleSteps.GivenWithVector("-") (0.0s)&#xD;
When I encrypt 'empty-file.txt' file as 'binary'&#xD;
-&gt; done: CryptoModuleSteps.WhenIEncryptFileAs("empty-file.txt", "binary") (0.0s)&#xD;
Then I receive 'encryption error'&#xD;
-&gt; done: CryptoModuleSteps.ThenIReceive("encryption error") (0.0s)</StdOut>
      </Output>
    </UnitTestResult>
    <UnitTestResult executionId="b031c1ab-c745-45ff-8353-d3d4194b5e74" testId="21d875cb-d7ef-e04a-3cc4-907443abf187" testName="EmptyStreamDataDecryptionShouldFail(&quot;acrh&quot;,&quot;pubnubenigma&quot;,&quot;-&quot;,&quot;empty-file-cryptor-v1-acrh.txt&quot;,null)" computerName="fv-az237-423" duration="00:00:00.0031250" startTime="2023-10-24T11:54:57.7153973+00:00" endTime="2023-10-24T11:54:57.7185228+00:00" testType="13cdc9d9-ddb5-4fa4-a97d-d965ccfc6d4b" outcome="Passed" testListId="8c84fa94-04c1-424b-9868-57a2d4851a1d" relativeResultsDirectory="b031c1ab-c745-45ff-8353-d3d4194b5e74">
      <Output>
        <StdOut>Given Crypto module with 'acrh' cryptor&#xD;
-&gt; done: CryptoModuleSteps.GivenCryptoModuleWithCryptor("acrh") (0.0s)&#xD;
* with 'pubnubenigma' cipher key&#xD;
-&gt; done: CryptoModuleSteps.GivenWithCipherKey("pubnubenigma") (0.0s)&#xD;
* with '-' vector&#xD;
-&gt; done: CryptoModuleSteps.GivenWithVector("-") (0.0s)&#xD;
When I decrypt 'empty-file-cryptor-v1-acrh.txt' file as 'stream'&#xD;
-&gt; done: CryptoModuleSteps.WhenIDecryptFileAs("empty-file-crypto...", "stream") (0.0s)&#xD;
Then I receive 'decryption error'&#xD;
-&gt; done: CryptoModuleSteps.ThenIReceive("decryption error") (0.0s)</StdOut>
      </Output>
    </UnitTestResult>
    <UnitTestResult executionId="ac9557d5-06dd-4183-921c-05bcb2c8e270" testId="be8b1c28-897b-72b1-79de-44eed3d3394f" testName="RemoveAChannelMetadataForId" computerName="fv-az237-423" duration="00:00:00.0244580" startTime="2023-10-24T11:54:58.4973354+00:00" endTime="2023-10-24T11:54:58.5217935+00:00" testType="13cdc9d9-ddb5-4fa4-a97d-d965ccfc6d4b" outcome="Passed" testListId="8c84fa94-04c1-424b-9868-57a2d4851a1d" relativeResultsDirectory="ac9557d5-06dd-4183-921c-05bcb2c8e270">
      <Output>
        <StdOut>Given I have a keyset with Objects V2 enabled&#xD;
-&gt; done: FeatureObjectsV2MetadataSteps.GivenIHaveAKeysetWithObjectsVEnabled(2) (0.0s)&#xD;
Given the id for 'Chat' channel&#xD;
-&gt; done: FeatureObjectsV2MetadataSteps.GivenTheIdForChannel("Chat") (0.0s)&#xD;
When I remove the channel metadata&#xD;
-&gt; done: FeatureObjectsV2MetadataSteps.WhenIRemoveTheChannelMetadata() (0.0s)&#xD;
Then I receive a successful response&#xD;
-&gt; done: FeatureObjectsV2MetadataSteps.ThenIReceiveASuccessfulResponse() (0.0s)</StdOut>
      </Output>
    </UnitTestResult>
    <UnitTestResult executionId="92713560-87bb-452d-8ef2-b76ab78563bb" testId="bf64e30a-5c5e-95e0-c813-0cfcc293de1e" testName="StreamDataEncryptedWithLegacyAES_CBCCryptorIsDecryptableWithLegacyImplementation(&quot;pubnubenigma&quot;,&quot;random&quot;,&quot;file.jpg&quot;,null)" computerName="fv-az237-423" duration="00:00:00.0072180" startTime="2023-10-24T11:54:57.7461943+00:00" endTime="2023-10-24T11:54:57.7534124+00:00" testType="13cdc9d9-ddb5-4fa4-a97d-d965ccfc6d4b" outcome="Passed" testListId="8c84fa94-04c1-424b-9868-57a2d4851a1d" relativeResultsDirectory="92713560-87bb-452d-8ef2-b76ab78563bb">
      <Output>
        <StdOut>Given Crypto module with 'legacy' cryptor&#xD;
-&gt; done: CryptoModuleSteps.GivenCryptoModuleWithCryptor("legacy") (0.0s)&#xD;
Given Legacy code with 'pubnubenigma' cipher key and 'random' vector&#xD;
-&gt; done: CryptoModuleSteps.GivenLegacyCodeWithCipherKeyAndVector("pubnubenigma", "random") (0.0s)&#xD;
* with 'pubnubenigma' cipher key&#xD;
-&gt; done: CryptoModuleSteps.GivenWithCipherKey("pubnubenigma") (0.0s)&#xD;
* with 'random' vector&#xD;
-&gt; done: CryptoModuleSteps.GivenWithVector("random") (0.0s)&#xD;
When I encrypt 'file.jpg' file as 'stream'&#xD;
-&gt; done: CryptoModuleSteps.WhenIEncryptFileAs("file.jpg", "stream") (0.0s)&#xD;
Then Successfully decrypt an encrypted file with legacy code&#xD;
-&gt; done: CryptoModuleSteps.ThenSuccessfullyDecryptAnEncryptedFileWithLegacyCode() (0.0s)</StdOut>
      </Output>
    </UnitTestResult>
  </Results>
  <TestDefinitions>
    <UnitTest name="RevokeExistingValidToken" storage="d:\a\c-sharp\c-sharp\src\unittests\acceptancetests\bin\debug\net6.0\acceptancetests.dll" id="9e948d14-1697-7020-7d46-e7d0ab1a839a">
      <Execution id="2aa0961d-fff8-419d-a417-11155b2de25f" />
      <TestMethod codeBase="D:\a\c-sharp\c-sharp\src\UnitTests\AcceptanceTests\bin\Debug\net6.0\AcceptanceTests.dll" adapterTypeName="executor://nunit3testexecutor/" className="AcceptanceTests.Features.RevokeAnAccessTokenFeature" name="RevokeExistingValidToken" />
    </UnitTest>
    <UnitTest name="CryptorIsAbleToProcessSampleFilesAsBinary(&quot;legacy&quot;,&quot;pubnubenigma&quot;,&quot;constant&quot;,&quot;file-cryptor-legacy-civ.txt&quot;,&quot;file.txt&quot;,null)" storage="d:\a\c-sharp\c-sharp\src\unittests\acceptancetests\bin\debug\net6.0\acceptancetests.dll" id="1680f939-c9a3-3184-e5e6-300d132ea901">
      <Execution id="0683863a-1dab-4a66-8db9-0d8152da6408" />
      <TestMethod codeBase="D:\a\c-sharp\c-sharp\src\UnitTests\AcceptanceTests\bin\Debug\net6.0\AcceptanceTests.dll" adapterTypeName="executor://nunit3testexecutor/" className="AcceptanceTests.Features.Encryption.CryptoModuleFeature" name="CryptorIsAbleToProcessSampleFilesAsBinary(&quot;legacy&quot;,&quot;pubnubenigma&quot;,&quot;constant&quot;,&quot;file-cryptor-legacy-civ.txt&quot;,&quot;file.txt&quot;,null)" />
    </UnitTest>
    <UnitTest name="EmptyStreamDataDecryptionShouldFail(&quot;legacy&quot;,&quot;pubnubenigma&quot;,&quot;random&quot;,&quot;empty-file.txt&quot;,null)" storage="d:\a\c-sharp\c-sharp\src\unittests\acceptancetests\bin\debug\net6.0\acceptancetests.dll" id="d5ad5871-c66b-34c9-1371-544f7c37d8f6">
      <Execution id="b063dedd-361a-4075-bdbc-b0674bfead06" />
      <TestMethod codeBase="D:\a\c-sharp\c-sharp\src\UnitTests\AcceptanceTests\bin\Debug\net6.0\AcceptanceTests.dll" adapterTypeName="executor://nunit3testexecutor/" className="AcceptanceTests.Features.Encryption.CryptoModuleFeature" name="EmptyStreamDataDecryptionShouldFail(&quot;legacy&quot;,&quot;pubnubenigma&quot;,&quot;random&quot;,&quot;empty-file.txt&quot;,null)" />
    </UnitTest>
    <UnitTest name="EmptyDataEncryptionShouldFail(&quot;acrh&quot;,&quot;pubnubenigma&quot;,&quot;-&quot;,null)" storage="d:\a\c-sharp\c-sharp\src\unittests\acceptancetests\bin\debug\net6.0\acceptancetests.dll" id="2c1e01dd-81d9-12dc-ec1f-005830932e89">
      <Execution id="d59231d2-0c01-47dc-b041-b6a94ae36fe9" />
      <TestMethod codeBase="D:\a\c-sharp\c-sharp\src\UnitTests\AcceptanceTests\bin\Debug\net6.0\AcceptanceTests.dll" adapterTypeName="executor://nunit3testexecutor/" className="AcceptanceTests.Features.Encryption.CryptoModuleFeature" name="EmptyDataEncryptionShouldFail(&quot;acrh&quot;,&quot;pubnubenigma&quot;,&quot;-&quot;,null)" />
    </UnitTest>
    <UnitTest name="GetAChannelMetadataForId" storage="d:\a\c-sharp\c-sharp\src\unittests\acceptancetests\bin\debug\net6.0\acceptancetests.dll" id="4401ff2d-c38b-51a8-f6b5-791f859c7098">
      <Execution id="8870213f-2095-445c-b6b3-43f565d370aa" />
      <TestMethod codeBase="D:\a\c-sharp\c-sharp\src\UnitTests\AcceptanceTests\bin\Debug\net6.0\AcceptanceTests.dll" adapterTypeName="executor://nunit3testexecutor/" className="AcceptanceTests.Features.ObjectsV2ChannelMetadataFeature" name="GetAChannelMetadataForId" />
    </UnitTest>
    <UnitTest name="EmptyStreamDataEncryptionShouldFail(&quot;acrh&quot;,&quot;pubnubenigma&quot;,&quot;-&quot;,null)" storage="d:\a\c-sharp\c-sharp\src\unittests\acceptancetests\bin\debug\net6.0\acceptancetests.dll" id="984e3d49-4d22-c80b-52c3-19191f62fda7">
      <Execution id="82630781-2399-4fce-ae60-a717cf5313b5" />
      <TestMethod codeBase="D:\a\c-sharp\c-sharp\src\UnitTests\AcceptanceTests\bin\Debug\net6.0\AcceptanceTests.dll" adapterTypeName="executor://nunit3testexecutor/" className="AcceptanceTests.Features.Encryption.CryptoModuleFeature" name="EmptyStreamDataEncryptionShouldFail(&quot;acrh&quot;,&quot;pubnubenigma&quot;,&quot;-&quot;,null)" />
    </UnitTest>
    <UnitTest name="RemoveMembership" storage="d:\a\c-sharp\c-sharp\src\unittests\acceptancetests\bin\debug\net6.0\acceptancetests.dll" id="96ff7052-903d-d61a-0cb2-cdee63831172">
      <Execution id="64d8301b-2858-4cbf-94bb-573917dc8546" />
      <TestMethod codeBase="D:\a\c-sharp\c-sharp\src\UnitTests\AcceptanceTests\bin\Debug\net6.0\AcceptanceTests.dll" adapterTypeName="executor://nunit3testexecutor/" className="AcceptanceTests.Features.ObjectsV2MembershipsFeature" name="RemoveMembership" />
    </UnitTest>
    <UnitTest name="AES_CBCCryptorDataHeaderCanBeProcessed(&quot;pubnubenigma&quot;,&quot;file-legacy-civ.jpg&quot;,&quot;unknown cryptor error&quot;,null)" storage="d:\a\c-sharp\c-sharp\src\unittests\acceptancetests\bin\debug\net6.0\acceptancetests.dll" id="7f798889-8174-9314-5795-cf39887a4d5e">
      <Execution id="d142e97b-0bc0-4118-820e-d73f84334e34" />
      <TestMethod codeBase="D:\a\c-sharp\c-sharp\src\UnitTests\AcceptanceTests\bin\Debug\net6.0\AcceptanceTests.dll" adapterTypeName="executor://nunit3testexecutor/" className="AcceptanceTests.Features.Encryption.CryptoModuleFeature" name="AES_CBCCryptorDataHeaderCanBeProcessed(&quot;pubnubenigma&quot;,&quot;file-legacy-civ.jpg&quot;,&quot;unknown cryptor error&quot;,null)" />
    </UnitTest>
    <UnitTest name="StreamDataEncryptedWithLegacyAES_CBCCryptorIsDecryptableWithLegacyImplementation(&quot;pubnubenigma&quot;,&quot;random&quot;,&quot;file.txt&quot;,null)" storage="d:\a\c-sharp\c-sharp\src\unittests\acceptancetests\bin\debug\net6.0\acceptancetests.dll" id="ea054fa2-926d-1779-cc57-db94ba1a4d6a">
      <Execution id="5c43c0f1-ad71-4766-b9ce-fa9a9cf655a0" />
      <TestMethod codeBase="D:\a\c-sharp\c-sharp\src\UnitTests\AcceptanceTests\bin\Debug\net6.0\AcceptanceTests.dll" adapterTypeName="executor://nunit3testexecutor/" className="AcceptanceTests.Features.Encryption.CryptoModuleFeature" name="StreamDataEncryptedWithLegacyAES_CBCCryptorIsDecryptableWithLegacyImplementation(&quot;pubnubenigma&quot;,&quot;random&quot;,&quot;file.txt&quot;,null)" />
    </UnitTest>
    <UnitTest name="EmptyDataEncryptionShouldFail(&quot;legacy&quot;,&quot;pubnubenigma&quot;,&quot;constant&quot;,null)" storage="d:\a\c-sharp\c-sharp\src\unittests\acceptancetests\bin\debug\net6.0\acceptancetests.dll" id="02e294ba-02db-f21e-dc59-8e7c9444841f">
      <Execution id="f7924b20-0556-4d0f-9372-26e786ceed99" />
      <TestMethod codeBase="D:\a\c-sharp\c-sharp\src\UnitTests\AcceptanceTests\bin\Debug\net6.0\AcceptanceTests.dll" adapterTypeName="executor://nunit3testexecutor/" className="AcceptanceTests.Features.Encryption.CryptoModuleFeature" name="EmptyDataEncryptionShouldFail(&quot;legacy&quot;,&quot;pubnubenigma&quot;,&quot;constant&quot;,null)" />
    </UnitTest>
    <UnitTest name="AES_CBCCryptorDataHeaderCanBeProcessed(&quot;pubnubenigma&quot;,&quot;file-cryptor-v1-short.txt&quot;,&quot;decryption error&quot;,null)" storage="d:\a\c-sharp\c-sharp\src\unittests\acceptancetests\bin\debug\net6.0\acceptancetests.dll" id="d871c596-d51c-32a3-d78a-f9b6ed7868a8">
      <Execution id="c6ccae51-e55e-4828-b0b9-ddaf3c303b59" />
      <TestMethod codeBase="D:\a\c-sharp\c-sharp\src\UnitTests\AcceptanceTests\bin\Debug\net6.0\AcceptanceTests.dll" adapterTypeName="executor://nunit3testexecutor/" className="AcceptanceTests.Features.Encryption.CryptoModuleFeature" name="AES_CBCCryptorDataHeaderCanBeProcessed(&quot;pubnubenigma&quot;,&quot;file-cryptor-v1-short.txt&quot;,&quot;decryption error&quot;,null)" />
    </UnitTest>
    <UnitTest name="GetMembershipsForUUID" storage="d:\a\c-sharp\c-sharp\src\unittests\acceptancetests\bin\debug\net6.0\acceptancetests.dll" id="10a87c1f-7e7a-0e53-402e-aefcc00a21da">
      <Execution id="afef33d6-0554-42e5-9004-1fe76fcaa0d3" />
      <TestMethod codeBase="D:\a\c-sharp\c-sharp\src\UnitTests\AcceptanceTests\bin\Debug\net6.0\AcceptanceTests.dll" adapterTypeName="executor://nunit3testexecutor/" className="AcceptanceTests.Features.ObjectsV2MembershipsFeature" name="GetMembershipsForUUID" />
    </UnitTest>
    <UnitTest name="CryptorIsAbleToProcessSampleFilesAsBinary(&quot;legacy&quot;,&quot;pubnubenigma&quot;,&quot;constant&quot;,&quot;file-legacy-civ.jpg&quot;,&quot;file.jpg&quot;,null)" storage="d:\a\c-sharp\c-sharp\src\unittests\acceptancetests\bin\debug\net6.0\acceptancetests.dll" id="bc7a74bf-9a5b-2257-fa8b-50752bdbf702">
      <Execution id="aec9464a-1d12-43e3-a5e0-20318b251625" />
      <TestMethod codeBase="D:\a\c-sharp\c-sharp\src\UnitTests\AcceptanceTests\bin\Debug\net6.0\AcceptanceTests.dll" adapterTypeName="executor://nunit3testexecutor/" className="AcceptanceTests.Features.Encryption.CryptoModuleFeature" name="CryptorIsAbleToProcessSampleFilesAsBinary(&quot;legacy&quot;,&quot;pubnubenigma&quot;,&quot;constant&quot;,&quot;file-legacy-civ.jpg&quot;,&quot;file.jpg&quot;,null)" />
    </UnitTest>
    <UnitTest name="GetMembersForAChannel" storage="d:\a\c-sharp\c-sharp\src\unittests\acceptancetests\bin\debug\net6.0\acceptancetests.dll" id="3405a88a-853b-5aa4-dc52-211f74db4a9b">
      <Execution id="a5b27dfc-814d-4f34-b105-e46c17333f5e" />
      <TestMethod codeBase="D:\a\c-sharp\c-sharp\src\UnitTests\AcceptanceTests\bin\Debug\net6.0\AcceptanceTests.dll" adapterTypeName="executor://nunit3testexecutor/" className="AcceptanceTests.Features.ObjectsV2MembersFeature" name="GetMembersForAChannel" />
    </UnitTest>
    <UnitTest name="RevokeInvalidToken" storage="d:\a\c-sharp\c-sharp\src\unittests\acceptancetests\bin\debug\net6.0\acceptancetests.dll" id="f6a7a690-af73-fab8-0ebf-059ccdbb5495">
      <Execution id="57083435-5917-42fd-9cd2-cc5260802d95" />
      <TestMethod codeBase="D:\a\c-sharp\c-sharp\src\UnitTests\AcceptanceTests\bin\Debug\net6.0\AcceptanceTests.dll" adapterTypeName="executor://nunit3testexecutor/" className="AcceptanceTests.Features.RevokeAnAccessTokenFeature" name="RevokeInvalidToken" />
    </UnitTest>
    <UnitTest name="AES_CBCCryptorDataHeaderCanBeProcessed(&quot;pubnubenigma&quot;,&quot;file-cryptor-no-version.txt&quot;,&quot;decryption error&quot;,null)" storage="d:\a\c-sharp\c-sharp\src\unittests\acceptancetests\bin\debug\net6.0\acceptancetests.dll" id="60e5b02d-603e-8172-2213-6ea7fd0250af">
      <Execution id="9a2f5c29-d1d8-4cb4-acb8-45697ffc4647" />
      <TestMethod codeBase="D:\a\c-sharp\c-sharp\src\UnitTests\AcceptanceTests\bin\Debug\net6.0\AcceptanceTests.dll" adapterTypeName="executor://nunit3testexecutor/" className="AcceptanceTests.Features.Encryption.CryptoModuleFeature" name="AES_CBCCryptorDataHeaderCanBeProcessed(&quot;pubnubenigma&quot;,&quot;file-cryptor-no-version.txt&quot;,&quot;decryption error&quot;,null)" />
    </UnitTest>
    <UnitTest name="EmptyStreamDataDecryptionShouldFail(&quot;acrh&quot;,&quot;pubnubenigma&quot;,&quot;-&quot;,&quot;empty-file.txt&quot;,null)" storage="d:\a\c-sharp\c-sharp\src\unittests\acceptancetests\bin\debug\net6.0\acceptancetests.dll" id="19c50b46-2552-1ee8-9a15-6db5bb83fc13">
      <Execution id="033e5cba-11b7-4367-a4fe-d91f2fcedca7" />
      <TestMethod codeBase="D:\a\c-sharp\c-sharp\src\UnitTests\AcceptanceTests\bin\Debug\net6.0\AcceptanceTests.dll" adapterTypeName="executor://nunit3testexecutor/" className="AcceptanceTests.Features.Encryption.CryptoModuleFeature" name="EmptyStreamDataDecryptionShouldFail(&quot;acrh&quot;,&quot;pubnubenigma&quot;,&quot;-&quot;,&quot;empty-file.txt&quot;,null)" />
    </UnitTest>
    <UnitTest name="GetAllChannelMetadata" storage="d:\a\c-sharp\c-sharp\src\unittests\acceptancetests\bin\debug\net6.0\acceptancetests.dll" id="0c1a37b6-b16e-3d65-7b38-756d59a051b1">
      <Execution id="22ebd6b0-0278-4d64-bf47-b7829306f5a7" />
      <TestMethod codeBase="D:\a\c-sharp\c-sharp\src\UnitTests\AcceptanceTests\bin\Debug\net6.0\AcceptanceTests.dll" adapterTypeName="executor://nunit3testexecutor/" className="AcceptanceTests.Features.ObjectsV2ChannelMetadataFeature" name="GetAllChannelMetadata" />
    </UnitTest>
    <UnitTest name="GetMembersForVipChatChannelWithCustomAndUUIDWithCustom" storage="d:\a\c-sharp\c-sharp\src\unittests\acceptancetests\bin\debug\net6.0\acceptancetests.dll" id="70fed881-ff3d-cf01-fc50-eec23bec4b15">
      <Execution id="cf0ae028-18ca-4434-89f1-1a43983c55ef" />
      <TestMethod codeBase="D:\a\c-sharp\c-sharp\src\UnitTests\AcceptanceTests\bin\Debug\net6.0\AcceptanceTests.dll" adapterTypeName="executor://nunit3testexecutor/" className="AcceptanceTests.Features.ObjectsV2MembersFeature" name="GetMembersForVipChatChannelWithCustomAndUUIDWithCustom" />
    </UnitTest>
    <UnitTest name="EmptyDataDecryptionShouldFail(&quot;acrh&quot;,&quot;pubnubenigma&quot;,&quot;-&quot;,&quot;empty-file-cryptor-v1-acrh.txt&quot;,null)" storage="d:\a\c-sharp\c-sharp\src\unittests\acceptancetests\bin\debug\net6.0\acceptancetests.dll" id="6af2fe2f-9fc6-6af1-e346-da11b3a31319">
      <Execution id="2f557a50-7521-4abf-ad67-5a03dcd2212b" />
      <TestMethod codeBase="D:\a\c-sharp\c-sharp\src\UnitTests\AcceptanceTests\bin\Debug\net6.0\AcceptanceTests.dll" adapterTypeName="executor://nunit3testexecutor/" className="AcceptanceTests.Features.Encryption.CryptoModuleFeature" name="EmptyDataDecryptionShouldFail(&quot;acrh&quot;,&quot;pubnubenigma&quot;,&quot;-&quot;,&quot;empty-file-cryptor-v1-acrh.txt&quot;,null)" />
    </UnitTest>
    <UnitTest name="CryptorIsAbleToProcessSampleFilesAsBinary(&quot;legacy&quot;,&quot;pubnubenigma&quot;,&quot;random&quot;,&quot;file-legacy-riv.jpg&quot;,&quot;file.jpg&quot;,null)" storage="d:\a\c-sharp\c-sharp\src\unittests\acceptancetests\bin\debug\net6.0\acceptancetests.dll" id="84e090d8-441a-8861-c4e5-70620525fefd">
      <Execution id="698ba7dc-91fe-445b-9a8b-07d6d51a1c35" />
      <TestMethod codeBase="D:\a\c-sharp\c-sharp\src\UnitTests\AcceptanceTests\bin\Debug\net6.0\AcceptanceTests.dll" adapterTypeName="executor://nunit3testexecutor/" className="AcceptanceTests.Features.Encryption.CryptoModuleFeature" name="CryptorIsAbleToProcessSampleFilesAsBinary(&quot;legacy&quot;,&quot;pubnubenigma&quot;,&quot;random&quot;,&quot;file-legacy-riv.jpg&quot;,&quot;file.jpg&quot;,null)" />
    </UnitTest>
    <UnitTest name="CryptorIsAbleToProcessSampleFilesAsStream(&quot;legacy&quot;,&quot;pubnubenigma&quot;,&quot;random&quot;,&quot;file-legacy-riv.txt&quot;,&quot;file.txt&quot;,null)" storage="d:\a\c-sharp\c-sharp\src\unittests\acceptancetests\bin\debug\net6.0\acceptancetests.dll" id="9d2b950d-d4be-de51-1cfb-07073f6d6e13">
      <Execution id="22d9a78f-7e36-4dda-8a17-63048e1ff7ac" />
      <TestMethod codeBase="D:\a\c-sharp\c-sharp\src\UnitTests\AcceptanceTests\bin\Debug\net6.0\AcceptanceTests.dll" adapterTypeName="executor://nunit3testexecutor/" className="AcceptanceTests.Features.Encryption.CryptoModuleFeature" name="CryptorIsAbleToProcessSampleFilesAsStream(&quot;legacy&quot;,&quot;pubnubenigma&quot;,&quot;random&quot;,&quot;file-legacy-riv.txt&quot;,&quot;file.txt&quot;,null)" />
    </UnitTest>
    <UnitTest name="CryptorIsAbleToProcessSampleFilesAsBinary(&quot;legacy&quot;,&quot;pubnubenigma&quot;,&quot;constant&quot;,&quot;file-cryptor-legacy-civ.jpg&quot;,&quot;file.jpg&quot;,null)" storage="d:\a\c-sharp\c-sharp\src\unittests\acceptancetests\bin\debug\net6.0\acceptancetests.dll" id="040fb33d-7655-40ce-1cff-6bcf94c5cc47">
      <Execution id="a0cfa7ca-687c-401e-8e4a-c55bae391f0f" />
      <TestMethod codeBase="D:\a\c-sharp\c-sharp\src\UnitTests\AcceptanceTests\bin\Debug\net6.0\AcceptanceTests.dll" adapterTypeName="executor://nunit3testexecutor/" className="AcceptanceTests.Features.Encryption.CryptoModuleFeature" name="CryptorIsAbleToProcessSampleFilesAsBinary(&quot;legacy&quot;,&quot;pubnubenigma&quot;,&quot;constant&quot;,&quot;file-cryptor-legacy-civ.jpg&quot;,&quot;file.jpg&quot;,null)" />
    </UnitTest>
    <UnitTest name="EmptyDataDecryptionShouldFail(&quot;acrh&quot;,&quot;pubnubenigma&quot;,&quot;-&quot;,&quot;empty-file.txt&quot;,null)" storage="d:\a\c-sharp\c-sharp\src\unittests\acceptancetests\bin\debug\net6.0\acceptancetests.dll" id="9d9c0b4d-df8d-d917-f4fe-624101bd0d52">
      <Execution id="0f41acf2-9378-40fb-9cd5-2bf3a295d335" />
      <TestMethod codeBase="D:\a\c-sharp\c-sharp\src\UnitTests\AcceptanceTests\bin\Debug\net6.0\AcceptanceTests.dll" adapterTypeName="executor://nunit3testexecutor/" className="AcceptanceTests.Features.Encryption.CryptoModuleFeature" name="EmptyDataDecryptionShouldFail(&quot;acrh&quot;,&quot;pubnubenigma&quot;,&quot;-&quot;,&quot;empty-file.txt&quot;,null)" />
    </UnitTest>
    <UnitTest name="CryptorIsAbleToProcessSampleFilesAsBinary(&quot;legacy&quot;,&quot;pubnubenigma&quot;,&quot;random&quot;,&quot;file-cryptor-legacy-riv.txt&quot;,&quot;file.txt&quot;,null)" storage="d:\a\c-sharp\c-sharp\src\unittests\acceptancetests\bin\debug\net6.0\acceptancetests.dll" id="1500c2f1-f56e-3f8a-4b9e-769b5f983879">
      <Execution id="c3adcb7b-0987-4fe6-938c-2b8940e11905" />
      <TestMethod codeBase="D:\a\c-sharp\c-sharp\src\UnitTests\AcceptanceTests\bin\Debug\net6.0\AcceptanceTests.dll" adapterTypeName="executor://nunit3testexecutor/" className="AcceptanceTests.Features.Encryption.CryptoModuleFeature" name="CryptorIsAbleToProcessSampleFilesAsBinary(&quot;legacy&quot;,&quot;pubnubenigma&quot;,&quot;random&quot;,&quot;file-cryptor-legacy-riv.txt&quot;,&quot;file.txt&quot;,null)" />
    </UnitTest>
    <UnitTest name="GetAChannelWithCustomMetadata" storage="d:\a\c-sharp\c-sharp\src\unittests\acceptancetests\bin\debug\net6.0\acceptancetests.dll" id="8a1c2bbd-f61b-135c-270f-157e7106103a">
      <Execution id="23e53dba-172a-4220-acf4-dbf47c584d61" />
      <TestMethod codeBase="D:\a\c-sharp\c-sharp\src\UnitTests\AcceptanceTests\bin\Debug\net6.0\AcceptanceTests.dll" adapterTypeName="executor://nunit3testexecutor/" className="AcceptanceTests.Features.ObjectsV2ChannelMetadataFeature" name="GetAChannelWithCustomMetadata" />
    </UnitTest>
    <UnitTest name="GetMembershipsForUUIDWithCustomAndChannelCustom" storage="d:\a\c-sharp\c-sharp\src\unittests\acceptancetests\bin\debug\net6.0\acceptancetests.dll" id="7acf7525-aaca-a5f2-7032-491d9caf1cf8">
      <Execution id="e2531ecf-56d6-402f-b41d-905db3747315" />
      <TestMethod codeBase="D:\a\c-sharp\c-sharp\src\UnitTests\AcceptanceTests\bin\Debug\net6.0\AcceptanceTests.dll" adapterTypeName="executor://nunit3testexecutor/" className="AcceptanceTests.Features.ObjectsV2MembershipsFeature" name="GetMembershipsForUUIDWithCustomAndChannelCustom" />
    </UnitTest>
    <UnitTest name="AttemptToGrantAnAccessTokenWhenTtlProvidedExceedsTheMaxTtlConfiguredUseDefaultMax43200ForTheTest" storage="d:\a\c-sharp\c-sharp\src\unittests\acceptancetests\bin\debug\net6.0\acceptancetests.dll" id="17537441-5c46-b29c-7a15-7f733fa6a240">
      <Execution id="b51343c9-526a-4fe1-83fb-5ff2ef0a51d6" />
      <TestMethod codeBase="D:\a\c-sharp\c-sharp\src\UnitTests\AcceptanceTests\bin\Debug\net6.0\AcceptanceTests.dll" adapterTypeName="executor://nunit3testexecutor/" className="AcceptanceTests.Features.GrantAnAccessTokenFeature" name="AttemptToGrantAnAccessTokenWhenTtlProvidedExceedsTheMaxTtlConfiguredUseDefaultMax43200ForTheTest" />
    </UnitTest>
    <UnitTest name="RemoveAUUIDMetadataForId" storage="d:\a\c-sharp\c-sharp\src\unittests\acceptancetests\bin\debug\net6.0\acceptancetests.dll" id="07a0b332-7585-5132-2931-ba67f585bbfd">
      <Execution id="559324ea-e5cf-4ae3-a985-7e20077ed38e" />
      <TestMethod codeBase="D:\a\c-sharp\c-sharp\src\UnitTests\AcceptanceTests\bin\Debug\net6.0\AcceptanceTests.dll" adapterTypeName="executor://nunit3testexecutor/" className="AcceptanceTests.Features.ObjectsV2UUIDMetadataFeature" name="RemoveAUUIDMetadataForId" />
    </UnitTest>
    <UnitTest name="AttemptToGrantAnAccessTokenWithARegularExpressionContainingCapturingGroupsAndExpectAServerError" storage="d:\a\c-sharp\c-sharp\src\unittests\acceptancetests\bin\debug\net6.0\acceptancetests.dll" id="0992672a-4884-80d0-5142-7d4a75036ed9">
      <Execution id="46a52618-b2e5-4686-b518-8d236484cf56" />
      <TestMethod codeBase="D:\a\c-sharp\c-sharp\src\UnitTests\AcceptanceTests\bin\Debug\net6.0\AcceptanceTests.dll" adapterTypeName="executor://nunit3testexecutor/" className="AcceptanceTests.Features.GrantAnAccessTokenFeature" name="AttemptToGrantAnAccessTokenWithARegularExpressionContainingCapturingGroupsAndExpectAServerError" />
    </UnitTest>
    <UnitTest name="GetAllChannelMetadataWithCustom" storage="d:\a\c-sharp\c-sharp\src\unittests\acceptancetests\bin\debug\net6.0\acceptancetests.dll" id="5271a851-e8d2-c42c-aad6-49024c68a9d5">
      <Execution id="60f2babc-755e-46fb-91e4-fd0d62069161" />
      <TestMethod codeBase="D:\a\c-sharp\c-sharp\src\UnitTests\AcceptanceTests\bin\Debug\net6.0\AcceptanceTests.dll" adapterTypeName="executor://nunit3testexecutor/" className="AcceptanceTests.Features.ObjectsV2ChannelMetadataFeature" name="GetAllChannelMetadataWithCustom" />
    </UnitTest>
    <UnitTest name="RevokeATokenWhileItIsDisabledOnAServer" storage="d:\a\c-sharp\c-sharp\src\unittests\acceptancetests\bin\debug\net6.0\acceptancetests.dll" id="ee450aac-5f02-8238-a55d-792600e33298">
      <Execution id="67958306-6315-4b9c-b36e-18bef7d6f0bb" />
      <TestMethod codeBase="D:\a\c-sharp\c-sharp\src\UnitTests\AcceptanceTests\bin\Debug\net6.0\AcceptanceTests.dll" adapterTypeName="executor://nunit3testexecutor/" className="AcceptanceTests.Features.RevokeAnAccessTokenFeature" name="RevokeATokenWhileItIsDisabledOnAServer" />
    </UnitTest>
    <UnitTest name="EmptyDataDecryptionShouldFail(&quot;legacy&quot;,&quot;pubnubenigma&quot;,&quot;constant&quot;,&quot;empty-file.txt&quot;,null)" storage="d:\a\c-sharp\c-sharp\src\unittests\acceptancetests\bin\debug\net6.0\acceptancetests.dll" id="50604149-da7b-7eb8-2563-57d2dd368452">
      <Execution id="e2775183-abfb-4650-8692-996395e5edd5" />
      <TestMethod codeBase="D:\a\c-sharp\c-sharp\src\UnitTests\AcceptanceTests\bin\Debug\net6.0\AcceptanceTests.dll" adapterTypeName="executor://nunit3testexecutor/" className="AcceptanceTests.Features.Encryption.CryptoModuleFeature" name="EmptyDataDecryptionShouldFail(&quot;legacy&quot;,&quot;pubnubenigma&quot;,&quot;constant&quot;,&quot;empty-file.txt&quot;,null)" />
    </UnitTest>
    <UnitTest name="GetMembershipsForCurrentUser" storage="d:\a\c-sharp\c-sharp\src\unittests\acceptancetests\bin\debug\net6.0\acceptancetests.dll" id="ba48247e-b680-05e2-ec8e-cd712552a6ee">
      <Execution id="a237756d-dba3-4791-96e4-ec57d370a432" />
      <TestMethod codeBase="D:\a\c-sharp\c-sharp\src\UnitTests\AcceptanceTests\bin\Debug\net6.0\AcceptanceTests.dll" adapterTypeName="executor://nunit3testexecutor/" className="AcceptanceTests.Features.ObjectsV2MembershipsFeature" name="GetMembershipsForCurrentUser" />
    </UnitTest>
    <UnitTest name="GrantAnAccessTokenWithAllPermissionsOnAllResourceTypesWithAuthorizedUuid" storage="d:\a\c-sharp\c-sharp\src\unittests\acceptancetests\bin\debug\net6.0\acceptancetests.dll" id="85374129-b31e-6699-e3e3-35edfbf2f310">
      <Execution id="d245523b-3dd8-43cf-86c3-abfb4379f4ce" />
      <TestMethod codeBase="D:\a\c-sharp\c-sharp\src\UnitTests\AcceptanceTests\bin\Debug\net6.0\AcceptanceTests.dll" adapterTypeName="executor://nunit3testexecutor/" className="AcceptanceTests.Features.GrantAnAccessTokenFeature" name="GrantAnAccessTokenWithAllPermissionsOnAllResourceTypesWithAuthorizedUuid" />
    </UnitTest>
    <UnitTest name="GetAUUIDMetadataForId" storage="d:\a\c-sharp\c-sharp\src\unittests\acceptancetests\bin\debug\net6.0\acceptancetests.dll" id="d717777f-cd83-a14f-a06e-85ad7a167630">
      <Execution id="dc8c0078-012e-427a-89ed-2dc029be6bd1" />
      <TestMethod codeBase="D:\a\c-sharp\c-sharp\src\UnitTests\AcceptanceTests\bin\Debug\net6.0\AcceptanceTests.dll" adapterTypeName="executor://nunit3testexecutor/" className="AcceptanceTests.Features.ObjectsV2UUIDMetadataFeature" name="GetAUUIDMetadataForId" />
    </UnitTest>
    <UnitTest name="CryptorIsAbleToProcessSampleFilesAsStream(&quot;legacy&quot;,&quot;pubnubenigma&quot;,&quot;random&quot;,&quot;file-cryptor-legacy-riv.txt&quot;,&quot;file.txt&quot;,null)" storage="d:\a\c-sharp\c-sharp\src\unittests\acceptancetests\bin\debug\net6.0\acceptancetests.dll" id="785e20b7-0681-3d5e-8c02-431a4435768d">
      <Execution id="d8387b9a-860f-4ee5-af07-beec565792da" />
      <TestMethod codeBase="D:\a\c-sharp\c-sharp\src\UnitTests\AcceptanceTests\bin\Debug\net6.0\AcceptanceTests.dll" adapterTypeName="executor://nunit3testexecutor/" className="AcceptanceTests.Features.Encryption.CryptoModuleFeature" name="CryptorIsAbleToProcessSampleFilesAsStream(&quot;legacy&quot;,&quot;pubnubenigma&quot;,&quot;random&quot;,&quot;file-cryptor-legacy-riv.txt&quot;,&quot;file.txt&quot;,null)" />
    </UnitTest>
    <UnitTest name="GrantAnAccessTokenSuccessfullyWithAnAuthorizedUuid" storage="d:\a\c-sharp\c-sharp\src\unittests\acceptancetests\bin\debug\net6.0\acceptancetests.dll" id="63f82b54-f147-1707-8ae8-1f771750a4c8">
      <Execution id="30dc7507-17e2-4ba3-a35f-691b2016a361" />
      <TestMethod codeBase="D:\a\c-sharp\c-sharp\src\UnitTests\AcceptanceTests\bin\Debug\net6.0\AcceptanceTests.dll" adapterTypeName="executor://nunit3testexecutor/" className="AcceptanceTests.Features.GrantAnAccessTokenFeature" name="GrantAnAccessTokenSuccessfullyWithAnAuthorizedUuid" />
    </UnitTest>
    <UnitTest name="SetMembership" storage="d:\a\c-sharp\c-sharp\src\unittests\acceptancetests\bin\debug\net6.0\acceptancetests.dll" id="c824fd41-84e4-6d43-8411-04262c295a77">
      <Execution id="811586e6-2710-41c2-ad73-ad277f73b2b8" />
      <TestMethod codeBase="D:\a\c-sharp\c-sharp\src\UnitTests\AcceptanceTests\bin\Debug\net6.0\AcceptanceTests.dll" adapterTypeName="executor://nunit3testexecutor/" className="AcceptanceTests.Features.ObjectsV2MembershipsFeature" name="SetMembership" />
    </UnitTest>
    <UnitTest name="RemoveAUUIDMetadataIdStoredInConfig" storage="d:\a\c-sharp\c-sharp\src\unittests\acceptancetests\bin\debug\net6.0\acceptancetests.dll" id="3a8dac54-e42a-8256-0f95-9b2771dcaeda">
      <Execution id="ccf99e30-30da-4a08-8540-d45d2a5076ab" />
      <TestMethod codeBase="D:\a\c-sharp\c-sharp\src\UnitTests\AcceptanceTests\bin\Debug\net6.0\AcceptanceTests.dll" adapterTypeName="executor://nunit3testexecutor/" className="AcceptanceTests.Features.ObjectsV2UUIDMetadataFeature" name="RemoveAUUIDMetadataIdStoredInConfig" />
    </UnitTest>
    <UnitTest name="ManageMembershipsForAUUID" storage="d:\a\c-sharp\c-sharp\src\unittests\acceptancetests\bin\debug\net6.0\acceptancetests.dll" id="aea0c1c8-e4f2-b00c-e2e5-3958a9100776">
      <Execution id="c6158d40-1a33-43e7-b5cd-045077459c64" />
      <TestMethod codeBase="D:\a\c-sharp\c-sharp\src\UnitTests\AcceptanceTests\bin\Debug\net6.0\AcceptanceTests.dll" adapterTypeName="executor://nunit3testexecutor/" className="AcceptanceTests.Features.ObjectsV2MembershipsFeature" name="ManageMembershipsForAUUID" />
    </UnitTest>
    <UnitTest name="EmptyStreamDataEncryptionShouldFail(&quot;legacy&quot;,&quot;pubnubenigma&quot;,&quot;random&quot;,null)" storage="d:\a\c-sharp\c-sharp\src\unittests\acceptancetests\bin\debug\net6.0\acceptancetests.dll" id="cddd27ac-7387-0391-36be-b1b706556ac6">
      <Execution id="b560e50c-4446-42cf-9406-b65208a0f378" />
      <TestMethod codeBase="D:\a\c-sharp\c-sharp\src\UnitTests\AcceptanceTests\bin\Debug\net6.0\AcceptanceTests.dll" adapterTypeName="executor://nunit3testexecutor/" className="AcceptanceTests.Features.Encryption.CryptoModuleFeature" name="EmptyStreamDataEncryptionShouldFail(&quot;legacy&quot;,&quot;pubnubenigma&quot;,&quot;random&quot;,null)" />
    </UnitTest>
    <UnitTest name="SetAUUIDMetadata" storage="d:\a\c-sharp\c-sharp\src\unittests\acceptancetests\bin\debug\net6.0\acceptancetests.dll" id="5a108f95-d949-be1c-ba70-794e5a89cb2c">
      <Execution id="03654782-94c0-470a-8dc1-40a1fd3cac56" />
      <TestMethod codeBase="D:\a\c-sharp\c-sharp\src\UnitTests\AcceptanceTests\bin\Debug\net6.0\AcceptanceTests.dll" adapterTypeName="executor://nunit3testexecutor/" className="AcceptanceTests.Features.ObjectsV2UUIDMetadataFeature" name="SetAUUIDMetadata" />
    </UnitTest>
    <UnitTest name="RemoveMembershipForCurrentUser" storage="d:\a\c-sharp\c-sharp\src\unittests\acceptancetests\bin\debug\net6.0\acceptancetests.dll" id="046e940e-ed7b-e2be-b9c9-fa82caaefa8a">
      <Execution id="af8b0c87-3da5-466c-850d-4c546c1e3ac3" />
      <TestMethod codeBase="D:\a\c-sharp\c-sharp\src\UnitTests\AcceptanceTests\bin\Debug\net6.0\AcceptanceTests.dll" adapterTypeName="executor://nunit3testexecutor/" className="AcceptanceTests.Features.ObjectsV2MembershipsFeature" name="RemoveMembershipForCurrentUser" />
    </UnitTest>
    <UnitTest name="AES_CBCCryptorDataHeaderCanBeProcessed(&quot;pubnubenigma&quot;,&quot;empty-file-cryptor-v1-acrh.txt&quot;,&quot;decryption error&quot;,null)" storage="d:\a\c-sharp\c-sharp\src\unittests\acceptancetests\bin\debug\net6.0\acceptancetests.dll" id="42ca667a-a020-f899-567b-164563a5f68c">
      <Execution id="26d82b6b-ca47-49f5-add9-662366749483" />
      <TestMethod codeBase="D:\a\c-sharp\c-sharp\src\UnitTests\AcceptanceTests\bin\Debug\net6.0\AcceptanceTests.dll" adapterTypeName="executor://nunit3testexecutor/" className="AcceptanceTests.Features.Encryption.CryptoModuleFeature" name="AES_CBCCryptorDataHeaderCanBeProcessed(&quot;pubnubenigma&quot;,&quot;empty-file-cryptor-v1-acrh.txt&quot;,&quot;decryption error&quot;,null)" />
    </UnitTest>
    <UnitTest name="AttemptToGrantAnAccessTokenWithARegularExpressionContainingASyntaxErrorAndExpectAServerError" storage="d:\a\c-sharp\c-sharp\src\unittests\acceptancetests\bin\debug\net6.0\acceptancetests.dll" id="238d7046-3682-e357-765d-2a21c813602e">
      <Execution id="d9671e1a-87ac-40cf-83b0-882d0dd503a1" />
      <TestMethod codeBase="D:\a\c-sharp\c-sharp\src\UnitTests\AcceptanceTests\bin\Debug\net6.0\AcceptanceTests.dll" adapterTypeName="executor://nunit3testexecutor/" className="AcceptanceTests.Features.GrantAnAccessTokenFeature" name="AttemptToGrantAnAccessTokenWithARegularExpressionContainingASyntaxErrorAndExpectAServerError" />
    </UnitTest>
    <UnitTest name="GetAllUUIDMetadataWithCustom" storage="d:\a\c-sharp\c-sharp\src\unittests\acceptancetests\bin\debug\net6.0\acceptancetests.dll" id="23b61850-f73c-f5eb-17ca-9aaba5f44c54">
      <Execution id="f985d13f-3250-40f5-af73-55e303b345bf" />
      <TestMethod codeBase="D:\a\c-sharp\c-sharp\src\UnitTests\AcceptanceTests\bin\Debug\net6.0\AcceptanceTests.dll" adapterTypeName="executor://nunit3testexecutor/" className="AcceptanceTests.Features.ObjectsV2UUIDMetadataFeature" name="GetAllUUIDMetadataWithCustom" />
    </UnitTest>
    <UnitTest name="DataEncryptedWithLegacyAES_CBCCryptorIsDecryptableWithLegacyImplementation(&quot;pubnubenigma&quot;,&quot;random&quot;,&quot;file.txt&quot;,null)" storage="d:\a\c-sharp\c-sharp\src\unittests\acceptancetests\bin\debug\net6.0\acceptancetests.dll" id="4f543121-4b4c-bb28-bba2-a9b2ac9eaaeb">
      <Execution id="8eeac1ba-1bf2-4c7c-989e-cd37bb978012" />
      <TestMethod codeBase="D:\a\c-sharp\c-sharp\src\UnitTests\AcceptanceTests\bin\Debug\net6.0\AcceptanceTests.dll" adapterTypeName="executor://nunit3testexecutor/" className="AcceptanceTests.Features.Encryption.CryptoModuleFeature" name="DataEncryptedWithLegacyAES_CBCCryptorIsDecryptableWithLegacyImplementation(&quot;pubnubenigma&quot;,&quot;random&quot;,&quot;file.txt&quot;,null)" />
    </UnitTest>
    <UnitTest name="GetAUUIDWithCustomMetadataIdStoredInConfig" storage="d:\a\c-sharp\c-sharp\src\unittests\acceptancetests\bin\debug\net6.0\acceptancetests.dll" id="78605226-9a65-4701-5dbe-74fd1152b767">
      <Execution id="20a98c2e-044f-4c17-be03-c165528cc45b" />
      <TestMethod codeBase="D:\a\c-sharp\c-sharp\src\UnitTests\AcceptanceTests\bin\Debug\net6.0\AcceptanceTests.dll" adapterTypeName="executor://nunit3testexecutor/" className="AcceptanceTests.Features.ObjectsV2UUIDMetadataFeature" name="GetAUUIDWithCustomMetadataIdStoredInConfig" />
    </UnitTest>
    <UnitTest name="CryptorIsAbleToProcessSampleFilesAsBinary(&quot;acrh&quot;,&quot;pubnubenigma&quot;,&quot;-&quot;,&quot;file-cryptor-v1-acrh.txt&quot;,&quot;file.txt&quot;,null)" storage="d:\a\c-sharp\c-sharp\src\unittests\acceptancetests\bin\debug\net6.0\acceptancetests.dll" id="f8d35157-2900-b4b5-1a17-900588c884a9">
      <Execution id="696e6cc5-7a5a-4d16-933c-47a2b1697619" />
      <TestMethod codeBase="D:\a\c-sharp\c-sharp\src\UnitTests\AcceptanceTests\bin\Debug\net6.0\AcceptanceTests.dll" adapterTypeName="executor://nunit3testexecutor/" className="AcceptanceTests.Features.Encryption.CryptoModuleFeature" name="CryptorIsAbleToProcessSampleFilesAsBinary(&quot;acrh&quot;,&quot;pubnubenigma&quot;,&quot;-&quot;,&quot;file-cryptor-v1-acrh.txt&quot;,&quot;file.txt&quot;,null)" />
    </UnitTest>
    <UnitTest name="CryptorIsAbleToProcessSampleFilesAsBinary(&quot;legacy&quot;,&quot;pubnubenigma&quot;,&quot;random&quot;,&quot;file-cryptor-legacy-riv.jpg&quot;,&quot;file.jpg&quot;,null)" storage="d:\a\c-sharp\c-sharp\src\unittests\acceptancetests\bin\debug\net6.0\acceptancetests.dll" id="4105838b-ea26-8a2c-f1e6-5dcc3df6f41b">
      <Execution id="77b44d04-4805-4848-9074-f55040d3eac7" />
      <TestMethod codeBase="D:\a\c-sharp\c-sharp\src\UnitTests\AcceptanceTests\bin\Debug\net6.0\AcceptanceTests.dll" adapterTypeName="executor://nunit3testexecutor/" className="AcceptanceTests.Features.Encryption.CryptoModuleFeature" name="CryptorIsAbleToProcessSampleFilesAsBinary(&quot;legacy&quot;,&quot;pubnubenigma&quot;,&quot;random&quot;,&quot;file-cryptor-legacy-riv.jpg&quot;,&quot;file.jpg&quot;,null)" />
    </UnitTest>
    <UnitTest name="GrantAnAccessTokenWithoutAnAuthorizedUuid" storage="d:\a\c-sharp\c-sharp\src\unittests\acceptancetests\bin\debug\net6.0\acceptancetests.dll" id="5e071152-ee43-67c0-dc5d-67a966171b99">
      <Execution id="6ebc3978-33ff-4a8a-9b70-95acf6e55a8a" />
      <TestMethod codeBase="D:\a\c-sharp\c-sharp\src\UnitTests\AcceptanceTests\bin\Debug\net6.0\AcceptanceTests.dll" adapterTypeName="executor://nunit3testexecutor/" className="AcceptanceTests.Features.GrantAnAccessTokenFeature" name="GrantAnAccessTokenWithoutAnAuthorizedUuid" />
    </UnitTest>
    <UnitTest name="EmptyStreamDataDecryptionShouldFail(&quot;legacy&quot;,&quot;pubnubenigma&quot;,&quot;random&quot;,&quot;empty-file-cryptor-legacy-riv.txt&quot;,null)" storage="d:\a\c-sharp\c-sharp\src\unittests\acceptancetests\bin\debug\net6.0\acceptancetests.dll" id="4dab3f58-f834-dddd-fa3d-a0f55f715d14">
      <Execution id="8714b107-f59f-449f-9310-6e899871a487" />
      <TestMethod codeBase="D:\a\c-sharp\c-sharp\src\UnitTests\AcceptanceTests\bin\Debug\net6.0\AcceptanceTests.dll" adapterTypeName="executor://nunit3testexecutor/" className="AcceptanceTests.Features.Encryption.CryptoModuleFeature" name="EmptyStreamDataDecryptionShouldFail(&quot;legacy&quot;,&quot;pubnubenigma&quot;,&quot;random&quot;,&quot;empty-file-cryptor-legacy-riv.txt&quot;,null)" />
    </UnitTest>
    <UnitTest name="AES_CBCCryptorDataHeaderCanBeProcessed(&quot;pubnubenigma&quot;,&quot;file-cryptor-unknown-acrh.jpg&quot;,&quot;unknown cryptor error&quot;,null)" storage="d:\a\c-sharp\c-sharp\src\unittests\acceptancetests\bin\debug\net6.0\acceptancetests.dll" id="19276ea0-e69e-d8c1-5f86-fbe82fc4defb">
      <Execution id="a7c3ea1e-7bc7-497e-ad32-7d84654c8996" />
      <TestMethod codeBase="D:\a\c-sharp\c-sharp\src\UnitTests\AcceptanceTests\bin\Debug\net6.0\AcceptanceTests.dll" adapterTypeName="executor://nunit3testexecutor/" className="AcceptanceTests.Features.Encryption.CryptoModuleFeature" name="AES_CBCCryptorDataHeaderCanBeProcessed(&quot;pubnubenigma&quot;,&quot;file-cryptor-unknown-acrh.jpg&quot;,&quot;unknown cryptor error&quot;,null)" />
    </UnitTest>
    <UnitTest name="DataEncryptedWithLegacyAES_CBCCryptorIsDecryptableWithLegacyImplementation(&quot;pubnubenigma&quot;,&quot;constant&quot;,&quot;file.txt&quot;,null)" storage="d:\a\c-sharp\c-sharp\src\unittests\acceptancetests\bin\debug\net6.0\acceptancetests.dll" id="9ac60b24-db33-73cf-3bc9-bbcf0b66ab81">
      <Execution id="b7e8f23a-4783-48c1-b4cd-28ad31e7ea05" />
      <TestMethod codeBase="D:\a\c-sharp\c-sharp\src\UnitTests\AcceptanceTests\bin\Debug\net6.0\AcceptanceTests.dll" adapterTypeName="executor://nunit3testexecutor/" className="AcceptanceTests.Features.Encryption.CryptoModuleFeature" name="DataEncryptedWithLegacyAES_CBCCryptorIsDecryptableWithLegacyImplementation(&quot;pubnubenigma&quot;,&quot;constant&quot;,&quot;file.txt&quot;,null)" />
    </UnitTest>
    <UnitTest name="SetAChannelMetadata" storage="d:\a\c-sharp\c-sharp\src\unittests\acceptancetests\bin\debug\net6.0\acceptancetests.dll" id="947b833a-a96c-d64f-e9e3-0beaa935d4d5">
      <Execution id="7593f181-239a-435b-8e5d-9f99371deef2" />
      <TestMethod codeBase="D:\a\c-sharp\c-sharp\src\UnitTests\AcceptanceTests\bin\Debug\net6.0\AcceptanceTests.dll" adapterTypeName="executor://nunit3testexecutor/" className="AcceptanceTests.Features.ObjectsV2ChannelMetadataFeature" name="SetAChannelMetadata" />
    </UnitTest>
    <UnitTest name="CryptoModuleCanHandleEncryptedDataFromDifferentCryptors(&quot;legacy&quot;,&quot;acrh&quot;,&quot;pubnubenigma&quot;,&quot;constant&quot;,&quot;file-cryptor-legacy-civ.jpg&quot;,&quot;file.jpg&quot;,null)" storage="d:\a\c-sharp\c-sharp\src\unittests\acceptancetests\bin\debug\net6.0\acceptancetests.dll" id="f114629c-3c3b-e71d-e1df-1b4312712d85">
      <Execution id="f44127f1-557b-4295-9268-0863cfc509f1" />
      <TestMethod codeBase="D:\a\c-sharp\c-sharp\src\UnitTests\AcceptanceTests\bin\Debug\net6.0\AcceptanceTests.dll" adapterTypeName="executor://nunit3testexecutor/" className="AcceptanceTests.Features.Encryption.CryptoModuleFeature" name="CryptoModuleCanHandleEncryptedDataFromDifferentCryptors(&quot;legacy&quot;,&quot;acrh&quot;,&quot;pubnubenigma&quot;,&quot;constant&quot;,&quot;file-cryptor-legacy-civ.jpg&quot;,&quot;file.jpg&quot;,null)" />
    </UnitTest>
    <UnitTest name="CryptorIsAbleToProcessSampleFilesAsStream(&quot;acrh&quot;,&quot;pubnubenigma&quot;,&quot;-&quot;,&quot;file-cryptor-v1-acrh.txt&quot;,&quot;file.txt&quot;,null)" storage="d:\a\c-sharp\c-sharp\src\unittests\acceptancetests\bin\debug\net6.0\acceptancetests.dll" id="0153fbb0-e5a5-84d4-df77-b92e47c48a9b">
      <Execution id="0b8489e9-9e80-496d-89cb-72eb2b18754f" />
      <TestMethod codeBase="D:\a\c-sharp\c-sharp\src\UnitTests\AcceptanceTests\bin\Debug\net6.0\AcceptanceTests.dll" adapterTypeName="executor://nunit3testexecutor/" className="AcceptanceTests.Features.Encryption.CryptoModuleFeature" name="CryptorIsAbleToProcessSampleFilesAsStream(&quot;acrh&quot;,&quot;pubnubenigma&quot;,&quot;-&quot;,&quot;file-cryptor-v1-acrh.txt&quot;,&quot;file.txt&quot;,null)" />
    </UnitTest>
    <UnitTest name="EmptyDataDecryptionShouldFail(&quot;legacy&quot;,&quot;pubnubenigma&quot;,&quot;random&quot;,&quot;empty-file-cryptor-legacy-riv.txt&quot;,null)" storage="d:\a\c-sharp\c-sharp\src\unittests\acceptancetests\bin\debug\net6.0\acceptancetests.dll" id="0f851786-a6db-a75b-11ec-b9549b68d0b8">
      <Execution id="93b58995-3ad7-4438-80b5-4eff0fb69df7" />
      <TestMethod codeBase="D:\a\c-sharp\c-sharp\src\UnitTests\AcceptanceTests\bin\Debug\net6.0\AcceptanceTests.dll" adapterTypeName="executor://nunit3testexecutor/" className="AcceptanceTests.Features.Encryption.CryptoModuleFeature" name="EmptyDataDecryptionShouldFail(&quot;legacy&quot;,&quot;pubnubenigma&quot;,&quot;random&quot;,&quot;empty-file-cryptor-legacy-riv.txt&quot;,null)" />
    </UnitTest>
    <UnitTest name="RemoveMemberForAChannel" storage="d:\a\c-sharp\c-sharp\src\unittests\acceptancetests\bin\debug\net6.0\acceptancetests.dll" id="b2c9c319-05d3-858f-ecdb-c785279a33e5">
      <Execution id="d19caf64-4aad-4803-a9ab-05177d379eb8" />
      <TestMethod codeBase="D:\a\c-sharp\c-sharp\src\UnitTests\AcceptanceTests\bin\Debug\net6.0\AcceptanceTests.dll" adapterTypeName="executor://nunit3testexecutor/" className="AcceptanceTests.Features.ObjectsV2MembersFeature" name="RemoveMemberForAChannel" />
    </UnitTest>
    <UnitTest name="RemoveAChannelMetadataForId" storage="d:\a\c-sharp\c-sharp\src\unittests\acceptancetests\bin\debug\net6.0\acceptancetests.dll" id="be8b1c28-897b-72b1-79de-44eed3d3394f">
      <Execution id="ac9557d5-06dd-4183-921c-05bcb2c8e270" />
      <TestMethod codeBase="D:\a\c-sharp\c-sharp\src\UnitTests\AcceptanceTests\bin\Debug\net6.0\AcceptanceTests.dll" adapterTypeName="executor://nunit3testexecutor/" className="AcceptanceTests.Features.ObjectsV2ChannelMetadataFeature" name="RemoveAChannelMetadataForId" />
    </UnitTest>
    <UnitTest name="EmptyStreamDataDecryptionShouldFail(&quot;legacy&quot;,&quot;pubnubenigma&quot;,&quot;constant&quot;,&quot;empty-file.txt&quot;,null)" storage="d:\a\c-sharp\c-sharp\src\unittests\acceptancetests\bin\debug\net6.0\acceptancetests.dll" id="bc8c5e9c-4b5f-8534-047c-bc0ab7c6f555">
      <Execution id="344977a5-dffb-4e21-847b-ad98d3fbb322" />
      <TestMethod codeBase="D:\a\c-sharp\c-sharp\src\UnitTests\AcceptanceTests\bin\Debug\net6.0\AcceptanceTests.dll" adapterTypeName="executor://nunit3testexecutor/" className="AcceptanceTests.Features.Encryption.CryptoModuleFeature" name="EmptyStreamDataDecryptionShouldFail(&quot;legacy&quot;,&quot;pubnubenigma&quot;,&quot;constant&quot;,&quot;empty-file.txt&quot;,null)" />
    </UnitTest>
    <UnitTest name="DataEncryptedWithLegacyAES_CBCCryptorIsDecryptableWithLegacyImplementation(&quot;pubnubenigma&quot;,&quot;random&quot;,&quot;file.jpg&quot;,null)" storage="d:\a\c-sharp\c-sharp\src\unittests\acceptancetests\bin\debug\net6.0\acceptancetests.dll" id="02189687-8985-6806-f35e-66f7f45f4e75">
      <Execution id="6c76999a-e4e9-4ffd-b344-8dd70aedfbcd" />
      <TestMethod codeBase="D:\a\c-sharp\c-sharp\src\UnitTests\AcceptanceTests\bin\Debug\net6.0\AcceptanceTests.dll" adapterTypeName="executor://nunit3testexecutor/" className="AcceptanceTests.Features.Encryption.CryptoModuleFeature" name="DataEncryptedWithLegacyAES_CBCCryptorIsDecryptableWithLegacyImplementation(&quot;pubnubenigma&quot;,&quot;random&quot;,&quot;file.jpg&quot;,null)" />
    </UnitTest>
    <UnitTest name="EmptyStreamDataEncryptionShouldFail(&quot;legacy&quot;,&quot;pubnubenigma&quot;,&quot;constant&quot;,null)" storage="d:\a\c-sharp\c-sharp\src\unittests\acceptancetests\bin\debug\net6.0\acceptancetests.dll" id="5ef88e91-8d77-e81e-f266-0337c81fc15e">
      <Execution id="de3d4e76-9ab3-46c4-a7a9-893fac54c03b" />
      <TestMethod codeBase="D:\a\c-sharp\c-sharp\src\UnitTests\AcceptanceTests\bin\Debug\net6.0\AcceptanceTests.dll" adapterTypeName="executor://nunit3testexecutor/" className="AcceptanceTests.Features.Encryption.CryptoModuleFeature" name="EmptyStreamDataEncryptionShouldFail(&quot;legacy&quot;,&quot;pubnubenigma&quot;,&quot;constant&quot;,null)" />
    </UnitTest>
    <UnitTest name="CryptorIsAbleToProcessSampleFilesAsStream(&quot;legacy&quot;,&quot;pubnubenigma&quot;,&quot;random&quot;,&quot;file-cryptor-legacy-riv.jpg&quot;,&quot;file.jpg&quot;,null)" storage="d:\a\c-sharp\c-sharp\src\unittests\acceptancetests\bin\debug\net6.0\acceptancetests.dll" id="bee75210-e3b0-c570-b8a4-c27baac780a1">
      <Execution id="a4c85b89-39f1-45d3-a463-82e09f2e574d" />
      <TestMethod codeBase="D:\a\c-sharp\c-sharp\src\UnitTests\AcceptanceTests\bin\Debug\net6.0\AcceptanceTests.dll" adapterTypeName="executor://nunit3testexecutor/" className="AcceptanceTests.Features.Encryption.CryptoModuleFeature" name="CryptorIsAbleToProcessSampleFilesAsStream(&quot;legacy&quot;,&quot;pubnubenigma&quot;,&quot;random&quot;,&quot;file-cryptor-legacy-riv.jpg&quot;,&quot;file.jpg&quot;,null)" />
    </UnitTest>
    <UnitTest name="GetAllUUIDMetadata" storage="d:\a\c-sharp\c-sharp\src\unittests\acceptancetests\bin\debug\net6.0\acceptancetests.dll" id="219f8da3-cc63-e002-72df-e2f549e52967">
      <Execution id="bf5fcdd6-9552-48bb-8c0d-32004363c18d" />
      <TestMethod codeBase="D:\a\c-sharp\c-sharp\src\UnitTests\AcceptanceTests\bin\Debug\net6.0\AcceptanceTests.dll" adapterTypeName="executor://nunit3testexecutor/" className="AcceptanceTests.Features.ObjectsV2UUIDMetadataFeature" name="GetAllUUIDMetadata" />
    </UnitTest>
    <UnitTest name="AttemptToGrantAnAccessTokenWithAllPermissionsEmptyOrFalseAndExpectAServerError" storage="d:\a\c-sharp\c-sharp\src\unittests\acceptancetests\bin\debug\net6.0\acceptancetests.dll" id="446be40b-3f39-dc72-f797-9a3aa2aac484">
      <Execution id="b9824f60-3556-499a-95d2-fa04a3c8ed42" />
      <TestMethod codeBase="D:\a\c-sharp\c-sharp\src\UnitTests\AcceptanceTests\bin\Debug\net6.0\AcceptanceTests.dll" adapterTypeName="executor://nunit3testexecutor/" className="AcceptanceTests.Features.GrantAnAccessTokenFeature" name="AttemptToGrantAnAccessTokenWithAllPermissionsEmptyOrFalseAndExpectAServerError" />
    </UnitTest>
    <UnitTest name="SetMemberForAChannel" storage="d:\a\c-sharp\c-sharp\src\unittests\acceptancetests\bin\debug\net6.0\acceptancetests.dll" id="ed5af684-441e-e3d8-3bf2-a26f2fd3f117">
      <Execution id="9eff826c-55d5-4d61-9879-48227bff3be0" />
      <TestMethod codeBase="D:\a\c-sharp\c-sharp\src\UnitTests\AcceptanceTests\bin\Debug\net6.0\AcceptanceTests.dll" adapterTypeName="executor://nunit3testexecutor/" className="AcceptanceTests.Features.ObjectsV2MembersFeature" name="SetMemberForAChannel" />
    </UnitTest>
    <UnitTest name="CryptorIsAbleToProcessSampleFilesAsStream(&quot;acrh&quot;,&quot;pubnubenigma&quot;,&quot;-&quot;,&quot;file-cryptor-v1-acrh.jpg&quot;,&quot;file.jpg&quot;,null)" storage="d:\a\c-sharp\c-sharp\src\unittests\acceptancetests\bin\debug\net6.0\acceptancetests.dll" id="68a689f7-c4a6-51dd-490d-8e5b965feb8a">
      <Execution id="ce43f8af-0e0a-45a8-9a2c-ab8155c3bd1b" />
      <TestMethod codeBase="D:\a\c-sharp\c-sharp\src\UnitTests\AcceptanceTests\bin\Debug\net6.0\AcceptanceTests.dll" adapterTypeName="executor://nunit3testexecutor/" className="AcceptanceTests.Features.Encryption.CryptoModuleFeature" name="CryptorIsAbleToProcessSampleFilesAsStream(&quot;acrh&quot;,&quot;pubnubenigma&quot;,&quot;-&quot;,&quot;file-cryptor-v1-acrh.jpg&quot;,&quot;file.jpg&quot;,null)" />
    </UnitTest>
    <UnitTest name="AES_CBCCryptorDataHeaderCanBeProcessed(&quot;pubnubenigma&quot;,&quot;file-cryptor-v1-acrh.jpg&quot;,&quot;success&quot;,null)" storage="d:\a\c-sharp\c-sharp\src\unittests\acceptancetests\bin\debug\net6.0\acceptancetests.dll" id="798a8e71-c3a5-952d-b167-1f516fd90da6">
      <Execution id="5573f5ab-80ce-4187-a133-6cc2d2b35b99" />
      <TestMethod codeBase="D:\a\c-sharp\c-sharp\src\UnitTests\AcceptanceTests\bin\Debug\net6.0\AcceptanceTests.dll" adapterTypeName="executor://nunit3testexecutor/" className="AcceptanceTests.Features.Encryption.CryptoModuleFeature" name="AES_CBCCryptorDataHeaderCanBeProcessed(&quot;pubnubenigma&quot;,&quot;file-cryptor-v1-acrh.jpg&quot;,&quot;success&quot;,null)" />
    </UnitTest>
    <UnitTest name="EmptyDataEncryptionShouldFail(&quot;legacy&quot;,&quot;pubnubenigma&quot;,&quot;random&quot;,null)" storage="d:\a\c-sharp\c-sharp\src\unittests\acceptancetests\bin\debug\net6.0\acceptancetests.dll" id="e592298e-a7bd-5e8f-cbb1-f5ba33b2dce9">
      <Execution id="774c7745-1fec-434e-9ae0-ef791ceb64d8" />
      <TestMethod codeBase="D:\a\c-sharp\c-sharp\src\UnitTests\AcceptanceTests\bin\Debug\net6.0\AcceptanceTests.dll" adapterTypeName="executor://nunit3testexecutor/" className="AcceptanceTests.Features.Encryption.CryptoModuleFeature" name="EmptyDataEncryptionShouldFail(&quot;legacy&quot;,&quot;pubnubenigma&quot;,&quot;random&quot;,null)" />
    </UnitTest>
    <UnitTest name="EmptyDataDecryptionShouldFail(&quot;legacy&quot;,&quot;pubnubenigma&quot;,&quot;random&quot;,&quot;empty-file.txt&quot;,null)" storage="d:\a\c-sharp\c-sharp\src\unittests\acceptancetests\bin\debug\net6.0\acceptancetests.dll" id="d533b002-ecc8-a6e4-0a55-5406f8886899">
      <Execution id="54fdcf64-d817-415f-82fd-5bb421ea1d11" />
      <TestMethod codeBase="D:\a\c-sharp\c-sharp\src\UnitTests\AcceptanceTests\bin\Debug\net6.0\AcceptanceTests.dll" adapterTypeName="executor://nunit3testexecutor/" className="AcceptanceTests.Features.Encryption.CryptoModuleFeature" name="EmptyDataDecryptionShouldFail(&quot;legacy&quot;,&quot;pubnubenigma&quot;,&quot;random&quot;,&quot;empty-file.txt&quot;,null)" />
    </UnitTest>
    <UnitTest name="SetMembershipForCurrentUser" storage="d:\a\c-sharp\c-sharp\src\unittests\acceptancetests\bin\debug\net6.0\acceptancetests.dll" id="1f73b5a1-d21f-1feb-a5dc-31aa30bfbe2c">
      <Execution id="3009f2c9-627d-4221-9536-2507859e9539" />
      <TestMethod codeBase="D:\a\c-sharp\c-sharp\src\UnitTests\AcceptanceTests\bin\Debug\net6.0\AcceptanceTests.dll" adapterTypeName="executor://nunit3testexecutor/" className="AcceptanceTests.Features.ObjectsV2MembershipsFeature" name="SetMembershipForCurrentUser" />
    </UnitTest>
    <UnitTest name="ManageMembersForAChannel" storage="d:\a\c-sharp\c-sharp\src\unittests\acceptancetests\bin\debug\net6.0\acceptancetests.dll" id="4abae91a-e1c2-11c6-c78e-4c0a98abeb41">
      <Execution id="34e71d62-a815-495b-8215-f103330ce990" />
      <TestMethod codeBase="D:\a\c-sharp\c-sharp\src\UnitTests\AcceptanceTests\bin\Debug\net6.0\AcceptanceTests.dll" adapterTypeName="executor://nunit3testexecutor/" className="AcceptanceTests.Features.ObjectsV2MembersFeature" name="ManageMembersForAChannel" />
    </UnitTest>
    <UnitTest name="SetMemberWithCustomForAChannelAndUUIDWithCustom" storage="d:\a\c-sharp\c-sharp\src\unittests\acceptancetests\bin\debug\net6.0\acceptancetests.dll" id="86189ae4-95f9-30e4-f4c6-bfa1b9898a62">
      <Execution id="ba1a3b30-08e1-41ec-b062-4c5c6cc9c77b" />
      <TestMethod codeBase="D:\a\c-sharp\c-sharp\src\UnitTests\AcceptanceTests\bin\Debug\net6.0\AcceptanceTests.dll" adapterTypeName="executor://nunit3testexecutor/" className="AcceptanceTests.Features.ObjectsV2MembersFeature" name="SetMemberWithCustomForAChannelAndUUIDWithCustom" />
    </UnitTest>
    <UnitTest name="AES_CBCCryptorDataHeaderCanBeProcessed(&quot;pubnubenigma&quot;,&quot;file-cryptor-v1-unknown.txt&quot;,&quot;unknown cryptor error&quot;,null)" storage="d:\a\c-sharp\c-sharp\src\unittests\acceptancetests\bin\debug\net6.0\acceptancetests.dll" id="ed3513bd-2d36-bad0-70c5-813865e78b06">
      <Execution id="8eb1516b-2ed9-4b5e-ae24-ed4f63dc7d9a" />
      <TestMethod codeBase="D:\a\c-sharp\c-sharp\src\UnitTests\AcceptanceTests\bin\Debug\net6.0\AcceptanceTests.dll" adapterTypeName="executor://nunit3testexecutor/" className="AcceptanceTests.Features.Encryption.CryptoModuleFeature" name="AES_CBCCryptorDataHeaderCanBeProcessed(&quot;pubnubenigma&quot;,&quot;file-cryptor-v1-unknown.txt&quot;,&quot;unknown cryptor error&quot;,null)" />
    </UnitTest>
    <UnitTest name="StreamDataEncryptedWithLegacyAES_CBCCryptorIsDecryptableWithLegacyImplementation(&quot;pubnubenigma&quot;,&quot;random&quot;,&quot;file.jpg&quot;,null)" storage="d:\a\c-sharp\c-sharp\src\unittests\acceptancetests\bin\debug\net6.0\acceptancetests.dll" id="bf64e30a-5c5e-95e0-c813-0cfcc293de1e">
      <Execution id="92713560-87bb-452d-8ef2-b76ab78563bb" />
      <TestMethod codeBase="D:\a\c-sharp\c-sharp\src\UnitTests\AcceptanceTests\bin\Debug\net6.0\AcceptanceTests.dll" adapterTypeName="executor://nunit3testexecutor/" className="AcceptanceTests.Features.Encryption.CryptoModuleFeature" name="StreamDataEncryptedWithLegacyAES_CBCCryptorIsDecryptableWithLegacyImplementation(&quot;pubnubenigma&quot;,&quot;random&quot;,&quot;file.jpg&quot;,null)" />
    </UnitTest>
    <UnitTest name="CryptorIsAbleToProcessSampleFilesAsBinary(&quot;legacy&quot;,&quot;pubnubenigma&quot;,&quot;constant&quot;,&quot;file-legacy-civ.txt&quot;,&quot;file.txt&quot;,null)" storage="d:\a\c-sharp\c-sharp\src\unittests\acceptancetests\bin\debug\net6.0\acceptancetests.dll" id="13df4a31-1d93-7796-89f0-9bafbf62cf1d">
      <Execution id="d7cdf4cc-a00a-47b9-95b5-0f8f048db9f6" />
      <TestMethod codeBase="D:\a\c-sharp\c-sharp\src\UnitTests\AcceptanceTests\bin\Debug\net6.0\AcceptanceTests.dll" adapterTypeName="executor://nunit3testexecutor/" className="AcceptanceTests.Features.Encryption.CryptoModuleFeature" name="CryptorIsAbleToProcessSampleFilesAsBinary(&quot;legacy&quot;,&quot;pubnubenigma&quot;,&quot;constant&quot;,&quot;file-legacy-civ.txt&quot;,&quot;file.txt&quot;,null)" />
    </UnitTest>
    <UnitTest name="EmptyStreamDataDecryptionShouldFail(&quot;acrh&quot;,&quot;pubnubenigma&quot;,&quot;-&quot;,&quot;empty-file-cryptor-v1-acrh.txt&quot;,null)" storage="d:\a\c-sharp\c-sharp\src\unittests\acceptancetests\bin\debug\net6.0\acceptancetests.dll" id="21d875cb-d7ef-e04a-3cc4-907443abf187">
      <Execution id="b031c1ab-c745-45ff-8353-d3d4194b5e74" />
      <TestMethod codeBase="D:\a\c-sharp\c-sharp\src\UnitTests\AcceptanceTests\bin\Debug\net6.0\AcceptanceTests.dll" adapterTypeName="executor://nunit3testexecutor/" className="AcceptanceTests.Features.Encryption.CryptoModuleFeature" name="EmptyStreamDataDecryptionShouldFail(&quot;acrh&quot;,&quot;pubnubenigma&quot;,&quot;-&quot;,&quot;empty-file-cryptor-v1-acrh.txt&quot;,null)" />
    </UnitTest>
    <UnitTest name="DataEncryptedWithLegacyAES_CBCCryptorIsDecryptableWithLegacyImplementation(&quot;pubnubenigma&quot;,&quot;constant&quot;,&quot;file.jpg&quot;,null)" storage="d:\a\c-sharp\c-sharp\src\unittests\acceptancetests\bin\debug\net6.0\acceptancetests.dll" id="e310fc10-3907-7ad0-6cbe-cc9e48d5e1fa">
      <Execution id="742f56ed-375a-4c71-b66f-46adf155be22" />
      <TestMethod codeBase="D:\a\c-sharp\c-sharp\src\UnitTests\AcceptanceTests\bin\Debug\net6.0\AcceptanceTests.dll" adapterTypeName="executor://nunit3testexecutor/" className="AcceptanceTests.Features.Encryption.CryptoModuleFeature" name="DataEncryptedWithLegacyAES_CBCCryptorIsDecryptableWithLegacyImplementation(&quot;pubnubenigma&quot;,&quot;constant&quot;,&quot;file.jpg&quot;,null)" />
    </UnitTest>
    <UnitTest name="CryptoModuleCanHandleEncryptedDataFromDifferentCryptors(&quot;acrh&quot;,&quot;legacy&quot;,&quot;pubnubenigma&quot;,&quot;random&quot;,&quot;file-legacy-riv.jpg&quot;,&quot;file.jpg&quot;,null)" storage="d:\a\c-sharp\c-sharp\src\unittests\acceptancetests\bin\debug\net6.0\acceptancetests.dll" id="31dac960-539b-5857-5a33-455fe8d5a38f">
      <Execution id="d661cb44-9053-4d7a-abb5-a60abbc16564" />
      <TestMethod codeBase="D:\a\c-sharp\c-sharp\src\UnitTests\AcceptanceTests\bin\Debug\net6.0\AcceptanceTests.dll" adapterTypeName="executor://nunit3testexecutor/" className="AcceptanceTests.Features.Encryption.CryptoModuleFeature" name="CryptoModuleCanHandleEncryptedDataFromDifferentCryptors(&quot;acrh&quot;,&quot;legacy&quot;,&quot;pubnubenigma&quot;,&quot;random&quot;,&quot;file-legacy-riv.jpg&quot;,&quot;file.jpg&quot;,null)" />
    </UnitTest>
    <UnitTest name="CryptorIsAbleToProcessSampleFilesAsBinary(&quot;acrh&quot;,&quot;pubnubenigma&quot;,&quot;-&quot;,&quot;file-cryptor-v1-acrh.jpg&quot;,&quot;file.jpg&quot;,null)" storage="d:\a\c-sharp\c-sharp\src\unittests\acceptancetests\bin\debug\net6.0\acceptancetests.dll" id="71353074-59f3-561d-2fde-c864cf9dfcb6">
      <Execution id="b0716077-9c59-4646-9dc0-306b14207cc4" />
      <TestMethod codeBase="D:\a\c-sharp\c-sharp\src\UnitTests\AcceptanceTests\bin\Debug\net6.0\AcceptanceTests.dll" adapterTypeName="executor://nunit3testexecutor/" className="AcceptanceTests.Features.Encryption.CryptoModuleFeature" name="CryptorIsAbleToProcessSampleFilesAsBinary(&quot;acrh&quot;,&quot;pubnubenigma&quot;,&quot;-&quot;,&quot;file-cryptor-v1-acrh.jpg&quot;,&quot;file.jpg&quot;,null)" />
    </UnitTest>
    <UnitTest name="RevokeATokenWithCharactersThatRequireUrlEncoding" storage="d:\a\c-sharp\c-sharp\src\unittests\acceptancetests\bin\debug\net6.0\acceptancetests.dll" id="b811bc2b-ac6c-1eab-5504-b3af1ec9a805">
      <Execution id="e25cb513-41e4-44d3-bbe1-9dd1d1f9ab3c" />
      <TestMethod codeBase="D:\a\c-sharp\c-sharp\src\UnitTests\AcceptanceTests\bin\Debug\net6.0\AcceptanceTests.dll" adapterTypeName="executor://nunit3testexecutor/" className="AcceptanceTests.Features.RevokeAnAccessTokenFeature" name="RevokeATokenWithCharactersThatRequireUrlEncoding" />
    </UnitTest>
    <UnitTest name="CryptorIsAbleToProcessSampleFilesAsStream(&quot;legacy&quot;,&quot;pubnubenigma&quot;,&quot;random&quot;,&quot;file-legacy-riv.jpg&quot;,&quot;file.jpg&quot;,null)" storage="d:\a\c-sharp\c-sharp\src\unittests\acceptancetests\bin\debug\net6.0\acceptancetests.dll" id="3b96f760-7a4a-da94-3ca5-8f27e0604482">
      <Execution id="044b3d94-ee96-4aec-87f8-be35defe7a81" />
      <TestMethod codeBase="D:\a\c-sharp\c-sharp\src\UnitTests\AcceptanceTests\bin\Debug\net6.0\AcceptanceTests.dll" adapterTypeName="executor://nunit3testexecutor/" className="AcceptanceTests.Features.Encryption.CryptoModuleFeature" name="CryptorIsAbleToProcessSampleFilesAsStream(&quot;legacy&quot;,&quot;pubnubenigma&quot;,&quot;random&quot;,&quot;file-legacy-riv.jpg&quot;,&quot;file.jpg&quot;,null)" />
    </UnitTest>
    <UnitTest name="CryptorIsAbleToProcessSampleFilesAsBinary(&quot;legacy&quot;,&quot;pubnubenigma&quot;,&quot;random&quot;,&quot;file-legacy-riv.txt&quot;,&quot;file.txt&quot;,null)" storage="d:\a\c-sharp\c-sharp\src\unittests\acceptancetests\bin\debug\net6.0\acceptancetests.dll" id="fb67481e-37a3-f171-7a64-13ebf12d3989">
      <Execution id="9a20032c-ad48-41c2-a145-39991ee6f89b" />
      <TestMethod codeBase="D:\a\c-sharp\c-sharp\src\UnitTests\AcceptanceTests\bin\Debug\net6.0\AcceptanceTests.dll" adapterTypeName="executor://nunit3testexecutor/" className="AcceptanceTests.Features.Encryption.CryptoModuleFeature" name="CryptorIsAbleToProcessSampleFilesAsBinary(&quot;legacy&quot;,&quot;pubnubenigma&quot;,&quot;random&quot;,&quot;file-legacy-riv.txt&quot;,&quot;file.txt&quot;,null)" />
    </UnitTest>
  </TestDefinitions>
  <TestEntries>
    <TestEntry testId="7f798889-8174-9314-5795-cf39887a4d5e" executionId="d142e97b-0bc0-4118-820e-d73f84334e34" testListId="8c84fa94-04c1-424b-9868-57a2d4851a1d" />
    <TestEntry testId="c824fd41-84e4-6d43-8411-04262c295a77" executionId="811586e6-2710-41c2-ad73-ad277f73b2b8" testListId="8c84fa94-04c1-424b-9868-57a2d4851a1d" />
    <TestEntry testId="b2c9c319-05d3-858f-ecdb-c785279a33e5" executionId="d19caf64-4aad-4803-a9ab-05177d379eb8" testListId="8c84fa94-04c1-424b-9868-57a2d4851a1d" />
    <TestEntry testId="1f73b5a1-d21f-1feb-a5dc-31aa30bfbe2c" executionId="3009f2c9-627d-4221-9536-2507859e9539" testListId="8c84fa94-04c1-424b-9868-57a2d4851a1d" />
    <TestEntry testId="0992672a-4884-80d0-5142-7d4a75036ed9" executionId="46a52618-b2e5-4686-b518-8d236484cf56" testListId="8c84fa94-04c1-424b-9868-57a2d4851a1d" />
    <TestEntry testId="3a8dac54-e42a-8256-0f95-9b2771dcaeda" executionId="ccf99e30-30da-4a08-8540-d45d2a5076ab" testListId="8c84fa94-04c1-424b-9868-57a2d4851a1d" />
    <TestEntry testId="f6a7a690-af73-fab8-0ebf-059ccdbb5495" executionId="57083435-5917-42fd-9cd2-cc5260802d95" testListId="8c84fa94-04c1-424b-9868-57a2d4851a1d" />
    <TestEntry testId="fb67481e-37a3-f171-7a64-13ebf12d3989" executionId="9a20032c-ad48-41c2-a145-39991ee6f89b" testListId="8c84fa94-04c1-424b-9868-57a2d4851a1d" />
    <TestEntry testId="238d7046-3682-e357-765d-2a21c813602e" executionId="d9671e1a-87ac-40cf-83b0-882d0dd503a1" testListId="8c84fa94-04c1-424b-9868-57a2d4851a1d" />
    <TestEntry testId="60e5b02d-603e-8172-2213-6ea7fd0250af" executionId="9a2f5c29-d1d8-4cb4-acb8-45697ffc4647" testListId="8c84fa94-04c1-424b-9868-57a2d4851a1d" />
    <TestEntry testId="aea0c1c8-e4f2-b00c-e2e5-3958a9100776" executionId="c6158d40-1a33-43e7-b5cd-045077459c64" testListId="8c84fa94-04c1-424b-9868-57a2d4851a1d" />
    <TestEntry testId="68a689f7-c4a6-51dd-490d-8e5b965feb8a" executionId="ce43f8af-0e0a-45a8-9a2c-ab8155c3bd1b" testListId="8c84fa94-04c1-424b-9868-57a2d4851a1d" />
    <TestEntry testId="798a8e71-c3a5-952d-b167-1f516fd90da6" executionId="5573f5ab-80ce-4187-a133-6cc2d2b35b99" testListId="8c84fa94-04c1-424b-9868-57a2d4851a1d" />
    <TestEntry testId="e310fc10-3907-7ad0-6cbe-cc9e48d5e1fa" executionId="742f56ed-375a-4c71-b66f-46adf155be22" testListId="8c84fa94-04c1-424b-9868-57a2d4851a1d" />
    <TestEntry testId="046e940e-ed7b-e2be-b9c9-fa82caaefa8a" executionId="af8b0c87-3da5-466c-850d-4c546c1e3ac3" testListId="8c84fa94-04c1-424b-9868-57a2d4851a1d" />
    <TestEntry testId="4abae91a-e1c2-11c6-c78e-4c0a98abeb41" executionId="34e71d62-a815-495b-8215-f103330ce990" testListId="8c84fa94-04c1-424b-9868-57a2d4851a1d" />
    <TestEntry testId="5a108f95-d949-be1c-ba70-794e5a89cb2c" executionId="03654782-94c0-470a-8dc1-40a1fd3cac56" testListId="8c84fa94-04c1-424b-9868-57a2d4851a1d" />
    <TestEntry testId="31dac960-539b-5857-5a33-455fe8d5a38f" executionId="d661cb44-9053-4d7a-abb5-a60abbc16564" testListId="8c84fa94-04c1-424b-9868-57a2d4851a1d" />
    <TestEntry testId="4dab3f58-f834-dddd-fa3d-a0f55f715d14" executionId="8714b107-f59f-449f-9310-6e899871a487" testListId="8c84fa94-04c1-424b-9868-57a2d4851a1d" />
    <TestEntry testId="cddd27ac-7387-0391-36be-b1b706556ac6" executionId="b560e50c-4446-42cf-9406-b65208a0f378" testListId="8c84fa94-04c1-424b-9868-57a2d4851a1d" />
    <TestEntry testId="bee75210-e3b0-c570-b8a4-c27baac780a1" executionId="a4c85b89-39f1-45d3-a463-82e09f2e574d" testListId="8c84fa94-04c1-424b-9868-57a2d4851a1d" />
    <TestEntry testId="8a1c2bbd-f61b-135c-270f-157e7106103a" executionId="23e53dba-172a-4220-acf4-dbf47c584d61" testListId="8c84fa94-04c1-424b-9868-57a2d4851a1d" />
    <TestEntry testId="42ca667a-a020-f899-567b-164563a5f68c" executionId="26d82b6b-ca47-49f5-add9-662366749483" testListId="8c84fa94-04c1-424b-9868-57a2d4851a1d" />
    <TestEntry testId="96ff7052-903d-d61a-0cb2-cdee63831172" executionId="64d8301b-2858-4cbf-94bb-573917dc8546" testListId="8c84fa94-04c1-424b-9868-57a2d4851a1d" />
    <TestEntry testId="2c1e01dd-81d9-12dc-ec1f-005830932e89" executionId="55d8950e-3377-4563-8951-9f7005c0e6f2" testListId="8c84fa94-04c1-424b-9868-57a2d4851a1d" />
    <TestEntry testId="446be40b-3f39-dc72-f797-9a3aa2aac484" executionId="b9824f60-3556-499a-95d2-fa04a3c8ed42" testListId="8c84fa94-04c1-424b-9868-57a2d4851a1d" />
    <TestEntry testId="07a0b332-7585-5132-2931-ba67f585bbfd" executionId="559324ea-e5cf-4ae3-a985-7e20077ed38e" testListId="8c84fa94-04c1-424b-9868-57a2d4851a1d" />
    <TestEntry testId="50604149-da7b-7eb8-2563-57d2dd368452" executionId="e2775183-abfb-4650-8692-996395e5edd5" testListId="8c84fa94-04c1-424b-9868-57a2d4851a1d" />
    <TestEntry testId="ba48247e-b680-05e2-ec8e-cd712552a6ee" executionId="a237756d-dba3-4791-96e4-ec57d370a432" testListId="8c84fa94-04c1-424b-9868-57a2d4851a1d" />
    <TestEntry testId="219f8da3-cc63-e002-72df-e2f549e52967" executionId="bf5fcdd6-9552-48bb-8c0d-32004363c18d" testListId="8c84fa94-04c1-424b-9868-57a2d4851a1d" />
    <TestEntry testId="ed3513bd-2d36-bad0-70c5-813865e78b06" executionId="8eb1516b-2ed9-4b5e-ae24-ed4f63dc7d9a" testListId="8c84fa94-04c1-424b-9868-57a2d4851a1d" />
    <TestEntry testId="4105838b-ea26-8a2c-f1e6-5dcc3df6f41b" executionId="77b44d04-4805-4848-9074-f55040d3eac7" testListId="8c84fa94-04c1-424b-9868-57a2d4851a1d" />
    <TestEntry testId="4f543121-4b4c-bb28-bba2-a9b2ac9eaaeb" executionId="8eeac1ba-1bf2-4c7c-989e-cd37bb978012" testListId="8c84fa94-04c1-424b-9868-57a2d4851a1d" />
    <TestEntry testId="3b96f760-7a4a-da94-3ca5-8f27e0604482" executionId="044b3d94-ee96-4aec-87f8-be35defe7a81" testListId="8c84fa94-04c1-424b-9868-57a2d4851a1d" />
    <TestEntry testId="23b61850-f73c-f5eb-17ca-9aaba5f44c54" executionId="f985d13f-3250-40f5-af73-55e303b345bf" testListId="8c84fa94-04c1-424b-9868-57a2d4851a1d" />
    <TestEntry testId="d5ad5871-c66b-34c9-1371-544f7c37d8f6" executionId="b063dedd-361a-4075-bdbc-b0674bfead06" testListId="8c84fa94-04c1-424b-9868-57a2d4851a1d" />
    <TestEntry testId="86189ae4-95f9-30e4-f4c6-bfa1b9898a62" executionId="ba1a3b30-08e1-41ec-b062-4c5c6cc9c77b" testListId="8c84fa94-04c1-424b-9868-57a2d4851a1d" />
    <TestEntry testId="02189687-8985-6806-f35e-66f7f45f4e75" executionId="6c76999a-e4e9-4ffd-b344-8dd70aedfbcd" testListId="8c84fa94-04c1-424b-9868-57a2d4851a1d" />
    <TestEntry testId="e592298e-a7bd-5e8f-cbb1-f5ba33b2dce9" executionId="774c7745-1fec-434e-9ae0-ef791ceb64d8" testListId="8c84fa94-04c1-424b-9868-57a2d4851a1d" />
    <TestEntry testId="f114629c-3c3b-e71d-e1df-1b4312712d85" executionId="f44127f1-557b-4295-9268-0863cfc509f1" testListId="8c84fa94-04c1-424b-9868-57a2d4851a1d" />
    <TestEntry testId="1500c2f1-f56e-3f8a-4b9e-769b5f983879" executionId="c3adcb7b-0987-4fe6-938c-2b8940e11905" testListId="8c84fa94-04c1-424b-9868-57a2d4851a1d" />
    <TestEntry testId="984e3d49-4d22-c80b-52c3-19191f62fda7" executionId="7052b37a-0351-42d6-b74d-de26b0a4965d" testListId="8c84fa94-04c1-424b-9868-57a2d4851a1d" />
    <TestEntry testId="d533b002-ecc8-a6e4-0a55-5406f8886899" executionId="54fdcf64-d817-415f-82fd-5bb421ea1d11" testListId="8c84fa94-04c1-424b-9868-57a2d4851a1d" />
    <TestEntry testId="5ef88e91-8d77-e81e-f266-0337c81fc15e" executionId="de3d4e76-9ab3-46c4-a7a9-893fac54c03b" testListId="8c84fa94-04c1-424b-9868-57a2d4851a1d" />
    <TestEntry testId="bc7a74bf-9a5b-2257-fa8b-50752bdbf702" executionId="aec9464a-1d12-43e3-a5e0-20318b251625" testListId="8c84fa94-04c1-424b-9868-57a2d4851a1d" />
    <TestEntry testId="5e071152-ee43-67c0-dc5d-67a966171b99" executionId="6ebc3978-33ff-4a8a-9b70-95acf6e55a8a" testListId="8c84fa94-04c1-424b-9868-57a2d4851a1d" />
    <TestEntry testId="bc8c5e9c-4b5f-8534-047c-bc0ab7c6f555" executionId="344977a5-dffb-4e21-847b-ad98d3fbb322" testListId="8c84fa94-04c1-424b-9868-57a2d4851a1d" />
    <TestEntry testId="947b833a-a96c-d64f-e9e3-0beaa935d4d5" executionId="7593f181-239a-435b-8e5d-9f99371deef2" testListId="8c84fa94-04c1-424b-9868-57a2d4851a1d" />
    <TestEntry testId="63f82b54-f147-1707-8ae8-1f771750a4c8" executionId="30dc7507-17e2-4ba3-a35f-691b2016a361" testListId="8c84fa94-04c1-424b-9868-57a2d4851a1d" />
    <TestEntry testId="3405a88a-853b-5aa4-dc52-211f74db4a9b" executionId="a5b27dfc-814d-4f34-b105-e46c17333f5e" testListId="8c84fa94-04c1-424b-9868-57a2d4851a1d" />
    <TestEntry testId="13df4a31-1d93-7796-89f0-9bafbf62cf1d" executionId="d7cdf4cc-a00a-47b9-95b5-0f8f048db9f6" testListId="8c84fa94-04c1-424b-9868-57a2d4851a1d" />
    <TestEntry testId="ea054fa2-926d-1779-cc57-db94ba1a4d6a" executionId="5c43c0f1-ad71-4766-b9ce-fa9a9cf655a0" testListId="8c84fa94-04c1-424b-9868-57a2d4851a1d" />
    <TestEntry testId="0153fbb0-e5a5-84d4-df77-b92e47c48a9b" executionId="0b8489e9-9e80-496d-89cb-72eb2b18754f" testListId="8c84fa94-04c1-424b-9868-57a2d4851a1d" />
    <TestEntry testId="6af2fe2f-9fc6-6af1-e346-da11b3a31319" executionId="2f557a50-7521-4abf-ad67-5a03dcd2212b" testListId="8c84fa94-04c1-424b-9868-57a2d4851a1d" />
    <TestEntry testId="17537441-5c46-b29c-7a15-7f733fa6a240" executionId="b51343c9-526a-4fe1-83fb-5ff2ef0a51d6" testListId="8c84fa94-04c1-424b-9868-57a2d4851a1d" />
    <TestEntry testId="85374129-b31e-6699-e3e3-35edfbf2f310" executionId="d245523b-3dd8-43cf-86c3-abfb4379f4ce" testListId="8c84fa94-04c1-424b-9868-57a2d4851a1d" />
    <TestEntry testId="84e090d8-441a-8861-c4e5-70620525fefd" executionId="698ba7dc-91fe-445b-9a8b-07d6d51a1c35" testListId="8c84fa94-04c1-424b-9868-57a2d4851a1d" />
    <TestEntry testId="78605226-9a65-4701-5dbe-74fd1152b767" executionId="20a98c2e-044f-4c17-be03-c165528cc45b" testListId="8c84fa94-04c1-424b-9868-57a2d4851a1d" />
    <TestEntry testId="9e948d14-1697-7020-7d46-e7d0ab1a839a" executionId="2aa0961d-fff8-419d-a417-11155b2de25f" testListId="8c84fa94-04c1-424b-9868-57a2d4851a1d" />
    <TestEntry testId="7acf7525-aaca-a5f2-7032-491d9caf1cf8" executionId="e2531ecf-56d6-402f-b41d-905db3747315" testListId="8c84fa94-04c1-424b-9868-57a2d4851a1d" />
    <TestEntry testId="f8d35157-2900-b4b5-1a17-900588c884a9" executionId="696e6cc5-7a5a-4d16-933c-47a2b1697619" testListId="8c84fa94-04c1-424b-9868-57a2d4851a1d" />
    <TestEntry testId="9d9c0b4d-df8d-d917-f4fe-624101bd0d52" executionId="0f41acf2-9378-40fb-9cd5-2bf3a295d335" testListId="8c84fa94-04c1-424b-9868-57a2d4851a1d" />
    <TestEntry testId="0f851786-a6db-a75b-11ec-b9549b68d0b8" executionId="93b58995-3ad7-4438-80b5-4eff0fb69df7" testListId="8c84fa94-04c1-424b-9868-57a2d4851a1d" />
    <TestEntry testId="02e294ba-02db-f21e-dc59-8e7c9444841f" executionId="f7924b20-0556-4d0f-9372-26e786ceed99" testListId="8c84fa94-04c1-424b-9868-57a2d4851a1d" />
    <TestEntry testId="9d2b950d-d4be-de51-1cfb-07073f6d6e13" executionId="22d9a78f-7e36-4dda-8a17-63048e1ff7ac" testListId="8c84fa94-04c1-424b-9868-57a2d4851a1d" />
    <TestEntry testId="4401ff2d-c38b-51a8-f6b5-791f859c7098" executionId="8870213f-2095-445c-b6b3-43f565d370aa" testListId="8c84fa94-04c1-424b-9868-57a2d4851a1d" />
    <TestEntry testId="71353074-59f3-561d-2fde-c864cf9dfcb6" executionId="b0716077-9c59-4646-9dc0-306b14207cc4" testListId="8c84fa94-04c1-424b-9868-57a2d4851a1d" />
    <TestEntry testId="0c1a37b6-b16e-3d65-7b38-756d59a051b1" executionId="22ebd6b0-0278-4d64-bf47-b7829306f5a7" testListId="8c84fa94-04c1-424b-9868-57a2d4851a1d" />
    <TestEntry testId="9ac60b24-db33-73cf-3bc9-bbcf0b66ab81" executionId="b7e8f23a-4783-48c1-b4cd-28ad31e7ea05" testListId="8c84fa94-04c1-424b-9868-57a2d4851a1d" />
    <TestEntry testId="984e3d49-4d22-c80b-52c3-19191f62fda7" executionId="82630781-2399-4fce-ae60-a717cf5313b5" testListId="8c84fa94-04c1-424b-9868-57a2d4851a1d" />
    <TestEntry testId="ed5af684-441e-e3d8-3bf2-a26f2fd3f117" executionId="9eff826c-55d5-4d61-9879-48227bff3be0" testListId="8c84fa94-04c1-424b-9868-57a2d4851a1d" />
    <TestEntry testId="d717777f-cd83-a14f-a06e-85ad7a167630" executionId="dc8c0078-012e-427a-89ed-2dc029be6bd1" testListId="8c84fa94-04c1-424b-9868-57a2d4851a1d" />
    <TestEntry testId="10a87c1f-7e7a-0e53-402e-aefcc00a21da" executionId="afef33d6-0554-42e5-9004-1fe76fcaa0d3" testListId="8c84fa94-04c1-424b-9868-57a2d4851a1d" />
    <TestEntry testId="ee450aac-5f02-8238-a55d-792600e33298" executionId="67958306-6315-4b9c-b36e-18bef7d6f0bb" testListId="8c84fa94-04c1-424b-9868-57a2d4851a1d" />
    <TestEntry testId="70fed881-ff3d-cf01-fc50-eec23bec4b15" executionId="cf0ae028-18ca-4434-89f1-1a43983c55ef" testListId="8c84fa94-04c1-424b-9868-57a2d4851a1d" />
    <TestEntry testId="d871c596-d51c-32a3-d78a-f9b6ed7868a8" executionId="c6ccae51-e55e-4828-b0b9-ddaf3c303b59" testListId="8c84fa94-04c1-424b-9868-57a2d4851a1d" />
    <TestEntry testId="19276ea0-e69e-d8c1-5f86-fbe82fc4defb" executionId="a7c3ea1e-7bc7-497e-ad32-7d84654c8996" testListId="8c84fa94-04c1-424b-9868-57a2d4851a1d" />
    <TestEntry testId="1680f939-c9a3-3184-e5e6-300d132ea901" executionId="0683863a-1dab-4a66-8db9-0d8152da6408" testListId="8c84fa94-04c1-424b-9868-57a2d4851a1d" />
    <TestEntry testId="785e20b7-0681-3d5e-8c02-431a4435768d" executionId="d8387b9a-860f-4ee5-af07-beec565792da" testListId="8c84fa94-04c1-424b-9868-57a2d4851a1d" />
    <TestEntry testId="040fb33d-7655-40ce-1cff-6bcf94c5cc47" executionId="a0cfa7ca-687c-401e-8e4a-c55bae391f0f" testListId="8c84fa94-04c1-424b-9868-57a2d4851a1d" />
    <TestEntry testId="19c50b46-2552-1ee8-9a15-6db5bb83fc13" executionId="033e5cba-11b7-4367-a4fe-d91f2fcedca7" testListId="8c84fa94-04c1-424b-9868-57a2d4851a1d" />
    <TestEntry testId="5271a851-e8d2-c42c-aad6-49024c68a9d5" executionId="60f2babc-755e-46fb-91e4-fd0d62069161" testListId="8c84fa94-04c1-424b-9868-57a2d4851a1d" />
    <TestEntry testId="b811bc2b-ac6c-1eab-5504-b3af1ec9a805" executionId="e25cb513-41e4-44d3-bbe1-9dd1d1f9ab3c" testListId="8c84fa94-04c1-424b-9868-57a2d4851a1d" />
    <TestEntry testId="2c1e01dd-81d9-12dc-ec1f-005830932e89" executionId="d59231d2-0c01-47dc-b041-b6a94ae36fe9" testListId="8c84fa94-04c1-424b-9868-57a2d4851a1d" />
    <TestEntry testId="21d875cb-d7ef-e04a-3cc4-907443abf187" executionId="b031c1ab-c745-45ff-8353-d3d4194b5e74" testListId="8c84fa94-04c1-424b-9868-57a2d4851a1d" />
    <TestEntry testId="be8b1c28-897b-72b1-79de-44eed3d3394f" executionId="ac9557d5-06dd-4183-921c-05bcb2c8e270" testListId="8c84fa94-04c1-424b-9868-57a2d4851a1d" />
    <TestEntry testId="bf64e30a-5c5e-95e0-c813-0cfcc293de1e" executionId="92713560-87bb-452d-8ef2-b76ab78563bb" testListId="8c84fa94-04c1-424b-9868-57a2d4851a1d" />
  </TestEntries>
  <TestLists>
    <TestList name="Results Not in a List" id="8c84fa94-04c1-424b-9868-57a2d4851a1d" />
    <TestList name="All Loaded Results" id="19431567-8539-422a-85d7-44ee4e166bda" />
  </TestLists>
  <ResultSummary outcome="Completed">
    <Counters total="87" executed="87" passed="87" failed="0" error="0" timeout="0" aborted="0" inconclusive="0" passedButRunAborted="0" notRunnable="0" notExecuted="0" disconnected="0" warning="0" completed="0" inProgress="0" pending="0" />
    <Output>
      <StdOut>NUnit Adapter 3.17.0.0: Test execution started&#xD;
Running all tests in D:\a\c-sharp\c-sharp\src\UnitTests\AcceptanceTests\bin\Debug\net6.0\AcceptanceTests.dll&#xD;
   NUnit3TestExecutor discovered 87 of 87 NUnit test cases&#xD;
Given Crypto module with 'acrh' cryptor&#xD;
-&gt; done: CryptoModuleSteps.GivenCryptoModuleWithCryptor("acrh") (0.0s)&#xD;
* with 'pubnubenigma' cipher key&#xD;
-&gt; done: CryptoModuleSteps.GivenWithCipherKey("pubnubenigma") (0.0s)&#xD;
When I decrypt 'file-legacy-civ.jpg' file&#xD;
-&gt; done: CryptoModuleSteps.WhenIDecryptFile("file-legacy-civ.jpg") (0.0s)&#xD;
Then I receive 'unknown cryptor error'&#xD;
-&gt; done: CryptoModuleSteps.ThenIReceive("unknown cryptor e...") (0.0s)&#xD;
&#xD;
Given Crypto module with 'acrh' cryptor&#xD;
-&gt; done: CryptoModuleSteps.GivenCryptoModuleWithCryptor("acrh") (0.0s)&#xD;
* with 'pubnubenigma' cipher key&#xD;
-&gt; done: CryptoModuleSteps.GivenWithCipherKey("pubnubenigma") (0.0s)&#xD;
When I decrypt 'file-cryptor-no-version.txt' file&#xD;
-&gt; done: CryptoModuleSteps.WhenIDecryptFile("file-cryptor-no-v...") (0.0s)&#xD;
Then I receive 'decryption error'&#xD;
-&gt; done: CryptoModuleSteps.ThenIReceive("decryption error") (0.0s)&#xD;
&#xD;
Given Crypto module with 'acrh' cryptor&#xD;
-&gt; done: CryptoModuleSteps.GivenCryptoModuleWithCryptor("acrh") (0.0s)&#xD;
* with 'pubnubenigma' cipher key&#xD;
-&gt; done: CryptoModuleSteps.GivenWithCipherKey("pubnubenigma") (0.0s)&#xD;
When I decrypt 'file-cryptor-unknown-acrh.jpg' file&#xD;
-&gt; done: CryptoModuleSteps.WhenIDecryptFile("file-cryptor-unkn...") (0.0s)&#xD;
Then I receive 'unknown cryptor error'&#xD;
-&gt; done: CryptoModuleSteps.ThenIReceive("unknown cryptor e...") (0.0s)&#xD;
&#xD;
Given Crypto module with 'acrh' cryptor&#xD;
-&gt; done: CryptoModuleSteps.GivenCryptoModuleWithCryptor("acrh") (0.0s)&#xD;
* with 'pubnubenigma' cipher key&#xD;
-&gt; done: CryptoModuleSteps.GivenWithCipherKey("pubnubenigma") (0.0s)&#xD;
When I decrypt 'file-cryptor-v1-short.txt' file&#xD;
-&gt; done: CryptoModuleSteps.WhenIDecryptFile("file-cryptor-v1-s...") (0.0s)&#xD;
Then I receive 'decryption error'&#xD;
-&gt; done: CryptoModuleSteps.ThenIReceive("decryption error") (0.0s)&#xD;
&#xD;
Given Crypto module with 'acrh' cryptor&#xD;
-&gt; done: CryptoModuleSteps.GivenCryptoModuleWithCryptor("acrh") (0.0s)&#xD;
* with 'pubnubenigma' cipher key&#xD;
-&gt; done: CryptoModuleSteps.GivenWithCipherKey("pubnubenigma") (0.0s)&#xD;
When I decrypt 'file-cryptor-v1-unknown.txt' file&#xD;
-&gt; done: CryptoModuleSteps.WhenIDecryptFile("file-cryptor-v1-u...") (0.0s)&#xD;
Then I receive 'unknown cryptor error'&#xD;
-&gt; done: CryptoModuleSteps.ThenIReceive("unknown cryptor e...") (0.0s)&#xD;
&#xD;
Given Crypto module with 'acrh' cryptor&#xD;
-&gt; done: CryptoModuleSteps.GivenCryptoModuleWithCryptor("acrh") (0.0s)&#xD;
* with 'pubnubenigma' cipher key&#xD;
-&gt; done: CryptoModuleSteps.GivenWithCipherKey("pubnubenigma") (0.0s)&#xD;
When I decrypt 'empty-file-cryptor-v1-acrh.txt' file&#xD;
-&gt; done: CryptoModuleSteps.WhenIDecryptFile("empty-file-crypto...") (0.0s)&#xD;
Then I receive 'decryption error'&#xD;
-&gt; done: CryptoModuleSteps.ThenIReceive("decryption error") (0.0s)&#xD;
&#xD;
Given Crypto module with 'acrh' cryptor&#xD;
-&gt; done: CryptoModuleSteps.GivenCryptoModuleWithCryptor("acrh") (0.0s)&#xD;
* with 'pubnubenigma' cipher key&#xD;
-&gt; done: CryptoModuleSteps.GivenWithCipherKey("pubnubenigma") (0.0s)&#xD;
When I decrypt 'file-cryptor-v1-acrh.jpg' file&#xD;
-&gt; done: CryptoModuleSteps.WhenIDecryptFile("file-cryptor-v1-a...") (0.0s)&#xD;
Then I receive 'success'&#xD;
-&gt; done: CryptoModuleSteps.ThenIReceive("success") (0.0s)&#xD;
&#xD;
Given Crypto module with default 'legacy' and additional 'acrh' cryptors&#xD;
-&gt; done: CryptoModuleSteps.GivenCryptoModuleWithDefaultAndAdditionalCryptors("legacy", "acrh") (0.0s)&#xD;
* with 'pubnubenigma' cipher key&#xD;
-&gt; done: CryptoModuleSteps.GivenWithCipherKey("pubnubenigma") (0.0s)&#xD;
* with 'constant' vector&#xD;
-&gt; done: CryptoModuleSteps.GivenWithVector("constant") (0.0s)&#xD;
When I decrypt 'file-cryptor-legacy-civ.jpg' file as 'binary'&#xD;
-&gt; done: CryptoModuleSteps.WhenIDecryptFileAs("file-cryptor-lega...", "binary") (0.0s)&#xD;
Then Decrypted file content equal to the 'file.jpg' file content&#xD;
-&gt; done: CryptoModuleSteps.ThenDecryptedFileContentEqualToTheFileContent("file.jpg") (0.0s)&#xD;
&#xD;
Given Crypto module with default 'acrh' and additional 'legacy' cryptors&#xD;
-&gt; done: CryptoModuleSteps.GivenCryptoModuleWithDefaultAndAdditionalCryptors("acrh", "legacy") (0.0s)&#xD;
* with 'pubnubenigma' cipher key&#xD;
-&gt; done: CryptoModuleSteps.GivenWithCipherKey("pubnubenigma") (0.0s)&#xD;
* with 'random' vector&#xD;
-&gt; done: CryptoModuleSteps.GivenWithVector("random") (0.0s)&#xD;
When I decrypt 'file-legacy-riv.jpg' file as 'binary'&#xD;
-&gt; done: CryptoModuleSteps.WhenIDecryptFileAs("file-legacy-riv.jpg", "binary") (0.0s)&#xD;
Then Decrypted file content equal to the 'file.jpg' file content&#xD;
-&gt; done: CryptoModuleSteps.ThenDecryptedFileContentEqualToTheFileContent("file.jpg") (0.0s)&#xD;
&#xD;
Given Crypto module with 'legacy' cryptor&#xD;
-&gt; done: CryptoModuleSteps.GivenCryptoModuleWithCryptor("legacy") (0.0s)&#xD;
* with 'pubnubenigma' cipher key&#xD;
-&gt; done: CryptoModuleSteps.GivenWithCipherKey("pubnubenigma") (0.0s)&#xD;
* with 'constant' vector&#xD;
-&gt; done: CryptoModuleSteps.GivenWithVector("constant") (0.0s)&#xD;
When I decrypt 'file-cryptor-legacy-civ.jpg' file as 'binary'&#xD;
-&gt; done: CryptoModuleSteps.WhenIDecryptFileAs("file-cryptor-lega...", "binary") (0.0s)&#xD;
Then Decrypted file content equal to the 'file.jpg' file content&#xD;
-&gt; done: CryptoModuleSteps.ThenDecryptedFileContentEqualToTheFileContent("file.jpg") (0.0s)&#xD;
&#xD;
Given Crypto module with 'legacy' cryptor&#xD;
-&gt; done: CryptoModuleSteps.GivenCryptoModuleWithCryptor("legacy") (0.0s)&#xD;
* with 'pubnubenigma' cipher key&#xD;
-&gt; done: CryptoModuleSteps.GivenWithCipherKey("pubnubenigma") (0.0s)&#xD;
* with 'random' vector&#xD;
-&gt; done: CryptoModuleSteps.GivenWithVector("random") (0.0s)&#xD;
When I decrypt 'file-cryptor-legacy-riv.jpg' file as 'binary'&#xD;
-&gt; done: CryptoModuleSteps.WhenIDecryptFileAs("file-cryptor-lega...", "binary") (0.0s)&#xD;
Then Decrypted file content equal to the 'file.jpg' file content&#xD;
-&gt; done: CryptoModuleSteps.ThenDecryptedFileContentEqualToTheFileContent("file.jpg") (0.0s)&#xD;
&#xD;
Given Crypto module with 'legacy' cryptor&#xD;
-&gt; done: CryptoModuleSteps.GivenCryptoModuleWithCryptor("legacy") (0.0s)&#xD;
* with 'pubnubenigma' cipher key&#xD;
-&gt; done: CryptoModuleSteps.GivenWithCipherKey("pubnubenigma") (0.0s)&#xD;
* with 'constant' vector&#xD;
-&gt; done: CryptoModuleSteps.GivenWithVector("constant") (0.0s)&#xD;
When I decrypt 'file-cryptor-legacy-civ.txt' file as 'binary'&#xD;
-&gt; done: CryptoModuleSteps.WhenIDecryptFileAs("file-cryptor-lega...", "binary") (0.0s)&#xD;
Then Decrypted file content equal to the 'file.txt' file content&#xD;
-&gt; done: CryptoModuleSteps.ThenDecryptedFileContentEqualToTheFileContent("file.txt") (0.0s)&#xD;
&#xD;
Given Crypto module with 'legacy' cryptor&#xD;
-&gt; done: CryptoModuleSteps.GivenCryptoModuleWithCryptor("legacy") (0.0s)&#xD;
* with 'pubnubenigma' cipher key&#xD;
-&gt; done: CryptoModuleSteps.GivenWithCipherKey("pubnubenigma") (0.0s)&#xD;
* with 'random' vector&#xD;
-&gt; done: CryptoModuleSteps.GivenWithVector("random") (0.0s)&#xD;
When I decrypt 'file-cryptor-legacy-riv.txt' file as 'binary'&#xD;
-&gt; done: CryptoModuleSteps.WhenIDecryptFileAs("file-cryptor-lega...", "binary") (0.0s)&#xD;
Then Decrypted file content equal to the 'file.txt' file content&#xD;
-&gt; done: CryptoModuleSteps.ThenDecryptedFileContentEqualToTheFileContent("file.txt") (0.0s)&#xD;
&#xD;
Given Crypto module with 'legacy' cryptor&#xD;
-&gt; done: CryptoModuleSteps.GivenCryptoModuleWithCryptor("legacy") (0.0s)&#xD;
* with 'pubnubenigma' cipher key&#xD;
-&gt; done: CryptoModuleSteps.GivenWithCipherKey("pubnubenigma") (0.0s)&#xD;
* with 'constant' vector&#xD;
-&gt; done: CryptoModuleSteps.GivenWithVector("constant") (0.0s)&#xD;
When I decrypt 'file-legacy-civ.jpg' file as 'binary'&#xD;
-&gt; done: CryptoModuleSteps.WhenIDecryptFileAs("file-legacy-civ.jpg", "binary") (0.0s)&#xD;
Then Decrypted file content equal to the 'file.jpg' file content&#xD;
-&gt; done: CryptoModuleSteps.ThenDecryptedFileContentEqualToTheFileContent("file.jpg") (0.0s)&#xD;
&#xD;
Given Crypto module with 'legacy' cryptor&#xD;
-&gt; done: CryptoModuleSteps.GivenCryptoModuleWithCryptor("legacy") (0.0s)&#xD;
* with 'pubnubenigma' cipher key&#xD;
-&gt; done: CryptoModuleSteps.GivenWithCipherKey("pubnubenigma") (0.0s)&#xD;
* with 'random' vector&#xD;
-&gt; done: CryptoModuleSteps.GivenWithVector("random") (0.0s)&#xD;
When I decrypt 'file-legacy-riv.jpg' file as 'binary'&#xD;
-&gt; done: CryptoModuleSteps.WhenIDecryptFileAs("file-legacy-riv.jpg", "binary") (0.0s)&#xD;
Then Decrypted file content equal to the 'file.jpg' file content&#xD;
-&gt; done: CryptoModuleSteps.ThenDecryptedFileContentEqualToTheFileContent("file.jpg") (0.0s)&#xD;
&#xD;
Given Crypto module with 'legacy' cryptor&#xD;
-&gt; done: CryptoModuleSteps.GivenCryptoModuleWithCryptor("legacy") (0.0s)&#xD;
* with 'pubnubenigma' cipher key&#xD;
-&gt; done: CryptoModuleSteps.GivenWithCipherKey("pubnubenigma") (0.0s)&#xD;
* with 'constant' vector&#xD;
-&gt; done: CryptoModuleSteps.GivenWithVector("constant") (0.0s)&#xD;
When I decrypt 'file-legacy-civ.txt' file as 'binary'&#xD;
-&gt; done: CryptoModuleSteps.WhenIDecryptFileAs("file-legacy-civ.txt", "binary") (0.0s)&#xD;
Then Decrypted file content equal to the 'file.txt' file content&#xD;
-&gt; done: CryptoModuleSteps.ThenDecryptedFileContentEqualToTheFileContent("file.txt") (0.0s)&#xD;
&#xD;
Given Crypto module with 'legacy' cryptor&#xD;
-&gt; done: CryptoModuleSteps.GivenCryptoModuleWithCryptor("legacy") (0.0s)&#xD;
* with 'pubnubenigma' cipher key&#xD;
-&gt; done: CryptoModuleSteps.GivenWithCipherKey("pubnubenigma") (0.0s)&#xD;
* with 'random' vector&#xD;
-&gt; done: CryptoModuleSteps.GivenWithVector("random") (0.0s)&#xD;
When I decrypt 'file-legacy-riv.txt' file as 'binary'&#xD;
-&gt; done: CryptoModuleSteps.WhenIDecryptFileAs("file-legacy-riv.txt", "binary") (0.0s)&#xD;
Then Decrypted file content equal to the 'file.txt' file content&#xD;
-&gt; done: CryptoModuleSteps.ThenDecryptedFileContentEqualToTheFileContent("file.txt") (0.0s)&#xD;
&#xD;
Given Crypto module with 'acrh' cryptor&#xD;
-&gt; done: CryptoModuleSteps.GivenCryptoModuleWithCryptor("acrh") (0.0s)&#xD;
* with 'pubnubenigma' cipher key&#xD;
-&gt; done: CryptoModuleSteps.GivenWithCipherKey("pubnubenigma") (0.0s)&#xD;
* with '-' vector&#xD;
-&gt; done: CryptoModuleSteps.GivenWithVector("-") (0.0s)&#xD;
When I decrypt 'file-cryptor-v1-acrh.jpg' file as 'binary'&#xD;
-&gt; done: CryptoModuleSteps.WhenIDecryptFileAs("file-cryptor-v1-a...", "binary") (0.0s)&#xD;
Then Decrypted file content equal to the 'file.jpg' file content&#xD;
-&gt; done: CryptoModuleSteps.ThenDecryptedFileContentEqualToTheFileContent("file.jpg") (0.0s)&#xD;
&#xD;
Given Crypto module with 'acrh' cryptor&#xD;
-&gt; done: CryptoModuleSteps.GivenCryptoModuleWithCryptor("acrh") (0.0s)&#xD;
* with 'pubnubenigma' cipher key&#xD;
-&gt; done: CryptoModuleSteps.GivenWithCipherKey("pubnubenigma") (0.0s)&#xD;
* with '-' vector&#xD;
-&gt; done: CryptoModuleSteps.GivenWithVector("-") (0.0s)&#xD;
When I decrypt 'file-cryptor-v1-acrh.txt' file as 'binary'&#xD;
-&gt; done: CryptoModuleSteps.WhenIDecryptFileAs("file-cryptor-v1-a...", "binary") (0.0s)&#xD;
Then Decrypted file content equal to the 'file.txt' file content&#xD;
-&gt; done: CryptoModuleSteps.ThenDecryptedFileContentEqualToTheFileContent("file.txt") (0.0s)&#xD;
&#xD;
Given Crypto module with 'legacy' cryptor&#xD;
-&gt; done: CryptoModuleSteps.GivenCryptoModuleWithCryptor("legacy") (0.0s)&#xD;
* with 'pubnubenigma' cipher key&#xD;
-&gt; done: CryptoModuleSteps.GivenWithCipherKey("pubnubenigma") (0.0s)&#xD;
* with 'random' vector&#xD;
-&gt; done: CryptoModuleSteps.GivenWithVector("random") (0.0s)&#xD;
When I decrypt 'file-cryptor-legacy-riv.jpg' file as 'stream'&#xD;
-&gt; done: CryptoModuleSteps.WhenIDecryptFileAs("file-cryptor-lega...", "stream") (0.0s)&#xD;
Then Decrypted file content equal to the 'file.jpg' file content&#xD;
-&gt; done: CryptoModuleSteps.ThenDecryptedFileContentEqualToTheFileContent("file.jpg") (0.0s)&#xD;
&#xD;
Given Crypto module with 'legacy' cryptor&#xD;
-&gt; done: CryptoModuleSteps.GivenCryptoModuleWithCryptor("legacy") (0.0s)&#xD;
* with 'pubnubenigma' cipher key&#xD;
-&gt; done: CryptoModuleSteps.GivenWithCipherKey("pubnubenigma") (0.0s)&#xD;
* with 'random' vector&#xD;
-&gt; done: CryptoModuleSteps.GivenWithVector("random") (0.0s)&#xD;
When I decrypt 'file-cryptor-legacy-riv.txt' file as 'stream'&#xD;
-&gt; done: CryptoModuleSteps.WhenIDecryptFileAs("file-cryptor-lega...", "stream") (0.0s)&#xD;
Then Decrypted file content equal to the 'file.txt' file content&#xD;
-&gt; done: CryptoModuleSteps.ThenDecryptedFileContentEqualToTheFileContent("file.txt") (0.0s)&#xD;
&#xD;
Given Crypto module with 'legacy' cryptor&#xD;
-&gt; done: CryptoModuleSteps.GivenCryptoModuleWithCryptor("legacy") (0.0s)&#xD;
* with 'pubnubenigma' cipher key&#xD;
-&gt; done: CryptoModuleSteps.GivenWithCipherKey("pubnubenigma") (0.0s)&#xD;
* with 'random' vector&#xD;
-&gt; done: CryptoModuleSteps.GivenWithVector("random") (0.0s)&#xD;
When I decrypt 'file-legacy-riv.jpg' file as 'stream'&#xD;
-&gt; done: CryptoModuleSteps.WhenIDecryptFileAs("file-legacy-riv.jpg", "stream") (0.0s)&#xD;
Then Decrypted file content equal to the 'file.jpg' file content&#xD;
-&gt; done: CryptoModuleSteps.ThenDecryptedFileContentEqualToTheFileContent("file.jpg") (0.0s)&#xD;
&#xD;
Given Crypto module with 'legacy' cryptor&#xD;
-&gt; done: CryptoModuleSteps.GivenCryptoModuleWithCryptor("legacy") (0.0s)&#xD;
* with 'pubnubenigma' cipher key&#xD;
-&gt; done: CryptoModuleSteps.GivenWithCipherKey("pubnubenigma") (0.0s)&#xD;
* with 'random' vector&#xD;
-&gt; done: CryptoModuleSteps.GivenWithVector("random") (0.0s)&#xD;
When I decrypt 'file-legacy-riv.txt' file as 'stream'&#xD;
-&gt; done: CryptoModuleSteps.WhenIDecryptFileAs("file-legacy-riv.txt", "stream") (0.0s)&#xD;
Then Decrypted file content equal to the 'file.txt' file content&#xD;
-&gt; done: CryptoModuleSteps.ThenDecryptedFileContentEqualToTheFileContent("file.txt") (0.0s)&#xD;
&#xD;
Given Crypto module with 'acrh' cryptor&#xD;
-&gt; done: CryptoModuleSteps.GivenCryptoModuleWithCryptor("acrh") (0.0s)&#xD;
* with 'pubnubenigma' cipher key&#xD;
-&gt; done: CryptoModuleSteps.GivenWithCipherKey("pubnubenigma") (0.0s)&#xD;
* with '-' vector&#xD;
-&gt; done: CryptoModuleSteps.GivenWithVector("-") (0.0s)&#xD;
When I decrypt 'file-cryptor-v1-acrh.jpg' file as 'stream'&#xD;
-&gt; done: CryptoModuleSteps.WhenIDecryptFileAs("file-cryptor-v1-a...", "stream") (0.0s)&#xD;
Then Decrypted file content equal to the 'file.jpg' file content&#xD;
-&gt; done: CryptoModuleSteps.ThenDecryptedFileContentEqualToTheFileContent("file.jpg") (0.0s)&#xD;
&#xD;
Given Crypto module with 'acrh' cryptor&#xD;
-&gt; done: CryptoModuleSteps.GivenCryptoModuleWithCryptor("acrh") (0.0s)&#xD;
* with 'pubnubenigma' cipher key&#xD;
-&gt; done: CryptoModuleSteps.GivenWithCipherKey("pubnubenigma") (0.0s)&#xD;
* with '-' vector&#xD;
-&gt; done: CryptoModuleSteps.GivenWithVector("-") (0.0s)&#xD;
When I decrypt 'file-cryptor-v1-acrh.txt' file as 'stream'&#xD;
-&gt; done: CryptoModuleSteps.WhenIDecryptFileAs("file-cryptor-v1-a...", "stream") (0.0s)&#xD;
Then Decrypted file content equal to the 'file.txt' file content&#xD;
-&gt; done: CryptoModuleSteps.ThenDecryptedFileContentEqualToTheFileContent("file.txt") (0.0s)&#xD;
&#xD;
Given Crypto module with 'legacy' cryptor&#xD;
-&gt; done: CryptoModuleSteps.GivenCryptoModuleWithCryptor("legacy") (0.0s)&#xD;
* with 'pubnubenigma' cipher key&#xD;
-&gt; done: CryptoModuleSteps.GivenWithCipherKey("pubnubenigma") (0.0s)&#xD;
* with 'random' vector&#xD;
-&gt; done: CryptoModuleSteps.GivenWithVector("random") (0.0s)&#xD;
Given Legacy code with 'pubnubenigma' cipher key and 'random' vector&#xD;
-&gt; done: CryptoModuleSteps.GivenLegacyCodeWithCipherKeyAndVector("pubnubenigma", "random") (0.0s)&#xD;
When I encrypt 'file.jpg' file as 'binary'&#xD;
-&gt; done: CryptoModuleSteps.WhenIEncryptFileAs("file.jpg", "binary") (0.0s)&#xD;
Then Successfully decrypt an encrypted file with legacy code&#xD;
-&gt; done: CryptoModuleSteps.ThenSuccessfullyDecryptAnEncryptedFileWithLegacyCode() (0.0s)&#xD;
&#xD;
Given Crypto module with 'legacy' cryptor&#xD;
-&gt; done: CryptoModuleSteps.GivenCryptoModuleWithCryptor("legacy") (0.0s)&#xD;
* with 'pubnubenigma' cipher key&#xD;
-&gt; done: CryptoModuleSteps.GivenWithCipherKey("pubnubenigma") (0.0s)&#xD;
* with 'constant' vector&#xD;
-&gt; done: CryptoModuleSteps.GivenWithVector("constant") (0.0s)&#xD;
Given Legacy code with 'pubnubenigma' cipher key and 'constant' vector&#xD;
-&gt; done: CryptoModuleSteps.GivenLegacyCodeWithCipherKeyAndVector("pubnubenigma", "constant") (0.0s)&#xD;
When I encrypt 'file.jpg' file as 'binary'&#xD;
-&gt; done: CryptoModuleSteps.WhenIEncryptFileAs("file.jpg", "binary") (0.0s)&#xD;
Then Successfully decrypt an encrypted file with legacy code&#xD;
-&gt; done: CryptoModuleSteps.ThenSuccessfullyDecryptAnEncryptedFileWithLegacyCode() (0.0s)&#xD;
&#xD;
Given Crypto module with 'legacy' cryptor&#xD;
-&gt; done: CryptoModuleSteps.GivenCryptoModuleWithCryptor("legacy") (0.0s)&#xD;
* with 'pubnubenigma' cipher key&#xD;
-&gt; done: CryptoModuleSteps.GivenWithCipherKey("pubnubenigma") (0.0s)&#xD;
* with 'random' vector&#xD;
-&gt; done: CryptoModuleSteps.GivenWithVector("random") (0.0s)&#xD;
Given Legacy code with 'pubnubenigma' cipher key and 'random' vector&#xD;
-&gt; done: CryptoModuleSteps.GivenLegacyCodeWithCipherKeyAndVector("pubnubenigma", "random") (0.0s)&#xD;
When I encrypt 'file.txt' file as 'binary'&#xD;
-&gt; done: CryptoModuleSteps.WhenIEncryptFileAs("file.txt", "binary") (0.0s)&#xD;
Then Successfully decrypt an encrypted file with legacy code&#xD;
-&gt; done: CryptoModuleSteps.ThenSuccessfullyDecryptAnEncryptedFileWithLegacyCode() (0.0s)&#xD;
&#xD;
Given Crypto module with 'legacy' cryptor&#xD;
-&gt; done: CryptoModuleSteps.GivenCryptoModuleWithCryptor("legacy") (0.0s)&#xD;
* with 'pubnubenigma' cipher key&#xD;
-&gt; done: CryptoModuleSteps.GivenWithCipherKey("pubnubenigma") (0.0s)&#xD;
* with 'constant' vector&#xD;
-&gt; done: CryptoModuleSteps.GivenWithVector("constant") (0.0s)&#xD;
Given Legacy code with 'pubnubenigma' cipher key and 'constant' vector&#xD;
-&gt; done: CryptoModuleSteps.GivenLegacyCodeWithCipherKeyAndVector("pubnubenigma", "constant") (0.0s)&#xD;
When I encrypt 'file.txt' file as 'binary'&#xD;
-&gt; done: CryptoModuleSteps.WhenIEncryptFileAs("file.txt", "binary") (0.0s)&#xD;
Then Successfully decrypt an encrypted file with legacy code&#xD;
-&gt; done: CryptoModuleSteps.ThenSuccessfullyDecryptAnEncryptedFileWithLegacyCode() (0.0s)&#xD;
&#xD;
Given Crypto module with 'legacy' cryptor&#xD;
-&gt; done: CryptoModuleSteps.GivenCryptoModuleWithCryptor("legacy") (0.0s)&#xD;
* with 'pubnubenigma' cipher key&#xD;
-&gt; done: CryptoModuleSteps.GivenWithCipherKey("pubnubenigma") (0.0s)&#xD;
* with 'constant' vector&#xD;
-&gt; done: CryptoModuleSteps.GivenWithVector("constant") (0.0s)&#xD;
When I decrypt 'empty-file.txt' file as 'binary'&#xD;
-&gt; done: CryptoModuleSteps.WhenIDecryptFileAs("empty-file.txt", "binary") (0.0s)&#xD;
Then I receive 'decryption error'&#xD;
-&gt; done: CryptoModuleSteps.ThenIReceive("decryption error") (0.0s)&#xD;
&#xD;
Given Crypto module with 'legacy' cryptor&#xD;
-&gt; done: CryptoModuleSteps.GivenCryptoModuleWithCryptor("legacy") (0.0s)&#xD;
* with 'pubnubenigma' cipher key&#xD;
-&gt; done: CryptoModuleSteps.GivenWithCipherKey("pubnubenigma") (0.0s)&#xD;
* with 'random' vector&#xD;
-&gt; done: CryptoModuleSteps.GivenWithVector("random") (0.0s)&#xD;
When I decrypt 'empty-file.txt' file as 'binary'&#xD;
-&gt; done: CryptoModuleSteps.WhenIDecryptFileAs("empty-file.txt", "binary") (0.0s)&#xD;
Then I receive 'decryption error'&#xD;
-&gt; done: CryptoModuleSteps.ThenIReceive("decryption error") (0.0s)&#xD;
&#xD;
Given Crypto module with 'acrh' cryptor&#xD;
-&gt; done: CryptoModuleSteps.GivenCryptoModuleWithCryptor("acrh") (0.0s)&#xD;
* with 'pubnubenigma' cipher key&#xD;
-&gt; done: CryptoModuleSteps.GivenWithCipherKey("pubnubenigma") (0.0s)&#xD;
* with '-' vector&#xD;
-&gt; done: CryptoModuleSteps.GivenWithVector("-") (0.0s)&#xD;
When I decrypt 'empty-file.txt' file as 'binary'&#xD;
-&gt; done: CryptoModuleSteps.WhenIDecryptFileAs("empty-file.txt", "binary") (0.0s)&#xD;
Then I receive 'decryption error'&#xD;
-&gt; done: CryptoModuleSteps.ThenIReceive("decryption error") (0.0s)&#xD;
&#xD;
Given Crypto module with 'legacy' cryptor&#xD;
-&gt; done: CryptoModuleSteps.GivenCryptoModuleWithCryptor("legacy") (0.0s)&#xD;
* with 'pubnubenigma' cipher key&#xD;
-&gt; done: CryptoModuleSteps.GivenWithCipherKey("pubnubenigma") (0.0s)&#xD;
* with 'random' vector&#xD;
-&gt; done: CryptoModuleSteps.GivenWithVector("random") (0.0s)&#xD;
When I decrypt 'empty-file-cryptor-legacy-riv.txt' file as 'binary'&#xD;
-&gt; done: CryptoModuleSteps.WhenIDecryptFileAs("empty-file-crypto...", "binary") (0.0s)&#xD;
Then I receive 'decryption error'&#xD;
-&gt; done: CryptoModuleSteps.ThenIReceive("decryption error") (0.0s)&#xD;
&#xD;
Given Crypto module with 'acrh' cryptor&#xD;
-&gt; done: CryptoModuleSteps.GivenCryptoModuleWithCryptor("acrh") (0.0s)&#xD;
* with 'pubnubenigma' cipher key&#xD;
-&gt; done: CryptoModuleSteps.GivenWithCipherKey("pubnubenigma") (0.0s)&#xD;
* with '-' vector&#xD;
-&gt; done: CryptoModuleSteps.GivenWithVector("-") (0.0s)&#xD;
When I decrypt 'empty-file-cryptor-v1-acrh.txt' file as 'binary'&#xD;
-&gt; done: CryptoModuleSteps.WhenIDecryptFileAs("empty-file-crypto...", "binary") (0.0s)&#xD;
Then I receive 'decryption error'&#xD;
-&gt; done: CryptoModuleSteps.ThenIReceive("decryption error") (0.0s)&#xD;
&#xD;
Given Crypto module with 'legacy' cryptor&#xD;
-&gt; done: CryptoModuleSteps.GivenCryptoModuleWithCryptor("legacy") (0.0s)&#xD;
* with 'pubnubenigma' cipher key&#xD;
-&gt; done: CryptoModuleSteps.GivenWithCipherKey("pubnubenigma") (0.0s)&#xD;
* with 'constant' vector&#xD;
-&gt; done: CryptoModuleSteps.GivenWithVector("constant") (0.0s)&#xD;
When I encrypt 'empty-file.txt' file as 'binary'&#xD;
-&gt; done: CryptoModuleSteps.WhenIEncryptFileAs("empty-file.txt", "binary") (0.0s)&#xD;
Then I receive 'encryption error'&#xD;
-&gt; done: CryptoModuleSteps.ThenIReceive("encryption error") (0.0s)&#xD;
&#xD;
Given Crypto module with 'legacy' cryptor&#xD;
-&gt; done: CryptoModuleSteps.GivenCryptoModuleWithCryptor("legacy") (0.0s)&#xD;
* with 'pubnubenigma' cipher key&#xD;
-&gt; done: CryptoModuleSteps.GivenWithCipherKey("pubnubenigma") (0.0s)&#xD;
* with 'random' vector&#xD;
-&gt; done: CryptoModuleSteps.GivenWithVector("random") (0.0s)&#xD;
When I encrypt 'empty-file.txt' file as 'binary'&#xD;
-&gt; done: CryptoModuleSteps.WhenIEncryptFileAs("empty-file.txt", "binary") (0.0s)&#xD;
Then I receive 'encryption error'&#xD;
-&gt; done: CryptoModuleSteps.ThenIReceive("encryption error") (0.0s)&#xD;
&#xD;
Given Crypto module with 'acrh' cryptor&#xD;
-&gt; done: CryptoModuleSteps.GivenCryptoModuleWithCryptor("acrh") (0.0s)&#xD;
* with 'pubnubenigma' cipher key&#xD;
-&gt; done: CryptoModuleSteps.GivenWithCipherKey("pubnubenigma") (0.0s)&#xD;
* with '-' vector&#xD;
-&gt; done: CryptoModuleSteps.GivenWithVector("-") (0.0s)&#xD;
When I encrypt 'empty-file.txt' file as 'binary'&#xD;
-&gt; done: CryptoModuleSteps.WhenIEncryptFileAs("empty-file.txt", "binary") (0.0s)&#xD;
Then I receive 'encryption error'&#xD;
-&gt; done: CryptoModuleSteps.ThenIReceive("encryption error") (0.0s)&#xD;
&#xD;
Given Crypto module with 'acrh' cryptor&#xD;
-&gt; done: CryptoModuleSteps.GivenCryptoModuleWithCryptor("acrh") (0.0s)&#xD;
* with 'pubnubenigma' cipher key&#xD;
-&gt; done: CryptoModuleSteps.GivenWithCipherKey("pubnubenigma") (0.0s)&#xD;
* with '-' vector&#xD;
-&gt; done: CryptoModuleSteps.GivenWithVector("-") (0.0s)&#xD;
When I encrypt 'empty-file.txt' file as 'binary'&#xD;
-&gt; done: CryptoModuleSteps.WhenIEncryptFileAs("empty-file.txt", "binary") (0.0s)&#xD;
Then I receive 'encryption error'&#xD;
-&gt; done: CryptoModuleSteps.ThenIReceive("encryption error") (0.0s)&#xD;
&#xD;
Given Crypto module with 'legacy' cryptor&#xD;
-&gt; done: CryptoModuleSteps.GivenCryptoModuleWithCryptor("legacy") (0.0s)&#xD;
* with 'pubnubenigma' cipher key&#xD;
-&gt; done: CryptoModuleSteps.GivenWithCipherKey("pubnubenigma") (0.0s)&#xD;
* with 'constant' vector&#xD;
-&gt; done: CryptoModuleSteps.GivenWithVector("constant") (0.0s)&#xD;
When I decrypt 'empty-file.txt' file as 'stream'&#xD;
-&gt; done: CryptoModuleSteps.WhenIDecryptFileAs("empty-file.txt", "stream") (0.0s)&#xD;
Then I receive 'decryption error'&#xD;
-&gt; done: CryptoModuleSteps.ThenIReceive("decryption error") (0.0s)&#xD;
&#xD;
Given Crypto module with 'legacy' cryptor&#xD;
-&gt; done: CryptoModuleSteps.GivenCryptoModuleWithCryptor("legacy") (0.0s)&#xD;
* with 'pubnubenigma' cipher key&#xD;
-&gt; done: CryptoModuleSteps.GivenWithCipherKey("pubnubenigma") (0.0s)&#xD;
* with 'random' vector&#xD;
-&gt; done: CryptoModuleSteps.GivenWithVector("random") (0.0s)&#xD;
When I decrypt 'empty-file.txt' file as 'stream'&#xD;
-&gt; done: CryptoModuleSteps.WhenIDecryptFileAs("empty-file.txt", "stream") (0.0s)&#xD;
Then I receive 'decryption error'&#xD;
-&gt; done: CryptoModuleSteps.ThenIReceive("decryption error") (0.0s)&#xD;
&#xD;
Given Crypto module with 'acrh' cryptor&#xD;
-&gt; done: CryptoModuleSteps.GivenCryptoModuleWithCryptor("acrh") (0.0s)&#xD;
* with 'pubnubenigma' cipher key&#xD;
-&gt; done: CryptoModuleSteps.GivenWithCipherKey("pubnubenigma") (0.0s)&#xD;
* with '-' vector&#xD;
-&gt; done: CryptoModuleSteps.GivenWithVector("-") (0.0s)&#xD;
When I decrypt 'empty-file.txt' file as 'stream'&#xD;
-&gt; done: CryptoModuleSteps.WhenIDecryptFileAs("empty-file.txt", "stream") (0.0s)&#xD;
Then I receive 'decryption error'&#xD;
-&gt; done: CryptoModuleSteps.ThenIReceive("decryption error") (0.0s)&#xD;
&#xD;
Given Crypto module with 'legacy' cryptor&#xD;
-&gt; done: CryptoModuleSteps.GivenCryptoModuleWithCryptor("legacy") (0.0s)&#xD;
* with 'pubnubenigma' cipher key&#xD;
-&gt; done: CryptoModuleSteps.GivenWithCipherKey("pubnubenigma") (0.0s)&#xD;
* with 'random' vector&#xD;
-&gt; done: CryptoModuleSteps.GivenWithVector("random") (0.0s)&#xD;
When I decrypt 'empty-file-cryptor-legacy-riv.txt' file as 'stream'&#xD;
-&gt; done: CryptoModuleSteps.WhenIDecryptFileAs("empty-file-crypto...", "stream") (0.0s)&#xD;
Then I receive 'decryption error'&#xD;
-&gt; done: CryptoModuleSteps.ThenIReceive("decryption error") (0.0s)&#xD;
&#xD;
Given Crypto module with 'acrh' cryptor&#xD;
-&gt; done: CryptoModuleSteps.GivenCryptoModuleWithCryptor("acrh") (0.0s)&#xD;
* with 'pubnubenigma' cipher key&#xD;
-&gt; done: CryptoModuleSteps.GivenWithCipherKey("pubnubenigma") (0.0s)&#xD;
* with '-' vector&#xD;
-&gt; done: CryptoModuleSteps.GivenWithVector("-") (0.0s)&#xD;
When I decrypt 'empty-file-cryptor-v1-acrh.txt' file as 'stream'&#xD;
-&gt; done: CryptoModuleSteps.WhenIDecryptFileAs("empty-file-crypto...", "stream") (0.0s)&#xD;
Then I receive 'decryption error'&#xD;
-&gt; done: CryptoModuleSteps.ThenIReceive("decryption error") (0.0s)&#xD;
&#xD;
Given Crypto module with 'legacy' cryptor&#xD;
-&gt; done: CryptoModuleSteps.GivenCryptoModuleWithCryptor("legacy") (0.0s)&#xD;
* with 'pubnubenigma' cipher key&#xD;
-&gt; done: CryptoModuleSteps.GivenWithCipherKey("pubnubenigma") (0.0s)&#xD;
* with 'constant' vector&#xD;
-&gt; done: CryptoModuleSteps.GivenWithVector("constant") (0.0s)&#xD;
When I encrypt 'empty-file.txt' file as 'stream'&#xD;
-&gt; done: CryptoModuleSteps.WhenIEncryptFileAs("empty-file.txt", "stream") (0.0s)&#xD;
Then I receive 'encryption error'&#xD;
-&gt; done: CryptoModuleSteps.ThenIReceive("encryption error") (0.0s)&#xD;
&#xD;
Given Crypto module with 'legacy' cryptor&#xD;
-&gt; done: CryptoModuleSteps.GivenCryptoModuleWithCryptor("legacy") (0.0s)&#xD;
* with 'pubnubenigma' cipher key&#xD;
-&gt; done: CryptoModuleSteps.GivenWithCipherKey("pubnubenigma") (0.0s)&#xD;
* with 'random' vector&#xD;
-&gt; done: CryptoModuleSteps.GivenWithVector("random") (0.0s)&#xD;
When I encrypt 'empty-file.txt' file as 'stream'&#xD;
-&gt; done: CryptoModuleSteps.WhenIEncryptFileAs("empty-file.txt", "stream") (0.0s)&#xD;
Then I receive 'encryption error'&#xD;
-&gt; done: CryptoModuleSteps.ThenIReceive("encryption error") (0.0s)&#xD;
&#xD;
Given Crypto module with 'acrh' cryptor&#xD;
-&gt; done: CryptoModuleSteps.GivenCryptoModuleWithCryptor("acrh") (0.0s)&#xD;
* with 'pubnubenigma' cipher key&#xD;
-&gt; done: CryptoModuleSteps.GivenWithCipherKey("pubnubenigma") (0.0s)&#xD;
* with '-' vector&#xD;
-&gt; done: CryptoModuleSteps.GivenWithVector("-") (0.0s)&#xD;
When I encrypt 'empty-file.txt' file as 'stream'&#xD;
-&gt; done: CryptoModuleSteps.WhenIEncryptFileAs("empty-file.txt", "stream") (0.0s)&#xD;
Then I receive 'encryption error'&#xD;
-&gt; done: CryptoModuleSteps.ThenIReceive("encryption error") (0.0s)&#xD;
&#xD;
Given Crypto module with 'acrh' cryptor&#xD;
-&gt; done: CryptoModuleSteps.GivenCryptoModuleWithCryptor("acrh") (0.0s)&#xD;
* with 'pubnubenigma' cipher key&#xD;
-&gt; done: CryptoModuleSteps.GivenWithCipherKey("pubnubenigma") (0.0s)&#xD;
* with '-' vector&#xD;
-&gt; done: CryptoModuleSteps.GivenWithVector("-") (0.0s)&#xD;
When I encrypt 'empty-file.txt' file as 'stream'&#xD;
-&gt; done: CryptoModuleSteps.WhenIEncryptFileAs("empty-file.txt", "stream") (0.0s)&#xD;
Then I receive 'encryption error'&#xD;
-&gt; done: CryptoModuleSteps.ThenIReceive("encryption error") (0.0s)&#xD;
&#xD;
Given Crypto module with 'legacy' cryptor&#xD;
-&gt; done: CryptoModuleSteps.GivenCryptoModuleWithCryptor("legacy") (0.0s)&#xD;
Given Legacy code with 'pubnubenigma' cipher key and 'random' vector&#xD;
-&gt; done: CryptoModuleSteps.GivenLegacyCodeWithCipherKeyAndVector("pubnubenigma", "random") (0.0s)&#xD;
* with 'pubnubenigma' cipher key&#xD;
-&gt; done: CryptoModuleSteps.GivenWithCipherKey("pubnubenigma") (0.0s)&#xD;
* with 'random' vector&#xD;
-&gt; done: CryptoModuleSteps.GivenWithVector("random") (0.0s)&#xD;
When I encrypt 'file.jpg' file as 'stream'&#xD;
-&gt; done: CryptoModuleSteps.WhenIEncryptFileAs("file.jpg", "stream") (0.0s)&#xD;
Then Successfully decrypt an encrypted file with legacy code&#xD;
-&gt; done: CryptoModuleSteps.ThenSuccessfullyDecryptAnEncryptedFileWithLegacyCode() (0.0s)&#xD;
&#xD;
Given Crypto module with 'legacy' cryptor&#xD;
-&gt; done: CryptoModuleSteps.GivenCryptoModuleWithCryptor("legacy") (0.0s)&#xD;
Given Legacy code with 'pubnubenigma' cipher key and 'random' vector&#xD;
-&gt; done: CryptoModuleSteps.GivenLegacyCodeWithCipherKeyAndVector("pubnubenigma", "random") (0.0s)&#xD;
* with 'pubnubenigma' cipher key&#xD;
-&gt; done: CryptoModuleSteps.GivenWithCipherKey("pubnubenigma") (0.0s)&#xD;
* with 'random' vector&#xD;
-&gt; done: CryptoModuleSteps.GivenWithVector("random") (0.0s)&#xD;
When I encrypt 'file.txt' file as 'stream'&#xD;
-&gt; done: CryptoModuleSteps.WhenIEncryptFileAs("file.txt", "stream") (0.0s)&#xD;
Then Successfully decrypt an encrypted file with legacy code&#xD;
-&gt; done: CryptoModuleSteps.ThenSuccessfullyDecryptAnEncryptedFileWithLegacyCode() (0.0s)&#xD;
&#xD;
Given I have a keyset with access manager enabled&#xD;
-&gt; done: FeatureAccessSteps.GivenIHaveAKeysetWithAccessManagerEnabled() (0.0s)&#xD;
Given the TTL 43201&#xD;
-&gt; done: FeatureAccessSteps.GivenTheTTL(43201) (0.0s)&#xD;
Given the 'channel-1' CHANNEL resource access permissions&#xD;
-&gt; done: FeatureAccessSteps.GivenTheCHANNELResourceAccessPermissions("channel-1") (0.0s)&#xD;
* grant resource permission READ&#xD;
-&gt; done: FeatureAccessSteps.GivenGrantResourcePermissionREAD() (0.0s)&#xD;
When I attempt to grant a token specifying those permissions&#xD;
-&gt; done: FeatureAccessSteps.WhenIAttemptToGrantATokenSpecifyingThosePermissions() (0.1s)&#xD;
Then an error is returned&#xD;
-&gt; done: FeatureAccessSteps.ThenAnErrorIsReturned() (0.0s)&#xD;
* the error status code is 400&#xD;
-&gt; done: FeatureAccessSteps.ThenTheErrorStatusCodeIs(400) (0.0s)&#xD;
* the error message is 'Invalid ttl'&#xD;
-&gt; done: FeatureAccessSteps.ThenTheErrorMessageIs("Invalid ttl") (0.0s)&#xD;
* the error source is 'grant'&#xD;
-&gt; done: FeatureAccessSteps.ThenTheErrorSourceIs("grant") (0.0s)&#xD;
* the error detail message is 'Range should be 1 to 43200 minute(s).'&#xD;
-&gt; done: FeatureAccessSteps.ThenTheErrorDetailMessageIs("Range should be 1...") (0.0s)&#xD;
* the error detail location is 'ttl'&#xD;
-&gt; done: FeatureAccessSteps.ThenTheErrorDetailLocationIs("ttl") (0.0s)&#xD;
* the error detail location type is 'body'&#xD;
-&gt; done: FeatureAccessSteps.ThenTheErrorDetailLocationTypeIs("body") (0.0s)&#xD;
&#xD;
Given I have a keyset with access manager enabled&#xD;
-&gt; done: FeatureAccessSteps.GivenIHaveAKeysetWithAccessManagerEnabled() (0.0s)&#xD;
Given the TTL 60&#xD;
-&gt; done: FeatureAccessSteps.GivenTheTTL(60) (0.0s)&#xD;
Given the 'uuid-1' UUID resource access permissions&#xD;
-&gt; done: FeatureAccessSteps.GivenTheUUIDResourceAccessPermissions("uuid-1") (0.0s)&#xD;
* deny resource permission GET&#xD;
-&gt; done: FeatureAccessSteps.GivenDenyResourcePermissionGET() (0.0s)&#xD;
When I attempt to grant a token specifying those permissions&#xD;
-&gt; done: FeatureAccessSteps.WhenIAttemptToGrantATokenSpecifyingThosePermissions() (0.0s)&#xD;
Then an error is returned&#xD;
-&gt; done: FeatureAccessSteps.ThenAnErrorIsReturned() (0.0s)&#xD;
* the error status code is 400&#xD;
-&gt; done: FeatureAccessSteps.ThenTheErrorStatusCodeIs(400) (0.0s)&#xD;
* the error message is 'Invalid permissions'&#xD;
-&gt; done: FeatureAccessSteps.ThenTheErrorMessageIs("Invalid permissions") (0.0s)&#xD;
* the error source is 'grant'&#xD;
-&gt; done: FeatureAccessSteps.ThenTheErrorSourceIs("grant") (0.0s)&#xD;
* the error detail message is 'Unexpected value: `permissions.resources.uuids.uuid-1` must be positive and non-zero.'&#xD;
-&gt; done: FeatureAccessSteps.ThenTheErrorDetailMessageIs("Unexpected value:...") (0.0s)&#xD;
* the error detail location is 'permissions.resources.uuids.uuid-1'&#xD;
-&gt; done: FeatureAccessSteps.ThenTheErrorDetailLocationIs("permissions.resou...") (0.0s)&#xD;
* the error detail location type is 'body'&#xD;
-&gt; done: FeatureAccessSteps.ThenTheErrorDetailLocationTypeIs("body") (0.0s)&#xD;
&#xD;
Given I have a keyset with access manager enabled&#xD;
-&gt; done: FeatureAccessSteps.GivenIHaveAKeysetWithAccessManagerEnabled() (0.0s)&#xD;
Given the TTL 60&#xD;
-&gt; done: FeatureAccessSteps.GivenTheTTL(60) (0.0s)&#xD;
Given the '!&lt;[^&gt;]+&gt;++' UUID pattern access permissions&#xD;
-&gt; done: FeatureAccessSteps.GivenTheUUIDPatternAccessPermissions("!&lt;[^&gt;]+&gt;++") (0.0s)&#xD;
* grant pattern permission GET&#xD;
-&gt; done: FeatureAccessSteps.GivenGrantPatternPermissionGET() (0.0s)&#xD;
When I attempt to grant a token specifying those permissions&#xD;
-&gt; done: FeatureAccessSteps.WhenIAttemptToGrantATokenSpecifyingThosePermissions() (0.0s)&#xD;
Then an error is returned&#xD;
-&gt; done: FeatureAccessSteps.ThenAnErrorIsReturned() (0.0s)&#xD;
* the error status code is 400&#xD;
-&gt; done: FeatureAccessSteps.ThenTheErrorStatusCodeIs(400) (0.0s)&#xD;
* the error message is 'Invalid RegExp'&#xD;
-&gt; done: FeatureAccessSteps.ThenTheErrorMessageIs("Invalid RegExp") (0.0s)&#xD;
* the error source is 'grant'&#xD;
-&gt; done: FeatureAccessSteps.ThenTheErrorSourceIs("grant") (0.0s)&#xD;
* the error detail message is 'Syntax error: multiple repeat.'&#xD;
-&gt; done: FeatureAccessSteps.ThenTheErrorDetailMessageIs("Syntax error: mul...") (0.0s)&#xD;
* the error detail location is 'permissions.patterns.uuids.!&lt;[^&gt;]+&gt;++'&#xD;
-&gt; done: FeatureAccessSteps.ThenTheErrorDetailLocationIs("permissions.patte...") (0.0s)&#xD;
* the error detail location type is 'body'&#xD;
-&gt; done: FeatureAccessSteps.ThenTheErrorDetailLocationTypeIs("body") (0.0s)&#xD;
&#xD;
Given I have a keyset with access manager enabled&#xD;
-&gt; done: FeatureAccessSteps.GivenIHaveAKeysetWithAccessManagerEnabled() (0.0s)&#xD;
Given the TTL 60&#xD;
-&gt; done: FeatureAccessSteps.GivenTheTTL(60) (0.0s)&#xD;
Given the '(!&lt;[^&gt;]+&gt;)+' UUID pattern access permissions&#xD;
-&gt; done: FeatureAccessSteps.GivenTheUUIDPatternAccessPermissions("(!&lt;[^&gt;]+&gt;)+") (0.0s)&#xD;
* grant pattern permission GET&#xD;
-&gt; done: FeatureAccessSteps.GivenGrantPatternPermissionGET() (0.0s)&#xD;
When I attempt to grant a token specifying those permissions&#xD;
-&gt; done: FeatureAccessSteps.WhenIAttemptToGrantATokenSpecifyingThosePermissions() (0.0s)&#xD;
Then an error is returned&#xD;
-&gt; done: FeatureAccessSteps.ThenAnErrorIsReturned() (0.0s)&#xD;
* the error status code is 400&#xD;
-&gt; done: FeatureAccessSteps.ThenTheErrorStatusCodeIs(400) (0.0s)&#xD;
* the error message is 'Invalid RegExp'&#xD;
-&gt; done: FeatureAccessSteps.ThenTheErrorMessageIs("Invalid RegExp") (0.0s)&#xD;
* the error source is 'grant'&#xD;
-&gt; done: FeatureAccessSteps.ThenTheErrorSourceIs("grant") (0.0s)&#xD;
* the error detail message is 'Only non-capturing groups are allowed. Try replacing `(` with `(?:`.'&#xD;
-&gt; done: FeatureAccessSteps.ThenTheErrorDetailMessageIs("Only non-capturin...") (0.0s)&#xD;
* the error detail location is 'permissions.patterns.uuids.(!&lt;[^&gt;]+&gt;)+'&#xD;
-&gt; done: FeatureAccessSteps.ThenTheErrorDetailLocationIs("permissions.patte...") (0.0s)&#xD;
* the error detail location type is 'body'&#xD;
-&gt; done: FeatureAccessSteps.ThenTheErrorDetailLocationTypeIs("body") (0.0s)&#xD;
&#xD;
Given I have a keyset with access manager enabled&#xD;
-&gt; done: FeatureAccessSteps.GivenIHaveAKeysetWithAccessManagerEnabled() (0.0s)&#xD;
Given the authorized UUID "test-authorized-uuid"&#xD;
-&gt; done: FeatureAccessSteps.GivenTheAuthorizedUUID("test-authorized-uuid") (0.0s)&#xD;
Given the TTL 60&#xD;
-&gt; done: FeatureAccessSteps.GivenTheTTL(60) (0.0s)&#xD;
Given the 'channel-1' CHANNEL resource access permissions&#xD;
-&gt; done: FeatureAccessSteps.GivenTheCHANNELResourceAccessPermissions("channel-1") (0.0s)&#xD;
* grant resource permission READ&#xD;
-&gt; done: FeatureAccessSteps.GivenGrantResourcePermissionREAD() (0.0s)&#xD;
When I grant a token specifying those permissions&#xD;
-&gt; done: FeatureAccessSteps.WhenIGrantATokenSpecifyingThosePermissions() (0.0s)&#xD;
Then the token contains the TTL 60&#xD;
-&gt; done: FeatureAccessSteps.ThenTheTokenContainsTheTTL(60) (0.1s)&#xD;
Then the token contains the authorized UUID "test-authorized-uuid"&#xD;
-&gt; done: FeatureAccessSteps.ThenTheTokenContainsTheAuthorizedUUID("test-authorized-uuid") (0.0s)&#xD;
Then the token has 'channel-1' CHANNEL resource access permissions&#xD;
-&gt; done: FeatureAccessSteps.ThenTheTokenHasCHANNELResourceAccessPermissions("channel-1") (0.0s)&#xD;
* token resource permission READ&#xD;
-&gt; done: FeatureAccessSteps.ThenTokenResourcePermissionREAD() (0.0s)&#xD;
&#xD;
Given I have a keyset with access manager enabled&#xD;
-&gt; done: FeatureAccessSteps.GivenIHaveAKeysetWithAccessManagerEnabled() (0.0s)&#xD;
Given the authorized UUID "test-authorized-uuid"&#xD;
-&gt; done: FeatureAccessSteps.GivenTheAuthorizedUUID("test-authorized-uuid") (0.0s)&#xD;
Given the TTL 60&#xD;
-&gt; done: FeatureAccessSteps.GivenTheTTL(60) (0.0s)&#xD;
Given the 'channel-1' CHANNEL resource access permissions&#xD;
-&gt; done: FeatureAccessSteps.GivenTheCHANNELResourceAccessPermissions("channel-1") (0.0s)&#xD;
* grant resource permission READ&#xD;
-&gt; done: FeatureAccessSteps.GivenGrantResourcePermissionREAD() (0.0s)&#xD;
* grant resource permission WRITE&#xD;
-&gt; done: FeatureAccessSteps.GivenGrantResourcePermissionWRITE() (0.0s)&#xD;
* grant resource permission GET&#xD;
-&gt; done: FeatureAccessSteps.GivenGrantResourcePermissionGET() (0.0s)&#xD;
* grant resource permission MANAGE&#xD;
-&gt; done: FeatureAccessSteps.GivenGrantResourcePermissionMANAGE() (0.0s)&#xD;
* grant resource permission UPDATE&#xD;
-&gt; done: FeatureAccessSteps.GivenGrantResourcePermissionUPDATE() (0.0s)&#xD;
* grant resource permission JOIN&#xD;
-&gt; done: FeatureAccessSteps.GivenGrantResourcePermissionJOIN() (0.0s)&#xD;
* grant resource permission DELETE&#xD;
-&gt; done: FeatureAccessSteps.GivenGrantResourcePermissionDELETE() (0.0s)&#xD;
Given the 'channel_group-1' CHANNEL_GROUP resource access permissions&#xD;
-&gt; done: FeatureAccessSteps.GivenTheCHANNEL_GROUPResourceAccessPermissions("channel_group-1") (0.0s)&#xD;
* grant resource permission READ&#xD;
-&gt; done: FeatureAccessSteps.GivenGrantResourcePermissionREAD() (0.0s)&#xD;
* grant resource permission MANAGE&#xD;
-&gt; done: FeatureAccessSteps.GivenGrantResourcePermissionMANAGE() (0.0s)&#xD;
Given the 'uuid-1' UUID resource access permissions&#xD;
-&gt; done: FeatureAccessSteps.GivenTheUUIDResourceAccessPermissions("uuid-1") (0.0s)&#xD;
* grant resource permission GET&#xD;
-&gt; done: FeatureAccessSteps.GivenGrantResourcePermissionGET() (0.0s)&#xD;
* grant resource permission UPDATE&#xD;
-&gt; done: FeatureAccessSteps.GivenGrantResourcePermissionUPDATE() (0.0s)&#xD;
* grant resource permission DELETE&#xD;
-&gt; done: FeatureAccessSteps.GivenGrantResourcePermissionDELETE() (0.0s)&#xD;
Given the '^channel-\S*$' CHANNEL pattern access permissions&#xD;
-&gt; done: FeatureAccessSteps.GivenTheCHANNELPatternAccessPermissions("^channel-\S*$") (0.0s)&#xD;
* grant pattern permission READ&#xD;
-&gt; done: FeatureAccessSteps.GivenGrantPatternPermissionREAD() (0.0s)&#xD;
* grant pattern permission WRITE&#xD;
-&gt; done: FeatureAccessSteps.GivenGrantPatternPermissionWRITE() (0.0s)&#xD;
* grant pattern permission GET&#xD;
-&gt; done: FeatureAccessSteps.GivenGrantPatternPermissionGET() (0.0s)&#xD;
* grant pattern permission MANAGE&#xD;
-&gt; done: FeatureAccessSteps.GivenGrantPatternPermissionMANAGE() (0.0s)&#xD;
* grant pattern permission UPDATE&#xD;
-&gt; done: FeatureAccessSteps.GivenGrantPatternPermissionUPDATE() (0.0s)&#xD;
* grant pattern permission JOIN&#xD;
-&gt; done: FeatureAccessSteps.GivenGrantPatternPermissionJOIN() (0.0s)&#xD;
* grant pattern permission DELETE&#xD;
-&gt; done: FeatureAccessSteps.GivenGrantPatternPermissionDELETE() (0.0s)&#xD;
Given the '^:channel_group-\S*$' CHANNEL_GROUP pattern access permissions&#xD;
-&gt; done: FeatureAccessSteps.GivenTheCHANNEL_GROUPPatternAccessPermissions("^:channel_group-\S*$") (0.0s)&#xD;
* grant pattern permission READ&#xD;
-&gt; done: FeatureAccessSteps.GivenGrantPatternPermissionREAD() (0.0s)&#xD;
* grant pattern permission MANAGE&#xD;
-&gt; done: FeatureAccessSteps.GivenGrantPatternPermissionMANAGE() (0.0s)&#xD;
Given the '^uuid-\S*$' UUID pattern access permissions&#xD;
-&gt; done: FeatureAccessSteps.GivenTheUUIDPatternAccessPermissions("^uuid-\S*$") (0.0s)&#xD;
* grant pattern permission GET&#xD;
-&gt; done: FeatureAccessSteps.GivenGrantPatternPermissionGET() (0.0s)&#xD;
* grant pattern permission UPDATE&#xD;
-&gt; done: FeatureAccessSteps.GivenGrantPatternPermissionUPDATE() (0.0s)&#xD;
* grant pattern permission DELETE&#xD;
-&gt; done: FeatureAccessSteps.GivenGrantPatternPermissionDELETE() (0.0s)&#xD;
When I grant a token specifying those permissions&#xD;
-&gt; done: FeatureAccessSteps.WhenIGrantATokenSpecifyingThosePermissions() (0.0s)&#xD;
Then the token contains the authorized UUID "test-authorized-uuid"&#xD;
-&gt; done: FeatureAccessSteps.ThenTheTokenContainsTheAuthorizedUUID("test-authorized-uuid") (0.0s)&#xD;
Then the token contains the TTL 60&#xD;
-&gt; done: FeatureAccessSteps.ThenTheTokenContainsTheTTL(60) (0.0s)&#xD;
Then the token has 'channel-1' CHANNEL resource access permissions&#xD;
-&gt; done: FeatureAccessSteps.ThenTheTokenHasCHANNELResourceAccessPermissions("channel-1") (0.0s)&#xD;
* token resource permission READ&#xD;
-&gt; done: FeatureAccessSteps.ThenTokenResourcePermissionREAD() (0.0s)&#xD;
* token resource permission WRITE&#xD;
-&gt; done: FeatureAccessSteps.ThenTokenResourcePermissionWRITE() (0.0s)&#xD;
* token resource permission GET&#xD;
-&gt; done: FeatureAccessSteps.ThenTokenResourcePermissionGET() (0.0s)&#xD;
* token resource permission MANAGE&#xD;
-&gt; done: FeatureAccessSteps.ThenTokenResourcePermissionMANAGE() (0.0s)&#xD;
* token resource permission UPDATE&#xD;
-&gt; done: FeatureAccessSteps.ThenTokenResourcePermissionUPDATE() (0.0s)&#xD;
* token resource permission JOIN&#xD;
-&gt; done: FeatureAccessSteps.ThenTokenResourcePermissionJOIN() (0.0s)&#xD;
* token resource permission DELETE&#xD;
-&gt; done: FeatureAccessSteps.ThenTokenResourcePermissionDELETE() (0.0s)&#xD;
Then the token has 'channel_group-1' CHANNEL_GROUP resource access permissions&#xD;
-&gt; done: FeatureAccessSteps.ThenTheTokenHasCHANNEL_GROUPResourceAccessPermissions("channel_group-1") (0.0s)&#xD;
* token resource permission READ&#xD;
-&gt; done: FeatureAccessSteps.ThenTokenResourcePermissionREAD() (0.0s)&#xD;
* token resource permission MANAGE&#xD;
-&gt; done: FeatureAccessSteps.ThenTokenResourcePermissionMANAGE() (0.0s)&#xD;
Then the token has 'uuid-1' UUID resource access permissions&#xD;
-&gt; done: FeatureAccessSteps.ThenTheTokenHasUUIDResourceAccessPermissions("uuid-1") (0.0s)&#xD;
* token resource permission GET&#xD;
-&gt; done: FeatureAccessSteps.ThenTokenResourcePermissionGET() (0.0s)&#xD;
* token resource permission UPDATE&#xD;
-&gt; done: FeatureAccessSteps.ThenTokenResourcePermissionUPDATE() (0.0s)&#xD;
* token resource permission DELETE&#xD;
-&gt; done: FeatureAccessSteps.ThenTokenResourcePermissionDELETE() (0.0s)&#xD;
Then the token has '^channel-\S*$' CHANNEL pattern access permissions&#xD;
-&gt; done: FeatureAccessSteps.ThenTheTokenHasCHANNELPatternAccessPermissions("^channel-\S*$") (0.0s)&#xD;
* token pattern permission READ&#xD;
-&gt; done: FeatureAccessSteps.ThenTokenPatternPermissionREAD() (0.0s)&#xD;
* token pattern permission WRITE&#xD;
-&gt; done: FeatureAccessSteps.ThenTokenPatternPermissionWRITE() (0.0s)&#xD;
* token pattern permission GET&#xD;
-&gt; done: FeatureAccessSteps.ThenTokenPatternPermissionGET() (0.0s)&#xD;
* token pattern permission MANAGE&#xD;
-&gt; done: FeatureAccessSteps.ThenTokenPatternPermissionMANAGE() (0.0s)&#xD;
* token pattern permission UPDATE&#xD;
-&gt; done: FeatureAccessSteps.ThenTokenPatternPermissionUPDATE() (0.0s)&#xD;
* token pattern permission JOIN&#xD;
-&gt; done: FeatureAccessSteps.ThenTokenPatternPermissionJOIN() (0.0s)&#xD;
* token pattern permission DELETE&#xD;
-&gt; done: FeatureAccessSteps.ThenTokenPatternPermissionDELETE() (0.0s)&#xD;
Then the token has '^:channel_group-\S*$' CHANNEL_GROUP pattern access permissions&#xD;
-&gt; done: FeatureAccessSteps.ThenTheTokenHasCHANNEL_GROUPPatternAccessPermissions("^:channel_group-\S*$") (0.0s)&#xD;
* token pattern permission READ&#xD;
-&gt; done: FeatureAccessSteps.ThenTokenPatternPermissionREAD() (0.0s)&#xD;
* token pattern permission MANAGE&#xD;
-&gt; done: FeatureAccessSteps.ThenTokenPatternPermissionMANAGE() (0.0s)&#xD;
Then the token has '^uuid-\S*$' UUID pattern access permissions&#xD;
-&gt; done: FeatureAccessSteps.ThenTheTokenHasUUIDPatternAccessPermissions("^uuid-\S*$") (0.0s)&#xD;
* token pattern permission GET&#xD;
-&gt; done: FeatureAccessSteps.ThenTokenPatternPermissionGET() (0.0s)&#xD;
* token pattern permission UPDATE&#xD;
-&gt; done: FeatureAccessSteps.ThenTokenPatternPermissionUPDATE() (0.0s)&#xD;
* token pattern permission DELETE&#xD;
-&gt; done: FeatureAccessSteps.ThenTokenPatternPermissionDELETE() (0.0s)&#xD;
&#xD;
Given I have a keyset with access manager enabled&#xD;
-&gt; done: FeatureAccessSteps.GivenIHaveAKeysetWithAccessManagerEnabled() (0.0s)&#xD;
Given the TTL 60&#xD;
-&gt; done: FeatureAccessSteps.GivenTheTTL(60) (0.0s)&#xD;
Given the 'channel-1' CHANNEL resource access permissions&#xD;
-&gt; done: FeatureAccessSteps.GivenTheCHANNELResourceAccessPermissions("channel-1") (0.0s)&#xD;
* grant resource permission READ&#xD;
-&gt; done: FeatureAccessSteps.GivenGrantResourcePermissionREAD() (0.0s)&#xD;
When I grant a token specifying those permissions&#xD;
-&gt; done: FeatureAccessSteps.WhenIGrantATokenSpecifyingThosePermissions() (0.0s)&#xD;
Then the token contains the TTL 60&#xD;
-&gt; done: FeatureAccessSteps.ThenTheTokenContainsTheTTL(60) (0.0s)&#xD;
Then the token does not contain an authorized uuid&#xD;
-&gt; done: FeatureAccessSteps.ThenTheTokenDoesNotContainAnAuthorizedUuid() (0.0s)&#xD;
Then the token has 'channel-1' CHANNEL resource access permissions&#xD;
-&gt; done: FeatureAccessSteps.ThenTheTokenHasCHANNELResourceAccessPermissions("channel-1") (0.0s)&#xD;
* token resource permission READ&#xD;
-&gt; done: FeatureAccessSteps.ThenTokenResourcePermissionREAD() (0.0s)&#xD;
&#xD;
Given I have a keyset with Objects V2 enabled&#xD;
-&gt; done: FeatureObjectsV2MetadataSteps.GivenIHaveAKeysetWithObjectsVEnabled(2) (0.0s)&#xD;
Given the id for 'Chat' channel&#xD;
-&gt; done: FeatureObjectsV2MetadataSteps.GivenTheIdForChannel("Chat") (0.0s)&#xD;
When I get the channel metadata&#xD;
-&gt; done: FeatureObjectsV2MetadataSteps.WhenIGetTheChannelMetadata() (0.0s)&#xD;
Then I receive a successful response&#xD;
-&gt; done: FeatureObjectsV2MetadataSteps.ThenIReceiveASuccessfulResponse() (0.0s)&#xD;
And the channel metadata for 'Chat' channel&#xD;
-&gt; done: FeatureObjectsV2MetadataSteps.ThenTheChannelMetadataForChannel("Chat") (0.0s)&#xD;
&#xD;
Given I have a keyset with Objects V2 enabled&#xD;
-&gt; done: FeatureObjectsV2MetadataSteps.GivenIHaveAKeysetWithObjectsVEnabled(2) (0.0s)&#xD;
Given the id for 'DM' channel&#xD;
-&gt; done: FeatureObjectsV2MetadataSteps.GivenTheIdForChannel("DM") (0.0s)&#xD;
When I get the channel metadata with custom&#xD;
-&gt; done: FeatureObjectsV2MetadataSteps.WhenIGetTheChannelMetadataWithCustom() (0.0s)&#xD;
Then I receive a successful response&#xD;
-&gt; done: FeatureObjectsV2MetadataSteps.ThenIReceiveASuccessfulResponse() (0.0s)&#xD;
And the channel metadata for 'DM' channel&#xD;
-&gt; done: FeatureObjectsV2MetadataSteps.ThenTheChannelMetadataForChannel("DM") (0.0s)&#xD;
&#xD;
Given I have a keyset with Objects V2 enabled&#xD;
-&gt; done: FeatureObjectsV2MetadataSteps.GivenIHaveAKeysetWithObjectsVEnabled(2) (0.0s)&#xD;
When I get all channel metadata&#xD;
-&gt; done: FeatureObjectsV2MetadataSteps.WhenIGetAllChannelMetadata() (0.0s)&#xD;
Then I receive a successful response&#xD;
-&gt; done: FeatureObjectsV2MetadataSteps.ThenIReceiveASuccessfulResponse() (0.0s)&#xD;
And the response contains list with 'Chat' and 'Patient' channel metadata&#xD;
-&gt; done: FeatureObjectsV2MetadataSteps.ThenTheResponseContainsListWithAndChannelMetadata("Chat", "Patient") (0.0s)&#xD;
&#xD;
Given I have a keyset with Objects V2 enabled&#xD;
-&gt; done: FeatureObjectsV2MetadataSteps.GivenIHaveAKeysetWithObjectsVEnabled(2) (0.0s)&#xD;
When I get all channel metadata with custom&#xD;
-&gt; done: FeatureObjectsV2MetadataSteps.WhenIGetAllChannelMetadataWithCustom() (0.0s)&#xD;
Then I receive a successful response&#xD;
-&gt; done: FeatureObjectsV2MetadataSteps.ThenIReceiveASuccessfulResponse() (0.0s)&#xD;
And the response contains list with 'DM' and 'VipChat' channel metadata&#xD;
-&gt; done: FeatureObjectsV2MetadataSteps.ThenTheResponseContainsListWithAndChannelMetadata("DM", "VipChat") (0.0s)&#xD;
&#xD;
Given I have a keyset with Objects V2 enabled&#xD;
-&gt; done: FeatureObjectsV2MetadataSteps.GivenIHaveAKeysetWithObjectsVEnabled(2) (0.0s)&#xD;
Given the id for 'Chat' channel&#xD;
-&gt; done: FeatureObjectsV2MetadataSteps.GivenTheIdForChannel("Chat") (0.0s)&#xD;
When I remove the channel metadata&#xD;
-&gt; done: FeatureObjectsV2MetadataSteps.WhenIRemoveTheChannelMetadata() (0.0s)&#xD;
Then I receive a successful response&#xD;
-&gt; done: FeatureObjectsV2MetadataSteps.ThenIReceiveASuccessfulResponse() (0.0s)&#xD;
&#xD;
Given I have a keyset with Objects V2 enabled&#xD;
-&gt; done: FeatureObjectsV2MetadataSteps.GivenIHaveAKeysetWithObjectsVEnabled(2) (0.0s)&#xD;
Given the data for 'Chat' channel&#xD;
-&gt; done: FeatureObjectsV2MetadataSteps.GivenTheDataForChannel("Chat") (0.0s)&#xD;
When I set the channel metadata&#xD;
-&gt; done: FeatureObjectsV2MetadataSteps.WhenISetTheChannelMetadata() (0.0s)&#xD;
Then I receive a successful response&#xD;
-&gt; done: FeatureObjectsV2MetadataSteps.ThenIReceiveASuccessfulResponse() (0.0s)&#xD;
And the channel metadata for 'Chat' channel contains updated&#xD;
-&gt; done: FeatureObjectsV2MetadataSteps.ThenTheChannelMetadataForChannelContainsUpdated("Chat") (0.0s)&#xD;
&#xD;
Given I have a keyset with Objects V2 enabled&#xD;
-&gt; done: FeatureObjectsV2MetadataSteps.GivenIHaveAKeysetWithObjectsVEnabled(2) (0.0s)&#xD;
Given the id for 'Chat' channel&#xD;
-&gt; done: FeatureObjectsV2MetadataSteps.GivenTheIdForChannel("Chat") (0.0s)&#xD;
When I get the channel members&#xD;
-&gt; done: FeatureObjectsV2MetadataSteps.WhenIGetTheChannelMembers() (0.0s)&#xD;
Then I receive a successful response&#xD;
-&gt; done: FeatureObjectsV2MetadataSteps.ThenIReceiveASuccessfulResponse() (0.0s)&#xD;
And the response contains list with 'AmeliaMember' and 'EvaMember' members&#xD;
-&gt; done: FeatureObjectsV2MetadataSteps.ThenTheResponseContainsListWithAndMembers("AmeliaMember", "EvaMember") (0.0s)&#xD;
&#xD;
Given I have a keyset with Objects V2 enabled&#xD;
-&gt; done: FeatureObjectsV2MetadataSteps.GivenIHaveAKeysetWithObjectsVEnabled(2) (0.0s)&#xD;
Given the id for 'VipChat' channel&#xD;
-&gt; done: FeatureObjectsV2MetadataSteps.GivenTheIdForChannel("VipChat") (0.0s)&#xD;
When I get the channel members including custom and UUID custom information&#xD;
-&gt; done: FeatureObjectsV2MetadataSteps.WhenIGetTheChannelMembersIncludingCustomAndUUIDCustomInformation() (0.0s)&#xD;
Then I receive a successful response&#xD;
-&gt; done: FeatureObjectsV2MetadataSteps.ThenIReceiveASuccessfulResponse() (0.0s)&#xD;
And the response contains list with 'OliverMember' and 'PeterMember' members&#xD;
-&gt; done: FeatureObjectsV2MetadataSteps.ThenTheResponseContainsListWithAndMembers("OliverMember", "PeterMember") (0.0s)&#xD;
&#xD;
Given I have a keyset with Objects V2 enabled&#xD;
-&gt; done: FeatureObjectsV2MetadataSteps.GivenIHaveAKeysetWithObjectsVEnabled(2) (0.0s)&#xD;
Given the data for 'PeterMember' member&#xD;
-&gt; done: FeatureObjectsV2MetadataSteps.GivenTheDataForMember("PeterMember") (0.0s)&#xD;
And the data for 'AmeliaMember' member that we want to remove&#xD;
-&gt; done: FeatureObjectsV2MetadataSteps.GivenTheDataForMemberThatWeWantToRemove("AmeliaMember") (0.0s)&#xD;
And the id for 'Chat' channel&#xD;
-&gt; done: FeatureObjectsV2MetadataSteps.GivenTheIdForChannel("Chat") (0.0s)&#xD;
When I manage channel members&#xD;
-&gt; done: FeatureObjectsV2MetadataSteps.WhenIManageChannelMembers() (0.0s)&#xD;
Then I receive a successful response&#xD;
-&gt; done: FeatureObjectsV2MetadataSteps.ThenIReceiveASuccessfulResponse() (0.0s)&#xD;
And the response contains list with 'PeterMember' member&#xD;
-&gt; done: FeatureObjectsV2MetadataSteps.ThenTheResponseContainsListWithMember("PeterMember") (0.0s)&#xD;
And the response does not contain list with 'AmeliaMember' member&#xD;
-&gt; done: FeatureObjectsV2MetadataSteps.ThenTheResponseDoesNotContainListWithMember("AmeliaMember") (0.0s)&#xD;
&#xD;
Given I have a keyset with Objects V2 enabled&#xD;
-&gt; done: FeatureObjectsV2MetadataSteps.GivenIHaveAKeysetWithObjectsVEnabled(2) (0.0s)&#xD;
Given the id for 'Chat' channel&#xD;
-&gt; done: FeatureObjectsV2MetadataSteps.GivenTheIdForChannel("Chat") (0.0s)&#xD;
And the data for 'AmeliaMember' member that we want to remove&#xD;
-&gt; done: FeatureObjectsV2MetadataSteps.GivenTheDataForMemberThatWeWantToRemove("AmeliaMember") (0.0s)&#xD;
When I remove a channel member&#xD;
-&gt; done: FeatureObjectsV2MetadataSteps.WhenIRemoveAChannelMember() (0.0s)&#xD;
Then I receive a successful response&#xD;
-&gt; done: FeatureObjectsV2MetadataSteps.ThenIReceiveASuccessfulResponse() (0.0s)&#xD;
&#xD;
Given I have a keyset with Objects V2 enabled&#xD;
-&gt; done: FeatureObjectsV2MetadataSteps.GivenIHaveAKeysetWithObjectsVEnabled(2) (0.0s)&#xD;
Given the data for 'AmeliaMember' member&#xD;
-&gt; done: FeatureObjectsV2MetadataSteps.GivenTheDataForMember("AmeliaMember") (0.0s)&#xD;
And the id for 'Chat' channel&#xD;
-&gt; done: FeatureObjectsV2MetadataSteps.GivenTheIdForChannel("Chat") (0.0s)&#xD;
When I set a channel member&#xD;
-&gt; done: FeatureObjectsV2MetadataSteps.WhenISetAChannelMember() (0.0s)&#xD;
Then I receive a successful response&#xD;
-&gt; done: FeatureObjectsV2MetadataSteps.ThenIReceiveASuccessfulResponse() (0.0s)&#xD;
And the response contains list with 'AmeliaMember' member&#xD;
-&gt; done: FeatureObjectsV2MetadataSteps.ThenTheResponseContainsListWithMember("AmeliaMember") (0.0s)&#xD;
&#xD;
Given I have a keyset with Objects V2 enabled&#xD;
-&gt; done: FeatureObjectsV2MetadataSteps.GivenIHaveAKeysetWithObjectsVEnabled(2) (0.0s)&#xD;
Given the data for 'PeterMember' member&#xD;
-&gt; done: FeatureObjectsV2MetadataSteps.GivenTheDataForMember("PeterMember") (0.0s)&#xD;
And the id for 'Chat' channel&#xD;
-&gt; done: FeatureObjectsV2MetadataSteps.GivenTheIdForChannel("Chat") (0.0s)&#xD;
When I set a channel member including custom and UUID with custom&#xD;
-&gt; done: FeatureObjectsV2MetadataSteps.WhenISetAChannelMemberIncludingCustomAndUUIDWithCustom() (0.0s)&#xD;
Then I receive a successful response&#xD;
-&gt; done: FeatureObjectsV2MetadataSteps.ThenIReceiveASuccessfulResponse() (0.0s)&#xD;
And the response contains list with 'PeterMember' member&#xD;
-&gt; done: FeatureObjectsV2MetadataSteps.ThenTheResponseContainsListWithMember("PeterMember") (0.0s)&#xD;
&#xD;
Given I have a keyset with Objects V2 enabled&#xD;
-&gt; done: FeatureObjectsV2MetadataSteps.GivenIHaveAKeysetWithObjectsVEnabled(2) (0.0s)&#xD;
Given current user is 'Alice' persona&#xD;
-&gt; done: FeatureObjectsV2MetadataSteps.GivenCurrentUserIsPersona("Alice") (0.0s)&#xD;
When I get the memberships for current user&#xD;
-&gt; done: FeatureObjectsV2MetadataSteps.WhenIGetTheMembershipsForCurrentUser() (0.0s)&#xD;
Then I receive a successful response&#xD;
-&gt; done: FeatureObjectsV2MetadataSteps.ThenIReceiveASuccessfulResponse() (0.0s)&#xD;
And the response contains list with 'ChatMembership' and 'PatientMembership' memberships&#xD;
-&gt; done: FeatureObjectsV2MetadataSteps.ThenTheResponseContainsListWithAndMemberships("ChatMembership", "PatientMembership") (0.0s)&#xD;
&#xD;
Given I have a keyset with Objects V2 enabled&#xD;
-&gt; done: FeatureObjectsV2MetadataSteps.GivenIHaveAKeysetWithObjectsVEnabled(2) (0.0s)&#xD;
Given the id for 'Alice' persona&#xD;
-&gt; done: FeatureObjectsV2MetadataSteps.GivenTheIdForPersona("Alice") (0.0s)&#xD;
When I get the memberships&#xD;
-&gt; done: FeatureObjectsV2MetadataSteps.WhenIGetTheMemberships() (0.2s)&#xD;
Then I receive a successful response&#xD;
-&gt; done: FeatureObjectsV2MetadataSteps.ThenIReceiveASuccessfulResponse() (0.0s)&#xD;
And the response contains list with 'ChatMembership' and 'PatientMembership' memberships&#xD;
-&gt; done: FeatureObjectsV2MetadataSteps.ThenTheResponseContainsListWithAndMemberships("ChatMembership", "PatientMembership") (0.0s)&#xD;
&#xD;
Given I have a keyset with Objects V2 enabled&#xD;
-&gt; done: FeatureObjectsV2MetadataSteps.GivenIHaveAKeysetWithObjectsVEnabled(2) (0.0s)&#xD;
Given the id for 'Bob' persona&#xD;
-&gt; done: FeatureObjectsV2MetadataSteps.GivenTheIdForPersona("Bob") (0.0s)&#xD;
When I get the memberships including custom and channel custom information&#xD;
-&gt; done: FeatureObjectsV2MetadataSteps.WhenIGetTheMembershipsIncludingCustomAndChannelCustomInformation() (0.0s)&#xD;
Then I receive a successful response&#xD;
-&gt; done: FeatureObjectsV2MetadataSteps.ThenIReceiveASuccessfulResponse() (0.0s)&#xD;
And the response contains list with 'VipChatMembership' and 'DMMembership' memberships&#xD;
-&gt; done: FeatureObjectsV2MetadataSteps.ThenTheResponseContainsListWithAndMemberships("VipChatMembership", "DMMembership") (0.0s)&#xD;
&#xD;
Given I have a keyset with Objects V2 enabled&#xD;
-&gt; done: FeatureObjectsV2MetadataSteps.GivenIHaveAKeysetWithObjectsVEnabled(2) (0.0s)&#xD;
Given the id for 'Alice' persona&#xD;
-&gt; done: FeatureObjectsV2MetadataSteps.GivenTheIdForPersona("Alice") (0.0s)&#xD;
And the data for 'ChatMembership' membership&#xD;
-&gt; done: FeatureObjectsV2MetadataSteps.GivenTheDataForMembership("ChatMembership") (0.0s)&#xD;
And the data for 'PatientMembership' membership that we want to remove&#xD;
-&gt; done: FeatureObjectsV2MetadataSteps.GivenTheDataForMembershipThatWeWantToRemove("PatientMembership") (0.0s)&#xD;
When I manage memberships&#xD;
-&gt; done: FeatureObjectsV2MetadataSteps.WhenIManageMemberships() (0.0s)&#xD;
Then I receive a successful response&#xD;
-&gt; done: FeatureObjectsV2MetadataSteps.ThenIReceiveASuccessfulResponse() (0.0s)&#xD;
And the response contains list with 'ChatMembership' membership&#xD;
-&gt; done: FeatureObjectsV2MetadataSteps.ThenTheResponseContainsListWithMembership("ChatMembership") (0.0s)&#xD;
And the response does not contain list with 'PatientMembership' membership&#xD;
-&gt; done: FeatureObjectsV2MetadataSteps.ThenTheResponseDoesNotContainListWithMembership("PatientMembership") (0.0s)&#xD;
&#xD;
Given I have a keyset with Objects V2 enabled&#xD;
-&gt; done: FeatureObjectsV2MetadataSteps.GivenIHaveAKeysetWithObjectsVEnabled(2) (0.0s)&#xD;
Given the id for 'Alice' persona&#xD;
-&gt; done: FeatureObjectsV2MetadataSteps.GivenTheIdForPersona("Alice") (0.0s)&#xD;
And the data for 'ChatMembership' membership&#xD;
-&gt; done: FeatureObjectsV2MetadataSteps.GivenTheDataForMembership("ChatMembership") (0.0s)&#xD;
When I remove the membership&#xD;
-&gt; done: FeatureObjectsV2MetadataSteps.WhenIRemoveTheMembership() (0.0s)&#xD;
Then I receive a successful response&#xD;
-&gt; done: FeatureObjectsV2MetadataSteps.ThenIReceiveASuccessfulResponse() (0.0s)&#xD;
&#xD;
Given I have a keyset with Objects V2 enabled&#xD;
-&gt; done: FeatureObjectsV2MetadataSteps.GivenIHaveAKeysetWithObjectsVEnabled(2) (0.0s)&#xD;
Given current user is 'Alice' persona&#xD;
-&gt; done: FeatureObjectsV2MetadataSteps.GivenCurrentUserIsPersona("Alice") (0.0s)&#xD;
And the data for 'ChatMembership' membership that we want to remove&#xD;
-&gt; done: FeatureObjectsV2MetadataSteps.GivenTheDataForMembershipThatWeWantToRemove("ChatMembership") (0.0s)&#xD;
When I remove the membership for current user&#xD;
-&gt; done: FeatureObjectsV2MetadataSteps.WhenIRemoveTheMembershipForCurrentUser() (0.0s)&#xD;
Then I receive a successful response&#xD;
-&gt; done: FeatureObjectsV2MetadataSteps.ThenIReceiveASuccessfulResponse() (0.0s)&#xD;
&#xD;
Given I have a keyset with Objects V2 enabled&#xD;
-&gt; done: FeatureObjectsV2MetadataSteps.GivenIHaveAKeysetWithObjectsVEnabled(2) (0.0s)&#xD;
Given the id for 'Alice' persona&#xD;
-&gt; done: FeatureObjectsV2MetadataSteps.GivenTheIdForPersona("Alice") (0.0s)&#xD;
And the data for 'ChatMembership' membership&#xD;
-&gt; done: FeatureObjectsV2MetadataSteps.GivenTheDataForMembership("ChatMembership") (0.0s)&#xD;
When I set the membership&#xD;
-&gt; done: FeatureObjectsV2MetadataSteps.WhenISetTheMembership() (0.0s)&#xD;
Then I receive a successful response&#xD;
-&gt; done: FeatureObjectsV2MetadataSteps.ThenIReceiveASuccessfulResponse() (0.0s)&#xD;
And the response contains list with 'ChatMembership' membership&#xD;
-&gt; done: FeatureObjectsV2MetadataSteps.ThenTheResponseContainsListWithMembership("ChatMembership") (0.0s)&#xD;
&#xD;
Given I have a keyset with Objects V2 enabled&#xD;
-&gt; done: FeatureObjectsV2MetadataSteps.GivenIHaveAKeysetWithObjectsVEnabled(2) (0.0s)&#xD;
Given current user is 'Alice' persona&#xD;
-&gt; done: FeatureObjectsV2MetadataSteps.GivenCurrentUserIsPersona("Alice") (0.0s)&#xD;
And the data for 'ChatMembership' membership&#xD;
-&gt; done: FeatureObjectsV2MetadataSteps.GivenTheDataForMembership("ChatMembership") (0.0s)&#xD;
When I set the membership for current user&#xD;
-&gt; done: FeatureObjectsV2MetadataSteps.WhenISetTheMembershipForCurrentUser() (0.0s)&#xD;
Then I receive a successful response&#xD;
-&gt; done: FeatureObjectsV2MetadataSteps.ThenIReceiveASuccessfulResponse() (0.0s)&#xD;
And the response contains list with 'ChatMembership' membership&#xD;
-&gt; done: FeatureObjectsV2MetadataSteps.ThenTheResponseContainsListWithMembership("ChatMembership") (0.0s)&#xD;
&#xD;
Given I have a keyset with Objects V2 enabled&#xD;
-&gt; done: FeatureObjectsV2MetadataSteps.GivenIHaveAKeysetWithObjectsVEnabled(2) (0.0s)&#xD;
When I get all UUID metadata&#xD;
-&gt; done: FeatureObjectsV2MetadataSteps.WhenIGetAllUUIDMetadata() (0.0s)&#xD;
Then I receive a successful response&#xD;
-&gt; done: FeatureObjectsV2MetadataSteps.ThenIReceiveASuccessfulResponse() (0.0s)&#xD;
And the response contains list with 'Alice' and 'James' UUID metadata&#xD;
-&gt; done: FeatureObjectsV2MetadataSteps.ThenTheResponseContainsListWithAndUUIDMetadata("Alice", "James") (0.0s)&#xD;
&#xD;
Given I have a keyset with Objects V2 enabled&#xD;
-&gt; done: FeatureObjectsV2MetadataSteps.GivenIHaveAKeysetWithObjectsVEnabled(2) (0.0s)&#xD;
When I get all UUID metadata with custom&#xD;
-&gt; done: FeatureObjectsV2MetadataSteps.WhenIGetAllUUIDMetadataWithCustom() (0.0s)&#xD;
Then I receive a successful response&#xD;
-&gt; done: FeatureObjectsV2MetadataSteps.ThenIReceiveASuccessfulResponse() (0.0s)&#xD;
And the response contains list with 'Bob' and 'Lisa' UUID metadata&#xD;
-&gt; done: FeatureObjectsV2MetadataSteps.ThenTheResponseContainsListWithAndUUIDMetadata("Bob", "Lisa") (0.0s)&#xD;
&#xD;
Given I have a keyset with Objects V2 enabled&#xD;
-&gt; done: FeatureObjectsV2MetadataSteps.GivenIHaveAKeysetWithObjectsVEnabled(2) (0.0s)&#xD;
Given the id for 'Alice' persona&#xD;
-&gt; done: FeatureObjectsV2MetadataSteps.GivenTheIdForPersona("Alice") (0.0s)&#xD;
When I get the UUID metadata&#xD;
-&gt; done: FeatureObjectsV2MetadataSteps.WhenIGetTheUUIDMetadata() (0.0s)&#xD;
Then I receive a successful response&#xD;
-&gt; done: FeatureObjectsV2MetadataSteps.ThenIReceiveASuccessfulResponse() (0.0s)&#xD;
And the UUID metadata for 'Alice' persona&#xD;
-&gt; done: FeatureObjectsV2MetadataSteps.ThenTheUUIDMetadataForPersona("Alice") (0.0s)&#xD;
&#xD;
Given I have a keyset with Objects V2 enabled&#xD;
-&gt; done: FeatureObjectsV2MetadataSteps.GivenIHaveAKeysetWithObjectsVEnabled(2) (0.0s)&#xD;
Given current user is 'Bob' persona&#xD;
-&gt; done: FeatureObjectsV2MetadataSteps.GivenCurrentUserIsPersona("Bob") (0.0s)&#xD;
When I get the UUID metadata with custom for current user&#xD;
-&gt; done: FeatureObjectsV2MetadataSteps.WhenIGetTheUUIDMetadataWithCustomForCurrentUser() (0.0s)&#xD;
Then I receive a successful response&#xD;
-&gt; done: FeatureObjectsV2MetadataSteps.ThenIReceiveASuccessfulResponse() (0.0s)&#xD;
And the UUID metadata for 'Bob' persona&#xD;
-&gt; done: FeatureObjectsV2MetadataSteps.ThenTheUUIDMetadataForPersona("Bob") (0.0s)&#xD;
&#xD;
Given I have a keyset with Objects V2 enabled&#xD;
-&gt; done: FeatureObjectsV2MetadataSteps.GivenIHaveAKeysetWithObjectsVEnabled(2) (0.0s)&#xD;
Given the id for 'Alice' persona&#xD;
-&gt; done: FeatureObjectsV2MetadataSteps.GivenTheIdForPersona("Alice") (0.0s)&#xD;
When I remove the UUID metadata&#xD;
-&gt; done: FeatureObjectsV2MetadataSteps.WhenIRemoveTheUUIDMetadata() (0.0s)&#xD;
Then I receive a successful response&#xD;
-&gt; done: FeatureObjectsV2MetadataSteps.ThenIReceiveASuccessfulResponse() (0.0s)&#xD;
&#xD;
Given I have a keyset with Objects V2 enabled&#xD;
-&gt; done: FeatureObjectsV2MetadataSteps.GivenIHaveAKeysetWithObjectsVEnabled(2) (0.0s)&#xD;
Given current user is 'Alice' persona&#xD;
-&gt; done: FeatureObjectsV2MetadataSteps.GivenCurrentUserIsPersona("Alice") (0.0s)&#xD;
When I remove the UUID metadata for current user&#xD;
-&gt; done: FeatureObjectsV2MetadataSteps.WhenIRemoveTheUUIDMetadataForCurrentUser() (0.0s)&#xD;
Then I receive a successful response&#xD;
-&gt; done: FeatureObjectsV2MetadataSteps.ThenIReceiveASuccessfulResponse() (0.0s)&#xD;
&#xD;
Given I have a keyset with Objects V2 enabled&#xD;
-&gt; done: FeatureObjectsV2MetadataSteps.GivenIHaveAKeysetWithObjectsVEnabled(2) (0.0s)&#xD;
Given the data for 'Alice' persona&#xD;
-&gt; done: FeatureObjectsV2MetadataSteps.GivenTheDataForPersona("Alice") (0.0s)&#xD;
When I set the UUID metadata&#xD;
-&gt; done: FeatureObjectsV2MetadataSteps.WhenISetTheUUIDMetadata() (0.0s)&#xD;
Then I receive a successful response&#xD;
-&gt; done: FeatureObjectsV2MetadataSteps.ThenIReceiveASuccessfulResponse() (0.0s)&#xD;
And the UUID metadata for 'Alice' persona contains updated&#xD;
-&gt; done: FeatureObjectsV2MetadataSteps.ThenTheUUIDMetadataForPersonaContainsUpdated("Alice") (0.0s)&#xD;
&#xD;
Given I have a keyset with access manager enabled&#xD;
-&gt; done: FeatureAccessSteps.GivenIHaveAKeysetWithAccessManagerEnabled() (0.0s)&#xD;
Given a token&#xD;
-&gt; done: FeatureAccessSteps.GivenAToken() (0.0s)&#xD;
When I revoke a token&#xD;
-&gt; done: FeatureAccessSteps.WhenIRevokeAToken() (0.0s)&#xD;
Then an error is returned&#xD;
-&gt; done: FeatureAccessSteps.ThenAnErrorIsReturned() (0.0s)&#xD;
* the error status code is 400&#xD;
-&gt; done: FeatureAccessSteps.ThenTheErrorStatusCodeIs(400) (0.0s)&#xD;
* the error message is 'Feature disabled'&#xD;
-&gt; done: FeatureAccessSteps.ThenTheErrorMessageIs("Feature disabled") (0.0s)&#xD;
* the error source is 'revoke'&#xD;
-&gt; done: FeatureAccessSteps.ThenTheErrorSourceIs("revoke") (0.0s)&#xD;
* the error detail message is 'Token revocation is disabled.'&#xD;
-&gt; done: FeatureAccessSteps.ThenTheErrorDetailMessageIs("Token revocation ...") (0.0s)&#xD;
* the error detail location is 'subscribe-key'&#xD;
-&gt; done: FeatureAccessSteps.ThenTheErrorDetailLocationIs("subscribe-key") (0.0s)&#xD;
* the error detail location type is 'path'&#xD;
-&gt; done: FeatureAccessSteps.ThenTheErrorDetailLocationTypeIs("path") (0.0s)&#xD;
* the error service is 'Access Manager'&#xD;
-&gt; done: FeatureAccessSteps.ThenTheErrorServiceIs("Access Manager") (0.0s)&#xD;
&#xD;
Given I have a keyset with access manager enabled&#xD;
-&gt; done: FeatureAccessSteps.GivenIHaveAKeysetWithAccessManagerEnabled() (0.0s)&#xD;
Given the token string 'unescaped-_.ABCabc123 escaped;,/?:@&amp;=+$#'&#xD;
-&gt; done: FeatureAccessSteps.GivenTheTokenString("unescaped-_.ABCab...") (0.0s)&#xD;
When I revoke a token&#xD;
-&gt; done: FeatureAccessSteps.WhenIRevokeAToken() (0.0s)&#xD;
Then I get confirmation that token has been revoked&#xD;
-&gt; done: FeatureAccessSteps.ThenIGetConfirmationThatTokenHasBeenRevoked() (0.0s)&#xD;
&#xD;
Given I have a keyset with access manager enabled&#xD;
-&gt; done: FeatureAccessSteps.GivenIHaveAKeysetWithAccessManagerEnabled() (0.0s)&#xD;
Given a token&#xD;
-&gt; done: FeatureAccessSteps.GivenAToken() (0.0s)&#xD;
When I revoke a token&#xD;
-&gt; done: FeatureAccessSteps.WhenIRevokeAToken() (0.0s)&#xD;
Then I get confirmation that token has been revoked&#xD;
-&gt; done: FeatureAccessSteps.ThenIGetConfirmationThatTokenHasBeenRevoked() (0.0s)&#xD;
&#xD;
Given I have a keyset with access manager enabled&#xD;
-&gt; done: FeatureAccessSteps.GivenIHaveAKeysetWithAccessManagerEnabled() (0.0s)&#xD;
Given a token&#xD;
-&gt; done: FeatureAccessSteps.GivenAToken() (0.0s)&#xD;
When I revoke a token&#xD;
-&gt; done: FeatureAccessSteps.WhenIRevokeAToken() (0.0s)&#xD;
Then an error is returned&#xD;
-&gt; done: FeatureAccessSteps.ThenAnErrorIsReturned() (0.0s)&#xD;
* the error status code is 400&#xD;
-&gt; done: FeatureAccessSteps.ThenTheErrorStatusCodeIs(400) (0.0s)&#xD;
* the error message is 'Invalid token'&#xD;
-&gt; done: FeatureAccessSteps.ThenTheErrorMessageIs("Invalid token") (0.0s)&#xD;
* the error source is 'revoke'&#xD;
-&gt; done: FeatureAccessSteps.ThenTheErrorSourceIs("revoke") (0.0s)&#xD;
* the error detail message is not empty&#xD;
-&gt; done: FeatureAccessSteps.ThenTheErrorDetailMessageIsNotEmpty() (0.0s)&#xD;
* the error detail location is 'token'&#xD;
-&gt; done: FeatureAccessSteps.ThenTheErrorDetailLocationIs("token") (0.0s)&#xD;
* the error detail location type is 'path'&#xD;
-&gt; done: FeatureAccessSteps.ThenTheErrorDetailLocationTypeIs("path") (0.0s)&#xD;
* the error service is 'Access Manager'&#xD;
-&gt; done: FeatureAccessSteps.ThenTheErrorServiceIs("Access Manager") (0.0s)&#xD;
&#xD;
NUnit Adapter 3.17.0.0: Test execution complete&#xD;
</StdOut>
    </Output>
  </ResultSummary>
</TestRun>