<?xml version="1.0" encoding="utf-8"?>
<TestRun id="2e976dcd-3627-4266-a1a1-e7f0f66974ae" name="runneradmin@fv-az1213-974 2024-04-18 12:15:01" runUser="fv-az1213-974\runneradmin" xmlns="http://microsoft.com/schemas/VisualStudio/TeamTest/2010">
  <Times creation="2024-04-18T12:15:01.8436584+00:00" queuing="2024-04-18T12:15:01.8436585+00:00" start="2024-04-18T12:15:00.3640601+00:00" finish="2024-04-18T12:15:44.5804074+00:00" />
  <TestSettings name="default" id="61c3282a-a8e7-44cb-b3d3-afa3cc7ae3cd">
    <Deployment runDeploymentRoot="runneradmin_fv-az1213-974_2024-04-18_12_15_01" />
  </TestSettings>
  <Results>
    <UnitTestResult executionId="f16a0963-ed0c-4016-a919-a79ad99e92e6" testId="9d9c0b4d-df8d-d917-f4fe-624101bd0d52" testName="EmptyDataDecryptionShouldFail(&quot;acrh&quot;,&quot;pubnubenigma&quot;,&quot;-&quot;,&quot;empty-file.txt&quot;,null)" computerName="fv-az1213-974" duration="00:00:00.0021770" startTime="2024-04-18T12:15:01.8740763+00:00" endTime="2024-04-18T12:15:01.8762528+00:00" testType="13cdc9d9-ddb5-4fa4-a97d-d965ccfc6d4b" outcome="Passed" testListId="8c84fa94-04c1-424b-9868-57a2d4851a1d" relativeResultsDirectory="f16a0963-ed0c-4016-a919-a79ad99e92e6">
      <Output>
        <StdOut>Given Crypto module with 'acrh' cryptor&#xD;
-&gt; done: CryptoModuleSteps.GivenCryptoModuleWithCryptor("acrh") (0.0s)&#xD;
* with 'pubnubenigma' cipher key&#xD;
-&gt; done: CryptoModuleSteps.GivenWithCipherKey("pubnubenigma") (0.0s)&#xD;
* with '-' vector&#xD;
-&gt; done: CryptoModuleSteps.GivenWithVector("-") (0.0s)&#xD;
When I decrypt 'empty-file.txt' file as 'binary'&#xD;
-&gt; done: CryptoModuleSteps.WhenIDecryptFileAs("empty-file.txt", "binary") (0.0s)&#xD;
Then I receive 'decryption error'&#xD;
-&gt; done: CryptoModuleSteps.ThenIReceive("decryption error") (0.0s)</StdOut>
      </Output>
    </UnitTestResult>
    <UnitTestResult executionId="4cb05d88-26a0-42c5-9648-a343fc497199" testId="040fb33d-7655-40ce-1cff-6bcf94c5cc47" testName="CryptorIsAbleToProcessSampleFilesAsBinary(&quot;legacy&quot;,&quot;pubnubenigma&quot;,&quot;constant&quot;,&quot;file-cryptor-legacy-civ.jpg&quot;,&quot;file.jpg&quot;,null)" computerName="fv-az1213-974" duration="00:00:00.0178570" startTime="2024-04-18T12:15:01.7352938+00:00" endTime="2024-04-18T12:15:01.7531509+00:00" testType="13cdc9d9-ddb5-4fa4-a97d-d965ccfc6d4b" outcome="Passed" testListId="8c84fa94-04c1-424b-9868-57a2d4851a1d" relativeResultsDirectory="4cb05d88-26a0-42c5-9648-a343fc497199">
      <Output>
        <StdOut>Given Crypto module with 'legacy' cryptor&#xD;
-&gt; done: CryptoModuleSteps.GivenCryptoModuleWithCryptor("legacy") (0.0s)&#xD;
* with 'pubnubenigma' cipher key&#xD;
-&gt; done: CryptoModuleSteps.GivenWithCipherKey("pubnubenigma") (0.0s)&#xD;
* with 'constant' vector&#xD;
-&gt; done: CryptoModuleSteps.GivenWithVector("constant") (0.0s)&#xD;
When I decrypt 'file-cryptor-legacy-civ.jpg' file as 'binary'&#xD;
-&gt; done: CryptoModuleSteps.WhenIDecryptFileAs("file-cryptor-lega...", "binary") (0.0s)&#xD;
Then Decrypted file content equal to the 'file.jpg' file content&#xD;
-&gt; done: CryptoModuleSteps.ThenDecryptedFileContentEqualToTheFileContent("file.jpg") (0.0s)</StdOut>
      </Output>
    </UnitTestResult>
    <UnitTestResult executionId="f53085e9-5452-4d68-b350-3ec1c4cacae1" testId="7f798889-8174-9314-5795-cf39887a4d5e" testName="AES_CBCCryptorDataHeaderCanBeProcessed(&quot;pubnubenigma&quot;,&quot;file-legacy-civ.jpg&quot;,&quot;unknown cryptor error&quot;,null)" computerName="fv-az1213-974" duration="00:00:00.0680920" startTime="2024-04-18T12:15:01.6175737+00:00" endTime="2024-04-18T12:15:01.6855940+00:00" testType="13cdc9d9-ddb5-4fa4-a97d-d965ccfc6d4b" outcome="Passed" testListId="8c84fa94-04c1-424b-9868-57a2d4851a1d" relativeResultsDirectory="f53085e9-5452-4d68-b350-3ec1c4cacae1">
      <Output>
        <StdOut>Given Crypto module with 'acrh' cryptor&#xD;
-&gt; done: CryptoModuleSteps.GivenCryptoModuleWithCryptor("acrh") (0.0s)&#xD;
* with 'pubnubenigma' cipher key&#xD;
-&gt; done: CryptoModuleSteps.GivenWithCipherKey("pubnubenigma") (0.0s)&#xD;
When I decrypt 'file-legacy-civ.jpg' file&#xD;
-&gt; done: CryptoModuleSteps.WhenIDecryptFile("file-legacy-civ.jpg") (0.0s)&#xD;
Then I receive 'unknown cryptor error'&#xD;
-&gt; done: CryptoModuleSteps.ThenIReceive("unknown cryptor e...") (0.0s)</StdOut>
      </Output>
    </UnitTestResult>
    <UnitTestResult executionId="51cb9ec9-b516-4d13-8ed4-0fab1aff463a" testId="cddd27ac-7387-0391-36be-b1b706556ac6" testName="EmptyStreamDataEncryptionShouldFail(&quot;legacy&quot;,&quot;pubnubenigma&quot;,&quot;random&quot;,null)" computerName="fv-az1213-974" duration="00:00:00.0022000" startTime="2024-04-18T12:15:01.9058535+00:00" endTime="2024-04-18T12:15:01.9080529+00:00" testType="13cdc9d9-ddb5-4fa4-a97d-d965ccfc6d4b" outcome="Passed" testListId="8c84fa94-04c1-424b-9868-57a2d4851a1d" relativeResultsDirectory="51cb9ec9-b516-4d13-8ed4-0fab1aff463a">
      <Output>
        <StdOut>Given Crypto module with 'legacy' cryptor&#xD;
-&gt; done: CryptoModuleSteps.GivenCryptoModuleWithCryptor("legacy") (0.0s)&#xD;
* with 'pubnubenigma' cipher key&#xD;
-&gt; done: CryptoModuleSteps.GivenWithCipherKey("pubnubenigma") (0.0s)&#xD;
* with 'random' vector&#xD;
-&gt; done: CryptoModuleSteps.GivenWithVector("random") (0.0s)&#xD;
When I encrypt 'empty-file.txt' file as 'stream'&#xD;
-&gt; done: CryptoModuleSteps.WhenIEncryptFileAs("empty-file.txt", "stream") (0.0s)&#xD;
Then I receive 'encryption error'&#xD;
-&gt; done: CryptoModuleSteps.ThenIReceive("encryption error") (0.0s)</StdOut>
      </Output>
    </UnitTestResult>
    <UnitTestResult executionId="39166cde-3768-44c6-b822-de051f43cf1b" testId="984e3d49-4d22-c80b-52c3-19191f62fda7" testName="EmptyStreamDataEncryptionShouldFail(&quot;acrh&quot;,&quot;pubnubenigma&quot;,&quot;-&quot;,null)" computerName="fv-az1213-974" duration="00:00:00.0028940" startTime="2024-04-18T12:15:01.9106685+00:00" endTime="2024-04-18T12:15:01.9135626+00:00" testType="13cdc9d9-ddb5-4fa4-a97d-d965ccfc6d4b" outcome="Passed" testListId="8c84fa94-04c1-424b-9868-57a2d4851a1d" relativeResultsDirectory="39166cde-3768-44c6-b822-de051f43cf1b">
      <Output>
        <StdOut>Given Crypto module with 'acrh' cryptor&#xD;
-&gt; done: CryptoModuleSteps.GivenCryptoModuleWithCryptor("acrh") (0.0s)&#xD;
* with 'pubnubenigma' cipher key&#xD;
-&gt; done: CryptoModuleSteps.GivenWithCipherKey("pubnubenigma") (0.0s)&#xD;
* with '-' vector&#xD;
-&gt; done: CryptoModuleSteps.GivenWithVector("-") (0.0s)&#xD;
When I encrypt 'empty-file.txt' file as 'stream'&#xD;
-&gt; done: CryptoModuleSteps.WhenIEncryptFileAs("empty-file.txt", "stream") (0.0s)&#xD;
Then I receive 'encryption error'&#xD;
-&gt; done: CryptoModuleSteps.ThenIReceive("encryption error") (0.0s)</StdOut>
      </Output>
    </UnitTestResult>
    <UnitTestResult executionId="bd580782-b1e9-41b9-aee8-87bd754d1489" testId="238d7046-3682-e357-765d-2a21c813602e" testName="AttemptToGrantAnAccessTokenWithARegularExpressionContainingASyntaxErrorAndExpectAServerError" computerName="fv-az1213-974" duration="00:00:00.0184840" startTime="2024-04-18T12:15:43.1224017+00:00" endTime="2024-04-18T12:15:43.1408856+00:00" testType="13cdc9d9-ddb5-4fa4-a97d-d965ccfc6d4b" outcome="Passed" testListId="8c84fa94-04c1-424b-9868-57a2d4851a1d" relativeResultsDirectory="bd580782-b1e9-41b9-aee8-87bd754d1489">
      <Output>
        <StdOut>Given I have a keyset with access manager enabled&#xD;
-&gt; done: FeatureAccessSteps.GivenIHaveAKeysetWithAccessManagerEnabled() (0.0s)&#xD;
Given the TTL 60&#xD;
-&gt; done: FeatureAccessSteps.GivenTheTTL(60) (0.0s)&#xD;
Given the '!&lt;[^&gt;]+&gt;++' UUID pattern access permissions&#xD;
-&gt; done: FeatureAccessSteps.GivenTheUUIDPatternAccessPermissions("!&lt;[^&gt;]+&gt;++") (0.0s)&#xD;
* grant pattern permission GET&#xD;
-&gt; done: FeatureAccessSteps.GivenGrantPatternPermissionGET() (0.0s)&#xD;
When I attempt to grant a token specifying those permissions&#xD;
-&gt; done: FeatureAccessSteps.WhenIAttemptToGrantATokenSpecifyingThosePermissions() (0.0s)&#xD;
Then an error is returned&#xD;
-&gt; done: FeatureAccessSteps.ThenAnErrorIsReturned() (0.0s)&#xD;
* the error status code is 400&#xD;
-&gt; done: FeatureAccessSteps.ThenTheErrorStatusCodeIs(400) (0.0s)&#xD;
* the error message is 'Invalid RegExp'&#xD;
-&gt; done: FeatureAccessSteps.ThenTheErrorMessageIs("Invalid RegExp") (0.0s)&#xD;
* the error source is 'grant'&#xD;
-&gt; done: FeatureAccessSteps.ThenTheErrorSourceIs("grant") (0.0s)&#xD;
* the error detail message is 'Syntax error: multiple repeat.'&#xD;
-&gt; done: FeatureAccessSteps.ThenTheErrorDetailMessageIs("Syntax error: mul...") (0.0s)&#xD;
* the error detail location is 'permissions.patterns.uuids.!&lt;[^&gt;]+&gt;++'&#xD;
-&gt; done: FeatureAccessSteps.ThenTheErrorDetailLocationIs("permissions.patte...") (0.0s)&#xD;
* the error detail location type is 'body'&#xD;
-&gt; done: FeatureAccessSteps.ThenTheErrorDetailLocationTypeIs("body") (0.0s)</StdOut>
      </Output>
    </UnitTestResult>
    <UnitTestResult executionId="2a01b371-53de-42a5-b822-bf11767090b0" testId="68a689f7-c4a6-51dd-490d-8e5b965feb8a" testName="CryptorIsAbleToProcessSampleFilesAsStream(&quot;acrh&quot;,&quot;pubnubenigma&quot;,&quot;-&quot;,&quot;file-cryptor-v1-acrh.jpg&quot;,&quot;file.jpg&quot;,null)" computerName="fv-az1213-974" duration="00:00:00.0098879" startTime="2024-04-18T12:15:01.8347637+00:00" endTime="2024-04-18T12:15:01.8446511+00:00" testType="13cdc9d9-ddb5-4fa4-a97d-d965ccfc6d4b" outcome="Passed" testListId="8c84fa94-04c1-424b-9868-57a2d4851a1d" relativeResultsDirectory="2a01b371-53de-42a5-b822-bf11767090b0">
      <Output>
        <StdOut>Given Crypto module with 'acrh' cryptor&#xD;
-&gt; done: CryptoModuleSteps.GivenCryptoModuleWithCryptor("acrh") (0.0s)&#xD;
* with 'pubnubenigma' cipher key&#xD;
-&gt; done: CryptoModuleSteps.GivenWithCipherKey("pubnubenigma") (0.0s)&#xD;
* with '-' vector&#xD;
-&gt; done: CryptoModuleSteps.GivenWithVector("-") (0.0s)&#xD;
When I decrypt 'file-cryptor-v1-acrh.jpg' file as 'stream'&#xD;
-&gt; done: CryptoModuleSteps.WhenIDecryptFileAs("file-cryptor-v1-a...", "stream") (0.0s)&#xD;
Then Decrypted file content equal to the 'file.jpg' file content&#xD;
-&gt; done: CryptoModuleSteps.ThenDecryptedFileContentEqualToTheFileContent("file.jpg") (0.0s)</StdOut>
      </Output>
    </UnitTestResult>
    <UnitTestResult executionId="a6607a59-6abb-4099-bb92-e746ed5a52e8" testId="b811bc2b-ac6c-1eab-5504-b3af1ec9a805" testName="RevokeATokenWithCharactersThatRequireUrlEncoding" computerName="fv-az1213-974" duration="00:00:00.0173620" startTime="2024-04-18T12:15:44.3452706+00:00" endTime="2024-04-18T12:15:44.3626330+00:00" testType="13cdc9d9-ddb5-4fa4-a97d-d965ccfc6d4b" outcome="Passed" testListId="8c84fa94-04c1-424b-9868-57a2d4851a1d" relativeResultsDirectory="a6607a59-6abb-4099-bb92-e746ed5a52e8">
      <Output>
        <StdOut>Given I have a keyset with access manager enabled&#xD;
-&gt; done: FeatureAccessSteps.GivenIHaveAKeysetWithAccessManagerEnabled() (0.0s)&#xD;
Given the token string 'unescaped-_.ABCabc123 escaped;,/?:@&amp;=+$#'&#xD;
-&gt; done: FeatureAccessSteps.GivenTheTokenString("unescaped-_.ABCab...") (0.0s)&#xD;
When I revoke a token&#xD;
-&gt; done: FeatureAccessSteps.WhenIRevokeAToken() (0.0s)&#xD;
Then I get confirmation that token has been revoked&#xD;
-&gt; done: FeatureAccessSteps.ThenIGetConfirmationThatTokenHasBeenRevoked() (0.0s)</StdOut>
      </Output>
    </UnitTestResult>
    <UnitTestResult executionId="b41fd02e-fc50-4896-863b-010528f504cf" testId="70fed881-ff3d-cf01-fc50-eec23bec4b15" testName="GetMembersForVipChatChannelWithCustomAndUUIDWithCustom" computerName="fv-az1213-974" duration="00:00:00.0271400" startTime="2024-04-18T12:15:43.7647694+00:00" endTime="2024-04-18T12:15:43.7919095+00:00" testType="13cdc9d9-ddb5-4fa4-a97d-d965ccfc6d4b" outcome="Passed" testListId="8c84fa94-04c1-424b-9868-57a2d4851a1d" relativeResultsDirectory="b41fd02e-fc50-4896-863b-010528f504cf">
      <Output>
        <StdOut>Given I have a keyset with Objects V2 enabled&#xD;
-&gt; done: FeatureObjectsV2MetadataSteps.GivenIHaveAKeysetWithObjectsVEnabled(2) (0.0s)&#xD;
Given the id for 'VipChat' channel&#xD;
-&gt; done: FeatureObjectsV2MetadataSteps.GivenTheIdForChannel("VipChat") (0.0s)&#xD;
When I get the channel members including custom and UUID custom information&#xD;
-&gt; done: FeatureObjectsV2MetadataSteps.WhenIGetTheChannelMembersIncludingCustomAndUUIDCustomInformation() (0.0s)&#xD;
Then I receive a successful response&#xD;
-&gt; done: FeatureObjectsV2MetadataSteps.ThenIReceiveASuccessfulResponse() (0.0s)&#xD;
And the response contains list with 'OliverMember' and 'PeterMember' members&#xD;
-&gt; done: FeatureObjectsV2MetadataSteps.ThenTheResponseContainsListWithAndMembers("OliverMember", "PeterMember") (0.0s)</StdOut>
      </Output>
    </UnitTestResult>
    <UnitTestResult executionId="4718cbc6-9c51-4f7d-bc48-388e7d4670d7" testId="046e940e-ed7b-e2be-b9c9-fa82caaefa8a" testName="RemoveMembershipForCurrentUser" computerName="fv-az1213-974" duration="00:00:00.0185780" startTime="2024-04-18T12:15:44.0500053+00:00" endTime="2024-04-18T12:15:44.0685831+00:00" testType="13cdc9d9-ddb5-4fa4-a97d-d965ccfc6d4b" outcome="Passed" testListId="8c84fa94-04c1-424b-9868-57a2d4851a1d" relativeResultsDirectory="4718cbc6-9c51-4f7d-bc48-388e7d4670d7">
      <Output>
        <StdOut>Given I have a keyset with Objects V2 enabled&#xD;
-&gt; done: FeatureObjectsV2MetadataSteps.GivenIHaveAKeysetWithObjectsVEnabled(2) (0.0s)&#xD;
Given current user is 'Alice' persona&#xD;
-&gt; done: FeatureObjectsV2MetadataSteps.GivenCurrentUserIsPersona("Alice") (0.0s)&#xD;
And the data for 'ChatMembership' membership that we want to remove&#xD;
-&gt; done: FeatureObjectsV2MetadataSteps.GivenTheDataForMembershipThatWeWantToRemove("ChatMembership") (0.0s)&#xD;
When I remove the membership for current user&#xD;
-&gt; done: FeatureObjectsV2MetadataSteps.WhenIRemoveTheMembershipForCurrentUser() (0.0s)&#xD;
Then I receive a successful response&#xD;
-&gt; done: FeatureObjectsV2MetadataSteps.ThenIReceiveASuccessfulResponse() (0.0s)</StdOut>
      </Output>
    </UnitTestResult>
    <UnitTestResult executionId="259b0f18-e4f8-42bd-892e-f8e561d11b85" testId="13df4a31-1d93-7796-89f0-9bafbf62cf1d" testName="CryptorIsAbleToProcessSampleFilesAsBinary(&quot;legacy&quot;,&quot;pubnubenigma&quot;,&quot;constant&quot;,&quot;file-legacy-civ.txt&quot;,&quot;file.txt&quot;,null)" computerName="fv-az1213-974" duration="00:00:00.0029660" startTime="2024-04-18T12:15:01.7879297+00:00" endTime="2024-04-18T12:15:01.7908951+00:00" testType="13cdc9d9-ddb5-4fa4-a97d-d965ccfc6d4b" outcome="Passed" testListId="8c84fa94-04c1-424b-9868-57a2d4851a1d" relativeResultsDirectory="259b0f18-e4f8-42bd-892e-f8e561d11b85">
      <Output>
        <StdOut>Given Crypto module with 'legacy' cryptor&#xD;
-&gt; done: CryptoModuleSteps.GivenCryptoModuleWithCryptor("legacy") (0.0s)&#xD;
* with 'pubnubenigma' cipher key&#xD;
-&gt; done: CryptoModuleSteps.GivenWithCipherKey("pubnubenigma") (0.0s)&#xD;
* with 'constant' vector&#xD;
-&gt; done: CryptoModuleSteps.GivenWithVector("constant") (0.0s)&#xD;
When I decrypt 'file-legacy-civ.txt' file as 'binary'&#xD;
-&gt; done: CryptoModuleSteps.WhenIDecryptFileAs("file-legacy-civ.txt", "binary") (0.0s)&#xD;
Then Decrypted file content equal to the 'file.txt' file content&#xD;
-&gt; done: CryptoModuleSteps.ThenDecryptedFileContentEqualToTheFileContent("file.txt") (0.0s)</StdOut>
      </Output>
    </UnitTestResult>
    <UnitTestResult executionId="c5f3fe34-f701-49ad-a76f-1038c480c510" testId="bf64e30a-5c5e-95e0-c813-0cfcc293de1e" testName="StreamDataEncryptedWithLegacyAES_CBCCryptorIsDecryptableWithLegacyImplementation(&quot;pubnubenigma&quot;,&quot;random&quot;,&quot;file.jpg&quot;,null)" computerName="fv-az1213-974" duration="00:00:00.0042600" startTime="2024-04-18T12:15:01.9136349+00:00" endTime="2024-04-18T12:15:01.9178944+00:00" testType="13cdc9d9-ddb5-4fa4-a97d-d965ccfc6d4b" outcome="Passed" testListId="8c84fa94-04c1-424b-9868-57a2d4851a1d" relativeResultsDirectory="c5f3fe34-f701-49ad-a76f-1038c480c510">
      <Output>
        <StdOut>Given Crypto module with 'legacy' cryptor&#xD;
-&gt; done: CryptoModuleSteps.GivenCryptoModuleWithCryptor("legacy") (0.0s)&#xD;
Given Legacy code with 'pubnubenigma' cipher key and 'random' vector&#xD;
-&gt; done: CryptoModuleSteps.GivenLegacyCodeWithCipherKeyAndVector("pubnubenigma", "random") (0.0s)&#xD;
* with 'pubnubenigma' cipher key&#xD;
-&gt; done: CryptoModuleSteps.GivenWithCipherKey("pubnubenigma") (0.0s)&#xD;
* with 'random' vector&#xD;
-&gt; done: CryptoModuleSteps.GivenWithVector("random") (0.0s)&#xD;
When I encrypt 'file.jpg' file as 'stream'&#xD;
-&gt; done: CryptoModuleSteps.WhenIEncryptFileAs("file.jpg", "stream") (0.0s)&#xD;
Then Successfully decrypt an encrypted file with legacy code&#xD;
-&gt; done: CryptoModuleSteps.ThenSuccessfullyDecryptAnEncryptedFileWithLegacyCode() (0.0s)</StdOut>
      </Output>
    </UnitTestResult>
    <UnitTestResult executionId="c50fa6ac-85c0-4496-b10b-0a83a6dda374" testId="aea0c1c8-e4f2-b00c-e2e5-3958a9100776" testName="ManageMembershipsForAUUID" computerName="fv-az1213-974" duration="00:00:00.0305980" startTime="2024-04-18T12:15:43.9978857+00:00" endTime="2024-04-18T12:15:44.0284837+00:00" testType="13cdc9d9-ddb5-4fa4-a97d-d965ccfc6d4b" outcome="Passed" testListId="8c84fa94-04c1-424b-9868-57a2d4851a1d" relativeResultsDirectory="c50fa6ac-85c0-4496-b10b-0a83a6dda374">
      <Output>
        <StdOut>Given I have a keyset with Objects V2 enabled&#xD;
-&gt; done: FeatureObjectsV2MetadataSteps.GivenIHaveAKeysetWithObjectsVEnabled(2) (0.0s)&#xD;
Given the id for 'Alice' persona&#xD;
-&gt; done: FeatureObjectsV2MetadataSteps.GivenTheIdForPersona("Alice") (0.0s)&#xD;
And the data for 'ChatMembership' membership&#xD;
-&gt; done: FeatureObjectsV2MetadataSteps.GivenTheDataForMembership("ChatMembership") (0.0s)&#xD;
And the data for 'PatientMembership' membership that we want to remove&#xD;
-&gt; done: FeatureObjectsV2MetadataSteps.GivenTheDataForMembershipThatWeWantToRemove("PatientMembership") (0.0s)&#xD;
When I manage memberships&#xD;
-&gt; done: FeatureObjectsV2MetadataSteps.WhenIManageMemberships() (0.0s)&#xD;
Then I receive a successful response&#xD;
-&gt; done: FeatureObjectsV2MetadataSteps.ThenIReceiveASuccessfulResponse() (0.0s)&#xD;
And the response contains list with 'ChatMembership' membership&#xD;
-&gt; done: FeatureObjectsV2MetadataSteps.ThenTheResponseContainsListWithMembership("ChatMembership") (0.0s)&#xD;
And the response does not contain list with 'PatientMembership' membership&#xD;
-&gt; done: FeatureObjectsV2MetadataSteps.ThenTheResponseDoesNotContainListWithMembership("PatientMembership") (0.0s)</StdOut>
      </Output>
    </UnitTestResult>
    <UnitTestResult executionId="df1ee581-c3d2-4241-85e6-b7e75c201fc0" testId="5271a851-e8d2-c42c-aad6-49024c68a9d5" testName="GetAllChannelMetadataWithCustom" computerName="fv-az1213-974" duration="00:00:00.0208610" startTime="2024-04-18T12:15:43.6632037+00:00" endTime="2024-04-18T12:15:43.6840643+00:00" testType="13cdc9d9-ddb5-4fa4-a97d-d965ccfc6d4b" outcome="Passed" testListId="8c84fa94-04c1-424b-9868-57a2d4851a1d" relativeResultsDirectory="df1ee581-c3d2-4241-85e6-b7e75c201fc0">
      <Output>
        <StdOut>Given I have a keyset with Objects V2 enabled&#xD;
-&gt; done: FeatureObjectsV2MetadataSteps.GivenIHaveAKeysetWithObjectsVEnabled(2) (0.0s)&#xD;
When I get all channel metadata with custom&#xD;
-&gt; done: FeatureObjectsV2MetadataSteps.WhenIGetAllChannelMetadataWithCustom() (0.0s)&#xD;
Then I receive a successful response&#xD;
-&gt; done: FeatureObjectsV2MetadataSteps.ThenIReceiveASuccessfulResponse() (0.0s)&#xD;
And the response contains list with 'DM' and 'VipChat' channel metadata&#xD;
-&gt; done: FeatureObjectsV2MetadataSteps.ThenTheResponseContainsListWithAndChannelMetadata("DM", "VipChat") (0.0s)</StdOut>
      </Output>
    </UnitTestResult>
    <UnitTestResult executionId="a35ed6c6-3379-4e16-8d5d-4191ee4c8acd" testId="2f407184-5438-edfb-bd06-dac05bac3790" testName="JoiningAFewChannelsWithHeartbeatIntervalSetTo0" computerName="fv-az1213-974" duration="00:00:00.0220270" startTime="2024-04-18T12:15:34.7417186+00:00" endTime="2024-04-18T12:15:34.7637456+00:00" testType="13cdc9d9-ddb5-4fa4-a97d-d965ccfc6d4b" outcome="Passed" testListId="8c84fa94-04c1-424b-9868-57a2d4851a1d" relativeResultsDirectory="a35ed6c6-3379-4e16-8d5d-4191ee4c8acd">
      <Output>
        <StdOut>Given the demo keyset with Presence EE enabled&#xD;
-&gt; done: EventEngineSteps.GivenTheDemoKeysetWithPresenceEEenabled() (0.0s)&#xD;
Given heartbeatInterval set to '0', timeout set to '60' and suppressLeaveEvents set to 'false'&#xD;
-&gt; done: EventEngineSteps.GivenPresenceConfiguration("0", "60", "false") (0.0s)&#xD;
When I join 'first', 'second', 'third' channels&#xD;
-&gt; done: EventEngineSteps.WhenIJoinChannels("first", "second", "third") (0.0s)&#xD;
Then I don't observe any Events and Invocations of the Presence EE&#xD;
-&gt; done: EventEngineSteps.ThenIDontObserveAnyEventsAndInvocationsOfThePresenceEE() (0.0s)</StdOut>
      </Output>
    </UnitTestResult>
    <UnitTestResult executionId="65e44366-a100-42e7-9504-58202bc2828e" testId="785e20b7-0681-3d5e-8c02-431a4435768d" testName="CryptorIsAbleToProcessSampleFilesAsStream(&quot;legacy&quot;,&quot;pubnubenigma&quot;,&quot;random&quot;,&quot;file-cryptor-legacy-riv.txt&quot;,&quot;file.txt&quot;,null)" computerName="fv-az1213-974" duration="00:00:00.0026450" startTime="2024-04-18T12:15:01.8221808+00:00" endTime="2024-04-18T12:15:01.8248261+00:00" testType="13cdc9d9-ddb5-4fa4-a97d-d965ccfc6d4b" outcome="Passed" testListId="8c84fa94-04c1-424b-9868-57a2d4851a1d" relativeResultsDirectory="65e44366-a100-42e7-9504-58202bc2828e">
      <Output>
        <StdOut>Given Crypto module with 'legacy' cryptor&#xD;
-&gt; done: CryptoModuleSteps.GivenCryptoModuleWithCryptor("legacy") (0.0s)&#xD;
* with 'pubnubenigma' cipher key&#xD;
-&gt; done: CryptoModuleSteps.GivenWithCipherKey("pubnubenigma") (0.0s)&#xD;
* with 'random' vector&#xD;
-&gt; done: CryptoModuleSteps.GivenWithVector("random") (0.0s)&#xD;
When I decrypt 'file-cryptor-legacy-riv.txt' file as 'stream'&#xD;
-&gt; done: CryptoModuleSteps.WhenIDecryptFileAs("file-cryptor-lega...", "stream") (0.0s)&#xD;
Then Decrypted file content equal to the 'file.txt' file content&#xD;
-&gt; done: CryptoModuleSteps.ThenDecryptedFileContentEqualToTheFileContent("file.txt") (0.0s)</StdOut>
      </Output>
    </UnitTestResult>
    <UnitTestResult executionId="413ef0ae-1b68-45e3-8232-80cf6d0dad91" testId="9ac60b24-db33-73cf-3bc9-bbcf0b66ab81" testName="DataEncryptedWithLegacyAES_CBCCryptorIsDecryptableWithLegacyImplementation(&quot;pubnubenigma&quot;,&quot;constant&quot;,&quot;file.txt&quot;,null)" computerName="fv-az1213-974" duration="00:00:00.0030570" startTime="2024-04-18T12:15:01.8662500+00:00" endTime="2024-04-18T12:15:01.8693075+00:00" testType="13cdc9d9-ddb5-4fa4-a97d-d965ccfc6d4b" outcome="Passed" testListId="8c84fa94-04c1-424b-9868-57a2d4851a1d" relativeResultsDirectory="413ef0ae-1b68-45e3-8232-80cf6d0dad91">
      <Output>
        <StdOut>Given Crypto module with 'legacy' cryptor&#xD;
-&gt; done: CryptoModuleSteps.GivenCryptoModuleWithCryptor("legacy") (0.0s)&#xD;
* with 'pubnubenigma' cipher key&#xD;
-&gt; done: CryptoModuleSteps.GivenWithCipherKey("pubnubenigma") (0.0s)&#xD;
* with 'constant' vector&#xD;
-&gt; done: CryptoModuleSteps.GivenWithVector("constant") (0.0s)&#xD;
Given Legacy code with 'pubnubenigma' cipher key and 'constant' vector&#xD;
-&gt; done: CryptoModuleSteps.GivenLegacyCodeWithCipherKeyAndVector("pubnubenigma", "constant") (0.0s)&#xD;
When I encrypt 'file.txt' file as 'binary'&#xD;
-&gt; done: CryptoModuleSteps.WhenIEncryptFileAs("file.txt", "binary") (0.0s)&#xD;
Then Successfully decrypt an encrypted file with legacy code&#xD;
-&gt; done: CryptoModuleSteps.ThenSuccessfullyDecryptAnEncryptedFileWithLegacyCode() (0.0s)</StdOut>
      </Output>
    </UnitTestResult>
    <UnitTestResult executionId="f8679bbb-f4ee-42f1-a7e6-a36c94740563" testId="6af2fe2f-9fc6-6af1-e346-da11b3a31319" testName="EmptyDataDecryptionShouldFail(&quot;acrh&quot;,&quot;pubnubenigma&quot;,&quot;-&quot;,&quot;empty-file-cryptor-v1-acrh.txt&quot;,null)" computerName="fv-az1213-974" duration="00:00:00.0023249" startTime="2024-04-18T12:15:01.8787543+00:00" endTime="2024-04-18T12:15:01.8810795+00:00" testType="13cdc9d9-ddb5-4fa4-a97d-d965ccfc6d4b" outcome="Passed" testListId="8c84fa94-04c1-424b-9868-57a2d4851a1d" relativeResultsDirectory="f8679bbb-f4ee-42f1-a7e6-a36c94740563">
      <Output>
        <StdOut>Given Crypto module with 'acrh' cryptor&#xD;
-&gt; done: CryptoModuleSteps.GivenCryptoModuleWithCryptor("acrh") (0.0s)&#xD;
* with 'pubnubenigma' cipher key&#xD;
-&gt; done: CryptoModuleSteps.GivenWithCipherKey("pubnubenigma") (0.0s)&#xD;
* with '-' vector&#xD;
-&gt; done: CryptoModuleSteps.GivenWithVector("-") (0.0s)&#xD;
When I decrypt 'empty-file-cryptor-v1-acrh.txt' file as 'binary'&#xD;
-&gt; done: CryptoModuleSteps.WhenIDecryptFileAs("empty-file-crypto...", "binary") (0.0s)&#xD;
Then I receive 'decryption error'&#xD;
-&gt; done: CryptoModuleSteps.ThenIReceive("decryption error") (0.0s)</StdOut>
      </Output>
    </UnitTestResult>
    <UnitTestResult executionId="f90db20d-6b78-4a87-8ff0-17dcba05a4f1" testId="3b96f760-7a4a-da94-3ca5-8f27e0604482" testName="CryptorIsAbleToProcessSampleFilesAsStream(&quot;legacy&quot;,&quot;pubnubenigma&quot;,&quot;random&quot;,&quot;file-legacy-riv.jpg&quot;,&quot;file.jpg&quot;,null)" computerName="fv-az1213-974" duration="00:00:00.0063390" startTime="2024-04-18T12:15:01.8251988+00:00" endTime="2024-04-18T12:15:01.8315380+00:00" testType="13cdc9d9-ddb5-4fa4-a97d-d965ccfc6d4b" outcome="Passed" testListId="8c84fa94-04c1-424b-9868-57a2d4851a1d" relativeResultsDirectory="f90db20d-6b78-4a87-8ff0-17dcba05a4f1">
      <Output>
        <StdOut>Given Crypto module with 'legacy' cryptor&#xD;
-&gt; done: CryptoModuleSteps.GivenCryptoModuleWithCryptor("legacy") (0.0s)&#xD;
* with 'pubnubenigma' cipher key&#xD;
-&gt; done: CryptoModuleSteps.GivenWithCipherKey("pubnubenigma") (0.0s)&#xD;
* with 'random' vector&#xD;
-&gt; done: CryptoModuleSteps.GivenWithVector("random") (0.0s)&#xD;
When I decrypt 'file-legacy-riv.jpg' file as 'stream'&#xD;
-&gt; done: CryptoModuleSteps.WhenIDecryptFileAs("file-legacy-riv.jpg", "stream") (0.0s)&#xD;
Then Decrypted file content equal to the 'file.jpg' file content&#xD;
-&gt; done: CryptoModuleSteps.ThenDecryptedFileContentEqualToTheFileContent("file.jpg") (0.0s)</StdOut>
      </Output>
    </UnitTestResult>
    <UnitTestResult executionId="e775e5b6-4ae7-4e95-8999-0446ed491b0c" testId="02e294ba-02db-f21e-dc59-8e7c9444841f" testName="EmptyDataEncryptionShouldFail(&quot;legacy&quot;,&quot;pubnubenigma&quot;,&quot;constant&quot;,null)" computerName="fv-az1213-974" duration="00:00:00.0027990" startTime="2024-04-18T12:15:01.8811630+00:00" endTime="2024-04-18T12:15:01.8839617+00:00" testType="13cdc9d9-ddb5-4fa4-a97d-d965ccfc6d4b" outcome="Passed" testListId="8c84fa94-04c1-424b-9868-57a2d4851a1d" relativeResultsDirectory="e775e5b6-4ae7-4e95-8999-0446ed491b0c">
      <Output>
        <StdOut>Given Crypto module with 'legacy' cryptor&#xD;
-&gt; done: CryptoModuleSteps.GivenCryptoModuleWithCryptor("legacy") (0.0s)&#xD;
* with 'pubnubenigma' cipher key&#xD;
-&gt; done: CryptoModuleSteps.GivenWithCipherKey("pubnubenigma") (0.0s)&#xD;
* with 'constant' vector&#xD;
-&gt; done: CryptoModuleSteps.GivenWithVector("constant") (0.0s)&#xD;
When I encrypt 'empty-file.txt' file as 'binary'&#xD;
-&gt; done: CryptoModuleSteps.WhenIEncryptFileAs("empty-file.txt", "binary") (0.0s)&#xD;
Then I receive 'encryption error'&#xD;
-&gt; done: CryptoModuleSteps.ThenIReceive("encryption error") (0.0s)</StdOut>
      </Output>
    </UnitTestResult>
    <UnitTestResult executionId="5b3d488d-f0e8-4f9f-a045-7b4b06058e39" testId="1680f939-c9a3-3184-e5e6-300d132ea901" testName="CryptorIsAbleToProcessSampleFilesAsBinary(&quot;legacy&quot;,&quot;pubnubenigma&quot;,&quot;constant&quot;,&quot;file-cryptor-legacy-civ.txt&quot;,&quot;file.txt&quot;,null)" computerName="fv-az1213-974" duration="00:00:00.0032130" startTime="2024-04-18T12:15:01.7635382+00:00" endTime="2024-04-18T12:15:01.7667509+00:00" testType="13cdc9d9-ddb5-4fa4-a97d-d965ccfc6d4b" outcome="Passed" testListId="8c84fa94-04c1-424b-9868-57a2d4851a1d" relativeResultsDirectory="5b3d488d-f0e8-4f9f-a045-7b4b06058e39">
      <Output>
        <StdOut>Given Crypto module with 'legacy' cryptor&#xD;
-&gt; done: CryptoModuleSteps.GivenCryptoModuleWithCryptor("legacy") (0.0s)&#xD;
* with 'pubnubenigma' cipher key&#xD;
-&gt; done: CryptoModuleSteps.GivenWithCipherKey("pubnubenigma") (0.0s)&#xD;
* with 'constant' vector&#xD;
-&gt; done: CryptoModuleSteps.GivenWithVector("constant") (0.0s)&#xD;
When I decrypt 'file-cryptor-legacy-civ.txt' file as 'binary'&#xD;
-&gt; done: CryptoModuleSteps.WhenIDecryptFileAs("file-cryptor-lega...", "binary") (0.0s)&#xD;
Then Decrypted file content equal to the 'file.txt' file content&#xD;
-&gt; done: CryptoModuleSteps.ThenDecryptedFileContentEqualToTheFileContent("file.txt") (0.0s)</StdOut>
      </Output>
    </UnitTestResult>
    <UnitTestResult executionId="0903c255-6883-43d3-8658-f5ec07fb89b5" testId="4f543121-4b4c-bb28-bba2-a9b2ac9eaaeb" testName="DataEncryptedWithLegacyAES_CBCCryptorIsDecryptableWithLegacyImplementation(&quot;pubnubenigma&quot;,&quot;random&quot;,&quot;file.txt&quot;,null)" computerName="fv-az1213-974" duration="00:00:00.0030699" startTime="2024-04-18T12:15:01.8630000+00:00" endTime="2024-04-18T12:15:01.8660696+00:00" testType="13cdc9d9-ddb5-4fa4-a97d-d965ccfc6d4b" outcome="Passed" testListId="8c84fa94-04c1-424b-9868-57a2d4851a1d" relativeResultsDirectory="0903c255-6883-43d3-8658-f5ec07fb89b5">
      <Output>
        <StdOut>Given Crypto module with 'legacy' cryptor&#xD;
-&gt; done: CryptoModuleSteps.GivenCryptoModuleWithCryptor("legacy") (0.0s)&#xD;
* with 'pubnubenigma' cipher key&#xD;
-&gt; done: CryptoModuleSteps.GivenWithCipherKey("pubnubenigma") (0.0s)&#xD;
* with 'random' vector&#xD;
-&gt; done: CryptoModuleSteps.GivenWithVector("random") (0.0s)&#xD;
Given Legacy code with 'pubnubenigma' cipher key and 'random' vector&#xD;
-&gt; done: CryptoModuleSteps.GivenLegacyCodeWithCipherKeyAndVector("pubnubenigma", "random") (0.0s)&#xD;
When I encrypt 'file.txt' file as 'binary'&#xD;
-&gt; done: CryptoModuleSteps.WhenIEncryptFileAs("file.txt", "binary") (0.0s)&#xD;
Then Successfully decrypt an encrypted file with legacy code&#xD;
-&gt; done: CryptoModuleSteps.ThenSuccessfullyDecryptAnEncryptedFileWithLegacyCode() (0.0s)</StdOut>
      </Output>
    </UnitTestResult>
    <UnitTestResult executionId="86ce1556-bd12-424a-895b-7e54a2d45d77" testId="07a0b332-7585-5132-2931-ba67f585bbfd" testName="RemoveAUUIDMetadataForId" computerName="fv-az1213-974" duration="00:00:00.0208999" startTime="2024-04-18T12:15:44.2645082+00:00" endTime="2024-04-18T12:15:44.2854084+00:00" testType="13cdc9d9-ddb5-4fa4-a97d-d965ccfc6d4b" outcome="Passed" testListId="8c84fa94-04c1-424b-9868-57a2d4851a1d" relativeResultsDirectory="86ce1556-bd12-424a-895b-7e54a2d45d77">
      <Output>
        <StdOut>Given I have a keyset with Objects V2 enabled&#xD;
-&gt; done: FeatureObjectsV2MetadataSteps.GivenIHaveAKeysetWithObjectsVEnabled(2) (0.0s)&#xD;
Given the id for 'Alice' persona&#xD;
-&gt; done: FeatureObjectsV2MetadataSteps.GivenTheIdForPersona("Alice") (0.0s)&#xD;
When I remove the UUID metadata&#xD;
-&gt; done: FeatureObjectsV2MetadataSteps.WhenIRemoveTheUUIDMetadata() (0.0s)&#xD;
Then I receive a successful response&#xD;
-&gt; done: FeatureObjectsV2MetadataSteps.ThenIReceiveASuccessfulResponse() (0.0s)</StdOut>
      </Output>
    </UnitTestResult>
    <UnitTestResult executionId="2a6dee57-f309-40b7-a5c0-f3164cf2ddc2" testId="7acf7525-aaca-a5f2-7032-491d9caf1cf8" testName="GetMembershipsForUUIDWithCustomAndChannelCustom" computerName="fv-az1213-974" duration="00:00:00.0248700" startTime="2024-04-18T12:15:43.9729772+00:00" endTime="2024-04-18T12:15:43.9978475+00:00" testType="13cdc9d9-ddb5-4fa4-a97d-d965ccfc6d4b" outcome="Passed" testListId="8c84fa94-04c1-424b-9868-57a2d4851a1d" relativeResultsDirectory="2a6dee57-f309-40b7-a5c0-f3164cf2ddc2">
      <Output>
        <StdOut>Given I have a keyset with Objects V2 enabled&#xD;
-&gt; done: FeatureObjectsV2MetadataSteps.GivenIHaveAKeysetWithObjectsVEnabled(2) (0.0s)&#xD;
Given the id for 'Bob' persona&#xD;
-&gt; done: FeatureObjectsV2MetadataSteps.GivenTheIdForPersona("Bob") (0.0s)&#xD;
When I get the memberships including custom and channel custom information&#xD;
-&gt; done: FeatureObjectsV2MetadataSteps.WhenIGetTheMembershipsIncludingCustomAndChannelCustomInformation() (0.0s)&#xD;
Then I receive a successful response&#xD;
-&gt; done: FeatureObjectsV2MetadataSteps.ThenIReceiveASuccessfulResponse() (0.0s)&#xD;
And the response contains list with 'VipChatMembership' and 'DMMembership' memberships&#xD;
-&gt; done: FeatureObjectsV2MetadataSteps.ThenTheResponseContainsListWithAndMemberships("VipChatMembership", "DMMembership") (0.0s)</StdOut>
      </Output>
    </UnitTestResult>
    <UnitTestResult executionId="dfb7a216-3ef8-4f48-b109-f7de8933073d" testId="1500c2f1-f56e-3f8a-4b9e-769b5f983879" testName="CryptorIsAbleToProcessSampleFilesAsBinary(&quot;legacy&quot;,&quot;pubnubenigma&quot;,&quot;random&quot;,&quot;file-cryptor-legacy-riv.txt&quot;,&quot;file.txt&quot;,null)" computerName="fv-az1213-974" duration="00:00:00.0032890" startTime="2024-04-18T12:15:01.7667648+00:00" endTime="2024-04-18T12:15:01.7700533+00:00" testType="13cdc9d9-ddb5-4fa4-a97d-d965ccfc6d4b" outcome="Passed" testListId="8c84fa94-04c1-424b-9868-57a2d4851a1d" relativeResultsDirectory="dfb7a216-3ef8-4f48-b109-f7de8933073d">
      <Output>
        <StdOut>Given Crypto module with 'legacy' cryptor&#xD;
-&gt; done: CryptoModuleSteps.GivenCryptoModuleWithCryptor("legacy") (0.0s)&#xD;
* with 'pubnubenigma' cipher key&#xD;
-&gt; done: CryptoModuleSteps.GivenWithCipherKey("pubnubenigma") (0.0s)&#xD;
* with 'random' vector&#xD;
-&gt; done: CryptoModuleSteps.GivenWithVector("random") (0.0s)&#xD;
When I decrypt 'file-cryptor-legacy-riv.txt' file as 'binary'&#xD;
-&gt; done: CryptoModuleSteps.WhenIDecryptFileAs("file-cryptor-lega...", "binary") (0.0s)&#xD;
Then Decrypted file content equal to the 'file.txt' file content&#xD;
-&gt; done: CryptoModuleSteps.ThenDecryptedFileContentEqualToTheFileContent("file.txt") (0.0s)</StdOut>
      </Output>
    </UnitTestResult>
    <UnitTestResult executionId="77f76334-a445-4487-8508-581898b09382" testId="e310fc10-3907-7ad0-6cbe-cc9e48d5e1fa" testName="DataEncryptedWithLegacyAES_CBCCryptorIsDecryptableWithLegacyImplementation(&quot;pubnubenigma&quot;,&quot;constant&quot;,&quot;file.jpg&quot;,null)" computerName="fv-az1213-974" duration="00:00:00.0033240" startTime="2024-04-18T12:15:01.8596398+00:00" endTime="2024-04-18T12:15:01.8629637+00:00" testType="13cdc9d9-ddb5-4fa4-a97d-d965ccfc6d4b" outcome="Passed" testListId="8c84fa94-04c1-424b-9868-57a2d4851a1d" relativeResultsDirectory="77f76334-a445-4487-8508-581898b09382">
      <Output>
        <StdOut>Given Crypto module with 'legacy' cryptor&#xD;
-&gt; done: CryptoModuleSteps.GivenCryptoModuleWithCryptor("legacy") (0.0s)&#xD;
* with 'pubnubenigma' cipher key&#xD;
-&gt; done: CryptoModuleSteps.GivenWithCipherKey("pubnubenigma") (0.0s)&#xD;
* with 'constant' vector&#xD;
-&gt; done: CryptoModuleSteps.GivenWithVector("constant") (0.0s)&#xD;
Given Legacy code with 'pubnubenigma' cipher key and 'constant' vector&#xD;
-&gt; done: CryptoModuleSteps.GivenLegacyCodeWithCipherKeyAndVector("pubnubenigma", "constant") (0.0s)&#xD;
When I encrypt 'file.jpg' file as 'binary'&#xD;
-&gt; done: CryptoModuleSteps.WhenIEncryptFileAs("file.jpg", "binary") (0.0s)&#xD;
Then Successfully decrypt an encrypted file with legacy code&#xD;
-&gt; done: CryptoModuleSteps.ThenSuccessfullyDecryptAnEncryptedFileWithLegacyCode() (0.0s)</StdOut>
      </Output>
    </UnitTestResult>
    <UnitTestResult executionId="a9f85855-af3c-47cc-8218-6a76a695e2f0" testId="4dab3f58-f834-dddd-fa3d-a0f55f715d14" testName="EmptyStreamDataDecryptionShouldFail(&quot;legacy&quot;,&quot;pubnubenigma&quot;,&quot;random&quot;,&quot;empty-file-cryptor-legacy-riv.txt&quot;,null)" computerName="fv-az1213-974" duration="00:00:00.0022290" startTime="2024-04-18T12:15:01.8983728+00:00" endTime="2024-04-18T12:15:01.9006018+00:00" testType="13cdc9d9-ddb5-4fa4-a97d-d965ccfc6d4b" outcome="Passed" testListId="8c84fa94-04c1-424b-9868-57a2d4851a1d" relativeResultsDirectory="a9f85855-af3c-47cc-8218-6a76a695e2f0">
      <Output>
        <StdOut>Given Crypto module with 'legacy' cryptor&#xD;
-&gt; done: CryptoModuleSteps.GivenCryptoModuleWithCryptor("legacy") (0.0s)&#xD;
* with 'pubnubenigma' cipher key&#xD;
-&gt; done: CryptoModuleSteps.GivenWithCipherKey("pubnubenigma") (0.0s)&#xD;
* with 'random' vector&#xD;
-&gt; done: CryptoModuleSteps.GivenWithVector("random") (0.0s)&#xD;
When I decrypt 'empty-file-cryptor-legacy-riv.txt' file as 'stream'&#xD;
-&gt; done: CryptoModuleSteps.WhenIDecryptFileAs("empty-file-crypto...", "stream") (0.0s)&#xD;
Then I receive 'decryption error'&#xD;
-&gt; done: CryptoModuleSteps.ThenIReceive("decryption error") (0.0s)</StdOut>
      </Output>
    </UnitTestResult>
    <UnitTestResult executionId="7b09c991-61af-4818-b8cd-710fae6733e8" testId="96ff7052-903d-d61a-0cb2-cdee63831172" testName="RemoveMembership" computerName="fv-az1213-974" duration="00:00:00.0214470" startTime="2024-04-18T12:15:44.0285216+00:00" endTime="2024-04-18T12:15:44.0499689+00:00" testType="13cdc9d9-ddb5-4fa4-a97d-d965ccfc6d4b" outcome="Passed" testListId="8c84fa94-04c1-424b-9868-57a2d4851a1d" relativeResultsDirectory="7b09c991-61af-4818-b8cd-710fae6733e8">
      <Output>
        <StdOut>Given I have a keyset with Objects V2 enabled&#xD;
-&gt; done: FeatureObjectsV2MetadataSteps.GivenIHaveAKeysetWithObjectsVEnabled(2) (0.0s)&#xD;
Given the id for 'Alice' persona&#xD;
-&gt; done: FeatureObjectsV2MetadataSteps.GivenTheIdForPersona("Alice") (0.0s)&#xD;
And the data for 'ChatMembership' membership&#xD;
-&gt; done: FeatureObjectsV2MetadataSteps.GivenTheDataForMembership("ChatMembership") (0.0s)&#xD;
When I remove the membership&#xD;
-&gt; done: FeatureObjectsV2MetadataSteps.WhenIRemoveTheMembership() (0.0s)&#xD;
Then I receive a successful response&#xD;
-&gt; done: FeatureObjectsV2MetadataSteps.ThenIReceiveASuccessfulResponse() (0.0s)</StdOut>
      </Output>
    </UnitTestResult>
    <UnitTestResult executionId="d5860f40-8d6e-4641-a5d6-bec379d90da6" testId="85374129-b31e-6699-e3e3-35edfbf2f310" testName="GrantAnAccessTokenWithAllPermissionsOnAllResourceTypesWithAuthorizedUuid" computerName="fv-az1213-974" duration="00:00:00.2528720" startTime="2024-04-18T12:15:43.2867462+00:00" endTime="2024-04-18T12:15:43.5396188+00:00" testType="13cdc9d9-ddb5-4fa4-a97d-d965ccfc6d4b" outcome="Passed" testListId="8c84fa94-04c1-424b-9868-57a2d4851a1d" relativeResultsDirectory="d5860f40-8d6e-4641-a5d6-bec379d90da6">
      <Output>
        <StdOut>Given I have a keyset with access manager enabled&#xD;
-&gt; done: FeatureAccessSteps.GivenIHaveAKeysetWithAccessManagerEnabled() (0.0s)&#xD;
Given the authorized UUID "test-authorized-uuid"&#xD;
-&gt; done: FeatureAccessSteps.GivenTheAuthorizedUUID("test-authorized-uuid") (0.0s)&#xD;
Given the TTL 60&#xD;
-&gt; done: FeatureAccessSteps.GivenTheTTL(60) (0.0s)&#xD;
Given the 'channel-1' CHANNEL resource access permissions&#xD;
-&gt; done: FeatureAccessSteps.GivenTheCHANNELResourceAccessPermissions("channel-1") (0.0s)&#xD;
* grant resource permission READ&#xD;
-&gt; done: FeatureAccessSteps.GivenGrantResourcePermissionREAD() (0.0s)&#xD;
* grant resource permission WRITE&#xD;
-&gt; done: FeatureAccessSteps.GivenGrantResourcePermissionWRITE() (0.0s)&#xD;
* grant resource permission GET&#xD;
-&gt; done: FeatureAccessSteps.GivenGrantResourcePermissionGET() (0.0s)&#xD;
* grant resource permission MANAGE&#xD;
-&gt; done: FeatureAccessSteps.GivenGrantResourcePermissionMANAGE() (0.0s)&#xD;
* grant resource permission UPDATE&#xD;
-&gt; done: FeatureAccessSteps.GivenGrantResourcePermissionUPDATE() (0.0s)&#xD;
* grant resource permission JOIN&#xD;
-&gt; done: FeatureAccessSteps.GivenGrantResourcePermissionJOIN() (0.0s)&#xD;
* grant resource permission DELETE&#xD;
-&gt; done: FeatureAccessSteps.GivenGrantResourcePermissionDELETE() (0.0s)&#xD;
Given the 'channel_group-1' CHANNEL_GROUP resource access permissions&#xD;
-&gt; done: FeatureAccessSteps.GivenTheCHANNEL_GROUPResourceAccessPermissions("channel_group-1") (0.0s)&#xD;
* grant resource permission READ&#xD;
-&gt; done: FeatureAccessSteps.GivenGrantResourcePermissionREAD() (0.0s)&#xD;
* grant resource permission MANAGE&#xD;
-&gt; done: FeatureAccessSteps.GivenGrantResourcePermissionMANAGE() (0.0s)&#xD;
Given the 'uuid-1' UUID resource access permissions&#xD;
-&gt; done: FeatureAccessSteps.GivenTheUUIDResourceAccessPermissions("uuid-1") (0.0s)&#xD;
* grant resource permission GET&#xD;
-&gt; done: FeatureAccessSteps.GivenGrantResourcePermissionGET() (0.0s)&#xD;
* grant resource permission UPDATE&#xD;
-&gt; done: FeatureAccessSteps.GivenGrantResourcePermissionUPDATE() (0.0s)&#xD;
* grant resource permission DELETE&#xD;
-&gt; done: FeatureAccessSteps.GivenGrantResourcePermissionDELETE() (0.0s)&#xD;
Given the '^channel-\S*$' CHANNEL pattern access permissions&#xD;
-&gt; done: FeatureAccessSteps.GivenTheCHANNELPatternAccessPermissions("^channel-\S*$") (0.0s)&#xD;
* grant pattern permission READ&#xD;
-&gt; done: FeatureAccessSteps.GivenGrantPatternPermissionREAD() (0.0s)&#xD;
* grant pattern permission WRITE&#xD;
-&gt; done: FeatureAccessSteps.GivenGrantPatternPermissionWRITE() (0.0s)&#xD;
* grant pattern permission GET&#xD;
-&gt; done: FeatureAccessSteps.GivenGrantPatternPermissionGET() (0.0s)&#xD;
* grant pattern permission MANAGE&#xD;
-&gt; done: FeatureAccessSteps.GivenGrantPatternPermissionMANAGE() (0.0s)&#xD;
* grant pattern permission UPDATE&#xD;
-&gt; done: FeatureAccessSteps.GivenGrantPatternPermissionUPDATE() (0.0s)&#xD;
* grant pattern permission JOIN&#xD;
-&gt; done: FeatureAccessSteps.GivenGrantPatternPermissionJOIN() (0.0s)&#xD;
* grant pattern permission DELETE&#xD;
-&gt; done: FeatureAccessSteps.GivenGrantPatternPermissionDELETE() (0.0s)&#xD;
Given the '^:channel_group-\S*$' CHANNEL_GROUP pattern access permissions&#xD;
-&gt; done: FeatureAccessSteps.GivenTheCHANNEL_GROUPPatternAccessPermissions("^:channel_group-\S*$") (0.0s)&#xD;
* grant pattern permission READ&#xD;
-&gt; done: FeatureAccessSteps.GivenGrantPatternPermissionREAD() (0.0s)&#xD;
* grant pattern permission MANAGE&#xD;
-&gt; done: FeatureAccessSteps.GivenGrantPatternPermissionMANAGE() (0.0s)&#xD;
Given the '^uuid-\S*$' UUID pattern access permissions&#xD;
-&gt; done: FeatureAccessSteps.GivenTheUUIDPatternAccessPermissions("^uuid-\S*$") (0.0s)&#xD;
* grant pattern permission GET&#xD;
-&gt; done: FeatureAccessSteps.GivenGrantPatternPermissionGET() (0.0s)&#xD;
* grant pattern permission UPDATE&#xD;
-&gt; done: FeatureAccessSteps.GivenGrantPatternPermissionUPDATE() (0.0s)&#xD;
* grant pattern permission DELETE&#xD;
-&gt; done: FeatureAccessSteps.GivenGrantPatternPermissionDELETE() (0.0s)&#xD;
When I grant a token specifying those permissions&#xD;
-&gt; done: FeatureAccessSteps.WhenIGrantATokenSpecifyingThosePermissions() (0.0s)&#xD;
Then the token contains the authorized UUID "test-authorized-uuid"&#xD;
-&gt; done: FeatureAccessSteps.ThenTheTokenContainsTheAuthorizedUUID("test-authorized-uuid") (0.0s)&#xD;
Then the token contains the TTL 60&#xD;
-&gt; done: FeatureAccessSteps.ThenTheTokenContainsTheTTL(60) (0.0s)&#xD;
Then the token has 'channel-1' CHANNEL resource access permissions&#xD;
-&gt; done: FeatureAccessSteps.ThenTheTokenHasCHANNELResourceAccessPermissions("channel-1") (0.0s)&#xD;
* token resource permission READ&#xD;
-&gt; done: FeatureAccessSteps.ThenTokenResourcePermissionREAD() (0.0s)&#xD;
* token resource permission WRITE&#xD;
-&gt; done: FeatureAccessSteps.ThenTokenResourcePermissionWRITE() (0.0s)&#xD;
* token resource permission GET&#xD;
-&gt; done: FeatureAccessSteps.ThenTokenResourcePermissionGET() (0.0s)&#xD;
* token resource permission MANAGE&#xD;
-&gt; done: FeatureAccessSteps.ThenTokenResourcePermissionMANAGE() (0.0s)&#xD;
* token resource permission UPDATE&#xD;
-&gt; done: FeatureAccessSteps.ThenTokenResourcePermissionUPDATE() (0.0s)&#xD;
* token resource permission JOIN&#xD;
-&gt; done: FeatureAccessSteps.ThenTokenResourcePermissionJOIN() (0.0s)&#xD;
* token resource permission DELETE&#xD;
-&gt; done: FeatureAccessSteps.ThenTokenResourcePermissionDELETE() (0.0s)&#xD;
Then the token has 'channel_group-1' CHANNEL_GROUP resource access permissions&#xD;
-&gt; done: FeatureAccessSteps.ThenTheTokenHasCHANNEL_GROUPResourceAccessPermissions("channel_group-1") (0.0s)&#xD;
* token resource permission READ&#xD;
-&gt; done: FeatureAccessSteps.ThenTokenResourcePermissionREAD() (0.0s)&#xD;
* token resource permission MANAGE&#xD;
-&gt; done: FeatureAccessSteps.ThenTokenResourcePermissionMANAGE() (0.0s)&#xD;
Then the token has 'uuid-1' UUID resource access permissions&#xD;
-&gt; done: FeatureAccessSteps.ThenTheTokenHasUUIDResourceAccessPermissions("uuid-1") (0.0s)&#xD;
* token resource permission GET&#xD;
-&gt; done: FeatureAccessSteps.ThenTokenResourcePermissionGET() (0.0s)&#xD;
* token resource permission UPDATE&#xD;
-&gt; done: FeatureAccessSteps.ThenTokenResourcePermissionUPDATE() (0.0s)&#xD;
* token resource permission DELETE&#xD;
-&gt; done: FeatureAccessSteps.ThenTokenResourcePermissionDELETE() (0.0s)&#xD;
Then the token has '^channel-\S*$' CHANNEL pattern access permissions&#xD;
-&gt; done: FeatureAccessSteps.ThenTheTokenHasCHANNELPatternAccessPermissions("^channel-\S*$") (0.0s)&#xD;
* token pattern permission READ&#xD;
-&gt; done: FeatureAccessSteps.ThenTokenPatternPermissionREAD() (0.0s)&#xD;
* token pattern permission WRITE&#xD;
-&gt; done: FeatureAccessSteps.ThenTokenPatternPermissionWRITE() (0.0s)&#xD;
* token pattern permission GET&#xD;
-&gt; done: FeatureAccessSteps.ThenTokenPatternPermissionGET() (0.0s)&#xD;
* token pattern permission MANAGE&#xD;
-&gt; done: FeatureAccessSteps.ThenTokenPatternPermissionMANAGE() (0.0s)&#xD;
* token pattern permission UPDATE&#xD;
-&gt; done: FeatureAccessSteps.ThenTokenPatternPermissionUPDATE() (0.0s)&#xD;
* token pattern permission JOIN&#xD;
-&gt; done: FeatureAccessSteps.ThenTokenPatternPermissionJOIN() (0.0s)&#xD;
* token pattern permission DELETE&#xD;
-&gt; done: FeatureAccessSteps.ThenTokenPatternPermissionDELETE() (0.0s)&#xD;
Then the token has '^:channel_group-\S*$' CHANNEL_GROUP pattern access permissions&#xD;
-&gt; done: FeatureAccessSteps.ThenTheTokenHasCHANNEL_GROUPPatternAccessPermissions("^:channel_group-\S*$") (0.0s)&#xD;
* token pattern permission READ&#xD;
-&gt; done: FeatureAccessSteps.ThenTokenPatternPermissionREAD() (0.0s)&#xD;
* token pattern permission MANAGE&#xD;
-&gt; done: FeatureAccessSteps.ThenTokenPatternPermissionMANAGE() (0.0s)&#xD;
Then the token has '^uuid-\S*$' UUID pattern access permissions&#xD;
-&gt; done: FeatureAccessSteps.ThenTheTokenHasUUIDPatternAccessPermissions("^uuid-\S*$") (0.0s)&#xD;
* token pattern permission GET&#xD;
-&gt; done: FeatureAccessSteps.ThenTokenPatternPermissionGET() (0.0s)&#xD;
* token pattern permission UPDATE&#xD;
-&gt; done: FeatureAccessSteps.ThenTokenPatternPermissionUPDATE() (0.0s)&#xD;
* token pattern permission DELETE&#xD;
-&gt; done: FeatureAccessSteps.ThenTokenPatternPermissionDELETE() (0.0s)</StdOut>
      </Output>
    </UnitTestResult>
    <UnitTestResult executionId="16cf0794-6fab-431c-b20a-f1e221141fb8" testId="60e5b02d-603e-8172-2213-6ea7fd0250af" testName="AES_CBCCryptorDataHeaderCanBeProcessed(&quot;pubnubenigma&quot;,&quot;file-cryptor-no-version.txt&quot;,&quot;decryption error&quot;,null)" computerName="fv-az1213-974" duration="00:00:00.0048930" startTime="2024-04-18T12:15:01.6875553+00:00" endTime="2024-04-18T12:15:01.6924482+00:00" testType="13cdc9d9-ddb5-4fa4-a97d-d965ccfc6d4b" outcome="Passed" testListId="8c84fa94-04c1-424b-9868-57a2d4851a1d" relativeResultsDirectory="16cf0794-6fab-431c-b20a-f1e221141fb8">
      <Output>
        <StdOut>Given Crypto module with 'acrh' cryptor&#xD;
-&gt; done: CryptoModuleSteps.GivenCryptoModuleWithCryptor("acrh") (0.0s)&#xD;
* with 'pubnubenigma' cipher key&#xD;
-&gt; done: CryptoModuleSteps.GivenWithCipherKey("pubnubenigma") (0.0s)&#xD;
When I decrypt 'file-cryptor-no-version.txt' file&#xD;
-&gt; done: CryptoModuleSteps.WhenIDecryptFile("file-cryptor-no-v...") (0.0s)&#xD;
Then I receive 'decryption error'&#xD;
-&gt; done: CryptoModuleSteps.ThenIReceive("decryption error") (0.0s)</StdOut>
      </Output>
    </UnitTestResult>
    <UnitTestResult executionId="011e011c-23a6-4700-83aa-8158ab2f9fe8" testId="f6a7a690-af73-fab8-0ebf-059ccdbb5495" testName="RevokeInvalidToken" computerName="fv-az1213-974" duration="00:00:00.0179500" startTime="2024-04-18T12:15:44.3820368+00:00" endTime="2024-04-18T12:15:44.3999865+00:00" testType="13cdc9d9-ddb5-4fa4-a97d-d965ccfc6d4b" outcome="Passed" testListId="8c84fa94-04c1-424b-9868-57a2d4851a1d" relativeResultsDirectory="011e011c-23a6-4700-83aa-8158ab2f9fe8">
      <Output>
        <StdOut>Given I have a keyset with access manager enabled&#xD;
-&gt; done: FeatureAccessSteps.GivenIHaveAKeysetWithAccessManagerEnabled() (0.0s)&#xD;
Given a token&#xD;
-&gt; done: FeatureAccessSteps.GivenAToken() (0.0s)&#xD;
When I revoke a token&#xD;
-&gt; done: FeatureAccessSteps.WhenIRevokeAToken() (0.0s)&#xD;
Then an error is returned&#xD;
-&gt; done: FeatureAccessSteps.ThenAnErrorIsReturned() (0.0s)&#xD;
* the error status code is 400&#xD;
-&gt; done: FeatureAccessSteps.ThenTheErrorStatusCodeIs(400) (0.0s)&#xD;
* the error message is 'Invalid token'&#xD;
-&gt; done: FeatureAccessSteps.ThenTheErrorMessageIs("Invalid token") (0.0s)&#xD;
* the error source is 'revoke'&#xD;
-&gt; done: FeatureAccessSteps.ThenTheErrorSourceIs("revoke") (0.0s)&#xD;
* the error detail message is not empty&#xD;
-&gt; done: FeatureAccessSteps.ThenTheErrorDetailMessageIsNotEmpty() (0.0s)&#xD;
* the error detail location is 'token'&#xD;
-&gt; done: FeatureAccessSteps.ThenTheErrorDetailLocationIs("token") (0.0s)&#xD;
* the error detail location type is 'path'&#xD;
-&gt; done: FeatureAccessSteps.ThenTheErrorDetailLocationTypeIs("path") (0.0s)&#xD;
* the error service is 'Access Manager'&#xD;
-&gt; done: FeatureAccessSteps.ThenTheErrorServiceIs("Access Manager") (0.0s)</StdOut>
      </Output>
    </UnitTestResult>
    <UnitTestResult executionId="35d8f821-8cd7-49e8-bd6b-a82806991ff5" testId="d717777f-cd83-a14f-a06e-85ad7a167630" testName="GetAUUIDMetadataForId" computerName="fv-az1213-974" duration="00:00:00.0230940" startTime="2024-04-18T12:15:44.1662111+00:00" endTime="2024-04-18T12:15:44.1893053+00:00" testType="13cdc9d9-ddb5-4fa4-a97d-d965ccfc6d4b" outcome="Passed" testListId="8c84fa94-04c1-424b-9868-57a2d4851a1d" relativeResultsDirectory="35d8f821-8cd7-49e8-bd6b-a82806991ff5">
      <Output>
        <StdOut>Given I have a keyset with Objects V2 enabled&#xD;
-&gt; done: FeatureObjectsV2MetadataSteps.GivenIHaveAKeysetWithObjectsVEnabled(2) (0.0s)&#xD;
Given the id for 'Alice' persona&#xD;
-&gt; done: FeatureObjectsV2MetadataSteps.GivenTheIdForPersona("Alice") (0.0s)&#xD;
When I get the UUID metadata&#xD;
-&gt; done: FeatureObjectsV2MetadataSteps.WhenIGetTheUUIDMetadata() (0.0s)&#xD;
Then I receive a successful response&#xD;
-&gt; done: FeatureObjectsV2MetadataSteps.ThenIReceiveASuccessfulResponse() (0.0s)&#xD;
And the UUID metadata for 'Alice' persona&#xD;
-&gt; done: FeatureObjectsV2MetadataSteps.ThenTheUUIDMetadataForPersona("Alice") (0.0s)</StdOut>
      </Output>
    </UnitTestResult>
    <UnitTestResult executionId="67099936-0228-474e-a240-d8310efc74f9" testId="d533b002-ecc8-a6e4-0a55-5406f8886899" testName="EmptyDataDecryptionShouldFail(&quot;legacy&quot;,&quot;pubnubenigma&quot;,&quot;random&quot;,&quot;empty-file.txt&quot;,null)" computerName="fv-az1213-974" duration="00:00:00.0021970" startTime="2024-04-18T12:15:01.8718435+00:00" endTime="2024-04-18T12:15:01.8740401+00:00" testType="13cdc9d9-ddb5-4fa4-a97d-d965ccfc6d4b" outcome="Passed" testListId="8c84fa94-04c1-424b-9868-57a2d4851a1d" relativeResultsDirectory="67099936-0228-474e-a240-d8310efc74f9">
      <Output>
        <StdOut>Given Crypto module with 'legacy' cryptor&#xD;
-&gt; done: CryptoModuleSteps.GivenCryptoModuleWithCryptor("legacy") (0.0s)&#xD;
* with 'pubnubenigma' cipher key&#xD;
-&gt; done: CryptoModuleSteps.GivenWithCipherKey("pubnubenigma") (0.0s)&#xD;
* with 'random' vector&#xD;
-&gt; done: CryptoModuleSteps.GivenWithVector("random") (0.0s)&#xD;
When I decrypt 'empty-file.txt' file as 'binary'&#xD;
-&gt; done: CryptoModuleSteps.WhenIDecryptFileAs("empty-file.txt", "binary") (0.0s)&#xD;
Then I receive 'decryption error'&#xD;
-&gt; done: CryptoModuleSteps.ThenIReceive("decryption error") (0.0s)</StdOut>
      </Output>
    </UnitTestResult>
    <UnitTestResult executionId="2e2e2473-a898-41ca-ba0e-e076bcd04a34" testId="17537441-5c46-b29c-7a15-7f733fa6a240" testName="AttemptToGrantAnAccessTokenWhenTtlProvidedExceedsTheMaxTtlConfiguredUseDefaultMax43200ForTheTest" computerName="fv-az1213-974" duration="00:00:00.0500690" startTime="2024-04-18T12:15:43.0462142+00:00" endTime="2024-04-18T12:15:43.0962838+00:00" testType="13cdc9d9-ddb5-4fa4-a97d-d965ccfc6d4b" outcome="Passed" testListId="8c84fa94-04c1-424b-9868-57a2d4851a1d" relativeResultsDirectory="2e2e2473-a898-41ca-ba0e-e076bcd04a34">
      <Output>
        <StdOut>Given I have a keyset with access manager enabled&#xD;
-&gt; done: FeatureAccessSteps.GivenIHaveAKeysetWithAccessManagerEnabled() (0.0s)&#xD;
Given the TTL 43201&#xD;
-&gt; done: FeatureAccessSteps.GivenTheTTL(43201) (0.0s)&#xD;
Given the 'channel-1' CHANNEL resource access permissions&#xD;
-&gt; done: FeatureAccessSteps.GivenTheCHANNELResourceAccessPermissions("channel-1") (0.0s)&#xD;
* grant resource permission READ&#xD;
-&gt; done: FeatureAccessSteps.GivenGrantResourcePermissionREAD() (0.0s)&#xD;
When I attempt to grant a token specifying those permissions&#xD;
-&gt; done: FeatureAccessSteps.WhenIAttemptToGrantATokenSpecifyingThosePermissions() (0.0s)&#xD;
Then an error is returned&#xD;
-&gt; done: FeatureAccessSteps.ThenAnErrorIsReturned() (0.0s)&#xD;
* the error status code is 400&#xD;
-&gt; done: FeatureAccessSteps.ThenTheErrorStatusCodeIs(400) (0.0s)&#xD;
* the error message is 'Invalid ttl'&#xD;
-&gt; done: FeatureAccessSteps.ThenTheErrorMessageIs("Invalid ttl") (0.0s)&#xD;
* the error source is 'grant'&#xD;
-&gt; done: FeatureAccessSteps.ThenTheErrorSourceIs("grant") (0.0s)&#xD;
* the error detail message is 'Range should be 1 to 43200 minute(s).'&#xD;
-&gt; done: FeatureAccessSteps.ThenTheErrorDetailMessageIs("Range should be 1...") (0.0s)&#xD;
* the error detail location is 'ttl'&#xD;
-&gt; done: FeatureAccessSteps.ThenTheErrorDetailLocationIs("ttl") (0.0s)&#xD;
* the error detail location type is 'body'&#xD;
-&gt; done: FeatureAccessSteps.ThenTheErrorDetailLocationTypeIs("body") (0.0s)</StdOut>
      </Output>
    </UnitTestResult>
    <UnitTestResult executionId="6754324f-44cc-40fe-bb68-211a959cef16" testId="f8d35157-2900-b4b5-1a17-900588c884a9" testName="CryptorIsAbleToProcessSampleFilesAsBinary(&quot;acrh&quot;,&quot;pubnubenigma&quot;,&quot;-&quot;,&quot;file-cryptor-v1-acrh.txt&quot;,&quot;file.txt&quot;,null)" computerName="fv-az1213-974" duration="00:00:00.0034080" startTime="2024-04-18T12:15:01.8118794+00:00" endTime="2024-04-18T12:15:01.8152876+00:00" testType="13cdc9d9-ddb5-4fa4-a97d-d965ccfc6d4b" outcome="Passed" testListId="8c84fa94-04c1-424b-9868-57a2d4851a1d" relativeResultsDirectory="6754324f-44cc-40fe-bb68-211a959cef16">
      <Output>
        <StdOut>Given Crypto module with 'acrh' cryptor&#xD;
-&gt; done: CryptoModuleSteps.GivenCryptoModuleWithCryptor("acrh") (0.0s)&#xD;
* with 'pubnubenigma' cipher key&#xD;
-&gt; done: CryptoModuleSteps.GivenWithCipherKey("pubnubenigma") (0.0s)&#xD;
* with '-' vector&#xD;
-&gt; done: CryptoModuleSteps.GivenWithVector("-") (0.0s)&#xD;
When I decrypt 'file-cryptor-v1-acrh.txt' file as 'binary'&#xD;
-&gt; done: CryptoModuleSteps.WhenIDecryptFileAs("file-cryptor-v1-a...", "binary") (0.0s)&#xD;
Then Decrypted file content equal to the 'file.txt' file content&#xD;
-&gt; done: CryptoModuleSteps.ThenDecryptedFileContentEqualToTheFileContent("file.txt") (0.0s)</StdOut>
      </Output>
    </UnitTestResult>
    <UnitTestResult executionId="885c4e80-c197-4195-9620-b98f4288150e" testId="2c1e01dd-81d9-12dc-ec1f-005830932e89" testName="EmptyDataEncryptionShouldFail(&quot;acrh&quot;,&quot;pubnubenigma&quot;,&quot;-&quot;,null)" computerName="fv-az1213-974" duration="00:00:00.0029250" startTime="2024-04-18T12:15:01.8862472+00:00" endTime="2024-04-18T12:15:01.8891725+00:00" testType="13cdc9d9-ddb5-4fa4-a97d-d965ccfc6d4b" outcome="Passed" testListId="8c84fa94-04c1-424b-9868-57a2d4851a1d" relativeResultsDirectory="885c4e80-c197-4195-9620-b98f4288150e">
      <Output>
        <StdOut>Given Crypto module with 'acrh' cryptor&#xD;
-&gt; done: CryptoModuleSteps.GivenCryptoModuleWithCryptor("acrh") (0.0s)&#xD;
* with 'pubnubenigma' cipher key&#xD;
-&gt; done: CryptoModuleSteps.GivenWithCipherKey("pubnubenigma") (0.0s)&#xD;
* with '-' vector&#xD;
-&gt; done: CryptoModuleSteps.GivenWithVector("-") (0.0s)&#xD;
When I encrypt 'empty-file.txt' file as 'binary'&#xD;
-&gt; done: CryptoModuleSteps.WhenIEncryptFileAs("empty-file.txt", "binary") (0.0s)&#xD;
Then I receive 'encryption error'&#xD;
-&gt; done: CryptoModuleSteps.ThenIReceive("encryption error") (0.0s)</StdOut>
      </Output>
    </UnitTestResult>
    <UnitTestResult executionId="1c04883a-9257-41a7-a859-89883043a551" testId="0992672a-4884-80d0-5142-7d4a75036ed9" testName="AttemptToGrantAnAccessTokenWithARegularExpressionContainingCapturingGroupsAndExpectAServerError" computerName="fv-az1213-974" duration="00:00:00.0172410" startTime="2024-04-18T12:15:43.1409251+00:00" endTime="2024-04-18T12:15:43.1581657+00:00" testType="13cdc9d9-ddb5-4fa4-a97d-d965ccfc6d4b" outcome="Passed" testListId="8c84fa94-04c1-424b-9868-57a2d4851a1d" relativeResultsDirectory="1c04883a-9257-41a7-a859-89883043a551">
      <Output>
        <StdOut>Given I have a keyset with access manager enabled&#xD;
-&gt; done: FeatureAccessSteps.GivenIHaveAKeysetWithAccessManagerEnabled() (0.0s)&#xD;
Given the TTL 60&#xD;
-&gt; done: FeatureAccessSteps.GivenTheTTL(60) (0.0s)&#xD;
Given the '(!&lt;[^&gt;]+&gt;)+' UUID pattern access permissions&#xD;
-&gt; done: FeatureAccessSteps.GivenTheUUIDPatternAccessPermissions("(!&lt;[^&gt;]+&gt;)+") (0.0s)&#xD;
* grant pattern permission GET&#xD;
-&gt; done: FeatureAccessSteps.GivenGrantPatternPermissionGET() (0.0s)&#xD;
When I attempt to grant a token specifying those permissions&#xD;
-&gt; done: FeatureAccessSteps.WhenIAttemptToGrantATokenSpecifyingThosePermissions() (0.0s)&#xD;
Then an error is returned&#xD;
-&gt; done: FeatureAccessSteps.ThenAnErrorIsReturned() (0.0s)&#xD;
* the error status code is 400&#xD;
-&gt; done: FeatureAccessSteps.ThenTheErrorStatusCodeIs(400) (0.0s)&#xD;
* the error message is 'Invalid RegExp'&#xD;
-&gt; done: FeatureAccessSteps.ThenTheErrorMessageIs("Invalid RegExp") (0.0s)&#xD;
* the error source is 'grant'&#xD;
-&gt; done: FeatureAccessSteps.ThenTheErrorSourceIs("grant") (0.0s)&#xD;
* the error detail message is 'Only non-capturing groups are allowed. Try replacing `(` with `(?:`.'&#xD;
-&gt; done: FeatureAccessSteps.ThenTheErrorDetailMessageIs("Only non-capturin...") (0.0s)&#xD;
* the error detail location is 'permissions.patterns.uuids.(!&lt;[^&gt;]+&gt;)+'&#xD;
-&gt; done: FeatureAccessSteps.ThenTheErrorDetailLocationIs("permissions.patte...") (0.0s)&#xD;
* the error detail location type is 'body'&#xD;
-&gt; done: FeatureAccessSteps.ThenTheErrorDetailLocationTypeIs("body") (0.0s)</StdOut>
      </Output>
    </UnitTestResult>
    <UnitTestResult executionId="8f8fc1a9-670b-4509-a358-957e54578097" testId="96d493fa-312d-9ae2-5c5a-5d6187729524" testName="SuccessfullyJoinedAFewChannelsWithPresence" computerName="fv-az1213-974" duration="00:00:00.0498730" startTime="2024-04-18T12:15:42.9939456+00:00" endTime="2024-04-18T12:15:43.0438191+00:00" testType="13cdc9d9-ddb5-4fa4-a97d-d965ccfc6d4b" outcome="Passed" testListId="8c84fa94-04c1-424b-9868-57a2d4851a1d" relativeResultsDirectory="8f8fc1a9-670b-4509-a358-957e54578097">
      <Output>
        <StdOut>Given the demo keyset with Presence EE enabled&#xD;
-&gt; done: EventEngineSteps.GivenTheDemoKeysetWithPresenceEEenabled() (0.0s)&#xD;
Given heartbeatInterval set to '1', timeout set to '60' and suppressLeaveEvents set to 'false'&#xD;
-&gt; done: EventEngineSteps.GivenPresenceConfiguration("1", "60", "false") (0.0s)&#xD;
When I join 'first', 'second', 'third' channels with presence&#xD;
-&gt; done: EventEngineSteps.WhenIJoinChannelsWithPresence("first", "second", "third") (0.0s)&#xD;
Then I wait for getting Presence joined events&#xD;
{"Event":"join","Uuid":"db9c5e39-7c95-40f5-8d71-125765b6f561","Timestamp":17134425430151000,"Occupancy":1,"State":null,"Channel":"first","Subscription":"","Timetoken":0,"UserMetadata":null,"Join":null,"Timeout":null,"Leave":null,"HereNowRefresh":false}&#xD;
-&gt; done: EventEngineSteps.ThenIWaitForPresenceJoinEvents() (0.0s)&#xD;
And I observe the following Events and Invocations of the Presence EE:&#xD;
  --- table step argument ---&#xD;
  | type       | name              |&#xD;
  | event      | JOINED            |&#xD;
  | invocation | HEARTBEAT         |&#xD;
  | event      | HEARTBEAT_SUCCESS |&#xD;
  | invocation | WAIT              |&#xD;
-&gt; done: EventEngineSteps.ThenIObserverPresenceEventEngine(&lt;table&gt;) (0.0s)&#xD;
{"Event":"join","Uuid":"db9c5e39-7c95-40f5-8d71-125765b6f561","Timestamp":17134425430151136,"Occupancy":1,"State":null,"Channel":"second","Subscription":"","Timetoken":0,"UserMetadata":null,"Join":null,"Timeout":null,"Leave":null,"HereNowRefresh":false}&#xD;
{"Event":"join","Uuid":"db9c5e39-7c95-40f5-8d71-125765b6f561","Timestamp":17134425430151236,"Occupancy":1,"State":null,"Channel":"third","Subscription":"","Timetoken":0,"UserMetadata":null,"Join":null,"Timeout":null,"Leave":null,"HereNowRefresh":false}</StdOut>
      </Output>
    </UnitTestResult>
    <UnitTestResult executionId="d2cf83be-b644-4204-8ddb-814700fb6975" testId="23b61850-f73c-f5eb-17ca-9aaba5f44c54" testName="GetAllUUIDMetadataWithCustom" computerName="fv-az1213-974" duration="00:00:00.0219530" startTime="2024-04-18T12:15:44.1442221+00:00" endTime="2024-04-18T12:15:44.1661755+00:00" testType="13cdc9d9-ddb5-4fa4-a97d-d965ccfc6d4b" outcome="Passed" testListId="8c84fa94-04c1-424b-9868-57a2d4851a1d" relativeResultsDirectory="d2cf83be-b644-4204-8ddb-814700fb6975">
      <Output>
        <StdOut>Given I have a keyset with Objects V2 enabled&#xD;
-&gt; done: FeatureObjectsV2MetadataSteps.GivenIHaveAKeysetWithObjectsVEnabled(2) (0.0s)&#xD;
When I get all UUID metadata with custom&#xD;
-&gt; done: FeatureObjectsV2MetadataSteps.WhenIGetAllUUIDMetadataWithCustom() (0.0s)&#xD;
Then I receive a successful response&#xD;
-&gt; done: FeatureObjectsV2MetadataSteps.ThenIReceiveASuccessfulResponse() (0.0s)&#xD;
And the response contains list with 'Bob' and 'Lisa' UUID metadata&#xD;
-&gt; done: FeatureObjectsV2MetadataSteps.ThenTheResponseContainsListWithAndUUIDMetadata("Bob", "Lisa") (0.0s)</StdOut>
      </Output>
    </UnitTestResult>
    <UnitTestResult executionId="5376b533-28a8-4c30-b90e-040947f6c95f" testId="19c50b46-2552-1ee8-9a15-6db5bb83fc13" testName="EmptyStreamDataDecryptionShouldFail(&quot;acrh&quot;,&quot;pubnubenigma&quot;,&quot;-&quot;,&quot;empty-file.txt&quot;,null)" computerName="fv-az1213-974" duration="00:00:00.0021820" startTime="2024-04-18T12:15:01.8961556+00:00" endTime="2024-04-18T12:15:01.8983375+00:00" testType="13cdc9d9-ddb5-4fa4-a97d-d965ccfc6d4b" outcome="Passed" testListId="8c84fa94-04c1-424b-9868-57a2d4851a1d" relativeResultsDirectory="5376b533-28a8-4c30-b90e-040947f6c95f">
      <Output>
        <StdOut>Given Crypto module with 'acrh' cryptor&#xD;
-&gt; done: CryptoModuleSteps.GivenCryptoModuleWithCryptor("acrh") (0.0s)&#xD;
* with 'pubnubenigma' cipher key&#xD;
-&gt; done: CryptoModuleSteps.GivenWithCipherKey("pubnubenigma") (0.0s)&#xD;
* with '-' vector&#xD;
-&gt; done: CryptoModuleSteps.GivenWithVector("-") (0.0s)&#xD;
When I decrypt 'empty-file.txt' file as 'stream'&#xD;
-&gt; done: CryptoModuleSteps.WhenIDecryptFileAs("empty-file.txt", "stream") (0.0s)&#xD;
Then I receive 'decryption error'&#xD;
-&gt; done: CryptoModuleSteps.ThenIReceive("decryption error") (0.0s)</StdOut>
      </Output>
    </UnitTestResult>
    <UnitTestResult executionId="da95e84e-a4ea-4bf0-b8fc-ced73db7c257" testId="ba48247e-b680-05e2-ec8e-cd712552a6ee" testName="GetMembershipsForCurrentUser" computerName="fv-az1213-974" duration="00:00:00.0352340" startTime="2024-04-18T12:15:43.9010359+00:00" endTime="2024-04-18T12:15:43.9362700+00:00" testType="13cdc9d9-ddb5-4fa4-a97d-d965ccfc6d4b" outcome="Passed" testListId="8c84fa94-04c1-424b-9868-57a2d4851a1d" relativeResultsDirectory="da95e84e-a4ea-4bf0-b8fc-ced73db7c257">
      <Output>
        <StdOut>Given I have a keyset with Objects V2 enabled&#xD;
-&gt; done: FeatureObjectsV2MetadataSteps.GivenIHaveAKeysetWithObjectsVEnabled(2) (0.0s)&#xD;
Given current user is 'Alice' persona&#xD;
-&gt; done: FeatureObjectsV2MetadataSteps.GivenCurrentUserIsPersona("Alice") (0.0s)&#xD;
When I get the memberships for current user&#xD;
-&gt; done: FeatureObjectsV2MetadataSteps.WhenIGetTheMembershipsForCurrentUser() (0.0s)&#xD;
Then I receive a successful response&#xD;
-&gt; done: FeatureObjectsV2MetadataSteps.ThenIReceiveASuccessfulResponse() (0.0s)&#xD;
And the response contains list with 'ChatMembership' and 'PatientMembership' memberships&#xD;
-&gt; done: FeatureObjectsV2MetadataSteps.ThenTheResponseContainsListWithAndMemberships("ChatMembership", "PatientMembership") (0.0s)</StdOut>
      </Output>
    </UnitTestResult>
    <UnitTestResult executionId="06986f3d-5d21-4ead-8e35-cfa02b235e20" testId="5e071152-ee43-67c0-dc5d-67a966171b99" testName="GrantAnAccessTokenWithoutAnAuthorizedUuid" computerName="fv-az1213-974" duration="00:00:00.0286350" startTime="2024-04-18T12:15:43.5396618+00:00" endTime="2024-04-18T12:15:43.5682963+00:00" testType="13cdc9d9-ddb5-4fa4-a97d-d965ccfc6d4b" outcome="Passed" testListId="8c84fa94-04c1-424b-9868-57a2d4851a1d" relativeResultsDirectory="06986f3d-5d21-4ead-8e35-cfa02b235e20">
      <Output>
        <StdOut>Given I have a keyset with access manager enabled&#xD;
-&gt; done: FeatureAccessSteps.GivenIHaveAKeysetWithAccessManagerEnabled() (0.0s)&#xD;
Given the TTL 60&#xD;
-&gt; done: FeatureAccessSteps.GivenTheTTL(60) (0.0s)&#xD;
Given the 'channel-1' CHANNEL resource access permissions&#xD;
-&gt; done: FeatureAccessSteps.GivenTheCHANNELResourceAccessPermissions("channel-1") (0.0s)&#xD;
* grant resource permission READ&#xD;
-&gt; done: FeatureAccessSteps.GivenGrantResourcePermissionREAD() (0.0s)&#xD;
When I grant a token specifying those permissions&#xD;
-&gt; done: FeatureAccessSteps.WhenIGrantATokenSpecifyingThosePermissions() (0.0s)&#xD;
Then the token contains the TTL 60&#xD;
-&gt; done: FeatureAccessSteps.ThenTheTokenContainsTheTTL(60) (0.0s)&#xD;
Then the token does not contain an authorized uuid&#xD;
-&gt; done: FeatureAccessSteps.ThenTheTokenDoesNotContainAnAuthorizedUuid() (0.0s)&#xD;
Then the token has 'channel-1' CHANNEL resource access permissions&#xD;
-&gt; done: FeatureAccessSteps.ThenTheTokenHasCHANNELResourceAccessPermissions("channel-1") (0.0s)&#xD;
* token resource permission READ&#xD;
-&gt; done: FeatureAccessSteps.ThenTokenResourcePermissionREAD() (0.0s)</StdOut>
      </Output>
    </UnitTestResult>
    <UnitTestResult executionId="390d7d08-06f8-4cfd-83fd-197dc45be907" testId="19276ea0-e69e-d8c1-5f86-fbe82fc4defb" testName="AES_CBCCryptorDataHeaderCanBeProcessed(&quot;pubnubenigma&quot;,&quot;file-cryptor-unknown-acrh.jpg&quot;,&quot;unknown cryptor error&quot;,null)" computerName="fv-az1213-974" duration="00:00:00.0047110" startTime="2024-04-18T12:15:01.6924698+00:00" endTime="2024-04-18T12:15:01.6971810+00:00" testType="13cdc9d9-ddb5-4fa4-a97d-d965ccfc6d4b" outcome="Passed" testListId="8c84fa94-04c1-424b-9868-57a2d4851a1d" relativeResultsDirectory="390d7d08-06f8-4cfd-83fd-197dc45be907">
      <Output>
        <StdOut>Given Crypto module with 'acrh' cryptor&#xD;
-&gt; done: CryptoModuleSteps.GivenCryptoModuleWithCryptor("acrh") (0.0s)&#xD;
* with 'pubnubenigma' cipher key&#xD;
-&gt; done: CryptoModuleSteps.GivenWithCipherKey("pubnubenigma") (0.0s)&#xD;
When I decrypt 'file-cryptor-unknown-acrh.jpg' file&#xD;
-&gt; done: CryptoModuleSteps.WhenIDecryptFile("file-cryptor-unkn...") (0.0s)&#xD;
Then I receive 'unknown cryptor error'&#xD;
-&gt; done: CryptoModuleSteps.ThenIReceive("unknown cryptor e...") (0.0s)</StdOut>
      </Output>
    </UnitTestResult>
    <UnitTestResult executionId="b01ac940-afe0-432c-928b-4ca11da5ba67" testId="f753e1e9-3215-7499-f9d3-03db6fd8fec6" testName="SuccessfullyRestoreSubscribe" computerName="fv-az1213-974" duration="00:00:01.0340270" startTime="2024-04-18T12:15:21.5245948+00:00" endTime="2024-04-18T12:15:22.5586271+00:00" testType="13cdc9d9-ddb5-4fa4-a97d-d965ccfc6d4b" outcome="Passed" testListId="8c84fa94-04c1-424b-9868-57a2d4851a1d" relativeResultsDirectory="b01ac940-afe0-432c-928b-4ca11da5ba67">
      <Output>
        <StdOut>Given the demo keyset with event engine enabled&#xD;
-&gt; done: EventEngineSteps.GivenTheDemoKeysetWithEventEngineEnabled() (0.0s)&#xD;
When I subscribe with timetoken 12345678901234567&#xD;
PNSubscribeOperation PNConnectedCategory 200&#xD;
-&gt; done: EventEngineSteps.WhenISubscribeWithTimetoken(12345678901234567) (0.0s)&#xD;
Then I receive the message in my subscribe response&#xD;
Message received in listener. {"Message":"{\"content\":\"Hello world!\"}","Timetoken":0,"Publisher":"tomato","Channel":"test","Subscription":null,"UserMetadata":null}&#xD;
-&gt; done: EventEngineSteps.ThenIReceiveTheMessageInMySubscribeResponse() (1.0s)&#xD;
And I observe the following:&#xD;
  --- table step argument ---&#xD;
  | type       | name                    |&#xD;
  | event      | SUBSCRIPTION_RESTORED   |&#xD;
  | invocation | HANDSHAKE               |&#xD;
  | event      | HANDSHAKE_SUCCESS       |&#xD;
  | invocation | CANCEL_HANDSHAKE        |&#xD;
  | invocation | EMIT_STATUS             |&#xD;
  | invocation | RECEIVE_MESSAGES        |&#xD;
  | event      | RECEIVE_SUCCESS         |&#xD;
  | invocation | CANCEL_RECEIVE_MESSAGES |&#xD;
  | invocation | EMIT_MESSAGES           |&#xD;
  | invocation | RECEIVE_MESSAGES        |&#xD;
-&gt; done: EventEngineSteps.ThenIObserveTheFollowing(&lt;table&gt;) (0.0s)&#xD;
None PNDisconnectedCategory 0</StdOut>
      </Output>
    </UnitTestResult>
    <UnitTestResult executionId="d3999c19-2cab-42a2-a1e3-f5bfe45e59b1" testId="984e3d49-4d22-c80b-52c3-19191f62fda7" testName="EmptyStreamDataEncryptionShouldFail(&quot;acrh&quot;,&quot;pubnubenigma&quot;,&quot;-&quot;,null)" computerName="fv-az1213-974" duration="00:00:00.0024270" startTime="2024-04-18T12:15:01.9080896+00:00" endTime="2024-04-18T12:15:01.9105160+00:00" testType="13cdc9d9-ddb5-4fa4-a97d-d965ccfc6d4b" outcome="Passed" testListId="8c84fa94-04c1-424b-9868-57a2d4851a1d" relativeResultsDirectory="d3999c19-2cab-42a2-a1e3-f5bfe45e59b1">
      <Output>
        <StdOut>Given Crypto module with 'acrh' cryptor&#xD;
-&gt; done: CryptoModuleSteps.GivenCryptoModuleWithCryptor("acrh") (0.0s)&#xD;
* with 'pubnubenigma' cipher key&#xD;
-&gt; done: CryptoModuleSteps.GivenWithCipherKey("pubnubenigma") (0.0s)&#xD;
* with '-' vector&#xD;
-&gt; done: CryptoModuleSteps.GivenWithVector("-") (0.0s)&#xD;
When I encrypt 'empty-file.txt' file as 'stream'&#xD;
-&gt; done: CryptoModuleSteps.WhenIEncryptFileAs("empty-file.txt", "stream") (0.0s)&#xD;
Then I receive 'encryption error'&#xD;
-&gt; done: CryptoModuleSteps.ThenIReceive("encryption error") (0.0s)</StdOut>
      </Output>
    </UnitTestResult>
    <UnitTestResult executionId="24513e8b-225d-442a-8ace-c02e9ffd6af2" testId="ed3513bd-2d36-bad0-70c5-813865e78b06" testName="AES_CBCCryptorDataHeaderCanBeProcessed(&quot;pubnubenigma&quot;,&quot;file-cryptor-v1-unknown.txt&quot;,&quot;unknown cryptor error&quot;,null)" computerName="fv-az1213-974" duration="00:00:00.0040560" startTime="2024-04-18T12:15:01.7022109+00:00" endTime="2024-04-18T12:15:01.7062668+00:00" testType="13cdc9d9-ddb5-4fa4-a97d-d965ccfc6d4b" outcome="Passed" testListId="8c84fa94-04c1-424b-9868-57a2d4851a1d" relativeResultsDirectory="24513e8b-225d-442a-8ace-c02e9ffd6af2">
      <Output>
        <StdOut>Given Crypto module with 'acrh' cryptor&#xD;
-&gt; done: CryptoModuleSteps.GivenCryptoModuleWithCryptor("acrh") (0.0s)&#xD;
* with 'pubnubenigma' cipher key&#xD;
-&gt; done: CryptoModuleSteps.GivenWithCipherKey("pubnubenigma") (0.0s)&#xD;
When I decrypt 'file-cryptor-v1-unknown.txt' file&#xD;
-&gt; done: CryptoModuleSteps.WhenIDecryptFile("file-cryptor-v1-u...") (0.0s)&#xD;
Then I receive 'unknown cryptor error'&#xD;
-&gt; done: CryptoModuleSteps.ThenIReceive("unknown cryptor e...") (0.0s)</StdOut>
      </Output>
    </UnitTestResult>
    <UnitTestResult executionId="39bba048-028f-498d-a7eb-747c53656d1f" testId="e592298e-a7bd-5e8f-cbb1-f5ba33b2dce9" testName="EmptyDataEncryptionShouldFail(&quot;legacy&quot;,&quot;pubnubenigma&quot;,&quot;random&quot;,null)" computerName="fv-az1213-974" duration="00:00:00.0022100" startTime="2024-04-18T12:15:01.8840014+00:00" endTime="2024-04-18T12:15:01.8862114+00:00" testType="13cdc9d9-ddb5-4fa4-a97d-d965ccfc6d4b" outcome="Passed" testListId="8c84fa94-04c1-424b-9868-57a2d4851a1d" relativeResultsDirectory="39bba048-028f-498d-a7eb-747c53656d1f">
      <Output>
        <StdOut>Given Crypto module with 'legacy' cryptor&#xD;
-&gt; done: CryptoModuleSteps.GivenCryptoModuleWithCryptor("legacy") (0.0s)&#xD;
* with 'pubnubenigma' cipher key&#xD;
-&gt; done: CryptoModuleSteps.GivenWithCipherKey("pubnubenigma") (0.0s)&#xD;
* with 'random' vector&#xD;
-&gt; done: CryptoModuleSteps.GivenWithVector("random") (0.0s)&#xD;
When I encrypt 'empty-file.txt' file as 'binary'&#xD;
-&gt; done: CryptoModuleSteps.WhenIEncryptFileAs("empty-file.txt", "binary") (0.0s)&#xD;
Then I receive 'encryption error'&#xD;
-&gt; done: CryptoModuleSteps.ThenIReceive("encryption error") (0.0s)</StdOut>
      </Output>
    </UnitTestResult>
    <UnitTestResult executionId="9b3578c0-f9fd-4ecc-a9bf-53e07ca54a63" testId="ed5af684-441e-e3d8-3bf2-a26f2fd3f117" testName="SetMemberForAChannel" computerName="fv-az1213-974" duration="00:00:00.0227440" startTime="2024-04-18T12:15:43.8519732+00:00" endTime="2024-04-18T12:15:43.8747172+00:00" testType="13cdc9d9-ddb5-4fa4-a97d-d965ccfc6d4b" outcome="Passed" testListId="8c84fa94-04c1-424b-9868-57a2d4851a1d" relativeResultsDirectory="9b3578c0-f9fd-4ecc-a9bf-53e07ca54a63">
      <Output>
        <StdOut>Given I have a keyset with Objects V2 enabled&#xD;
-&gt; done: FeatureObjectsV2MetadataSteps.GivenIHaveAKeysetWithObjectsVEnabled(2) (0.0s)&#xD;
Given the data for 'AmeliaMember' member&#xD;
-&gt; done: FeatureObjectsV2MetadataSteps.GivenTheDataForMember("AmeliaMember") (0.0s)&#xD;
And the id for 'Chat' channel&#xD;
-&gt; done: FeatureObjectsV2MetadataSteps.GivenTheIdForChannel("Chat") (0.0s)&#xD;
When I set a channel member&#xD;
-&gt; done: FeatureObjectsV2MetadataSteps.WhenISetAChannelMember() (0.0s)&#xD;
Then I receive a successful response&#xD;
-&gt; done: FeatureObjectsV2MetadataSteps.ThenIReceiveASuccessfulResponse() (0.0s)&#xD;
And the response contains list with 'AmeliaMember' member&#xD;
-&gt; done: FeatureObjectsV2MetadataSteps.ThenTheResponseContainsListWithMember("AmeliaMember") (0.0s)</StdOut>
      </Output>
    </UnitTestResult>
    <UnitTestResult executionId="7e451d04-c3d2-46e9-ac0c-75889645d13c" testId="4f5e4dcd-026e-dbea-14fe-5aa5192c38da" testName="SuccessfullyRestoreSubscribeWithFailures" computerName="fv-az1213-974" duration="00:00:03.1252830" startTime="2024-04-18T12:15:22.5586692+00:00" endTime="2024-04-18T12:15:25.6839662+00:00" testType="13cdc9d9-ddb5-4fa4-a97d-d965ccfc6d4b" outcome="Passed" testListId="8c84fa94-04c1-424b-9868-57a2d4851a1d" relativeResultsDirectory="7e451d04-c3d2-46e9-ac0c-75889645d13c">
      <Output>
        <StdOut>Given the demo keyset with event engine enabled&#xD;
-&gt; done: EventEngineSteps.GivenTheDemoKeysetWithEventEngineEnabled() (0.0s)&#xD;
Given a linear reconnection policy with 3 retries&#xD;
-&gt; done: EventEngineSteps.GivenALinearReconnectionPolicyWithRetries(3) (0.0s)&#xD;
When I subscribe with timetoken 12345678901234567&#xD;
PNSubscribeOperation PNConnectedCategory 200&#xD;
-&gt; done: EventEngineSteps.WhenISubscribeWithTimetoken(12345678901234567) (2.1s)&#xD;
Then I receive the message in my subscribe response&#xD;
Message received in listener. {"Message":"{\"content\":\"Hello world!\"}","Timetoken":0,"Publisher":"tomato","Channel":"test","Subscription":null,"UserMetadata":null}&#xD;
-&gt; done: EventEngineSteps.ThenIReceiveTheMessageInMySubscribeResponse() (1.0s)&#xD;
And I observe the following:&#xD;
  --- table step argument ---&#xD;
  | type       | name                        |&#xD;
  | event      | SUBSCRIPTION_RESTORED       |&#xD;
  | invocation | HANDSHAKE                   |&#xD;
  | event      | HANDSHAKE_FAILURE           |&#xD;
  | invocation | CANCEL_HANDSHAKE            |&#xD;
  | invocation | HANDSHAKE_RECONNECT         |&#xD;
  | event      | HANDSHAKE_RECONNECT_SUCCESS |&#xD;
  | invocation | CANCEL_HANDSHAKE_RECONNECT  |&#xD;
  | invocation | EMIT_STATUS                 |&#xD;
  | invocation | RECEIVE_MESSAGES            |&#xD;
  | event      | RECEIVE_SUCCESS             |&#xD;
  | invocation | CANCEL_RECEIVE_MESSAGES     |&#xD;
  | invocation | EMIT_MESSAGES               |&#xD;
  | invocation | RECEIVE_MESSAGES            |&#xD;
-&gt; done: EventEngineSteps.ThenIObserveTheFollowing(&lt;table&gt;) (0.0s)&#xD;
None PNDisconnectedCategory 0</StdOut>
      </Output>
    </UnitTestResult>
    <UnitTestResult executionId="99305398-0b50-403d-9689-edce048f8cbd" testId="be80e17e-abe8-75e0-46d0-fbe19949d37d" testName="SuccessfullyReceiveMessages" computerName="fv-az1213-974" duration="00:00:01.0248100" startTime="2024-04-18T12:15:20.4997368+00:00" endTime="2024-04-18T12:15:21.5245519+00:00" testType="13cdc9d9-ddb5-4fa4-a97d-d965ccfc6d4b" outcome="Passed" testListId="8c84fa94-04c1-424b-9868-57a2d4851a1d" relativeResultsDirectory="99305398-0b50-403d-9689-edce048f8cbd">
      <Output>
        <StdOut>Given the demo keyset with event engine enabled&#xD;
-&gt; done: EventEngineSteps.GivenTheDemoKeysetWithEventEngineEnabled() (0.0s)&#xD;
When I subscribe&#xD;
PNSubscribeOperation PNConnectedCategory 200&#xD;
-&gt; done: EventEngineSteps.WhenISubscribe() (0.0s)&#xD;
Then I receive the message in my subscribe response&#xD;
Message received in listener. {"Message":"hello","Timetoken":0,"Publisher":"a","Channel":"test","Subscription":null,"UserMetadata":null}&#xD;
-&gt; done: EventEngineSteps.ThenIReceiveTheMessageInMySubscribeResponse() (1.0s)&#xD;
And I observe the following:&#xD;
  --- table step argument ---&#xD;
  | type       | name                    |&#xD;
  | event      | SUBSCRIPTION_CHANGED    |&#xD;
  | invocation | HANDSHAKE               |&#xD;
  | event      | HANDSHAKE_SUCCESS       |&#xD;
  | invocation | CANCEL_HANDSHAKE        |&#xD;
  | invocation | EMIT_STATUS             |&#xD;
  | invocation | RECEIVE_MESSAGES        |&#xD;
  | event      | RECEIVE_SUCCESS         |&#xD;
  | invocation | CANCEL_RECEIVE_MESSAGES |&#xD;
  | invocation | EMIT_MESSAGES           |&#xD;
  | invocation | RECEIVE_MESSAGES        |&#xD;
-&gt; done: EventEngineSteps.ThenIObserveTheFollowing(&lt;table&gt;) (0.0s)&#xD;
None PNDisconnectedCategory 0</StdOut>
      </Output>
    </UnitTestResult>
    <UnitTestResult executionId="0b4428eb-75e9-4ce3-ab29-d0cc284319c7" testId="ea054fa2-926d-1779-cc57-db94ba1a4d6a" testName="StreamDataEncryptedWithLegacyAES_CBCCryptorIsDecryptableWithLegacyImplementation(&quot;pubnubenigma&quot;,&quot;random&quot;,&quot;file.txt&quot;,null)" computerName="fv-az1213-974" duration="00:00:00.0027140" startTime="2024-04-18T12:15:01.9179308+00:00" endTime="2024-04-18T12:15:01.9206451+00:00" testType="13cdc9d9-ddb5-4fa4-a97d-d965ccfc6d4b" outcome="Passed" testListId="8c84fa94-04c1-424b-9868-57a2d4851a1d" relativeResultsDirectory="0b4428eb-75e9-4ce3-ab29-d0cc284319c7">
      <Output>
        <StdOut>Given Crypto module with 'legacy' cryptor&#xD;
-&gt; done: CryptoModuleSteps.GivenCryptoModuleWithCryptor("legacy") (0.0s)&#xD;
Given Legacy code with 'pubnubenigma' cipher key and 'random' vector&#xD;
-&gt; done: CryptoModuleSteps.GivenLegacyCodeWithCipherKeyAndVector("pubnubenigma", "random") (0.0s)&#xD;
* with 'pubnubenigma' cipher key&#xD;
-&gt; done: CryptoModuleSteps.GivenWithCipherKey("pubnubenigma") (0.0s)&#xD;
* with 'random' vector&#xD;
-&gt; done: CryptoModuleSteps.GivenWithVector("random") (0.0s)&#xD;
When I encrypt 'file.txt' file as 'stream'&#xD;
-&gt; done: CryptoModuleSteps.WhenIEncryptFileAs("file.txt", "stream") (0.0s)&#xD;
Then Successfully decrypt an encrypted file with legacy code&#xD;
-&gt; done: CryptoModuleSteps.ThenSuccessfullyDecryptAnEncryptedFileWithLegacyCode() (0.0s)</StdOut>
      </Output>
    </UnitTestResult>
    <UnitTestResult executionId="770abcb4-2739-4d3d-82b3-7954f84ec5c3" testId="219f8da3-cc63-e002-72df-e2f549e52967" testName="GetAllUUIDMetadata" computerName="fv-az1213-974" duration="00:00:00.0258300" startTime="2024-04-18T12:15:44.1183543+00:00" endTime="2024-04-18T12:15:44.1441840+00:00" testType="13cdc9d9-ddb5-4fa4-a97d-d965ccfc6d4b" outcome="Passed" testListId="8c84fa94-04c1-424b-9868-57a2d4851a1d" relativeResultsDirectory="770abcb4-2739-4d3d-82b3-7954f84ec5c3">
      <Output>
        <StdOut>Given I have a keyset with Objects V2 enabled&#xD;
-&gt; done: FeatureObjectsV2MetadataSteps.GivenIHaveAKeysetWithObjectsVEnabled(2) (0.0s)&#xD;
When I get all UUID metadata&#xD;
-&gt; done: FeatureObjectsV2MetadataSteps.WhenIGetAllUUIDMetadata() (0.0s)&#xD;
Then I receive a successful response&#xD;
-&gt; done: FeatureObjectsV2MetadataSteps.ThenIReceiveASuccessfulResponse() (0.0s)&#xD;
And the response contains list with 'Alice' and 'James' UUID metadata&#xD;
-&gt; done: FeatureObjectsV2MetadataSteps.ThenTheResponseContainsListWithAndUUIDMetadata("Alice", "James") (0.0s)</StdOut>
      </Output>
    </UnitTestResult>
    <UnitTestResult executionId="adacc761-7565-4d98-8a1a-27985efbfb82" testId="798a8e71-c3a5-952d-b167-1f516fd90da6" testName="AES_CBCCryptorDataHeaderCanBeProcessed(&quot;pubnubenigma&quot;,&quot;file-cryptor-v1-acrh.jpg&quot;,&quot;success&quot;,null)" computerName="fv-az1213-974" duration="00:00:00.0072000" startTime="2024-04-18T12:15:01.7103107+00:00" endTime="2024-04-18T12:15:01.7175107+00:00" testType="13cdc9d9-ddb5-4fa4-a97d-d965ccfc6d4b" outcome="Passed" testListId="8c84fa94-04c1-424b-9868-57a2d4851a1d" relativeResultsDirectory="adacc761-7565-4d98-8a1a-27985efbfb82">
      <Output>
        <StdOut>Given Crypto module with 'acrh' cryptor&#xD;
-&gt; done: CryptoModuleSteps.GivenCryptoModuleWithCryptor("acrh") (0.0s)&#xD;
* with 'pubnubenigma' cipher key&#xD;
-&gt; done: CryptoModuleSteps.GivenWithCipherKey("pubnubenigma") (0.0s)&#xD;
When I decrypt 'file-cryptor-v1-acrh.jpg' file&#xD;
-&gt; done: CryptoModuleSteps.WhenIDecryptFile("file-cryptor-v1-a...") (0.0s)&#xD;
Then I receive 'success'&#xD;
-&gt; done: CryptoModuleSteps.ThenIReceive("success") (0.0s)</StdOut>
      </Output>
    </UnitTestResult>
    <UnitTestResult executionId="ddc62450-694a-4614-8b58-2af95f74dd4b" testId="3405a88a-853b-5aa4-dc52-211f74db4a9b" testName="GetMembersForAChannel" computerName="fv-az1213-974" duration="00:00:00.0289130" startTime="2024-04-18T12:15:43.7358170+00:00" endTime="2024-04-18T12:15:43.7647299+00:00" testType="13cdc9d9-ddb5-4fa4-a97d-d965ccfc6d4b" outcome="Passed" testListId="8c84fa94-04c1-424b-9868-57a2d4851a1d" relativeResultsDirectory="ddc62450-694a-4614-8b58-2af95f74dd4b">
      <Output>
        <StdOut>Given I have a keyset with Objects V2 enabled&#xD;
-&gt; done: FeatureObjectsV2MetadataSteps.GivenIHaveAKeysetWithObjectsVEnabled(2) (0.0s)&#xD;
Given the id for 'Chat' channel&#xD;
-&gt; done: FeatureObjectsV2MetadataSteps.GivenTheIdForChannel("Chat") (0.0s)&#xD;
When I get the channel members&#xD;
-&gt; done: FeatureObjectsV2MetadataSteps.WhenIGetTheChannelMembers() (0.0s)&#xD;
Then I receive a successful response&#xD;
-&gt; done: FeatureObjectsV2MetadataSteps.ThenIReceiveASuccessfulResponse() (0.0s)&#xD;
And the response contains list with 'AmeliaMember' and 'EvaMember' members&#xD;
-&gt; done: FeatureObjectsV2MetadataSteps.ThenTheResponseContainsListWithAndMembers("AmeliaMember", "EvaMember") (0.0s)</StdOut>
      </Output>
    </UnitTestResult>
    <UnitTestResult executionId="da1ac753-90dc-4826-92ca-6c23c41cbaeb" testId="63f82b54-f147-1707-8ae8-1f771750a4c8" testName="GrantAnAccessTokenSuccessfullyWithAnAuthorizedUuid" computerName="fv-az1213-974" duration="00:00:00.1284960" startTime="2024-04-18T12:15:43.1582089+00:00" endTime="2024-04-18T12:15:43.2867050+00:00" testType="13cdc9d9-ddb5-4fa4-a97d-d965ccfc6d4b" outcome="Passed" testListId="8c84fa94-04c1-424b-9868-57a2d4851a1d" relativeResultsDirectory="da1ac753-90dc-4826-92ca-6c23c41cbaeb">
      <Output>
        <StdOut>Given I have a keyset with access manager enabled&#xD;
-&gt; done: FeatureAccessSteps.GivenIHaveAKeysetWithAccessManagerEnabled() (0.0s)&#xD;
Given the authorized UUID "test-authorized-uuid"&#xD;
-&gt; done: FeatureAccessSteps.GivenTheAuthorizedUUID("test-authorized-uuid") (0.0s)&#xD;
Given the TTL 60&#xD;
-&gt; done: FeatureAccessSteps.GivenTheTTL(60) (0.0s)&#xD;
Given the 'channel-1' CHANNEL resource access permissions&#xD;
-&gt; done: FeatureAccessSteps.GivenTheCHANNELResourceAccessPermissions("channel-1") (0.0s)&#xD;
* grant resource permission READ&#xD;
-&gt; done: FeatureAccessSteps.GivenGrantResourcePermissionREAD() (0.0s)&#xD;
When I grant a token specifying those permissions&#xD;
-&gt; done: FeatureAccessSteps.WhenIGrantATokenSpecifyingThosePermissions() (0.0s)&#xD;
Then the token contains the TTL 60&#xD;
-&gt; done: FeatureAccessSteps.ThenTheTokenContainsTheTTL(60) (0.1s)&#xD;
Then the token contains the authorized UUID "test-authorized-uuid"&#xD;
-&gt; done: FeatureAccessSteps.ThenTheTokenContainsTheAuthorizedUUID("test-authorized-uuid") (0.0s)&#xD;
Then the token has 'channel-1' CHANNEL resource access permissions&#xD;
-&gt; done: FeatureAccessSteps.ThenTheTokenHasCHANNELResourceAccessPermissions("channel-1") (0.0s)&#xD;
* token resource permission READ&#xD;
-&gt; done: FeatureAccessSteps.ThenTokenResourcePermissionREAD() (0.0s)</StdOut>
      </Output>
    </UnitTestResult>
    <UnitTestResult executionId="74c43273-14a4-43c7-9554-d563aaf90e1d" testId="3a8dac54-e42a-8256-0f95-9b2771dcaeda" testName="RemoveAUUIDMetadataIdStoredInConfig" computerName="fv-az1213-974" duration="00:00:00.0172890" startTime="2024-04-18T12:15:44.2854427+00:00" endTime="2024-04-18T12:15:44.3027317+00:00" testType="13cdc9d9-ddb5-4fa4-a97d-d965ccfc6d4b" outcome="Passed" testListId="8c84fa94-04c1-424b-9868-57a2d4851a1d" relativeResultsDirectory="74c43273-14a4-43c7-9554-d563aaf90e1d">
      <Output>
        <StdOut>Given I have a keyset with Objects V2 enabled&#xD;
-&gt; done: FeatureObjectsV2MetadataSteps.GivenIHaveAKeysetWithObjectsVEnabled(2) (0.0s)&#xD;
Given current user is 'Alice' persona&#xD;
-&gt; done: FeatureObjectsV2MetadataSteps.GivenCurrentUserIsPersona("Alice") (0.0s)&#xD;
When I remove the UUID metadata for current user&#xD;
-&gt; done: FeatureObjectsV2MetadataSteps.WhenIRemoveTheUUIDMetadataForCurrentUser() (0.0s)&#xD;
Then I receive a successful response&#xD;
-&gt; done: FeatureObjectsV2MetadataSteps.ThenIReceiveASuccessfulResponse() (0.0s)</StdOut>
      </Output>
    </UnitTestResult>
    <UnitTestResult executionId="42945688-0e03-4509-843f-ee241640f468" testId="bc8c5e9c-4b5f-8534-047c-bc0ab7c6f555" testName="EmptyStreamDataDecryptionShouldFail(&quot;legacy&quot;,&quot;pubnubenigma&quot;,&quot;constant&quot;,&quot;empty-file.txt&quot;,null)" computerName="fv-az1213-974" duration="00:00:00.0023999" startTime="2024-04-18T12:15:01.8915633+00:00" endTime="2024-04-18T12:15:01.8939635+00:00" testType="13cdc9d9-ddb5-4fa4-a97d-d965ccfc6d4b" outcome="Passed" testListId="8c84fa94-04c1-424b-9868-57a2d4851a1d" relativeResultsDirectory="42945688-0e03-4509-843f-ee241640f468">
      <Output>
        <StdOut>Given Crypto module with 'legacy' cryptor&#xD;
-&gt; done: CryptoModuleSteps.GivenCryptoModuleWithCryptor("legacy") (0.0s)&#xD;
* with 'pubnubenigma' cipher key&#xD;
-&gt; done: CryptoModuleSteps.GivenWithCipherKey("pubnubenigma") (0.0s)&#xD;
* with 'constant' vector&#xD;
-&gt; done: CryptoModuleSteps.GivenWithVector("constant") (0.0s)&#xD;
When I decrypt 'empty-file.txt' file as 'stream'&#xD;
-&gt; done: CryptoModuleSteps.WhenIDecryptFileAs("empty-file.txt", "stream") (0.0s)&#xD;
Then I receive 'decryption error'&#xD;
-&gt; done: CryptoModuleSteps.ThenIReceive("decryption error") (0.0s)</StdOut>
      </Output>
    </UnitTestResult>
    <UnitTestResult executionId="130dfc9d-537d-4766-83aa-ad40195ebd5a" testId="d871c596-d51c-32a3-d78a-f9b6ed7868a8" testName="AES_CBCCryptorDataHeaderCanBeProcessed(&quot;pubnubenigma&quot;,&quot;file-cryptor-v1-short.txt&quot;,&quot;decryption error&quot;,null)" computerName="fv-az1213-974" duration="00:00:00.0048790" startTime="2024-04-18T12:15:01.6971955+00:00" endTime="2024-04-18T12:15:01.7020738+00:00" testType="13cdc9d9-ddb5-4fa4-a97d-d965ccfc6d4b" outcome="Passed" testListId="8c84fa94-04c1-424b-9868-57a2d4851a1d" relativeResultsDirectory="130dfc9d-537d-4766-83aa-ad40195ebd5a">
      <Output>
        <StdOut>Given Crypto module with 'acrh' cryptor&#xD;
-&gt; done: CryptoModuleSteps.GivenCryptoModuleWithCryptor("acrh") (0.0s)&#xD;
* with 'pubnubenigma' cipher key&#xD;
-&gt; done: CryptoModuleSteps.GivenWithCipherKey("pubnubenigma") (0.0s)&#xD;
When I decrypt 'file-cryptor-v1-short.txt' file&#xD;
-&gt; done: CryptoModuleSteps.WhenIDecryptFile("file-cryptor-v1-s...") (0.0s)&#xD;
Then I receive 'decryption error'&#xD;
-&gt; done: CryptoModuleSteps.ThenIReceive("decryption error") (0.0s)</StdOut>
      </Output>
    </UnitTestResult>
    <UnitTestResult executionId="0a170e78-e992-4073-8b45-1c7423939961" testId="524c1966-6494-a6c3-e952-972895ca93c8" testName="RecoveryFromOneUnexpectedErrorAlongTheWay" computerName="fv-az1213-974" duration="00:00:02.1536460" startTime="2024-04-18T12:15:37.8155313+00:00" endTime="2024-04-18T12:15:39.9691851+00:00" testType="13cdc9d9-ddb5-4fa4-a97d-d965ccfc6d4b" outcome="Passed" testListId="8c84fa94-04c1-424b-9868-57a2d4851a1d" relativeResultsDirectory="0a170e78-e992-4073-8b45-1c7423939961">
      <Output>
        <StdOut>Given the demo keyset with Presence EE enabled&#xD;
-&gt; done: EventEngineSteps.GivenTheDemoKeysetWithPresenceEEenabled() (0.0s)&#xD;
Given heartbeatInterval set to '1', timeout set to '60' and suppressLeaveEvents set to 'false'&#xD;
-&gt; done: EventEngineSteps.GivenPresenceConfiguration("1", "60", "false") (0.0s)&#xD;
Given a linear reconnection policy with 3 retries&#xD;
-&gt; done: EventEngineSteps.GivenALinearReconnectionPolicyWithRetries(3) (0.0s)&#xD;
When I join 'first', 'second', 'third' channels with presence&#xD;
-&gt; done: EventEngineSteps.WhenIJoinChannelsWithPresence("first", "second", "third") (0.0s)&#xD;
Then I wait for getting Presence joined events&#xD;
{"Event":"join","Uuid":"db9c5e39-7c95-40f5-8d71-125765b6f561","Timestamp":17134425399395642,"Occupancy":1,"State":null,"Channel":"first","Subscription":"","Timetoken":0,"UserMetadata":null,"Join":null,"Timeout":null,"Leave":null,"HereNowRefresh":false}&#xD;
-&gt; done: EventEngineSteps.ThenIWaitForPresenceJoinEvents() (2.1s)&#xD;
And I observe the following Events and Invocations of the Presence EE:&#xD;
  --- table step argument ---&#xD;
  | type       | name                     |&#xD;
  | event      | JOINED                   |&#xD;
  | invocation | HEARTBEAT                |&#xD;
  | event      | HEARTBEAT_FAILURE        |&#xD;
  | invocation | DELAYED_HEARTBEAT        |&#xD;
  | event      | HEARTBEAT_SUCCESS        |&#xD;
  | invocation | CANCEL_DELAYED_HEARTBEAT |&#xD;
  | invocation | WAIT                     |&#xD;
-&gt; done: EventEngineSteps.ThenIObserverPresenceEventEngine(&lt;table&gt;) (0.0s)&#xD;
{"Event":"join","Uuid":"db9c5e39-7c95-40f5-8d71-125765b6f561","Timestamp":17134425399395736,"Occupancy":1,"State":null,"Channel":"second","Subscription":"","Timetoken":0,"UserMetadata":null,"Join":null,"Timeout":null,"Leave":null,"HereNowRefresh":false}&#xD;
{"Event":"join","Uuid":"db9c5e39-7c95-40f5-8d71-125765b6f561","Timestamp":17134425399395796,"Occupancy":1,"State":null,"Channel":"third","Subscription":"","Timetoken":0,"UserMetadata":null,"Join":null,"Timeout":null,"Leave":null,"HereNowRefresh":false}</StdOut>
      </Output>
    </UnitTestResult>
    <UnitTestResult executionId="92f6d357-0392-4077-bd91-f27d950faec9" testId="be8b1c28-897b-72b1-79de-44eed3d3394f" testName="RemoveAChannelMetadataForId" computerName="fv-az1213-974" duration="00:00:00.0203930" startTime="2024-04-18T12:15:43.6841031+00:00" endTime="2024-04-18T12:15:43.7044959+00:00" testType="13cdc9d9-ddb5-4fa4-a97d-d965ccfc6d4b" outcome="Passed" testListId="8c84fa94-04c1-424b-9868-57a2d4851a1d" relativeResultsDirectory="92f6d357-0392-4077-bd91-f27d950faec9">
      <Output>
        <StdOut>Given I have a keyset with Objects V2 enabled&#xD;
-&gt; done: FeatureObjectsV2MetadataSteps.GivenIHaveAKeysetWithObjectsVEnabled(2) (0.0s)&#xD;
Given the id for 'Chat' channel&#xD;
-&gt; done: FeatureObjectsV2MetadataSteps.GivenTheIdForChannel("Chat") (0.0s)&#xD;
When I remove the channel metadata&#xD;
-&gt; done: FeatureObjectsV2MetadataSteps.WhenIRemoveTheChannelMetadata() (0.0s)&#xD;
Then I receive a successful response&#xD;
-&gt; done: FeatureObjectsV2MetadataSteps.ThenIReceiveASuccessfulResponse() (0.0s)</StdOut>
      </Output>
    </UnitTestResult>
    <UnitTestResult executionId="0dc6b507-3fcf-445a-b9db-fb71362fcb16" testId="ee450aac-5f02-8238-a55d-792600e33298" testName="RevokeATokenWhileItIsDisabledOnAServer" computerName="fv-az1213-974" duration="00:00:00.0189900" startTime="2024-04-18T12:15:44.3262463+00:00" endTime="2024-04-18T12:15:44.3452365+00:00" testType="13cdc9d9-ddb5-4fa4-a97d-d965ccfc6d4b" outcome="Passed" testListId="8c84fa94-04c1-424b-9868-57a2d4851a1d" relativeResultsDirectory="0dc6b507-3fcf-445a-b9db-fb71362fcb16">
      <Output>
        <StdOut>Given I have a keyset with access manager enabled&#xD;
-&gt; done: FeatureAccessSteps.GivenIHaveAKeysetWithAccessManagerEnabled() (0.0s)&#xD;
Given a token&#xD;
-&gt; done: FeatureAccessSteps.GivenAToken() (0.0s)&#xD;
When I revoke a token&#xD;
-&gt; done: FeatureAccessSteps.WhenIRevokeAToken() (0.0s)&#xD;
Then an error is returned&#xD;
-&gt; done: FeatureAccessSteps.ThenAnErrorIsReturned() (0.0s)&#xD;
* the error status code is 400&#xD;
-&gt; done: FeatureAccessSteps.ThenTheErrorStatusCodeIs(400) (0.0s)&#xD;
* the error message is 'Feature disabled'&#xD;
-&gt; done: FeatureAccessSteps.ThenTheErrorMessageIs("Feature disabled") (0.0s)&#xD;
* the error source is 'revoke'&#xD;
-&gt; done: FeatureAccessSteps.ThenTheErrorSourceIs("revoke") (0.0s)&#xD;
* the error detail message is 'Token revocation is disabled.'&#xD;
-&gt; done: FeatureAccessSteps.ThenTheErrorDetailMessageIs("Token revocation ...") (0.0s)&#xD;
* the error detail location is 'subscribe-key'&#xD;
-&gt; done: FeatureAccessSteps.ThenTheErrorDetailLocationIs("subscribe-key") (0.0s)&#xD;
* the error detail location type is 'path'&#xD;
-&gt; done: FeatureAccessSteps.ThenTheErrorDetailLocationTypeIs("path") (0.0s)&#xD;
* the error service is 'Access Manager'&#xD;
-&gt; done: FeatureAccessSteps.ThenTheErrorServiceIs("Access Manager") (0.0s)</StdOut>
      </Output>
    </UnitTestResult>
    <UnitTestResult executionId="d5758171-bb1c-4433-88f5-71ca0be3f980" testId="9bb7c02e-b85a-d370-6cfc-0ac356d6be53" testName="HandshakeFailureRecovery" computerName="fv-az1213-974" duration="00:00:05.8143670" startTime="2024-04-18T12:15:12.0375006+00:00" endTime="2024-04-18T12:15:17.8518970+00:00" testType="13cdc9d9-ddb5-4fa4-a97d-d965ccfc6d4b" outcome="Passed" testListId="8c84fa94-04c1-424b-9868-57a2d4851a1d" relativeResultsDirectory="d5758171-bb1c-4433-88f5-71ca0be3f980">
      <Output>
        <StdOut>Given the demo keyset with event engine enabled&#xD;
-&gt; done: EventEngineSteps.GivenTheDemoKeysetWithEventEngineEnabled() (0.0s)&#xD;
Given a linear reconnection policy with 3 retries&#xD;
-&gt; done: EventEngineSteps.GivenALinearReconnectionPolicyWithRetries(3) (0.0s)&#xD;
When I subscribe&#xD;
PNSubscribeOperation PNConnectedCategory 200&#xD;
-&gt; done: EventEngineSteps.WhenISubscribe() (4.8s)&#xD;
Then I receive the message in my subscribe response&#xD;
Message received in listener. {"Message":"{\"content\":\"Hello world!\"}","Timetoken":0,"Publisher":"tomato","Channel":"test","Subscription":null,"UserMetadata":null}&#xD;
-&gt; done: EventEngineSteps.ThenIReceiveTheMessageInMySubscribeResponse() (1.0s)&#xD;
And I observe the following:&#xD;
  --- table step argument ---&#xD;
  | type       | name                        |&#xD;
  | event      | SUBSCRIPTION_CHANGED        |&#xD;
  | invocation | HANDSHAKE                   |&#xD;
  | event      | HANDSHAKE_FAILURE           |&#xD;
  | invocation | CANCEL_HANDSHAKE            |&#xD;
  | invocation | HANDSHAKE_RECONNECT         |&#xD;
  | event      | HANDSHAKE_RECONNECT_FAILURE |&#xD;
  | invocation | CANCEL_HANDSHAKE_RECONNECT  |&#xD;
  | invocation | HANDSHAKE_RECONNECT         |&#xD;
  | event      | HANDSHAKE_RECONNECT_SUCCESS |&#xD;
  | invocation | CANCEL_HANDSHAKE_RECONNECT  |&#xD;
  | invocation | EMIT_STATUS                 |&#xD;
  | invocation | RECEIVE_MESSAGES            |&#xD;
  | event      | RECEIVE_SUCCESS             |&#xD;
  | invocation | CANCEL_RECEIVE_MESSAGES     |&#xD;
  | invocation | EMIT_MESSAGES               |&#xD;
  | invocation | RECEIVE_MESSAGES            |&#xD;
-&gt; done: EventEngineSteps.ThenIObserveTheFollowing(&lt;table&gt;) (0.0s)&#xD;
None PNDisconnectedCategory 0</StdOut>
      </Output>
    </UnitTestResult>
    <UnitTestResult executionId="4f58e5ce-91a0-447c-9d8b-fa32a57536cf" testId="fb67481e-37a3-f171-7a64-13ebf12d3989" testName="CryptorIsAbleToProcessSampleFilesAsBinary(&quot;legacy&quot;,&quot;pubnubenigma&quot;,&quot;random&quot;,&quot;file-legacy-riv.txt&quot;,&quot;file.txt&quot;,null)" computerName="fv-az1213-974" duration="00:00:00.0029520" startTime="2024-04-18T12:15:01.7910674+00:00" endTime="2024-04-18T12:15:01.7940190+00:00" testType="13cdc9d9-ddb5-4fa4-a97d-d965ccfc6d4b" outcome="Passed" testListId="8c84fa94-04c1-424b-9868-57a2d4851a1d" relativeResultsDirectory="4f58e5ce-91a0-447c-9d8b-fa32a57536cf">
      <Output>
        <StdOut>Given Crypto module with 'legacy' cryptor&#xD;
-&gt; done: CryptoModuleSteps.GivenCryptoModuleWithCryptor("legacy") (0.0s)&#xD;
* with 'pubnubenigma' cipher key&#xD;
-&gt; done: CryptoModuleSteps.GivenWithCipherKey("pubnubenigma") (0.0s)&#xD;
* with 'random' vector&#xD;
-&gt; done: CryptoModuleSteps.GivenWithVector("random") (0.0s)&#xD;
When I decrypt 'file-legacy-riv.txt' file as 'binary'&#xD;
-&gt; done: CryptoModuleSteps.WhenIDecryptFileAs("file-legacy-riv.txt", "binary") (0.0s)&#xD;
Then Decrypted file content equal to the 'file.txt' file content&#xD;
-&gt; done: CryptoModuleSteps.ThenDecryptedFileContentEqualToTheFileContent("file.txt") (0.0s)</StdOut>
      </Output>
    </UnitTestResult>
    <UnitTestResult executionId="bcb1ef04-d9e0-436e-a5a2-73421fa43a83" testId="2c1e01dd-81d9-12dc-ec1f-005830932e89" testName="EmptyDataEncryptionShouldFail(&quot;acrh&quot;,&quot;pubnubenigma&quot;,&quot;-&quot;,null)" computerName="fv-az1213-974" duration="00:00:00.0022850" startTime="2024-04-18T12:15:01.8892073+00:00" endTime="2024-04-18T12:15:01.8914925+00:00" testType="13cdc9d9-ddb5-4fa4-a97d-d965ccfc6d4b" outcome="Passed" testListId="8c84fa94-04c1-424b-9868-57a2d4851a1d" relativeResultsDirectory="bcb1ef04-d9e0-436e-a5a2-73421fa43a83">
      <Output>
        <StdOut>Given Crypto module with 'acrh' cryptor&#xD;
-&gt; done: CryptoModuleSteps.GivenCryptoModuleWithCryptor("acrh") (0.0s)&#xD;
* with 'pubnubenigma' cipher key&#xD;
-&gt; done: CryptoModuleSteps.GivenWithCipherKey("pubnubenigma") (0.0s)&#xD;
* with '-' vector&#xD;
-&gt; done: CryptoModuleSteps.GivenWithVector("-") (0.0s)&#xD;
When I encrypt 'empty-file.txt' file as 'binary'&#xD;
-&gt; done: CryptoModuleSteps.WhenIEncryptFileAs("empty-file.txt", "binary") (0.0s)&#xD;
Then I receive 'encryption error'&#xD;
-&gt; done: CryptoModuleSteps.ThenIReceive("encryption error") (0.0s)</StdOut>
      </Output>
    </UnitTestResult>
    <UnitTestResult executionId="ce8be11b-cb0e-4045-b8a0-0f301dd5ea8f" testId="9d2b950d-d4be-de51-1cfb-07073f6d6e13" testName="CryptorIsAbleToProcessSampleFilesAsStream(&quot;legacy&quot;,&quot;pubnubenigma&quot;,&quot;random&quot;,&quot;file-legacy-riv.txt&quot;,&quot;file.txt&quot;,null)" computerName="fv-az1213-974" duration="00:00:00.0026490" startTime="2024-04-18T12:15:01.8316824+00:00" endTime="2024-04-18T12:15:01.8343310+00:00" testType="13cdc9d9-ddb5-4fa4-a97d-d965ccfc6d4b" outcome="Passed" testListId="8c84fa94-04c1-424b-9868-57a2d4851a1d" relativeResultsDirectory="ce8be11b-cb0e-4045-b8a0-0f301dd5ea8f">
      <Output>
        <StdOut>Given Crypto module with 'legacy' cryptor&#xD;
-&gt; done: CryptoModuleSteps.GivenCryptoModuleWithCryptor("legacy") (0.0s)&#xD;
* with 'pubnubenigma' cipher key&#xD;
-&gt; done: CryptoModuleSteps.GivenWithCipherKey("pubnubenigma") (0.0s)&#xD;
* with 'random' vector&#xD;
-&gt; done: CryptoModuleSteps.GivenWithVector("random") (0.0s)&#xD;
When I decrypt 'file-legacy-riv.txt' file as 'stream'&#xD;
-&gt; done: CryptoModuleSteps.WhenIDecryptFileAs("file-legacy-riv.txt", "stream") (0.0s)&#xD;
Then Decrypted file content equal to the 'file.txt' file content&#xD;
-&gt; done: CryptoModuleSteps.ThenDecryptedFileContentEqualToTheFileContent("file.txt") (0.0s)</StdOut>
      </Output>
    </UnitTestResult>
    <UnitTestResult executionId="a0ad05ef-ffc1-40fb-ab17-be552bf3478a" testId="84e090d8-441a-8861-c4e5-70620525fefd" testName="CryptorIsAbleToProcessSampleFilesAsBinary(&quot;legacy&quot;,&quot;pubnubenigma&quot;,&quot;random&quot;,&quot;file-legacy-riv.jpg&quot;,&quot;file.jpg&quot;,null)" computerName="fv-az1213-974" duration="00:00:00.0091889" startTime="2024-04-18T12:15:01.7787072+00:00" endTime="2024-04-18T12:15:01.7878964+00:00" testType="13cdc9d9-ddb5-4fa4-a97d-d965ccfc6d4b" outcome="Passed" testListId="8c84fa94-04c1-424b-9868-57a2d4851a1d" relativeResultsDirectory="a0ad05ef-ffc1-40fb-ab17-be552bf3478a">
      <Output>
        <StdOut>Given Crypto module with 'legacy' cryptor&#xD;
-&gt; done: CryptoModuleSteps.GivenCryptoModuleWithCryptor("legacy") (0.0s)&#xD;
* with 'pubnubenigma' cipher key&#xD;
-&gt; done: CryptoModuleSteps.GivenWithCipherKey("pubnubenigma") (0.0s)&#xD;
* with 'random' vector&#xD;
-&gt; done: CryptoModuleSteps.GivenWithVector("random") (0.0s)&#xD;
When I decrypt 'file-legacy-riv.jpg' file as 'binary'&#xD;
-&gt; done: CryptoModuleSteps.WhenIDecryptFileAs("file-legacy-riv.jpg", "binary") (0.0s)&#xD;
Then Decrypted file content equal to the 'file.jpg' file content&#xD;
-&gt; done: CryptoModuleSteps.ThenDecryptedFileContentEqualToTheFileContent("file.jpg") (0.0s)</StdOut>
      </Output>
    </UnitTestResult>
    <UnitTestResult executionId="12bfea05-0557-4aac-919b-650cf2b0fe83" testId="4abae91a-e1c2-11c6-c78e-4c0a98abeb41" testName="ManageMembersForAChannel" computerName="fv-az1213-974" duration="00:00:00.0379290" startTime="2024-04-18T12:15:43.7919498+00:00" endTime="2024-04-18T12:15:43.8298787+00:00" testType="13cdc9d9-ddb5-4fa4-a97d-d965ccfc6d4b" outcome="Passed" testListId="8c84fa94-04c1-424b-9868-57a2d4851a1d" relativeResultsDirectory="12bfea05-0557-4aac-919b-650cf2b0fe83">
      <Output>
        <StdOut>Given I have a keyset with Objects V2 enabled&#xD;
-&gt; done: FeatureObjectsV2MetadataSteps.GivenIHaveAKeysetWithObjectsVEnabled(2) (0.0s)&#xD;
Given the data for 'PeterMember' member&#xD;
-&gt; done: FeatureObjectsV2MetadataSteps.GivenTheDataForMember("PeterMember") (0.0s)&#xD;
And the data for 'AmeliaMember' member that we want to remove&#xD;
-&gt; done: FeatureObjectsV2MetadataSteps.GivenTheDataForMemberThatWeWantToRemove("AmeliaMember") (0.0s)&#xD;
And the id for 'Chat' channel&#xD;
-&gt; done: FeatureObjectsV2MetadataSteps.GivenTheIdForChannel("Chat") (0.0s)&#xD;
When I manage channel members&#xD;
-&gt; done: FeatureObjectsV2MetadataSteps.WhenIManageChannelMembers() (0.0s)&#xD;
Then I receive a successful response&#xD;
-&gt; done: FeatureObjectsV2MetadataSteps.ThenIReceiveASuccessfulResponse() (0.0s)&#xD;
And the response contains list with 'PeterMember' member&#xD;
-&gt; done: FeatureObjectsV2MetadataSteps.ThenTheResponseContainsListWithMember("PeterMember") (0.0s)&#xD;
And the response does not contain list with 'AmeliaMember' member&#xD;
-&gt; done: FeatureObjectsV2MetadataSteps.ThenTheResponseDoesNotContainListWithMember("AmeliaMember") (0.0s)</StdOut>
      </Output>
    </UnitTestResult>
    <UnitTestResult executionId="74ebe14c-eb63-4c30-8823-9b755804eda1" testId="0153fbb0-e5a5-84d4-df77-b92e47c48a9b" testName="CryptorIsAbleToProcessSampleFilesAsStream(&quot;acrh&quot;,&quot;pubnubenigma&quot;,&quot;-&quot;,&quot;file-cryptor-v1-acrh.txt&quot;,&quot;file.txt&quot;,null)" computerName="fv-az1213-974" duration="00:00:00.0030440" startTime="2024-04-18T12:15:01.8447847+00:00" endTime="2024-04-18T12:15:01.8478284+00:00" testType="13cdc9d9-ddb5-4fa4-a97d-d965ccfc6d4b" outcome="Passed" testListId="8c84fa94-04c1-424b-9868-57a2d4851a1d" relativeResultsDirectory="74ebe14c-eb63-4c30-8823-9b755804eda1">
      <Output>
        <StdOut>Given Crypto module with 'acrh' cryptor&#xD;
-&gt; done: CryptoModuleSteps.GivenCryptoModuleWithCryptor("acrh") (0.0s)&#xD;
* with 'pubnubenigma' cipher key&#xD;
-&gt; done: CryptoModuleSteps.GivenWithCipherKey("pubnubenigma") (0.0s)&#xD;
* with '-' vector&#xD;
-&gt; done: CryptoModuleSteps.GivenWithVector("-") (0.0s)&#xD;
When I decrypt 'file-cryptor-v1-acrh.txt' file as 'stream'&#xD;
-&gt; done: CryptoModuleSteps.WhenIDecryptFileAs("file-cryptor-v1-a...", "stream") (0.0s)&#xD;
Then Decrypted file content equal to the 'file.txt' file content&#xD;
-&gt; done: CryptoModuleSteps.ThenDecryptedFileContentEqualToTheFileContent("file.txt") (0.0s)</StdOut>
      </Output>
    </UnitTestResult>
    <UnitTestResult executionId="9bf19cc5-01c7-42ef-8093-063333ecf951" testId="1d07225f-97f1-fdcb-e603-fea46f8b9792" testName="JoiningAndLeavingChannels" computerName="fv-az1213-974" duration="00:00:03.0516860" startTime="2024-04-18T12:15:34.7637876+00:00" endTime="2024-04-18T12:15:37.8154876+00:00" testType="13cdc9d9-ddb5-4fa4-a97d-d965ccfc6d4b" outcome="Passed" testListId="8c84fa94-04c1-424b-9868-57a2d4851a1d" relativeResultsDirectory="9bf19cc5-01c7-42ef-8093-063333ecf951">
      <Output>
        <StdOut>Given the demo keyset with Presence EE enabled&#xD;
-&gt; done: EventEngineSteps.GivenTheDemoKeysetWithPresenceEEenabled() (0.0s)&#xD;
Given heartbeatInterval set to '20', timeout set to '60' and suppressLeaveEvents set to 'false'&#xD;
-&gt; done: EventEngineSteps.GivenPresenceConfiguration("20", "60", "false") (0.0s)&#xD;
When I join 'first', 'second', 'third' channels with presence&#xD;
-&gt; done: EventEngineSteps.WhenIJoinChannelsWithPresence("first", "second", "third") (0.0s)&#xD;
Then I wait for getting Presence joined events&#xD;
{"Event":"join","Uuid":"db9c5e39-7c95-40f5-8d71-125765b6f561","Timestamp":17134425347820952,"Occupancy":1,"State":null,"Channel":"first","Subscription":"","Timetoken":0,"UserMetadata":null,"Join":null,"Timeout":null,"Leave":null,"HereNowRefresh":false}&#xD;
-&gt; done: EventEngineSteps.ThenIWaitForPresenceJoinEvents() (0.0s)&#xD;
Then I leave 'first' and 'second' channels with presence&#xD;
{"Event":"join","Uuid":"db9c5e39-7c95-40f5-8d71-125765b6f561","Timestamp":17134425347821220,"Occupancy":1,"State":null,"Channel":"second","Subscription":"","Timetoken":0,"UserMetadata":null,"Join":null,"Timeout":null,"Leave":null,"HereNowRefresh":false}&#xD;
{"Event":"join","Uuid":"db9c5e39-7c95-40f5-8d71-125765b6f561","Timestamp":17134425347821374,"Occupancy":1,"State":null,"Channel":"third","Subscription":"","Timetoken":0,"UserMetadata":null,"Join":null,"Timeout":null,"Leave":null,"HereNowRefresh":false}&#xD;
-&gt; done: EventEngineSteps.ThenILeaveAndChannelsWithPresence("first", "second") (0.0s)&#xD;
Then I wait '3' seconds&#xD;
-&gt; done: EventEngineSteps.ThenIWaitAsync("3") (3.0s)&#xD;
And I observe the following Events and Invocations of the Presence EE:&#xD;
  --- table step argument ---&#xD;
  | type       | name              |&#xD;
  | event      | JOINED            |&#xD;
  | invocation | HEARTBEAT         |&#xD;
  | event      | HEARTBEAT_SUCCESS |&#xD;
  | invocation | WAIT              |&#xD;
  | event      | LEFT              |&#xD;
  | invocation | CANCEL_WAIT       |&#xD;
  | invocation | LEAVE             |&#xD;
  | invocation | HEARTBEAT         |&#xD;
  | event      | HEARTBEAT_SUCCESS |&#xD;
  | invocation | WAIT              |&#xD;
-&gt; done: EventEngineSteps.ThenIObserverPresenceEventEngine(&lt;table&gt;) (0.0s)</StdOut>
      </Output>
    </UnitTestResult>
    <UnitTestResult executionId="1d59923a-dfb7-483f-906f-0bce4bef3298" testId="42ca667a-a020-f899-567b-164563a5f68c" testName="AES_CBCCryptorDataHeaderCanBeProcessed(&quot;pubnubenigma&quot;,&quot;empty-file-cryptor-v1-acrh.txt&quot;,&quot;decryption error&quot;,null)" computerName="fv-az1213-974" duration="00:00:00.0038880" startTime="2024-04-18T12:15:01.7062987+00:00" endTime="2024-04-18T12:15:01.7101869+00:00" testType="13cdc9d9-ddb5-4fa4-a97d-d965ccfc6d4b" outcome="Passed" testListId="8c84fa94-04c1-424b-9868-57a2d4851a1d" relativeResultsDirectory="1d59923a-dfb7-483f-906f-0bce4bef3298">
      <Output>
        <StdOut>Given Crypto module with 'acrh' cryptor&#xD;
-&gt; done: CryptoModuleSteps.GivenCryptoModuleWithCryptor("acrh") (0.0s)&#xD;
* with 'pubnubenigma' cipher key&#xD;
-&gt; done: CryptoModuleSteps.GivenWithCipherKey("pubnubenigma") (0.0s)&#xD;
When I decrypt 'empty-file-cryptor-v1-acrh.txt' file&#xD;
-&gt; done: CryptoModuleSteps.WhenIDecryptFile("empty-file-crypto...") (0.0s)&#xD;
Then I receive 'decryption error'&#xD;
-&gt; done: CryptoModuleSteps.ThenIReceive("decryption error") (0.0s)</StdOut>
      </Output>
    </UnitTestResult>
    <UnitTestResult executionId="6f1fa50f-0bf1-4c9e-8fc3-c65848b6c385" testId="78605226-9a65-4701-5dbe-74fd1152b767" testName="GetAUUIDWithCustomMetadataIdStoredInConfig" computerName="fv-az1213-974" duration="00:00:00.0746160" startTime="2024-04-18T12:15:44.1893424+00:00" endTime="2024-04-18T12:15:44.2639585+00:00" testType="13cdc9d9-ddb5-4fa4-a97d-d965ccfc6d4b" outcome="Passed" testListId="8c84fa94-04c1-424b-9868-57a2d4851a1d" relativeResultsDirectory="6f1fa50f-0bf1-4c9e-8fc3-c65848b6c385">
      <Output>
        <StdOut>Given I have a keyset with Objects V2 enabled&#xD;
-&gt; done: FeatureObjectsV2MetadataSteps.GivenIHaveAKeysetWithObjectsVEnabled(2) (0.0s)&#xD;
Given current user is 'Bob' persona&#xD;
-&gt; done: FeatureObjectsV2MetadataSteps.GivenCurrentUserIsPersona("Bob") (0.0s)&#xD;
When I get the UUID metadata with custom for current user&#xD;
-&gt; done: FeatureObjectsV2MetadataSteps.WhenIGetTheUUIDMetadataWithCustomForCurrentUser() (0.1s)&#xD;
Then I receive a successful response&#xD;
-&gt; done: FeatureObjectsV2MetadataSteps.ThenIReceiveASuccessfulResponse() (0.0s)&#xD;
And the UUID metadata for 'Bob' persona&#xD;
-&gt; done: FeatureObjectsV2MetadataSteps.ThenTheUUIDMetadataForPersona("Bob") (0.0s)</StdOut>
      </Output>
    </UnitTestResult>
    <UnitTestResult executionId="4ad123f2-0556-4d2d-a5d1-b153c966bfcd" testId="5a108f95-d949-be1c-ba70-794e5a89cb2c" testName="SetAUUIDMetadata" computerName="fv-az1213-974" duration="00:00:00.0219789" startTime="2024-04-18T12:15:44.3027655+00:00" endTime="2024-04-18T12:15:44.3247447+00:00" testType="13cdc9d9-ddb5-4fa4-a97d-d965ccfc6d4b" outcome="Passed" testListId="8c84fa94-04c1-424b-9868-57a2d4851a1d" relativeResultsDirectory="4ad123f2-0556-4d2d-a5d1-b153c966bfcd">
      <Output>
        <StdOut>Given I have a keyset with Objects V2 enabled&#xD;
-&gt; done: FeatureObjectsV2MetadataSteps.GivenIHaveAKeysetWithObjectsVEnabled(2) (0.0s)&#xD;
Given the data for 'Alice' persona&#xD;
-&gt; done: FeatureObjectsV2MetadataSteps.GivenTheDataForPersona("Alice") (0.0s)&#xD;
When I set the UUID metadata&#xD;
-&gt; done: FeatureObjectsV2MetadataSteps.WhenISetTheUUIDMetadata() (0.0s)&#xD;
Then I receive a successful response&#xD;
-&gt; done: FeatureObjectsV2MetadataSteps.ThenIReceiveASuccessfulResponse() (0.0s)&#xD;
And the UUID metadata for 'Alice' persona contains updated&#xD;
-&gt; done: FeatureObjectsV2MetadataSteps.ThenTheUUIDMetadataForPersonaContainsUpdated("Alice") (0.0s)</StdOut>
      </Output>
    </UnitTestResult>
    <UnitTestResult executionId="e3f85f62-763a-4b8f-9b12-99f91e0eeddb" testId="e079e022-b7dd-5746-ddcb-acbf542a744e" testName="CompleteHandshakeFailure" computerName="fv-az1213-974" duration="00:00:09.0560880" startTime="2024-04-18T12:15:25.6855498+00:00" endTime="2024-04-18T12:15:34.7416766+00:00" testType="13cdc9d9-ddb5-4fa4-a97d-d965ccfc6d4b" outcome="Passed" testListId="8c84fa94-04c1-424b-9868-57a2d4851a1d" relativeResultsDirectory="e3f85f62-763a-4b8f-9b12-99f91e0eeddb">
      <Output>
        <StdOut>Given the demo keyset with Presence EE enabled&#xD;
-&gt; done: EventEngineSteps.GivenTheDemoKeysetWithPresenceEEenabled() (0.0s)&#xD;
Given heartbeatInterval set to '1', timeout set to '60' and suppressLeaveEvents set to 'false'&#xD;
-&gt; done: EventEngineSteps.GivenPresenceConfiguration("1", "60", "false") (0.0s)&#xD;
Given a linear reconnection policy with 3 retries&#xD;
-&gt; done: EventEngineSteps.GivenALinearReconnectionPolicyWithRetries(3) (0.0s)&#xD;
When I join 'first', 'second', 'third' channels&#xD;
-&gt; done: EventEngineSteps.WhenIJoinChannels("first", "second", "third") (0.0s)&#xD;
Then I receive an error in my heartbeat response&#xD;
-&gt; done: EventEngineSteps.ThenHeartbeatErrorAsync() (9.0s)&#xD;
And I observe the following Events and Invocations of the Presence EE:&#xD;
  --- table step argument ---&#xD;
  | type       | name                     |&#xD;
  | event      | JOINED                   |&#xD;
  | invocation | HEARTBEAT                |&#xD;
  | event      | HEARTBEAT_FAILURE        |&#xD;
  | invocation | DELAYED_HEARTBEAT        |&#xD;
  | event      | HEARTBEAT_FAILURE        |&#xD;
  | invocation | CANCEL_DELAYED_HEARTBEAT |&#xD;
  | invocation | DELAYED_HEARTBEAT        |&#xD;
  | event      | HEARTBEAT_FAILURE        |&#xD;
  | invocation | CANCEL_DELAYED_HEARTBEAT |&#xD;
  | invocation | DELAYED_HEARTBEAT        |&#xD;
  | event      | HEARTBEAT_FAILURE        |&#xD;
  | invocation | CANCEL_DELAYED_HEARTBEAT |&#xD;
  | invocation | DELAYED_HEARTBEAT        |&#xD;
  | event      | HEARTBEAT_GIVEUP         |&#xD;
  | invocation | CANCEL_DELAYED_HEARTBEAT |&#xD;
-&gt; done: EventEngineSteps.ThenIObserverPresenceEventEngine(&lt;table&gt;) (0.0s)</StdOut>
      </Output>
    </UnitTestResult>
    <UnitTestResult executionId="e1fc7984-2d19-4340-8472-c885821a23dc" testId="4a51fa6c-5b4f-6c50-4ded-2a50ec351293" testName="SuccessfullyJoinedAFewChannels" computerName="fv-az1213-974" duration="00:00:03.0246630" startTime="2024-04-18T12:15:39.9692316+00:00" endTime="2024-04-18T12:15:42.9939049+00:00" testType="13cdc9d9-ddb5-4fa4-a97d-d965ccfc6d4b" outcome="Passed" testListId="8c84fa94-04c1-424b-9868-57a2d4851a1d" relativeResultsDirectory="e1fc7984-2d19-4340-8472-c885821a23dc">
      <Output>
        <StdOut>Given the demo keyset with Presence EE enabled&#xD;
-&gt; done: EventEngineSteps.GivenTheDemoKeysetWithPresenceEEenabled() (0.0s)&#xD;
Given heartbeatInterval set to '1', timeout set to '60' and suppressLeaveEvents set to 'false'&#xD;
-&gt; done: EventEngineSteps.GivenPresenceConfiguration("1", "60", "false") (0.0s)&#xD;
When I join 'first', 'second', 'third' channels&#xD;
-&gt; done: EventEngineSteps.WhenIJoinChannels("first", "second", "third") (0.0s)&#xD;
Then I wait '3' seconds&#xD;
-&gt; done: EventEngineSteps.ThenIWaitAsync("3") (3.0s)&#xD;
And I observe the following Events and Invocations of the Presence EE:&#xD;
  --- table step argument ---&#xD;
  | type       | name              |&#xD;
  | event      | JOINED            |&#xD;
  | invocation | HEARTBEAT         |&#xD;
  | event      | HEARTBEAT_SUCCESS |&#xD;
  | invocation | WAIT              |&#xD;
  | event      | TIMES_UP          |&#xD;
  | invocation | CANCEL_WAIT       |&#xD;
  | invocation | HEARTBEAT         |&#xD;
  | event      | HEARTBEAT_SUCCESS |&#xD;
  | invocation | WAIT              |&#xD;
  | event      | TIMES_UP          |&#xD;
  | invocation | CANCEL_WAIT       |&#xD;
  | invocation | HEARTBEAT         |&#xD;
-&gt; done: EventEngineSteps.ThenIObserverPresenceEventEngine(&lt;table&gt;) (0.0s)</StdOut>
      </Output>
    </UnitTestResult>
    <UnitTestResult executionId="c4274409-16ff-4962-9d6a-fb49dabdf51a" testId="86189ae4-95f9-30e4-f4c6-bfa1b9898a62" testName="SetMemberWithCustomForAChannelAndUUIDWithCustom" computerName="fv-az1213-974" duration="00:00:00.0239860" startTime="2024-04-18T12:15:43.8747544+00:00" endTime="2024-04-18T12:15:43.8987399+00:00" testType="13cdc9d9-ddb5-4fa4-a97d-d965ccfc6d4b" outcome="Passed" testListId="8c84fa94-04c1-424b-9868-57a2d4851a1d" relativeResultsDirectory="c4274409-16ff-4962-9d6a-fb49dabdf51a">
      <Output>
        <StdOut>Given I have a keyset with Objects V2 enabled&#xD;
-&gt; done: FeatureObjectsV2MetadataSteps.GivenIHaveAKeysetWithObjectsVEnabled(2) (0.0s)&#xD;
Given the data for 'PeterMember' member&#xD;
-&gt; done: FeatureObjectsV2MetadataSteps.GivenTheDataForMember("PeterMember") (0.0s)&#xD;
And the id for 'Chat' channel&#xD;
-&gt; done: FeatureObjectsV2MetadataSteps.GivenTheIdForChannel("Chat") (0.0s)&#xD;
When I set a channel member including custom and UUID with custom&#xD;
-&gt; done: FeatureObjectsV2MetadataSteps.WhenISetAChannelMemberIncludingCustomAndUUIDWithCustom() (0.0s)&#xD;
Then I receive a successful response&#xD;
-&gt; done: FeatureObjectsV2MetadataSteps.ThenIReceiveASuccessfulResponse() (0.0s)&#xD;
And the response contains list with 'PeterMember' member&#xD;
-&gt; done: FeatureObjectsV2MetadataSteps.ThenTheResponseContainsListWithMember("PeterMember") (0.0s)</StdOut>
      </Output>
    </UnitTestResult>
    <UnitTestResult executionId="99023687-928f-47d6-a2de-dcd7d361a821" testId="f114629c-3c3b-e71d-e1df-1b4312712d85" testName="CryptoModuleCanHandleEncryptedDataFromDifferentCryptors(&quot;legacy&quot;,&quot;acrh&quot;,&quot;pubnubenigma&quot;,&quot;constant&quot;,&quot;file-cryptor-legacy-civ.jpg&quot;,&quot;file.jpg&quot;,null)" computerName="fv-az1213-974" duration="00:00:00.0094360" startTime="2024-04-18T12:15:01.7191065+00:00" endTime="2024-04-18T12:15:01.7285419+00:00" testType="13cdc9d9-ddb5-4fa4-a97d-d965ccfc6d4b" outcome="Passed" testListId="8c84fa94-04c1-424b-9868-57a2d4851a1d" relativeResultsDirectory="99023687-928f-47d6-a2de-dcd7d361a821">
      <Output>
        <StdOut>Given Crypto module with default 'legacy' and additional 'acrh' cryptors&#xD;
-&gt; done: CryptoModuleSteps.GivenCryptoModuleWithDefaultAndAdditionalCryptors("legacy", "acrh") (0.0s)&#xD;
* with 'pubnubenigma' cipher key&#xD;
-&gt; done: CryptoModuleSteps.GivenWithCipherKey("pubnubenigma") (0.0s)&#xD;
* with 'constant' vector&#xD;
-&gt; done: CryptoModuleSteps.GivenWithVector("constant") (0.0s)&#xD;
When I decrypt 'file-cryptor-legacy-civ.jpg' file as 'binary'&#xD;
-&gt; done: CryptoModuleSteps.WhenIDecryptFileAs("file-cryptor-lega...", "binary") (0.0s)&#xD;
Then Decrypted file content equal to the 'file.jpg' file content&#xD;
-&gt; done: CryptoModuleSteps.ThenDecryptedFileContentEqualToTheFileContent("file.jpg") (0.0s)</StdOut>
      </Output>
    </UnitTestResult>
    <UnitTestResult executionId="2ec62550-c4fd-4ca8-a715-a4533bcb5099" testId="446be40b-3f39-dc72-f797-9a3aa2aac484" testName="AttemptToGrantAnAccessTokenWithAllPermissionsEmptyOrFalseAndExpectAServerError" computerName="fv-az1213-974" duration="00:00:00.0260330" startTime="2024-04-18T12:15:43.0963286+00:00" endTime="2024-04-18T12:15:43.1223614+00:00" testType="13cdc9d9-ddb5-4fa4-a97d-d965ccfc6d4b" outcome="Passed" testListId="8c84fa94-04c1-424b-9868-57a2d4851a1d" relativeResultsDirectory="2ec62550-c4fd-4ca8-a715-a4533bcb5099">
      <Output>
        <StdOut>Given I have a keyset with access manager enabled&#xD;
-&gt; done: FeatureAccessSteps.GivenIHaveAKeysetWithAccessManagerEnabled() (0.0s)&#xD;
Given the TTL 60&#xD;
-&gt; done: FeatureAccessSteps.GivenTheTTL(60) (0.0s)&#xD;
Given the 'uuid-1' UUID resource access permissions&#xD;
-&gt; done: FeatureAccessSteps.GivenTheUUIDResourceAccessPermissions("uuid-1") (0.0s)&#xD;
* deny resource permission GET&#xD;
-&gt; done: FeatureAccessSteps.GivenDenyResourcePermissionGET() (0.0s)&#xD;
When I attempt to grant a token specifying those permissions&#xD;
-&gt; done: FeatureAccessSteps.WhenIAttemptToGrantATokenSpecifyingThosePermissions() (0.0s)&#xD;
Then an error is returned&#xD;
-&gt; done: FeatureAccessSteps.ThenAnErrorIsReturned() (0.0s)&#xD;
* the error status code is 400&#xD;
-&gt; done: FeatureAccessSteps.ThenTheErrorStatusCodeIs(400) (0.0s)&#xD;
* the error message is 'Invalid permissions'&#xD;
-&gt; done: FeatureAccessSteps.ThenTheErrorMessageIs("Invalid permissions") (0.0s)&#xD;
* the error source is 'grant'&#xD;
-&gt; done: FeatureAccessSteps.ThenTheErrorSourceIs("grant") (0.0s)&#xD;
* the error detail message is 'Unexpected value: `permissions.resources.uuids.uuid-1` must be positive and non-zero.'&#xD;
-&gt; done: FeatureAccessSteps.ThenTheErrorDetailMessageIs("Unexpected value:...") (0.0s)&#xD;
* the error detail location is 'permissions.resources.uuids.uuid-1'&#xD;
-&gt; done: FeatureAccessSteps.ThenTheErrorDetailLocationIs("permissions.resou...") (0.0s)&#xD;
* the error detail location type is 'body'&#xD;
-&gt; done: FeatureAccessSteps.ThenTheErrorDetailLocationTypeIs("body") (0.0s)</StdOut>
      </Output>
    </UnitTestResult>
    <UnitTestResult executionId="a009c2ce-a4e0-4816-b5bf-243896b0f82b" testId="50604149-da7b-7eb8-2563-57d2dd368452" testName="EmptyDataDecryptionShouldFail(&quot;legacy&quot;,&quot;pubnubenigma&quot;,&quot;constant&quot;,&quot;empty-file.txt&quot;,null)" computerName="fv-az1213-974" duration="00:00:00.0024160" startTime="2024-04-18T12:15:01.8693904+00:00" endTime="2024-04-18T12:15:01.8718065+00:00" testType="13cdc9d9-ddb5-4fa4-a97d-d965ccfc6d4b" outcome="Passed" testListId="8c84fa94-04c1-424b-9868-57a2d4851a1d" relativeResultsDirectory="a009c2ce-a4e0-4816-b5bf-243896b0f82b">
      <Output>
        <StdOut>Given Crypto module with 'legacy' cryptor&#xD;
-&gt; done: CryptoModuleSteps.GivenCryptoModuleWithCryptor("legacy") (0.0s)&#xD;
* with 'pubnubenigma' cipher key&#xD;
-&gt; done: CryptoModuleSteps.GivenWithCipherKey("pubnubenigma") (0.0s)&#xD;
* with 'constant' vector&#xD;
-&gt; done: CryptoModuleSteps.GivenWithVector("constant") (0.0s)&#xD;
When I decrypt 'empty-file.txt' file as 'binary'&#xD;
-&gt; done: CryptoModuleSteps.WhenIDecryptFileAs("empty-file.txt", "binary") (0.0s)&#xD;
Then I receive 'decryption error'&#xD;
-&gt; done: CryptoModuleSteps.ThenIReceive("decryption error") (0.0s)</StdOut>
      </Output>
    </UnitTestResult>
    <UnitTestResult executionId="ffd2963c-8bd8-412f-9bb0-b2bad60babad" testId="bee75210-e3b0-c570-b8a4-c27baac780a1" testName="CryptorIsAbleToProcessSampleFilesAsStream(&quot;legacy&quot;,&quot;pubnubenigma&quot;,&quot;random&quot;,&quot;file-cryptor-legacy-riv.jpg&quot;,&quot;file.jpg&quot;,null)" computerName="fv-az1213-974" duration="00:00:00.0065610" startTime="2024-04-18T12:15:01.8154725+00:00" endTime="2024-04-18T12:15:01.8220333+00:00" testType="13cdc9d9-ddb5-4fa4-a97d-d965ccfc6d4b" outcome="Passed" testListId="8c84fa94-04c1-424b-9868-57a2d4851a1d" relativeResultsDirectory="ffd2963c-8bd8-412f-9bb0-b2bad60babad">
      <Output>
        <StdOut>Given Crypto module with 'legacy' cryptor&#xD;
-&gt; done: CryptoModuleSteps.GivenCryptoModuleWithCryptor("legacy") (0.0s)&#xD;
* with 'pubnubenigma' cipher key&#xD;
-&gt; done: CryptoModuleSteps.GivenWithCipherKey("pubnubenigma") (0.0s)&#xD;
* with 'random' vector&#xD;
-&gt; done: CryptoModuleSteps.GivenWithVector("random") (0.0s)&#xD;
When I decrypt 'file-cryptor-legacy-riv.jpg' file as 'stream'&#xD;
-&gt; done: CryptoModuleSteps.WhenIDecryptFileAs("file-cryptor-lega...", "stream") (0.0s)&#xD;
Then Decrypted file content equal to the 'file.jpg' file content&#xD;
-&gt; done: CryptoModuleSteps.ThenDecryptedFileContentEqualToTheFileContent("file.jpg") (0.0s)</StdOut>
      </Output>
    </UnitTestResult>
    <UnitTestResult executionId="4771f2f2-4b31-4dab-8b71-02a82c5b76f9" testId="c824fd41-84e4-6d43-8411-04262c295a77" testName="SetMembership" computerName="fv-az1213-974" duration="00:00:00.0260330" startTime="2024-04-18T12:15:44.0686184+00:00" endTime="2024-04-18T12:15:44.0946509+00:00" testType="13cdc9d9-ddb5-4fa4-a97d-d965ccfc6d4b" outcome="Passed" testListId="8c84fa94-04c1-424b-9868-57a2d4851a1d" relativeResultsDirectory="4771f2f2-4b31-4dab-8b71-02a82c5b76f9">
      <Output>
        <StdOut>Given I have a keyset with Objects V2 enabled&#xD;
-&gt; done: FeatureObjectsV2MetadataSteps.GivenIHaveAKeysetWithObjectsVEnabled(2) (0.0s)&#xD;
Given the id for 'Alice' persona&#xD;
-&gt; done: FeatureObjectsV2MetadataSteps.GivenTheIdForPersona("Alice") (0.0s)&#xD;
And the data for 'ChatMembership' membership&#xD;
-&gt; done: FeatureObjectsV2MetadataSteps.GivenTheDataForMembership("ChatMembership") (0.0s)&#xD;
When I set the membership&#xD;
-&gt; done: FeatureObjectsV2MetadataSteps.WhenISetTheMembership() (0.0s)&#xD;
Then I receive a successful response&#xD;
-&gt; done: FeatureObjectsV2MetadataSteps.ThenIReceiveASuccessfulResponse() (0.0s)&#xD;
And the response contains list with 'ChatMembership' membership&#xD;
-&gt; done: FeatureObjectsV2MetadataSteps.ThenTheResponseContainsListWithMembership("ChatMembership") (0.0s)</StdOut>
      </Output>
    </UnitTestResult>
    <UnitTestResult executionId="450edc7e-98af-47a5-8d59-7063ca8459a8" testId="0c1a37b6-b16e-3d65-7b38-756d59a051b1" testName="GetAllChannelMetadata" computerName="fv-az1213-974" duration="00:00:00.0267780" startTime="2024-04-18T12:15:43.6363879+00:00" endTime="2024-04-18T12:15:43.6631663+00:00" testType="13cdc9d9-ddb5-4fa4-a97d-d965ccfc6d4b" outcome="Passed" testListId="8c84fa94-04c1-424b-9868-57a2d4851a1d" relativeResultsDirectory="450edc7e-98af-47a5-8d59-7063ca8459a8">
      <Output>
        <StdOut>Given I have a keyset with Objects V2 enabled&#xD;
-&gt; done: FeatureObjectsV2MetadataSteps.GivenIHaveAKeysetWithObjectsVEnabled(2) (0.0s)&#xD;
When I get all channel metadata&#xD;
-&gt; done: FeatureObjectsV2MetadataSteps.WhenIGetAllChannelMetadata() (0.0s)&#xD;
Then I receive a successful response&#xD;
-&gt; done: FeatureObjectsV2MetadataSteps.ThenIReceiveASuccessfulResponse() (0.0s)&#xD;
And the response contains list with 'Chat' and 'Patient' channel metadata&#xD;
-&gt; done: FeatureObjectsV2MetadataSteps.ThenTheResponseContainsListWithAndChannelMetadata("Chat", "Patient") (0.0s)</StdOut>
      </Output>
    </UnitTestResult>
    <UnitTestResult executionId="7e3820e3-037e-40f6-97c1-34578f09be38" testId="78a2948f-1e6f-bc34-da6a-7718af2fe45b" testName="CompleteHandshakeFailure" computerName="fv-az1213-974" duration="00:00:10.1137580" startTime="2024-04-18T12:15:01.9236501+00:00" endTime="2024-04-18T12:15:12.0374654+00:00" testType="13cdc9d9-ddb5-4fa4-a97d-d965ccfc6d4b" outcome="Passed" testListId="8c84fa94-04c1-424b-9868-57a2d4851a1d" relativeResultsDirectory="7e3820e3-037e-40f6-97c1-34578f09be38">
      <Output>
        <StdOut>Given the demo keyset with event engine enabled&#xD;
-&gt; done: EventEngineSteps.GivenTheDemoKeysetWithEventEngineEnabled() (0.0s)&#xD;
Given a linear reconnection policy with 3 retries&#xD;
-&gt; done: EventEngineSteps.GivenALinearReconnectionPolicyWithRetries(3) (0.0s)&#xD;
When I subscribe&#xD;
PNSubscribeOperation PNConnectionErrorCategory 0&#xD;
-&gt; done: EventEngineSteps.WhenISubscribe() (10.1s)&#xD;
Then I receive an error in my subscribe response&#xD;
-&gt; done: EventEngineSteps.ThenIReceiveAnErrorInMySubscribeResponse() (0.0s)&#xD;
And I observe the following:&#xD;
  --- table step argument ---&#xD;
  | type       | name                        |&#xD;
  | event      | SUBSCRIPTION_CHANGED        |&#xD;
  | invocation | HANDSHAKE                   |&#xD;
  | event      | HANDSHAKE_FAILURE           |&#xD;
  | invocation | CANCEL_HANDSHAKE            |&#xD;
  | invocation | HANDSHAKE_RECONNECT         |&#xD;
  | event      | HANDSHAKE_RECONNECT_FAILURE |&#xD;
  | invocation | CANCEL_HANDSHAKE_RECONNECT  |&#xD;
  | invocation | HANDSHAKE_RECONNECT         |&#xD;
  | event      | HANDSHAKE_RECONNECT_FAILURE |&#xD;
  | invocation | CANCEL_HANDSHAKE_RECONNECT  |&#xD;
  | invocation | HANDSHAKE_RECONNECT         |&#xD;
  | event      | HANDSHAKE_RECONNECT_FAILURE |&#xD;
  | invocation | CANCEL_HANDSHAKE_RECONNECT  |&#xD;
  | invocation | HANDSHAKE_RECONNECT         |&#xD;
  | event      | HANDSHAKE_RECONNECT_GIVEUP  |&#xD;
  | invocation | CANCEL_HANDSHAKE_RECONNECT  |&#xD;
  | invocation | EMIT_STATUS                 |&#xD;
-&gt; done: EventEngineSteps.ThenIObserveTheFollowing(&lt;table&gt;) (0.0s)</StdOut>
      </Output>
    </UnitTestResult>
    <UnitTestResult executionId="374c4962-e8c5-4843-bcb6-0d2f7b33b073" testId="d5ad5871-c66b-34c9-1371-544f7c37d8f6" testName="EmptyStreamDataDecryptionShouldFail(&quot;legacy&quot;,&quot;pubnubenigma&quot;,&quot;random&quot;,&quot;empty-file.txt&quot;,null)" computerName="fv-az1213-974" duration="00:00:00.0021170" startTime="2024-04-18T12:15:01.8939995+00:00" endTime="2024-04-18T12:15:01.8961167+00:00" testType="13cdc9d9-ddb5-4fa4-a97d-d965ccfc6d4b" outcome="Passed" testListId="8c84fa94-04c1-424b-9868-57a2d4851a1d" relativeResultsDirectory="374c4962-e8c5-4843-bcb6-0d2f7b33b073">
      <Output>
        <StdOut>Given Crypto module with 'legacy' cryptor&#xD;
-&gt; done: CryptoModuleSteps.GivenCryptoModuleWithCryptor("legacy") (0.0s)&#xD;
* with 'pubnubenigma' cipher key&#xD;
-&gt; done: CryptoModuleSteps.GivenWithCipherKey("pubnubenigma") (0.0s)&#xD;
* with 'random' vector&#xD;
-&gt; done: CryptoModuleSteps.GivenWithVector("random") (0.0s)&#xD;
When I decrypt 'empty-file.txt' file as 'stream'&#xD;
-&gt; done: CryptoModuleSteps.WhenIDecryptFileAs("empty-file.txt", "stream") (0.0s)&#xD;
Then I receive 'decryption error'&#xD;
-&gt; done: CryptoModuleSteps.ThenIReceive("decryption error") (0.0s)</StdOut>
      </Output>
    </UnitTestResult>
    <UnitTestResult executionId="98f2c8e2-e478-4b33-8f8c-2435dbcdb762" testId="21d875cb-d7ef-e04a-3cc4-907443abf187" testName="EmptyStreamDataDecryptionShouldFail(&quot;acrh&quot;,&quot;pubnubenigma&quot;,&quot;-&quot;,&quot;empty-file-cryptor-v1-acrh.txt&quot;,null)" computerName="fv-az1213-974" duration="00:00:00.0025060" startTime="2024-04-18T12:15:01.9006369+00:00" endTime="2024-04-18T12:15:01.9031423+00:00" testType="13cdc9d9-ddb5-4fa4-a97d-d965ccfc6d4b" outcome="Passed" testListId="8c84fa94-04c1-424b-9868-57a2d4851a1d" relativeResultsDirectory="98f2c8e2-e478-4b33-8f8c-2435dbcdb762">
      <Output>
        <StdOut>Given Crypto module with 'acrh' cryptor&#xD;
-&gt; done: CryptoModuleSteps.GivenCryptoModuleWithCryptor("acrh") (0.0s)&#xD;
* with 'pubnubenigma' cipher key&#xD;
-&gt; done: CryptoModuleSteps.GivenWithCipherKey("pubnubenigma") (0.0s)&#xD;
* with '-' vector&#xD;
-&gt; done: CryptoModuleSteps.GivenWithVector("-") (0.0s)&#xD;
When I decrypt 'empty-file-cryptor-v1-acrh.txt' file as 'stream'&#xD;
-&gt; done: CryptoModuleSteps.WhenIDecryptFileAs("empty-file-crypto...", "stream") (0.0s)&#xD;
Then I receive 'decryption error'&#xD;
-&gt; done: CryptoModuleSteps.ThenIReceive("decryption error") (0.0s)</StdOut>
      </Output>
    </UnitTestResult>
    <UnitTestResult executionId="313c549e-fe3f-4944-8c94-ef21258f928f" testId="bc7a74bf-9a5b-2257-fa8b-50752bdbf702" testName="CryptorIsAbleToProcessSampleFilesAsBinary(&quot;legacy&quot;,&quot;pubnubenigma&quot;,&quot;constant&quot;,&quot;file-legacy-civ.jpg&quot;,&quot;file.jpg&quot;,null)" computerName="fv-az1213-974" duration="00:00:00.0086250" startTime="2024-04-18T12:15:01.7700666+00:00" endTime="2024-04-18T12:15:01.7786916+00:00" testType="13cdc9d9-ddb5-4fa4-a97d-d965ccfc6d4b" outcome="Passed" testListId="8c84fa94-04c1-424b-9868-57a2d4851a1d" relativeResultsDirectory="313c549e-fe3f-4944-8c94-ef21258f928f">
      <Output>
        <StdOut>Given Crypto module with 'legacy' cryptor&#xD;
-&gt; done: CryptoModuleSteps.GivenCryptoModuleWithCryptor("legacy") (0.0s)&#xD;
* with 'pubnubenigma' cipher key&#xD;
-&gt; done: CryptoModuleSteps.GivenWithCipherKey("pubnubenigma") (0.0s)&#xD;
* with 'constant' vector&#xD;
-&gt; done: CryptoModuleSteps.GivenWithVector("constant") (0.0s)&#xD;
When I decrypt 'file-legacy-civ.jpg' file as 'binary'&#xD;
-&gt; done: CryptoModuleSteps.WhenIDecryptFileAs("file-legacy-civ.jpg", "binary") (0.0s)&#xD;
Then Decrypted file content equal to the 'file.jpg' file content&#xD;
-&gt; done: CryptoModuleSteps.ThenDecryptedFileContentEqualToTheFileContent("file.jpg") (0.0s)</StdOut>
      </Output>
    </UnitTestResult>
    <UnitTestResult executionId="66f554ec-a200-4f8a-b4b9-5cb760742078" testId="9e948d14-1697-7020-7d46-e7d0ab1a839a" testName="RevokeExistingValidToken" computerName="fv-az1213-974" duration="00:00:00.0193260" startTime="2024-04-18T12:15:44.3626720+00:00" endTime="2024-04-18T12:15:44.3819978+00:00" testType="13cdc9d9-ddb5-4fa4-a97d-d965ccfc6d4b" outcome="Passed" testListId="8c84fa94-04c1-424b-9868-57a2d4851a1d" relativeResultsDirectory="66f554ec-a200-4f8a-b4b9-5cb760742078">
      <Output>
        <StdOut>Given I have a keyset with access manager enabled&#xD;
-&gt; done: FeatureAccessSteps.GivenIHaveAKeysetWithAccessManagerEnabled() (0.0s)&#xD;
Given a token&#xD;
-&gt; done: FeatureAccessSteps.GivenAToken() (0.0s)&#xD;
When I revoke a token&#xD;
-&gt; done: FeatureAccessSteps.WhenIRevokeAToken() (0.0s)&#xD;
Then I get confirmation that token has been revoked&#xD;
-&gt; done: FeatureAccessSteps.ThenIGetConfirmationThatTokenHasBeenRevoked() (0.0s)</StdOut>
      </Output>
    </UnitTestResult>
    <UnitTestResult executionId="1a3e8943-0d68-4bc7-9046-b29ff1054ed4" testId="4401ff2d-c38b-51a8-f6b5-791f859c7098" testName="GetAChannelMetadataForId" computerName="fv-az1213-974" duration="00:00:00.0423970" startTime="2024-04-18T12:15:43.5701514+00:00" endTime="2024-04-18T12:15:43.6125485+00:00" testType="13cdc9d9-ddb5-4fa4-a97d-d965ccfc6d4b" outcome="Passed" testListId="8c84fa94-04c1-424b-9868-57a2d4851a1d" relativeResultsDirectory="1a3e8943-0d68-4bc7-9046-b29ff1054ed4">
      <Output>
        <StdOut>Given I have a keyset with Objects V2 enabled&#xD;
-&gt; done: FeatureObjectsV2MetadataSteps.GivenIHaveAKeysetWithObjectsVEnabled(2) (0.0s)&#xD;
Given the id for 'Chat' channel&#xD;
-&gt; done: FeatureObjectsV2MetadataSteps.GivenTheIdForChannel("Chat") (0.0s)&#xD;
When I get the channel metadata&#xD;
-&gt; done: FeatureObjectsV2MetadataSteps.WhenIGetTheChannelMetadata() (0.0s)&#xD;
Then I receive a successful response&#xD;
-&gt; done: FeatureObjectsV2MetadataSteps.ThenIReceiveASuccessfulResponse() (0.0s)&#xD;
And the channel metadata for 'Chat' channel&#xD;
-&gt; done: FeatureObjectsV2MetadataSteps.ThenTheChannelMetadataForChannel("Chat") (0.0s)</StdOut>
      </Output>
    </UnitTestResult>
    <UnitTestResult executionId="8905c9af-dec6-4846-8cce-b1b30ba44695" testId="71353074-59f3-561d-2fde-c864cf9dfcb6" testName="CryptorIsAbleToProcessSampleFilesAsBinary(&quot;acrh&quot;,&quot;pubnubenigma&quot;,&quot;-&quot;,&quot;file-cryptor-v1-acrh.jpg&quot;,&quot;file.jpg&quot;,null)" computerName="fv-az1213-974" duration="00:00:00.0175610" startTime="2024-04-18T12:15:01.7941955+00:00" endTime="2024-04-18T12:15:01.8117562+00:00" testType="13cdc9d9-ddb5-4fa4-a97d-d965ccfc6d4b" outcome="Passed" testListId="8c84fa94-04c1-424b-9868-57a2d4851a1d" relativeResultsDirectory="8905c9af-dec6-4846-8cce-b1b30ba44695">
      <Output>
        <StdOut>Given Crypto module with 'acrh' cryptor&#xD;
-&gt; done: CryptoModuleSteps.GivenCryptoModuleWithCryptor("acrh") (0.0s)&#xD;
* with 'pubnubenigma' cipher key&#xD;
-&gt; done: CryptoModuleSteps.GivenWithCipherKey("pubnubenigma") (0.0s)&#xD;
* with '-' vector&#xD;
-&gt; done: CryptoModuleSteps.GivenWithVector("-") (0.0s)&#xD;
When I decrypt 'file-cryptor-v1-acrh.jpg' file as 'binary'&#xD;
-&gt; done: CryptoModuleSteps.WhenIDecryptFileAs("file-cryptor-v1-a...", "binary") (0.0s)&#xD;
Then Decrypted file content equal to the 'file.jpg' file content&#xD;
-&gt; done: CryptoModuleSteps.ThenDecryptedFileContentEqualToTheFileContent("file.jpg") (0.0s)</StdOut>
      </Output>
    </UnitTestResult>
    <UnitTestResult executionId="fafa0956-b558-4a11-8d9e-355df8dcd21c" testId="10a87c1f-7e7a-0e53-402e-aefcc00a21da" testName="GetMembershipsForUUID" computerName="fv-az1213-974" duration="00:00:00.0366300" startTime="2024-04-18T12:15:43.9363082+00:00" endTime="2024-04-18T12:15:43.9729384+00:00" testType="13cdc9d9-ddb5-4fa4-a97d-d965ccfc6d4b" outcome="Passed" testListId="8c84fa94-04c1-424b-9868-57a2d4851a1d" relativeResultsDirectory="fafa0956-b558-4a11-8d9e-355df8dcd21c">
      <Output>
        <StdOut>Given I have a keyset with Objects V2 enabled&#xD;
-&gt; done: FeatureObjectsV2MetadataSteps.GivenIHaveAKeysetWithObjectsVEnabled(2) (0.0s)&#xD;
Given the id for 'Alice' persona&#xD;
-&gt; done: FeatureObjectsV2MetadataSteps.GivenTheIdForPersona("Alice") (0.0s)&#xD;
When I get the memberships&#xD;
-&gt; done: FeatureObjectsV2MetadataSteps.WhenIGetTheMemberships() (0.0s)&#xD;
Then I receive a successful response&#xD;
-&gt; done: FeatureObjectsV2MetadataSteps.ThenIReceiveASuccessfulResponse() (0.0s)&#xD;
And the response contains list with 'ChatMembership' and 'PatientMembership' memberships&#xD;
-&gt; done: FeatureObjectsV2MetadataSteps.ThenTheResponseContainsListWithAndMemberships("ChatMembership", "PatientMembership") (0.0s)</StdOut>
      </Output>
    </UnitTestResult>
    <UnitTestResult executionId="65076290-4b67-470b-9021-a0bc99c047a2" testId="02189687-8985-6806-f35e-66f7f45f4e75" testName="DataEncryptedWithLegacyAES_CBCCryptorIsDecryptableWithLegacyImplementation(&quot;pubnubenigma&quot;,&quot;random&quot;,&quot;file.jpg&quot;,null)" computerName="fv-az1213-974" duration="00:00:00.0115950" startTime="2024-04-18T12:15:01.8480063+00:00" endTime="2024-04-18T12:15:01.8596010+00:00" testType="13cdc9d9-ddb5-4fa4-a97d-d965ccfc6d4b" outcome="Passed" testListId="8c84fa94-04c1-424b-9868-57a2d4851a1d" relativeResultsDirectory="65076290-4b67-470b-9021-a0bc99c047a2">
      <Output>
        <StdOut>Given Crypto module with 'legacy' cryptor&#xD;
-&gt; done: CryptoModuleSteps.GivenCryptoModuleWithCryptor("legacy") (0.0s)&#xD;
* with 'pubnubenigma' cipher key&#xD;
-&gt; done: CryptoModuleSteps.GivenWithCipherKey("pubnubenigma") (0.0s)&#xD;
* with 'random' vector&#xD;
-&gt; done: CryptoModuleSteps.GivenWithVector("random") (0.0s)&#xD;
Given Legacy code with 'pubnubenigma' cipher key and 'random' vector&#xD;
-&gt; done: CryptoModuleSteps.GivenLegacyCodeWithCipherKeyAndVector("pubnubenigma", "random") (0.0s)&#xD;
When I encrypt 'file.jpg' file as 'binary'&#xD;
-&gt; done: CryptoModuleSteps.WhenIEncryptFileAs("file.jpg", "binary") (0.0s)&#xD;
Then Successfully decrypt an encrypted file with legacy code&#xD;
-&gt; done: CryptoModuleSteps.ThenSuccessfullyDecryptAnEncryptedFileWithLegacyCode() (0.0s)</StdOut>
      </Output>
    </UnitTestResult>
    <UnitTestResult executionId="fc3f7e11-6d6e-4b91-91dd-d589ca7d1473" testId="9c112724-e910-9610-f068-0224805f3f30" testName="ReceivingFailureRecovery" computerName="fv-az1213-974" duration="00:00:02.6477369" startTime="2024-04-18T12:15:17.8519437+00:00" endTime="2024-04-18T12:15:20.4996964+00:00" testType="13cdc9d9-ddb5-4fa4-a97d-d965ccfc6d4b" outcome="Passed" testListId="8c84fa94-04c1-424b-9868-57a2d4851a1d" relativeResultsDirectory="fc3f7e11-6d6e-4b91-91dd-d589ca7d1473">
      <Output>
        <StdOut>Given the demo keyset with event engine enabled&#xD;
-&gt; done: EventEngineSteps.GivenTheDemoKeysetWithEventEngineEnabled() (0.0s)&#xD;
Given a linear reconnection policy with 3 retries&#xD;
-&gt; done: EventEngineSteps.GivenALinearReconnectionPolicyWithRetries(3) (0.0s)&#xD;
When I subscribe&#xD;
PNSubscribeOperation PNConnectedCategory 200&#xD;
-&gt; done: EventEngineSteps.WhenISubscribe() (0.0s)&#xD;
Then I receive the message in my subscribe response&#xD;
Message received in listener. {"Message":"{\"content\":\"Hello world!\"}","Timetoken":0,"Publisher":"tomato","Channel":"test","Subscription":null,"UserMetadata":null}&#xD;
-&gt; done: EventEngineSteps.ThenIReceiveTheMessageInMySubscribeResponse() (2.6s)&#xD;
And I observe the following:&#xD;
  --- table step argument ---&#xD;
  | type       | name                      |&#xD;
  | event      | SUBSCRIPTION_CHANGED      |&#xD;
  | invocation | HANDSHAKE                 |&#xD;
  | event      | HANDSHAKE_SUCCESS         |&#xD;
  | invocation | CANCEL_HANDSHAKE          |&#xD;
  | invocation | EMIT_STATUS               |&#xD;
  | invocation | RECEIVE_MESSAGES          |&#xD;
  | event      | RECEIVE_FAILURE           |&#xD;
  | invocation | CANCEL_RECEIVE_MESSAGES   |&#xD;
  | invocation | RECEIVE_RECONNECT         |&#xD;
  | event      | RECEIVE_RECONNECT_SUCCESS |&#xD;
  | invocation | CANCEL_RECEIVE_RECONNECT  |&#xD;
  | invocation | EMIT_MESSAGES             |&#xD;
  | invocation | RECEIVE_MESSAGES          |&#xD;
-&gt; done: EventEngineSteps.ThenIObserveTheFollowing(&lt;table&gt;) (0.0s)&#xD;
None PNDisconnectedCategory 0</StdOut>
      </Output>
    </UnitTestResult>
    <UnitTestResult executionId="05f5a77f-7827-47dd-b6ad-684b03f15e4e" testId="5ef88e91-8d77-e81e-f266-0337c81fc15e" testName="EmptyStreamDataEncryptionShouldFail(&quot;legacy&quot;,&quot;pubnubenigma&quot;,&quot;constant&quot;,null)" computerName="fv-az1213-974" duration="00:00:00.0026120" startTime="2024-04-18T12:15:01.9032062+00:00" endTime="2024-04-18T12:15:01.9058177+00:00" testType="13cdc9d9-ddb5-4fa4-a97d-d965ccfc6d4b" outcome="Passed" testListId="8c84fa94-04c1-424b-9868-57a2d4851a1d" relativeResultsDirectory="05f5a77f-7827-47dd-b6ad-684b03f15e4e">
      <Output>
        <StdOut>Given Crypto module with 'legacy' cryptor&#xD;
-&gt; done: CryptoModuleSteps.GivenCryptoModuleWithCryptor("legacy") (0.0s)&#xD;
* with 'pubnubenigma' cipher key&#xD;
-&gt; done: CryptoModuleSteps.GivenWithCipherKey("pubnubenigma") (0.0s)&#xD;
* with 'constant' vector&#xD;
-&gt; done: CryptoModuleSteps.GivenWithVector("constant") (0.0s)&#xD;
When I encrypt 'empty-file.txt' file as 'stream'&#xD;
-&gt; done: CryptoModuleSteps.WhenIEncryptFileAs("empty-file.txt", "stream") (0.0s)&#xD;
Then I receive 'encryption error'&#xD;
-&gt; done: CryptoModuleSteps.ThenIReceive("encryption error") (0.0s)</StdOut>
      </Output>
    </UnitTestResult>
    <UnitTestResult executionId="93c9ba86-2a5f-42bf-9de2-dc70c61a43a7" testId="4105838b-ea26-8a2c-f1e6-5dcc3df6f41b" testName="CryptorIsAbleToProcessSampleFilesAsBinary(&quot;legacy&quot;,&quot;pubnubenigma&quot;,&quot;random&quot;,&quot;file-cryptor-legacy-riv.jpg&quot;,&quot;file.jpg&quot;,null)" computerName="fv-az1213-974" duration="00:00:00.0103370" startTime="2024-04-18T12:15:01.7531742+00:00" endTime="2024-04-18T12:15:01.7635115+00:00" testType="13cdc9d9-ddb5-4fa4-a97d-d965ccfc6d4b" outcome="Passed" testListId="8c84fa94-04c1-424b-9868-57a2d4851a1d" relativeResultsDirectory="93c9ba86-2a5f-42bf-9de2-dc70c61a43a7">
      <Output>
        <StdOut>Given Crypto module with 'legacy' cryptor&#xD;
-&gt; done: CryptoModuleSteps.GivenCryptoModuleWithCryptor("legacy") (0.0s)&#xD;
* with 'pubnubenigma' cipher key&#xD;
-&gt; done: CryptoModuleSteps.GivenWithCipherKey("pubnubenigma") (0.0s)&#xD;
* with 'random' vector&#xD;
-&gt; done: CryptoModuleSteps.GivenWithVector("random") (0.0s)&#xD;
When I decrypt 'file-cryptor-legacy-riv.jpg' file as 'binary'&#xD;
-&gt; done: CryptoModuleSteps.WhenIDecryptFileAs("file-cryptor-lega...", "binary") (0.0s)&#xD;
Then Decrypted file content equal to the 'file.jpg' file content&#xD;
-&gt; done: CryptoModuleSteps.ThenDecryptedFileContentEqualToTheFileContent("file.jpg") (0.0s)</StdOut>
      </Output>
    </UnitTestResult>
    <UnitTestResult executionId="aca6ba7e-6846-479b-8d5c-13dd595e9a2d" testId="1f73b5a1-d21f-1feb-a5dc-31aa30bfbe2c" testName="SetMembershipForCurrentUser" computerName="fv-az1213-974" duration="00:00:00.0219360" startTime="2024-04-18T12:15:44.0946897+00:00" endTime="2024-04-18T12:15:44.1166260+00:00" testType="13cdc9d9-ddb5-4fa4-a97d-d965ccfc6d4b" outcome="Passed" testListId="8c84fa94-04c1-424b-9868-57a2d4851a1d" relativeResultsDirectory="aca6ba7e-6846-479b-8d5c-13dd595e9a2d">
      <Output>
        <StdOut>Given I have a keyset with Objects V2 enabled&#xD;
-&gt; done: FeatureObjectsV2MetadataSteps.GivenIHaveAKeysetWithObjectsVEnabled(2) (0.0s)&#xD;
Given current user is 'Alice' persona&#xD;
-&gt; done: FeatureObjectsV2MetadataSteps.GivenCurrentUserIsPersona("Alice") (0.0s)&#xD;
And the data for 'ChatMembership' membership&#xD;
-&gt; done: FeatureObjectsV2MetadataSteps.GivenTheDataForMembership("ChatMembership") (0.0s)&#xD;
When I set the membership for current user&#xD;
-&gt; done: FeatureObjectsV2MetadataSteps.WhenISetTheMembershipForCurrentUser() (0.0s)&#xD;
Then I receive a successful response&#xD;
-&gt; done: FeatureObjectsV2MetadataSteps.ThenIReceiveASuccessfulResponse() (0.0s)&#xD;
And the response contains list with 'ChatMembership' membership&#xD;
-&gt; done: FeatureObjectsV2MetadataSteps.ThenTheResponseContainsListWithMembership("ChatMembership") (0.0s)</StdOut>
      </Output>
    </UnitTestResult>
    <UnitTestResult executionId="b35f36ce-0628-4665-b454-4430f708d8b9" testId="8a1c2bbd-f61b-135c-270f-157e7106103a" testName="GetAChannelWithCustomMetadata" computerName="fv-az1213-974" duration="00:00:00.0237470" startTime="2024-04-18T12:15:43.6125885+00:00" endTime="2024-04-18T12:15:43.6363358+00:00" testType="13cdc9d9-ddb5-4fa4-a97d-d965ccfc6d4b" outcome="Passed" testListId="8c84fa94-04c1-424b-9868-57a2d4851a1d" relativeResultsDirectory="b35f36ce-0628-4665-b454-4430f708d8b9">
      <Output>
        <StdOut>Given I have a keyset with Objects V2 enabled&#xD;
-&gt; done: FeatureObjectsV2MetadataSteps.GivenIHaveAKeysetWithObjectsVEnabled(2) (0.0s)&#xD;
Given the id for 'DM' channel&#xD;
-&gt; done: FeatureObjectsV2MetadataSteps.GivenTheIdForChannel("DM") (0.0s)&#xD;
When I get the channel metadata with custom&#xD;
-&gt; done: FeatureObjectsV2MetadataSteps.WhenIGetTheChannelMetadataWithCustom() (0.0s)&#xD;
Then I receive a successful response&#xD;
-&gt; done: FeatureObjectsV2MetadataSteps.ThenIReceiveASuccessfulResponse() (0.0s)&#xD;
And the channel metadata for 'DM' channel&#xD;
-&gt; done: FeatureObjectsV2MetadataSteps.ThenTheChannelMetadataForChannel("DM") (0.0s)</StdOut>
      </Output>
    </UnitTestResult>
    <UnitTestResult executionId="6db0ac0d-6d4e-40c0-ab20-6c494538ac7c" testId="b2c9c319-05d3-858f-ecdb-c785279a33e5" testName="RemoveMemberForAChannel" computerName="fv-az1213-974" duration="00:00:00.0220160" startTime="2024-04-18T12:15:43.8299183+00:00" endTime="2024-04-18T12:15:43.8519345+00:00" testType="13cdc9d9-ddb5-4fa4-a97d-d965ccfc6d4b" outcome="Passed" testListId="8c84fa94-04c1-424b-9868-57a2d4851a1d" relativeResultsDirectory="6db0ac0d-6d4e-40c0-ab20-6c494538ac7c">
      <Output>
        <StdOut>Given I have a keyset with Objects V2 enabled&#xD;
-&gt; done: FeatureObjectsV2MetadataSteps.GivenIHaveAKeysetWithObjectsVEnabled(2) (0.0s)&#xD;
Given the id for 'Chat' channel&#xD;
-&gt; done: FeatureObjectsV2MetadataSteps.GivenTheIdForChannel("Chat") (0.0s)&#xD;
And the data for 'AmeliaMember' member that we want to remove&#xD;
-&gt; done: FeatureObjectsV2MetadataSteps.GivenTheDataForMemberThatWeWantToRemove("AmeliaMember") (0.0s)&#xD;
When I remove a channel member&#xD;
-&gt; done: FeatureObjectsV2MetadataSteps.WhenIRemoveAChannelMember() (0.0s)&#xD;
Then I receive a successful response&#xD;
-&gt; done: FeatureObjectsV2MetadataSteps.ThenIReceiveASuccessfulResponse() (0.0s)</StdOut>
      </Output>
    </UnitTestResult>
    <UnitTestResult executionId="44b485d8-0b71-4c15-8b08-6d759efc069d" testId="947b833a-a96c-d64f-e9e3-0beaa935d4d5" testName="SetAChannelMetadata" computerName="fv-az1213-974" duration="00:00:00.0292230" startTime="2024-04-18T12:15:43.7045310+00:00" endTime="2024-04-18T12:15:43.7337538+00:00" testType="13cdc9d9-ddb5-4fa4-a97d-d965ccfc6d4b" outcome="Passed" testListId="8c84fa94-04c1-424b-9868-57a2d4851a1d" relativeResultsDirectory="44b485d8-0b71-4c15-8b08-6d759efc069d">
      <Output>
        <StdOut>Given I have a keyset with Objects V2 enabled&#xD;
-&gt; done: FeatureObjectsV2MetadataSteps.GivenIHaveAKeysetWithObjectsVEnabled(2) (0.0s)&#xD;
Given the data for 'Chat' channel&#xD;
-&gt; done: FeatureObjectsV2MetadataSteps.GivenTheDataForChannel("Chat") (0.0s)&#xD;
When I set the channel metadata&#xD;
-&gt; done: FeatureObjectsV2MetadataSteps.WhenISetTheChannelMetadata() (0.0s)&#xD;
Then I receive a successful response&#xD;
-&gt; done: FeatureObjectsV2MetadataSteps.ThenIReceiveASuccessfulResponse() (0.0s)&#xD;
And the channel metadata for 'Chat' channel contains updated&#xD;
-&gt; done: FeatureObjectsV2MetadataSteps.ThenTheChannelMetadataForChannelContainsUpdated("Chat") (0.0s)</StdOut>
      </Output>
    </UnitTestResult>
    <UnitTestResult executionId="0a340c76-4f0d-4797-9d34-80139bdf6068" testId="31dac960-539b-5857-5a33-455fe8d5a38f" testName="CryptoModuleCanHandleEncryptedDataFromDifferentCryptors(&quot;acrh&quot;,&quot;legacy&quot;,&quot;pubnubenigma&quot;,&quot;random&quot;,&quot;file-legacy-riv.jpg&quot;,&quot;file.jpg&quot;,null)" computerName="fv-az1213-974" duration="00:00:00.0065840" startTime="2024-04-18T12:15:01.7285785+00:00" endTime="2024-04-18T12:15:01.7351624+00:00" testType="13cdc9d9-ddb5-4fa4-a97d-d965ccfc6d4b" outcome="Passed" testListId="8c84fa94-04c1-424b-9868-57a2d4851a1d" relativeResultsDirectory="0a340c76-4f0d-4797-9d34-80139bdf6068">
      <Output>
        <StdOut>Given Crypto module with default 'acrh' and additional 'legacy' cryptors&#xD;
-&gt; done: CryptoModuleSteps.GivenCryptoModuleWithDefaultAndAdditionalCryptors("acrh", "legacy") (0.0s)&#xD;
* with 'pubnubenigma' cipher key&#xD;
-&gt; done: CryptoModuleSteps.GivenWithCipherKey("pubnubenigma") (0.0s)&#xD;
* with 'random' vector&#xD;
-&gt; done: CryptoModuleSteps.GivenWithVector("random") (0.0s)&#xD;
When I decrypt 'file-legacy-riv.jpg' file as 'binary'&#xD;
-&gt; done: CryptoModuleSteps.WhenIDecryptFileAs("file-legacy-riv.jpg", "binary") (0.0s)&#xD;
Then Decrypted file content equal to the 'file.jpg' file content&#xD;
-&gt; done: CryptoModuleSteps.ThenDecryptedFileContentEqualToTheFileContent("file.jpg") (0.0s)</StdOut>
      </Output>
    </UnitTestResult>
    <UnitTestResult executionId="f5afaf20-c7e1-49cf-b3c3-fcbb15475a9d" testId="0f851786-a6db-a75b-11ec-b9549b68d0b8" testName="EmptyDataDecryptionShouldFail(&quot;legacy&quot;,&quot;pubnubenigma&quot;,&quot;random&quot;,&quot;empty-file-cryptor-legacy-riv.txt&quot;,null)" computerName="fv-az1213-974" duration="00:00:00.0024300" startTime="2024-04-18T12:15:01.8762873+00:00" endTime="2024-04-18T12:15:01.8787173+00:00" testType="13cdc9d9-ddb5-4fa4-a97d-d965ccfc6d4b" outcome="Passed" testListId="8c84fa94-04c1-424b-9868-57a2d4851a1d" relativeResultsDirectory="f5afaf20-c7e1-49cf-b3c3-fcbb15475a9d">
      <Output>
        <StdOut>Given Crypto module with 'legacy' cryptor&#xD;
-&gt; done: CryptoModuleSteps.GivenCryptoModuleWithCryptor("legacy") (0.0s)&#xD;
* with 'pubnubenigma' cipher key&#xD;
-&gt; done: CryptoModuleSteps.GivenWithCipherKey("pubnubenigma") (0.0s)&#xD;
* with 'random' vector&#xD;
-&gt; done: CryptoModuleSteps.GivenWithVector("random") (0.0s)&#xD;
When I decrypt 'empty-file-cryptor-legacy-riv.txt' file as 'binary'&#xD;
-&gt; done: CryptoModuleSteps.WhenIDecryptFileAs("empty-file-crypto...", "binary") (0.0s)&#xD;
Then I receive 'decryption error'&#xD;
-&gt; done: CryptoModuleSteps.ThenIReceive("decryption error") (0.0s)</StdOut>
      </Output>
    </UnitTestResult>
  </Results>
  <TestDefinitions>
    <UnitTest name="CryptorIsAbleToProcessSampleFilesAsStream(&quot;legacy&quot;,&quot;pubnubenigma&quot;,&quot;random&quot;,&quot;file-cryptor-legacy-riv.txt&quot;,&quot;file.txt&quot;,null)" storage="d:\a\c-sharp\c-sharp\src\unittests\acceptancetests\bin\debug\net6.0\acceptancetests.dll" id="785e20b7-0681-3d5e-8c02-431a4435768d">
      <Execution id="65e44366-a100-42e7-9504-58202bc2828e" />
      <TestMethod codeBase="D:\a\c-sharp\c-sharp\src\UnitTests\AcceptanceTests\bin\Debug\net6.0\AcceptanceTests.dll" adapterTypeName="executor://nunit3testexecutor/" className="AcceptanceTests.Features.Encryption.CryptoModuleFeature" name="CryptorIsAbleToProcessSampleFilesAsStream(&quot;legacy&quot;,&quot;pubnubenigma&quot;,&quot;random&quot;,&quot;file-cryptor-legacy-riv.txt&quot;,&quot;file.txt&quot;,null)" />
    </UnitTest>
    <UnitTest name="EmptyDataDecryptionShouldFail(&quot;acrh&quot;,&quot;pubnubenigma&quot;,&quot;-&quot;,&quot;empty-file.txt&quot;,null)" storage="d:\a\c-sharp\c-sharp\src\unittests\acceptancetests\bin\debug\net6.0\acceptancetests.dll" id="9d9c0b4d-df8d-d917-f4fe-624101bd0d52">
      <Execution id="f16a0963-ed0c-4016-a919-a79ad99e92e6" />
      <TestMethod codeBase="D:\a\c-sharp\c-sharp\src\UnitTests\AcceptanceTests\bin\Debug\net6.0\AcceptanceTests.dll" adapterTypeName="executor://nunit3testexecutor/" className="AcceptanceTests.Features.Encryption.CryptoModuleFeature" name="EmptyDataDecryptionShouldFail(&quot;acrh&quot;,&quot;pubnubenigma&quot;,&quot;-&quot;,&quot;empty-file.txt&quot;,null)" />
    </UnitTest>
    <UnitTest name="EmptyDataEncryptionShouldFail(&quot;acrh&quot;,&quot;pubnubenigma&quot;,&quot;-&quot;,null)" storage="d:\a\c-sharp\c-sharp\src\unittests\acceptancetests\bin\debug\net6.0\acceptancetests.dll" id="2c1e01dd-81d9-12dc-ec1f-005830932e89">
      <Execution id="885c4e80-c197-4195-9620-b98f4288150e" />
      <TestMethod codeBase="D:\a\c-sharp\c-sharp\src\UnitTests\AcceptanceTests\bin\Debug\net6.0\AcceptanceTests.dll" adapterTypeName="executor://nunit3testexecutor/" className="AcceptanceTests.Features.Encryption.CryptoModuleFeature" name="EmptyDataEncryptionShouldFail(&quot;acrh&quot;,&quot;pubnubenigma&quot;,&quot;-&quot;,null)" />
    </UnitTest>
    <UnitTest name="CryptorIsAbleToProcessSampleFilesAsBinary(&quot;legacy&quot;,&quot;pubnubenigma&quot;,&quot;constant&quot;,&quot;file-legacy-civ.txt&quot;,&quot;file.txt&quot;,null)" storage="d:\a\c-sharp\c-sharp\src\unittests\acceptancetests\bin\debug\net6.0\acceptancetests.dll" id="13df4a31-1d93-7796-89f0-9bafbf62cf1d">
      <Execution id="259b0f18-e4f8-42bd-892e-f8e561d11b85" />
      <TestMethod codeBase="D:\a\c-sharp\c-sharp\src\UnitTests\AcceptanceTests\bin\Debug\net6.0\AcceptanceTests.dll" adapterTypeName="executor://nunit3testexecutor/" className="AcceptanceTests.Features.Encryption.CryptoModuleFeature" name="CryptorIsAbleToProcessSampleFilesAsBinary(&quot;legacy&quot;,&quot;pubnubenigma&quot;,&quot;constant&quot;,&quot;file-legacy-civ.txt&quot;,&quot;file.txt&quot;,null)" />
    </UnitTest>
    <UnitTest name="CryptoModuleCanHandleEncryptedDataFromDifferentCryptors(&quot;acrh&quot;,&quot;legacy&quot;,&quot;pubnubenigma&quot;,&quot;random&quot;,&quot;file-legacy-riv.jpg&quot;,&quot;file.jpg&quot;,null)" storage="d:\a\c-sharp\c-sharp\src\unittests\acceptancetests\bin\debug\net6.0\acceptancetests.dll" id="31dac960-539b-5857-5a33-455fe8d5a38f">
      <Execution id="0a340c76-4f0d-4797-9d34-80139bdf6068" />
      <TestMethod codeBase="D:\a\c-sharp\c-sharp\src\UnitTests\AcceptanceTests\bin\Debug\net6.0\AcceptanceTests.dll" adapterTypeName="executor://nunit3testexecutor/" className="AcceptanceTests.Features.Encryption.CryptoModuleFeature" name="CryptoModuleCanHandleEncryptedDataFromDifferentCryptors(&quot;acrh&quot;,&quot;legacy&quot;,&quot;pubnubenigma&quot;,&quot;random&quot;,&quot;file-legacy-riv.jpg&quot;,&quot;file.jpg&quot;,null)" />
    </UnitTest>
    <UnitTest name="CompleteHandshakeFailure" storage="d:\a\c-sharp\c-sharp\src\unittests\acceptancetests\bin\debug\net6.0\acceptancetests.dll" id="e079e022-b7dd-5746-ddcb-acbf542a744e">
      <Execution id="e3f85f62-763a-4b8f-9b12-99f91e0eeddb" />
      <TestMethod codeBase="D:\a\c-sharp\c-sharp\src\UnitTests\AcceptanceTests\bin\Debug\net6.0\AcceptanceTests.dll" adapterTypeName="executor://nunit3testexecutor/" className="AcceptanceTests.Features.Event_Engine.PresenceEventEngineFeature" name="CompleteHandshakeFailure" />
    </UnitTest>
    <UnitTest name="AES_CBCCryptorDataHeaderCanBeProcessed(&quot;pubnubenigma&quot;,&quot;file-cryptor-v1-acrh.jpg&quot;,&quot;success&quot;,null)" storage="d:\a\c-sharp\c-sharp\src\unittests\acceptancetests\bin\debug\net6.0\acceptancetests.dll" id="798a8e71-c3a5-952d-b167-1f516fd90da6">
      <Execution id="adacc761-7565-4d98-8a1a-27985efbfb82" />
      <TestMethod codeBase="D:\a\c-sharp\c-sharp\src\UnitTests\AcceptanceTests\bin\Debug\net6.0\AcceptanceTests.dll" adapterTypeName="executor://nunit3testexecutor/" className="AcceptanceTests.Features.Encryption.CryptoModuleFeature" name="AES_CBCCryptorDataHeaderCanBeProcessed(&quot;pubnubenigma&quot;,&quot;file-cryptor-v1-acrh.jpg&quot;,&quot;success&quot;,null)" />
    </UnitTest>
    <UnitTest name="CryptorIsAbleToProcessSampleFilesAsStream(&quot;legacy&quot;,&quot;pubnubenigma&quot;,&quot;random&quot;,&quot;file-cryptor-legacy-riv.jpg&quot;,&quot;file.jpg&quot;,null)" storage="d:\a\c-sharp\c-sharp\src\unittests\acceptancetests\bin\debug\net6.0\acceptancetests.dll" id="bee75210-e3b0-c570-b8a4-c27baac780a1">
      <Execution id="ffd2963c-8bd8-412f-9bb0-b2bad60babad" />
      <TestMethod codeBase="D:\a\c-sharp\c-sharp\src\UnitTests\AcceptanceTests\bin\Debug\net6.0\AcceptanceTests.dll" adapterTypeName="executor://nunit3testexecutor/" className="AcceptanceTests.Features.Encryption.CryptoModuleFeature" name="CryptorIsAbleToProcessSampleFilesAsStream(&quot;legacy&quot;,&quot;pubnubenigma&quot;,&quot;random&quot;,&quot;file-cryptor-legacy-riv.jpg&quot;,&quot;file.jpg&quot;,null)" />
    </UnitTest>
    <UnitTest name="SuccessfullyRestoreSubscribe" storage="d:\a\c-sharp\c-sharp\src\unittests\acceptancetests\bin\debug\net6.0\acceptancetests.dll" id="f753e1e9-3215-7499-f9d3-03db6fd8fec6">
      <Execution id="b01ac940-afe0-432c-928b-4ca11da5ba67" />
      <TestMethod codeBase="D:\a\c-sharp\c-sharp\src\UnitTests\AcceptanceTests\bin\Debug\net6.0\AcceptanceTests.dll" adapterTypeName="executor://nunit3testexecutor/" className="AcceptanceTests.Features.Event_Engine.EventEngineFeature" name="SuccessfullyRestoreSubscribe" />
    </UnitTest>
    <UnitTest name="RevokeInvalidToken" storage="d:\a\c-sharp\c-sharp\src\unittests\acceptancetests\bin\debug\net6.0\acceptancetests.dll" id="f6a7a690-af73-fab8-0ebf-059ccdbb5495">
      <Execution id="011e011c-23a6-4700-83aa-8158ab2f9fe8" />
      <TestMethod codeBase="D:\a\c-sharp\c-sharp\src\UnitTests\AcceptanceTests\bin\Debug\net6.0\AcceptanceTests.dll" adapterTypeName="executor://nunit3testexecutor/" className="AcceptanceTests.Features.RevokeAnAccessTokenFeature" name="RevokeInvalidToken" />
    </UnitTest>
    <UnitTest name="JoiningAFewChannelsWithHeartbeatIntervalSetTo0" storage="d:\a\c-sharp\c-sharp\src\unittests\acceptancetests\bin\debug\net6.0\acceptancetests.dll" id="2f407184-5438-edfb-bd06-dac05bac3790">
      <Execution id="a35ed6c6-3379-4e16-8d5d-4191ee4c8acd" />
      <TestMethod codeBase="D:\a\c-sharp\c-sharp\src\UnitTests\AcceptanceTests\bin\Debug\net6.0\AcceptanceTests.dll" adapterTypeName="executor://nunit3testexecutor/" className="AcceptanceTests.Features.Event_Engine.PresenceEventEngineFeature" name="JoiningAFewChannelsWithHeartbeatIntervalSetTo0" />
    </UnitTest>
    <UnitTest name="SetMembership" storage="d:\a\c-sharp\c-sharp\src\unittests\acceptancetests\bin\debug\net6.0\acceptancetests.dll" id="c824fd41-84e4-6d43-8411-04262c295a77">
      <Execution id="4771f2f2-4b31-4dab-8b71-02a82c5b76f9" />
      <TestMethod codeBase="D:\a\c-sharp\c-sharp\src\UnitTests\AcceptanceTests\bin\Debug\net6.0\AcceptanceTests.dll" adapterTypeName="executor://nunit3testexecutor/" className="AcceptanceTests.Features.ObjectsV2MembershipsFeature" name="SetMembership" />
    </UnitTest>
    <UnitTest name="AttemptToGrantAnAccessTokenWhenTtlProvidedExceedsTheMaxTtlConfiguredUseDefaultMax43200ForTheTest" storage="d:\a\c-sharp\c-sharp\src\unittests\acceptancetests\bin\debug\net6.0\acceptancetests.dll" id="17537441-5c46-b29c-7a15-7f733fa6a240">
      <Execution id="2e2e2473-a898-41ca-ba0e-e076bcd04a34" />
      <TestMethod codeBase="D:\a\c-sharp\c-sharp\src\UnitTests\AcceptanceTests\bin\Debug\net6.0\AcceptanceTests.dll" adapterTypeName="executor://nunit3testexecutor/" className="AcceptanceTests.Features.GrantAnAccessTokenFeature" name="AttemptToGrantAnAccessTokenWhenTtlProvidedExceedsTheMaxTtlConfiguredUseDefaultMax43200ForTheTest" />
    </UnitTest>
    <UnitTest name="CryptorIsAbleToProcessSampleFilesAsStream(&quot;acrh&quot;,&quot;pubnubenigma&quot;,&quot;-&quot;,&quot;file-cryptor-v1-acrh.txt&quot;,&quot;file.txt&quot;,null)" storage="d:\a\c-sharp\c-sharp\src\unittests\acceptancetests\bin\debug\net6.0\acceptancetests.dll" id="0153fbb0-e5a5-84d4-df77-b92e47c48a9b">
      <Execution id="74ebe14c-eb63-4c30-8823-9b755804eda1" />
      <TestMethod codeBase="D:\a\c-sharp\c-sharp\src\UnitTests\AcceptanceTests\bin\Debug\net6.0\AcceptanceTests.dll" adapterTypeName="executor://nunit3testexecutor/" className="AcceptanceTests.Features.Encryption.CryptoModuleFeature" name="CryptorIsAbleToProcessSampleFilesAsStream(&quot;acrh&quot;,&quot;pubnubenigma&quot;,&quot;-&quot;,&quot;file-cryptor-v1-acrh.txt&quot;,&quot;file.txt&quot;,null)" />
    </UnitTest>
    <UnitTest name="CryptorIsAbleToProcessSampleFilesAsBinary(&quot;legacy&quot;,&quot;pubnubenigma&quot;,&quot;random&quot;,&quot;file-cryptor-legacy-riv.txt&quot;,&quot;file.txt&quot;,null)" storage="d:\a\c-sharp\c-sharp\src\unittests\acceptancetests\bin\debug\net6.0\acceptancetests.dll" id="1500c2f1-f56e-3f8a-4b9e-769b5f983879">
      <Execution id="dfb7a216-3ef8-4f48-b109-f7de8933073d" />
      <TestMethod codeBase="D:\a\c-sharp\c-sharp\src\UnitTests\AcceptanceTests\bin\Debug\net6.0\AcceptanceTests.dll" adapterTypeName="executor://nunit3testexecutor/" className="AcceptanceTests.Features.Encryption.CryptoModuleFeature" name="CryptorIsAbleToProcessSampleFilesAsBinary(&quot;legacy&quot;,&quot;pubnubenigma&quot;,&quot;random&quot;,&quot;file-cryptor-legacy-riv.txt&quot;,&quot;file.txt&quot;,null)" />
    </UnitTest>
    <UnitTest name="RemoveAChannelMetadataForId" storage="d:\a\c-sharp\c-sharp\src\unittests\acceptancetests\bin\debug\net6.0\acceptancetests.dll" id="be8b1c28-897b-72b1-79de-44eed3d3394f">
      <Execution id="92f6d357-0392-4077-bd91-f27d950faec9" />
      <TestMethod codeBase="D:\a\c-sharp\c-sharp\src\UnitTests\AcceptanceTests\bin\Debug\net6.0\AcceptanceTests.dll" adapterTypeName="executor://nunit3testexecutor/" className="AcceptanceTests.Features.ObjectsV2ChannelMetadataFeature" name="RemoveAChannelMetadataForId" />
    </UnitTest>
    <UnitTest name="SuccessfullyReceiveMessages" storage="d:\a\c-sharp\c-sharp\src\unittests\acceptancetests\bin\debug\net6.0\acceptancetests.dll" id="be80e17e-abe8-75e0-46d0-fbe19949d37d">
      <Execution id="99305398-0b50-403d-9689-edce048f8cbd" />
      <TestMethod codeBase="D:\a\c-sharp\c-sharp\src\UnitTests\AcceptanceTests\bin\Debug\net6.0\AcceptanceTests.dll" adapterTypeName="executor://nunit3testexecutor/" className="AcceptanceTests.Features.Event_Engine.EventEngineFeature" name="SuccessfullyReceiveMessages" />
    </UnitTest>
    <UnitTest name="DataEncryptedWithLegacyAES_CBCCryptorIsDecryptableWithLegacyImplementation(&quot;pubnubenigma&quot;,&quot;random&quot;,&quot;file.jpg&quot;,null)" storage="d:\a\c-sharp\c-sharp\src\unittests\acceptancetests\bin\debug\net6.0\acceptancetests.dll" id="02189687-8985-6806-f35e-66f7f45f4e75">
      <Execution id="65076290-4b67-470b-9021-a0bc99c047a2" />
      <TestMethod codeBase="D:\a\c-sharp\c-sharp\src\UnitTests\AcceptanceTests\bin\Debug\net6.0\AcceptanceTests.dll" adapterTypeName="executor://nunit3testexecutor/" className="AcceptanceTests.Features.Encryption.CryptoModuleFeature" name="DataEncryptedWithLegacyAES_CBCCryptorIsDecryptableWithLegacyImplementation(&quot;pubnubenigma&quot;,&quot;random&quot;,&quot;file.jpg&quot;,null)" />
    </UnitTest>
    <UnitTest name="RevokeATokenWhileItIsDisabledOnAServer" storage="d:\a\c-sharp\c-sharp\src\unittests\acceptancetests\bin\debug\net6.0\acceptancetests.dll" id="ee450aac-5f02-8238-a55d-792600e33298">
      <Execution id="0dc6b507-3fcf-445a-b9db-fb71362fcb16" />
      <TestMethod codeBase="D:\a\c-sharp\c-sharp\src\UnitTests\AcceptanceTests\bin\Debug\net6.0\AcceptanceTests.dll" adapterTypeName="executor://nunit3testexecutor/" className="AcceptanceTests.Features.RevokeAnAccessTokenFeature" name="RevokeATokenWhileItIsDisabledOnAServer" />
    </UnitTest>
    <UnitTest name="AES_CBCCryptorDataHeaderCanBeProcessed(&quot;pubnubenigma&quot;,&quot;file-cryptor-no-version.txt&quot;,&quot;decryption error&quot;,null)" storage="d:\a\c-sharp\c-sharp\src\unittests\acceptancetests\bin\debug\net6.0\acceptancetests.dll" id="60e5b02d-603e-8172-2213-6ea7fd0250af">
      <Execution id="16cf0794-6fab-431c-b20a-f1e221141fb8" />
      <TestMethod codeBase="D:\a\c-sharp\c-sharp\src\UnitTests\AcceptanceTests\bin\Debug\net6.0\AcceptanceTests.dll" adapterTypeName="executor://nunit3testexecutor/" className="AcceptanceTests.Features.Encryption.CryptoModuleFeature" name="AES_CBCCryptorDataHeaderCanBeProcessed(&quot;pubnubenigma&quot;,&quot;file-cryptor-no-version.txt&quot;,&quot;decryption error&quot;,null)" />
    </UnitTest>
    <UnitTest name="EmptyDataDecryptionShouldFail(&quot;legacy&quot;,&quot;pubnubenigma&quot;,&quot;constant&quot;,&quot;empty-file.txt&quot;,null)" storage="d:\a\c-sharp\c-sharp\src\unittests\acceptancetests\bin\debug\net6.0\acceptancetests.dll" id="50604149-da7b-7eb8-2563-57d2dd368452">
      <Execution id="a009c2ce-a4e0-4816-b5bf-243896b0f82b" />
      <TestMethod codeBase="D:\a\c-sharp\c-sharp\src\UnitTests\AcceptanceTests\bin\Debug\net6.0\AcceptanceTests.dll" adapterTypeName="executor://nunit3testexecutor/" className="AcceptanceTests.Features.Encryption.CryptoModuleFeature" name="EmptyDataDecryptionShouldFail(&quot;legacy&quot;,&quot;pubnubenigma&quot;,&quot;constant&quot;,&quot;empty-file.txt&quot;,null)" />
    </UnitTest>
    <UnitTest name="EmptyStreamDataEncryptionShouldFail(&quot;legacy&quot;,&quot;pubnubenigma&quot;,&quot;constant&quot;,null)" storage="d:\a\c-sharp\c-sharp\src\unittests\acceptancetests\bin\debug\net6.0\acceptancetests.dll" id="5ef88e91-8d77-e81e-f266-0337c81fc15e">
      <Execution id="05f5a77f-7827-47dd-b6ad-684b03f15e4e" />
      <TestMethod codeBase="D:\a\c-sharp\c-sharp\src\UnitTests\AcceptanceTests\bin\Debug\net6.0\AcceptanceTests.dll" adapterTypeName="executor://nunit3testexecutor/" className="AcceptanceTests.Features.Encryption.CryptoModuleFeature" name="EmptyStreamDataEncryptionShouldFail(&quot;legacy&quot;,&quot;pubnubenigma&quot;,&quot;constant&quot;,null)" />
    </UnitTest>
    <UnitTest name="EmptyStreamDataEncryptionShouldFail(&quot;legacy&quot;,&quot;pubnubenigma&quot;,&quot;random&quot;,null)" storage="d:\a\c-sharp\c-sharp\src\unittests\acceptancetests\bin\debug\net6.0\acceptancetests.dll" id="cddd27ac-7387-0391-36be-b1b706556ac6">
      <Execution id="51cb9ec9-b516-4d13-8ed4-0fab1aff463a" />
      <TestMethod codeBase="D:\a\c-sharp\c-sharp\src\UnitTests\AcceptanceTests\bin\Debug\net6.0\AcceptanceTests.dll" adapterTypeName="executor://nunit3testexecutor/" className="AcceptanceTests.Features.Encryption.CryptoModuleFeature" name="EmptyStreamDataEncryptionShouldFail(&quot;legacy&quot;,&quot;pubnubenigma&quot;,&quot;random&quot;,null)" />
    </UnitTest>
    <UnitTest name="EmptyStreamDataDecryptionShouldFail(&quot;legacy&quot;,&quot;pubnubenigma&quot;,&quot;random&quot;,&quot;empty-file.txt&quot;,null)" storage="d:\a\c-sharp\c-sharp\src\unittests\acceptancetests\bin\debug\net6.0\acceptancetests.dll" id="d5ad5871-c66b-34c9-1371-544f7c37d8f6">
      <Execution id="374c4962-e8c5-4843-bcb6-0d2f7b33b073" />
      <TestMethod codeBase="D:\a\c-sharp\c-sharp\src\UnitTests\AcceptanceTests\bin\Debug\net6.0\AcceptanceTests.dll" adapterTypeName="executor://nunit3testexecutor/" className="AcceptanceTests.Features.Encryption.CryptoModuleFeature" name="EmptyStreamDataDecryptionShouldFail(&quot;legacy&quot;,&quot;pubnubenigma&quot;,&quot;random&quot;,&quot;empty-file.txt&quot;,null)" />
    </UnitTest>
    <UnitTest name="ManageMembershipsForAUUID" storage="d:\a\c-sharp\c-sharp\src\unittests\acceptancetests\bin\debug\net6.0\acceptancetests.dll" id="aea0c1c8-e4f2-b00c-e2e5-3958a9100776">
      <Execution id="c50fa6ac-85c0-4496-b10b-0a83a6dda374" />
      <TestMethod codeBase="D:\a\c-sharp\c-sharp\src\UnitTests\AcceptanceTests\bin\Debug\net6.0\AcceptanceTests.dll" adapterTypeName="executor://nunit3testexecutor/" className="AcceptanceTests.Features.ObjectsV2MembershipsFeature" name="ManageMembershipsForAUUID" />
    </UnitTest>
    <UnitTest name="CryptoModuleCanHandleEncryptedDataFromDifferentCryptors(&quot;legacy&quot;,&quot;acrh&quot;,&quot;pubnubenigma&quot;,&quot;constant&quot;,&quot;file-cryptor-legacy-civ.jpg&quot;,&quot;file.jpg&quot;,null)" storage="d:\a\c-sharp\c-sharp\src\unittests\acceptancetests\bin\debug\net6.0\acceptancetests.dll" id="f114629c-3c3b-e71d-e1df-1b4312712d85">
      <Execution id="99023687-928f-47d6-a2de-dcd7d361a821" />
      <TestMethod codeBase="D:\a\c-sharp\c-sharp\src\UnitTests\AcceptanceTests\bin\Debug\net6.0\AcceptanceTests.dll" adapterTypeName="executor://nunit3testexecutor/" className="AcceptanceTests.Features.Encryption.CryptoModuleFeature" name="CryptoModuleCanHandleEncryptedDataFromDifferentCryptors(&quot;legacy&quot;,&quot;acrh&quot;,&quot;pubnubenigma&quot;,&quot;constant&quot;,&quot;file-cryptor-legacy-civ.jpg&quot;,&quot;file.jpg&quot;,null)" />
    </UnitTest>
    <UnitTest name="EmptyDataDecryptionShouldFail(&quot;legacy&quot;,&quot;pubnubenigma&quot;,&quot;random&quot;,&quot;empty-file.txt&quot;,null)" storage="d:\a\c-sharp\c-sharp\src\unittests\acceptancetests\bin\debug\net6.0\acceptancetests.dll" id="d533b002-ecc8-a6e4-0a55-5406f8886899">
      <Execution id="67099936-0228-474e-a240-d8310efc74f9" />
      <TestMethod codeBase="D:\a\c-sharp\c-sharp\src\UnitTests\AcceptanceTests\bin\Debug\net6.0\AcceptanceTests.dll" adapterTypeName="executor://nunit3testexecutor/" className="AcceptanceTests.Features.Encryption.CryptoModuleFeature" name="EmptyDataDecryptionShouldFail(&quot;legacy&quot;,&quot;pubnubenigma&quot;,&quot;random&quot;,&quot;empty-file.txt&quot;,null)" />
    </UnitTest>
    <UnitTest name="RevokeExistingValidToken" storage="d:\a\c-sharp\c-sharp\src\unittests\acceptancetests\bin\debug\net6.0\acceptancetests.dll" id="9e948d14-1697-7020-7d46-e7d0ab1a839a">
      <Execution id="66f554ec-a200-4f8a-b4b9-5cb760742078" />
      <TestMethod codeBase="D:\a\c-sharp\c-sharp\src\UnitTests\AcceptanceTests\bin\Debug\net6.0\AcceptanceTests.dll" adapterTypeName="executor://nunit3testexecutor/" className="AcceptanceTests.Features.RevokeAnAccessTokenFeature" name="RevokeExistingValidToken" />
    </UnitTest>
    <UnitTest name="CompleteHandshakeFailure" storage="d:\a\c-sharp\c-sharp\src\unittests\acceptancetests\bin\debug\net6.0\acceptancetests.dll" id="78a2948f-1e6f-bc34-da6a-7718af2fe45b">
      <Execution id="7e3820e3-037e-40f6-97c1-34578f09be38" />
      <TestMethod codeBase="D:\a\c-sharp\c-sharp\src\UnitTests\AcceptanceTests\bin\Debug\net6.0\AcceptanceTests.dll" adapterTypeName="executor://nunit3testexecutor/" className="AcceptanceTests.Features.Event_Engine.EventEngineFeature" name="CompleteHandshakeFailure" />
    </UnitTest>
    <UnitTest name="EmptyDataEncryptionShouldFail(&quot;legacy&quot;,&quot;pubnubenigma&quot;,&quot;random&quot;,null)" storage="d:\a\c-sharp\c-sharp\src\unittests\acceptancetests\bin\debug\net6.0\acceptancetests.dll" id="e592298e-a7bd-5e8f-cbb1-f5ba33b2dce9">
      <Execution id="39bba048-028f-498d-a7eb-747c53656d1f" />
      <TestMethod codeBase="D:\a\c-sharp\c-sharp\src\UnitTests\AcceptanceTests\bin\Debug\net6.0\AcceptanceTests.dll" adapterTypeName="executor://nunit3testexecutor/" className="AcceptanceTests.Features.Encryption.CryptoModuleFeature" name="EmptyDataEncryptionShouldFail(&quot;legacy&quot;,&quot;pubnubenigma&quot;,&quot;random&quot;,null)" />
    </UnitTest>
    <UnitTest name="SuccessfullyJoinedAFewChannelsWithPresence" storage="d:\a\c-sharp\c-sharp\src\unittests\acceptancetests\bin\debug\net6.0\acceptancetests.dll" id="96d493fa-312d-9ae2-5c5a-5d6187729524">
      <Execution id="8f8fc1a9-670b-4509-a358-957e54578097" />
      <TestMethod codeBase="D:\a\c-sharp\c-sharp\src\UnitTests\AcceptanceTests\bin\Debug\net6.0\AcceptanceTests.dll" adapterTypeName="executor://nunit3testexecutor/" className="AcceptanceTests.Features.Event_Engine.PresenceEventEngineFeature" name="SuccessfullyJoinedAFewChannelsWithPresence" />
    </UnitTest>
    <UnitTest name="GetMembershipsForUUID" storage="d:\a\c-sharp\c-sharp\src\unittests\acceptancetests\bin\debug\net6.0\acceptancetests.dll" id="10a87c1f-7e7a-0e53-402e-aefcc00a21da">
      <Execution id="fafa0956-b558-4a11-8d9e-355df8dcd21c" />
      <TestMethod codeBase="D:\a\c-sharp\c-sharp\src\UnitTests\AcceptanceTests\bin\Debug\net6.0\AcceptanceTests.dll" adapterTypeName="executor://nunit3testexecutor/" className="AcceptanceTests.Features.ObjectsV2MembershipsFeature" name="GetMembershipsForUUID" />
    </UnitTest>
    <UnitTest name="DataEncryptedWithLegacyAES_CBCCryptorIsDecryptableWithLegacyImplementation(&quot;pubnubenigma&quot;,&quot;random&quot;,&quot;file.txt&quot;,null)" storage="d:\a\c-sharp\c-sharp\src\unittests\acceptancetests\bin\debug\net6.0\acceptancetests.dll" id="4f543121-4b4c-bb28-bba2-a9b2ac9eaaeb">
      <Execution id="0903c255-6883-43d3-8658-f5ec07fb89b5" />
      <TestMethod codeBase="D:\a\c-sharp\c-sharp\src\UnitTests\AcceptanceTests\bin\Debug\net6.0\AcceptanceTests.dll" adapterTypeName="executor://nunit3testexecutor/" className="AcceptanceTests.Features.Encryption.CryptoModuleFeature" name="DataEncryptedWithLegacyAES_CBCCryptorIsDecryptableWithLegacyImplementation(&quot;pubnubenigma&quot;,&quot;random&quot;,&quot;file.txt&quot;,null)" />
    </UnitTest>
    <UnitTest name="SetAUUIDMetadata" storage="d:\a\c-sharp\c-sharp\src\unittests\acceptancetests\bin\debug\net6.0\acceptancetests.dll" id="5a108f95-d949-be1c-ba70-794e5a89cb2c">
      <Execution id="4ad123f2-0556-4d2d-a5d1-b153c966bfcd" />
      <TestMethod codeBase="D:\a\c-sharp\c-sharp\src\UnitTests\AcceptanceTests\bin\Debug\net6.0\AcceptanceTests.dll" adapterTypeName="executor://nunit3testexecutor/" className="AcceptanceTests.Features.ObjectsV2UUIDMetadataFeature" name="SetAUUIDMetadata" />
    </UnitTest>
    <UnitTest name="RemoveAUUIDMetadataForId" storage="d:\a\c-sharp\c-sharp\src\unittests\acceptancetests\bin\debug\net6.0\acceptancetests.dll" id="07a0b332-7585-5132-2931-ba67f585bbfd">
      <Execution id="86ce1556-bd12-424a-895b-7e54a2d45d77" />
      <TestMethod codeBase="D:\a\c-sharp\c-sharp\src\UnitTests\AcceptanceTests\bin\Debug\net6.0\AcceptanceTests.dll" adapterTypeName="executor://nunit3testexecutor/" className="AcceptanceTests.Features.ObjectsV2UUIDMetadataFeature" name="RemoveAUUIDMetadataForId" />
    </UnitTest>
    <UnitTest name="GrantAnAccessTokenSuccessfullyWithAnAuthorizedUuid" storage="d:\a\c-sharp\c-sharp\src\unittests\acceptancetests\bin\debug\net6.0\acceptancetests.dll" id="63f82b54-f147-1707-8ae8-1f771750a4c8">
      <Execution id="da1ac753-90dc-4826-92ca-6c23c41cbaeb" />
      <TestMethod codeBase="D:\a\c-sharp\c-sharp\src\UnitTests\AcceptanceTests\bin\Debug\net6.0\AcceptanceTests.dll" adapterTypeName="executor://nunit3testexecutor/" className="AcceptanceTests.Features.GrantAnAccessTokenFeature" name="GrantAnAccessTokenSuccessfullyWithAnAuthorizedUuid" />
    </UnitTest>
    <UnitTest name="RevokeATokenWithCharactersThatRequireUrlEncoding" storage="d:\a\c-sharp\c-sharp\src\unittests\acceptancetests\bin\debug\net6.0\acceptancetests.dll" id="b811bc2b-ac6c-1eab-5504-b3af1ec9a805">
      <Execution id="a6607a59-6abb-4099-bb92-e746ed5a52e8" />
      <TestMethod codeBase="D:\a\c-sharp\c-sharp\src\UnitTests\AcceptanceTests\bin\Debug\net6.0\AcceptanceTests.dll" adapterTypeName="executor://nunit3testexecutor/" className="AcceptanceTests.Features.RevokeAnAccessTokenFeature" name="RevokeATokenWithCharactersThatRequireUrlEncoding" />
    </UnitTest>
    <UnitTest name="AttemptToGrantAnAccessTokenWithARegularExpressionContainingASyntaxErrorAndExpectAServerError" storage="d:\a\c-sharp\c-sharp\src\unittests\acceptancetests\bin\debug\net6.0\acceptancetests.dll" id="238d7046-3682-e357-765d-2a21c813602e">
      <Execution id="bd580782-b1e9-41b9-aee8-87bd754d1489" />
      <TestMethod codeBase="D:\a\c-sharp\c-sharp\src\UnitTests\AcceptanceTests\bin\Debug\net6.0\AcceptanceTests.dll" adapterTypeName="executor://nunit3testexecutor/" className="AcceptanceTests.Features.GrantAnAccessTokenFeature" name="AttemptToGrantAnAccessTokenWithARegularExpressionContainingASyntaxErrorAndExpectAServerError" />
    </UnitTest>
    <UnitTest name="SetMembershipForCurrentUser" storage="d:\a\c-sharp\c-sharp\src\unittests\acceptancetests\bin\debug\net6.0\acceptancetests.dll" id="1f73b5a1-d21f-1feb-a5dc-31aa30bfbe2c">
      <Execution id="aca6ba7e-6846-479b-8d5c-13dd595e9a2d" />
      <TestMethod codeBase="D:\a\c-sharp\c-sharp\src\UnitTests\AcceptanceTests\bin\Debug\net6.0\AcceptanceTests.dll" adapterTypeName="executor://nunit3testexecutor/" className="AcceptanceTests.Features.ObjectsV2MembershipsFeature" name="SetMembershipForCurrentUser" />
    </UnitTest>
    <UnitTest name="CryptorIsAbleToProcessSampleFilesAsStream(&quot;acrh&quot;,&quot;pubnubenigma&quot;,&quot;-&quot;,&quot;file-cryptor-v1-acrh.jpg&quot;,&quot;file.jpg&quot;,null)" storage="d:\a\c-sharp\c-sharp\src\unittests\acceptancetests\bin\debug\net6.0\acceptancetests.dll" id="68a689f7-c4a6-51dd-490d-8e5b965feb8a">
      <Execution id="2a01b371-53de-42a5-b822-bf11767090b0" />
      <TestMethod codeBase="D:\a\c-sharp\c-sharp\src\UnitTests\AcceptanceTests\bin\Debug\net6.0\AcceptanceTests.dll" adapterTypeName="executor://nunit3testexecutor/" className="AcceptanceTests.Features.Encryption.CryptoModuleFeature" name="CryptorIsAbleToProcessSampleFilesAsStream(&quot;acrh&quot;,&quot;pubnubenigma&quot;,&quot;-&quot;,&quot;file-cryptor-v1-acrh.jpg&quot;,&quot;file.jpg&quot;,null)" />
    </UnitTest>
    <UnitTest name="AES_CBCCryptorDataHeaderCanBeProcessed(&quot;pubnubenigma&quot;,&quot;file-cryptor-unknown-acrh.jpg&quot;,&quot;unknown cryptor error&quot;,null)" storage="d:\a\c-sharp\c-sharp\src\unittests\acceptancetests\bin\debug\net6.0\acceptancetests.dll" id="19276ea0-e69e-d8c1-5f86-fbe82fc4defb">
      <Execution id="390d7d08-06f8-4cfd-83fd-197dc45be907" />
      <TestMethod codeBase="D:\a\c-sharp\c-sharp\src\UnitTests\AcceptanceTests\bin\Debug\net6.0\AcceptanceTests.dll" adapterTypeName="executor://nunit3testexecutor/" className="AcceptanceTests.Features.Encryption.CryptoModuleFeature" name="AES_CBCCryptorDataHeaderCanBeProcessed(&quot;pubnubenigma&quot;,&quot;file-cryptor-unknown-acrh.jpg&quot;,&quot;unknown cryptor error&quot;,null)" />
    </UnitTest>
    <UnitTest name="GetMembershipsForUUIDWithCustomAndChannelCustom" storage="d:\a\c-sharp\c-sharp\src\unittests\acceptancetests\bin\debug\net6.0\acceptancetests.dll" id="7acf7525-aaca-a5f2-7032-491d9caf1cf8">
      <Execution id="2a6dee57-f309-40b7-a5c0-f3164cf2ddc2" />
      <TestMethod codeBase="D:\a\c-sharp\c-sharp\src\UnitTests\AcceptanceTests\bin\Debug\net6.0\AcceptanceTests.dll" adapterTypeName="executor://nunit3testexecutor/" className="AcceptanceTests.Features.ObjectsV2MembershipsFeature" name="GetMembershipsForUUIDWithCustomAndChannelCustom" />
    </UnitTest>
    <UnitTest name="AES_CBCCryptorDataHeaderCanBeProcessed(&quot;pubnubenigma&quot;,&quot;file-cryptor-v1-unknown.txt&quot;,&quot;unknown cryptor error&quot;,null)" storage="d:\a\c-sharp\c-sharp\src\unittests\acceptancetests\bin\debug\net6.0\acceptancetests.dll" id="ed3513bd-2d36-bad0-70c5-813865e78b06">
      <Execution id="24513e8b-225d-442a-8ace-c02e9ffd6af2" />
      <TestMethod codeBase="D:\a\c-sharp\c-sharp\src\UnitTests\AcceptanceTests\bin\Debug\net6.0\AcceptanceTests.dll" adapterTypeName="executor://nunit3testexecutor/" className="AcceptanceTests.Features.Encryption.CryptoModuleFeature" name="AES_CBCCryptorDataHeaderCanBeProcessed(&quot;pubnubenigma&quot;,&quot;file-cryptor-v1-unknown.txt&quot;,&quot;unknown cryptor error&quot;,null)" />
    </UnitTest>
    <UnitTest name="RemoveMemberForAChannel" storage="d:\a\c-sharp\c-sharp\src\unittests\acceptancetests\bin\debug\net6.0\acceptancetests.dll" id="b2c9c319-05d3-858f-ecdb-c785279a33e5">
      <Execution id="6db0ac0d-6d4e-40c0-ab20-6c494538ac7c" />
      <TestMethod codeBase="D:\a\c-sharp\c-sharp\src\UnitTests\AcceptanceTests\bin\Debug\net6.0\AcceptanceTests.dll" adapterTypeName="executor://nunit3testexecutor/" className="AcceptanceTests.Features.ObjectsV2MembersFeature" name="RemoveMemberForAChannel" />
    </UnitTest>
    <UnitTest name="AES_CBCCryptorDataHeaderCanBeProcessed(&quot;pubnubenigma&quot;,&quot;file-cryptor-v1-short.txt&quot;,&quot;decryption error&quot;,null)" storage="d:\a\c-sharp\c-sharp\src\unittests\acceptancetests\bin\debug\net6.0\acceptancetests.dll" id="d871c596-d51c-32a3-d78a-f9b6ed7868a8">
      <Execution id="130dfc9d-537d-4766-83aa-ad40195ebd5a" />
      <TestMethod codeBase="D:\a\c-sharp\c-sharp\src\UnitTests\AcceptanceTests\bin\Debug\net6.0\AcceptanceTests.dll" adapterTypeName="executor://nunit3testexecutor/" className="AcceptanceTests.Features.Encryption.CryptoModuleFeature" name="AES_CBCCryptorDataHeaderCanBeProcessed(&quot;pubnubenigma&quot;,&quot;file-cryptor-v1-short.txt&quot;,&quot;decryption error&quot;,null)" />
    </UnitTest>
    <UnitTest name="GetAllUUIDMetadataWithCustom" storage="d:\a\c-sharp\c-sharp\src\unittests\acceptancetests\bin\debug\net6.0\acceptancetests.dll" id="23b61850-f73c-f5eb-17ca-9aaba5f44c54">
      <Execution id="d2cf83be-b644-4204-8ddb-814700fb6975" />
      <TestMethod codeBase="D:\a\c-sharp\c-sharp\src\UnitTests\AcceptanceTests\bin\Debug\net6.0\AcceptanceTests.dll" adapterTypeName="executor://nunit3testexecutor/" className="AcceptanceTests.Features.ObjectsV2UUIDMetadataFeature" name="GetAllUUIDMetadataWithCustom" />
    </UnitTest>
    <UnitTest name="CryptorIsAbleToProcessSampleFilesAsBinary(&quot;legacy&quot;,&quot;pubnubenigma&quot;,&quot;constant&quot;,&quot;file-cryptor-legacy-civ.jpg&quot;,&quot;file.jpg&quot;,null)" storage="d:\a\c-sharp\c-sharp\src\unittests\acceptancetests\bin\debug\net6.0\acceptancetests.dll" id="040fb33d-7655-40ce-1cff-6bcf94c5cc47">
      <Execution id="4cb05d88-26a0-42c5-9648-a343fc497199" />
      <TestMethod codeBase="D:\a\c-sharp\c-sharp\src\UnitTests\AcceptanceTests\bin\Debug\net6.0\AcceptanceTests.dll" adapterTypeName="executor://nunit3testexecutor/" className="AcceptanceTests.Features.Encryption.CryptoModuleFeature" name="CryptorIsAbleToProcessSampleFilesAsBinary(&quot;legacy&quot;,&quot;pubnubenigma&quot;,&quot;constant&quot;,&quot;file-cryptor-legacy-civ.jpg&quot;,&quot;file.jpg&quot;,null)" />
    </UnitTest>
    <UnitTest name="JoiningAndLeavingChannels" storage="d:\a\c-sharp\c-sharp\src\unittests\acceptancetests\bin\debug\net6.0\acceptancetests.dll" id="1d07225f-97f1-fdcb-e603-fea46f8b9792">
      <Execution id="9bf19cc5-01c7-42ef-8093-063333ecf951" />
      <TestMethod codeBase="D:\a\c-sharp\c-sharp\src\UnitTests\AcceptanceTests\bin\Debug\net6.0\AcceptanceTests.dll" adapterTypeName="executor://nunit3testexecutor/" className="AcceptanceTests.Features.Event_Engine.PresenceEventEngineFeature" name="JoiningAndLeavingChannels" />
    </UnitTest>
    <UnitTest name="CryptorIsAbleToProcessSampleFilesAsBinary(&quot;acrh&quot;,&quot;pubnubenigma&quot;,&quot;-&quot;,&quot;file-cryptor-v1-acrh.txt&quot;,&quot;file.txt&quot;,null)" storage="d:\a\c-sharp\c-sharp\src\unittests\acceptancetests\bin\debug\net6.0\acceptancetests.dll" id="f8d35157-2900-b4b5-1a17-900588c884a9">
      <Execution id="6754324f-44cc-40fe-bb68-211a959cef16" />
      <TestMethod codeBase="D:\a\c-sharp\c-sharp\src\UnitTests\AcceptanceTests\bin\Debug\net6.0\AcceptanceTests.dll" adapterTypeName="executor://nunit3testexecutor/" className="AcceptanceTests.Features.Encryption.CryptoModuleFeature" name="CryptorIsAbleToProcessSampleFilesAsBinary(&quot;acrh&quot;,&quot;pubnubenigma&quot;,&quot;-&quot;,&quot;file-cryptor-v1-acrh.txt&quot;,&quot;file.txt&quot;,null)" />
    </UnitTest>
    <UnitTest name="AttemptToGrantAnAccessTokenWithAllPermissionsEmptyOrFalseAndExpectAServerError" storage="d:\a\c-sharp\c-sharp\src\unittests\acceptancetests\bin\debug\net6.0\acceptancetests.dll" id="446be40b-3f39-dc72-f797-9a3aa2aac484">
      <Execution id="2ec62550-c4fd-4ca8-a715-a4533bcb5099" />
      <TestMethod codeBase="D:\a\c-sharp\c-sharp\src\UnitTests\AcceptanceTests\bin\Debug\net6.0\AcceptanceTests.dll" adapterTypeName="executor://nunit3testexecutor/" className="AcceptanceTests.Features.GrantAnAccessTokenFeature" name="AttemptToGrantAnAccessTokenWithAllPermissionsEmptyOrFalseAndExpectAServerError" />
    </UnitTest>
    <UnitTest name="EmptyStreamDataEncryptionShouldFail(&quot;acrh&quot;,&quot;pubnubenigma&quot;,&quot;-&quot;,null)" storage="d:\a\c-sharp\c-sharp\src\unittests\acceptancetests\bin\debug\net6.0\acceptancetests.dll" id="984e3d49-4d22-c80b-52c3-19191f62fda7">
      <Execution id="d3999c19-2cab-42a2-a1e3-f5bfe45e59b1" />
      <TestMethod codeBase="D:\a\c-sharp\c-sharp\src\UnitTests\AcceptanceTests\bin\Debug\net6.0\AcceptanceTests.dll" adapterTypeName="executor://nunit3testexecutor/" className="AcceptanceTests.Features.Encryption.CryptoModuleFeature" name="EmptyStreamDataEncryptionShouldFail(&quot;acrh&quot;,&quot;pubnubenigma&quot;,&quot;-&quot;,null)" />
    </UnitTest>
    <UnitTest name="EmptyStreamDataDecryptionShouldFail(&quot;legacy&quot;,&quot;pubnubenigma&quot;,&quot;random&quot;,&quot;empty-file-cryptor-legacy-riv.txt&quot;,null)" storage="d:\a\c-sharp\c-sharp\src\unittests\acceptancetests\bin\debug\net6.0\acceptancetests.dll" id="4dab3f58-f834-dddd-fa3d-a0f55f715d14">
      <Execution id="a9f85855-af3c-47cc-8218-6a76a695e2f0" />
      <TestMethod codeBase="D:\a\c-sharp\c-sharp\src\UnitTests\AcceptanceTests\bin\Debug\net6.0\AcceptanceTests.dll" adapterTypeName="executor://nunit3testexecutor/" className="AcceptanceTests.Features.Encryption.CryptoModuleFeature" name="EmptyStreamDataDecryptionShouldFail(&quot;legacy&quot;,&quot;pubnubenigma&quot;,&quot;random&quot;,&quot;empty-file-cryptor-legacy-riv.txt&quot;,null)" />
    </UnitTest>
    <UnitTest name="GrantAnAccessTokenWithAllPermissionsOnAllResourceTypesWithAuthorizedUuid" storage="d:\a\c-sharp\c-sharp\src\unittests\acceptancetests\bin\debug\net6.0\acceptancetests.dll" id="85374129-b31e-6699-e3e3-35edfbf2f310">
      <Execution id="d5860f40-8d6e-4641-a5d6-bec379d90da6" />
      <TestMethod codeBase="D:\a\c-sharp\c-sharp\src\UnitTests\AcceptanceTests\bin\Debug\net6.0\AcceptanceTests.dll" adapterTypeName="executor://nunit3testexecutor/" className="AcceptanceTests.Features.GrantAnAccessTokenFeature" name="GrantAnAccessTokenWithAllPermissionsOnAllResourceTypesWithAuthorizedUuid" />
    </UnitTest>
    <UnitTest name="GetAllUUIDMetadata" storage="d:\a\c-sharp\c-sharp\src\unittests\acceptancetests\bin\debug\net6.0\acceptancetests.dll" id="219f8da3-cc63-e002-72df-e2f549e52967">
      <Execution id="770abcb4-2739-4d3d-82b3-7954f84ec5c3" />
      <TestMethod codeBase="D:\a\c-sharp\c-sharp\src\UnitTests\AcceptanceTests\bin\Debug\net6.0\AcceptanceTests.dll" adapterTypeName="executor://nunit3testexecutor/" className="AcceptanceTests.Features.ObjectsV2UUIDMetadataFeature" name="GetAllUUIDMetadata" />
    </UnitTest>
    <UnitTest name="CryptorIsAbleToProcessSampleFilesAsBinary(&quot;legacy&quot;,&quot;pubnubenigma&quot;,&quot;constant&quot;,&quot;file-legacy-civ.jpg&quot;,&quot;file.jpg&quot;,null)" storage="d:\a\c-sharp\c-sharp\src\unittests\acceptancetests\bin\debug\net6.0\acceptancetests.dll" id="bc7a74bf-9a5b-2257-fa8b-50752bdbf702">
      <Execution id="313c549e-fe3f-4944-8c94-ef21258f928f" />
      <TestMethod codeBase="D:\a\c-sharp\c-sharp\src\UnitTests\AcceptanceTests\bin\Debug\net6.0\AcceptanceTests.dll" adapterTypeName="executor://nunit3testexecutor/" className="AcceptanceTests.Features.Encryption.CryptoModuleFeature" name="CryptorIsAbleToProcessSampleFilesAsBinary(&quot;legacy&quot;,&quot;pubnubenigma&quot;,&quot;constant&quot;,&quot;file-legacy-civ.jpg&quot;,&quot;file.jpg&quot;,null)" />
    </UnitTest>
    <UnitTest name="CryptorIsAbleToProcessSampleFilesAsBinary(&quot;legacy&quot;,&quot;pubnubenigma&quot;,&quot;random&quot;,&quot;file-legacy-riv.txt&quot;,&quot;file.txt&quot;,null)" storage="d:\a\c-sharp\c-sharp\src\unittests\acceptancetests\bin\debug\net6.0\acceptancetests.dll" id="fb67481e-37a3-f171-7a64-13ebf12d3989">
      <Execution id="4f58e5ce-91a0-447c-9d8b-fa32a57536cf" />
      <TestMethod codeBase="D:\a\c-sharp\c-sharp\src\UnitTests\AcceptanceTests\bin\Debug\net6.0\AcceptanceTests.dll" adapterTypeName="executor://nunit3testexecutor/" className="AcceptanceTests.Features.Encryption.CryptoModuleFeature" name="CryptorIsAbleToProcessSampleFilesAsBinary(&quot;legacy&quot;,&quot;pubnubenigma&quot;,&quot;random&quot;,&quot;file-legacy-riv.txt&quot;,&quot;file.txt&quot;,null)" />
    </UnitTest>
    <UnitTest name="EmptyDataEncryptionShouldFail(&quot;legacy&quot;,&quot;pubnubenigma&quot;,&quot;constant&quot;,null)" storage="d:\a\c-sharp\c-sharp\src\unittests\acceptancetests\bin\debug\net6.0\acceptancetests.dll" id="02e294ba-02db-f21e-dc59-8e7c9444841f">
      <Execution id="e775e5b6-4ae7-4e95-8999-0446ed491b0c" />
      <TestMethod codeBase="D:\a\c-sharp\c-sharp\src\UnitTests\AcceptanceTests\bin\Debug\net6.0\AcceptanceTests.dll" adapterTypeName="executor://nunit3testexecutor/" className="AcceptanceTests.Features.Encryption.CryptoModuleFeature" name="EmptyDataEncryptionShouldFail(&quot;legacy&quot;,&quot;pubnubenigma&quot;,&quot;constant&quot;,null)" />
    </UnitTest>
    <UnitTest name="HandshakeFailureRecovery" storage="d:\a\c-sharp\c-sharp\src\unittests\acceptancetests\bin\debug\net6.0\acceptancetests.dll" id="9bb7c02e-b85a-d370-6cfc-0ac356d6be53">
      <Execution id="d5758171-bb1c-4433-88f5-71ca0be3f980" />
      <TestMethod codeBase="D:\a\c-sharp\c-sharp\src\UnitTests\AcceptanceTests\bin\Debug\net6.0\AcceptanceTests.dll" adapterTypeName="executor://nunit3testexecutor/" className="AcceptanceTests.Features.Event_Engine.EventEngineFeature" name="HandshakeFailureRecovery" />
    </UnitTest>
    <UnitTest name="RemoveMembership" storage="d:\a\c-sharp\c-sharp\src\unittests\acceptancetests\bin\debug\net6.0\acceptancetests.dll" id="96ff7052-903d-d61a-0cb2-cdee63831172">
      <Execution id="7b09c991-61af-4818-b8cd-710fae6733e8" />
      <TestMethod codeBase="D:\a\c-sharp\c-sharp\src\UnitTests\AcceptanceTests\bin\Debug\net6.0\AcceptanceTests.dll" adapterTypeName="executor://nunit3testexecutor/" className="AcceptanceTests.Features.ObjectsV2MembershipsFeature" name="RemoveMembership" />
    </UnitTest>
    <UnitTest name="SuccessfullyRestoreSubscribeWithFailures" storage="d:\a\c-sharp\c-sharp\src\unittests\acceptancetests\bin\debug\net6.0\acceptancetests.dll" id="4f5e4dcd-026e-dbea-14fe-5aa5192c38da">
      <Execution id="7e451d04-c3d2-46e9-ac0c-75889645d13c" />
      <TestMethod codeBase="D:\a\c-sharp\c-sharp\src\UnitTests\AcceptanceTests\bin\Debug\net6.0\AcceptanceTests.dll" adapterTypeName="executor://nunit3testexecutor/" className="AcceptanceTests.Features.Event_Engine.EventEngineFeature" name="SuccessfullyRestoreSubscribeWithFailures" />
    </UnitTest>
    <UnitTest name="CryptorIsAbleToProcessSampleFilesAsBinary(&quot;acrh&quot;,&quot;pubnubenigma&quot;,&quot;-&quot;,&quot;file-cryptor-v1-acrh.jpg&quot;,&quot;file.jpg&quot;,null)" storage="d:\a\c-sharp\c-sharp\src\unittests\acceptancetests\bin\debug\net6.0\acceptancetests.dll" id="71353074-59f3-561d-2fde-c864cf9dfcb6">
      <Execution id="8905c9af-dec6-4846-8cce-b1b30ba44695" />
      <TestMethod codeBase="D:\a\c-sharp\c-sharp\src\UnitTests\AcceptanceTests\bin\Debug\net6.0\AcceptanceTests.dll" adapterTypeName="executor://nunit3testexecutor/" className="AcceptanceTests.Features.Encryption.CryptoModuleFeature" name="CryptorIsAbleToProcessSampleFilesAsBinary(&quot;acrh&quot;,&quot;pubnubenigma&quot;,&quot;-&quot;,&quot;file-cryptor-v1-acrh.jpg&quot;,&quot;file.jpg&quot;,null)" />
    </UnitTest>
    <UnitTest name="EmptyStreamDataDecryptionShouldFail(&quot;legacy&quot;,&quot;pubnubenigma&quot;,&quot;constant&quot;,&quot;empty-file.txt&quot;,null)" storage="d:\a\c-sharp\c-sharp\src\unittests\acceptancetests\bin\debug\net6.0\acceptancetests.dll" id="bc8c5e9c-4b5f-8534-047c-bc0ab7c6f555">
      <Execution id="42945688-0e03-4509-843f-ee241640f468" />
      <TestMethod codeBase="D:\a\c-sharp\c-sharp\src\UnitTests\AcceptanceTests\bin\Debug\net6.0\AcceptanceTests.dll" adapterTypeName="executor://nunit3testexecutor/" className="AcceptanceTests.Features.Encryption.CryptoModuleFeature" name="EmptyStreamDataDecryptionShouldFail(&quot;legacy&quot;,&quot;pubnubenigma&quot;,&quot;constant&quot;,&quot;empty-file.txt&quot;,null)" />
    </UnitTest>
    <UnitTest name="EmptyDataDecryptionShouldFail(&quot;legacy&quot;,&quot;pubnubenigma&quot;,&quot;random&quot;,&quot;empty-file-cryptor-legacy-riv.txt&quot;,null)" storage="d:\a\c-sharp\c-sharp\src\unittests\acceptancetests\bin\debug\net6.0\acceptancetests.dll" id="0f851786-a6db-a75b-11ec-b9549b68d0b8">
      <Execution id="f5afaf20-c7e1-49cf-b3c3-fcbb15475a9d" />
      <TestMethod codeBase="D:\a\c-sharp\c-sharp\src\UnitTests\AcceptanceTests\bin\Debug\net6.0\AcceptanceTests.dll" adapterTypeName="executor://nunit3testexecutor/" className="AcceptanceTests.Features.Encryption.CryptoModuleFeature" name="EmptyDataDecryptionShouldFail(&quot;legacy&quot;,&quot;pubnubenigma&quot;,&quot;random&quot;,&quot;empty-file-cryptor-legacy-riv.txt&quot;,null)" />
    </UnitTest>
    <UnitTest name="GetAChannelMetadataForId" storage="d:\a\c-sharp\c-sharp\src\unittests\acceptancetests\bin\debug\net6.0\acceptancetests.dll" id="4401ff2d-c38b-51a8-f6b5-791f859c7098">
      <Execution id="1a3e8943-0d68-4bc7-9046-b29ff1054ed4" />
      <TestMethod codeBase="D:\a\c-sharp\c-sharp\src\UnitTests\AcceptanceTests\bin\Debug\net6.0\AcceptanceTests.dll" adapterTypeName="executor://nunit3testexecutor/" className="AcceptanceTests.Features.ObjectsV2ChannelMetadataFeature" name="GetAChannelMetadataForId" />
    </UnitTest>
    <UnitTest name="GetMembershipsForCurrentUser" storage="d:\a\c-sharp\c-sharp\src\unittests\acceptancetests\bin\debug\net6.0\acceptancetests.dll" id="ba48247e-b680-05e2-ec8e-cd712552a6ee">
      <Execution id="da95e84e-a4ea-4bf0-b8fc-ced73db7c257" />
      <TestMethod codeBase="D:\a\c-sharp\c-sharp\src\UnitTests\AcceptanceTests\bin\Debug\net6.0\AcceptanceTests.dll" adapterTypeName="executor://nunit3testexecutor/" className="AcceptanceTests.Features.ObjectsV2MembershipsFeature" name="GetMembershipsForCurrentUser" />
    </UnitTest>
    <UnitTest name="CryptorIsAbleToProcessSampleFilesAsBinary(&quot;legacy&quot;,&quot;pubnubenigma&quot;,&quot;random&quot;,&quot;file-legacy-riv.jpg&quot;,&quot;file.jpg&quot;,null)" storage="d:\a\c-sharp\c-sharp\src\unittests\acceptancetests\bin\debug\net6.0\acceptancetests.dll" id="84e090d8-441a-8861-c4e5-70620525fefd">
      <Execution id="a0ad05ef-ffc1-40fb-ab17-be552bf3478a" />
      <TestMethod codeBase="D:\a\c-sharp\c-sharp\src\UnitTests\AcceptanceTests\bin\Debug\net6.0\AcceptanceTests.dll" adapterTypeName="executor://nunit3testexecutor/" className="AcceptanceTests.Features.Encryption.CryptoModuleFeature" name="CryptorIsAbleToProcessSampleFilesAsBinary(&quot;legacy&quot;,&quot;pubnubenigma&quot;,&quot;random&quot;,&quot;file-legacy-riv.jpg&quot;,&quot;file.jpg&quot;,null)" />
    </UnitTest>
    <UnitTest name="DataEncryptedWithLegacyAES_CBCCryptorIsDecryptableWithLegacyImplementation(&quot;pubnubenigma&quot;,&quot;constant&quot;,&quot;file.jpg&quot;,null)" storage="d:\a\c-sharp\c-sharp\src\unittests\acceptancetests\bin\debug\net6.0\acceptancetests.dll" id="e310fc10-3907-7ad0-6cbe-cc9e48d5e1fa">
      <Execution id="77f76334-a445-4487-8508-581898b09382" />
      <TestMethod codeBase="D:\a\c-sharp\c-sharp\src\UnitTests\AcceptanceTests\bin\Debug\net6.0\AcceptanceTests.dll" adapterTypeName="executor://nunit3testexecutor/" className="AcceptanceTests.Features.Encryption.CryptoModuleFeature" name="DataEncryptedWithLegacyAES_CBCCryptorIsDecryptableWithLegacyImplementation(&quot;pubnubenigma&quot;,&quot;constant&quot;,&quot;file.jpg&quot;,null)" />
    </UnitTest>
    <UnitTest name="GrantAnAccessTokenWithoutAnAuthorizedUuid" storage="d:\a\c-sharp\c-sharp\src\unittests\acceptancetests\bin\debug\net6.0\acceptancetests.dll" id="5e071152-ee43-67c0-dc5d-67a966171b99">
      <Execution id="06986f3d-5d21-4ead-8e35-cfa02b235e20" />
      <TestMethod codeBase="D:\a\c-sharp\c-sharp\src\UnitTests\AcceptanceTests\bin\Debug\net6.0\AcceptanceTests.dll" adapterTypeName="executor://nunit3testexecutor/" className="AcceptanceTests.Features.GrantAnAccessTokenFeature" name="GrantAnAccessTokenWithoutAnAuthorizedUuid" />
    </UnitTest>
    <UnitTest name="AES_CBCCryptorDataHeaderCanBeProcessed(&quot;pubnubenigma&quot;,&quot;empty-file-cryptor-v1-acrh.txt&quot;,&quot;decryption error&quot;,null)" storage="d:\a\c-sharp\c-sharp\src\unittests\acceptancetests\bin\debug\net6.0\acceptancetests.dll" id="42ca667a-a020-f899-567b-164563a5f68c">
      <Execution id="1d59923a-dfb7-483f-906f-0bce4bef3298" />
      <TestMethod codeBase="D:\a\c-sharp\c-sharp\src\UnitTests\AcceptanceTests\bin\Debug\net6.0\AcceptanceTests.dll" adapterTypeName="executor://nunit3testexecutor/" className="AcceptanceTests.Features.Encryption.CryptoModuleFeature" name="AES_CBCCryptorDataHeaderCanBeProcessed(&quot;pubnubenigma&quot;,&quot;empty-file-cryptor-v1-acrh.txt&quot;,&quot;decryption error&quot;,null)" />
    </UnitTest>
    <UnitTest name="SetMemberWithCustomForAChannelAndUUIDWithCustom" storage="d:\a\c-sharp\c-sharp\src\unittests\acceptancetests\bin\debug\net6.0\acceptancetests.dll" id="86189ae4-95f9-30e4-f4c6-bfa1b9898a62">
      <Execution id="c4274409-16ff-4962-9d6a-fb49dabdf51a" />
      <TestMethod codeBase="D:\a\c-sharp\c-sharp\src\UnitTests\AcceptanceTests\bin\Debug\net6.0\AcceptanceTests.dll" adapterTypeName="executor://nunit3testexecutor/" className="AcceptanceTests.Features.ObjectsV2MembersFeature" name="SetMemberWithCustomForAChannelAndUUIDWithCustom" />
    </UnitTest>
    <UnitTest name="GetAUUIDWithCustomMetadataIdStoredInConfig" storage="d:\a\c-sharp\c-sharp\src\unittests\acceptancetests\bin\debug\net6.0\acceptancetests.dll" id="78605226-9a65-4701-5dbe-74fd1152b767">
      <Execution id="6f1fa50f-0bf1-4c9e-8fc3-c65848b6c385" />
      <TestMethod codeBase="D:\a\c-sharp\c-sharp\src\UnitTests\AcceptanceTests\bin\Debug\net6.0\AcceptanceTests.dll" adapterTypeName="executor://nunit3testexecutor/" className="AcceptanceTests.Features.ObjectsV2UUIDMetadataFeature" name="GetAUUIDWithCustomMetadataIdStoredInConfig" />
    </UnitTest>
    <UnitTest name="CryptorIsAbleToProcessSampleFilesAsStream(&quot;legacy&quot;,&quot;pubnubenigma&quot;,&quot;random&quot;,&quot;file-legacy-riv.txt&quot;,&quot;file.txt&quot;,null)" storage="d:\a\c-sharp\c-sharp\src\unittests\acceptancetests\bin\debug\net6.0\acceptancetests.dll" id="9d2b950d-d4be-de51-1cfb-07073f6d6e13">
      <Execution id="ce8be11b-cb0e-4045-b8a0-0f301dd5ea8f" />
      <TestMethod codeBase="D:\a\c-sharp\c-sharp\src\UnitTests\AcceptanceTests\bin\Debug\net6.0\AcceptanceTests.dll" adapterTypeName="executor://nunit3testexecutor/" className="AcceptanceTests.Features.Encryption.CryptoModuleFeature" name="CryptorIsAbleToProcessSampleFilesAsStream(&quot;legacy&quot;,&quot;pubnubenigma&quot;,&quot;random&quot;,&quot;file-legacy-riv.txt&quot;,&quot;file.txt&quot;,null)" />
    </UnitTest>
    <UnitTest name="RecoveryFromOneUnexpectedErrorAlongTheWay" storage="d:\a\c-sharp\c-sharp\src\unittests\acceptancetests\bin\debug\net6.0\acceptancetests.dll" id="524c1966-6494-a6c3-e952-972895ca93c8">
      <Execution id="0a170e78-e992-4073-8b45-1c7423939961" />
      <TestMethod codeBase="D:\a\c-sharp\c-sharp\src\UnitTests\AcceptanceTests\bin\Debug\net6.0\AcceptanceTests.dll" adapterTypeName="executor://nunit3testexecutor/" className="AcceptanceTests.Features.Event_Engine.PresenceEventEngineFeature" name="RecoveryFromOneUnexpectedErrorAlongTheWay" />
    </UnitTest>
    <UnitTest name="RemoveMembershipForCurrentUser" storage="d:\a\c-sharp\c-sharp\src\unittests\acceptancetests\bin\debug\net6.0\acceptancetests.dll" id="046e940e-ed7b-e2be-b9c9-fa82caaefa8a">
      <Execution id="4718cbc6-9c51-4f7d-bc48-388e7d4670d7" />
      <TestMethod codeBase="D:\a\c-sharp\c-sharp\src\UnitTests\AcceptanceTests\bin\Debug\net6.0\AcceptanceTests.dll" adapterTypeName="executor://nunit3testexecutor/" className="AcceptanceTests.Features.ObjectsV2MembershipsFeature" name="RemoveMembershipForCurrentUser" />
    </UnitTest>
    <UnitTest name="EmptyDataDecryptionShouldFail(&quot;acrh&quot;,&quot;pubnubenigma&quot;,&quot;-&quot;,&quot;empty-file-cryptor-v1-acrh.txt&quot;,null)" storage="d:\a\c-sharp\c-sharp\src\unittests\acceptancetests\bin\debug\net6.0\acceptancetests.dll" id="6af2fe2f-9fc6-6af1-e346-da11b3a31319">
      <Execution id="f8679bbb-f4ee-42f1-a7e6-a36c94740563" />
      <TestMethod codeBase="D:\a\c-sharp\c-sharp\src\UnitTests\AcceptanceTests\bin\Debug\net6.0\AcceptanceTests.dll" adapterTypeName="executor://nunit3testexecutor/" className="AcceptanceTests.Features.Encryption.CryptoModuleFeature" name="EmptyDataDecryptionShouldFail(&quot;acrh&quot;,&quot;pubnubenigma&quot;,&quot;-&quot;,&quot;empty-file-cryptor-v1-acrh.txt&quot;,null)" />
    </UnitTest>
    <UnitTest name="EmptyStreamDataDecryptionShouldFail(&quot;acrh&quot;,&quot;pubnubenigma&quot;,&quot;-&quot;,&quot;empty-file.txt&quot;,null)" storage="d:\a\c-sharp\c-sharp\src\unittests\acceptancetests\bin\debug\net6.0\acceptancetests.dll" id="19c50b46-2552-1ee8-9a15-6db5bb83fc13">
      <Execution id="5376b533-28a8-4c30-b90e-040947f6c95f" />
      <TestMethod codeBase="D:\a\c-sharp\c-sharp\src\UnitTests\AcceptanceTests\bin\Debug\net6.0\AcceptanceTests.dll" adapterTypeName="executor://nunit3testexecutor/" className="AcceptanceTests.Features.Encryption.CryptoModuleFeature" name="EmptyStreamDataDecryptionShouldFail(&quot;acrh&quot;,&quot;pubnubenigma&quot;,&quot;-&quot;,&quot;empty-file.txt&quot;,null)" />
    </UnitTest>
    <UnitTest name="ManageMembersForAChannel" storage="d:\a\c-sharp\c-sharp\src\unittests\acceptancetests\bin\debug\net6.0\acceptancetests.dll" id="4abae91a-e1c2-11c6-c78e-4c0a98abeb41">
      <Execution id="12bfea05-0557-4aac-919b-650cf2b0fe83" />
      <TestMethod codeBase="D:\a\c-sharp\c-sharp\src\UnitTests\AcceptanceTests\bin\Debug\net6.0\AcceptanceTests.dll" adapterTypeName="executor://nunit3testexecutor/" className="AcceptanceTests.Features.ObjectsV2MembersFeature" name="ManageMembersForAChannel" />
    </UnitTest>
    <UnitTest name="CryptorIsAbleToProcessSampleFilesAsBinary(&quot;legacy&quot;,&quot;pubnubenigma&quot;,&quot;random&quot;,&quot;file-cryptor-legacy-riv.jpg&quot;,&quot;file.jpg&quot;,null)" storage="d:\a\c-sharp\c-sharp\src\unittests\acceptancetests\bin\debug\net6.0\acceptancetests.dll" id="4105838b-ea26-8a2c-f1e6-5dcc3df6f41b">
      <Execution id="93c9ba86-2a5f-42bf-9de2-dc70c61a43a7" />
      <TestMethod codeBase="D:\a\c-sharp\c-sharp\src\UnitTests\AcceptanceTests\bin\Debug\net6.0\AcceptanceTests.dll" adapterTypeName="executor://nunit3testexecutor/" className="AcceptanceTests.Features.Encryption.CryptoModuleFeature" name="CryptorIsAbleToProcessSampleFilesAsBinary(&quot;legacy&quot;,&quot;pubnubenigma&quot;,&quot;random&quot;,&quot;file-cryptor-legacy-riv.jpg&quot;,&quot;file.jpg&quot;,null)" />
    </UnitTest>
    <UnitTest name="GetAllChannelMetadata" storage="d:\a\c-sharp\c-sharp\src\unittests\acceptancetests\bin\debug\net6.0\acceptancetests.dll" id="0c1a37b6-b16e-3d65-7b38-756d59a051b1">
      <Execution id="450edc7e-98af-47a5-8d59-7063ca8459a8" />
      <TestMethod codeBase="D:\a\c-sharp\c-sharp\src\UnitTests\AcceptanceTests\bin\Debug\net6.0\AcceptanceTests.dll" adapterTypeName="executor://nunit3testexecutor/" className="AcceptanceTests.Features.ObjectsV2ChannelMetadataFeature" name="GetAllChannelMetadata" />
    </UnitTest>
    <UnitTest name="StreamDataEncryptedWithLegacyAES_CBCCryptorIsDecryptableWithLegacyImplementation(&quot;pubnubenigma&quot;,&quot;random&quot;,&quot;file.jpg&quot;,null)" storage="d:\a\c-sharp\c-sharp\src\unittests\acceptancetests\bin\debug\net6.0\acceptancetests.dll" id="bf64e30a-5c5e-95e0-c813-0cfcc293de1e">
      <Execution id="c5f3fe34-f701-49ad-a76f-1038c480c510" />
      <TestMethod codeBase="D:\a\c-sharp\c-sharp\src\UnitTests\AcceptanceTests\bin\Debug\net6.0\AcceptanceTests.dll" adapterTypeName="executor://nunit3testexecutor/" className="AcceptanceTests.Features.Encryption.CryptoModuleFeature" name="StreamDataEncryptedWithLegacyAES_CBCCryptorIsDecryptableWithLegacyImplementation(&quot;pubnubenigma&quot;,&quot;random&quot;,&quot;file.jpg&quot;,null)" />
    </UnitTest>
    <UnitTest name="SuccessfullyJoinedAFewChannels" storage="d:\a\c-sharp\c-sharp\src\unittests\acceptancetests\bin\debug\net6.0\acceptancetests.dll" id="4a51fa6c-5b4f-6c50-4ded-2a50ec351293">
      <Execution id="e1fc7984-2d19-4340-8472-c885821a23dc" />
      <TestMethod codeBase="D:\a\c-sharp\c-sharp\src\UnitTests\AcceptanceTests\bin\Debug\net6.0\AcceptanceTests.dll" adapterTypeName="executor://nunit3testexecutor/" className="AcceptanceTests.Features.Event_Engine.PresenceEventEngineFeature" name="SuccessfullyJoinedAFewChannels" />
    </UnitTest>
    <UnitTest name="GetAllChannelMetadataWithCustom" storage="d:\a\c-sharp\c-sharp\src\unittests\acceptancetests\bin\debug\net6.0\acceptancetests.dll" id="5271a851-e8d2-c42c-aad6-49024c68a9d5">
      <Execution id="df1ee581-c3d2-4241-85e6-b7e75c201fc0" />
      <TestMethod codeBase="D:\a\c-sharp\c-sharp\src\UnitTests\AcceptanceTests\bin\Debug\net6.0\AcceptanceTests.dll" adapterTypeName="executor://nunit3testexecutor/" className="AcceptanceTests.Features.ObjectsV2ChannelMetadataFeature" name="GetAllChannelMetadataWithCustom" />
    </UnitTest>
    <UnitTest name="AttemptToGrantAnAccessTokenWithARegularExpressionContainingCapturingGroupsAndExpectAServerError" storage="d:\a\c-sharp\c-sharp\src\unittests\acceptancetests\bin\debug\net6.0\acceptancetests.dll" id="0992672a-4884-80d0-5142-7d4a75036ed9">
      <Execution id="1c04883a-9257-41a7-a859-89883043a551" />
      <TestMethod codeBase="D:\a\c-sharp\c-sharp\src\UnitTests\AcceptanceTests\bin\Debug\net6.0\AcceptanceTests.dll" adapterTypeName="executor://nunit3testexecutor/" className="AcceptanceTests.Features.GrantAnAccessTokenFeature" name="AttemptToGrantAnAccessTokenWithARegularExpressionContainingCapturingGroupsAndExpectAServerError" />
    </UnitTest>
    <UnitTest name="GetAUUIDMetadataForId" storage="d:\a\c-sharp\c-sharp\src\unittests\acceptancetests\bin\debug\net6.0\acceptancetests.dll" id="d717777f-cd83-a14f-a06e-85ad7a167630">
      <Execution id="35d8f821-8cd7-49e8-bd6b-a82806991ff5" />
      <TestMethod codeBase="D:\a\c-sharp\c-sharp\src\UnitTests\AcceptanceTests\bin\Debug\net6.0\AcceptanceTests.dll" adapterTypeName="executor://nunit3testexecutor/" className="AcceptanceTests.Features.ObjectsV2UUIDMetadataFeature" name="GetAUUIDMetadataForId" />
    </UnitTest>
    <UnitTest name="GetMembersForAChannel" storage="d:\a\c-sharp\c-sharp\src\unittests\acceptancetests\bin\debug\net6.0\acceptancetests.dll" id="3405a88a-853b-5aa4-dc52-211f74db4a9b">
      <Execution id="ddc62450-694a-4614-8b58-2af95f74dd4b" />
      <TestMethod codeBase="D:\a\c-sharp\c-sharp\src\UnitTests\AcceptanceTests\bin\Debug\net6.0\AcceptanceTests.dll" adapterTypeName="executor://nunit3testexecutor/" className="AcceptanceTests.Features.ObjectsV2MembersFeature" name="GetMembersForAChannel" />
    </UnitTest>
    <UnitTest name="ReceivingFailureRecovery" storage="d:\a\c-sharp\c-sharp\src\unittests\acceptancetests\bin\debug\net6.0\acceptancetests.dll" id="9c112724-e910-9610-f068-0224805f3f30">
      <Execution id="fc3f7e11-6d6e-4b91-91dd-d589ca7d1473" />
      <TestMethod codeBase="D:\a\c-sharp\c-sharp\src\UnitTests\AcceptanceTests\bin\Debug\net6.0\AcceptanceTests.dll" adapterTypeName="executor://nunit3testexecutor/" className="AcceptanceTests.Features.Event_Engine.EventEngineFeature" name="ReceivingFailureRecovery" />
    </UnitTest>
    <UnitTest name="GetAChannelWithCustomMetadata" storage="d:\a\c-sharp\c-sharp\src\unittests\acceptancetests\bin\debug\net6.0\acceptancetests.dll" id="8a1c2bbd-f61b-135c-270f-157e7106103a">
      <Execution id="b35f36ce-0628-4665-b454-4430f708d8b9" />
      <TestMethod codeBase="D:\a\c-sharp\c-sharp\src\UnitTests\AcceptanceTests\bin\Debug\net6.0\AcceptanceTests.dll" adapterTypeName="executor://nunit3testexecutor/" className="AcceptanceTests.Features.ObjectsV2ChannelMetadataFeature" name="GetAChannelWithCustomMetadata" />
    </UnitTest>
    <UnitTest name="CryptorIsAbleToProcessSampleFilesAsBinary(&quot;legacy&quot;,&quot;pubnubenigma&quot;,&quot;constant&quot;,&quot;file-cryptor-legacy-civ.txt&quot;,&quot;file.txt&quot;,null)" storage="d:\a\c-sharp\c-sharp\src\unittests\acceptancetests\bin\debug\net6.0\acceptancetests.dll" id="1680f939-c9a3-3184-e5e6-300d132ea901">
      <Execution id="5b3d488d-f0e8-4f9f-a045-7b4b06058e39" />
      <TestMethod codeBase="D:\a\c-sharp\c-sharp\src\UnitTests\AcceptanceTests\bin\Debug\net6.0\AcceptanceTests.dll" adapterTypeName="executor://nunit3testexecutor/" className="AcceptanceTests.Features.Encryption.CryptoModuleFeature" name="CryptorIsAbleToProcessSampleFilesAsBinary(&quot;legacy&quot;,&quot;pubnubenigma&quot;,&quot;constant&quot;,&quot;file-cryptor-legacy-civ.txt&quot;,&quot;file.txt&quot;,null)" />
    </UnitTest>
    <UnitTest name="GetMembersForVipChatChannelWithCustomAndUUIDWithCustom" storage="d:\a\c-sharp\c-sharp\src\unittests\acceptancetests\bin\debug\net6.0\acceptancetests.dll" id="70fed881-ff3d-cf01-fc50-eec23bec4b15">
      <Execution id="b41fd02e-fc50-4896-863b-010528f504cf" />
      <TestMethod codeBase="D:\a\c-sharp\c-sharp\src\UnitTests\AcceptanceTests\bin\Debug\net6.0\AcceptanceTests.dll" adapterTypeName="executor://nunit3testexecutor/" className="AcceptanceTests.Features.ObjectsV2MembersFeature" name="GetMembersForVipChatChannelWithCustomAndUUIDWithCustom" />
    </UnitTest>
    <UnitTest name="RemoveAUUIDMetadataIdStoredInConfig" storage="d:\a\c-sharp\c-sharp\src\unittests\acceptancetests\bin\debug\net6.0\acceptancetests.dll" id="3a8dac54-e42a-8256-0f95-9b2771dcaeda">
      <Execution id="74c43273-14a4-43c7-9554-d563aaf90e1d" />
      <TestMethod codeBase="D:\a\c-sharp\c-sharp\src\UnitTests\AcceptanceTests\bin\Debug\net6.0\AcceptanceTests.dll" adapterTypeName="executor://nunit3testexecutor/" className="AcceptanceTests.Features.ObjectsV2UUIDMetadataFeature" name="RemoveAUUIDMetadataIdStoredInConfig" />
    </UnitTest>
    <UnitTest name="SetAChannelMetadata" storage="d:\a\c-sharp\c-sharp\src\unittests\acceptancetests\bin\debug\net6.0\acceptancetests.dll" id="947b833a-a96c-d64f-e9e3-0beaa935d4d5">
      <Execution id="44b485d8-0b71-4c15-8b08-6d759efc069d" />
      <TestMethod codeBase="D:\a\c-sharp\c-sharp\src\UnitTests\AcceptanceTests\bin\Debug\net6.0\AcceptanceTests.dll" adapterTypeName="executor://nunit3testexecutor/" className="AcceptanceTests.Features.ObjectsV2ChannelMetadataFeature" name="SetAChannelMetadata" />
    </UnitTest>
    <UnitTest name="DataEncryptedWithLegacyAES_CBCCryptorIsDecryptableWithLegacyImplementation(&quot;pubnubenigma&quot;,&quot;constant&quot;,&quot;file.txt&quot;,null)" storage="d:\a\c-sharp\c-sharp\src\unittests\acceptancetests\bin\debug\net6.0\acceptancetests.dll" id="9ac60b24-db33-73cf-3bc9-bbcf0b66ab81">
      <Execution id="413ef0ae-1b68-45e3-8232-80cf6d0dad91" />
      <TestMethod codeBase="D:\a\c-sharp\c-sharp\src\UnitTests\AcceptanceTests\bin\Debug\net6.0\AcceptanceTests.dll" adapterTypeName="executor://nunit3testexecutor/" className="AcceptanceTests.Features.Encryption.CryptoModuleFeature" name="DataEncryptedWithLegacyAES_CBCCryptorIsDecryptableWithLegacyImplementation(&quot;pubnubenigma&quot;,&quot;constant&quot;,&quot;file.txt&quot;,null)" />
    </UnitTest>
    <UnitTest name="AES_CBCCryptorDataHeaderCanBeProcessed(&quot;pubnubenigma&quot;,&quot;file-legacy-civ.jpg&quot;,&quot;unknown cryptor error&quot;,null)" storage="d:\a\c-sharp\c-sharp\src\unittests\acceptancetests\bin\debug\net6.0\acceptancetests.dll" id="7f798889-8174-9314-5795-cf39887a4d5e">
      <Execution id="f53085e9-5452-4d68-b350-3ec1c4cacae1" />
      <TestMethod codeBase="D:\a\c-sharp\c-sharp\src\UnitTests\AcceptanceTests\bin\Debug\net6.0\AcceptanceTests.dll" adapterTypeName="executor://nunit3testexecutor/" className="AcceptanceTests.Features.Encryption.CryptoModuleFeature" name="AES_CBCCryptorDataHeaderCanBeProcessed(&quot;pubnubenigma&quot;,&quot;file-legacy-civ.jpg&quot;,&quot;unknown cryptor error&quot;,null)" />
    </UnitTest>
    <UnitTest name="CryptorIsAbleToProcessSampleFilesAsStream(&quot;legacy&quot;,&quot;pubnubenigma&quot;,&quot;random&quot;,&quot;file-legacy-riv.jpg&quot;,&quot;file.jpg&quot;,null)" storage="d:\a\c-sharp\c-sharp\src\unittests\acceptancetests\bin\debug\net6.0\acceptancetests.dll" id="3b96f760-7a4a-da94-3ca5-8f27e0604482">
      <Execution id="f90db20d-6b78-4a87-8ff0-17dcba05a4f1" />
      <TestMethod codeBase="D:\a\c-sharp\c-sharp\src\UnitTests\AcceptanceTests\bin\Debug\net6.0\AcceptanceTests.dll" adapterTypeName="executor://nunit3testexecutor/" className="AcceptanceTests.Features.Encryption.CryptoModuleFeature" name="CryptorIsAbleToProcessSampleFilesAsStream(&quot;legacy&quot;,&quot;pubnubenigma&quot;,&quot;random&quot;,&quot;file-legacy-riv.jpg&quot;,&quot;file.jpg&quot;,null)" />
    </UnitTest>
    <UnitTest name="SetMemberForAChannel" storage="d:\a\c-sharp\c-sharp\src\unittests\acceptancetests\bin\debug\net6.0\acceptancetests.dll" id="ed5af684-441e-e3d8-3bf2-a26f2fd3f117">
      <Execution id="9b3578c0-f9fd-4ecc-a9bf-53e07ca54a63" />
      <TestMethod codeBase="D:\a\c-sharp\c-sharp\src\UnitTests\AcceptanceTests\bin\Debug\net6.0\AcceptanceTests.dll" adapterTypeName="executor://nunit3testexecutor/" className="AcceptanceTests.Features.ObjectsV2MembersFeature" name="SetMemberForAChannel" />
    </UnitTest>
    <UnitTest name="StreamDataEncryptedWithLegacyAES_CBCCryptorIsDecryptableWithLegacyImplementation(&quot;pubnubenigma&quot;,&quot;random&quot;,&quot;file.txt&quot;,null)" storage="d:\a\c-sharp\c-sharp\src\unittests\acceptancetests\bin\debug\net6.0\acceptancetests.dll" id="ea054fa2-926d-1779-cc57-db94ba1a4d6a">
      <Execution id="0b4428eb-75e9-4ce3-ab29-d0cc284319c7" />
      <TestMethod codeBase="D:\a\c-sharp\c-sharp\src\UnitTests\AcceptanceTests\bin\Debug\net6.0\AcceptanceTests.dll" adapterTypeName="executor://nunit3testexecutor/" className="AcceptanceTests.Features.Encryption.CryptoModuleFeature" name="StreamDataEncryptedWithLegacyAES_CBCCryptorIsDecryptableWithLegacyImplementation(&quot;pubnubenigma&quot;,&quot;random&quot;,&quot;file.txt&quot;,null)" />
    </UnitTest>
    <UnitTest name="EmptyStreamDataDecryptionShouldFail(&quot;acrh&quot;,&quot;pubnubenigma&quot;,&quot;-&quot;,&quot;empty-file-cryptor-v1-acrh.txt&quot;,null)" storage="d:\a\c-sharp\c-sharp\src\unittests\acceptancetests\bin\debug\net6.0\acceptancetests.dll" id="21d875cb-d7ef-e04a-3cc4-907443abf187">
      <Execution id="98f2c8e2-e478-4b33-8f8c-2435dbcdb762" />
      <TestMethod codeBase="D:\a\c-sharp\c-sharp\src\UnitTests\AcceptanceTests\bin\Debug\net6.0\AcceptanceTests.dll" adapterTypeName="executor://nunit3testexecutor/" className="AcceptanceTests.Features.Encryption.CryptoModuleFeature" name="EmptyStreamDataDecryptionShouldFail(&quot;acrh&quot;,&quot;pubnubenigma&quot;,&quot;-&quot;,&quot;empty-file-cryptor-v1-acrh.txt&quot;,null)" />
    </UnitTest>
  </TestDefinitions>
  <TestEntries>
    <TestEntry testId="9d9c0b4d-df8d-d917-f4fe-624101bd0d52" executionId="f16a0963-ed0c-4016-a919-a79ad99e92e6" testListId="8c84fa94-04c1-424b-9868-57a2d4851a1d" />
    <TestEntry testId="040fb33d-7655-40ce-1cff-6bcf94c5cc47" executionId="4cb05d88-26a0-42c5-9648-a343fc497199" testListId="8c84fa94-04c1-424b-9868-57a2d4851a1d" />
    <TestEntry testId="7f798889-8174-9314-5795-cf39887a4d5e" executionId="f53085e9-5452-4d68-b350-3ec1c4cacae1" testListId="8c84fa94-04c1-424b-9868-57a2d4851a1d" />
    <TestEntry testId="cddd27ac-7387-0391-36be-b1b706556ac6" executionId="51cb9ec9-b516-4d13-8ed4-0fab1aff463a" testListId="8c84fa94-04c1-424b-9868-57a2d4851a1d" />
    <TestEntry testId="984e3d49-4d22-c80b-52c3-19191f62fda7" executionId="39166cde-3768-44c6-b822-de051f43cf1b" testListId="8c84fa94-04c1-424b-9868-57a2d4851a1d" />
    <TestEntry testId="238d7046-3682-e357-765d-2a21c813602e" executionId="bd580782-b1e9-41b9-aee8-87bd754d1489" testListId="8c84fa94-04c1-424b-9868-57a2d4851a1d" />
    <TestEntry testId="68a689f7-c4a6-51dd-490d-8e5b965feb8a" executionId="2a01b371-53de-42a5-b822-bf11767090b0" testListId="8c84fa94-04c1-424b-9868-57a2d4851a1d" />
    <TestEntry testId="b811bc2b-ac6c-1eab-5504-b3af1ec9a805" executionId="a6607a59-6abb-4099-bb92-e746ed5a52e8" testListId="8c84fa94-04c1-424b-9868-57a2d4851a1d" />
    <TestEntry testId="70fed881-ff3d-cf01-fc50-eec23bec4b15" executionId="b41fd02e-fc50-4896-863b-010528f504cf" testListId="8c84fa94-04c1-424b-9868-57a2d4851a1d" />
    <TestEntry testId="046e940e-ed7b-e2be-b9c9-fa82caaefa8a" executionId="4718cbc6-9c51-4f7d-bc48-388e7d4670d7" testListId="8c84fa94-04c1-424b-9868-57a2d4851a1d" />
    <TestEntry testId="13df4a31-1d93-7796-89f0-9bafbf62cf1d" executionId="259b0f18-e4f8-42bd-892e-f8e561d11b85" testListId="8c84fa94-04c1-424b-9868-57a2d4851a1d" />
    <TestEntry testId="bf64e30a-5c5e-95e0-c813-0cfcc293de1e" executionId="c5f3fe34-f701-49ad-a76f-1038c480c510" testListId="8c84fa94-04c1-424b-9868-57a2d4851a1d" />
    <TestEntry testId="aea0c1c8-e4f2-b00c-e2e5-3958a9100776" executionId="c50fa6ac-85c0-4496-b10b-0a83a6dda374" testListId="8c84fa94-04c1-424b-9868-57a2d4851a1d" />
    <TestEntry testId="5271a851-e8d2-c42c-aad6-49024c68a9d5" executionId="df1ee581-c3d2-4241-85e6-b7e75c201fc0" testListId="8c84fa94-04c1-424b-9868-57a2d4851a1d" />
    <TestEntry testId="2f407184-5438-edfb-bd06-dac05bac3790" executionId="a35ed6c6-3379-4e16-8d5d-4191ee4c8acd" testListId="8c84fa94-04c1-424b-9868-57a2d4851a1d" />
    <TestEntry testId="785e20b7-0681-3d5e-8c02-431a4435768d" executionId="65e44366-a100-42e7-9504-58202bc2828e" testListId="8c84fa94-04c1-424b-9868-57a2d4851a1d" />
    <TestEntry testId="9ac60b24-db33-73cf-3bc9-bbcf0b66ab81" executionId="413ef0ae-1b68-45e3-8232-80cf6d0dad91" testListId="8c84fa94-04c1-424b-9868-57a2d4851a1d" />
    <TestEntry testId="6af2fe2f-9fc6-6af1-e346-da11b3a31319" executionId="f8679bbb-f4ee-42f1-a7e6-a36c94740563" testListId="8c84fa94-04c1-424b-9868-57a2d4851a1d" />
    <TestEntry testId="3b96f760-7a4a-da94-3ca5-8f27e0604482" executionId="f90db20d-6b78-4a87-8ff0-17dcba05a4f1" testListId="8c84fa94-04c1-424b-9868-57a2d4851a1d" />
    <TestEntry testId="02e294ba-02db-f21e-dc59-8e7c9444841f" executionId="e775e5b6-4ae7-4e95-8999-0446ed491b0c" testListId="8c84fa94-04c1-424b-9868-57a2d4851a1d" />
    <TestEntry testId="1680f939-c9a3-3184-e5e6-300d132ea901" executionId="5b3d488d-f0e8-4f9f-a045-7b4b06058e39" testListId="8c84fa94-04c1-424b-9868-57a2d4851a1d" />
    <TestEntry testId="4f543121-4b4c-bb28-bba2-a9b2ac9eaaeb" executionId="0903c255-6883-43d3-8658-f5ec07fb89b5" testListId="8c84fa94-04c1-424b-9868-57a2d4851a1d" />
    <TestEntry testId="07a0b332-7585-5132-2931-ba67f585bbfd" executionId="86ce1556-bd12-424a-895b-7e54a2d45d77" testListId="8c84fa94-04c1-424b-9868-57a2d4851a1d" />
    <TestEntry testId="7acf7525-aaca-a5f2-7032-491d9caf1cf8" executionId="2a6dee57-f309-40b7-a5c0-f3164cf2ddc2" testListId="8c84fa94-04c1-424b-9868-57a2d4851a1d" />
    <TestEntry testId="1500c2f1-f56e-3f8a-4b9e-769b5f983879" executionId="dfb7a216-3ef8-4f48-b109-f7de8933073d" testListId="8c84fa94-04c1-424b-9868-57a2d4851a1d" />
    <TestEntry testId="e310fc10-3907-7ad0-6cbe-cc9e48d5e1fa" executionId="77f76334-a445-4487-8508-581898b09382" testListId="8c84fa94-04c1-424b-9868-57a2d4851a1d" />
    <TestEntry testId="4dab3f58-f834-dddd-fa3d-a0f55f715d14" executionId="a9f85855-af3c-47cc-8218-6a76a695e2f0" testListId="8c84fa94-04c1-424b-9868-57a2d4851a1d" />
    <TestEntry testId="96ff7052-903d-d61a-0cb2-cdee63831172" executionId="7b09c991-61af-4818-b8cd-710fae6733e8" testListId="8c84fa94-04c1-424b-9868-57a2d4851a1d" />
    <TestEntry testId="85374129-b31e-6699-e3e3-35edfbf2f310" executionId="d5860f40-8d6e-4641-a5d6-bec379d90da6" testListId="8c84fa94-04c1-424b-9868-57a2d4851a1d" />
    <TestEntry testId="60e5b02d-603e-8172-2213-6ea7fd0250af" executionId="16cf0794-6fab-431c-b20a-f1e221141fb8" testListId="8c84fa94-04c1-424b-9868-57a2d4851a1d" />
    <TestEntry testId="f6a7a690-af73-fab8-0ebf-059ccdbb5495" executionId="011e011c-23a6-4700-83aa-8158ab2f9fe8" testListId="8c84fa94-04c1-424b-9868-57a2d4851a1d" />
    <TestEntry testId="d717777f-cd83-a14f-a06e-85ad7a167630" executionId="35d8f821-8cd7-49e8-bd6b-a82806991ff5" testListId="8c84fa94-04c1-424b-9868-57a2d4851a1d" />
    <TestEntry testId="d533b002-ecc8-a6e4-0a55-5406f8886899" executionId="67099936-0228-474e-a240-d8310efc74f9" testListId="8c84fa94-04c1-424b-9868-57a2d4851a1d" />
    <TestEntry testId="17537441-5c46-b29c-7a15-7f733fa6a240" executionId="2e2e2473-a898-41ca-ba0e-e076bcd04a34" testListId="8c84fa94-04c1-424b-9868-57a2d4851a1d" />
    <TestEntry testId="f8d35157-2900-b4b5-1a17-900588c884a9" executionId="6754324f-44cc-40fe-bb68-211a959cef16" testListId="8c84fa94-04c1-424b-9868-57a2d4851a1d" />
    <TestEntry testId="2c1e01dd-81d9-12dc-ec1f-005830932e89" executionId="885c4e80-c197-4195-9620-b98f4288150e" testListId="8c84fa94-04c1-424b-9868-57a2d4851a1d" />
    <TestEntry testId="0992672a-4884-80d0-5142-7d4a75036ed9" executionId="1c04883a-9257-41a7-a859-89883043a551" testListId="8c84fa94-04c1-424b-9868-57a2d4851a1d" />
    <TestEntry testId="96d493fa-312d-9ae2-5c5a-5d6187729524" executionId="8f8fc1a9-670b-4509-a358-957e54578097" testListId="8c84fa94-04c1-424b-9868-57a2d4851a1d" />
    <TestEntry testId="23b61850-f73c-f5eb-17ca-9aaba5f44c54" executionId="d2cf83be-b644-4204-8ddb-814700fb6975" testListId="8c84fa94-04c1-424b-9868-57a2d4851a1d" />
    <TestEntry testId="19c50b46-2552-1ee8-9a15-6db5bb83fc13" executionId="5376b533-28a8-4c30-b90e-040947f6c95f" testListId="8c84fa94-04c1-424b-9868-57a2d4851a1d" />
    <TestEntry testId="ba48247e-b680-05e2-ec8e-cd712552a6ee" executionId="da95e84e-a4ea-4bf0-b8fc-ced73db7c257" testListId="8c84fa94-04c1-424b-9868-57a2d4851a1d" />
    <TestEntry testId="5e071152-ee43-67c0-dc5d-67a966171b99" executionId="06986f3d-5d21-4ead-8e35-cfa02b235e20" testListId="8c84fa94-04c1-424b-9868-57a2d4851a1d" />
    <TestEntry testId="19276ea0-e69e-d8c1-5f86-fbe82fc4defb" executionId="390d7d08-06f8-4cfd-83fd-197dc45be907" testListId="8c84fa94-04c1-424b-9868-57a2d4851a1d" />
    <TestEntry testId="f753e1e9-3215-7499-f9d3-03db6fd8fec6" executionId="b01ac940-afe0-432c-928b-4ca11da5ba67" testListId="8c84fa94-04c1-424b-9868-57a2d4851a1d" />
    <TestEntry testId="984e3d49-4d22-c80b-52c3-19191f62fda7" executionId="d3999c19-2cab-42a2-a1e3-f5bfe45e59b1" testListId="8c84fa94-04c1-424b-9868-57a2d4851a1d" />
    <TestEntry testId="ed3513bd-2d36-bad0-70c5-813865e78b06" executionId="24513e8b-225d-442a-8ace-c02e9ffd6af2" testListId="8c84fa94-04c1-424b-9868-57a2d4851a1d" />
    <TestEntry testId="e592298e-a7bd-5e8f-cbb1-f5ba33b2dce9" executionId="39bba048-028f-498d-a7eb-747c53656d1f" testListId="8c84fa94-04c1-424b-9868-57a2d4851a1d" />
    <TestEntry testId="ed5af684-441e-e3d8-3bf2-a26f2fd3f117" executionId="9b3578c0-f9fd-4ecc-a9bf-53e07ca54a63" testListId="8c84fa94-04c1-424b-9868-57a2d4851a1d" />
    <TestEntry testId="4f5e4dcd-026e-dbea-14fe-5aa5192c38da" executionId="7e451d04-c3d2-46e9-ac0c-75889645d13c" testListId="8c84fa94-04c1-424b-9868-57a2d4851a1d" />
    <TestEntry testId="be80e17e-abe8-75e0-46d0-fbe19949d37d" executionId="99305398-0b50-403d-9689-edce048f8cbd" testListId="8c84fa94-04c1-424b-9868-57a2d4851a1d" />
    <TestEntry testId="ea054fa2-926d-1779-cc57-db94ba1a4d6a" executionId="0b4428eb-75e9-4ce3-ab29-d0cc284319c7" testListId="8c84fa94-04c1-424b-9868-57a2d4851a1d" />
    <TestEntry testId="219f8da3-cc63-e002-72df-e2f549e52967" executionId="770abcb4-2739-4d3d-82b3-7954f84ec5c3" testListId="8c84fa94-04c1-424b-9868-57a2d4851a1d" />
    <TestEntry testId="798a8e71-c3a5-952d-b167-1f516fd90da6" executionId="adacc761-7565-4d98-8a1a-27985efbfb82" testListId="8c84fa94-04c1-424b-9868-57a2d4851a1d" />
    <TestEntry testId="3405a88a-853b-5aa4-dc52-211f74db4a9b" executionId="ddc62450-694a-4614-8b58-2af95f74dd4b" testListId="8c84fa94-04c1-424b-9868-57a2d4851a1d" />
    <TestEntry testId="63f82b54-f147-1707-8ae8-1f771750a4c8" executionId="da1ac753-90dc-4826-92ca-6c23c41cbaeb" testListId="8c84fa94-04c1-424b-9868-57a2d4851a1d" />
    <TestEntry testId="3a8dac54-e42a-8256-0f95-9b2771dcaeda" executionId="74c43273-14a4-43c7-9554-d563aaf90e1d" testListId="8c84fa94-04c1-424b-9868-57a2d4851a1d" />
    <TestEntry testId="bc8c5e9c-4b5f-8534-047c-bc0ab7c6f555" executionId="42945688-0e03-4509-843f-ee241640f468" testListId="8c84fa94-04c1-424b-9868-57a2d4851a1d" />
    <TestEntry testId="d871c596-d51c-32a3-d78a-f9b6ed7868a8" executionId="130dfc9d-537d-4766-83aa-ad40195ebd5a" testListId="8c84fa94-04c1-424b-9868-57a2d4851a1d" />
    <TestEntry testId="524c1966-6494-a6c3-e952-972895ca93c8" executionId="0a170e78-e992-4073-8b45-1c7423939961" testListId="8c84fa94-04c1-424b-9868-57a2d4851a1d" />
    <TestEntry testId="be8b1c28-897b-72b1-79de-44eed3d3394f" executionId="92f6d357-0392-4077-bd91-f27d950faec9" testListId="8c84fa94-04c1-424b-9868-57a2d4851a1d" />
    <TestEntry testId="ee450aac-5f02-8238-a55d-792600e33298" executionId="0dc6b507-3fcf-445a-b9db-fb71362fcb16" testListId="8c84fa94-04c1-424b-9868-57a2d4851a1d" />
    <TestEntry testId="9bb7c02e-b85a-d370-6cfc-0ac356d6be53" executionId="d5758171-bb1c-4433-88f5-71ca0be3f980" testListId="8c84fa94-04c1-424b-9868-57a2d4851a1d" />
    <TestEntry testId="fb67481e-37a3-f171-7a64-13ebf12d3989" executionId="4f58e5ce-91a0-447c-9d8b-fa32a57536cf" testListId="8c84fa94-04c1-424b-9868-57a2d4851a1d" />
    <TestEntry testId="2c1e01dd-81d9-12dc-ec1f-005830932e89" executionId="bcb1ef04-d9e0-436e-a5a2-73421fa43a83" testListId="8c84fa94-04c1-424b-9868-57a2d4851a1d" />
    <TestEntry testId="9d2b950d-d4be-de51-1cfb-07073f6d6e13" executionId="ce8be11b-cb0e-4045-b8a0-0f301dd5ea8f" testListId="8c84fa94-04c1-424b-9868-57a2d4851a1d" />
    <TestEntry testId="84e090d8-441a-8861-c4e5-70620525fefd" executionId="a0ad05ef-ffc1-40fb-ab17-be552bf3478a" testListId="8c84fa94-04c1-424b-9868-57a2d4851a1d" />
    <TestEntry testId="4abae91a-e1c2-11c6-c78e-4c0a98abeb41" executionId="12bfea05-0557-4aac-919b-650cf2b0fe83" testListId="8c84fa94-04c1-424b-9868-57a2d4851a1d" />
    <TestEntry testId="0153fbb0-e5a5-84d4-df77-b92e47c48a9b" executionId="74ebe14c-eb63-4c30-8823-9b755804eda1" testListId="8c84fa94-04c1-424b-9868-57a2d4851a1d" />
    <TestEntry testId="1d07225f-97f1-fdcb-e603-fea46f8b9792" executionId="9bf19cc5-01c7-42ef-8093-063333ecf951" testListId="8c84fa94-04c1-424b-9868-57a2d4851a1d" />
    <TestEntry testId="42ca667a-a020-f899-567b-164563a5f68c" executionId="1d59923a-dfb7-483f-906f-0bce4bef3298" testListId="8c84fa94-04c1-424b-9868-57a2d4851a1d" />
    <TestEntry testId="78605226-9a65-4701-5dbe-74fd1152b767" executionId="6f1fa50f-0bf1-4c9e-8fc3-c65848b6c385" testListId="8c84fa94-04c1-424b-9868-57a2d4851a1d" />
    <TestEntry testId="5a108f95-d949-be1c-ba70-794e5a89cb2c" executionId="4ad123f2-0556-4d2d-a5d1-b153c966bfcd" testListId="8c84fa94-04c1-424b-9868-57a2d4851a1d" />
    <TestEntry testId="e079e022-b7dd-5746-ddcb-acbf542a744e" executionId="e3f85f62-763a-4b8f-9b12-99f91e0eeddb" testListId="8c84fa94-04c1-424b-9868-57a2d4851a1d" />
    <TestEntry testId="4a51fa6c-5b4f-6c50-4ded-2a50ec351293" executionId="e1fc7984-2d19-4340-8472-c885821a23dc" testListId="8c84fa94-04c1-424b-9868-57a2d4851a1d" />
    <TestEntry testId="86189ae4-95f9-30e4-f4c6-bfa1b9898a62" executionId="c4274409-16ff-4962-9d6a-fb49dabdf51a" testListId="8c84fa94-04c1-424b-9868-57a2d4851a1d" />
    <TestEntry testId="f114629c-3c3b-e71d-e1df-1b4312712d85" executionId="99023687-928f-47d6-a2de-dcd7d361a821" testListId="8c84fa94-04c1-424b-9868-57a2d4851a1d" />
    <TestEntry testId="446be40b-3f39-dc72-f797-9a3aa2aac484" executionId="2ec62550-c4fd-4ca8-a715-a4533bcb5099" testListId="8c84fa94-04c1-424b-9868-57a2d4851a1d" />
    <TestEntry testId="50604149-da7b-7eb8-2563-57d2dd368452" executionId="a009c2ce-a4e0-4816-b5bf-243896b0f82b" testListId="8c84fa94-04c1-424b-9868-57a2d4851a1d" />
    <TestEntry testId="bee75210-e3b0-c570-b8a4-c27baac780a1" executionId="ffd2963c-8bd8-412f-9bb0-b2bad60babad" testListId="8c84fa94-04c1-424b-9868-57a2d4851a1d" />
    <TestEntry testId="c824fd41-84e4-6d43-8411-04262c295a77" executionId="4771f2f2-4b31-4dab-8b71-02a82c5b76f9" testListId="8c84fa94-04c1-424b-9868-57a2d4851a1d" />
    <TestEntry testId="0c1a37b6-b16e-3d65-7b38-756d59a051b1" executionId="450edc7e-98af-47a5-8d59-7063ca8459a8" testListId="8c84fa94-04c1-424b-9868-57a2d4851a1d" />
    <TestEntry testId="78a2948f-1e6f-bc34-da6a-7718af2fe45b" executionId="7e3820e3-037e-40f6-97c1-34578f09be38" testListId="8c84fa94-04c1-424b-9868-57a2d4851a1d" />
    <TestEntry testId="d5ad5871-c66b-34c9-1371-544f7c37d8f6" executionId="374c4962-e8c5-4843-bcb6-0d2f7b33b073" testListId="8c84fa94-04c1-424b-9868-57a2d4851a1d" />
    <TestEntry testId="21d875cb-d7ef-e04a-3cc4-907443abf187" executionId="98f2c8e2-e478-4b33-8f8c-2435dbcdb762" testListId="8c84fa94-04c1-424b-9868-57a2d4851a1d" />
    <TestEntry testId="bc7a74bf-9a5b-2257-fa8b-50752bdbf702" executionId="313c549e-fe3f-4944-8c94-ef21258f928f" testListId="8c84fa94-04c1-424b-9868-57a2d4851a1d" />
    <TestEntry testId="9e948d14-1697-7020-7d46-e7d0ab1a839a" executionId="66f554ec-a200-4f8a-b4b9-5cb760742078" testListId="8c84fa94-04c1-424b-9868-57a2d4851a1d" />
    <TestEntry testId="4401ff2d-c38b-51a8-f6b5-791f859c7098" executionId="1a3e8943-0d68-4bc7-9046-b29ff1054ed4" testListId="8c84fa94-04c1-424b-9868-57a2d4851a1d" />
    <TestEntry testId="71353074-59f3-561d-2fde-c864cf9dfcb6" executionId="8905c9af-dec6-4846-8cce-b1b30ba44695" testListId="8c84fa94-04c1-424b-9868-57a2d4851a1d" />
    <TestEntry testId="10a87c1f-7e7a-0e53-402e-aefcc00a21da" executionId="fafa0956-b558-4a11-8d9e-355df8dcd21c" testListId="8c84fa94-04c1-424b-9868-57a2d4851a1d" />
    <TestEntry testId="02189687-8985-6806-f35e-66f7f45f4e75" executionId="65076290-4b67-470b-9021-a0bc99c047a2" testListId="8c84fa94-04c1-424b-9868-57a2d4851a1d" />
    <TestEntry testId="9c112724-e910-9610-f068-0224805f3f30" executionId="fc3f7e11-6d6e-4b91-91dd-d589ca7d1473" testListId="8c84fa94-04c1-424b-9868-57a2d4851a1d" />
    <TestEntry testId="5ef88e91-8d77-e81e-f266-0337c81fc15e" executionId="05f5a77f-7827-47dd-b6ad-684b03f15e4e" testListId="8c84fa94-04c1-424b-9868-57a2d4851a1d" />
    <TestEntry testId="4105838b-ea26-8a2c-f1e6-5dcc3df6f41b" executionId="93c9ba86-2a5f-42bf-9de2-dc70c61a43a7" testListId="8c84fa94-04c1-424b-9868-57a2d4851a1d" />
    <TestEntry testId="1f73b5a1-d21f-1feb-a5dc-31aa30bfbe2c" executionId="aca6ba7e-6846-479b-8d5c-13dd595e9a2d" testListId="8c84fa94-04c1-424b-9868-57a2d4851a1d" />
    <TestEntry testId="8a1c2bbd-f61b-135c-270f-157e7106103a" executionId="b35f36ce-0628-4665-b454-4430f708d8b9" testListId="8c84fa94-04c1-424b-9868-57a2d4851a1d" />
    <TestEntry testId="b2c9c319-05d3-858f-ecdb-c785279a33e5" executionId="6db0ac0d-6d4e-40c0-ab20-6c494538ac7c" testListId="8c84fa94-04c1-424b-9868-57a2d4851a1d" />
    <TestEntry testId="947b833a-a96c-d64f-e9e3-0beaa935d4d5" executionId="44b485d8-0b71-4c15-8b08-6d759efc069d" testListId="8c84fa94-04c1-424b-9868-57a2d4851a1d" />
    <TestEntry testId="31dac960-539b-5857-5a33-455fe8d5a38f" executionId="0a340c76-4f0d-4797-9d34-80139bdf6068" testListId="8c84fa94-04c1-424b-9868-57a2d4851a1d" />
    <TestEntry testId="0f851786-a6db-a75b-11ec-b9549b68d0b8" executionId="f5afaf20-c7e1-49cf-b3c3-fcbb15475a9d" testListId="8c84fa94-04c1-424b-9868-57a2d4851a1d" />
  </TestEntries>
  <TestLists>
    <TestList name="Results Not in a List" id="8c84fa94-04c1-424b-9868-57a2d4851a1d" />
    <TestList name="All Loaded Results" id="19431567-8539-422a-85d7-44ee4e166bda" />
  </TestLists>
  <ResultSummary outcome="Completed">
    <Counters total="99" executed="99" passed="99" failed="0" error="0" timeout="0" aborted="0" inconclusive="0" passedButRunAborted="0" notRunnable="0" notExecuted="0" disconnected="0" warning="0" completed="0" inProgress="0" pending="0" />
    <Output>
      <StdOut>NUnit Adapter 4.4.0.0: Test execution started&#xD;
Running all tests in D:\a\c-sharp\c-sharp\src\UnitTests\AcceptanceTests\bin\Debug\net6.0\AcceptanceTests.dll&#xD;
   NUnit3TestExecutor discovered 99 of 99 NUnit test cases using Current Discovery mode, Non-Explicit run&#xD;
NUnit Adapter 4.4.0.0: Test execution complete&#xD;
</StdOut>
    </Output>
    <RunInfos>
      <RunInfo computerName="fv-az1213-974" outcome="Warning" timestamp="2024-04-18T12:15:01.6978217+00:00">
        <Text>Given Crypto module with 'acrh' cryptor&#xD;
-&gt; done: CryptoModuleSteps.GivenCryptoModuleWithCryptor("acrh") (0.0s)&#xD;
* with 'pubnubenigma' cipher key&#xD;
-&gt; done: CryptoModuleSteps.GivenWithCipherKey("pubnubenigma") (0.0s)&#xD;
When I decrypt 'file-legacy-civ.jpg' file&#xD;
-&gt; done: CryptoModuleSteps.WhenIDecryptFile("file-legacy-civ.jpg") (0.0s)&#xD;
Then I receive 'unknown cryptor error'&#xD;
-&gt; done: CryptoModuleSteps.ThenIReceive("unknown cryptor e...") (0.0s)&#xD;
</Text>
      </RunInfo>
      <RunInfo computerName="fv-az1213-974" outcome="Warning" timestamp="2024-04-18T12:15:01.7022300+00:00">
        <Text>Given Crypto module with 'acrh' cryptor&#xD;
-&gt; done: CryptoModuleSteps.GivenCryptoModuleWithCryptor("acrh") (0.0s)&#xD;
* with 'pubnubenigma' cipher key&#xD;
-&gt; done: CryptoModuleSteps.GivenWithCipherKey("pubnubenigma") (0.0s)&#xD;
When I decrypt 'file-cryptor-no-version.txt' file&#xD;
-&gt; done: CryptoModuleSteps.WhenIDecryptFile("file-cryptor-no-v...") (0.0s)&#xD;
Then I receive 'decryption error'&#xD;
-&gt; done: CryptoModuleSteps.ThenIReceive("decryption error") (0.0s)&#xD;
</Text>
      </RunInfo>
      <RunInfo computerName="fv-az1213-974" outcome="Warning" timestamp="2024-04-18T12:15:01.7026729+00:00">
        <Text>Given Crypto module with 'acrh' cryptor&#xD;
-&gt; done: CryptoModuleSteps.GivenCryptoModuleWithCryptor("acrh") (0.0s)&#xD;
* with 'pubnubenigma' cipher key&#xD;
-&gt; done: CryptoModuleSteps.GivenWithCipherKey("pubnubenigma") (0.0s)&#xD;
When I decrypt 'file-cryptor-unknown-acrh.jpg' file&#xD;
-&gt; done: CryptoModuleSteps.WhenIDecryptFile("file-cryptor-unkn...") (0.0s)&#xD;
Then I receive 'unknown cryptor error'&#xD;
-&gt; done: CryptoModuleSteps.ThenIReceive("unknown cryptor e...") (0.0s)&#xD;
</Text>
      </RunInfo>
      <RunInfo computerName="fv-az1213-974" outcome="Warning" timestamp="2024-04-18T12:15:01.7030809+00:00">
        <Text>Given Crypto module with 'acrh' cryptor&#xD;
-&gt; done: CryptoModuleSteps.GivenCryptoModuleWithCryptor("acrh") (0.0s)&#xD;
* with 'pubnubenigma' cipher key&#xD;
-&gt; done: CryptoModuleSteps.GivenWithCipherKey("pubnubenigma") (0.0s)&#xD;
When I decrypt 'file-cryptor-v1-short.txt' file&#xD;
-&gt; done: CryptoModuleSteps.WhenIDecryptFile("file-cryptor-v1-s...") (0.0s)&#xD;
Then I receive 'decryption error'&#xD;
-&gt; done: CryptoModuleSteps.ThenIReceive("decryption error") (0.0s)&#xD;
</Text>
      </RunInfo>
      <RunInfo computerName="fv-az1213-974" outcome="Warning" timestamp="2024-04-18T12:15:01.7067905+00:00">
        <Text>Given Crypto module with 'acrh' cryptor&#xD;
-&gt; done: CryptoModuleSteps.GivenCryptoModuleWithCryptor("acrh") (0.0s)&#xD;
* with 'pubnubenigma' cipher key&#xD;
-&gt; done: CryptoModuleSteps.GivenWithCipherKey("pubnubenigma") (0.0s)&#xD;
When I decrypt 'file-cryptor-v1-unknown.txt' file&#xD;
-&gt; done: CryptoModuleSteps.WhenIDecryptFile("file-cryptor-v1-u...") (0.0s)&#xD;
Then I receive 'unknown cryptor error'&#xD;
-&gt; done: CryptoModuleSteps.ThenIReceive("unknown cryptor e...") (0.0s)&#xD;
</Text>
      </RunInfo>
      <RunInfo computerName="fv-az1213-974" outcome="Warning" timestamp="2024-04-18T12:15:01.7106992+00:00">
        <Text>Given Crypto module with 'acrh' cryptor&#xD;
-&gt; done: CryptoModuleSteps.GivenCryptoModuleWithCryptor("acrh") (0.0s)&#xD;
* with 'pubnubenigma' cipher key&#xD;
-&gt; done: CryptoModuleSteps.GivenWithCipherKey("pubnubenigma") (0.0s)&#xD;
When I decrypt 'empty-file-cryptor-v1-acrh.txt' file&#xD;
-&gt; done: CryptoModuleSteps.WhenIDecryptFile("empty-file-crypto...") (0.0s)&#xD;
Then I receive 'decryption error'&#xD;
-&gt; done: CryptoModuleSteps.ThenIReceive("decryption error") (0.0s)&#xD;
</Text>
      </RunInfo>
      <RunInfo computerName="fv-az1213-974" outcome="Warning" timestamp="2024-04-18T12:15:01.7180502+00:00">
        <Text>Given Crypto module with 'acrh' cryptor&#xD;
-&gt; done: CryptoModuleSteps.GivenCryptoModuleWithCryptor("acrh") (0.0s)&#xD;
* with 'pubnubenigma' cipher key&#xD;
-&gt; done: CryptoModuleSteps.GivenWithCipherKey("pubnubenigma") (0.0s)&#xD;
When I decrypt 'file-cryptor-v1-acrh.jpg' file&#xD;
-&gt; done: CryptoModuleSteps.WhenIDecryptFile("file-cryptor-v1-a...") (0.0s)&#xD;
Then I receive 'success'&#xD;
-&gt; done: CryptoModuleSteps.ThenIReceive("success") (0.0s)&#xD;
</Text>
      </RunInfo>
      <RunInfo computerName="fv-az1213-974" outcome="Warning" timestamp="2024-04-18T12:15:01.7290663+00:00">
        <Text>Given Crypto module with default 'legacy' and additional 'acrh' cryptors&#xD;
-&gt; done: CryptoModuleSteps.GivenCryptoModuleWithDefaultAndAdditionalCryptors("legacy", "acrh") (0.0s)&#xD;
* with 'pubnubenigma' cipher key&#xD;
-&gt; done: CryptoModuleSteps.GivenWithCipherKey("pubnubenigma") (0.0s)&#xD;
* with 'constant' vector&#xD;
-&gt; done: CryptoModuleSteps.GivenWithVector("constant") (0.0s)&#xD;
When I decrypt 'file-cryptor-legacy-civ.jpg' file as 'binary'&#xD;
-&gt; done: CryptoModuleSteps.WhenIDecryptFileAs("file-cryptor-lega...", "binary") (0.0s)&#xD;
Then Decrypted file content equal to the 'file.jpg' file content&#xD;
-&gt; done: CryptoModuleSteps.ThenDecryptedFileContentEqualToTheFileContent("file.jpg") (0.0s)&#xD;
</Text>
      </RunInfo>
      <RunInfo computerName="fv-az1213-974" outcome="Warning" timestamp="2024-04-18T12:15:01.7356912+00:00">
        <Text>Given Crypto module with default 'acrh' and additional 'legacy' cryptors&#xD;
-&gt; done: CryptoModuleSteps.GivenCryptoModuleWithDefaultAndAdditionalCryptors("acrh", "legacy") (0.0s)&#xD;
* with 'pubnubenigma' cipher key&#xD;
-&gt; done: CryptoModuleSteps.GivenWithCipherKey("pubnubenigma") (0.0s)&#xD;
* with 'random' vector&#xD;
-&gt; done: CryptoModuleSteps.GivenWithVector("random") (0.0s)&#xD;
When I decrypt 'file-legacy-riv.jpg' file as 'binary'&#xD;
-&gt; done: CryptoModuleSteps.WhenIDecryptFileAs("file-legacy-riv.jpg", "binary") (0.0s)&#xD;
Then Decrypted file content equal to the 'file.jpg' file content&#xD;
-&gt; done: CryptoModuleSteps.ThenDecryptedFileContentEqualToTheFileContent("file.jpg") (0.0s)&#xD;
</Text>
      </RunInfo>
      <RunInfo computerName="fv-az1213-974" outcome="Warning" timestamp="2024-04-18T12:15:01.8526911+00:00">
        <Text>Given Crypto module with 'legacy' cryptor&#xD;
-&gt; done: CryptoModuleSteps.GivenCryptoModuleWithCryptor("legacy") (0.0s)&#xD;
* with 'pubnubenigma' cipher key&#xD;
-&gt; done: CryptoModuleSteps.GivenWithCipherKey("pubnubenigma") (0.0s)&#xD;
* with 'constant' vector&#xD;
-&gt; done: CryptoModuleSteps.GivenWithVector("constant") (0.0s)&#xD;
When I decrypt 'file-cryptor-legacy-civ.jpg' file as 'binary'&#xD;
-&gt; done: CryptoModuleSteps.WhenIDecryptFileAs("file-cryptor-lega...", "binary") (0.0s)&#xD;
Then Decrypted file content equal to the 'file.jpg' file content&#xD;
-&gt; done: CryptoModuleSteps.ThenDecryptedFileContentEqualToTheFileContent("file.jpg") (0.0s)&#xD;
</Text>
      </RunInfo>
      <RunInfo computerName="fv-az1213-974" outcome="Warning" timestamp="2024-04-18T12:15:01.8527624+00:00">
        <Text>Given Crypto module with 'legacy' cryptor&#xD;
-&gt; done: CryptoModuleSteps.GivenCryptoModuleWithCryptor("legacy") (0.0s)&#xD;
* with 'pubnubenigma' cipher key&#xD;
-&gt; done: CryptoModuleSteps.GivenWithCipherKey("pubnubenigma") (0.0s)&#xD;
* with 'random' vector&#xD;
-&gt; done: CryptoModuleSteps.GivenWithVector("random") (0.0s)&#xD;
When I decrypt 'file-cryptor-legacy-riv.jpg' file as 'binary'&#xD;
-&gt; done: CryptoModuleSteps.WhenIDecryptFileAs("file-cryptor-lega...", "binary") (0.0s)&#xD;
Then Decrypted file content equal to the 'file.jpg' file content&#xD;
-&gt; done: CryptoModuleSteps.ThenDecryptedFileContentEqualToTheFileContent("file.jpg") (0.0s)&#xD;
</Text>
      </RunInfo>
      <RunInfo computerName="fv-az1213-974" outcome="Warning" timestamp="2024-04-18T12:15:01.8528092+00:00">
        <Text>Given Crypto module with 'legacy' cryptor&#xD;
-&gt; done: CryptoModuleSteps.GivenCryptoModuleWithCryptor("legacy") (0.0s)&#xD;
* with 'pubnubenigma' cipher key&#xD;
-&gt; done: CryptoModuleSteps.GivenWithCipherKey("pubnubenigma") (0.0s)&#xD;
* with 'constant' vector&#xD;
-&gt; done: CryptoModuleSteps.GivenWithVector("constant") (0.0s)&#xD;
When I decrypt 'file-cryptor-legacy-civ.txt' file as 'binary'&#xD;
-&gt; done: CryptoModuleSteps.WhenIDecryptFileAs("file-cryptor-lega...", "binary") (0.0s)&#xD;
Then Decrypted file content equal to the 'file.txt' file content&#xD;
-&gt; done: CryptoModuleSteps.ThenDecryptedFileContentEqualToTheFileContent("file.txt") (0.0s)&#xD;
</Text>
      </RunInfo>
      <RunInfo computerName="fv-az1213-974" outcome="Warning" timestamp="2024-04-18T12:15:01.8528465+00:00">
        <Text>Given Crypto module with 'legacy' cryptor&#xD;
-&gt; done: CryptoModuleSteps.GivenCryptoModuleWithCryptor("legacy") (0.0s)&#xD;
* with 'pubnubenigma' cipher key&#xD;
-&gt; done: CryptoModuleSteps.GivenWithCipherKey("pubnubenigma") (0.0s)&#xD;
* with 'random' vector&#xD;
-&gt; done: CryptoModuleSteps.GivenWithVector("random") (0.0s)&#xD;
When I decrypt 'file-cryptor-legacy-riv.txt' file as 'binary'&#xD;
-&gt; done: CryptoModuleSteps.WhenIDecryptFileAs("file-cryptor-lega...", "binary") (0.0s)&#xD;
Then Decrypted file content equal to the 'file.txt' file content&#xD;
-&gt; done: CryptoModuleSteps.ThenDecryptedFileContentEqualToTheFileContent("file.txt") (0.0s)&#xD;
</Text>
      </RunInfo>
      <RunInfo computerName="fv-az1213-974" outcome="Warning" timestamp="2024-04-18T12:15:03.2433000+00:00">
        <Text>Given Crypto module with 'legacy' cryptor&#xD;
-&gt; done: CryptoModuleSteps.GivenCryptoModuleWithCryptor("legacy") (0.0s)&#xD;
* with 'pubnubenigma' cipher key&#xD;
-&gt; done: CryptoModuleSteps.GivenWithCipherKey("pubnubenigma") (0.0s)&#xD;
* with 'constant' vector&#xD;
-&gt; done: CryptoModuleSteps.GivenWithVector("constant") (0.0s)&#xD;
When I decrypt 'file-legacy-civ.jpg' file as 'binary'&#xD;
-&gt; done: CryptoModuleSteps.WhenIDecryptFileAs("file-legacy-civ.jpg", "binary") (0.0s)&#xD;
Then Decrypted file content equal to the 'file.jpg' file content&#xD;
-&gt; done: CryptoModuleSteps.ThenDecryptedFileContentEqualToTheFileContent("file.jpg") (0.0s)&#xD;
</Text>
      </RunInfo>
      <RunInfo computerName="fv-az1213-974" outcome="Warning" timestamp="2024-04-18T12:15:03.2433830+00:00">
        <Text>Given Crypto module with 'legacy' cryptor&#xD;
-&gt; done: CryptoModuleSteps.GivenCryptoModuleWithCryptor("legacy") (0.0s)&#xD;
* with 'pubnubenigma' cipher key&#xD;
-&gt; done: CryptoModuleSteps.GivenWithCipherKey("pubnubenigma") (0.0s)&#xD;
* with 'random' vector&#xD;
-&gt; done: CryptoModuleSteps.GivenWithVector("random") (0.0s)&#xD;
When I decrypt 'file-legacy-riv.jpg' file as 'binary'&#xD;
-&gt; done: CryptoModuleSteps.WhenIDecryptFileAs("file-legacy-riv.jpg", "binary") (0.0s)&#xD;
Then Decrypted file content equal to the 'file.jpg' file content&#xD;
-&gt; done: CryptoModuleSteps.ThenDecryptedFileContentEqualToTheFileContent("file.jpg") (0.0s)&#xD;
</Text>
      </RunInfo>
      <RunInfo computerName="fv-az1213-974" outcome="Warning" timestamp="2024-04-18T12:15:03.2434385+00:00">
        <Text>Given Crypto module with 'legacy' cryptor&#xD;
-&gt; done: CryptoModuleSteps.GivenCryptoModuleWithCryptor("legacy") (0.0s)&#xD;
* with 'pubnubenigma' cipher key&#xD;
-&gt; done: CryptoModuleSteps.GivenWithCipherKey("pubnubenigma") (0.0s)&#xD;
* with 'constant' vector&#xD;
-&gt; done: CryptoModuleSteps.GivenWithVector("constant") (0.0s)&#xD;
When I decrypt 'file-legacy-civ.txt' file as 'binary'&#xD;
-&gt; done: CryptoModuleSteps.WhenIDecryptFileAs("file-legacy-civ.txt", "binary") (0.0s)&#xD;
Then Decrypted file content equal to the 'file.txt' file content&#xD;
-&gt; done: CryptoModuleSteps.ThenDecryptedFileContentEqualToTheFileContent("file.txt") (0.0s)&#xD;
</Text>
      </RunInfo>
      <RunInfo computerName="fv-az1213-974" outcome="Warning" timestamp="2024-04-18T12:15:03.2434975+00:00">
        <Text>Given Crypto module with 'legacy' cryptor&#xD;
-&gt; done: CryptoModuleSteps.GivenCryptoModuleWithCryptor("legacy") (0.0s)&#xD;
* with 'pubnubenigma' cipher key&#xD;
-&gt; done: CryptoModuleSteps.GivenWithCipherKey("pubnubenigma") (0.0s)&#xD;
* with 'random' vector&#xD;
-&gt; done: CryptoModuleSteps.GivenWithVector("random") (0.0s)&#xD;
When I decrypt 'file-legacy-riv.txt' file as 'binary'&#xD;
-&gt; done: CryptoModuleSteps.WhenIDecryptFileAs("file-legacy-riv.txt", "binary") (0.0s)&#xD;
Then Decrypted file content equal to the 'file.txt' file content&#xD;
-&gt; done: CryptoModuleSteps.ThenDecryptedFileContentEqualToTheFileContent("file.txt") (0.0s)&#xD;
</Text>
      </RunInfo>
      <RunInfo computerName="fv-az1213-974" outcome="Warning" timestamp="2024-04-18T12:15:03.2435461+00:00">
        <Text>Given Crypto module with 'acrh' cryptor&#xD;
-&gt; done: CryptoModuleSteps.GivenCryptoModuleWithCryptor("acrh") (0.0s)&#xD;
* with 'pubnubenigma' cipher key&#xD;
-&gt; done: CryptoModuleSteps.GivenWithCipherKey("pubnubenigma") (0.0s)&#xD;
* with '-' vector&#xD;
-&gt; done: CryptoModuleSteps.GivenWithVector("-") (0.0s)&#xD;
When I decrypt 'file-cryptor-v1-acrh.jpg' file as 'binary'&#xD;
-&gt; done: CryptoModuleSteps.WhenIDecryptFileAs("file-cryptor-v1-a...", "binary") (0.0s)&#xD;
Then Decrypted file content equal to the 'file.jpg' file content&#xD;
-&gt; done: CryptoModuleSteps.ThenDecryptedFileContentEqualToTheFileContent("file.jpg") (0.0s)&#xD;
</Text>
      </RunInfo>
      <RunInfo computerName="fv-az1213-974" outcome="Warning" timestamp="2024-04-18T12:15:03.2444125+00:00">
        <Text>Given Crypto module with 'acrh' cryptor&#xD;
-&gt; done: CryptoModuleSteps.GivenCryptoModuleWithCryptor("acrh") (0.0s)&#xD;
* with 'pubnubenigma' cipher key&#xD;
-&gt; done: CryptoModuleSteps.GivenWithCipherKey("pubnubenigma") (0.0s)&#xD;
* with '-' vector&#xD;
-&gt; done: CryptoModuleSteps.GivenWithVector("-") (0.0s)&#xD;
When I decrypt 'file-cryptor-v1-acrh.txt' file as 'binary'&#xD;
-&gt; done: CryptoModuleSteps.WhenIDecryptFileAs("file-cryptor-v1-a...", "binary") (0.0s)&#xD;
Then Decrypted file content equal to the 'file.txt' file content&#xD;
-&gt; done: CryptoModuleSteps.ThenDecryptedFileContentEqualToTheFileContent("file.txt") (0.0s)&#xD;
</Text>
      </RunInfo>
      <RunInfo computerName="fv-az1213-974" outcome="Warning" timestamp="2024-04-18T12:15:03.2444577+00:00">
        <Text>Given Crypto module with 'legacy' cryptor&#xD;
-&gt; done: CryptoModuleSteps.GivenCryptoModuleWithCryptor("legacy") (0.0s)&#xD;
* with 'pubnubenigma' cipher key&#xD;
-&gt; done: CryptoModuleSteps.GivenWithCipherKey("pubnubenigma") (0.0s)&#xD;
* with 'random' vector&#xD;
-&gt; done: CryptoModuleSteps.GivenWithVector("random") (0.0s)&#xD;
When I decrypt 'file-cryptor-legacy-riv.jpg' file as 'stream'&#xD;
-&gt; done: CryptoModuleSteps.WhenIDecryptFileAs("file-cryptor-lega...", "stream") (0.0s)&#xD;
Then Decrypted file content equal to the 'file.jpg' file content&#xD;
-&gt; done: CryptoModuleSteps.ThenDecryptedFileContentEqualToTheFileContent("file.jpg") (0.0s)&#xD;
</Text>
      </RunInfo>
      <RunInfo computerName="fv-az1213-974" outcome="Warning" timestamp="2024-04-18T12:15:03.2519222+00:00">
        <Text>Given Crypto module with 'legacy' cryptor&#xD;
-&gt; done: CryptoModuleSteps.GivenCryptoModuleWithCryptor("legacy") (0.0s)&#xD;
* with 'pubnubenigma' cipher key&#xD;
-&gt; done: CryptoModuleSteps.GivenWithCipherKey("pubnubenigma") (0.0s)&#xD;
* with 'random' vector&#xD;
-&gt; done: CryptoModuleSteps.GivenWithVector("random") (0.0s)&#xD;
When I decrypt 'file-cryptor-legacy-riv.txt' file as 'stream'&#xD;
-&gt; done: CryptoModuleSteps.WhenIDecryptFileAs("file-cryptor-lega...", "stream") (0.0s)&#xD;
Then Decrypted file content equal to the 'file.txt' file content&#xD;
-&gt; done: CryptoModuleSteps.ThenDecryptedFileContentEqualToTheFileContent("file.txt") (0.0s)&#xD;
</Text>
      </RunInfo>
      <RunInfo computerName="fv-az1213-974" outcome="Warning" timestamp="2024-04-18T12:15:03.2519785+00:00">
        <Text>Given Crypto module with 'legacy' cryptor&#xD;
-&gt; done: CryptoModuleSteps.GivenCryptoModuleWithCryptor("legacy") (0.0s)&#xD;
* with 'pubnubenigma' cipher key&#xD;
-&gt; done: CryptoModuleSteps.GivenWithCipherKey("pubnubenigma") (0.0s)&#xD;
* with 'random' vector&#xD;
-&gt; done: CryptoModuleSteps.GivenWithVector("random") (0.0s)&#xD;
When I decrypt 'file-legacy-riv.jpg' file as 'stream'&#xD;
-&gt; done: CryptoModuleSteps.WhenIDecryptFileAs("file-legacy-riv.jpg", "stream") (0.0s)&#xD;
Then Decrypted file content equal to the 'file.jpg' file content&#xD;
-&gt; done: CryptoModuleSteps.ThenDecryptedFileContentEqualToTheFileContent("file.jpg") (0.0s)&#xD;
</Text>
      </RunInfo>
      <RunInfo computerName="fv-az1213-974" outcome="Warning" timestamp="2024-04-18T12:15:03.2520180+00:00">
        <Text>Given Crypto module with 'legacy' cryptor&#xD;
-&gt; done: CryptoModuleSteps.GivenCryptoModuleWithCryptor("legacy") (0.0s)&#xD;
* with 'pubnubenigma' cipher key&#xD;
-&gt; done: CryptoModuleSteps.GivenWithCipherKey("pubnubenigma") (0.0s)&#xD;
* with 'random' vector&#xD;
-&gt; done: CryptoModuleSteps.GivenWithVector("random") (0.0s)&#xD;
When I decrypt 'file-legacy-riv.txt' file as 'stream'&#xD;
-&gt; done: CryptoModuleSteps.WhenIDecryptFileAs("file-legacy-riv.txt", "stream") (0.0s)&#xD;
Then Decrypted file content equal to the 'file.txt' file content&#xD;
-&gt; done: CryptoModuleSteps.ThenDecryptedFileContentEqualToTheFileContent("file.txt") (0.0s)&#xD;
</Text>
      </RunInfo>
      <RunInfo computerName="fv-az1213-974" outcome="Warning" timestamp="2024-04-18T12:15:03.2520592+00:00">
        <Text>Given Crypto module with 'acrh' cryptor&#xD;
-&gt; done: CryptoModuleSteps.GivenCryptoModuleWithCryptor("acrh") (0.0s)&#xD;
* with 'pubnubenigma' cipher key&#xD;
-&gt; done: CryptoModuleSteps.GivenWithCipherKey("pubnubenigma") (0.0s)&#xD;
* with '-' vector&#xD;
-&gt; done: CryptoModuleSteps.GivenWithVector("-") (0.0s)&#xD;
When I decrypt 'file-cryptor-v1-acrh.jpg' file as 'stream'&#xD;
-&gt; done: CryptoModuleSteps.WhenIDecryptFileAs("file-cryptor-v1-a...", "stream") (0.0s)&#xD;
Then Decrypted file content equal to the 'file.jpg' file content&#xD;
-&gt; done: CryptoModuleSteps.ThenDecryptedFileContentEqualToTheFileContent("file.jpg") (0.0s)&#xD;
</Text>
      </RunInfo>
      <RunInfo computerName="fv-az1213-974" outcome="Warning" timestamp="2024-04-18T12:15:03.2520925+00:00">
        <Text>Given Crypto module with 'acrh' cryptor&#xD;
-&gt; done: CryptoModuleSteps.GivenCryptoModuleWithCryptor("acrh") (0.0s)&#xD;
* with 'pubnubenigma' cipher key&#xD;
-&gt; done: CryptoModuleSteps.GivenWithCipherKey("pubnubenigma") (0.0s)&#xD;
* with '-' vector&#xD;
-&gt; done: CryptoModuleSteps.GivenWithVector("-") (0.0s)&#xD;
When I decrypt 'file-cryptor-v1-acrh.txt' file as 'stream'&#xD;
-&gt; done: CryptoModuleSteps.WhenIDecryptFileAs("file-cryptor-v1-a...", "stream") (0.0s)&#xD;
Then Decrypted file content equal to the 'file.txt' file content&#xD;
-&gt; done: CryptoModuleSteps.ThenDecryptedFileContentEqualToTheFileContent("file.txt") (0.0s)&#xD;
</Text>
      </RunInfo>
      <RunInfo computerName="fv-az1213-974" outcome="Warning" timestamp="2024-04-18T12:15:03.2521377+00:00">
        <Text>Given Crypto module with 'legacy' cryptor&#xD;
-&gt; done: CryptoModuleSteps.GivenCryptoModuleWithCryptor("legacy") (0.0s)&#xD;
* with 'pubnubenigma' cipher key&#xD;
-&gt; done: CryptoModuleSteps.GivenWithCipherKey("pubnubenigma") (0.0s)&#xD;
* with 'random' vector&#xD;
-&gt; done: CryptoModuleSteps.GivenWithVector("random") (0.0s)&#xD;
Given Legacy code with 'pubnubenigma' cipher key and 'random' vector&#xD;
-&gt; done: CryptoModuleSteps.GivenLegacyCodeWithCipherKeyAndVector("pubnubenigma", "random") (0.0s)&#xD;
When I encrypt 'file.jpg' file as 'binary'&#xD;
-&gt; done: CryptoModuleSteps.WhenIEncryptFileAs("file.jpg", "binary") (0.0s)&#xD;
Then Successfully decrypt an encrypted file with legacy code&#xD;
-&gt; done: CryptoModuleSteps.ThenSuccessfullyDecryptAnEncryptedFileWithLegacyCode() (0.0s)&#xD;
</Text>
      </RunInfo>
      <RunInfo computerName="fv-az1213-974" outcome="Warning" timestamp="2024-04-18T12:15:04.2452429+00:00">
        <Text>Given Crypto module with 'legacy' cryptor&#xD;
-&gt; done: CryptoModuleSteps.GivenCryptoModuleWithCryptor("legacy") (0.0s)&#xD;
* with 'pubnubenigma' cipher key&#xD;
-&gt; done: CryptoModuleSteps.GivenWithCipherKey("pubnubenigma") (0.0s)&#xD;
* with 'constant' vector&#xD;
-&gt; done: CryptoModuleSteps.GivenWithVector("constant") (0.0s)&#xD;
Given Legacy code with 'pubnubenigma' cipher key and 'constant' vector&#xD;
-&gt; done: CryptoModuleSteps.GivenLegacyCodeWithCipherKeyAndVector("pubnubenigma", "constant") (0.0s)&#xD;
When I encrypt 'file.jpg' file as 'binary'&#xD;
-&gt; done: CryptoModuleSteps.WhenIEncryptFileAs("file.jpg", "binary") (0.0s)&#xD;
Then Successfully decrypt an encrypted file with legacy code&#xD;
-&gt; done: CryptoModuleSteps.ThenSuccessfullyDecryptAnEncryptedFileWithLegacyCode() (0.0s)&#xD;
</Text>
      </RunInfo>
      <RunInfo computerName="fv-az1213-974" outcome="Warning" timestamp="2024-04-18T12:15:04.2475340+00:00">
        <Text>Given Crypto module with 'legacy' cryptor&#xD;
-&gt; done: CryptoModuleSteps.GivenCryptoModuleWithCryptor("legacy") (0.0s)&#xD;
* with 'pubnubenigma' cipher key&#xD;
-&gt; done: CryptoModuleSteps.GivenWithCipherKey("pubnubenigma") (0.0s)&#xD;
* with 'random' vector&#xD;
-&gt; done: CryptoModuleSteps.GivenWithVector("random") (0.0s)&#xD;
Given Legacy code with 'pubnubenigma' cipher key and 'random' vector&#xD;
-&gt; done: CryptoModuleSteps.GivenLegacyCodeWithCipherKeyAndVector("pubnubenigma", "random") (0.0s)&#xD;
When I encrypt 'file.txt' file as 'binary'&#xD;
-&gt; done: CryptoModuleSteps.WhenIEncryptFileAs("file.txt", "binary") (0.0s)&#xD;
Then Successfully decrypt an encrypted file with legacy code&#xD;
-&gt; done: CryptoModuleSteps.ThenSuccessfullyDecryptAnEncryptedFileWithLegacyCode() (0.0s)&#xD;
</Text>
      </RunInfo>
      <RunInfo computerName="fv-az1213-974" outcome="Warning" timestamp="2024-04-18T12:15:04.2475689+00:00">
        <Text>Given Crypto module with 'legacy' cryptor&#xD;
-&gt; done: CryptoModuleSteps.GivenCryptoModuleWithCryptor("legacy") (0.0s)&#xD;
* with 'pubnubenigma' cipher key&#xD;
-&gt; done: CryptoModuleSteps.GivenWithCipherKey("pubnubenigma") (0.0s)&#xD;
* with 'constant' vector&#xD;
-&gt; done: CryptoModuleSteps.GivenWithVector("constant") (0.0s)&#xD;
Given Legacy code with 'pubnubenigma' cipher key and 'constant' vector&#xD;
-&gt; done: CryptoModuleSteps.GivenLegacyCodeWithCipherKeyAndVector("pubnubenigma", "constant") (0.0s)&#xD;
When I encrypt 'file.txt' file as 'binary'&#xD;
-&gt; done: CryptoModuleSteps.WhenIEncryptFileAs("file.txt", "binary") (0.0s)&#xD;
Then Successfully decrypt an encrypted file with legacy code&#xD;
-&gt; done: CryptoModuleSteps.ThenSuccessfullyDecryptAnEncryptedFileWithLegacyCode() (0.0s)&#xD;
</Text>
      </RunInfo>
      <RunInfo computerName="fv-az1213-974" outcome="Warning" timestamp="2024-04-18T12:15:04.2475926+00:00">
        <Text>Given Crypto module with 'legacy' cryptor&#xD;
-&gt; done: CryptoModuleSteps.GivenCryptoModuleWithCryptor("legacy") (0.0s)&#xD;
* with 'pubnubenigma' cipher key&#xD;
-&gt; done: CryptoModuleSteps.GivenWithCipherKey("pubnubenigma") (0.0s)&#xD;
* with 'constant' vector&#xD;
-&gt; done: CryptoModuleSteps.GivenWithVector("constant") (0.0s)&#xD;
When I decrypt 'empty-file.txt' file as 'binary'&#xD;
-&gt; done: CryptoModuleSteps.WhenIDecryptFileAs("empty-file.txt", "binary") (0.0s)&#xD;
Then I receive 'decryption error'&#xD;
-&gt; done: CryptoModuleSteps.ThenIReceive("decryption error") (0.0s)&#xD;
</Text>
      </RunInfo>
      <RunInfo computerName="fv-az1213-974" outcome="Warning" timestamp="2024-04-18T12:15:04.2476126+00:00">
        <Text>Given Crypto module with 'legacy' cryptor&#xD;
-&gt; done: CryptoModuleSteps.GivenCryptoModuleWithCryptor("legacy") (0.0s)&#xD;
* with 'pubnubenigma' cipher key&#xD;
-&gt; done: CryptoModuleSteps.GivenWithCipherKey("pubnubenigma") (0.0s)&#xD;
* with 'random' vector&#xD;
-&gt; done: CryptoModuleSteps.GivenWithVector("random") (0.0s)&#xD;
When I decrypt 'empty-file.txt' file as 'binary'&#xD;
-&gt; done: CryptoModuleSteps.WhenIDecryptFileAs("empty-file.txt", "binary") (0.0s)&#xD;
Then I receive 'decryption error'&#xD;
-&gt; done: CryptoModuleSteps.ThenIReceive("decryption error") (0.0s)&#xD;
</Text>
      </RunInfo>
      <RunInfo computerName="fv-az1213-974" outcome="Warning" timestamp="2024-04-18T12:15:04.2476297+00:00">
        <Text>Given Crypto module with 'acrh' cryptor&#xD;
-&gt; done: CryptoModuleSteps.GivenCryptoModuleWithCryptor("acrh") (0.0s)&#xD;
* with 'pubnubenigma' cipher key&#xD;
-&gt; done: CryptoModuleSteps.GivenWithCipherKey("pubnubenigma") (0.0s)&#xD;
* with '-' vector&#xD;
-&gt; done: CryptoModuleSteps.GivenWithVector("-") (0.0s)&#xD;
When I decrypt 'empty-file.txt' file as 'binary'&#xD;
-&gt; done: CryptoModuleSteps.WhenIDecryptFileAs("empty-file.txt", "binary") (0.0s)&#xD;
Then I receive 'decryption error'&#xD;
-&gt; done: CryptoModuleSteps.ThenIReceive("decryption error") (0.0s)&#xD;
</Text>
      </RunInfo>
      <RunInfo computerName="fv-az1213-974" outcome="Warning" timestamp="2024-04-18T12:15:04.2502195+00:00">
        <Text>Given Crypto module with 'legacy' cryptor&#xD;
-&gt; done: CryptoModuleSteps.GivenCryptoModuleWithCryptor("legacy") (0.0s)&#xD;
* with 'pubnubenigma' cipher key&#xD;
-&gt; done: CryptoModuleSteps.GivenWithCipherKey("pubnubenigma") (0.0s)&#xD;
* with 'random' vector&#xD;
-&gt; done: CryptoModuleSteps.GivenWithVector("random") (0.0s)&#xD;
When I decrypt 'empty-file-cryptor-legacy-riv.txt' file as 'binary'&#xD;
-&gt; done: CryptoModuleSteps.WhenIDecryptFileAs("empty-file-crypto...", "binary") (0.0s)&#xD;
Then I receive 'decryption error'&#xD;
-&gt; done: CryptoModuleSteps.ThenIReceive("decryption error") (0.0s)&#xD;
</Text>
      </RunInfo>
      <RunInfo computerName="fv-az1213-974" outcome="Warning" timestamp="2024-04-18T12:15:04.2502407+00:00">
        <Text>Given Crypto module with 'acrh' cryptor&#xD;
-&gt; done: CryptoModuleSteps.GivenCryptoModuleWithCryptor("acrh") (0.0s)&#xD;
* with 'pubnubenigma' cipher key&#xD;
-&gt; done: CryptoModuleSteps.GivenWithCipherKey("pubnubenigma") (0.0s)&#xD;
* with '-' vector&#xD;
-&gt; done: CryptoModuleSteps.GivenWithVector("-") (0.0s)&#xD;
When I decrypt 'empty-file-cryptor-v1-acrh.txt' file as 'binary'&#xD;
-&gt; done: CryptoModuleSteps.WhenIDecryptFileAs("empty-file-crypto...", "binary") (0.0s)&#xD;
Then I receive 'decryption error'&#xD;
-&gt; done: CryptoModuleSteps.ThenIReceive("decryption error") (0.0s)&#xD;
</Text>
      </RunInfo>
      <RunInfo computerName="fv-az1213-974" outcome="Warning" timestamp="2024-04-18T12:15:04.2502577+00:00">
        <Text>Given Crypto module with 'legacy' cryptor&#xD;
-&gt; done: CryptoModuleSteps.GivenCryptoModuleWithCryptor("legacy") (0.0s)&#xD;
* with 'pubnubenigma' cipher key&#xD;
-&gt; done: CryptoModuleSteps.GivenWithCipherKey("pubnubenigma") (0.0s)&#xD;
* with 'constant' vector&#xD;
-&gt; done: CryptoModuleSteps.GivenWithVector("constant") (0.0s)&#xD;
When I encrypt 'empty-file.txt' file as 'binary'&#xD;
-&gt; done: CryptoModuleSteps.WhenIEncryptFileAs("empty-file.txt", "binary") (0.0s)&#xD;
Then I receive 'encryption error'&#xD;
-&gt; done: CryptoModuleSteps.ThenIReceive("encryption error") (0.0s)&#xD;
</Text>
      </RunInfo>
      <RunInfo computerName="fv-az1213-974" outcome="Warning" timestamp="2024-04-18T12:15:04.2502794+00:00">
        <Text>Given Crypto module with 'legacy' cryptor&#xD;
-&gt; done: CryptoModuleSteps.GivenCryptoModuleWithCryptor("legacy") (0.0s)&#xD;
* with 'pubnubenigma' cipher key&#xD;
-&gt; done: CryptoModuleSteps.GivenWithCipherKey("pubnubenigma") (0.0s)&#xD;
* with 'random' vector&#xD;
-&gt; done: CryptoModuleSteps.GivenWithVector("random") (0.0s)&#xD;
When I encrypt 'empty-file.txt' file as 'binary'&#xD;
-&gt; done: CryptoModuleSteps.WhenIEncryptFileAs("empty-file.txt", "binary") (0.0s)&#xD;
Then I receive 'encryption error'&#xD;
-&gt; done: CryptoModuleSteps.ThenIReceive("encryption error") (0.0s)&#xD;
</Text>
      </RunInfo>
      <RunInfo computerName="fv-az1213-974" outcome="Warning" timestamp="2024-04-18T12:15:04.2505333+00:00">
        <Text>Given Crypto module with 'acrh' cryptor&#xD;
-&gt; done: CryptoModuleSteps.GivenCryptoModuleWithCryptor("acrh") (0.0s)&#xD;
* with 'pubnubenigma' cipher key&#xD;
-&gt; done: CryptoModuleSteps.GivenWithCipherKey("pubnubenigma") (0.0s)&#xD;
* with '-' vector&#xD;
-&gt; done: CryptoModuleSteps.GivenWithVector("-") (0.0s)&#xD;
When I encrypt 'empty-file.txt' file as 'binary'&#xD;
-&gt; done: CryptoModuleSteps.WhenIEncryptFileAs("empty-file.txt", "binary") (0.0s)&#xD;
Then I receive 'encryption error'&#xD;
-&gt; done: CryptoModuleSteps.ThenIReceive("encryption error") (0.0s)&#xD;
</Text>
      </RunInfo>
      <RunInfo computerName="fv-az1213-974" outcome="Warning" timestamp="2024-04-18T12:15:04.2505548+00:00">
        <Text>Given Crypto module with 'acrh' cryptor&#xD;
-&gt; done: CryptoModuleSteps.GivenCryptoModuleWithCryptor("acrh") (0.0s)&#xD;
* with 'pubnubenigma' cipher key&#xD;
-&gt; done: CryptoModuleSteps.GivenWithCipherKey("pubnubenigma") (0.0s)&#xD;
* with '-' vector&#xD;
-&gt; done: CryptoModuleSteps.GivenWithVector("-") (0.0s)&#xD;
When I encrypt 'empty-file.txt' file as 'binary'&#xD;
-&gt; done: CryptoModuleSteps.WhenIEncryptFileAs("empty-file.txt", "binary") (0.0s)&#xD;
Then I receive 'encryption error'&#xD;
-&gt; done: CryptoModuleSteps.ThenIReceive("encryption error") (0.0s)&#xD;
</Text>
      </RunInfo>
      <RunInfo computerName="fv-az1213-974" outcome="Warning" timestamp="2024-04-18T12:15:04.2505721+00:00">
        <Text>Given Crypto module with 'legacy' cryptor&#xD;
-&gt; done: CryptoModuleSteps.GivenCryptoModuleWithCryptor("legacy") (0.0s)&#xD;
* with 'pubnubenigma' cipher key&#xD;
-&gt; done: CryptoModuleSteps.GivenWithCipherKey("pubnubenigma") (0.0s)&#xD;
* with 'constant' vector&#xD;
-&gt; done: CryptoModuleSteps.GivenWithVector("constant") (0.0s)&#xD;
When I decrypt 'empty-file.txt' file as 'stream'&#xD;
-&gt; done: CryptoModuleSteps.WhenIDecryptFileAs("empty-file.txt", "stream") (0.0s)&#xD;
Then I receive 'decryption error'&#xD;
-&gt; done: CryptoModuleSteps.ThenIReceive("decryption error") (0.0s)&#xD;
</Text>
      </RunInfo>
      <RunInfo computerName="fv-az1213-974" outcome="Warning" timestamp="2024-04-18T12:15:04.2505940+00:00">
        <Text>Given Crypto module with 'legacy' cryptor&#xD;
-&gt; done: CryptoModuleSteps.GivenCryptoModuleWithCryptor("legacy") (0.0s)&#xD;
* with 'pubnubenigma' cipher key&#xD;
-&gt; done: CryptoModuleSteps.GivenWithCipherKey("pubnubenigma") (0.0s)&#xD;
* with 'random' vector&#xD;
-&gt; done: CryptoModuleSteps.GivenWithVector("random") (0.0s)&#xD;
When I decrypt 'empty-file.txt' file as 'stream'&#xD;
-&gt; done: CryptoModuleSteps.WhenIDecryptFileAs("empty-file.txt", "stream") (0.0s)&#xD;
Then I receive 'decryption error'&#xD;
-&gt; done: CryptoModuleSteps.ThenIReceive("decryption error") (0.0s)&#xD;
</Text>
      </RunInfo>
      <RunInfo computerName="fv-az1213-974" outcome="Warning" timestamp="2024-04-18T12:15:04.2549765+00:00">
        <Text>Given Crypto module with 'acrh' cryptor&#xD;
-&gt; done: CryptoModuleSteps.GivenCryptoModuleWithCryptor("acrh") (0.0s)&#xD;
* with 'pubnubenigma' cipher key&#xD;
-&gt; done: CryptoModuleSteps.GivenWithCipherKey("pubnubenigma") (0.0s)&#xD;
* with '-' vector&#xD;
-&gt; done: CryptoModuleSteps.GivenWithVector("-") (0.0s)&#xD;
When I decrypt 'empty-file.txt' file as 'stream'&#xD;
-&gt; done: CryptoModuleSteps.WhenIDecryptFileAs("empty-file.txt", "stream") (0.0s)&#xD;
Then I receive 'decryption error'&#xD;
-&gt; done: CryptoModuleSteps.ThenIReceive("decryption error") (0.0s)&#xD;
</Text>
      </RunInfo>
      <RunInfo computerName="fv-az1213-974" outcome="Warning" timestamp="2024-04-18T12:15:04.2549968+00:00">
        <Text>Given Crypto module with 'legacy' cryptor&#xD;
-&gt; done: CryptoModuleSteps.GivenCryptoModuleWithCryptor("legacy") (0.0s)&#xD;
* with 'pubnubenigma' cipher key&#xD;
-&gt; done: CryptoModuleSteps.GivenWithCipherKey("pubnubenigma") (0.0s)&#xD;
* with 'random' vector&#xD;
-&gt; done: CryptoModuleSteps.GivenWithVector("random") (0.0s)&#xD;
When I decrypt 'empty-file-cryptor-legacy-riv.txt' file as 'stream'&#xD;
-&gt; done: CryptoModuleSteps.WhenIDecryptFileAs("empty-file-crypto...", "stream") (0.0s)&#xD;
Then I receive 'decryption error'&#xD;
-&gt; done: CryptoModuleSteps.ThenIReceive("decryption error") (0.0s)&#xD;
</Text>
      </RunInfo>
      <RunInfo computerName="fv-az1213-974" outcome="Warning" timestamp="2024-04-18T12:15:04.2550190+00:00">
        <Text>Given Crypto module with 'acrh' cryptor&#xD;
-&gt; done: CryptoModuleSteps.GivenCryptoModuleWithCryptor("acrh") (0.0s)&#xD;
* with 'pubnubenigma' cipher key&#xD;
-&gt; done: CryptoModuleSteps.GivenWithCipherKey("pubnubenigma") (0.0s)&#xD;
* with '-' vector&#xD;
-&gt; done: CryptoModuleSteps.GivenWithVector("-") (0.0s)&#xD;
When I decrypt 'empty-file-cryptor-v1-acrh.txt' file as 'stream'&#xD;
-&gt; done: CryptoModuleSteps.WhenIDecryptFileAs("empty-file-crypto...", "stream") (0.0s)&#xD;
Then I receive 'decryption error'&#xD;
-&gt; done: CryptoModuleSteps.ThenIReceive("decryption error") (0.0s)&#xD;
</Text>
      </RunInfo>
      <RunInfo computerName="fv-az1213-974" outcome="Warning" timestamp="2024-04-18T12:15:04.2550393+00:00">
        <Text>Given Crypto module with 'legacy' cryptor&#xD;
-&gt; done: CryptoModuleSteps.GivenCryptoModuleWithCryptor("legacy") (0.0s)&#xD;
* with 'pubnubenigma' cipher key&#xD;
-&gt; done: CryptoModuleSteps.GivenWithCipherKey("pubnubenigma") (0.0s)&#xD;
* with 'constant' vector&#xD;
-&gt; done: CryptoModuleSteps.GivenWithVector("constant") (0.0s)&#xD;
When I encrypt 'empty-file.txt' file as 'stream'&#xD;
-&gt; done: CryptoModuleSteps.WhenIEncryptFileAs("empty-file.txt", "stream") (0.0s)&#xD;
Then I receive 'encryption error'&#xD;
-&gt; done: CryptoModuleSteps.ThenIReceive("encryption error") (0.0s)&#xD;
</Text>
      </RunInfo>
      <RunInfo computerName="fv-az1213-974" outcome="Warning" timestamp="2024-04-18T12:15:04.2550566+00:00">
        <Text>Given Crypto module with 'legacy' cryptor&#xD;
-&gt; done: CryptoModuleSteps.GivenCryptoModuleWithCryptor("legacy") (0.0s)&#xD;
* with 'pubnubenigma' cipher key&#xD;
-&gt; done: CryptoModuleSteps.GivenWithCipherKey("pubnubenigma") (0.0s)&#xD;
* with 'random' vector&#xD;
-&gt; done: CryptoModuleSteps.GivenWithVector("random") (0.0s)&#xD;
When I encrypt 'empty-file.txt' file as 'stream'&#xD;
-&gt; done: CryptoModuleSteps.WhenIEncryptFileAs("empty-file.txt", "stream") (0.0s)&#xD;
Then I receive 'encryption error'&#xD;
-&gt; done: CryptoModuleSteps.ThenIReceive("encryption error") (0.0s)&#xD;
</Text>
      </RunInfo>
      <RunInfo computerName="fv-az1213-974" outcome="Warning" timestamp="2024-04-18T12:15:04.2553126+00:00">
        <Text>Given Crypto module with 'acrh' cryptor&#xD;
-&gt; done: CryptoModuleSteps.GivenCryptoModuleWithCryptor("acrh") (0.0s)&#xD;
* with 'pubnubenigma' cipher key&#xD;
-&gt; done: CryptoModuleSteps.GivenWithCipherKey("pubnubenigma") (0.0s)&#xD;
* with '-' vector&#xD;
-&gt; done: CryptoModuleSteps.GivenWithVector("-") (0.0s)&#xD;
When I encrypt 'empty-file.txt' file as 'stream'&#xD;
-&gt; done: CryptoModuleSteps.WhenIEncryptFileAs("empty-file.txt", "stream") (0.0s)&#xD;
Then I receive 'encryption error'&#xD;
-&gt; done: CryptoModuleSteps.ThenIReceive("encryption error") (0.0s)&#xD;
</Text>
      </RunInfo>
      <RunInfo computerName="fv-az1213-974" outcome="Warning" timestamp="2024-04-18T12:15:04.2553345+00:00">
        <Text>Given Crypto module with 'acrh' cryptor&#xD;
-&gt; done: CryptoModuleSteps.GivenCryptoModuleWithCryptor("acrh") (0.0s)&#xD;
* with 'pubnubenigma' cipher key&#xD;
-&gt; done: CryptoModuleSteps.GivenWithCipherKey("pubnubenigma") (0.0s)&#xD;
* with '-' vector&#xD;
-&gt; done: CryptoModuleSteps.GivenWithVector("-") (0.0s)&#xD;
When I encrypt 'empty-file.txt' file as 'stream'&#xD;
-&gt; done: CryptoModuleSteps.WhenIEncryptFileAs("empty-file.txt", "stream") (0.0s)&#xD;
Then I receive 'encryption error'&#xD;
-&gt; done: CryptoModuleSteps.ThenIReceive("encryption error") (0.0s)&#xD;
</Text>
      </RunInfo>
      <RunInfo computerName="fv-az1213-974" outcome="Warning" timestamp="2024-04-18T12:15:04.2553555+00:00">
        <Text>Given Crypto module with 'legacy' cryptor&#xD;
-&gt; done: CryptoModuleSteps.GivenCryptoModuleWithCryptor("legacy") (0.0s)&#xD;
Given Legacy code with 'pubnubenigma' cipher key and 'random' vector&#xD;
-&gt; done: CryptoModuleSteps.GivenLegacyCodeWithCipherKeyAndVector("pubnubenigma", "random") (0.0s)&#xD;
* with 'pubnubenigma' cipher key&#xD;
-&gt; done: CryptoModuleSteps.GivenWithCipherKey("pubnubenigma") (0.0s)&#xD;
* with 'random' vector&#xD;
-&gt; done: CryptoModuleSteps.GivenWithVector("random") (0.0s)&#xD;
When I encrypt 'file.jpg' file as 'stream'&#xD;
-&gt; done: CryptoModuleSteps.WhenIEncryptFileAs("file.jpg", "stream") (0.0s)&#xD;
Then Successfully decrypt an encrypted file with legacy code&#xD;
-&gt; done: CryptoModuleSteps.ThenSuccessfullyDecryptAnEncryptedFileWithLegacyCode() (0.0s)&#xD;
</Text>
      </RunInfo>
      <RunInfo computerName="fv-az1213-974" outcome="Warning" timestamp="2024-04-18T12:15:04.2593005+00:00">
        <Text>Given Crypto module with 'legacy' cryptor&#xD;
-&gt; done: CryptoModuleSteps.GivenCryptoModuleWithCryptor("legacy") (0.0s)&#xD;
Given Legacy code with 'pubnubenigma' cipher key and 'random' vector&#xD;
-&gt; done: CryptoModuleSteps.GivenLegacyCodeWithCipherKeyAndVector("pubnubenigma", "random") (0.0s)&#xD;
* with 'pubnubenigma' cipher key&#xD;
-&gt; done: CryptoModuleSteps.GivenWithCipherKey("pubnubenigma") (0.0s)&#xD;
* with 'random' vector&#xD;
-&gt; done: CryptoModuleSteps.GivenWithVector("random") (0.0s)&#xD;
When I encrypt 'file.txt' file as 'stream'&#xD;
-&gt; done: CryptoModuleSteps.WhenIEncryptFileAs("file.txt", "stream") (0.0s)&#xD;
Then Successfully decrypt an encrypted file with legacy code&#xD;
-&gt; done: CryptoModuleSteps.ThenSuccessfullyDecryptAnEncryptedFileWithLegacyCode() (0.0s)&#xD;
</Text>
      </RunInfo>
      <RunInfo computerName="fv-az1213-974" outcome="Warning" timestamp="2024-04-18T12:15:12.0382269+00:00">
        <Text>Given the demo keyset with event engine enabled&#xD;
-&gt; done: EventEngineSteps.GivenTheDemoKeysetWithEventEngineEnabled() (0.0s)&#xD;
Given a linear reconnection policy with 3 retries&#xD;
-&gt; done: EventEngineSteps.GivenALinearReconnectionPolicyWithRetries(3) (0.0s)&#xD;
When I subscribe&#xD;
PNSubscribeOperation PNConnectionErrorCategory 0&#xD;
-&gt; done: EventEngineSteps.WhenISubscribe() (10.1s)&#xD;
Then I receive an error in my subscribe response&#xD;
-&gt; done: EventEngineSteps.ThenIReceiveAnErrorInMySubscribeResponse() (0.0s)&#xD;
And I observe the following:&#xD;
  --- table step argument ---&#xD;
  | type       | name                        |&#xD;
  | event      | SUBSCRIPTION_CHANGED        |&#xD;
  | invocation | HANDSHAKE                   |&#xD;
  | event      | HANDSHAKE_FAILURE           |&#xD;
  | invocation | CANCEL_HANDSHAKE            |&#xD;
  | invocation | HANDSHAKE_RECONNECT         |&#xD;
  | event      | HANDSHAKE_RECONNECT_FAILURE |&#xD;
  | invocation | CANCEL_HANDSHAKE_RECONNECT  |&#xD;
  | invocation | HANDSHAKE_RECONNECT         |&#xD;
  | event      | HANDSHAKE_RECONNECT_FAILURE |&#xD;
  | invocation | CANCEL_HANDSHAKE_RECONNECT  |&#xD;
  | invocation | HANDSHAKE_RECONNECT         |&#xD;
  | event      | HANDSHAKE_RECONNECT_FAILURE |&#xD;
  | invocation | CANCEL_HANDSHAKE_RECONNECT  |&#xD;
  | invocation | HANDSHAKE_RECONNECT         |&#xD;
  | event      | HANDSHAKE_RECONNECT_GIVEUP  |&#xD;
  | invocation | CANCEL_HANDSHAKE_RECONNECT  |&#xD;
  | invocation | EMIT_STATUS                 |&#xD;
-&gt; done: EventEngineSteps.ThenIObserveTheFollowing(&lt;table&gt;) (0.0s)&#xD;
</Text>
      </RunInfo>
      <RunInfo computerName="fv-az1213-974" outcome="Warning" timestamp="2024-04-18T12:15:17.8527588+00:00">
        <Text>Given the demo keyset with event engine enabled&#xD;
-&gt; done: EventEngineSteps.GivenTheDemoKeysetWithEventEngineEnabled() (0.0s)&#xD;
Given a linear reconnection policy with 3 retries&#xD;
-&gt; done: EventEngineSteps.GivenALinearReconnectionPolicyWithRetries(3) (0.0s)&#xD;
When I subscribe&#xD;
PNSubscribeOperation PNConnectedCategory 200&#xD;
-&gt; done: EventEngineSteps.WhenISubscribe() (4.8s)&#xD;
Then I receive the message in my subscribe response&#xD;
Message received in listener. {"Message":"{\"content\":\"Hello world!\"}","Timetoken":0,"Publisher":"tomato","Channel":"test","Subscription":null,"UserMetadata":null}&#xD;
-&gt; done: EventEngineSteps.ThenIReceiveTheMessageInMySubscribeResponse() (1.0s)&#xD;
And I observe the following:&#xD;
  --- table step argument ---&#xD;
  | type       | name                        |&#xD;
  | event      | SUBSCRIPTION_CHANGED        |&#xD;
  | invocation | HANDSHAKE                   |&#xD;
  | event      | HANDSHAKE_FAILURE           |&#xD;
  | invocation | CANCEL_HANDSHAKE            |&#xD;
  | invocation | HANDSHAKE_RECONNECT         |&#xD;
  | event      | HANDSHAKE_RECONNECT_FAILURE |&#xD;
  | invocation | CANCEL_HANDSHAKE_RECONNECT  |&#xD;
  | invocation | HANDSHAKE_RECONNECT         |&#xD;
  | event      | HANDSHAKE_RECONNECT_SUCCESS |&#xD;
  | invocation | CANCEL_HANDSHAKE_RECONNECT  |&#xD;
  | invocation | EMIT_STATUS                 |&#xD;
  | invocation | RECEIVE_MESSAGES            |&#xD;
  | event      | RECEIVE_SUCCESS             |&#xD;
  | invocation | CANCEL_RECEIVE_MESSAGES     |&#xD;
  | invocation | EMIT_MESSAGES               |&#xD;
  | invocation | RECEIVE_MESSAGES            |&#xD;
-&gt; done: EventEngineSteps.ThenIObserveTheFollowing(&lt;table&gt;) (0.0s)&#xD;
None PNDisconnectedCategory 0&#xD;
</Text>
      </RunInfo>
      <RunInfo computerName="fv-az1213-974" outcome="Warning" timestamp="2024-04-18T12:15:20.5004322+00:00">
        <Text>Given the demo keyset with event engine enabled&#xD;
-&gt; done: EventEngineSteps.GivenTheDemoKeysetWithEventEngineEnabled() (0.0s)&#xD;
Given a linear reconnection policy with 3 retries&#xD;
-&gt; done: EventEngineSteps.GivenALinearReconnectionPolicyWithRetries(3) (0.0s)&#xD;
When I subscribe&#xD;
PNSubscribeOperation PNConnectedCategory 200&#xD;
-&gt; done: EventEngineSteps.WhenISubscribe() (0.0s)&#xD;
Then I receive the message in my subscribe response&#xD;
Message received in listener. {"Message":"{\"content\":\"Hello world!\"}","Timetoken":0,"Publisher":"tomato","Channel":"test","Subscription":null,"UserMetadata":null}&#xD;
-&gt; done: EventEngineSteps.ThenIReceiveTheMessageInMySubscribeResponse() (2.6s)&#xD;
And I observe the following:&#xD;
  --- table step argument ---&#xD;
  | type       | name                      |&#xD;
  | event      | SUBSCRIPTION_CHANGED      |&#xD;
  | invocation | HANDSHAKE                 |&#xD;
  | event      | HANDSHAKE_SUCCESS         |&#xD;
  | invocation | CANCEL_HANDSHAKE          |&#xD;
  | invocation | EMIT_STATUS               |&#xD;
  | invocation | RECEIVE_MESSAGES          |&#xD;
  | event      | RECEIVE_FAILURE           |&#xD;
  | invocation | CANCEL_RECEIVE_MESSAGES   |&#xD;
  | invocation | RECEIVE_RECONNECT         |&#xD;
  | event      | RECEIVE_RECONNECT_SUCCESS |&#xD;
  | invocation | CANCEL_RECEIVE_RECONNECT  |&#xD;
  | invocation | EMIT_MESSAGES             |&#xD;
  | invocation | RECEIVE_MESSAGES          |&#xD;
-&gt; done: EventEngineSteps.ThenIObserveTheFollowing(&lt;table&gt;) (0.0s)&#xD;
None PNDisconnectedCategory 0&#xD;
</Text>
      </RunInfo>
      <RunInfo computerName="fv-az1213-974" outcome="Warning" timestamp="2024-04-18T12:15:21.5252037+00:00">
        <Text>Given the demo keyset with event engine enabled&#xD;
-&gt; done: EventEngineSteps.GivenTheDemoKeysetWithEventEngineEnabled() (0.0s)&#xD;
When I subscribe&#xD;
PNSubscribeOperation PNConnectedCategory 200&#xD;
-&gt; done: EventEngineSteps.WhenISubscribe() (0.0s)&#xD;
Then I receive the message in my subscribe response&#xD;
Message received in listener. {"Message":"hello","Timetoken":0,"Publisher":"a","Channel":"test","Subscription":null,"UserMetadata":null}&#xD;
-&gt; done: EventEngineSteps.ThenIReceiveTheMessageInMySubscribeResponse() (1.0s)&#xD;
And I observe the following:&#xD;
  --- table step argument ---&#xD;
  | type       | name                    |&#xD;
  | event      | SUBSCRIPTION_CHANGED    |&#xD;
  | invocation | HANDSHAKE               |&#xD;
  | event      | HANDSHAKE_SUCCESS       |&#xD;
  | invocation | CANCEL_HANDSHAKE        |&#xD;
  | invocation | EMIT_STATUS             |&#xD;
  | invocation | RECEIVE_MESSAGES        |&#xD;
  | event      | RECEIVE_SUCCESS         |&#xD;
  | invocation | CANCEL_RECEIVE_MESSAGES |&#xD;
  | invocation | EMIT_MESSAGES           |&#xD;
  | invocation | RECEIVE_MESSAGES        |&#xD;
-&gt; done: EventEngineSteps.ThenIObserveTheFollowing(&lt;table&gt;) (0.0s)&#xD;
None PNDisconnectedCategory 0&#xD;
</Text>
      </RunInfo>
      <RunInfo computerName="fv-az1213-974" outcome="Warning" timestamp="2024-04-18T12:15:22.5592395+00:00">
        <Text>Given the demo keyset with event engine enabled&#xD;
-&gt; done: EventEngineSteps.GivenTheDemoKeysetWithEventEngineEnabled() (0.0s)&#xD;
When I subscribe with timetoken 12345678901234567&#xD;
PNSubscribeOperation PNConnectedCategory 200&#xD;
-&gt; done: EventEngineSteps.WhenISubscribeWithTimetoken(12345678901234567) (0.0s)&#xD;
Then I receive the message in my subscribe response&#xD;
Message received in listener. {"Message":"{\"content\":\"Hello world!\"}","Timetoken":0,"Publisher":"tomato","Channel":"test","Subscription":null,"UserMetadata":null}&#xD;
-&gt; done: EventEngineSteps.ThenIReceiveTheMessageInMySubscribeResponse() (1.0s)&#xD;
And I observe the following:&#xD;
  --- table step argument ---&#xD;
  | type       | name                    |&#xD;
  | event      | SUBSCRIPTION_RESTORED   |&#xD;
  | invocation | HANDSHAKE               |&#xD;
  | event      | HANDSHAKE_SUCCESS       |&#xD;
  | invocation | CANCEL_HANDSHAKE        |&#xD;
  | invocation | EMIT_STATUS             |&#xD;
  | invocation | RECEIVE_MESSAGES        |&#xD;
  | event      | RECEIVE_SUCCESS         |&#xD;
  | invocation | CANCEL_RECEIVE_MESSAGES |&#xD;
  | invocation | EMIT_MESSAGES           |&#xD;
  | invocation | RECEIVE_MESSAGES        |&#xD;
-&gt; done: EventEngineSteps.ThenIObserveTheFollowing(&lt;table&gt;) (0.0s)&#xD;
None PNDisconnectedCategory 0&#xD;
</Text>
      </RunInfo>
      <RunInfo computerName="fv-az1213-974" outcome="Warning" timestamp="2024-04-18T12:15:25.6847669+00:00">
        <Text>Given the demo keyset with event engine enabled&#xD;
-&gt; done: EventEngineSteps.GivenTheDemoKeysetWithEventEngineEnabled() (0.0s)&#xD;
Given a linear reconnection policy with 3 retries&#xD;
-&gt; done: EventEngineSteps.GivenALinearReconnectionPolicyWithRetries(3) (0.0s)&#xD;
When I subscribe with timetoken 12345678901234567&#xD;
PNSubscribeOperation PNConnectedCategory 200&#xD;
-&gt; done: EventEngineSteps.WhenISubscribeWithTimetoken(12345678901234567) (2.1s)&#xD;
Then I receive the message in my subscribe response&#xD;
Message received in listener. {"Message":"{\"content\":\"Hello world!\"}","Timetoken":0,"Publisher":"tomato","Channel":"test","Subscription":null,"UserMetadata":null}&#xD;
-&gt; done: EventEngineSteps.ThenIReceiveTheMessageInMySubscribeResponse() (1.0s)&#xD;
And I observe the following:&#xD;
  --- table step argument ---&#xD;
  | type       | name                        |&#xD;
  | event      | SUBSCRIPTION_RESTORED       |&#xD;
  | invocation | HANDSHAKE                   |&#xD;
  | event      | HANDSHAKE_FAILURE           |&#xD;
  | invocation | CANCEL_HANDSHAKE            |&#xD;
  | invocation | HANDSHAKE_RECONNECT         |&#xD;
  | event      | HANDSHAKE_RECONNECT_SUCCESS |&#xD;
  | invocation | CANCEL_HANDSHAKE_RECONNECT  |&#xD;
  | invocation | EMIT_STATUS                 |&#xD;
  | invocation | RECEIVE_MESSAGES            |&#xD;
  | event      | RECEIVE_SUCCESS             |&#xD;
  | invocation | CANCEL_RECEIVE_MESSAGES     |&#xD;
  | invocation | EMIT_MESSAGES               |&#xD;
  | invocation | RECEIVE_MESSAGES            |&#xD;
-&gt; done: EventEngineSteps.ThenIObserveTheFollowing(&lt;table&gt;) (0.0s)&#xD;
None PNDisconnectedCategory 0&#xD;
</Text>
      </RunInfo>
      <RunInfo computerName="fv-az1213-974" outcome="Warning" timestamp="2024-04-18T12:15:34.7424506+00:00">
        <Text>Given the demo keyset with Presence EE enabled&#xD;
-&gt; done: EventEngineSteps.GivenTheDemoKeysetWithPresenceEEenabled() (0.0s)&#xD;
Given heartbeatInterval set to '1', timeout set to '60' and suppressLeaveEvents set to 'false'&#xD;
-&gt; done: EventEngineSteps.GivenPresenceConfiguration("1", "60", "false") (0.0s)&#xD;
Given a linear reconnection policy with 3 retries&#xD;
-&gt; done: EventEngineSteps.GivenALinearReconnectionPolicyWithRetries(3) (0.0s)&#xD;
When I join 'first', 'second', 'third' channels&#xD;
-&gt; done: EventEngineSteps.WhenIJoinChannels("first", "second", "third") (0.0s)&#xD;
Then I receive an error in my heartbeat response&#xD;
-&gt; done: EventEngineSteps.ThenHeartbeatErrorAsync() (9.0s)&#xD;
And I observe the following Events and Invocations of the Presence EE:&#xD;
  --- table step argument ---&#xD;
  | type       | name                     |&#xD;
  | event      | JOINED                   |&#xD;
  | invocation | HEARTBEAT                |&#xD;
  | event      | HEARTBEAT_FAILURE        |&#xD;
  | invocation | DELAYED_HEARTBEAT        |&#xD;
  | event      | HEARTBEAT_FAILURE        |&#xD;
  | invocation | CANCEL_DELAYED_HEARTBEAT |&#xD;
  | invocation | DELAYED_HEARTBEAT        |&#xD;
  | event      | HEARTBEAT_FAILURE        |&#xD;
  | invocation | CANCEL_DELAYED_HEARTBEAT |&#xD;
  | invocation | DELAYED_HEARTBEAT        |&#xD;
  | event      | HEARTBEAT_FAILURE        |&#xD;
  | invocation | CANCEL_DELAYED_HEARTBEAT |&#xD;
  | invocation | DELAYED_HEARTBEAT        |&#xD;
  | event      | HEARTBEAT_GIVEUP         |&#xD;
  | invocation | CANCEL_DELAYED_HEARTBEAT |&#xD;
-&gt; done: EventEngineSteps.ThenIObserverPresenceEventEngine(&lt;table&gt;) (0.0s)&#xD;
</Text>
      </RunInfo>
      <RunInfo computerName="fv-az1213-974" outcome="Warning" timestamp="2024-04-18T12:15:34.7643737+00:00">
        <Text>Given the demo keyset with Presence EE enabled&#xD;
-&gt; done: EventEngineSteps.GivenTheDemoKeysetWithPresenceEEenabled() (0.0s)&#xD;
Given heartbeatInterval set to '0', timeout set to '60' and suppressLeaveEvents set to 'false'&#xD;
-&gt; done: EventEngineSteps.GivenPresenceConfiguration("0", "60", "false") (0.0s)&#xD;
When I join 'first', 'second', 'third' channels&#xD;
-&gt; done: EventEngineSteps.WhenIJoinChannels("first", "second", "third") (0.0s)&#xD;
Then I don't observe any Events and Invocations of the Presence EE&#xD;
-&gt; done: EventEngineSteps.ThenIDontObserveAnyEventsAndInvocationsOfThePresenceEE() (0.0s)&#xD;
</Text>
      </RunInfo>
      <RunInfo computerName="fv-az1213-974" outcome="Warning" timestamp="2024-04-18T12:15:37.8161722+00:00">
        <Text>Given the demo keyset with Presence EE enabled&#xD;
-&gt; done: EventEngineSteps.GivenTheDemoKeysetWithPresenceEEenabled() (0.0s)&#xD;
Given heartbeatInterval set to '20', timeout set to '60' and suppressLeaveEvents set to 'false'&#xD;
-&gt; done: EventEngineSteps.GivenPresenceConfiguration("20", "60", "false") (0.0s)&#xD;
When I join 'first', 'second', 'third' channels with presence&#xD;
-&gt; done: EventEngineSteps.WhenIJoinChannelsWithPresence("first", "second", "third") (0.0s)&#xD;
Then I wait for getting Presence joined events&#xD;
{"Event":"join","Uuid":"db9c5e39-7c95-40f5-8d71-125765b6f561","Timestamp":17134425347820952,"Occupancy":1,"State":null,"Channel":"first","Subscription":"","Timetoken":0,"UserMetadata":null,"Join":null,"Timeout":null,"Leave":null,"HereNowRefresh":false}&#xD;
-&gt; done: EventEngineSteps.ThenIWaitForPresenceJoinEvents() (0.0s)&#xD;
Then I leave 'first' and 'second' channels with presence&#xD;
{"Event":"join","Uuid":"db9c5e39-7c95-40f5-8d71-125765b6f561","Timestamp":17134425347821220,"Occupancy":1,"State":null,"Channel":"second","Subscription":"","Timetoken":0,"UserMetadata":null,"Join":null,"Timeout":null,"Leave":null,"HereNowRefresh":false}&#xD;
{"Event":"join","Uuid":"db9c5e39-7c95-40f5-8d71-125765b6f561","Timestamp":17134425347821374,"Occupancy":1,"State":null,"Channel":"third","Subscription":"","Timetoken":0,"UserMetadata":null,"Join":null,"Timeout":null,"Leave":null,"HereNowRefresh":false}&#xD;
-&gt; done: EventEngineSteps.ThenILeaveAndChannelsWithPresence("first", "second") (0.0s)&#xD;
Then I wait '3' seconds&#xD;
-&gt; done: EventEngineSteps.ThenIWaitAsync("3") (3.0s)&#xD;
And I observe the following Events and Invocations of the Presence EE:&#xD;
  --- table step argument ---&#xD;
  | type       | name              |&#xD;
  | event      | JOINED            |&#xD;
  | invocation | HEARTBEAT         |&#xD;
  | event      | HEARTBEAT_SUCCESS |&#xD;
  | invocation | WAIT              |&#xD;
  | event      | LEFT              |&#xD;
  | invocation | CANCEL_WAIT       |&#xD;
  | invocation | LEAVE             |&#xD;
  | invocation | HEARTBEAT         |&#xD;
  | event      | HEARTBEAT_SUCCESS |&#xD;
  | invocation | WAIT              |&#xD;
-&gt; done: EventEngineSteps.ThenIObserverPresenceEventEngine(&lt;table&gt;) (0.0s)&#xD;
</Text>
      </RunInfo>
      <RunInfo computerName="fv-az1213-974" outcome="Warning" timestamp="2024-04-18T12:15:39.9699233+00:00">
        <Text>Given the demo keyset with Presence EE enabled&#xD;
-&gt; done: EventEngineSteps.GivenTheDemoKeysetWithPresenceEEenabled() (0.0s)&#xD;
Given heartbeatInterval set to '1', timeout set to '60' and suppressLeaveEvents set to 'false'&#xD;
-&gt; done: EventEngineSteps.GivenPresenceConfiguration("1", "60", "false") (0.0s)&#xD;
Given a linear reconnection policy with 3 retries&#xD;
-&gt; done: EventEngineSteps.GivenALinearReconnectionPolicyWithRetries(3) (0.0s)&#xD;
When I join 'first', 'second', 'third' channels with presence&#xD;
-&gt; done: EventEngineSteps.WhenIJoinChannelsWithPresence("first", "second", "third") (0.0s)&#xD;
Then I wait for getting Presence joined events&#xD;
{"Event":"join","Uuid":"db9c5e39-7c95-40f5-8d71-125765b6f561","Timestamp":17134425399395642,"Occupancy":1,"State":null,"Channel":"first","Subscription":"","Timetoken":0,"UserMetadata":null,"Join":null,"Timeout":null,"Leave":null,"HereNowRefresh":false}&#xD;
-&gt; done: EventEngineSteps.ThenIWaitForPresenceJoinEvents() (2.1s)&#xD;
And I observe the following Events and Invocations of the Presence EE:&#xD;
  --- table step argument ---&#xD;
  | type       | name                     |&#xD;
  | event      | JOINED                   |&#xD;
  | invocation | HEARTBEAT                |&#xD;
  | event      | HEARTBEAT_FAILURE        |&#xD;
  | invocation | DELAYED_HEARTBEAT        |&#xD;
  | event      | HEARTBEAT_SUCCESS        |&#xD;
  | invocation | CANCEL_DELAYED_HEARTBEAT |&#xD;
  | invocation | WAIT                     |&#xD;
-&gt; done: EventEngineSteps.ThenIObserverPresenceEventEngine(&lt;table&gt;) (0.0s)&#xD;
{"Event":"join","Uuid":"db9c5e39-7c95-40f5-8d71-125765b6f561","Timestamp":17134425399395736,"Occupancy":1,"State":null,"Channel":"second","Subscription":"","Timetoken":0,"UserMetadata":null,"Join":null,"Timeout":null,"Leave":null,"HereNowRefresh":false}&#xD;
{"Event":"join","Uuid":"db9c5e39-7c95-40f5-8d71-125765b6f561","Timestamp":17134425399395796,"Occupancy":1,"State":null,"Channel":"third","Subscription":"","Timetoken":0,"UserMetadata":null,"Join":null,"Timeout":null,"Leave":null,"HereNowRefresh":false}&#xD;
</Text>
      </RunInfo>
      <RunInfo computerName="fv-az1213-974" outcome="Warning" timestamp="2024-04-18T12:15:42.9944815+00:00">
        <Text>Given the demo keyset with Presence EE enabled&#xD;
-&gt; done: EventEngineSteps.GivenTheDemoKeysetWithPresenceEEenabled() (0.0s)&#xD;
Given heartbeatInterval set to '1', timeout set to '60' and suppressLeaveEvents set to 'false'&#xD;
-&gt; done: EventEngineSteps.GivenPresenceConfiguration("1", "60", "false") (0.0s)&#xD;
When I join 'first', 'second', 'third' channels&#xD;
-&gt; done: EventEngineSteps.WhenIJoinChannels("first", "second", "third") (0.0s)&#xD;
Then I wait '3' seconds&#xD;
-&gt; done: EventEngineSteps.ThenIWaitAsync("3") (3.0s)&#xD;
And I observe the following Events and Invocations of the Presence EE:&#xD;
  --- table step argument ---&#xD;
  | type       | name              |&#xD;
  | event      | JOINED            |&#xD;
  | invocation | HEARTBEAT         |&#xD;
  | event      | HEARTBEAT_SUCCESS |&#xD;
  | invocation | WAIT              |&#xD;
  | event      | TIMES_UP          |&#xD;
  | invocation | CANCEL_WAIT       |&#xD;
  | invocation | HEARTBEAT         |&#xD;
  | event      | HEARTBEAT_SUCCESS |&#xD;
  | invocation | WAIT              |&#xD;
  | event      | TIMES_UP          |&#xD;
  | invocation | CANCEL_WAIT       |&#xD;
  | invocation | HEARTBEAT         |&#xD;
-&gt; done: EventEngineSteps.ThenIObserverPresenceEventEngine(&lt;table&gt;) (0.0s)&#xD;
</Text>
      </RunInfo>
      <RunInfo computerName="fv-az1213-974" outcome="Warning" timestamp="2024-04-18T12:15:43.0445063+00:00">
        <Text>Given the demo keyset with Presence EE enabled&#xD;
-&gt; done: EventEngineSteps.GivenTheDemoKeysetWithPresenceEEenabled() (0.0s)&#xD;
Given heartbeatInterval set to '1', timeout set to '60' and suppressLeaveEvents set to 'false'&#xD;
-&gt; done: EventEngineSteps.GivenPresenceConfiguration("1", "60", "false") (0.0s)&#xD;
When I join 'first', 'second', 'third' channels with presence&#xD;
-&gt; done: EventEngineSteps.WhenIJoinChannelsWithPresence("first", "second", "third") (0.0s)&#xD;
Then I wait for getting Presence joined events&#xD;
{"Event":"join","Uuid":"db9c5e39-7c95-40f5-8d71-125765b6f561","Timestamp":17134425430151000,"Occupancy":1,"State":null,"Channel":"first","Subscription":"","Timetoken":0,"UserMetadata":null,"Join":null,"Timeout":null,"Leave":null,"HereNowRefresh":false}&#xD;
-&gt; done: EventEngineSteps.ThenIWaitForPresenceJoinEvents() (0.0s)&#xD;
And I observe the following Events and Invocations of the Presence EE:&#xD;
  --- table step argument ---&#xD;
  | type       | name              |&#xD;
  | event      | JOINED            |&#xD;
  | invocation | HEARTBEAT         |&#xD;
  | event      | HEARTBEAT_SUCCESS |&#xD;
  | invocation | WAIT              |&#xD;
-&gt; done: EventEngineSteps.ThenIObserverPresenceEventEngine(&lt;table&gt;) (0.0s)&#xD;
{"Event":"join","Uuid":"db9c5e39-7c95-40f5-8d71-125765b6f561","Timestamp":17134425430151136,"Occupancy":1,"State":null,"Channel":"second","Subscription":"","Timetoken":0,"UserMetadata":null,"Join":null,"Timeout":null,"Leave":null,"HereNowRefresh":false}&#xD;
{"Event":"join","Uuid":"db9c5e39-7c95-40f5-8d71-125765b6f561","Timestamp":17134425430151236,"Occupancy":1,"State":null,"Channel":"third","Subscription":"","Timetoken":0,"UserMetadata":null,"Join":null,"Timeout":null,"Leave":null,"HereNowRefresh":false}&#xD;
</Text>
      </RunInfo>
      <RunInfo computerName="fv-az1213-974" outcome="Warning" timestamp="2024-04-18T12:15:43.0970848+00:00">
        <Text>Given I have a keyset with access manager enabled&#xD;
-&gt; done: FeatureAccessSteps.GivenIHaveAKeysetWithAccessManagerEnabled() (0.0s)&#xD;
Given the TTL 43201&#xD;
-&gt; done: FeatureAccessSteps.GivenTheTTL(43201) (0.0s)&#xD;
Given the 'channel-1' CHANNEL resource access permissions&#xD;
-&gt; done: FeatureAccessSteps.GivenTheCHANNELResourceAccessPermissions("channel-1") (0.0s)&#xD;
* grant resource permission READ&#xD;
-&gt; done: FeatureAccessSteps.GivenGrantResourcePermissionREAD() (0.0s)&#xD;
When I attempt to grant a token specifying those permissions&#xD;
-&gt; done: FeatureAccessSteps.WhenIAttemptToGrantATokenSpecifyingThosePermissions() (0.0s)&#xD;
Then an error is returned&#xD;
-&gt; done: FeatureAccessSteps.ThenAnErrorIsReturned() (0.0s)&#xD;
* the error status code is 400&#xD;
-&gt; done: FeatureAccessSteps.ThenTheErrorStatusCodeIs(400) (0.0s)&#xD;
* the error message is 'Invalid ttl'&#xD;
-&gt; done: FeatureAccessSteps.ThenTheErrorMessageIs("Invalid ttl") (0.0s)&#xD;
* the error source is 'grant'&#xD;
-&gt; done: FeatureAccessSteps.ThenTheErrorSourceIs("grant") (0.0s)&#xD;
* the error detail message is 'Range should be 1 to 43200 minute(s).'&#xD;
-&gt; done: FeatureAccessSteps.ThenTheErrorDetailMessageIs("Range should be 1...") (0.0s)&#xD;
* the error detail location is 'ttl'&#xD;
-&gt; done: FeatureAccessSteps.ThenTheErrorDetailLocationIs("ttl") (0.0s)&#xD;
* the error detail location type is 'body'&#xD;
-&gt; done: FeatureAccessSteps.ThenTheErrorDetailLocationTypeIs("body") (0.0s)&#xD;
</Text>
      </RunInfo>
      <RunInfo computerName="fv-az1213-974" outcome="Warning" timestamp="2024-04-18T12:15:43.1229731+00:00">
        <Text>Given I have a keyset with access manager enabled&#xD;
-&gt; done: FeatureAccessSteps.GivenIHaveAKeysetWithAccessManagerEnabled() (0.0s)&#xD;
Given the TTL 60&#xD;
-&gt; done: FeatureAccessSteps.GivenTheTTL(60) (0.0s)&#xD;
Given the 'uuid-1' UUID resource access permissions&#xD;
-&gt; done: FeatureAccessSteps.GivenTheUUIDResourceAccessPermissions("uuid-1") (0.0s)&#xD;
* deny resource permission GET&#xD;
-&gt; done: FeatureAccessSteps.GivenDenyResourcePermissionGET() (0.0s)&#xD;
When I attempt to grant a token specifying those permissions&#xD;
-&gt; done: FeatureAccessSteps.WhenIAttemptToGrantATokenSpecifyingThosePermissions() (0.0s)&#xD;
Then an error is returned&#xD;
-&gt; done: FeatureAccessSteps.ThenAnErrorIsReturned() (0.0s)&#xD;
* the error status code is 400&#xD;
-&gt; done: FeatureAccessSteps.ThenTheErrorStatusCodeIs(400) (0.0s)&#xD;
* the error message is 'Invalid permissions'&#xD;
-&gt; done: FeatureAccessSteps.ThenTheErrorMessageIs("Invalid permissions") (0.0s)&#xD;
* the error source is 'grant'&#xD;
-&gt; done: FeatureAccessSteps.ThenTheErrorSourceIs("grant") (0.0s)&#xD;
* the error detail message is 'Unexpected value: `permissions.resources.uuids.uuid-1` must be positive and non-zero.'&#xD;
-&gt; done: FeatureAccessSteps.ThenTheErrorDetailMessageIs("Unexpected value:...") (0.0s)&#xD;
* the error detail location is 'permissions.resources.uuids.uuid-1'&#xD;
-&gt; done: FeatureAccessSteps.ThenTheErrorDetailLocationIs("permissions.resou...") (0.0s)&#xD;
* the error detail location type is 'body'&#xD;
-&gt; done: FeatureAccessSteps.ThenTheErrorDetailLocationTypeIs("body") (0.0s)&#xD;
</Text>
      </RunInfo>
      <RunInfo computerName="fv-az1213-974" outcome="Warning" timestamp="2024-04-18T12:15:43.1415030+00:00">
        <Text>Given I have a keyset with access manager enabled&#xD;
-&gt; done: FeatureAccessSteps.GivenIHaveAKeysetWithAccessManagerEnabled() (0.0s)&#xD;
Given the TTL 60&#xD;
-&gt; done: FeatureAccessSteps.GivenTheTTL(60) (0.0s)&#xD;
Given the '!&lt;[^&gt;]+&gt;++' UUID pattern access permissions&#xD;
-&gt; done: FeatureAccessSteps.GivenTheUUIDPatternAccessPermissions("!&lt;[^&gt;]+&gt;++") (0.0s)&#xD;
* grant pattern permission GET&#xD;
-&gt; done: FeatureAccessSteps.GivenGrantPatternPermissionGET() (0.0s)&#xD;
When I attempt to grant a token specifying those permissions&#xD;
-&gt; done: FeatureAccessSteps.WhenIAttemptToGrantATokenSpecifyingThosePermissions() (0.0s)&#xD;
Then an error is returned&#xD;
-&gt; done: FeatureAccessSteps.ThenAnErrorIsReturned() (0.0s)&#xD;
* the error status code is 400&#xD;
-&gt; done: FeatureAccessSteps.ThenTheErrorStatusCodeIs(400) (0.0s)&#xD;
* the error message is 'Invalid RegExp'&#xD;
-&gt; done: FeatureAccessSteps.ThenTheErrorMessageIs("Invalid RegExp") (0.0s)&#xD;
* the error source is 'grant'&#xD;
-&gt; done: FeatureAccessSteps.ThenTheErrorSourceIs("grant") (0.0s)&#xD;
* the error detail message is 'Syntax error: multiple repeat.'&#xD;
-&gt; done: FeatureAccessSteps.ThenTheErrorDetailMessageIs("Syntax error: mul...") (0.0s)&#xD;
* the error detail location is 'permissions.patterns.uuids.!&lt;[^&gt;]+&gt;++'&#xD;
-&gt; done: FeatureAccessSteps.ThenTheErrorDetailLocationIs("permissions.patte...") (0.0s)&#xD;
* the error detail location type is 'body'&#xD;
-&gt; done: FeatureAccessSteps.ThenTheErrorDetailLocationTypeIs("body") (0.0s)&#xD;
</Text>
      </RunInfo>
      <RunInfo computerName="fv-az1213-974" outcome="Warning" timestamp="2024-04-18T12:15:43.1587690+00:00">
        <Text>Given I have a keyset with access manager enabled&#xD;
-&gt; done: FeatureAccessSteps.GivenIHaveAKeysetWithAccessManagerEnabled() (0.0s)&#xD;
Given the TTL 60&#xD;
-&gt; done: FeatureAccessSteps.GivenTheTTL(60) (0.0s)&#xD;
Given the '(!&lt;[^&gt;]+&gt;)+' UUID pattern access permissions&#xD;
-&gt; done: FeatureAccessSteps.GivenTheUUIDPatternAccessPermissions("(!&lt;[^&gt;]+&gt;)+") (0.0s)&#xD;
* grant pattern permission GET&#xD;
-&gt; done: FeatureAccessSteps.GivenGrantPatternPermissionGET() (0.0s)&#xD;
When I attempt to grant a token specifying those permissions&#xD;
-&gt; done: FeatureAccessSteps.WhenIAttemptToGrantATokenSpecifyingThosePermissions() (0.0s)&#xD;
Then an error is returned&#xD;
-&gt; done: FeatureAccessSteps.ThenAnErrorIsReturned() (0.0s)&#xD;
* the error status code is 400&#xD;
-&gt; done: FeatureAccessSteps.ThenTheErrorStatusCodeIs(400) (0.0s)&#xD;
* the error message is 'Invalid RegExp'&#xD;
-&gt; done: FeatureAccessSteps.ThenTheErrorMessageIs("Invalid RegExp") (0.0s)&#xD;
* the error source is 'grant'&#xD;
-&gt; done: FeatureAccessSteps.ThenTheErrorSourceIs("grant") (0.0s)&#xD;
* the error detail message is 'Only non-capturing groups are allowed. Try replacing `(` with `(?:`.'&#xD;
-&gt; done: FeatureAccessSteps.ThenTheErrorDetailMessageIs("Only non-capturin...") (0.0s)&#xD;
* the error detail location is 'permissions.patterns.uuids.(!&lt;[^&gt;]+&gt;)+'&#xD;
-&gt; done: FeatureAccessSteps.ThenTheErrorDetailLocationIs("permissions.patte...") (0.0s)&#xD;
* the error detail location type is 'body'&#xD;
-&gt; done: FeatureAccessSteps.ThenTheErrorDetailLocationTypeIs("body") (0.0s)&#xD;
</Text>
      </RunInfo>
      <RunInfo computerName="fv-az1213-974" outcome="Warning" timestamp="2024-04-18T12:15:44.3461157+00:00">
        <Text>Given I have a keyset with access manager enabled&#xD;
-&gt; done: FeatureAccessSteps.GivenIHaveAKeysetWithAccessManagerEnabled() (0.0s)&#xD;
Given the authorized UUID "test-authorized-uuid"&#xD;
-&gt; done: FeatureAccessSteps.GivenTheAuthorizedUUID("test-authorized-uuid") (0.0s)&#xD;
Given the TTL 60&#xD;
-&gt; done: FeatureAccessSteps.GivenTheTTL(60) (0.0s)&#xD;
Given the 'channel-1' CHANNEL resource access permissions&#xD;
-&gt; done: FeatureAccessSteps.GivenTheCHANNELResourceAccessPermissions("channel-1") (0.0s)&#xD;
* grant resource permission READ&#xD;
-&gt; done: FeatureAccessSteps.GivenGrantResourcePermissionREAD() (0.0s)&#xD;
When I grant a token specifying those permissions&#xD;
-&gt; done: FeatureAccessSteps.WhenIGrantATokenSpecifyingThosePermissions() (0.0s)&#xD;
Then the token contains the TTL 60&#xD;
-&gt; done: FeatureAccessSteps.ThenTheTokenContainsTheTTL(60) (0.1s)&#xD;
Then the token contains the authorized UUID "test-authorized-uuid"&#xD;
-&gt; done: FeatureAccessSteps.ThenTheTokenContainsTheAuthorizedUUID("test-authorized-uuid") (0.0s)&#xD;
Then the token has 'channel-1' CHANNEL resource access permissions&#xD;
-&gt; done: FeatureAccessSteps.ThenTheTokenHasCHANNELResourceAccessPermissions("channel-1") (0.0s)&#xD;
* token resource permission READ&#xD;
-&gt; done: FeatureAccessSteps.ThenTokenResourcePermissionREAD() (0.0s)&#xD;
</Text>
      </RunInfo>
      <RunInfo computerName="fv-az1213-974" outcome="Warning" timestamp="2024-04-18T12:15:44.3461627+00:00">
        <Text>Given I have a keyset with access manager enabled&#xD;
-&gt; done: FeatureAccessSteps.GivenIHaveAKeysetWithAccessManagerEnabled() (0.0s)&#xD;
Given the authorized UUID "test-authorized-uuid"&#xD;
-&gt; done: FeatureAccessSteps.GivenTheAuthorizedUUID("test-authorized-uuid") (0.0s)&#xD;
Given the TTL 60&#xD;
-&gt; done: FeatureAccessSteps.GivenTheTTL(60) (0.0s)&#xD;
Given the 'channel-1' CHANNEL resource access permissions&#xD;
-&gt; done: FeatureAccessSteps.GivenTheCHANNELResourceAccessPermissions("channel-1") (0.0s)&#xD;
* grant resource permission READ&#xD;
-&gt; done: FeatureAccessSteps.GivenGrantResourcePermissionREAD() (0.0s)&#xD;
* grant resource permission WRITE&#xD;
-&gt; done: FeatureAccessSteps.GivenGrantResourcePermissionWRITE() (0.0s)&#xD;
* grant resource permission GET&#xD;
-&gt; done: FeatureAccessSteps.GivenGrantResourcePermissionGET() (0.0s)&#xD;
* grant resource permission MANAGE&#xD;
-&gt; done: FeatureAccessSteps.GivenGrantResourcePermissionMANAGE() (0.0s)&#xD;
* grant resource permission UPDATE&#xD;
-&gt; done: FeatureAccessSteps.GivenGrantResourcePermissionUPDATE() (0.0s)&#xD;
* grant resource permission JOIN&#xD;
-&gt; done: FeatureAccessSteps.GivenGrantResourcePermissionJOIN() (0.0s)&#xD;
* grant resource permission DELETE&#xD;
-&gt; done: FeatureAccessSteps.GivenGrantResourcePermissionDELETE() (0.0s)&#xD;
Given the 'channel_group-1' CHANNEL_GROUP resource access permissions&#xD;
-&gt; done: FeatureAccessSteps.GivenTheCHANNEL_GROUPResourceAccessPermissions("channel_group-1") (0.0s)&#xD;
* grant resource permission READ&#xD;
-&gt; done: FeatureAccessSteps.GivenGrantResourcePermissionREAD() (0.0s)&#xD;
* grant resource permission MANAGE&#xD;
-&gt; done: FeatureAccessSteps.GivenGrantResourcePermissionMANAGE() (0.0s)&#xD;
Given the 'uuid-1' UUID resource access permissions&#xD;
-&gt; done: FeatureAccessSteps.GivenTheUUIDResourceAccessPermissions("uuid-1") (0.0s)&#xD;
* grant resource permission GET&#xD;
-&gt; done: FeatureAccessSteps.GivenGrantResourcePermissionGET() (0.0s)&#xD;
* grant resource permission UPDATE&#xD;
-&gt; done: FeatureAccessSteps.GivenGrantResourcePermissionUPDATE() (0.0s)&#xD;
* grant resource permission DELETE&#xD;
-&gt; done: FeatureAccessSteps.GivenGrantResourcePermissionDELETE() (0.0s)&#xD;
Given the '^channel-\S*$' CHANNEL pattern access permissions&#xD;
-&gt; done: FeatureAccessSteps.GivenTheCHANNELPatternAccessPermissions("^channel-\S*$") (0.0s)&#xD;
* grant pattern permission READ&#xD;
-&gt; done: FeatureAccessSteps.GivenGrantPatternPermissionREAD() (0.0s)&#xD;
* grant pattern permission WRITE&#xD;
-&gt; done: FeatureAccessSteps.GivenGrantPatternPermissionWRITE() (0.0s)&#xD;
* grant pattern permission GET&#xD;
-&gt; done: FeatureAccessSteps.GivenGrantPatternPermissionGET() (0.0s)&#xD;
* grant pattern permission MANAGE&#xD;
-&gt; done: FeatureAccessSteps.GivenGrantPatternPermissionMANAGE() (0.0s)&#xD;
* grant pattern permission UPDATE&#xD;
-&gt; done: FeatureAccessSteps.GivenGrantPatternPermissionUPDATE() (0.0s)&#xD;
* grant pattern permission JOIN&#xD;
-&gt; done: FeatureAccessSteps.GivenGrantPatternPermissionJOIN() (0.0s)&#xD;
* grant pattern permission DELETE&#xD;
-&gt; done: FeatureAccessSteps.GivenGrantPatternPermissionDELETE() (0.0s)&#xD;
Given the '^:channel_group-\S*$' CHANNEL_GROUP pattern access permissions&#xD;
-&gt; done: FeatureAccessSteps.GivenTheCHANNEL_GROUPPatternAccessPermissions("^:channel_group-\S*$") (0.0s)&#xD;
* grant pattern permission READ&#xD;
-&gt; done: FeatureAccessSteps.GivenGrantPatternPermissionREAD() (0.0s)&#xD;
* grant pattern permission MANAGE&#xD;
-&gt; done: FeatureAccessSteps.GivenGrantPatternPermissionMANAGE() (0.0s)&#xD;
Given the '^uuid-\S*$' UUID pattern access permissions&#xD;
-&gt; done: FeatureAccessSteps.GivenTheUUIDPatternAccessPermissions("^uuid-\S*$") (0.0s)&#xD;
* grant pattern permission GET&#xD;
-&gt; done: FeatureAccessSteps.GivenGrantPatternPermissionGET() (0.0s)&#xD;
* grant pattern permission UPDATE&#xD;
-&gt; done: FeatureAccessSteps.GivenGrantPatternPermissionUPDATE() (0.0s)&#xD;
* grant pattern permission DELETE&#xD;
-&gt; done: FeatureAccessSteps.GivenGrantPatternPermissionDELETE() (0.0s)&#xD;
When I grant a token specifying those permissions&#xD;
-&gt; done: FeatureAccessSteps.WhenIGrantATokenSpecifyingThosePermissions() (0.0s)&#xD;
Then the token contains the authorized UUID "test-authorized-uuid"&#xD;
-&gt; done: FeatureAccessSteps.ThenTheTokenContainsTheAuthorizedUUID("test-authorized-uuid") (0.0s)&#xD;
Then the token contains the TTL 60&#xD;
-&gt; done: FeatureAccessSteps.ThenTheTokenContainsTheTTL(60) (0.0s)&#xD;
Then the token has 'channel-1' CHANNEL resource access permissions&#xD;
-&gt; done: FeatureAccessSteps.ThenTheTokenHasCHANNELResourceAccessPermissions("channel-1") (0.0s)&#xD;
* token resource permission READ&#xD;
-&gt; done: FeatureAccessSteps.ThenTokenResourcePermissionREAD() (0.0s)&#xD;
* token resource permission WRITE&#xD;
-&gt; done: FeatureAccessSteps.ThenTokenResourcePermissionWRITE() (0.0s)&#xD;
* token resource permission GET&#xD;
-&gt; done: FeatureAccessSteps.ThenTokenResourcePermissionGET() (0.0s)&#xD;
* token resource permission MANAGE&#xD;
-&gt; done: FeatureAccessSteps.ThenTokenResourcePermissionMANAGE() (0.0s)&#xD;
* token resource permission UPDATE&#xD;
-&gt; done: FeatureAccessSteps.ThenTokenResourcePermissionUPDATE() (0.0s)&#xD;
* token resource permission JOIN&#xD;
-&gt; done: FeatureAccessSteps.ThenTokenResourcePermissionJOIN() (0.0s)&#xD;
* token resource permission DELETE&#xD;
-&gt; done: FeatureAccessSteps.ThenTokenResourcePermissionDELETE() (0.0s)&#xD;
Then the token has 'channel_group-1' CHANNEL_GROUP resource access permissions&#xD;
-&gt; done: FeatureAccessSteps.ThenTheTokenHasCHANNEL_GROUPResourceAccessPermissions("channel_group-1") (0.0s)&#xD;
* token resource permission READ&#xD;
-&gt; done: FeatureAccessSteps.ThenTokenResourcePermissionREAD() (0.0s)&#xD;
* token resource permission MANAGE&#xD;
-&gt; done: FeatureAccessSteps.ThenTokenResourcePermissionMANAGE() (0.0s)&#xD;
Then the token has 'uuid-1' UUID resource access permissions&#xD;
-&gt; done: FeatureAccessSteps.ThenTheTokenHasUUIDResourceAccessPermissions("uuid-1") (0.0s)&#xD;
* token resource permission GET&#xD;
-&gt; done: FeatureAccessSteps.ThenTokenResourcePermissionGET() (0.0s)&#xD;
* token resource permission UPDATE&#xD;
-&gt; done: FeatureAccessSteps.ThenTokenResourcePermissionUPDATE() (0.0s)&#xD;
* token resource permission DELETE&#xD;
-&gt; done: FeatureAccessSteps.ThenTokenResourcePermissionDELETE() (0.0s)&#xD;
Then the token has '^channel-\S*$' CHANNEL pattern access permissions&#xD;
-&gt; done: FeatureAccessSteps.ThenTheTokenHasCHANNELPatternAccessPermissions("^channel-\S*$") (0.0s)&#xD;
* token pattern permission READ&#xD;
-&gt; done: FeatureAccessSteps.ThenTokenPatternPermissionREAD() (0.0s)&#xD;
* token pattern permission WRITE&#xD;
-&gt; done: FeatureAccessSteps.ThenTokenPatternPermissionWRITE() (0.0s)&#xD;
* token pattern permission GET&#xD;
-&gt; done: FeatureAccessSteps.ThenTokenPatternPermissionGET() (0.0s)&#xD;
* token pattern permission MANAGE&#xD;
-&gt; done: FeatureAccessSteps.ThenTokenPatternPermissionMANAGE() (0.0s)&#xD;
* token pattern permission UPDATE&#xD;
-&gt; done: FeatureAccessSteps.ThenTokenPatternPermissionUPDATE() (0.0s)&#xD;
* token pattern permission JOIN&#xD;
-&gt; done: FeatureAccessSteps.ThenTokenPatternPermissionJOIN() (0.0s)&#xD;
* token pattern permission DELETE&#xD;
-&gt; done: FeatureAccessSteps.ThenTokenPatternPermissionDELETE() (0.0s)&#xD;
Then the token has '^:channel_group-\S*$' CHANNEL_GROUP pattern access permissions&#xD;
-&gt; done: FeatureAccessSteps.ThenTheTokenHasCHANNEL_GROUPPatternAccessPermissions("^:channel_group-\S*$") (0.0s)&#xD;
* token pattern permission READ&#xD;
-&gt; done: FeatureAccessSteps.ThenTokenPatternPermissionREAD() (0.0s)&#xD;
* token pattern permission MANAGE&#xD;
-&gt; done: FeatureAccessSteps.ThenTokenPatternPermissionMANAGE() (0.0s)&#xD;
Then the token has '^uuid-\S*$' UUID pattern access permissions&#xD;
-&gt; done: FeatureAccessSteps.ThenTheTokenHasUUIDPatternAccessPermissions("^uuid-\S*$") (0.0s)&#xD;
* token pattern permission GET&#xD;
-&gt; done: FeatureAccessSteps.ThenTokenPatternPermissionGET() (0.0s)&#xD;
* token pattern permission UPDATE&#xD;
-&gt; done: FeatureAccessSteps.ThenTokenPatternPermissionUPDATE() (0.0s)&#xD;
* token pattern permission DELETE&#xD;
-&gt; done: FeatureAccessSteps.ThenTokenPatternPermissionDELETE() (0.0s)&#xD;
</Text>
      </RunInfo>
      <RunInfo computerName="fv-az1213-974" outcome="Warning" timestamp="2024-04-18T12:15:44.3618724+00:00">
        <Text>Given I have a keyset with access manager enabled&#xD;
-&gt; done: FeatureAccessSteps.GivenIHaveAKeysetWithAccessManagerEnabled() (0.0s)&#xD;
Given the TTL 60&#xD;
-&gt; done: FeatureAccessSteps.GivenTheTTL(60) (0.0s)&#xD;
Given the 'channel-1' CHANNEL resource access permissions&#xD;
-&gt; done: FeatureAccessSteps.GivenTheCHANNELResourceAccessPermissions("channel-1") (0.0s)&#xD;
* grant resource permission READ&#xD;
-&gt; done: FeatureAccessSteps.GivenGrantResourcePermissionREAD() (0.0s)&#xD;
When I grant a token specifying those permissions&#xD;
-&gt; done: FeatureAccessSteps.WhenIGrantATokenSpecifyingThosePermissions() (0.0s)&#xD;
Then the token contains the TTL 60&#xD;
-&gt; done: FeatureAccessSteps.ThenTheTokenContainsTheTTL(60) (0.0s)&#xD;
Then the token does not contain an authorized uuid&#xD;
-&gt; done: FeatureAccessSteps.ThenTheTokenDoesNotContainAnAuthorizedUuid() (0.0s)&#xD;
Then the token has 'channel-1' CHANNEL resource access permissions&#xD;
-&gt; done: FeatureAccessSteps.ThenTheTokenHasCHANNELResourceAccessPermissions("channel-1") (0.0s)&#xD;
* token resource permission READ&#xD;
-&gt; done: FeatureAccessSteps.ThenTokenResourcePermissionREAD() (0.0s)&#xD;
</Text>
      </RunInfo>
      <RunInfo computerName="fv-az1213-974" outcome="Warning" timestamp="2024-04-18T12:15:44.3619005+00:00">
        <Text>Given I have a keyset with Objects V2 enabled&#xD;
-&gt; done: FeatureObjectsV2MetadataSteps.GivenIHaveAKeysetWithObjectsVEnabled(2) (0.0s)&#xD;
Given the id for 'Chat' channel&#xD;
-&gt; done: FeatureObjectsV2MetadataSteps.GivenTheIdForChannel("Chat") (0.0s)&#xD;
When I get the channel metadata&#xD;
-&gt; done: FeatureObjectsV2MetadataSteps.WhenIGetTheChannelMetadata() (0.0s)&#xD;
Then I receive a successful response&#xD;
-&gt; done: FeatureObjectsV2MetadataSteps.ThenIReceiveASuccessfulResponse() (0.0s)&#xD;
And the channel metadata for 'Chat' channel&#xD;
-&gt; done: FeatureObjectsV2MetadataSteps.ThenTheChannelMetadataForChannel("Chat") (0.0s)&#xD;
</Text>
      </RunInfo>
      <RunInfo computerName="fv-az1213-974" outcome="Warning" timestamp="2024-04-18T12:15:44.3622893+00:00">
        <Text>Given I have a keyset with Objects V2 enabled&#xD;
-&gt; done: FeatureObjectsV2MetadataSteps.GivenIHaveAKeysetWithObjectsVEnabled(2) (0.0s)&#xD;
Given the id for 'DM' channel&#xD;
-&gt; done: FeatureObjectsV2MetadataSteps.GivenTheIdForChannel("DM") (0.0s)&#xD;
When I get the channel metadata with custom&#xD;
-&gt; done: FeatureObjectsV2MetadataSteps.WhenIGetTheChannelMetadataWithCustom() (0.0s)&#xD;
Then I receive a successful response&#xD;
-&gt; done: FeatureObjectsV2MetadataSteps.ThenIReceiveASuccessfulResponse() (0.0s)&#xD;
And the channel metadata for 'DM' channel&#xD;
-&gt; done: FeatureObjectsV2MetadataSteps.ThenTheChannelMetadataForChannel("DM") (0.0s)&#xD;
</Text>
      </RunInfo>
      <RunInfo computerName="fv-az1213-974" outcome="Warning" timestamp="2024-04-18T12:15:44.3623519+00:00">
        <Text>Given I have a keyset with Objects V2 enabled&#xD;
-&gt; done: FeatureObjectsV2MetadataSteps.GivenIHaveAKeysetWithObjectsVEnabled(2) (0.0s)&#xD;
When I get all channel metadata&#xD;
-&gt; done: FeatureObjectsV2MetadataSteps.WhenIGetAllChannelMetadata() (0.0s)&#xD;
Then I receive a successful response&#xD;
-&gt; done: FeatureObjectsV2MetadataSteps.ThenIReceiveASuccessfulResponse() (0.0s)&#xD;
And the response contains list with 'Chat' and 'Patient' channel metadata&#xD;
-&gt; done: FeatureObjectsV2MetadataSteps.ThenTheResponseContainsListWithAndChannelMetadata("Chat", "Patient") (0.0s)&#xD;
</Text>
      </RunInfo>
      <RunInfo computerName="fv-az1213-974" outcome="Warning" timestamp="2024-04-18T12:15:44.3623877+00:00">
        <Text>Given I have a keyset with Objects V2 enabled&#xD;
-&gt; done: FeatureObjectsV2MetadataSteps.GivenIHaveAKeysetWithObjectsVEnabled(2) (0.0s)&#xD;
When I get all channel metadata with custom&#xD;
-&gt; done: FeatureObjectsV2MetadataSteps.WhenIGetAllChannelMetadataWithCustom() (0.0s)&#xD;
Then I receive a successful response&#xD;
-&gt; done: FeatureObjectsV2MetadataSteps.ThenIReceiveASuccessfulResponse() (0.0s)&#xD;
And the response contains list with 'DM' and 'VipChat' channel metadata&#xD;
-&gt; done: FeatureObjectsV2MetadataSteps.ThenTheResponseContainsListWithAndChannelMetadata("DM", "VipChat") (0.0s)&#xD;
</Text>
      </RunInfo>
      <RunInfo computerName="fv-az1213-974" outcome="Warning" timestamp="2024-04-18T12:15:44.3624177+00:00">
        <Text>Given I have a keyset with Objects V2 enabled&#xD;
-&gt; done: FeatureObjectsV2MetadataSteps.GivenIHaveAKeysetWithObjectsVEnabled(2) (0.0s)&#xD;
Given the id for 'Chat' channel&#xD;
-&gt; done: FeatureObjectsV2MetadataSteps.GivenTheIdForChannel("Chat") (0.0s)&#xD;
When I remove the channel metadata&#xD;
-&gt; done: FeatureObjectsV2MetadataSteps.WhenIRemoveTheChannelMetadata() (0.0s)&#xD;
Then I receive a successful response&#xD;
-&gt; done: FeatureObjectsV2MetadataSteps.ThenIReceiveASuccessfulResponse() (0.0s)&#xD;
</Text>
      </RunInfo>
      <RunInfo computerName="fv-az1213-974" outcome="Warning" timestamp="2024-04-18T12:15:44.3624485+00:00">
        <Text>Given I have a keyset with Objects V2 enabled&#xD;
-&gt; done: FeatureObjectsV2MetadataSteps.GivenIHaveAKeysetWithObjectsVEnabled(2) (0.0s)&#xD;
Given the data for 'Chat' channel&#xD;
-&gt; done: FeatureObjectsV2MetadataSteps.GivenTheDataForChannel("Chat") (0.0s)&#xD;
When I set the channel metadata&#xD;
-&gt; done: FeatureObjectsV2MetadataSteps.WhenISetTheChannelMetadata() (0.0s)&#xD;
Then I receive a successful response&#xD;
-&gt; done: FeatureObjectsV2MetadataSteps.ThenIReceiveASuccessfulResponse() (0.0s)&#xD;
And the channel metadata for 'Chat' channel contains updated&#xD;
-&gt; done: FeatureObjectsV2MetadataSteps.ThenTheChannelMetadataForChannelContainsUpdated("Chat") (0.0s)&#xD;
</Text>
      </RunInfo>
      <RunInfo computerName="fv-az1213-974" outcome="Warning" timestamp="2024-04-18T12:15:44.3624897+00:00">
        <Text>Given I have a keyset with Objects V2 enabled&#xD;
-&gt; done: FeatureObjectsV2MetadataSteps.GivenIHaveAKeysetWithObjectsVEnabled(2) (0.0s)&#xD;
Given the id for 'Chat' channel&#xD;
-&gt; done: FeatureObjectsV2MetadataSteps.GivenTheIdForChannel("Chat") (0.0s)&#xD;
When I get the channel members&#xD;
-&gt; done: FeatureObjectsV2MetadataSteps.WhenIGetTheChannelMembers() (0.0s)&#xD;
Then I receive a successful response&#xD;
-&gt; done: FeatureObjectsV2MetadataSteps.ThenIReceiveASuccessfulResponse() (0.0s)&#xD;
And the response contains list with 'AmeliaMember' and 'EvaMember' members&#xD;
-&gt; done: FeatureObjectsV2MetadataSteps.ThenTheResponseContainsListWithAndMembers("AmeliaMember", "EvaMember") (0.0s)&#xD;
</Text>
      </RunInfo>
      <RunInfo computerName="fv-az1213-974" outcome="Warning" timestamp="2024-04-18T12:15:44.3625211+00:00">
        <Text>Given I have a keyset with Objects V2 enabled&#xD;
-&gt; done: FeatureObjectsV2MetadataSteps.GivenIHaveAKeysetWithObjectsVEnabled(2) (0.0s)&#xD;
Given the id for 'VipChat' channel&#xD;
-&gt; done: FeatureObjectsV2MetadataSteps.GivenTheIdForChannel("VipChat") (0.0s)&#xD;
When I get the channel members including custom and UUID custom information&#xD;
-&gt; done: FeatureObjectsV2MetadataSteps.WhenIGetTheChannelMembersIncludingCustomAndUUIDCustomInformation() (0.0s)&#xD;
Then I receive a successful response&#xD;
-&gt; done: FeatureObjectsV2MetadataSteps.ThenIReceiveASuccessfulResponse() (0.0s)&#xD;
And the response contains list with 'OliverMember' and 'PeterMember' members&#xD;
-&gt; done: FeatureObjectsV2MetadataSteps.ThenTheResponseContainsListWithAndMembers("OliverMember", "PeterMember") (0.0s)&#xD;
</Text>
      </RunInfo>
      <RunInfo computerName="fv-az1213-974" outcome="Warning" timestamp="2024-04-18T12:15:44.3625563+00:00">
        <Text>Given I have a keyset with Objects V2 enabled&#xD;
-&gt; done: FeatureObjectsV2MetadataSteps.GivenIHaveAKeysetWithObjectsVEnabled(2) (0.0s)&#xD;
Given the data for 'PeterMember' member&#xD;
-&gt; done: FeatureObjectsV2MetadataSteps.GivenTheDataForMember("PeterMember") (0.0s)&#xD;
And the data for 'AmeliaMember' member that we want to remove&#xD;
-&gt; done: FeatureObjectsV2MetadataSteps.GivenTheDataForMemberThatWeWantToRemove("AmeliaMember") (0.0s)&#xD;
And the id for 'Chat' channel&#xD;
-&gt; done: FeatureObjectsV2MetadataSteps.GivenTheIdForChannel("Chat") (0.0s)&#xD;
When I manage channel members&#xD;
-&gt; done: FeatureObjectsV2MetadataSteps.WhenIManageChannelMembers() (0.0s)&#xD;
Then I receive a successful response&#xD;
-&gt; done: FeatureObjectsV2MetadataSteps.ThenIReceiveASuccessfulResponse() (0.0s)&#xD;
And the response contains list with 'PeterMember' member&#xD;
-&gt; done: FeatureObjectsV2MetadataSteps.ThenTheResponseContainsListWithMember("PeterMember") (0.0s)&#xD;
And the response does not contain list with 'AmeliaMember' member&#xD;
-&gt; done: FeatureObjectsV2MetadataSteps.ThenTheResponseDoesNotContainListWithMember("AmeliaMember") (0.0s)&#xD;
</Text>
      </RunInfo>
      <RunInfo computerName="fv-az1213-974" outcome="Warning" timestamp="2024-04-18T12:15:44.3743119+00:00">
        <Text>Given I have a keyset with Objects V2 enabled&#xD;
-&gt; done: FeatureObjectsV2MetadataSteps.GivenIHaveAKeysetWithObjectsVEnabled(2) (0.0s)&#xD;
Given the id for 'Chat' channel&#xD;
-&gt; done: FeatureObjectsV2MetadataSteps.GivenTheIdForChannel("Chat") (0.0s)&#xD;
And the data for 'AmeliaMember' member that we want to remove&#xD;
-&gt; done: FeatureObjectsV2MetadataSteps.GivenTheDataForMemberThatWeWantToRemove("AmeliaMember") (0.0s)&#xD;
When I remove a channel member&#xD;
-&gt; done: FeatureObjectsV2MetadataSteps.WhenIRemoveAChannelMember() (0.0s)&#xD;
Then I receive a successful response&#xD;
-&gt; done: FeatureObjectsV2MetadataSteps.ThenIReceiveASuccessfulResponse() (0.0s)&#xD;
</Text>
      </RunInfo>
      <RunInfo computerName="fv-az1213-974" outcome="Warning" timestamp="2024-04-18T12:15:44.3746088+00:00">
        <Text>Given I have a keyset with Objects V2 enabled&#xD;
-&gt; done: FeatureObjectsV2MetadataSteps.GivenIHaveAKeysetWithObjectsVEnabled(2) (0.0s)&#xD;
Given the data for 'AmeliaMember' member&#xD;
-&gt; done: FeatureObjectsV2MetadataSteps.GivenTheDataForMember("AmeliaMember") (0.0s)&#xD;
And the id for 'Chat' channel&#xD;
-&gt; done: FeatureObjectsV2MetadataSteps.GivenTheIdForChannel("Chat") (0.0s)&#xD;
When I set a channel member&#xD;
-&gt; done: FeatureObjectsV2MetadataSteps.WhenISetAChannelMember() (0.0s)&#xD;
Then I receive a successful response&#xD;
-&gt; done: FeatureObjectsV2MetadataSteps.ThenIReceiveASuccessfulResponse() (0.0s)&#xD;
And the response contains list with 'AmeliaMember' member&#xD;
-&gt; done: FeatureObjectsV2MetadataSteps.ThenTheResponseContainsListWithMember("AmeliaMember") (0.0s)&#xD;
</Text>
      </RunInfo>
      <RunInfo computerName="fv-az1213-974" outcome="Warning" timestamp="2024-04-18T12:15:44.3746465+00:00">
        <Text>Given I have a keyset with Objects V2 enabled&#xD;
-&gt; done: FeatureObjectsV2MetadataSteps.GivenIHaveAKeysetWithObjectsVEnabled(2) (0.0s)&#xD;
Given the data for 'PeterMember' member&#xD;
-&gt; done: FeatureObjectsV2MetadataSteps.GivenTheDataForMember("PeterMember") (0.0s)&#xD;
And the id for 'Chat' channel&#xD;
-&gt; done: FeatureObjectsV2MetadataSteps.GivenTheIdForChannel("Chat") (0.0s)&#xD;
When I set a channel member including custom and UUID with custom&#xD;
-&gt; done: FeatureObjectsV2MetadataSteps.WhenISetAChannelMemberIncludingCustomAndUUIDWithCustom() (0.0s)&#xD;
Then I receive a successful response&#xD;
-&gt; done: FeatureObjectsV2MetadataSteps.ThenIReceiveASuccessfulResponse() (0.0s)&#xD;
And the response contains list with 'PeterMember' member&#xD;
-&gt; done: FeatureObjectsV2MetadataSteps.ThenTheResponseContainsListWithMember("PeterMember") (0.0s)&#xD;
</Text>
      </RunInfo>
      <RunInfo computerName="fv-az1213-974" outcome="Warning" timestamp="2024-04-18T12:15:44.3746740+00:00">
        <Text>Given I have a keyset with Objects V2 enabled&#xD;
-&gt; done: FeatureObjectsV2MetadataSteps.GivenIHaveAKeysetWithObjectsVEnabled(2) (0.0s)&#xD;
Given current user is 'Alice' persona&#xD;
-&gt; done: FeatureObjectsV2MetadataSteps.GivenCurrentUserIsPersona("Alice") (0.0s)&#xD;
When I get the memberships for current user&#xD;
-&gt; done: FeatureObjectsV2MetadataSteps.WhenIGetTheMembershipsForCurrentUser() (0.0s)&#xD;
Then I receive a successful response&#xD;
-&gt; done: FeatureObjectsV2MetadataSteps.ThenIReceiveASuccessfulResponse() (0.0s)&#xD;
And the response contains list with 'ChatMembership' and 'PatientMembership' memberships&#xD;
-&gt; done: FeatureObjectsV2MetadataSteps.ThenTheResponseContainsListWithAndMemberships("ChatMembership", "PatientMembership") (0.0s)&#xD;
</Text>
      </RunInfo>
      <RunInfo computerName="fv-az1213-974" outcome="Warning" timestamp="2024-04-18T12:15:44.3746948+00:00">
        <Text>Given I have a keyset with Objects V2 enabled&#xD;
-&gt; done: FeatureObjectsV2MetadataSteps.GivenIHaveAKeysetWithObjectsVEnabled(2) (0.0s)&#xD;
Given the id for 'Alice' persona&#xD;
-&gt; done: FeatureObjectsV2MetadataSteps.GivenTheIdForPersona("Alice") (0.0s)&#xD;
When I get the memberships&#xD;
-&gt; done: FeatureObjectsV2MetadataSteps.WhenIGetTheMemberships() (0.0s)&#xD;
Then I receive a successful response&#xD;
-&gt; done: FeatureObjectsV2MetadataSteps.ThenIReceiveASuccessfulResponse() (0.0s)&#xD;
And the response contains list with 'ChatMembership' and 'PatientMembership' memberships&#xD;
-&gt; done: FeatureObjectsV2MetadataSteps.ThenTheResponseContainsListWithAndMemberships("ChatMembership", "PatientMembership") (0.0s)&#xD;
</Text>
      </RunInfo>
      <RunInfo computerName="fv-az1213-974" outcome="Warning" timestamp="2024-04-18T12:15:44.3767855+00:00">
        <Text>Given I have a keyset with Objects V2 enabled&#xD;
-&gt; done: FeatureObjectsV2MetadataSteps.GivenIHaveAKeysetWithObjectsVEnabled(2) (0.0s)&#xD;
Given the id for 'Bob' persona&#xD;
-&gt; done: FeatureObjectsV2MetadataSteps.GivenTheIdForPersona("Bob") (0.0s)&#xD;
When I get the memberships including custom and channel custom information&#xD;
-&gt; done: FeatureObjectsV2MetadataSteps.WhenIGetTheMembershipsIncludingCustomAndChannelCustomInformation() (0.0s)&#xD;
Then I receive a successful response&#xD;
-&gt; done: FeatureObjectsV2MetadataSteps.ThenIReceiveASuccessfulResponse() (0.0s)&#xD;
And the response contains list with 'VipChatMembership' and 'DMMembership' memberships&#xD;
-&gt; done: FeatureObjectsV2MetadataSteps.ThenTheResponseContainsListWithAndMemberships("VipChatMembership", "DMMembership") (0.0s)&#xD;
</Text>
      </RunInfo>
      <RunInfo computerName="fv-az1213-974" outcome="Warning" timestamp="2024-04-18T12:15:44.3768071+00:00">
        <Text>Given I have a keyset with Objects V2 enabled&#xD;
-&gt; done: FeatureObjectsV2MetadataSteps.GivenIHaveAKeysetWithObjectsVEnabled(2) (0.0s)&#xD;
Given the id for 'Alice' persona&#xD;
-&gt; done: FeatureObjectsV2MetadataSteps.GivenTheIdForPersona("Alice") (0.0s)&#xD;
And the data for 'ChatMembership' membership&#xD;
-&gt; done: FeatureObjectsV2MetadataSteps.GivenTheDataForMembership("ChatMembership") (0.0s)&#xD;
And the data for 'PatientMembership' membership that we want to remove&#xD;
-&gt; done: FeatureObjectsV2MetadataSteps.GivenTheDataForMembershipThatWeWantToRemove("PatientMembership") (0.0s)&#xD;
When I manage memberships&#xD;
-&gt; done: FeatureObjectsV2MetadataSteps.WhenIManageMemberships() (0.0s)&#xD;
Then I receive a successful response&#xD;
-&gt; done: FeatureObjectsV2MetadataSteps.ThenIReceiveASuccessfulResponse() (0.0s)&#xD;
And the response contains list with 'ChatMembership' membership&#xD;
-&gt; done: FeatureObjectsV2MetadataSteps.ThenTheResponseContainsListWithMembership("ChatMembership") (0.0s)&#xD;
And the response does not contain list with 'PatientMembership' membership&#xD;
-&gt; done: FeatureObjectsV2MetadataSteps.ThenTheResponseDoesNotContainListWithMembership("PatientMembership") (0.0s)&#xD;
</Text>
      </RunInfo>
      <RunInfo computerName="fv-az1213-974" outcome="Warning" timestamp="2024-04-18T12:15:44.3768328+00:00">
        <Text>Given I have a keyset with Objects V2 enabled&#xD;
-&gt; done: FeatureObjectsV2MetadataSteps.GivenIHaveAKeysetWithObjectsVEnabled(2) (0.0s)&#xD;
Given the id for 'Alice' persona&#xD;
-&gt; done: FeatureObjectsV2MetadataSteps.GivenTheIdForPersona("Alice") (0.0s)&#xD;
And the data for 'ChatMembership' membership&#xD;
-&gt; done: FeatureObjectsV2MetadataSteps.GivenTheDataForMembership("ChatMembership") (0.0s)&#xD;
When I remove the membership&#xD;
-&gt; done: FeatureObjectsV2MetadataSteps.WhenIRemoveTheMembership() (0.0s)&#xD;
Then I receive a successful response&#xD;
-&gt; done: FeatureObjectsV2MetadataSteps.ThenIReceiveASuccessfulResponse() (0.0s)&#xD;
</Text>
      </RunInfo>
      <RunInfo computerName="fv-az1213-974" outcome="Warning" timestamp="2024-04-18T12:15:44.3768838+00:00">
        <Text>Given I have a keyset with Objects V2 enabled&#xD;
-&gt; done: FeatureObjectsV2MetadataSteps.GivenIHaveAKeysetWithObjectsVEnabled(2) (0.0s)&#xD;
Given current user is 'Alice' persona&#xD;
-&gt; done: FeatureObjectsV2MetadataSteps.GivenCurrentUserIsPersona("Alice") (0.0s)&#xD;
And the data for 'ChatMembership' membership that we want to remove&#xD;
-&gt; done: FeatureObjectsV2MetadataSteps.GivenTheDataForMembershipThatWeWantToRemove("ChatMembership") (0.0s)&#xD;
When I remove the membership for current user&#xD;
-&gt; done: FeatureObjectsV2MetadataSteps.WhenIRemoveTheMembershipForCurrentUser() (0.0s)&#xD;
Then I receive a successful response&#xD;
-&gt; done: FeatureObjectsV2MetadataSteps.ThenIReceiveASuccessfulResponse() (0.0s)&#xD;
</Text>
      </RunInfo>
      <RunInfo computerName="fv-az1213-974" outcome="Warning" timestamp="2024-04-18T12:15:44.3769238+00:00">
        <Text>Given I have a keyset with Objects V2 enabled&#xD;
-&gt; done: FeatureObjectsV2MetadataSteps.GivenIHaveAKeysetWithObjectsVEnabled(2) (0.0s)&#xD;
Given the id for 'Alice' persona&#xD;
-&gt; done: FeatureObjectsV2MetadataSteps.GivenTheIdForPersona("Alice") (0.0s)&#xD;
And the data for 'ChatMembership' membership&#xD;
-&gt; done: FeatureObjectsV2MetadataSteps.GivenTheDataForMembership("ChatMembership") (0.0s)&#xD;
When I set the membership&#xD;
-&gt; done: FeatureObjectsV2MetadataSteps.WhenISetTheMembership() (0.0s)&#xD;
Then I receive a successful response&#xD;
-&gt; done: FeatureObjectsV2MetadataSteps.ThenIReceiveASuccessfulResponse() (0.0s)&#xD;
And the response contains list with 'ChatMembership' membership&#xD;
-&gt; done: FeatureObjectsV2MetadataSteps.ThenTheResponseContainsListWithMembership("ChatMembership") (0.0s)&#xD;
</Text>
      </RunInfo>
      <RunInfo computerName="fv-az1213-974" outcome="Warning" timestamp="2024-04-18T12:15:44.3828053+00:00">
        <Text>Given I have a keyset with Objects V2 enabled&#xD;
-&gt; done: FeatureObjectsV2MetadataSteps.GivenIHaveAKeysetWithObjectsVEnabled(2) (0.0s)&#xD;
Given current user is 'Alice' persona&#xD;
-&gt; done: FeatureObjectsV2MetadataSteps.GivenCurrentUserIsPersona("Alice") (0.0s)&#xD;
And the data for 'ChatMembership' membership&#xD;
-&gt; done: FeatureObjectsV2MetadataSteps.GivenTheDataForMembership("ChatMembership") (0.0s)&#xD;
When I set the membership for current user&#xD;
-&gt; done: FeatureObjectsV2MetadataSteps.WhenISetTheMembershipForCurrentUser() (0.0s)&#xD;
Then I receive a successful response&#xD;
-&gt; done: FeatureObjectsV2MetadataSteps.ThenIReceiveASuccessfulResponse() (0.0s)&#xD;
And the response contains list with 'ChatMembership' membership&#xD;
-&gt; done: FeatureObjectsV2MetadataSteps.ThenTheResponseContainsListWithMembership("ChatMembership") (0.0s)&#xD;
</Text>
      </RunInfo>
      <RunInfo computerName="fv-az1213-974" outcome="Warning" timestamp="2024-04-18T12:15:44.3828839+00:00">
        <Text>Given I have a keyset with Objects V2 enabled&#xD;
-&gt; done: FeatureObjectsV2MetadataSteps.GivenIHaveAKeysetWithObjectsVEnabled(2) (0.0s)&#xD;
When I get all UUID metadata&#xD;
-&gt; done: FeatureObjectsV2MetadataSteps.WhenIGetAllUUIDMetadata() (0.0s)&#xD;
Then I receive a successful response&#xD;
-&gt; done: FeatureObjectsV2MetadataSteps.ThenIReceiveASuccessfulResponse() (0.0s)&#xD;
And the response contains list with 'Alice' and 'James' UUID metadata&#xD;
-&gt; done: FeatureObjectsV2MetadataSteps.ThenTheResponseContainsListWithAndUUIDMetadata("Alice", "James") (0.0s)&#xD;
</Text>
      </RunInfo>
      <RunInfo computerName="fv-az1213-974" outcome="Warning" timestamp="2024-04-18T12:15:44.3829203+00:00">
        <Text>Given I have a keyset with Objects V2 enabled&#xD;
-&gt; done: FeatureObjectsV2MetadataSteps.GivenIHaveAKeysetWithObjectsVEnabled(2) (0.0s)&#xD;
When I get all UUID metadata with custom&#xD;
-&gt; done: FeatureObjectsV2MetadataSteps.WhenIGetAllUUIDMetadataWithCustom() (0.0s)&#xD;
Then I receive a successful response&#xD;
-&gt; done: FeatureObjectsV2MetadataSteps.ThenIReceiveASuccessfulResponse() (0.0s)&#xD;
And the response contains list with 'Bob' and 'Lisa' UUID metadata&#xD;
-&gt; done: FeatureObjectsV2MetadataSteps.ThenTheResponseContainsListWithAndUUIDMetadata("Bob", "Lisa") (0.0s)&#xD;
</Text>
      </RunInfo>
      <RunInfo computerName="fv-az1213-974" outcome="Warning" timestamp="2024-04-18T12:15:44.3829523+00:00">
        <Text>Given I have a keyset with Objects V2 enabled&#xD;
-&gt; done: FeatureObjectsV2MetadataSteps.GivenIHaveAKeysetWithObjectsVEnabled(2) (0.0s)&#xD;
Given the id for 'Alice' persona&#xD;
-&gt; done: FeatureObjectsV2MetadataSteps.GivenTheIdForPersona("Alice") (0.0s)&#xD;
When I get the UUID metadata&#xD;
-&gt; done: FeatureObjectsV2MetadataSteps.WhenIGetTheUUIDMetadata() (0.0s)&#xD;
Then I receive a successful response&#xD;
-&gt; done: FeatureObjectsV2MetadataSteps.ThenIReceiveASuccessfulResponse() (0.0s)&#xD;
And the UUID metadata for 'Alice' persona&#xD;
-&gt; done: FeatureObjectsV2MetadataSteps.ThenTheUUIDMetadataForPersona("Alice") (0.0s)&#xD;
</Text>
      </RunInfo>
      <RunInfo computerName="fv-az1213-974" outcome="Warning" timestamp="2024-04-18T12:15:44.3829929+00:00">
        <Text>Given I have a keyset with Objects V2 enabled&#xD;
-&gt; done: FeatureObjectsV2MetadataSteps.GivenIHaveAKeysetWithObjectsVEnabled(2) (0.0s)&#xD;
Given current user is 'Bob' persona&#xD;
-&gt; done: FeatureObjectsV2MetadataSteps.GivenCurrentUserIsPersona("Bob") (0.0s)&#xD;
When I get the UUID metadata with custom for current user&#xD;
-&gt; done: FeatureObjectsV2MetadataSteps.WhenIGetTheUUIDMetadataWithCustomForCurrentUser() (0.1s)&#xD;
Then I receive a successful response&#xD;
-&gt; done: FeatureObjectsV2MetadataSteps.ThenIReceiveASuccessfulResponse() (0.0s)&#xD;
And the UUID metadata for 'Bob' persona&#xD;
-&gt; done: FeatureObjectsV2MetadataSteps.ThenTheUUIDMetadataForPersona("Bob") (0.0s)&#xD;
</Text>
      </RunInfo>
      <RunInfo computerName="fv-az1213-974" outcome="Warning" timestamp="2024-04-18T12:15:44.3830263+00:00">
        <Text>Given I have a keyset with Objects V2 enabled&#xD;
-&gt; done: FeatureObjectsV2MetadataSteps.GivenIHaveAKeysetWithObjectsVEnabled(2) (0.0s)&#xD;
Given the id for 'Alice' persona&#xD;
-&gt; done: FeatureObjectsV2MetadataSteps.GivenTheIdForPersona("Alice") (0.0s)&#xD;
When I remove the UUID metadata&#xD;
-&gt; done: FeatureObjectsV2MetadataSteps.WhenIRemoveTheUUIDMetadata() (0.0s)&#xD;
Then I receive a successful response&#xD;
-&gt; done: FeatureObjectsV2MetadataSteps.ThenIReceiveASuccessfulResponse() (0.0s)&#xD;
</Text>
      </RunInfo>
      <RunInfo computerName="fv-az1213-974" outcome="Warning" timestamp="2024-04-18T12:15:44.3830656+00:00">
        <Text>Given I have a keyset with Objects V2 enabled&#xD;
-&gt; done: FeatureObjectsV2MetadataSteps.GivenIHaveAKeysetWithObjectsVEnabled(2) (0.0s)&#xD;
Given current user is 'Alice' persona&#xD;
-&gt; done: FeatureObjectsV2MetadataSteps.GivenCurrentUserIsPersona("Alice") (0.0s)&#xD;
When I remove the UUID metadata for current user&#xD;
-&gt; done: FeatureObjectsV2MetadataSteps.WhenIRemoveTheUUIDMetadataForCurrentUser() (0.0s)&#xD;
Then I receive a successful response&#xD;
-&gt; done: FeatureObjectsV2MetadataSteps.ThenIReceiveASuccessfulResponse() (0.0s)&#xD;
</Text>
      </RunInfo>
      <RunInfo computerName="fv-az1213-974" outcome="Warning" timestamp="2024-04-18T12:15:44.3830994+00:00">
        <Text>Given I have a keyset with Objects V2 enabled&#xD;
-&gt; done: FeatureObjectsV2MetadataSteps.GivenIHaveAKeysetWithObjectsVEnabled(2) (0.0s)&#xD;
Given the data for 'Alice' persona&#xD;
-&gt; done: FeatureObjectsV2MetadataSteps.GivenTheDataForPersona("Alice") (0.0s)&#xD;
When I set the UUID metadata&#xD;
-&gt; done: FeatureObjectsV2MetadataSteps.WhenISetTheUUIDMetadata() (0.0s)&#xD;
Then I receive a successful response&#xD;
-&gt; done: FeatureObjectsV2MetadataSteps.ThenIReceiveASuccessfulResponse() (0.0s)&#xD;
And the UUID metadata for 'Alice' persona contains updated&#xD;
-&gt; done: FeatureObjectsV2MetadataSteps.ThenTheUUIDMetadataForPersonaContainsUpdated("Alice") (0.0s)&#xD;
</Text>
      </RunInfo>
      <RunInfo computerName="fv-az1213-974" outcome="Warning" timestamp="2024-04-18T12:15:44.3945604+00:00">
        <Text>Given I have a keyset with access manager enabled&#xD;
-&gt; done: FeatureAccessSteps.GivenIHaveAKeysetWithAccessManagerEnabled() (0.0s)&#xD;
Given a token&#xD;
-&gt; done: FeatureAccessSteps.GivenAToken() (0.0s)&#xD;
When I revoke a token&#xD;
-&gt; done: FeatureAccessSteps.WhenIRevokeAToken() (0.0s)&#xD;
Then an error is returned&#xD;
-&gt; done: FeatureAccessSteps.ThenAnErrorIsReturned() (0.0s)&#xD;
* the error status code is 400&#xD;
-&gt; done: FeatureAccessSteps.ThenTheErrorStatusCodeIs(400) (0.0s)&#xD;
* the error message is 'Feature disabled'&#xD;
-&gt; done: FeatureAccessSteps.ThenTheErrorMessageIs("Feature disabled") (0.0s)&#xD;
* the error source is 'revoke'&#xD;
-&gt; done: FeatureAccessSteps.ThenTheErrorSourceIs("revoke") (0.0s)&#xD;
* the error detail message is 'Token revocation is disabled.'&#xD;
-&gt; done: FeatureAccessSteps.ThenTheErrorDetailMessageIs("Token revocation ...") (0.0s)&#xD;
* the error detail location is 'subscribe-key'&#xD;
-&gt; done: FeatureAccessSteps.ThenTheErrorDetailLocationIs("subscribe-key") (0.0s)&#xD;
* the error detail location type is 'path'&#xD;
-&gt; done: FeatureAccessSteps.ThenTheErrorDetailLocationTypeIs("path") (0.0s)&#xD;
* the error service is 'Access Manager'&#xD;
-&gt; done: FeatureAccessSteps.ThenTheErrorServiceIs("Access Manager") (0.0s)&#xD;
</Text>
      </RunInfo>
      <RunInfo computerName="fv-az1213-974" outcome="Warning" timestamp="2024-04-18T12:15:44.3950276+00:00">
        <Text>Given I have a keyset with access manager enabled&#xD;
-&gt; done: FeatureAccessSteps.GivenIHaveAKeysetWithAccessManagerEnabled() (0.0s)&#xD;
Given the token string 'unescaped-_.ABCabc123 escaped;,/?:@&amp;=+$#'&#xD;
-&gt; done: FeatureAccessSteps.GivenTheTokenString("unescaped-_.ABCab...") (0.0s)&#xD;
When I revoke a token&#xD;
-&gt; done: FeatureAccessSteps.WhenIRevokeAToken() (0.0s)&#xD;
Then I get confirmation that token has been revoked&#xD;
-&gt; done: FeatureAccessSteps.ThenIGetConfirmationThatTokenHasBeenRevoked() (0.0s)&#xD;
</Text>
      </RunInfo>
      <RunInfo computerName="fv-az1213-974" outcome="Warning" timestamp="2024-04-18T12:15:44.3950757+00:00">
        <Text>Given I have a keyset with access manager enabled&#xD;
-&gt; done: FeatureAccessSteps.GivenIHaveAKeysetWithAccessManagerEnabled() (0.0s)&#xD;
Given a token&#xD;
-&gt; done: FeatureAccessSteps.GivenAToken() (0.0s)&#xD;
When I revoke a token&#xD;
-&gt; done: FeatureAccessSteps.WhenIRevokeAToken() (0.0s)&#xD;
Then I get confirmation that token has been revoked&#xD;
-&gt; done: FeatureAccessSteps.ThenIGetConfirmationThatTokenHasBeenRevoked() (0.0s)&#xD;
</Text>
      </RunInfo>
      <RunInfo computerName="fv-az1213-974" outcome="Warning" timestamp="2024-04-18T12:15:44.4005170+00:00">
        <Text>Given I have a keyset with access manager enabled&#xD;
-&gt; done: FeatureAccessSteps.GivenIHaveAKeysetWithAccessManagerEnabled() (0.0s)&#xD;
Given a token&#xD;
-&gt; done: FeatureAccessSteps.GivenAToken() (0.0s)&#xD;
When I revoke a token&#xD;
-&gt; done: FeatureAccessSteps.WhenIRevokeAToken() (0.0s)&#xD;
Then an error is returned&#xD;
-&gt; done: FeatureAccessSteps.ThenAnErrorIsReturned() (0.0s)&#xD;
* the error status code is 400&#xD;
-&gt; done: FeatureAccessSteps.ThenTheErrorStatusCodeIs(400) (0.0s)&#xD;
* the error message is 'Invalid token'&#xD;
-&gt; done: FeatureAccessSteps.ThenTheErrorMessageIs("Invalid token") (0.0s)&#xD;
* the error source is 'revoke'&#xD;
-&gt; done: FeatureAccessSteps.ThenTheErrorSourceIs("revoke") (0.0s)&#xD;
* the error detail message is not empty&#xD;
-&gt; done: FeatureAccessSteps.ThenTheErrorDetailMessageIsNotEmpty() (0.0s)&#xD;
* the error detail location is 'token'&#xD;
-&gt; done: FeatureAccessSteps.ThenTheErrorDetailLocationIs("token") (0.0s)&#xD;
* the error detail location type is 'path'&#xD;
-&gt; done: FeatureAccessSteps.ThenTheErrorDetailLocationTypeIs("path") (0.0s)&#xD;
* the error service is 'Access Manager'&#xD;
-&gt; done: FeatureAccessSteps.ThenTheErrorServiceIs("Access Manager") (0.0s)&#xD;
</Text>
      </RunInfo>
    </RunInfos>
  </ResultSummary>
</TestRun>