<?xml version="1.0" encoding="utf-8"?>
<TestRun id="ecbd307f-a5f5-494e-adaa-f8c98ed5be5a" name="runneradmin@runner 2024-10-03 10:46:25" runUser="runner\runneradmin" xmlns="http://microsoft.com/schemas/VisualStudio/TeamTest/2010">
  <Times creation="2024-10-03T10:46:25.4583265+00:00" queuing="2024-10-03T10:46:25.4583269+00:00" start="2024-10-03T10:46:19.0495419+00:00" finish="2024-10-03T10:47:08.6703636+00:00" />
  <TestSettings name="default" id="9d33a480-a04c-4af3-98e6-04e0684826b7">
    <Deployment runDeploymentRoot="runneradmin_runner_2024-10-03_10_46_25" />
  </TestSettings>
  <Results>
    <UnitTestResult executionId="d4a895f9-1116-42ab-b5f1-ce9ca83227fa" testId="cddd27ac-7387-0391-36be-b1b706556ac6" testName="EmptyStreamDataEncryptionShouldFail(&quot;legacy&quot;,&quot;pubnubenigma&quot;,&quot;random&quot;,null)" computerName="runner" duration="00:00:00.0019300" startTime="2024-10-03T10:46:25.5718102+00:00" endTime="2024-10-03T10:46:25.5737402+00:00" testType="13cdc9d9-ddb5-4fa4-a97d-d965ccfc6d4b" outcome="Passed" testListId="8c84fa94-04c1-424b-9868-57a2d4851a1d" relativeResultsDirectory="d4a895f9-1116-42ab-b5f1-ce9ca83227fa">
      <Output>
        <StdOut>Given Crypto module with 'legacy' cryptor&#xD;
-&gt; done: CryptoModuleSteps.GivenCryptoModuleWithCryptor("legacy") (0.0s)&#xD;
* with 'pubnubenigma' cipher key&#xD;
-&gt; done: CryptoModuleSteps.GivenWithCipherKey("pubnubenigma") (0.0s)&#xD;
* with 'random' vector&#xD;
-&gt; done: CryptoModuleSteps.GivenWithVector("random") (0.0s)&#xD;
When I encrypt 'empty-file.txt' file as 'stream'&#xD;
-&gt; done: CryptoModuleSteps.WhenIEncryptFileAs("empty-file.txt", "stream") (0.0s)&#xD;
Then I receive 'encryption error'&#xD;
-&gt; done: CryptoModuleSteps.ThenIReceive("encryption error") (0.0s)</StdOut>
      </Output>
    </UnitTestResult>
    <UnitTestResult executionId="d1057b09-9658-4ab9-a284-9974664650df" testId="96d493fa-312d-9ae2-5c5a-5d6187729524" testName="SuccessfullyJoinedAFewChannelsWithPresence" computerName="runner" duration="00:00:00.0645690" startTime="2024-10-03T10:47:06.9747136+00:00" endTime="2024-10-03T10:47:07.0392824+00:00" testType="13cdc9d9-ddb5-4fa4-a97d-d965ccfc6d4b" outcome="Passed" testListId="8c84fa94-04c1-424b-9868-57a2d4851a1d" relativeResultsDirectory="d1057b09-9658-4ab9-a284-9974664650df">
      <Output>
        <StdOut>Given the demo keyset with Presence EE enabled&#xD;
-&gt; done: EventEngineSteps.GivenTheDemoKeysetWithPresenceEEenabled() (0.0s)&#xD;
Given heartbeatInterval set to '1', timeout set to '60' and suppressLeaveEvents set to 'false'&#xD;
-&gt; done: EventEngineSteps.GivenPresenceConfiguration("1", "60", "false") (0.0s)&#xD;
When I join 'first', 'second', 'third' channels with presence&#xD;
-&gt; done: EventEngineSteps.WhenIJoinChannelsWithPresence("first", "second", "third") (0.0s)&#xD;
Then I wait for getting Presence joined events&#xD;
{"Event":"join","Uuid":"db9c5e39-7c95-40f5-8d71-125765b6f561","Timestamp":17279524269991636,"Occupancy":1,"State":null,"Channel":"first","Subscription":"","Timetoken":0,"UserMetadata":null,"Join":null,"Timeout":null,"Leave":null,"HereNowRefresh":false}&#xD;
-&gt; done: EventEngineSteps.ThenIWaitForPresenceJoinEvents() (0.0s)&#xD;
And I observe the following Events and Invocations of the Presence EE:&#xD;
  --- table step argument ---&#xD;
  | type       | name              |&#xD;
  | event      | JOINED            |&#xD;
  | invocation | HEARTBEAT         |&#xD;
  | event      | HEARTBEAT_SUCCESS |&#xD;
  | invocation | WAIT              |&#xD;
-&gt; done: EventEngineSteps.ThenIObserverPresenceEventEngine(&lt;table&gt;) (0.0s)&#xD;
{"Event":"join","Uuid":"db9c5e39-7c95-40f5-8d71-125765b6f561","Timestamp":17279524269991760,"Occupancy":1,"State":null,"Channel":"second","Subscription":"","Timetoken":0,"UserMetadata":null,"Join":null,"Timeout":null,"Leave":null,"HereNowRefresh":false}&#xD;
{"Event":"join","Uuid":"db9c5e39-7c95-40f5-8d71-125765b6f561","Timestamp":17279524269991840,"Occupancy":1,"State":null,"Channel":"third","Subscription":"","Timetoken":0,"UserMetadata":null,"Join":null,"Timeout":null,"Leave":null,"HereNowRefresh":false}</StdOut>
      </Output>
    </UnitTestResult>
    <UnitTestResult executionId="313875ad-0186-4089-bd10-d52d03e08cfa" testId="5a108f95-d949-be1c-ba70-794e5a89cb2c" testName="SetAUUIDMetadata" computerName="runner" duration="00:00:00.0246980" startTime="2024-10-03T10:47:08.3716054+00:00" endTime="2024-10-03T10:47:08.3963034+00:00" testType="13cdc9d9-ddb5-4fa4-a97d-d965ccfc6d4b" outcome="Passed" testListId="8c84fa94-04c1-424b-9868-57a2d4851a1d" relativeResultsDirectory="313875ad-0186-4089-bd10-d52d03e08cfa">
      <Output>
        <StdOut>Given I have a keyset with Objects V2 enabled&#xD;
-&gt; done: FeatureObjectsV2MetadataSteps.GivenIHaveAKeysetWithObjectsVEnabled(2) (0.0s)&#xD;
Given the data for 'Alice' persona&#xD;
-&gt; done: FeatureObjectsV2MetadataSteps.GivenTheDataForPersona("Alice") (0.0s)&#xD;
When I set the UUID metadata&#xD;
-&gt; done: FeatureObjectsV2MetadataSteps.WhenISetTheUUIDMetadata() (0.0s)&#xD;
Then I receive a successful response&#xD;
-&gt; done: FeatureObjectsV2MetadataSteps.ThenIReceiveASuccessfulResponse() (0.0s)&#xD;
And the UUID metadata for 'Alice' persona contains updated&#xD;
-&gt; done: FeatureObjectsV2MetadataSteps.ThenTheUUIDMetadataForPersonaContainsUpdated("Alice") (0.0s)</StdOut>
      </Output>
    </UnitTestResult>
    <UnitTestResult executionId="c0a2278c-2697-4f80-b116-2c723739ac92" testId="b2c9c319-05d3-858f-ecdb-c785279a33e5" testName="RemoveMemberForAChannel" computerName="runner" duration="00:00:00.0197190" startTime="2024-10-03T10:47:07.9230327+00:00" endTime="2024-10-03T10:47:07.9427517+00:00" testType="13cdc9d9-ddb5-4fa4-a97d-d965ccfc6d4b" outcome="Passed" testListId="8c84fa94-04c1-424b-9868-57a2d4851a1d" relativeResultsDirectory="c0a2278c-2697-4f80-b116-2c723739ac92">
      <Output>
        <StdOut>Given I have a keyset with Objects V2 enabled&#xD;
-&gt; done: FeatureObjectsV2MetadataSteps.GivenIHaveAKeysetWithObjectsVEnabled(2) (0.0s)&#xD;
Given the id for 'Chat' channel&#xD;
-&gt; done: FeatureObjectsV2MetadataSteps.GivenTheIdForChannel("Chat") (0.0s)&#xD;
And the data for 'AmeliaMember' member that we want to remove&#xD;
-&gt; done: FeatureObjectsV2MetadataSteps.GivenTheDataForMemberThatWeWantToRemove("AmeliaMember") (0.0s)&#xD;
When I remove a channel member&#xD;
-&gt; done: FeatureObjectsV2MetadataSteps.WhenIRemoveAChannelMember() (0.0s)&#xD;
Then I receive a successful response&#xD;
-&gt; done: FeatureObjectsV2MetadataSteps.ThenIReceiveASuccessfulResponse() (0.0s)</StdOut>
      </Output>
    </UnitTestResult>
    <UnitTestResult executionId="a1dc896f-427e-421c-a526-497c74d05453" testId="d533b002-ecc8-a6e4-0a55-5406f8886899" testName="EmptyDataDecryptionShouldFail(&quot;legacy&quot;,&quot;pubnubenigma&quot;,&quot;random&quot;,&quot;empty-file.txt&quot;,null)" computerName="runner" duration="00:00:00.0018260" startTime="2024-10-03T10:46:25.5417057+00:00" endTime="2024-10-03T10:46:25.5435313+00:00" testType="13cdc9d9-ddb5-4fa4-a97d-d965ccfc6d4b" outcome="Passed" testListId="8c84fa94-04c1-424b-9868-57a2d4851a1d" relativeResultsDirectory="a1dc896f-427e-421c-a526-497c74d05453">
      <Output>
        <StdOut>Given Crypto module with 'legacy' cryptor&#xD;
-&gt; done: CryptoModuleSteps.GivenCryptoModuleWithCryptor("legacy") (0.0s)&#xD;
* with 'pubnubenigma' cipher key&#xD;
-&gt; done: CryptoModuleSteps.GivenWithCipherKey("pubnubenigma") (0.0s)&#xD;
* with 'random' vector&#xD;
-&gt; done: CryptoModuleSteps.GivenWithVector("random") (0.0s)&#xD;
When I decrypt 'empty-file.txt' file as 'binary'&#xD;
-&gt; done: CryptoModuleSteps.WhenIDecryptFileAs("empty-file.txt", "binary") (0.0s)&#xD;
Then I receive 'decryption error'&#xD;
-&gt; done: CryptoModuleSteps.ThenIReceive("decryption error") (0.0s)</StdOut>
      </Output>
    </UnitTestResult>
    <UnitTestResult executionId="654c39ca-a4b8-40b3-bac1-b140afa660f1" testId="7acf7525-aaca-a5f2-7032-491d9caf1cf8" testName="GetMembershipsForUUIDWithCustomAndChannelCustom" computerName="runner" duration="00:00:00.0572870" startTime="2024-10-03T10:47:08.0610108+00:00" endTime="2024-10-03T10:47:08.1182983+00:00" testType="13cdc9d9-ddb5-4fa4-a97d-d965ccfc6d4b" outcome="Passed" testListId="8c84fa94-04c1-424b-9868-57a2d4851a1d" relativeResultsDirectory="654c39ca-a4b8-40b3-bac1-b140afa660f1">
      <Output>
        <StdOut>Given I have a keyset with Objects V2 enabled&#xD;
-&gt; done: FeatureObjectsV2MetadataSteps.GivenIHaveAKeysetWithObjectsVEnabled(2) (0.0s)&#xD;
Given the id for 'Bob' persona&#xD;
-&gt; done: FeatureObjectsV2MetadataSteps.GivenTheIdForPersona("Bob") (0.0s)&#xD;
When I get the memberships including custom and channel custom information&#xD;
-&gt; done: FeatureObjectsV2MetadataSteps.WhenIGetTheMembershipsIncludingCustomAndChannelCustomInformation() (0.0s)&#xD;
Then I receive a successful response&#xD;
-&gt; done: FeatureObjectsV2MetadataSteps.ThenIReceiveASuccessfulResponse() (0.0s)&#xD;
And the response contains list with 'VipChatMembership' and 'DMMembership' memberships&#xD;
-&gt; done: FeatureObjectsV2MetadataSteps.ThenTheResponseContainsListWithAndMemberships("VipChatMembership", "DMMembership") (0.0s)</StdOut>
      </Output>
    </UnitTestResult>
    <UnitTestResult executionId="f25b6660-fa41-4ff0-a9e7-eca74e8eccb8" testId="ee450aac-5f02-8238-a55d-792600e33298" testName="RevokeATokenWhileItIsDisabledOnAServer" computerName="runner" duration="00:00:00.0186589" startTime="2024-10-03T10:47:08.3976192+00:00" endTime="2024-10-03T10:47:08.4162787+00:00" testType="13cdc9d9-ddb5-4fa4-a97d-d965ccfc6d4b" outcome="Passed" testListId="8c84fa94-04c1-424b-9868-57a2d4851a1d" relativeResultsDirectory="f25b6660-fa41-4ff0-a9e7-eca74e8eccb8">
      <Output>
        <StdOut>Given I have a keyset with access manager enabled&#xD;
-&gt; done: FeatureAccessSteps.GivenIHaveAKeysetWithAccessManagerEnabled() (0.0s)&#xD;
Given a token&#xD;
-&gt; done: FeatureAccessSteps.GivenAToken() (0.0s)&#xD;
When I revoke a token&#xD;
-&gt; done: FeatureAccessSteps.WhenIRevokeAToken() (0.0s)&#xD;
Then an error is returned&#xD;
-&gt; done: FeatureAccessSteps.ThenAnErrorIsReturned() (0.0s)&#xD;
* the error status code is 400&#xD;
-&gt; done: FeatureAccessSteps.ThenTheErrorStatusCodeIs(400) (0.0s)&#xD;
* the error message is 'Feature disabled'&#xD;
-&gt; done: FeatureAccessSteps.ThenTheErrorMessageIs("Feature disabled") (0.0s)&#xD;
* the error source is 'revoke'&#xD;
-&gt; done: FeatureAccessSteps.ThenTheErrorSourceIs("revoke") (0.0s)&#xD;
* the error detail message is 'Token revocation is disabled.'&#xD;
-&gt; done: FeatureAccessSteps.ThenTheErrorDetailMessageIs("Token revocation ...") (0.0s)&#xD;
* the error detail location is 'subscribe-key'&#xD;
-&gt; done: FeatureAccessSteps.ThenTheErrorDetailLocationIs("subscribe-key") (0.0s)&#xD;
* the error detail location type is 'path'&#xD;
-&gt; done: FeatureAccessSteps.ThenTheErrorDetailLocationTypeIs("path") (0.0s)&#xD;
* the error service is 'Access Manager'&#xD;
-&gt; done: FeatureAccessSteps.ThenTheErrorServiceIs("Access Manager") (0.0s)</StdOut>
      </Output>
    </UnitTestResult>
    <UnitTestResult executionId="648ed471-0e74-48c1-90f7-bece5726fee3" testId="19276ea0-e69e-d8c1-5f86-fbe82fc4defb" testName="AES_CBCCryptorDataHeaderCanBeProcessed(&quot;pubnubenigma&quot;,&quot;file-cryptor-unknown-acrh.jpg&quot;,&quot;unknown cryptor error&quot;,null)" computerName="runner" duration="00:00:00.0029500" startTime="2024-10-03T10:46:25.2952688+00:00" endTime="2024-10-03T10:46:25.2982184+00:00" testType="13cdc9d9-ddb5-4fa4-a97d-d965ccfc6d4b" outcome="Passed" testListId="8c84fa94-04c1-424b-9868-57a2d4851a1d" relativeResultsDirectory="648ed471-0e74-48c1-90f7-bece5726fee3">
      <Output>
        <StdOut>Given Crypto module with 'acrh' cryptor&#xD;
-&gt; done: CryptoModuleSteps.GivenCryptoModuleWithCryptor("acrh") (0.0s)&#xD;
* with 'pubnubenigma' cipher key&#xD;
-&gt; done: CryptoModuleSteps.GivenWithCipherKey("pubnubenigma") (0.0s)&#xD;
When I decrypt 'file-cryptor-unknown-acrh.jpg' file&#xD;
-&gt; done: CryptoModuleSteps.WhenIDecryptFile("file-cryptor-unkn...") (0.0s)&#xD;
Then I receive 'unknown cryptor error'&#xD;
-&gt; done: CryptoModuleSteps.ThenIReceive("unknown cryptor e...") (0.0s)</StdOut>
      </Output>
    </UnitTestResult>
    <UnitTestResult executionId="2a169b9e-2ef1-4d5a-b209-6b7dfa09c77c" testId="9bb7c02e-b85a-d370-6cfc-0ac356d6be53" testName="HandshakeFailureRecovery" computerName="runner" duration="00:00:05.5805910" startTime="2024-10-03T10:46:35.7602360+00:00" endTime="2024-10-03T10:46:41.3408492+00:00" testType="13cdc9d9-ddb5-4fa4-a97d-d965ccfc6d4b" outcome="Passed" testListId="8c84fa94-04c1-424b-9868-57a2d4851a1d" relativeResultsDirectory="2a169b9e-2ef1-4d5a-b209-6b7dfa09c77c">
      <Output>
        <StdOut>Given the demo keyset with event engine enabled&#xD;
-&gt; done: EventEngineSteps.GivenTheDemoKeysetWithEventEngineEnabled() (0.0s)&#xD;
Given a linear reconnection policy with 3 retries&#xD;
-&gt; done: EventEngineSteps.GivenALinearReconnectionPolicyWithRetries(3) (0.0s)&#xD;
When I subscribe&#xD;
PNSubscribeOperation PNConnectedCategory 200&#xD;
-&gt; done: EventEngineSteps.WhenISubscribe() (4.6s)&#xD;
Then I receive the message in my subscribe response&#xD;
Message received in listener. {"Message":"{\r\n  \"content\": \"Hello world!\"\r\n}","Timetoken":0,"Publisher":"tomato","Channel":"test","Subscription":null,"UserMetadata":null}&#xD;
-&gt; done: EventEngineSteps.ThenIReceiveTheMessageInMySubscribeResponse() (1.0s)&#xD;
And I observe the following:&#xD;
  --- table step argument ---&#xD;
  | type       | name                        |&#xD;
  | event      | SUBSCRIPTION_CHANGED        |&#xD;
  | invocation | HANDSHAKE                   |&#xD;
  | event      | HANDSHAKE_FAILURE           |&#xD;
  | invocation | CANCEL_HANDSHAKE            |&#xD;
  | invocation | HANDSHAKE_RECONNECT         |&#xD;
  | event      | HANDSHAKE_RECONNECT_FAILURE |&#xD;
  | invocation | CANCEL_HANDSHAKE_RECONNECT  |&#xD;
  | invocation | HANDSHAKE_RECONNECT         |&#xD;
  | event      | HANDSHAKE_RECONNECT_SUCCESS |&#xD;
  | invocation | CANCEL_HANDSHAKE_RECONNECT  |&#xD;
  | invocation | EMIT_STATUS                 |&#xD;
  | invocation | RECEIVE_MESSAGES            |&#xD;
  | event      | RECEIVE_SUCCESS             |&#xD;
  | invocation | CANCEL_RECEIVE_MESSAGES     |&#xD;
  | invocation | EMIT_MESSAGES               |&#xD;
  | invocation | RECEIVE_MESSAGES            |&#xD;
-&gt; done: EventEngineSteps.ThenIObserveTheFollowing(&lt;table&gt;) (0.0s)&#xD;
None PNDisconnectedCategory 0</StdOut>
      </Output>
    </UnitTestResult>
    <UnitTestResult executionId="28f43049-ec70-4f24-a48d-51f6c2bceeba" testId="3b96f760-7a4a-da94-3ca5-8f27e0604482" testName="CryptorIsAbleToProcessSampleFilesAsStream(&quot;legacy&quot;,&quot;pubnubenigma&quot;,&quot;random&quot;,&quot;file-legacy-riv.jpg&quot;,&quot;file.jpg&quot;,null)" computerName="runner" duration="00:00:00.0060180" startTime="2024-10-03T10:46:25.4946547+00:00" endTime="2024-10-03T10:46:25.5006725+00:00" testType="13cdc9d9-ddb5-4fa4-a97d-d965ccfc6d4b" outcome="Passed" testListId="8c84fa94-04c1-424b-9868-57a2d4851a1d" relativeResultsDirectory="28f43049-ec70-4f24-a48d-51f6c2bceeba">
      <Output>
        <StdOut>Given Crypto module with 'legacy' cryptor&#xD;
-&gt; done: CryptoModuleSteps.GivenCryptoModuleWithCryptor("legacy") (0.0s)&#xD;
* with 'pubnubenigma' cipher key&#xD;
-&gt; done: CryptoModuleSteps.GivenWithCipherKey("pubnubenigma") (0.0s)&#xD;
* with 'random' vector&#xD;
-&gt; done: CryptoModuleSteps.GivenWithVector("random") (0.0s)&#xD;
When I decrypt 'file-legacy-riv.jpg' file as 'stream'&#xD;
-&gt; done: CryptoModuleSteps.WhenIDecryptFileAs("file-legacy-riv.jpg", "stream") (0.0s)&#xD;
Then Decrypted file content equal to the 'file.jpg' file content&#xD;
-&gt; done: CryptoModuleSteps.ThenDecryptedFileContentEqualToTheFileContent("file.jpg") (0.0s)</StdOut>
      </Output>
    </UnitTestResult>
    <UnitTestResult executionId="956e409e-78f3-407d-ab79-ce17eb45973b" testId="984e3d49-4d22-c80b-52c3-19191f62fda7" testName="EmptyStreamDataEncryptionShouldFail(&quot;acrh&quot;,&quot;pubnubenigma&quot;,&quot;-&quot;,null)" computerName="runner" duration="00:00:00.0022200" startTime="2024-10-03T10:46:25.5757573+00:00" endTime="2024-10-03T10:46:25.5779767+00:00" testType="13cdc9d9-ddb5-4fa4-a97d-d965ccfc6d4b" outcome="Passed" testListId="8c84fa94-04c1-424b-9868-57a2d4851a1d" relativeResultsDirectory="956e409e-78f3-407d-ab79-ce17eb45973b">
      <Output>
        <StdOut>Given Crypto module with 'acrh' cryptor&#xD;
-&gt; done: CryptoModuleSteps.GivenCryptoModuleWithCryptor("acrh") (0.0s)&#xD;
* with 'pubnubenigma' cipher key&#xD;
-&gt; done: CryptoModuleSteps.GivenWithCipherKey("pubnubenigma") (0.0s)&#xD;
* with '-' vector&#xD;
-&gt; done: CryptoModuleSteps.GivenWithVector("-") (0.0s)&#xD;
When I encrypt 'empty-file.txt' file as 'stream'&#xD;
-&gt; done: CryptoModuleSteps.WhenIEncryptFileAs("empty-file.txt", "stream") (0.0s)&#xD;
Then I receive 'encryption error'&#xD;
-&gt; done: CryptoModuleSteps.ThenIReceive("encryption error") (0.0s)</StdOut>
      </Output>
    </UnitTestResult>
    <UnitTestResult executionId="10d9d8d8-caa4-427d-b06f-09aa8b6ff26d" testId="b811bc2b-ac6c-1eab-5504-b3af1ec9a805" testName="RevokeATokenWithCharactersThatRequireUrlEncoding" computerName="runner" duration="00:00:00.0158799" startTime="2024-10-03T10:47:08.4163088+00:00" endTime="2024-10-03T10:47:08.4321883+00:00" testType="13cdc9d9-ddb5-4fa4-a97d-d965ccfc6d4b" outcome="Passed" testListId="8c84fa94-04c1-424b-9868-57a2d4851a1d" relativeResultsDirectory="10d9d8d8-caa4-427d-b06f-09aa8b6ff26d">
      <Output>
        <StdOut>Given I have a keyset with access manager enabled&#xD;
-&gt; done: FeatureAccessSteps.GivenIHaveAKeysetWithAccessManagerEnabled() (0.0s)&#xD;
Given the token string 'unescaped-_.ABCabc123 escaped;,/?:@&amp;=+$#'&#xD;
-&gt; done: FeatureAccessSteps.GivenTheTokenString("unescaped-_.ABCab...") (0.0s)&#xD;
When I revoke a token&#xD;
-&gt; done: FeatureAccessSteps.WhenIRevokeAToken() (0.0s)&#xD;
Then I get confirmation that token has been revoked&#xD;
-&gt; done: FeatureAccessSteps.ThenIGetConfirmationThatTokenHasBeenRevoked() (0.0s)</StdOut>
      </Output>
    </UnitTestResult>
    <UnitTestResult executionId="57e8daaa-78b8-44b7-ab81-bfd2a74e2c01" testId="798a8e71-c3a5-952d-b167-1f516fd90da6" testName="AES_CBCCryptorDataHeaderCanBeProcessed(&quot;pubnubenigma&quot;,&quot;file-cryptor-v1-acrh.jpg&quot;,&quot;success&quot;,null)" computerName="runner" duration="00:00:00.0385340" startTime="2024-10-03T10:46:25.3153122+00:00" endTime="2024-10-03T10:46:25.3538462+00:00" testType="13cdc9d9-ddb5-4fa4-a97d-d965ccfc6d4b" outcome="Passed" testListId="8c84fa94-04c1-424b-9868-57a2d4851a1d" relativeResultsDirectory="57e8daaa-78b8-44b7-ab81-bfd2a74e2c01">
      <Output>
        <StdOut>Given Crypto module with 'acrh' cryptor&#xD;
-&gt; done: CryptoModuleSteps.GivenCryptoModuleWithCryptor("acrh") (0.0s)&#xD;
* with 'pubnubenigma' cipher key&#xD;
-&gt; done: CryptoModuleSteps.GivenWithCipherKey("pubnubenigma") (0.0s)&#xD;
When I decrypt 'file-cryptor-v1-acrh.jpg' file&#xD;
-&gt; done: CryptoModuleSteps.WhenIDecryptFile("file-cryptor-v1-a...") (0.0s)&#xD;
Then I receive 'success'&#xD;
-&gt; done: CryptoModuleSteps.ThenIReceive("success") (0.0s)</StdOut>
      </Output>
    </UnitTestResult>
    <UnitTestResult executionId="cd4fcad6-4fdc-438f-8670-33bd120f071d" testId="07a0b332-7585-5132-2931-ba67f585bbfd" testName="RemoveAUUIDMetadataForId" computerName="runner" duration="00:00:00.0195130" startTime="2024-10-03T10:47:08.3346120+00:00" endTime="2024-10-03T10:47:08.3541249+00:00" testType="13cdc9d9-ddb5-4fa4-a97d-d965ccfc6d4b" outcome="Passed" testListId="8c84fa94-04c1-424b-9868-57a2d4851a1d" relativeResultsDirectory="cd4fcad6-4fdc-438f-8670-33bd120f071d">
      <Output>
        <StdOut>Given I have a keyset with Objects V2 enabled&#xD;
-&gt; done: FeatureObjectsV2MetadataSteps.GivenIHaveAKeysetWithObjectsVEnabled(2) (0.0s)&#xD;
Given the id for 'Alice' persona&#xD;
-&gt; done: FeatureObjectsV2MetadataSteps.GivenTheIdForPersona("Alice") (0.0s)&#xD;
When I remove the UUID metadata&#xD;
-&gt; done: FeatureObjectsV2MetadataSteps.WhenIRemoveTheUUIDMetadata() (0.0s)&#xD;
Then I receive a successful response&#xD;
-&gt; done: FeatureObjectsV2MetadataSteps.ThenIReceiveASuccessfulResponse() (0.0s)</StdOut>
      </Output>
    </UnitTestResult>
    <UnitTestResult executionId="f1bcf898-8647-4df3-ab49-3220adc33843" testId="42ca667a-a020-f899-567b-164563a5f68c" testName="AES_CBCCryptorDataHeaderCanBeProcessed(&quot;pubnubenigma&quot;,&quot;empty-file-cryptor-v1-acrh.txt&quot;,&quot;decryption error&quot;,null)" computerName="runner" duration="00:00:00.0110250" startTime="2024-10-03T10:46:25.3042739+00:00" endTime="2024-10-03T10:46:25.3152992+00:00" testType="13cdc9d9-ddb5-4fa4-a97d-d965ccfc6d4b" outcome="Passed" testListId="8c84fa94-04c1-424b-9868-57a2d4851a1d" relativeResultsDirectory="f1bcf898-8647-4df3-ab49-3220adc33843">
      <Output>
        <StdOut>Given Crypto module with 'acrh' cryptor&#xD;
-&gt; done: CryptoModuleSteps.GivenCryptoModuleWithCryptor("acrh") (0.0s)&#xD;
* with 'pubnubenigma' cipher key&#xD;
-&gt; done: CryptoModuleSteps.GivenWithCipherKey("pubnubenigma") (0.0s)&#xD;
When I decrypt 'empty-file-cryptor-v1-acrh.txt' file&#xD;
-&gt; done: CryptoModuleSteps.WhenIDecryptFile("empty-file-crypto...") (0.0s)&#xD;
Then I receive 'decryption error'&#xD;
-&gt; done: CryptoModuleSteps.ThenIReceive("decryption error") (0.0s)</StdOut>
      </Output>
    </UnitTestResult>
    <UnitTestResult executionId="3c06c33b-d10a-4e9f-b2cf-47c6398e0c73" testId="17537441-5c46-b29c-7a15-7f733fa6a240" testName="AttemptToGrantAnAccessTokenWhenTtlProvidedExceedsTheMaxTtlConfiguredUseDefaultMax43200ForTheTest" computerName="runner" duration="00:00:00.0469400" startTime="2024-10-03T10:47:07.0415247+00:00" endTime="2024-10-03T10:47:07.0884644+00:00" testType="13cdc9d9-ddb5-4fa4-a97d-d965ccfc6d4b" outcome="Passed" testListId="8c84fa94-04c1-424b-9868-57a2d4851a1d" relativeResultsDirectory="3c06c33b-d10a-4e9f-b2cf-47c6398e0c73">
      <Output>
        <StdOut>Given I have a keyset with access manager enabled&#xD;
-&gt; done: FeatureAccessSteps.GivenIHaveAKeysetWithAccessManagerEnabled() (0.0s)&#xD;
Given the TTL 43201&#xD;
-&gt; done: FeatureAccessSteps.GivenTheTTL(43201) (0.0s)&#xD;
Given the 'channel-1' CHANNEL resource access permissions&#xD;
-&gt; done: FeatureAccessSteps.GivenTheCHANNELResourceAccessPermissions("channel-1") (0.0s)&#xD;
* grant resource permission READ&#xD;
-&gt; done: FeatureAccessSteps.GivenGrantResourcePermissionREAD() (0.0s)&#xD;
When I attempt to grant a token specifying those permissions&#xD;
-&gt; done: FeatureAccessSteps.WhenIAttemptToGrantATokenSpecifyingThosePermissions() (0.0s)&#xD;
Then an error is returned&#xD;
-&gt; done: FeatureAccessSteps.ThenAnErrorIsReturned() (0.0s)&#xD;
* the error status code is 400&#xD;
-&gt; done: FeatureAccessSteps.ThenTheErrorStatusCodeIs(400) (0.0s)&#xD;
* the error message is 'Invalid ttl'&#xD;
-&gt; done: FeatureAccessSteps.ThenTheErrorMessageIs("Invalid ttl") (0.0s)&#xD;
* the error source is 'grant'&#xD;
-&gt; done: FeatureAccessSteps.ThenTheErrorSourceIs("grant") (0.0s)&#xD;
* the error detail message is 'Range should be 1 to 43200 minute(s).'&#xD;
-&gt; done: FeatureAccessSteps.ThenTheErrorDetailMessageIs("Range should be 1...") (0.0s)&#xD;
* the error detail location is 'ttl'&#xD;
-&gt; done: FeatureAccessSteps.ThenTheErrorDetailLocationIs("ttl") (0.0s)&#xD;
* the error detail location type is 'body'&#xD;
-&gt; done: FeatureAccessSteps.ThenTheErrorDetailLocationTypeIs("body") (0.0s)</StdOut>
      </Output>
    </UnitTestResult>
    <UnitTestResult executionId="be96d941-d691-42c0-a55c-9f41bef3c863" testId="4abae91a-e1c2-11c6-c78e-4c0a98abeb41" testName="ManageMembersForAChannel" computerName="runner" duration="00:00:00.0354770" startTime="2024-10-03T10:47:07.8875211+00:00" endTime="2024-10-03T10:47:07.9229984+00:00" testType="13cdc9d9-ddb5-4fa4-a97d-d965ccfc6d4b" outcome="Passed" testListId="8c84fa94-04c1-424b-9868-57a2d4851a1d" relativeResultsDirectory="be96d941-d691-42c0-a55c-9f41bef3c863">
      <Output>
        <StdOut>Given I have a keyset with Objects V2 enabled&#xD;
-&gt; done: FeatureObjectsV2MetadataSteps.GivenIHaveAKeysetWithObjectsVEnabled(2) (0.0s)&#xD;
Given the data for 'PeterMember' member&#xD;
-&gt; done: FeatureObjectsV2MetadataSteps.GivenTheDataForMember("PeterMember") (0.0s)&#xD;
And the data for 'AmeliaMember' member that we want to remove&#xD;
-&gt; done: FeatureObjectsV2MetadataSteps.GivenTheDataForMemberThatWeWantToRemove("AmeliaMember") (0.0s)&#xD;
And the id for 'Chat' channel&#xD;
-&gt; done: FeatureObjectsV2MetadataSteps.GivenTheIdForChannel("Chat") (0.0s)&#xD;
When I manage channel members&#xD;
-&gt; done: FeatureObjectsV2MetadataSteps.WhenIManageChannelMembers() (0.0s)&#xD;
Then I receive a successful response&#xD;
-&gt; done: FeatureObjectsV2MetadataSteps.ThenIReceiveASuccessfulResponse() (0.0s)&#xD;
And the response contains list with 'PeterMember' member&#xD;
-&gt; done: FeatureObjectsV2MetadataSteps.ThenTheResponseContainsListWithMember("PeterMember") (0.0s)&#xD;
And the response does not contain list with 'AmeliaMember' member&#xD;
-&gt; done: FeatureObjectsV2MetadataSteps.ThenTheResponseDoesNotContainListWithMember("AmeliaMember") (0.0s)</StdOut>
      </Output>
    </UnitTestResult>
    <UnitTestResult executionId="07a49559-43f2-41a3-86e9-85d3592174c1" testId="be8b1c28-897b-72b1-79de-44eed3d3394f" testName="RemoveAChannelMetadataForId" computerName="runner" duration="00:00:00.0202280" startTime="2024-10-03T10:47:07.7827665+00:00" endTime="2024-10-03T10:47:07.8029942+00:00" testType="13cdc9d9-ddb5-4fa4-a97d-d965ccfc6d4b" outcome="Passed" testListId="8c84fa94-04c1-424b-9868-57a2d4851a1d" relativeResultsDirectory="07a49559-43f2-41a3-86e9-85d3592174c1">
      <Output>
        <StdOut>Given I have a keyset with Objects V2 enabled&#xD;
-&gt; done: FeatureObjectsV2MetadataSteps.GivenIHaveAKeysetWithObjectsVEnabled(2) (0.0s)&#xD;
Given the id for 'Chat' channel&#xD;
-&gt; done: FeatureObjectsV2MetadataSteps.GivenTheIdForChannel("Chat") (0.0s)&#xD;
When I remove the channel metadata&#xD;
-&gt; done: FeatureObjectsV2MetadataSteps.WhenIRemoveTheChannelMetadata() (0.0s)&#xD;
Then I receive a successful response&#xD;
-&gt; done: FeatureObjectsV2MetadataSteps.ThenIReceiveASuccessfulResponse() (0.0s)</StdOut>
      </Output>
    </UnitTestResult>
    <UnitTestResult executionId="252482c3-1d41-4f4d-8086-b18b287a46e7" testId="aea0c1c8-e4f2-b00c-e2e5-3958a9100776" testName="ManageMembershipsForAUUID" computerName="runner" duration="00:00:00.0283600" startTime="2024-10-03T10:47:08.1183305+00:00" endTime="2024-10-03T10:47:08.1466903+00:00" testType="13cdc9d9-ddb5-4fa4-a97d-d965ccfc6d4b" outcome="Passed" testListId="8c84fa94-04c1-424b-9868-57a2d4851a1d" relativeResultsDirectory="252482c3-1d41-4f4d-8086-b18b287a46e7">
      <Output>
        <StdOut>Given I have a keyset with Objects V2 enabled&#xD;
-&gt; done: FeatureObjectsV2MetadataSteps.GivenIHaveAKeysetWithObjectsVEnabled(2) (0.0s)&#xD;
Given the id for 'Alice' persona&#xD;
-&gt; done: FeatureObjectsV2MetadataSteps.GivenTheIdForPersona("Alice") (0.0s)&#xD;
And the data for 'ChatMembership' membership&#xD;
-&gt; done: FeatureObjectsV2MetadataSteps.GivenTheDataForMembership("ChatMembership") (0.0s)&#xD;
And the data for 'PatientMembership' membership that we want to remove&#xD;
-&gt; done: FeatureObjectsV2MetadataSteps.GivenTheDataForMembershipThatWeWantToRemove("PatientMembership") (0.0s)&#xD;
When I manage memberships&#xD;
-&gt; done: FeatureObjectsV2MetadataSteps.WhenIManageMemberships() (0.0s)&#xD;
Then I receive a successful response&#xD;
-&gt; done: FeatureObjectsV2MetadataSteps.ThenIReceiveASuccessfulResponse() (0.0s)&#xD;
And the response contains list with 'ChatMembership' membership&#xD;
-&gt; done: FeatureObjectsV2MetadataSteps.ThenTheResponseContainsListWithMembership("ChatMembership") (0.0s)&#xD;
And the response does not contain list with 'PatientMembership' membership&#xD;
-&gt; done: FeatureObjectsV2MetadataSteps.ThenTheResponseDoesNotContainListWithMembership("PatientMembership") (0.0s)</StdOut>
      </Output>
    </UnitTestResult>
    <UnitTestResult executionId="dcb15cbc-b6f9-47f4-9ed2-69301ce8874d" testId="6af2fe2f-9fc6-6af1-e346-da11b3a31319" testName="EmptyDataDecryptionShouldFail(&quot;acrh&quot;,&quot;pubnubenigma&quot;,&quot;-&quot;,&quot;empty-file-cryptor-v1-acrh.txt&quot;,null)" computerName="runner" duration="00:00:00.0019210" startTime="2024-10-03T10:46:25.5478409+00:00" endTime="2024-10-03T10:46:25.5497620+00:00" testType="13cdc9d9-ddb5-4fa4-a97d-d965ccfc6d4b" outcome="Passed" testListId="8c84fa94-04c1-424b-9868-57a2d4851a1d" relativeResultsDirectory="dcb15cbc-b6f9-47f4-9ed2-69301ce8874d">
      <Output>
        <StdOut>Given Crypto module with 'acrh' cryptor&#xD;
-&gt; done: CryptoModuleSteps.GivenCryptoModuleWithCryptor("acrh") (0.0s)&#xD;
* with 'pubnubenigma' cipher key&#xD;
-&gt; done: CryptoModuleSteps.GivenWithCipherKey("pubnubenigma") (0.0s)&#xD;
* with '-' vector&#xD;
-&gt; done: CryptoModuleSteps.GivenWithVector("-") (0.0s)&#xD;
When I decrypt 'empty-file-cryptor-v1-acrh.txt' file as 'binary'&#xD;
-&gt; done: CryptoModuleSteps.WhenIDecryptFileAs("empty-file-crypto...", "binary") (0.0s)&#xD;
Then I receive 'decryption error'&#xD;
-&gt; done: CryptoModuleSteps.ThenIReceive("decryption error") (0.0s)</StdOut>
      </Output>
    </UnitTestResult>
    <UnitTestResult executionId="aa2a821b-5606-4997-9796-f6f80fbf7290" testId="bc7a74bf-9a5b-2257-fa8b-50752bdbf702" testName="CryptorIsAbleToProcessSampleFilesAsBinary(&quot;legacy&quot;,&quot;pubnubenigma&quot;,&quot;constant&quot;,&quot;file-legacy-civ.jpg&quot;,&quot;file.jpg&quot;,null)" computerName="runner" duration="00:00:00.0056100" startTime="2024-10-03T10:46:25.4547170+00:00" endTime="2024-10-03T10:46:25.4603265+00:00" testType="13cdc9d9-ddb5-4fa4-a97d-d965ccfc6d4b" outcome="Passed" testListId="8c84fa94-04c1-424b-9868-57a2d4851a1d" relativeResultsDirectory="aa2a821b-5606-4997-9796-f6f80fbf7290">
      <Output>
        <StdOut>Given Crypto module with 'legacy' cryptor&#xD;
-&gt; done: CryptoModuleSteps.GivenCryptoModuleWithCryptor("legacy") (0.0s)&#xD;
* with 'pubnubenigma' cipher key&#xD;
-&gt; done: CryptoModuleSteps.GivenWithCipherKey("pubnubenigma") (0.0s)&#xD;
* with 'constant' vector&#xD;
-&gt; done: CryptoModuleSteps.GivenWithVector("constant") (0.0s)&#xD;
When I decrypt 'file-legacy-civ.jpg' file as 'binary'&#xD;
-&gt; done: CryptoModuleSteps.WhenIDecryptFileAs("file-legacy-civ.jpg", "binary") (0.0s)&#xD;
Then Decrypted file content equal to the 'file.jpg' file content&#xD;
-&gt; done: CryptoModuleSteps.ThenDecryptedFileContentEqualToTheFileContent("file.jpg") (0.0s)</StdOut>
      </Output>
    </UnitTestResult>
    <UnitTestResult executionId="44858d14-e447-4368-96a3-e0f6ff26e036" testId="5271a851-e8d2-c42c-aad6-49024c68a9d5" testName="GetAllChannelMetadataWithCustom" computerName="runner" duration="00:00:00.0213250" startTime="2024-10-03T10:47:07.7614079+00:00" endTime="2024-10-03T10:47:07.7827325+00:00" testType="13cdc9d9-ddb5-4fa4-a97d-d965ccfc6d4b" outcome="Passed" testListId="8c84fa94-04c1-424b-9868-57a2d4851a1d" relativeResultsDirectory="44858d14-e447-4368-96a3-e0f6ff26e036">
      <Output>
        <StdOut>Given I have a keyset with Objects V2 enabled&#xD;
-&gt; done: FeatureObjectsV2MetadataSteps.GivenIHaveAKeysetWithObjectsVEnabled(2) (0.0s)&#xD;
When I get all channel metadata with custom&#xD;
-&gt; done: FeatureObjectsV2MetadataSteps.WhenIGetAllChannelMetadataWithCustom() (0.0s)&#xD;
Then I receive a successful response&#xD;
-&gt; done: FeatureObjectsV2MetadataSteps.ThenIReceiveASuccessfulResponse() (0.0s)&#xD;
And the response contains list with 'DM' and 'VipChat' channel metadata&#xD;
-&gt; done: FeatureObjectsV2MetadataSteps.ThenTheResponseContainsListWithAndChannelMetadata("DM", "VipChat") (0.0s)</StdOut>
      </Output>
    </UnitTestResult>
    <UnitTestResult executionId="b228ab21-64ee-4264-a0e6-09379dad4402" testId="63f82b54-f147-1707-8ae8-1f771750a4c8" testName="GrantAnAccessTokenSuccessfullyWithAnAuthorizedUuid" computerName="runner" duration="00:00:00.0912710" startTime="2024-10-03T10:47:07.1367066+00:00" endTime="2024-10-03T10:47:07.2279774+00:00" testType="13cdc9d9-ddb5-4fa4-a97d-d965ccfc6d4b" outcome="Passed" testListId="8c84fa94-04c1-424b-9868-57a2d4851a1d" relativeResultsDirectory="b228ab21-64ee-4264-a0e6-09379dad4402">
      <Output>
        <StdOut>Given I have a keyset with access manager enabled&#xD;
-&gt; done: FeatureAccessSteps.GivenIHaveAKeysetWithAccessManagerEnabled() (0.0s)&#xD;
Given the authorized UUID "test-authorized-uuid"&#xD;
-&gt; done: FeatureAccessSteps.GivenTheAuthorizedUUID("test-authorized-uuid") (0.0s)&#xD;
Given the TTL 60&#xD;
-&gt; done: FeatureAccessSteps.GivenTheTTL(60) (0.0s)&#xD;
Given the 'channel-1' CHANNEL resource access permissions&#xD;
-&gt; done: FeatureAccessSteps.GivenTheCHANNELResourceAccessPermissions("channel-1") (0.0s)&#xD;
* grant resource permission READ&#xD;
-&gt; done: FeatureAccessSteps.GivenGrantResourcePermissionREAD() (0.0s)&#xD;
When I grant a token specifying those permissions&#xD;
-&gt; done: FeatureAccessSteps.WhenIGrantATokenSpecifyingThosePermissions() (0.0s)&#xD;
Then the token contains the TTL 60&#xD;
-&gt; done: FeatureAccessSteps.ThenTheTokenContainsTheTTL(60) (0.1s)&#xD;
Then the token contains the authorized UUID "test-authorized-uuid"&#xD;
-&gt; done: FeatureAccessSteps.ThenTheTokenContainsTheAuthorizedUUID("test-authorized-uuid") (0.0s)&#xD;
Then the token has 'channel-1' CHANNEL resource access permissions&#xD;
-&gt; done: FeatureAccessSteps.ThenTheTokenHasCHANNELResourceAccessPermissions("channel-1") (0.0s)&#xD;
* token resource permission READ&#xD;
-&gt; done: FeatureAccessSteps.ThenTokenResourcePermissionREAD() (0.0s)</StdOut>
      </Output>
    </UnitTestResult>
    <UnitTestResult executionId="dc707577-2032-433d-8622-7acc9cf2ef68" testId="d717777f-cd83-a14f-a06e-85ad7a167630" testName="GetAUUIDMetadataForId" computerName="runner" duration="00:00:00.0237140" startTime="2024-10-03T10:47:08.2913436+00:00" endTime="2024-10-03T10:47:08.3150574+00:00" testType="13cdc9d9-ddb5-4fa4-a97d-d965ccfc6d4b" outcome="Passed" testListId="8c84fa94-04c1-424b-9868-57a2d4851a1d" relativeResultsDirectory="dc707577-2032-433d-8622-7acc9cf2ef68">
      <Output>
        <StdOut>Given I have a keyset with Objects V2 enabled&#xD;
-&gt; done: FeatureObjectsV2MetadataSteps.GivenIHaveAKeysetWithObjectsVEnabled(2) (0.0s)&#xD;
Given the id for 'Alice' persona&#xD;
-&gt; done: FeatureObjectsV2MetadataSteps.GivenTheIdForPersona("Alice") (0.0s)&#xD;
When I get the UUID metadata&#xD;
-&gt; done: FeatureObjectsV2MetadataSteps.WhenIGetTheUUIDMetadata() (0.0s)&#xD;
Then I receive a successful response&#xD;
-&gt; done: FeatureObjectsV2MetadataSteps.ThenIReceiveASuccessfulResponse() (0.0s)&#xD;
And the UUID metadata for 'Alice' persona&#xD;
-&gt; done: FeatureObjectsV2MetadataSteps.ThenTheUUIDMetadataForPersona("Alice") (0.0s)</StdOut>
      </Output>
    </UnitTestResult>
    <UnitTestResult executionId="21cbb693-bba0-4a7e-a4b7-e6c3e01321c3" testId="71353074-59f3-561d-2fde-c864cf9dfcb6" testName="CryptorIsAbleToProcessSampleFilesAsBinary(&quot;acrh&quot;,&quot;pubnubenigma&quot;,&quot;-&quot;,&quot;file-cryptor-v1-acrh.jpg&quot;,&quot;file.jpg&quot;,null)" computerName="runner" duration="00:00:00.0116980" startTime="2024-10-03T10:46:25.4710948+00:00" endTime="2024-10-03T10:46:25.4827930+00:00" testType="13cdc9d9-ddb5-4fa4-a97d-d965ccfc6d4b" outcome="Passed" testListId="8c84fa94-04c1-424b-9868-57a2d4851a1d" relativeResultsDirectory="21cbb693-bba0-4a7e-a4b7-e6c3e01321c3">
      <Output>
        <StdOut>Given Crypto module with 'acrh' cryptor&#xD;
-&gt; done: CryptoModuleSteps.GivenCryptoModuleWithCryptor("acrh") (0.0s)&#xD;
* with 'pubnubenigma' cipher key&#xD;
-&gt; done: CryptoModuleSteps.GivenWithCipherKey("pubnubenigma") (0.0s)&#xD;
* with '-' vector&#xD;
-&gt; done: CryptoModuleSteps.GivenWithVector("-") (0.0s)&#xD;
When I decrypt 'file-cryptor-v1-acrh.jpg' file as 'binary'&#xD;
-&gt; done: CryptoModuleSteps.WhenIDecryptFileAs("file-cryptor-v1-a...", "binary") (0.0s)&#xD;
Then Decrypted file content equal to the 'file.jpg' file content&#xD;
-&gt; done: CryptoModuleSteps.ThenDecryptedFileContentEqualToTheFileContent("file.jpg") (0.0s)</StdOut>
      </Output>
    </UnitTestResult>
    <UnitTestResult executionId="73f95f47-2fa9-470a-a771-36d072d97545" testId="50604149-da7b-7eb8-2563-57d2dd368452" testName="EmptyDataDecryptionShouldFail(&quot;legacy&quot;,&quot;pubnubenigma&quot;,&quot;constant&quot;,&quot;empty-file.txt&quot;,null)" computerName="runner" duration="00:00:00.0021120" startTime="2024-10-03T10:46:25.5395671+00:00" endTime="2024-10-03T10:46:25.5416786+00:00" testType="13cdc9d9-ddb5-4fa4-a97d-d965ccfc6d4b" outcome="Passed" testListId="8c84fa94-04c1-424b-9868-57a2d4851a1d" relativeResultsDirectory="73f95f47-2fa9-470a-a771-36d072d97545">
      <Output>
        <StdOut>Given Crypto module with 'legacy' cryptor&#xD;
-&gt; done: CryptoModuleSteps.GivenCryptoModuleWithCryptor("legacy") (0.0s)&#xD;
* with 'pubnubenigma' cipher key&#xD;
-&gt; done: CryptoModuleSteps.GivenWithCipherKey("pubnubenigma") (0.0s)&#xD;
* with 'constant' vector&#xD;
-&gt; done: CryptoModuleSteps.GivenWithVector("constant") (0.0s)&#xD;
When I decrypt 'empty-file.txt' file as 'binary'&#xD;
-&gt; done: CryptoModuleSteps.WhenIDecryptFileAs("empty-file.txt", "binary") (0.0s)&#xD;
Then I receive 'decryption error'&#xD;
-&gt; done: CryptoModuleSteps.ThenIReceive("decryption error") (0.0s)</StdOut>
      </Output>
    </UnitTestResult>
    <UnitTestResult executionId="d0ad6316-19b0-454e-a62e-8585a7fda3c2" testId="238d7046-3682-e357-765d-2a21c813602e" testName="AttemptToGrantAnAccessTokenWithARegularExpressionContainingASyntaxErrorAndExpectAServerError" computerName="runner" duration="00:00:00.0159610" startTime="2024-10-03T10:47:07.1052453+00:00" endTime="2024-10-03T10:47:07.1212063+00:00" testType="13cdc9d9-ddb5-4fa4-a97d-d965ccfc6d4b" outcome="Passed" testListId="8c84fa94-04c1-424b-9868-57a2d4851a1d" relativeResultsDirectory="d0ad6316-19b0-454e-a62e-8585a7fda3c2">
      <Output>
        <StdOut>Given I have a keyset with access manager enabled&#xD;
-&gt; done: FeatureAccessSteps.GivenIHaveAKeysetWithAccessManagerEnabled() (0.0s)&#xD;
Given the TTL 60&#xD;
-&gt; done: FeatureAccessSteps.GivenTheTTL(60) (0.0s)&#xD;
Given the '!&lt;[^&gt;]+&gt;++' UUID pattern access permissions&#xD;
-&gt; done: FeatureAccessSteps.GivenTheUUIDPatternAccessPermissions("!&lt;[^&gt;]+&gt;++") (0.0s)&#xD;
* grant pattern permission GET&#xD;
-&gt; done: FeatureAccessSteps.GivenGrantPatternPermissionGET() (0.0s)&#xD;
When I attempt to grant a token specifying those permissions&#xD;
-&gt; done: FeatureAccessSteps.WhenIAttemptToGrantATokenSpecifyingThosePermissions() (0.0s)&#xD;
Then an error is returned&#xD;
-&gt; done: FeatureAccessSteps.ThenAnErrorIsReturned() (0.0s)&#xD;
* the error status code is 400&#xD;
-&gt; done: FeatureAccessSteps.ThenTheErrorStatusCodeIs(400) (0.0s)&#xD;
* the error message is 'Invalid RegExp'&#xD;
-&gt; done: FeatureAccessSteps.ThenTheErrorMessageIs("Invalid RegExp") (0.0s)&#xD;
* the error source is 'grant'&#xD;
-&gt; done: FeatureAccessSteps.ThenTheErrorSourceIs("grant") (0.0s)&#xD;
* the error detail message is 'Syntax error: multiple repeat.'&#xD;
-&gt; done: FeatureAccessSteps.ThenTheErrorDetailMessageIs("Syntax error: mul...") (0.0s)&#xD;
* the error detail location is 'permissions.patterns.uuids.!&lt;[^&gt;]+&gt;++'&#xD;
-&gt; done: FeatureAccessSteps.ThenTheErrorDetailLocationIs("permissions.patte...") (0.0s)&#xD;
* the error detail location type is 'body'&#xD;
-&gt; done: FeatureAccessSteps.ThenTheErrorDetailLocationTypeIs("body") (0.0s)</StdOut>
      </Output>
    </UnitTestResult>
    <UnitTestResult executionId="a8581564-5256-4aaa-a2c6-570209f70a3c" testId="84e090d8-441a-8861-c4e5-70620525fefd" testName="CryptorIsAbleToProcessSampleFilesAsBinary(&quot;legacy&quot;,&quot;pubnubenigma&quot;,&quot;random&quot;,&quot;file-legacy-riv.jpg&quot;,&quot;file.jpg&quot;,null)" computerName="runner" duration="00:00:00.0058940" startTime="2024-10-03T10:46:25.4603614+00:00" endTime="2024-10-03T10:46:25.4662553+00:00" testType="13cdc9d9-ddb5-4fa4-a97d-d965ccfc6d4b" outcome="Passed" testListId="8c84fa94-04c1-424b-9868-57a2d4851a1d" relativeResultsDirectory="a8581564-5256-4aaa-a2c6-570209f70a3c">
      <Output>
        <StdOut>Given Crypto module with 'legacy' cryptor&#xD;
-&gt; done: CryptoModuleSteps.GivenCryptoModuleWithCryptor("legacy") (0.0s)&#xD;
* with 'pubnubenigma' cipher key&#xD;
-&gt; done: CryptoModuleSteps.GivenWithCipherKey("pubnubenigma") (0.0s)&#xD;
* with 'random' vector&#xD;
-&gt; done: CryptoModuleSteps.GivenWithVector("random") (0.0s)&#xD;
When I decrypt 'file-legacy-riv.jpg' file as 'binary'&#xD;
-&gt; done: CryptoModuleSteps.WhenIDecryptFileAs("file-legacy-riv.jpg", "binary") (0.0s)&#xD;
Then Decrypted file content equal to the 'file.jpg' file content&#xD;
-&gt; done: CryptoModuleSteps.ThenDecryptedFileContentEqualToTheFileContent("file.jpg") (0.0s)</StdOut>
      </Output>
    </UnitTestResult>
    <UnitTestResult executionId="0b4775b8-c615-428c-b2a5-d04f407efb7f" testId="02e294ba-02db-f21e-dc59-8e7c9444841f" testName="EmptyDataEncryptionShouldFail(&quot;legacy&quot;,&quot;pubnubenigma&quot;,&quot;constant&quot;,null)" computerName="runner" duration="00:00:00.0022590" startTime="2024-10-03T10:46:25.5498166+00:00" endTime="2024-10-03T10:46:25.5520757+00:00" testType="13cdc9d9-ddb5-4fa4-a97d-d965ccfc6d4b" outcome="Passed" testListId="8c84fa94-04c1-424b-9868-57a2d4851a1d" relativeResultsDirectory="0b4775b8-c615-428c-b2a5-d04f407efb7f">
      <Output>
        <StdOut>Given Crypto module with 'legacy' cryptor&#xD;
-&gt; done: CryptoModuleSteps.GivenCryptoModuleWithCryptor("legacy") (0.0s)&#xD;
* with 'pubnubenigma' cipher key&#xD;
-&gt; done: CryptoModuleSteps.GivenWithCipherKey("pubnubenigma") (0.0s)&#xD;
* with 'constant' vector&#xD;
-&gt; done: CryptoModuleSteps.GivenWithVector("constant") (0.0s)&#xD;
When I encrypt 'empty-file.txt' file as 'binary'&#xD;
-&gt; done: CryptoModuleSteps.WhenIEncryptFileAs("empty-file.txt", "binary") (0.0s)&#xD;
Then I receive 'encryption error'&#xD;
-&gt; done: CryptoModuleSteps.ThenIReceive("encryption error") (0.0s)</StdOut>
      </Output>
    </UnitTestResult>
    <UnitTestResult executionId="e1f1ac95-9490-4970-b5c4-33177174af8a" testId="7f798889-8174-9314-5795-cf39887a4d5e" testName="AES_CBCCryptorDataHeaderCanBeProcessed(&quot;pubnubenigma&quot;,&quot;file-legacy-civ.jpg&quot;,&quot;unknown cryptor error&quot;,null)" computerName="runner" duration="00:00:00.5239720" startTime="2024-10-03T10:46:24.7663193+00:00" endTime="2024-10-03T10:46:25.2902114+00:00" testType="13cdc9d9-ddb5-4fa4-a97d-d965ccfc6d4b" outcome="Passed" testListId="8c84fa94-04c1-424b-9868-57a2d4851a1d" relativeResultsDirectory="e1f1ac95-9490-4970-b5c4-33177174af8a">
      <Output>
        <StdOut>Given Crypto module with 'acrh' cryptor&#xD;
-&gt; done: CryptoModuleSteps.GivenCryptoModuleWithCryptor("acrh") (0.0s)&#xD;
* with 'pubnubenigma' cipher key&#xD;
-&gt; done: CryptoModuleSteps.GivenWithCipherKey("pubnubenigma") (0.0s)&#xD;
When I decrypt 'file-legacy-civ.jpg' file&#xD;
-&gt; done: CryptoModuleSteps.WhenIDecryptFile("file-legacy-civ.jpg") (0.1s)&#xD;
Then I receive 'unknown cryptor error'&#xD;
-&gt; done: CryptoModuleSteps.ThenIReceive("unknown cryptor e...") (0.0s)</StdOut>
      </Output>
    </UnitTestResult>
    <UnitTestResult executionId="71a42b0d-8a7b-4dac-b4eb-f8faf2463a1d" testId="96ff7052-903d-d61a-0cb2-cdee63831172" testName="RemoveMembership" computerName="runner" duration="00:00:00.0211879" startTime="2024-10-03T10:47:08.1467230+00:00" endTime="2024-10-03T10:47:08.1679109+00:00" testType="13cdc9d9-ddb5-4fa4-a97d-d965ccfc6d4b" outcome="Passed" testListId="8c84fa94-04c1-424b-9868-57a2d4851a1d" relativeResultsDirectory="71a42b0d-8a7b-4dac-b4eb-f8faf2463a1d">
      <Output>
        <StdOut>Given I have a keyset with Objects V2 enabled&#xD;
-&gt; done: FeatureObjectsV2MetadataSteps.GivenIHaveAKeysetWithObjectsVEnabled(2) (0.0s)&#xD;
Given the id for 'Alice' persona&#xD;
-&gt; done: FeatureObjectsV2MetadataSteps.GivenTheIdForPersona("Alice") (0.0s)&#xD;
And the data for 'ChatMembership' membership&#xD;
-&gt; done: FeatureObjectsV2MetadataSteps.GivenTheDataForMembership("ChatMembership") (0.0s)&#xD;
When I remove the membership&#xD;
-&gt; done: FeatureObjectsV2MetadataSteps.WhenIRemoveTheMembership() (0.0s)&#xD;
Then I receive a successful response&#xD;
-&gt; done: FeatureObjectsV2MetadataSteps.ThenIReceiveASuccessfulResponse() (0.0s)</StdOut>
      </Output>
    </UnitTestResult>
    <UnitTestResult executionId="55a6447c-2252-4a28-8c67-47a0a615e5b7" testId="e079e022-b7dd-5746-ddcb-acbf542a744e" testName="CompleteHandshakeFailure" computerName="runner" duration="00:00:09.0411460" startTime="2024-10-03T10:46:48.8778424+00:00" endTime="2024-10-03T10:46:57.9190440+00:00" testType="13cdc9d9-ddb5-4fa4-a97d-d965ccfc6d4b" outcome="Passed" testListId="8c84fa94-04c1-424b-9868-57a2d4851a1d" relativeResultsDirectory="55a6447c-2252-4a28-8c67-47a0a615e5b7">
      <Output>
        <StdOut>Given the demo keyset with Presence EE enabled&#xD;
-&gt; done: EventEngineSteps.GivenTheDemoKeysetWithPresenceEEenabled() (0.0s)&#xD;
Given heartbeatInterval set to '1', timeout set to '60' and suppressLeaveEvents set to 'false'&#xD;
-&gt; done: EventEngineSteps.GivenPresenceConfiguration("1", "60", "false") (0.0s)&#xD;
Given a linear reconnection policy with 3 retries&#xD;
-&gt; done: EventEngineSteps.GivenALinearReconnectionPolicyWithRetries(3) (0.0s)&#xD;
When I join 'first', 'second', 'third' channels&#xD;
-&gt; done: EventEngineSteps.WhenIJoinChannels("first", "second", "third") (0.0s)&#xD;
Then I receive an error in my heartbeat response&#xD;
-&gt; done: EventEngineSteps.ThenHeartbeatErrorAsync() (9.0s)&#xD;
And I observe the following Events and Invocations of the Presence EE:&#xD;
  --- table step argument ---&#xD;
  | type       | name                     |&#xD;
  | event      | JOINED                   |&#xD;
  | invocation | HEARTBEAT                |&#xD;
  | event      | HEARTBEAT_FAILURE        |&#xD;
  | invocation | DELAYED_HEARTBEAT        |&#xD;
  | event      | HEARTBEAT_FAILURE        |&#xD;
  | invocation | CANCEL_DELAYED_HEARTBEAT |&#xD;
  | invocation | DELAYED_HEARTBEAT        |&#xD;
  | event      | HEARTBEAT_FAILURE        |&#xD;
  | invocation | CANCEL_DELAYED_HEARTBEAT |&#xD;
  | invocation | DELAYED_HEARTBEAT        |&#xD;
  | event      | HEARTBEAT_FAILURE        |&#xD;
  | invocation | CANCEL_DELAYED_HEARTBEAT |&#xD;
  | invocation | DELAYED_HEARTBEAT        |&#xD;
  | event      | HEARTBEAT_GIVEUP         |&#xD;
  | invocation | CANCEL_DELAYED_HEARTBEAT |&#xD;
-&gt; done: EventEngineSteps.ThenIObserverPresenceEventEngine(&lt;table&gt;) (0.0s)</StdOut>
      </Output>
    </UnitTestResult>
    <UnitTestResult executionId="00141986-16a9-4f41-b273-19e2f6528f4a" testId="bc8c5e9c-4b5f-8534-047c-bc0ab7c6f555" testName="EmptyStreamDataDecryptionShouldFail(&quot;legacy&quot;,&quot;pubnubenigma&quot;,&quot;constant&quot;,&quot;empty-file.txt&quot;,null)" computerName="runner" duration="00:00:00.0022880" startTime="2024-10-03T10:46:25.5586124+00:00" endTime="2024-10-03T10:46:25.5609007+00:00" testType="13cdc9d9-ddb5-4fa4-a97d-d965ccfc6d4b" outcome="Passed" testListId="8c84fa94-04c1-424b-9868-57a2d4851a1d" relativeResultsDirectory="00141986-16a9-4f41-b273-19e2f6528f4a">
      <Output>
        <StdOut>Given Crypto module with 'legacy' cryptor&#xD;
-&gt; done: CryptoModuleSteps.GivenCryptoModuleWithCryptor("legacy") (0.0s)&#xD;
* with 'pubnubenigma' cipher key&#xD;
-&gt; done: CryptoModuleSteps.GivenWithCipherKey("pubnubenigma") (0.0s)&#xD;
* with 'constant' vector&#xD;
-&gt; done: CryptoModuleSteps.GivenWithVector("constant") (0.0s)&#xD;
When I decrypt 'empty-file.txt' file as 'stream'&#xD;
-&gt; done: CryptoModuleSteps.WhenIDecryptFileAs("empty-file.txt", "stream") (0.0s)&#xD;
Then I receive 'decryption error'&#xD;
-&gt; done: CryptoModuleSteps.ThenIReceive("decryption error") (0.0s)</StdOut>
      </Output>
    </UnitTestResult>
    <UnitTestResult executionId="76a3ba1d-cd81-4157-ab0b-e790d40bcb0a" testId="68a689f7-c4a6-51dd-490d-8e5b965feb8a" testName="CryptorIsAbleToProcessSampleFilesAsStream(&quot;acrh&quot;,&quot;pubnubenigma&quot;,&quot;-&quot;,&quot;file-cryptor-v1-acrh.jpg&quot;,&quot;file.jpg&quot;,null)" computerName="runner" duration="00:00:00.0063350" startTime="2024-10-03T10:46:25.5029987+00:00" endTime="2024-10-03T10:46:25.5093340+00:00" testType="13cdc9d9-ddb5-4fa4-a97d-d965ccfc6d4b" outcome="Passed" testListId="8c84fa94-04c1-424b-9868-57a2d4851a1d" relativeResultsDirectory="76a3ba1d-cd81-4157-ab0b-e790d40bcb0a">
      <Output>
        <StdOut>Given Crypto module with 'acrh' cryptor&#xD;
-&gt; done: CryptoModuleSteps.GivenCryptoModuleWithCryptor("acrh") (0.0s)&#xD;
* with 'pubnubenigma' cipher key&#xD;
-&gt; done: CryptoModuleSteps.GivenWithCipherKey("pubnubenigma") (0.0s)&#xD;
* with '-' vector&#xD;
-&gt; done: CryptoModuleSteps.GivenWithVector("-") (0.0s)&#xD;
When I decrypt 'file-cryptor-v1-acrh.jpg' file as 'stream'&#xD;
-&gt; done: CryptoModuleSteps.WhenIDecryptFileAs("file-cryptor-v1-a...", "stream") (0.0s)&#xD;
Then Decrypted file content equal to the 'file.jpg' file content&#xD;
-&gt; done: CryptoModuleSteps.ThenDecryptedFileContentEqualToTheFileContent("file.jpg") (0.0s)</StdOut>
      </Output>
    </UnitTestResult>
    <UnitTestResult executionId="abe73f65-8eb9-4125-8989-861ece34e6ba" testId="e592298e-a7bd-5e8f-cbb1-f5ba33b2dce9" testName="EmptyDataEncryptionShouldFail(&quot;legacy&quot;,&quot;pubnubenigma&quot;,&quot;random&quot;,null)" computerName="runner" duration="00:00:00.0018580" startTime="2024-10-03T10:46:25.5521019+00:00" endTime="2024-10-03T10:46:25.5539598+00:00" testType="13cdc9d9-ddb5-4fa4-a97d-d965ccfc6d4b" outcome="Passed" testListId="8c84fa94-04c1-424b-9868-57a2d4851a1d" relativeResultsDirectory="abe73f65-8eb9-4125-8989-861ece34e6ba">
      <Output>
        <StdOut>Given Crypto module with 'legacy' cryptor&#xD;
-&gt; done: CryptoModuleSteps.GivenCryptoModuleWithCryptor("legacy") (0.0s)&#xD;
* with 'pubnubenigma' cipher key&#xD;
-&gt; done: CryptoModuleSteps.GivenWithCipherKey("pubnubenigma") (0.0s)&#xD;
* with 'random' vector&#xD;
-&gt; done: CryptoModuleSteps.GivenWithVector("random") (0.0s)&#xD;
When I encrypt 'empty-file.txt' file as 'binary'&#xD;
-&gt; done: CryptoModuleSteps.WhenIEncryptFileAs("empty-file.txt", "binary") (0.0s)&#xD;
Then I receive 'encryption error'&#xD;
-&gt; done: CryptoModuleSteps.ThenIReceive("encryption error") (0.0s)</StdOut>
      </Output>
    </UnitTestResult>
    <UnitTestResult executionId="2a130b32-f0f3-4c02-a9f6-58d020fb97d3" testId="31dac960-539b-5857-5a33-455fe8d5a38f" testName="CryptoModuleCanHandleEncryptedDataFromDifferentCryptors(&quot;acrh&quot;,&quot;legacy&quot;,&quot;pubnubenigma&quot;,&quot;random&quot;,&quot;file-legacy-riv.jpg&quot;,&quot;file.jpg&quot;,null)" computerName="runner" duration="00:00:00.0065370" startTime="2024-10-03T10:46:25.3708537+00:00" endTime="2024-10-03T10:46:25.3773906+00:00" testType="13cdc9d9-ddb5-4fa4-a97d-d965ccfc6d4b" outcome="Passed" testListId="8c84fa94-04c1-424b-9868-57a2d4851a1d" relativeResultsDirectory="2a130b32-f0f3-4c02-a9f6-58d020fb97d3">
      <Output>
        <StdOut>Given Crypto module with default 'acrh' and additional 'legacy' cryptors&#xD;
-&gt; done: CryptoModuleSteps.GivenCryptoModuleWithDefaultAndAdditionalCryptors("acrh", "legacy") (0.0s)&#xD;
* with 'pubnubenigma' cipher key&#xD;
-&gt; done: CryptoModuleSteps.GivenWithCipherKey("pubnubenigma") (0.0s)&#xD;
* with 'random' vector&#xD;
-&gt; done: CryptoModuleSteps.GivenWithVector("random") (0.0s)&#xD;
When I decrypt 'file-legacy-riv.jpg' file as 'binary'&#xD;
-&gt; done: CryptoModuleSteps.WhenIDecryptFileAs("file-legacy-riv.jpg", "binary") (0.0s)&#xD;
Then Decrypted file content equal to the 'file.jpg' file content&#xD;
-&gt; done: CryptoModuleSteps.ThenDecryptedFileContentEqualToTheFileContent("file.jpg") (0.0s)</StdOut>
      </Output>
    </UnitTestResult>
    <UnitTestResult executionId="1fbf3a21-4b0f-4ee3-82c4-d9dc0dd44db1" testId="947b833a-a96c-d64f-e9e3-0beaa935d4d5" testName="SetAChannelMetadata" computerName="runner" duration="00:00:00.0263870" startTime="2024-10-03T10:47:07.8030282+00:00" endTime="2024-10-03T10:47:07.8294152+00:00" testType="13cdc9d9-ddb5-4fa4-a97d-d965ccfc6d4b" outcome="Passed" testListId="8c84fa94-04c1-424b-9868-57a2d4851a1d" relativeResultsDirectory="1fbf3a21-4b0f-4ee3-82c4-d9dc0dd44db1">
      <Output>
        <StdOut>Given I have a keyset with Objects V2 enabled&#xD;
-&gt; done: FeatureObjectsV2MetadataSteps.GivenIHaveAKeysetWithObjectsVEnabled(2) (0.0s)&#xD;
Given the data for 'Chat' channel&#xD;
-&gt; done: FeatureObjectsV2MetadataSteps.GivenTheDataForChannel("Chat") (0.0s)&#xD;
When I set the channel metadata&#xD;
-&gt; done: FeatureObjectsV2MetadataSteps.WhenISetTheChannelMetadata() (0.0s)&#xD;
Then I receive a successful response&#xD;
-&gt; done: FeatureObjectsV2MetadataSteps.ThenIReceiveASuccessfulResponse() (0.0s)&#xD;
And the channel metadata for 'Chat' channel contains updated&#xD;
-&gt; done: FeatureObjectsV2MetadataSteps.ThenTheChannelMetadataForChannelContainsUpdated("Chat") (0.0s)</StdOut>
      </Output>
    </UnitTestResult>
    <UnitTestResult executionId="042dbf68-4cb3-46ca-adcc-e582334eb33c" testId="f8d35157-2900-b4b5-1a17-900588c884a9" testName="CryptorIsAbleToProcessSampleFilesAsBinary(&quot;acrh&quot;,&quot;pubnubenigma&quot;,&quot;-&quot;,&quot;file-cryptor-v1-acrh.txt&quot;,&quot;file.txt&quot;,null)" computerName="runner" duration="00:00:00.0024800" startTime="2024-10-03T10:46:25.4828243+00:00" endTime="2024-10-03T10:46:25.4853038+00:00" testType="13cdc9d9-ddb5-4fa4-a97d-d965ccfc6d4b" outcome="Passed" testListId="8c84fa94-04c1-424b-9868-57a2d4851a1d" relativeResultsDirectory="042dbf68-4cb3-46ca-adcc-e582334eb33c">
      <Output>
        <StdOut>Given Crypto module with 'acrh' cryptor&#xD;
-&gt; done: CryptoModuleSteps.GivenCryptoModuleWithCryptor("acrh") (0.0s)&#xD;
* with 'pubnubenigma' cipher key&#xD;
-&gt; done: CryptoModuleSteps.GivenWithCipherKey("pubnubenigma") (0.0s)&#xD;
* with '-' vector&#xD;
-&gt; done: CryptoModuleSteps.GivenWithVector("-") (0.0s)&#xD;
When I decrypt 'file-cryptor-v1-acrh.txt' file as 'binary'&#xD;
-&gt; done: CryptoModuleSteps.WhenIDecryptFileAs("file-cryptor-v1-a...", "binary") (0.0s)&#xD;
Then Decrypted file content equal to the 'file.txt' file content&#xD;
-&gt; done: CryptoModuleSteps.ThenDecryptedFileContentEqualToTheFileContent("file.txt") (0.0s)</StdOut>
      </Output>
    </UnitTestResult>
    <UnitTestResult executionId="566b451c-f9a6-49a1-a1d7-3fb545b54d72" testId="5e071152-ee43-67c0-dc5d-67a966171b99" testName="GrantAnAccessTokenWithoutAnAuthorizedUuid" computerName="runner" duration="00:00:00.0318410" startTime="2024-10-03T10:47:07.4027767+00:00" endTime="2024-10-03T10:47:07.4346182+00:00" testType="13cdc9d9-ddb5-4fa4-a97d-d965ccfc6d4b" outcome="Passed" testListId="8c84fa94-04c1-424b-9868-57a2d4851a1d" relativeResultsDirectory="566b451c-f9a6-49a1-a1d7-3fb545b54d72">
      <Output>
        <StdOut>Given I have a keyset with access manager enabled&#xD;
-&gt; done: FeatureAccessSteps.GivenIHaveAKeysetWithAccessManagerEnabled() (0.0s)&#xD;
Given the TTL 60&#xD;
-&gt; done: FeatureAccessSteps.GivenTheTTL(60) (0.0s)&#xD;
Given the 'channel-1' CHANNEL resource access permissions&#xD;
-&gt; done: FeatureAccessSteps.GivenTheCHANNELResourceAccessPermissions("channel-1") (0.0s)&#xD;
* grant resource permission READ&#xD;
-&gt; done: FeatureAccessSteps.GivenGrantResourcePermissionREAD() (0.0s)&#xD;
When I grant a token specifying those permissions&#xD;
-&gt; done: FeatureAccessSteps.WhenIGrantATokenSpecifyingThosePermissions() (0.0s)&#xD;
Then the token contains the TTL 60&#xD;
-&gt; done: FeatureAccessSteps.ThenTheTokenContainsTheTTL(60) (0.0s)&#xD;
Then the token does not contain an authorized uuid&#xD;
-&gt; done: FeatureAccessSteps.ThenTheTokenDoesNotContainAnAuthorizedUuid() (0.0s)&#xD;
Then the token has 'channel-1' CHANNEL resource access permissions&#xD;
-&gt; done: FeatureAccessSteps.ThenTheTokenHasCHANNELResourceAccessPermissions("channel-1") (0.0s)&#xD;
* token resource permission READ&#xD;
-&gt; done: FeatureAccessSteps.ThenTokenResourcePermissionREAD() (0.0s)</StdOut>
      </Output>
    </UnitTestResult>
    <UnitTestResult executionId="a41b75f2-12cb-4403-a33a-cc229a25dd97" testId="524c1966-6494-a6c3-e952-972895ca93c8" testName="RecoveryFromOneUnexpectedErrorAlongTheWay" computerName="runner" duration="00:00:02.8895559" startTime="2024-10-03T10:47:01.0395638+00:00" endTime="2024-10-03T10:47:03.9291364+00:00" testType="13cdc9d9-ddb5-4fa4-a97d-d965ccfc6d4b" outcome="Passed" testListId="8c84fa94-04c1-424b-9868-57a2d4851a1d" relativeResultsDirectory="a41b75f2-12cb-4403-a33a-cc229a25dd97">
      <Output>
        <StdOut>Given the demo keyset with Presence EE enabled&#xD;
-&gt; done: EventEngineSteps.GivenTheDemoKeysetWithPresenceEEenabled() (0.0s)&#xD;
Given heartbeatInterval set to '1', timeout set to '60' and suppressLeaveEvents set to 'false'&#xD;
-&gt; done: EventEngineSteps.GivenPresenceConfiguration("1", "60", "false") (0.0s)&#xD;
Given a linear reconnection policy with 3 retries&#xD;
-&gt; done: EventEngineSteps.GivenALinearReconnectionPolicyWithRetries(3) (0.0s)&#xD;
When I join 'first', 'second', 'third' channels with presence&#xD;
-&gt; done: EventEngineSteps.WhenIJoinChannelsWithPresence("first", "second", "third") (0.0s)&#xD;
Then I wait for getting Presence joined events&#xD;
{"Event":"join","Uuid":"db9c5e39-7c95-40f5-8d71-125765b6f561","Timestamp":17279524238824000,"Occupancy":1,"State":null,"Channel":"first","Subscription":"","Timetoken":0,"UserMetadata":null,"Join":null,"Timeout":null,"Leave":null,"HereNowRefresh":false}&#xD;
-&gt; done: EventEngineSteps.ThenIWaitForPresenceJoinEvents() (2.8s)&#xD;
And I observe the following Events and Invocations of the Presence EE:&#xD;
  --- table step argument ---&#xD;
  | type       | name                     |&#xD;
  | event      | JOINED                   |&#xD;
  | invocation | HEARTBEAT                |&#xD;
  | event      | HEARTBEAT_FAILURE        |&#xD;
  | invocation | DELAYED_HEARTBEAT        |&#xD;
  | event      | HEARTBEAT_SUCCESS        |&#xD;
  | invocation | CANCEL_DELAYED_HEARTBEAT |&#xD;
  | invocation | WAIT                     |&#xD;
-&gt; done: EventEngineSteps.ThenIObserverPresenceEventEngine(&lt;table&gt;) (0.0s)&#xD;
{"Event":"join","Uuid":"db9c5e39-7c95-40f5-8d71-125765b6f561","Timestamp":17279524238824112,"Occupancy":1,"State":null,"Channel":"second","Subscription":"","Timetoken":0,"UserMetadata":null,"Join":null,"Timeout":null,"Leave":null,"HereNowRefresh":false}&#xD;
{"Event":"join","Uuid":"db9c5e39-7c95-40f5-8d71-125765b6f561","Timestamp":17279524238824182,"Occupancy":1,"State":null,"Channel":"third","Subscription":"","Timetoken":0,"UserMetadata":null,"Join":null,"Timeout":null,"Leave":null,"HereNowRefresh":false}</StdOut>
      </Output>
    </UnitTestResult>
    <UnitTestResult executionId="45d33121-344c-45e4-88c4-fe8cce50bdb6" testId="8a1c2bbd-f61b-135c-270f-157e7106103a" testName="GetAChannelWithCustomMetadata" computerName="runner" duration="00:00:00.0201820" startTime="2024-10-03T10:47:07.7164929+00:00" endTime="2024-10-03T10:47:07.7366747+00:00" testType="13cdc9d9-ddb5-4fa4-a97d-d965ccfc6d4b" outcome="Passed" testListId="8c84fa94-04c1-424b-9868-57a2d4851a1d" relativeResultsDirectory="45d33121-344c-45e4-88c4-fe8cce50bdb6">
      <Output>
        <StdOut>Given I have a keyset with Objects V2 enabled&#xD;
-&gt; done: FeatureObjectsV2MetadataSteps.GivenIHaveAKeysetWithObjectsVEnabled(2) (0.0s)&#xD;
Given the id for 'DM' channel&#xD;
-&gt; done: FeatureObjectsV2MetadataSteps.GivenTheIdForChannel("DM") (0.0s)&#xD;
When I get the channel metadata with custom&#xD;
-&gt; done: FeatureObjectsV2MetadataSteps.WhenIGetTheChannelMetadataWithCustom() (0.0s)&#xD;
Then I receive a successful response&#xD;
-&gt; done: FeatureObjectsV2MetadataSteps.ThenIReceiveASuccessfulResponse() (0.0s)&#xD;
And the channel metadata for 'DM' channel&#xD;
-&gt; done: FeatureObjectsV2MetadataSteps.ThenTheChannelMetadataForChannel("DM") (0.0s)</StdOut>
      </Output>
    </UnitTestResult>
    <UnitTestResult executionId="2b707810-1c01-4c15-8799-ae1cfb3be56f" testId="ed5af684-441e-e3d8-3bf2-a26f2fd3f117" testName="SetMemberForAChannel" computerName="runner" duration="00:00:00.0210910" startTime="2024-10-03T10:47:07.9427910+00:00" endTime="2024-10-03T10:47:07.9638815+00:00" testType="13cdc9d9-ddb5-4fa4-a97d-d965ccfc6d4b" outcome="Passed" testListId="8c84fa94-04c1-424b-9868-57a2d4851a1d" relativeResultsDirectory="2b707810-1c01-4c15-8799-ae1cfb3be56f">
      <Output>
        <StdOut>Given I have a keyset with Objects V2 enabled&#xD;
-&gt; done: FeatureObjectsV2MetadataSteps.GivenIHaveAKeysetWithObjectsVEnabled(2) (0.0s)&#xD;
Given the data for 'AmeliaMember' member&#xD;
-&gt; done: FeatureObjectsV2MetadataSteps.GivenTheDataForMember("AmeliaMember") (0.0s)&#xD;
And the id for 'Chat' channel&#xD;
-&gt; done: FeatureObjectsV2MetadataSteps.GivenTheIdForChannel("Chat") (0.0s)&#xD;
When I set a channel member&#xD;
-&gt; done: FeatureObjectsV2MetadataSteps.WhenISetAChannelMember() (0.0s)&#xD;
Then I receive a successful response&#xD;
-&gt; done: FeatureObjectsV2MetadataSteps.ThenIReceiveASuccessfulResponse() (0.0s)&#xD;
And the response contains list with 'AmeliaMember' member&#xD;
-&gt; done: FeatureObjectsV2MetadataSteps.ThenTheResponseContainsListWithMember("AmeliaMember") (0.0s)</StdOut>
      </Output>
    </UnitTestResult>
    <UnitTestResult executionId="abc6facb-273b-40f1-aa00-0130d64a7070" testId="21d875cb-d7ef-e04a-3cc4-907443abf187" testName="EmptyStreamDataDecryptionShouldFail(&quot;acrh&quot;,&quot;pubnubenigma&quot;,&quot;-&quot;,&quot;empty-file-cryptor-v1-acrh.txt&quot;,null)" computerName="runner" duration="00:00:00.0026630" startTime="2024-10-03T10:46:25.5667720+00:00" endTime="2024-10-03T10:46:25.5694344+00:00" testType="13cdc9d9-ddb5-4fa4-a97d-d965ccfc6d4b" outcome="Passed" testListId="8c84fa94-04c1-424b-9868-57a2d4851a1d" relativeResultsDirectory="abc6facb-273b-40f1-aa00-0130d64a7070">
      <Output>
        <StdOut>Given Crypto module with 'acrh' cryptor&#xD;
-&gt; done: CryptoModuleSteps.GivenCryptoModuleWithCryptor("acrh") (0.0s)&#xD;
* with 'pubnubenigma' cipher key&#xD;
-&gt; done: CryptoModuleSteps.GivenWithCipherKey("pubnubenigma") (0.0s)&#xD;
* with '-' vector&#xD;
-&gt; done: CryptoModuleSteps.GivenWithVector("-") (0.0s)&#xD;
When I decrypt 'empty-file-cryptor-v1-acrh.txt' file as 'stream'&#xD;
-&gt; done: CryptoModuleSteps.WhenIDecryptFileAs("empty-file-crypto...", "stream") (0.0s)&#xD;
Then I receive 'decryption error'&#xD;
-&gt; done: CryptoModuleSteps.ThenIReceive("decryption error") (0.0s)</StdOut>
      </Output>
    </UnitTestResult>
    <UnitTestResult executionId="fec30226-c6db-4386-aa01-92b2966c896f" testId="9d2b950d-d4be-de51-1cfb-07073f6d6e13" testName="CryptorIsAbleToProcessSampleFilesAsStream(&quot;legacy&quot;,&quot;pubnubenigma&quot;,&quot;random&quot;,&quot;file-legacy-riv.txt&quot;,&quot;file.txt&quot;,null)" computerName="runner" duration="00:00:00.0022750" startTime="2024-10-03T10:46:25.5006982+00:00" endTime="2024-10-03T10:46:25.5029726+00:00" testType="13cdc9d9-ddb5-4fa4-a97d-d965ccfc6d4b" outcome="Passed" testListId="8c84fa94-04c1-424b-9868-57a2d4851a1d" relativeResultsDirectory="fec30226-c6db-4386-aa01-92b2966c896f">
      <Output>
        <StdOut>Given Crypto module with 'legacy' cryptor&#xD;
-&gt; done: CryptoModuleSteps.GivenCryptoModuleWithCryptor("legacy") (0.0s)&#xD;
* with 'pubnubenigma' cipher key&#xD;
-&gt; done: CryptoModuleSteps.GivenWithCipherKey("pubnubenigma") (0.0s)&#xD;
* with 'random' vector&#xD;
-&gt; done: CryptoModuleSteps.GivenWithVector("random") (0.0s)&#xD;
When I decrypt 'file-legacy-riv.txt' file as 'stream'&#xD;
-&gt; done: CryptoModuleSteps.WhenIDecryptFileAs("file-legacy-riv.txt", "stream") (0.0s)&#xD;
Then Decrypted file content equal to the 'file.txt' file content&#xD;
-&gt; done: CryptoModuleSteps.ThenDecryptedFileContentEqualToTheFileContent("file.txt") (0.0s)</StdOut>
      </Output>
    </UnitTestResult>
    <UnitTestResult executionId="a1a64e4a-0b71-42e2-bbaa-03f99526cc61" testId="2c1e01dd-81d9-12dc-ec1f-005830932e89" testName="EmptyDataEncryptionShouldFail(&quot;acrh&quot;,&quot;pubnubenigma&quot;,&quot;-&quot;,null)" computerName="runner" duration="00:00:00.0022030" startTime="2024-10-03T10:46:25.5563542+00:00" endTime="2024-10-03T10:46:25.5585574+00:00" testType="13cdc9d9-ddb5-4fa4-a97d-d965ccfc6d4b" outcome="Passed" testListId="8c84fa94-04c1-424b-9868-57a2d4851a1d" relativeResultsDirectory="a1a64e4a-0b71-42e2-bbaa-03f99526cc61">
      <Output>
        <StdOut>Given Crypto module with 'acrh' cryptor&#xD;
-&gt; done: CryptoModuleSteps.GivenCryptoModuleWithCryptor("acrh") (0.0s)&#xD;
* with 'pubnubenigma' cipher key&#xD;
-&gt; done: CryptoModuleSteps.GivenWithCipherKey("pubnubenigma") (0.0s)&#xD;
* with '-' vector&#xD;
-&gt; done: CryptoModuleSteps.GivenWithVector("-") (0.0s)&#xD;
When I encrypt 'empty-file.txt' file as 'binary'&#xD;
-&gt; done: CryptoModuleSteps.WhenIEncryptFileAs("empty-file.txt", "binary") (0.0s)&#xD;
Then I receive 'encryption error'&#xD;
-&gt; done: CryptoModuleSteps.ThenIReceive("encryption error") (0.0s)</StdOut>
      </Output>
    </UnitTestResult>
    <UnitTestResult executionId="acbe6e06-506b-4992-982d-477223ff2877" testId="ed3513bd-2d36-bad0-70c5-813865e78b06" testName="AES_CBCCryptorDataHeaderCanBeProcessed(&quot;pubnubenigma&quot;,&quot;file-cryptor-v1-unknown.txt&quot;,&quot;unknown cryptor error&quot;,null)" computerName="runner" duration="00:00:00.0028700" startTime="2024-10-03T10:46:25.3013923+00:00" endTime="2024-10-03T10:46:25.3042618+00:00" testType="13cdc9d9-ddb5-4fa4-a97d-d965ccfc6d4b" outcome="Passed" testListId="8c84fa94-04c1-424b-9868-57a2d4851a1d" relativeResultsDirectory="acbe6e06-506b-4992-982d-477223ff2877">
      <Output>
        <StdOut>Given Crypto module with 'acrh' cryptor&#xD;
-&gt; done: CryptoModuleSteps.GivenCryptoModuleWithCryptor("acrh") (0.0s)&#xD;
* with 'pubnubenigma' cipher key&#xD;
-&gt; done: CryptoModuleSteps.GivenWithCipherKey("pubnubenigma") (0.0s)&#xD;
When I decrypt 'file-cryptor-v1-unknown.txt' file&#xD;
-&gt; done: CryptoModuleSteps.WhenIDecryptFile("file-cryptor-v1-u...") (0.0s)&#xD;
Then I receive 'unknown cryptor error'&#xD;
-&gt; done: CryptoModuleSteps.ThenIReceive("unknown cryptor e...") (0.0s)</StdOut>
      </Output>
    </UnitTestResult>
    <UnitTestResult executionId="e1577d45-851d-4ab1-a03f-959305a03527" testId="1d07225f-97f1-fdcb-e603-fea46f8b9792" testName="JoiningAndLeavingChannels" computerName="runner" duration="00:00:03.0987090" startTime="2024-10-03T10:46:57.9407975+00:00" endTime="2024-10-03T10:47:01.0395290+00:00" testType="13cdc9d9-ddb5-4fa4-a97d-d965ccfc6d4b" outcome="Passed" testListId="8c84fa94-04c1-424b-9868-57a2d4851a1d" relativeResultsDirectory="e1577d45-851d-4ab1-a03f-959305a03527">
      <Output>
        <StdOut>Given the demo keyset with Presence EE enabled&#xD;
-&gt; done: EventEngineSteps.GivenTheDemoKeysetWithPresenceEEenabled() (0.0s)&#xD;
Given heartbeatInterval set to '20', timeout set to '60' and suppressLeaveEvents set to 'false'&#xD;
-&gt; done: EventEngineSteps.GivenPresenceConfiguration("20", "60", "false") (0.0s)&#xD;
When I join 'first', 'second', 'third' channels with presence&#xD;
-&gt; done: EventEngineSteps.WhenIJoinChannelsWithPresence("first", "second", "third") (0.0s)&#xD;
Then I wait for getting Presence joined events&#xD;
{"Event":"join","Uuid":"db9c5e39-7c95-40f5-8d71-125765b6f561","Timestamp":17279524179646564,"Occupancy":1,"State":null,"Channel":"first","Subscription":"","Timetoken":0,"UserMetadata":null,"Join":null,"Timeout":null,"Leave":null,"HereNowRefresh":false}&#xD;
-&gt; done: EventEngineSteps.ThenIWaitForPresenceJoinEvents() (0.0s)&#xD;
Then I leave 'first' and 'second' channels with presence&#xD;
{"Event":"join","Uuid":"db9c5e39-7c95-40f5-8d71-125765b6f561","Timestamp":17279524179646846,"Occupancy":1,"State":null,"Channel":"second","Subscription":"","Timetoken":0,"UserMetadata":null,"Join":null,"Timeout":null,"Leave":null,"HereNowRefresh":false}&#xD;
{"Event":"join","Uuid":"db9c5e39-7c95-40f5-8d71-125765b6f561","Timestamp":17279524179646972,"Occupancy":1,"State":null,"Channel":"third","Subscription":"","Timetoken":0,"UserMetadata":null,"Join":null,"Timeout":null,"Leave":null,"HereNowRefresh":false}&#xD;
-&gt; done: EventEngineSteps.ThenILeaveAndChannelsWithPresence("first", "second") (0.0s)&#xD;
Then I wait '3' seconds&#xD;
-&gt; done: EventEngineSteps.ThenIWaitAsync("3") (3.0s)&#xD;
And I observe the following Events and Invocations of the Presence EE:&#xD;
  --- table step argument ---&#xD;
  | type       | name              |&#xD;
  | event      | JOINED            |&#xD;
  | invocation | HEARTBEAT         |&#xD;
  | event      | HEARTBEAT_SUCCESS |&#xD;
  | invocation | WAIT              |&#xD;
  | event      | LEFT              |&#xD;
  | invocation | CANCEL_WAIT       |&#xD;
  | invocation | LEAVE             |&#xD;
  | invocation | HEARTBEAT         |&#xD;
  | event      | HEARTBEAT_SUCCESS |&#xD;
  | invocation | WAIT              |&#xD;
-&gt; done: EventEngineSteps.ThenIObserverPresenceEventEngine(&lt;table&gt;) (0.0s)</StdOut>
      </Output>
    </UnitTestResult>
    <UnitTestResult executionId="2eec4580-3967-4d41-b916-c9a5ae89acac" testId="1f73b5a1-d21f-1feb-a5dc-31aa30bfbe2c" testName="SetMembershipForCurrentUser" computerName="runner" duration="00:00:00.0270540" startTime="2024-10-03T10:47:08.2133579+00:00" endTime="2024-10-03T10:47:08.2404123+00:00" testType="13cdc9d9-ddb5-4fa4-a97d-d965ccfc6d4b" outcome="Passed" testListId="8c84fa94-04c1-424b-9868-57a2d4851a1d" relativeResultsDirectory="2eec4580-3967-4d41-b916-c9a5ae89acac">
      <Output>
        <StdOut>Given I have a keyset with Objects V2 enabled&#xD;
-&gt; done: FeatureObjectsV2MetadataSteps.GivenIHaveAKeysetWithObjectsVEnabled(2) (0.0s)&#xD;
Given current user is 'Alice' persona&#xD;
-&gt; done: FeatureObjectsV2MetadataSteps.GivenCurrentUserIsPersona("Alice") (0.0s)&#xD;
And the data for 'ChatMembership' membership&#xD;
-&gt; done: FeatureObjectsV2MetadataSteps.GivenTheDataForMembership("ChatMembership") (0.0s)&#xD;
When I set the membership for current user&#xD;
-&gt; done: FeatureObjectsV2MetadataSteps.WhenISetTheMembershipForCurrentUser() (0.0s)&#xD;
Then I receive a successful response&#xD;
-&gt; done: FeatureObjectsV2MetadataSteps.ThenIReceiveASuccessfulResponse() (0.0s)&#xD;
And the response contains list with 'ChatMembership' membership&#xD;
-&gt; done: FeatureObjectsV2MetadataSteps.ThenTheResponseContainsListWithMembership("ChatMembership") (0.0s)</StdOut>
      </Output>
    </UnitTestResult>
    <UnitTestResult executionId="070cb46e-fd1b-4d28-8104-d091f49b23d9" testId="9ac60b24-db33-73cf-3bc9-bbcf0b66ab81" testName="DataEncryptedWithLegacyAES_CBCCryptorIsDecryptableWithLegacyImplementation(&quot;pubnubenigma&quot;,&quot;constant&quot;,&quot;file.txt&quot;,null)" computerName="runner" duration="00:00:00.0028630" startTime="2024-10-03T10:46:25.5366451+00:00" endTime="2024-10-03T10:46:25.5395083+00:00" testType="13cdc9d9-ddb5-4fa4-a97d-d965ccfc6d4b" outcome="Passed" testListId="8c84fa94-04c1-424b-9868-57a2d4851a1d" relativeResultsDirectory="070cb46e-fd1b-4d28-8104-d091f49b23d9">
      <Output>
        <StdOut>Given Crypto module with 'legacy' cryptor&#xD;
-&gt; done: CryptoModuleSteps.GivenCryptoModuleWithCryptor("legacy") (0.0s)&#xD;
* with 'pubnubenigma' cipher key&#xD;
-&gt; done: CryptoModuleSteps.GivenWithCipherKey("pubnubenigma") (0.0s)&#xD;
* with 'constant' vector&#xD;
-&gt; done: CryptoModuleSteps.GivenWithVector("constant") (0.0s)&#xD;
Given Legacy code with 'pubnubenigma' cipher key and 'constant' vector&#xD;
-&gt; done: CryptoModuleSteps.GivenLegacyCodeWithCipherKeyAndVector("pubnubenigma", "constant") (0.0s)&#xD;
When I encrypt 'file.txt' file as 'binary'&#xD;
-&gt; done: CryptoModuleSteps.WhenIEncryptFileAs("file.txt", "binary") (0.0s)&#xD;
Then Successfully decrypt an encrypted file with legacy code&#xD;
-&gt; done: CryptoModuleSteps.ThenSuccessfullyDecryptAnEncryptedFileWithLegacyCode() (0.0s)</StdOut>
      </Output>
    </UnitTestResult>
    <UnitTestResult executionId="42f23fc2-be9f-4f8a-9d11-0c14b3aabbcc" testId="1680f939-c9a3-3184-e5e6-300d132ea901" testName="CryptorIsAbleToProcessSampleFilesAsBinary(&quot;legacy&quot;,&quot;pubnubenigma&quot;,&quot;constant&quot;,&quot;file-cryptor-legacy-civ.txt&quot;,&quot;file.txt&quot;,null)" computerName="runner" duration="00:00:00.0024800" startTime="2024-10-03T10:46:25.4499085+00:00" endTime="2024-10-03T10:46:25.4523885+00:00" testType="13cdc9d9-ddb5-4fa4-a97d-d965ccfc6d4b" outcome="Passed" testListId="8c84fa94-04c1-424b-9868-57a2d4851a1d" relativeResultsDirectory="42f23fc2-be9f-4f8a-9d11-0c14b3aabbcc">
      <Output>
        <StdOut>Given Crypto module with 'legacy' cryptor&#xD;
-&gt; done: CryptoModuleSteps.GivenCryptoModuleWithCryptor("legacy") (0.0s)&#xD;
* with 'pubnubenigma' cipher key&#xD;
-&gt; done: CryptoModuleSteps.GivenWithCipherKey("pubnubenigma") (0.0s)&#xD;
* with 'constant' vector&#xD;
-&gt; done: CryptoModuleSteps.GivenWithVector("constant") (0.0s)&#xD;
When I decrypt 'file-cryptor-legacy-civ.txt' file as 'binary'&#xD;
-&gt; done: CryptoModuleSteps.WhenIDecryptFileAs("file-cryptor-lega...", "binary") (0.0s)&#xD;
Then Decrypted file content equal to the 'file.txt' file content&#xD;
-&gt; done: CryptoModuleSteps.ThenDecryptedFileContentEqualToTheFileContent("file.txt") (0.0s)</StdOut>
      </Output>
    </UnitTestResult>
    <UnitTestResult executionId="3a7d3806-0eeb-4186-9c38-f9136c85a5ec" testId="5ef88e91-8d77-e81e-f266-0337c81fc15e" testName="EmptyStreamDataEncryptionShouldFail(&quot;legacy&quot;,&quot;pubnubenigma&quot;,&quot;constant&quot;,null)" computerName="runner" duration="00:00:00.0022870" startTime="2024-10-03T10:46:25.5694935+00:00" endTime="2024-10-03T10:46:25.5717799+00:00" testType="13cdc9d9-ddb5-4fa4-a97d-d965ccfc6d4b" outcome="Passed" testListId="8c84fa94-04c1-424b-9868-57a2d4851a1d" relativeResultsDirectory="3a7d3806-0eeb-4186-9c38-f9136c85a5ec">
      <Output>
        <StdOut>Given Crypto module with 'legacy' cryptor&#xD;
-&gt; done: CryptoModuleSteps.GivenCryptoModuleWithCryptor("legacy") (0.0s)&#xD;
* with 'pubnubenigma' cipher key&#xD;
-&gt; done: CryptoModuleSteps.GivenWithCipherKey("pubnubenigma") (0.0s)&#xD;
* with 'constant' vector&#xD;
-&gt; done: CryptoModuleSteps.GivenWithVector("constant") (0.0s)&#xD;
When I encrypt 'empty-file.txt' file as 'stream'&#xD;
-&gt; done: CryptoModuleSteps.WhenIEncryptFileAs("empty-file.txt", "stream") (0.0s)&#xD;
Then I receive 'encryption error'&#xD;
-&gt; done: CryptoModuleSteps.ThenIReceive("encryption error") (0.0s)</StdOut>
      </Output>
    </UnitTestResult>
    <UnitTestResult executionId="2921f0d7-f2f7-4243-94e5-02e961f738ac" testId="2f407184-5438-edfb-bd06-dac05bac3790" testName="JoiningAFewChannelsWithHeartbeatIntervalSetTo0" computerName="runner" duration="00:00:00.0216920" startTime="2024-10-03T10:46:57.9190745+00:00" endTime="2024-10-03T10:46:57.9407662+00:00" testType="13cdc9d9-ddb5-4fa4-a97d-d965ccfc6d4b" outcome="Passed" testListId="8c84fa94-04c1-424b-9868-57a2d4851a1d" relativeResultsDirectory="2921f0d7-f2f7-4243-94e5-02e961f738ac">
      <Output>
        <StdOut>Given the demo keyset with Presence EE enabled&#xD;
-&gt; done: EventEngineSteps.GivenTheDemoKeysetWithPresenceEEenabled() (0.0s)&#xD;
Given heartbeatInterval set to '0', timeout set to '60' and suppressLeaveEvents set to 'false'&#xD;
-&gt; done: EventEngineSteps.GivenPresenceConfiguration("0", "60", "false") (0.0s)&#xD;
When I join 'first', 'second', 'third' channels&#xD;
-&gt; done: EventEngineSteps.WhenIJoinChannels("first", "second", "third") (0.0s)&#xD;
Then I don't observe any Events and Invocations of the Presence EE&#xD;
-&gt; done: EventEngineSteps.ThenIDontObserveAnyEventsAndInvocationsOfThePresenceEE() (0.0s)</StdOut>
      </Output>
    </UnitTestResult>
    <UnitTestResult executionId="dfca0607-71cd-4cf5-bc31-f1daef7da6ff" testId="78a2948f-1e6f-bc34-da6a-7718af2fe45b" testName="CompleteHandshakeFailure" computerName="runner" duration="00:00:10.1719160" startTime="2024-10-03T10:46:25.5882234+00:00" endTime="2024-10-03T10:46:35.7601964+00:00" testType="13cdc9d9-ddb5-4fa4-a97d-d965ccfc6d4b" outcome="Passed" testListId="8c84fa94-04c1-424b-9868-57a2d4851a1d" relativeResultsDirectory="dfca0607-71cd-4cf5-bc31-f1daef7da6ff">
      <Output>
        <StdOut>Given the demo keyset with event engine enabled&#xD;
-&gt; done: EventEngineSteps.GivenTheDemoKeysetWithEventEngineEnabled() (0.0s)&#xD;
Given a linear reconnection policy with 3 retries&#xD;
-&gt; done: EventEngineSteps.GivenALinearReconnectionPolicyWithRetries(3) (0.0s)&#xD;
When I subscribe&#xD;
PNSubscribeOperation PNConnectionErrorCategory 0&#xD;
-&gt; done: EventEngineSteps.WhenISubscribe() (10.1s)&#xD;
Then I receive an error in my subscribe response&#xD;
-&gt; done: EventEngineSteps.ThenIReceiveAnErrorInMySubscribeResponse() (0.0s)&#xD;
And I observe the following:&#xD;
  --- table step argument ---&#xD;
  | type       | name                        |&#xD;
  | event      | SUBSCRIPTION_CHANGED        |&#xD;
  | invocation | HANDSHAKE                   |&#xD;
  | event      | HANDSHAKE_FAILURE           |&#xD;
  | invocation | CANCEL_HANDSHAKE            |&#xD;
  | invocation | HANDSHAKE_RECONNECT         |&#xD;
  | event      | HANDSHAKE_RECONNECT_FAILURE |&#xD;
  | invocation | CANCEL_HANDSHAKE_RECONNECT  |&#xD;
  | invocation | HANDSHAKE_RECONNECT         |&#xD;
  | event      | HANDSHAKE_RECONNECT_FAILURE |&#xD;
  | invocation | CANCEL_HANDSHAKE_RECONNECT  |&#xD;
  | invocation | HANDSHAKE_RECONNECT         |&#xD;
  | event      | HANDSHAKE_RECONNECT_FAILURE |&#xD;
  | invocation | CANCEL_HANDSHAKE_RECONNECT  |&#xD;
  | invocation | HANDSHAKE_RECONNECT         |&#xD;
  | event      | HANDSHAKE_RECONNECT_GIVEUP  |&#xD;
  | invocation | CANCEL_HANDSHAKE_RECONNECT  |&#xD;
  | invocation | EMIT_STATUS                 |&#xD;
-&gt; done: EventEngineSteps.ThenIObserveTheFollowing(&lt;table&gt;) (0.0s)</StdOut>
      </Output>
    </UnitTestResult>
    <UnitTestResult executionId="da9fc4b2-cc94-4566-8006-324229d6b39d" testId="4dab3f58-f834-dddd-fa3d-a0f55f715d14" testName="EmptyStreamDataDecryptionShouldFail(&quot;legacy&quot;,&quot;pubnubenigma&quot;,&quot;random&quot;,&quot;empty-file-cryptor-legacy-riv.txt&quot;,null)" computerName="runner" duration="00:00:00.0019610" startTime="2024-10-03T10:46:25.5647848+00:00" endTime="2024-10-03T10:46:25.5667456+00:00" testType="13cdc9d9-ddb5-4fa4-a97d-d965ccfc6d4b" outcome="Passed" testListId="8c84fa94-04c1-424b-9868-57a2d4851a1d" relativeResultsDirectory="da9fc4b2-cc94-4566-8006-324229d6b39d">
      <Output>
        <StdOut>Given Crypto module with 'legacy' cryptor&#xD;
-&gt; done: CryptoModuleSteps.GivenCryptoModuleWithCryptor("legacy") (0.0s)&#xD;
* with 'pubnubenigma' cipher key&#xD;
-&gt; done: CryptoModuleSteps.GivenWithCipherKey("pubnubenigma") (0.0s)&#xD;
* with 'random' vector&#xD;
-&gt; done: CryptoModuleSteps.GivenWithVector("random") (0.0s)&#xD;
When I decrypt 'empty-file-cryptor-legacy-riv.txt' file as 'stream'&#xD;
-&gt; done: CryptoModuleSteps.WhenIDecryptFileAs("empty-file-crypto...", "stream") (0.0s)&#xD;
Then I receive 'decryption error'&#xD;
-&gt; done: CryptoModuleSteps.ThenIReceive("decryption error") (0.0s)</StdOut>
      </Output>
    </UnitTestResult>
    <UnitTestResult executionId="a9571efe-da2b-407b-a3b8-139edd4082a7" testId="4f543121-4b4c-bb28-bba2-a9b2ac9eaaeb" testName="DataEncryptedWithLegacyAES_CBCCryptorIsDecryptableWithLegacyImplementation(&quot;pubnubenigma&quot;,&quot;random&quot;,&quot;file.txt&quot;,null)" computerName="runner" duration="00:00:00.0027030" startTime="2024-10-03T10:46:25.5339119+00:00" endTime="2024-10-03T10:46:25.5366150+00:00" testType="13cdc9d9-ddb5-4fa4-a97d-d965ccfc6d4b" outcome="Passed" testListId="8c84fa94-04c1-424b-9868-57a2d4851a1d" relativeResultsDirectory="a9571efe-da2b-407b-a3b8-139edd4082a7">
      <Output>
        <StdOut>Given Crypto module with 'legacy' cryptor&#xD;
-&gt; done: CryptoModuleSteps.GivenCryptoModuleWithCryptor("legacy") (0.0s)&#xD;
* with 'pubnubenigma' cipher key&#xD;
-&gt; done: CryptoModuleSteps.GivenWithCipherKey("pubnubenigma") (0.0s)&#xD;
* with 'random' vector&#xD;
-&gt; done: CryptoModuleSteps.GivenWithVector("random") (0.0s)&#xD;
Given Legacy code with 'pubnubenigma' cipher key and 'random' vector&#xD;
-&gt; done: CryptoModuleSteps.GivenLegacyCodeWithCipherKeyAndVector("pubnubenigma", "random") (0.0s)&#xD;
When I encrypt 'file.txt' file as 'binary'&#xD;
-&gt; done: CryptoModuleSteps.WhenIEncryptFileAs("file.txt", "binary") (0.0s)&#xD;
Then Successfully decrypt an encrypted file with legacy code&#xD;
-&gt; done: CryptoModuleSteps.ThenSuccessfullyDecryptAnEncryptedFileWithLegacyCode() (0.0s)</StdOut>
      </Output>
    </UnitTestResult>
    <UnitTestResult executionId="53b2f3ac-b9dd-4990-a7be-f38f21fd5437" testId="785e20b7-0681-3d5e-8c02-431a4435768d" testName="CryptorIsAbleToProcessSampleFilesAsStream(&quot;legacy&quot;,&quot;pubnubenigma&quot;,&quot;random&quot;,&quot;file-cryptor-legacy-riv.txt&quot;,&quot;file.txt&quot;,null)" computerName="runner" duration="00:00:00.0027900" startTime="2024-10-03T10:46:25.4918357+00:00" endTime="2024-10-03T10:46:25.4946260+00:00" testType="13cdc9d9-ddb5-4fa4-a97d-d965ccfc6d4b" outcome="Passed" testListId="8c84fa94-04c1-424b-9868-57a2d4851a1d" relativeResultsDirectory="53b2f3ac-b9dd-4990-a7be-f38f21fd5437">
      <Output>
        <StdOut>Given Crypto module with 'legacy' cryptor&#xD;
-&gt; done: CryptoModuleSteps.GivenCryptoModuleWithCryptor("legacy") (0.0s)&#xD;
* with 'pubnubenigma' cipher key&#xD;
-&gt; done: CryptoModuleSteps.GivenWithCipherKey("pubnubenigma") (0.0s)&#xD;
* with 'random' vector&#xD;
-&gt; done: CryptoModuleSteps.GivenWithVector("random") (0.0s)&#xD;
When I decrypt 'file-cryptor-legacy-riv.txt' file as 'stream'&#xD;
-&gt; done: CryptoModuleSteps.WhenIDecryptFileAs("file-cryptor-lega...", "stream") (0.0s)&#xD;
Then Decrypted file content equal to the 'file.txt' file content&#xD;
-&gt; done: CryptoModuleSteps.ThenDecryptedFileContentEqualToTheFileContent("file.txt") (0.0s)</StdOut>
      </Output>
    </UnitTestResult>
    <UnitTestResult executionId="7e29637d-84cd-4ae9-a886-e1ee18d3ef86" testId="70fed881-ff3d-cf01-fc50-eec23bec4b15" testName="GetMembersForVipChatChannelWithCustomAndUUIDWithCustom" computerName="runner" duration="00:00:00.0293730" startTime="2024-10-03T10:47:07.8581178+00:00" endTime="2024-10-03T10:47:07.8874909+00:00" testType="13cdc9d9-ddb5-4fa4-a97d-d965ccfc6d4b" outcome="Passed" testListId="8c84fa94-04c1-424b-9868-57a2d4851a1d" relativeResultsDirectory="7e29637d-84cd-4ae9-a886-e1ee18d3ef86">
      <Output>
        <StdOut>Given I have a keyset with Objects V2 enabled&#xD;
-&gt; done: FeatureObjectsV2MetadataSteps.GivenIHaveAKeysetWithObjectsVEnabled(2) (0.0s)&#xD;
Given the id for 'VipChat' channel&#xD;
-&gt; done: FeatureObjectsV2MetadataSteps.GivenTheIdForChannel("VipChat") (0.0s)&#xD;
When I get the channel members including custom and UUID custom information&#xD;
-&gt; done: FeatureObjectsV2MetadataSteps.WhenIGetTheChannelMembersIncludingCustomAndUUIDCustomInformation() (0.0s)&#xD;
Then I receive a successful response&#xD;
-&gt; done: FeatureObjectsV2MetadataSteps.ThenIReceiveASuccessfulResponse() (0.0s)&#xD;
And the response contains list with 'OliverMember' and 'PeterMember' members&#xD;
-&gt; done: FeatureObjectsV2MetadataSteps.ThenTheResponseContainsListWithAndMembers("OliverMember", "PeterMember") (0.0s)</StdOut>
      </Output>
    </UnitTestResult>
    <UnitTestResult executionId="49642ad5-61cd-41cb-bf55-f24ffcef5479" testId="ba48247e-b680-05e2-ec8e-cd712552a6ee" testName="GetMembershipsForCurrentUser" computerName="runner" duration="00:00:00.0477820" startTime="2024-10-03T10:47:07.9910954+00:00" endTime="2024-10-03T10:47:08.0388774+00:00" testType="13cdc9d9-ddb5-4fa4-a97d-d965ccfc6d4b" outcome="Passed" testListId="8c84fa94-04c1-424b-9868-57a2d4851a1d" relativeResultsDirectory="49642ad5-61cd-41cb-bf55-f24ffcef5479">
      <Output>
        <StdOut>Given I have a keyset with Objects V2 enabled&#xD;
-&gt; done: FeatureObjectsV2MetadataSteps.GivenIHaveAKeysetWithObjectsVEnabled(2) (0.0s)&#xD;
Given current user is 'Alice' persona&#xD;
-&gt; done: FeatureObjectsV2MetadataSteps.GivenCurrentUserIsPersona("Alice") (0.0s)&#xD;
When I get the memberships for current user&#xD;
-&gt; done: FeatureObjectsV2MetadataSteps.WhenIGetTheMembershipsForCurrentUser() (0.0s)&#xD;
Then I receive a successful response&#xD;
-&gt; done: FeatureObjectsV2MetadataSteps.ThenIReceiveASuccessfulResponse() (0.0s)&#xD;
And the response contains list with 'ChatMembership' and 'PatientMembership' memberships&#xD;
-&gt; done: FeatureObjectsV2MetadataSteps.ThenTheResponseContainsListWithAndMemberships("ChatMembership", "PatientMembership") (0.0s)</StdOut>
      </Output>
    </UnitTestResult>
    <UnitTestResult executionId="a1f69d5c-2410-4138-bcd0-e8889cb74788" testId="d5ad5871-c66b-34c9-1371-544f7c37d8f6" testName="EmptyStreamDataDecryptionShouldFail(&quot;legacy&quot;,&quot;pubnubenigma&quot;,&quot;random&quot;,&quot;empty-file.txt&quot;,null)" computerName="runner" duration="00:00:00.0019110" startTime="2024-10-03T10:46:25.5609296+00:00" endTime="2024-10-03T10:46:25.5628408+00:00" testType="13cdc9d9-ddb5-4fa4-a97d-d965ccfc6d4b" outcome="Passed" testListId="8c84fa94-04c1-424b-9868-57a2d4851a1d" relativeResultsDirectory="a1f69d5c-2410-4138-bcd0-e8889cb74788">
      <Output>
        <StdOut>Given Crypto module with 'legacy' cryptor&#xD;
-&gt; done: CryptoModuleSteps.GivenCryptoModuleWithCryptor("legacy") (0.0s)&#xD;
* with 'pubnubenigma' cipher key&#xD;
-&gt; done: CryptoModuleSteps.GivenWithCipherKey("pubnubenigma") (0.0s)&#xD;
* with 'random' vector&#xD;
-&gt; done: CryptoModuleSteps.GivenWithVector("random") (0.0s)&#xD;
When I decrypt 'empty-file.txt' file as 'stream'&#xD;
-&gt; done: CryptoModuleSteps.WhenIDecryptFileAs("empty-file.txt", "stream") (0.0s)&#xD;
Then I receive 'decryption error'&#xD;
-&gt; done: CryptoModuleSteps.ThenIReceive("decryption error") (0.0s)</StdOut>
      </Output>
    </UnitTestResult>
    <UnitTestResult executionId="55c54297-ea0c-424d-bc21-db87a1cee463" testId="23b61850-f73c-f5eb-17ca-9aaba5f44c54" testName="GetAllUUIDMetadataWithCustom" computerName="runner" duration="00:00:00.0216940" startTime="2024-10-03T10:47:08.2696135+00:00" endTime="2024-10-03T10:47:08.2913073+00:00" testType="13cdc9d9-ddb5-4fa4-a97d-d965ccfc6d4b" outcome="Passed" testListId="8c84fa94-04c1-424b-9868-57a2d4851a1d" relativeResultsDirectory="55c54297-ea0c-424d-bc21-db87a1cee463">
      <Output>
        <StdOut>Given I have a keyset with Objects V2 enabled&#xD;
-&gt; done: FeatureObjectsV2MetadataSteps.GivenIHaveAKeysetWithObjectsVEnabled(2) (0.0s)&#xD;
When I get all UUID metadata with custom&#xD;
-&gt; done: FeatureObjectsV2MetadataSteps.WhenIGetAllUUIDMetadataWithCustom() (0.0s)&#xD;
Then I receive a successful response&#xD;
-&gt; done: FeatureObjectsV2MetadataSteps.ThenIReceiveASuccessfulResponse() (0.0s)&#xD;
And the response contains list with 'Bob' and 'Lisa' UUID metadata&#xD;
-&gt; done: FeatureObjectsV2MetadataSteps.ThenTheResponseContainsListWithAndUUIDMetadata("Bob", "Lisa") (0.0s)</StdOut>
      </Output>
    </UnitTestResult>
    <UnitTestResult executionId="b87c0280-ee8f-46ef-8259-ea22f4804ecb" testId="1500c2f1-f56e-3f8a-4b9e-769b5f983879" testName="CryptorIsAbleToProcessSampleFilesAsBinary(&quot;legacy&quot;,&quot;pubnubenigma&quot;,&quot;random&quot;,&quot;file-cryptor-legacy-riv.txt&quot;,&quot;file.txt&quot;,null)" computerName="runner" duration="00:00:00.0022750" startTime="2024-10-03T10:46:25.4524168+00:00" endTime="2024-10-03T10:46:25.4546914+00:00" testType="13cdc9d9-ddb5-4fa4-a97d-d965ccfc6d4b" outcome="Passed" testListId="8c84fa94-04c1-424b-9868-57a2d4851a1d" relativeResultsDirectory="b87c0280-ee8f-46ef-8259-ea22f4804ecb">
      <Output>
        <StdOut>Given Crypto module with 'legacy' cryptor&#xD;
-&gt; done: CryptoModuleSteps.GivenCryptoModuleWithCryptor("legacy") (0.0s)&#xD;
* with 'pubnubenigma' cipher key&#xD;
-&gt; done: CryptoModuleSteps.GivenWithCipherKey("pubnubenigma") (0.0s)&#xD;
* with 'random' vector&#xD;
-&gt; done: CryptoModuleSteps.GivenWithVector("random") (0.0s)&#xD;
When I decrypt 'file-cryptor-legacy-riv.txt' file as 'binary'&#xD;
-&gt; done: CryptoModuleSteps.WhenIDecryptFileAs("file-cryptor-lega...", "binary") (0.0s)&#xD;
Then Decrypted file content equal to the 'file.txt' file content&#xD;
-&gt; done: CryptoModuleSteps.ThenDecryptedFileContentEqualToTheFileContent("file.txt") (0.0s)</StdOut>
      </Output>
    </UnitTestResult>
    <UnitTestResult executionId="1e3eeea1-12be-4bc0-beb8-72ee8e0c731c" testId="e310fc10-3907-7ad0-6cbe-cc9e48d5e1fa" testName="DataEncryptedWithLegacyAES_CBCCryptorIsDecryptableWithLegacyImplementation(&quot;pubnubenigma&quot;,&quot;constant&quot;,&quot;file.jpg&quot;,null)" computerName="runner" duration="00:00:00.0034100" startTime="2024-10-03T10:46:25.5304743+00:00" endTime="2024-10-03T10:46:25.5338840+00:00" testType="13cdc9d9-ddb5-4fa4-a97d-d965ccfc6d4b" outcome="Passed" testListId="8c84fa94-04c1-424b-9868-57a2d4851a1d" relativeResultsDirectory="1e3eeea1-12be-4bc0-beb8-72ee8e0c731c">
      <Output>
        <StdOut>Given Crypto module with 'legacy' cryptor&#xD;
-&gt; done: CryptoModuleSteps.GivenCryptoModuleWithCryptor("legacy") (0.0s)&#xD;
* with 'pubnubenigma' cipher key&#xD;
-&gt; done: CryptoModuleSteps.GivenWithCipherKey("pubnubenigma") (0.0s)&#xD;
* with 'constant' vector&#xD;
-&gt; done: CryptoModuleSteps.GivenWithVector("constant") (0.0s)&#xD;
Given Legacy code with 'pubnubenigma' cipher key and 'constant' vector&#xD;
-&gt; done: CryptoModuleSteps.GivenLegacyCodeWithCipherKeyAndVector("pubnubenigma", "constant") (0.0s)&#xD;
When I encrypt 'file.jpg' file as 'binary'&#xD;
-&gt; done: CryptoModuleSteps.WhenIEncryptFileAs("file.jpg", "binary") (0.0s)&#xD;
Then Successfully decrypt an encrypted file with legacy code&#xD;
-&gt; done: CryptoModuleSteps.ThenSuccessfullyDecryptAnEncryptedFileWithLegacyCode() (0.0s)</StdOut>
      </Output>
    </UnitTestResult>
    <UnitTestResult executionId="5908122d-786b-4555-b7e4-6e2a768478a0" testId="040fb33d-7655-40ce-1cff-6bcf94c5cc47" testName="CryptorIsAbleToProcessSampleFilesAsBinary(&quot;legacy&quot;,&quot;pubnubenigma&quot;,&quot;constant&quot;,&quot;file-cryptor-legacy-civ.jpg&quot;,&quot;file.jpg&quot;,null)" computerName="runner" duration="00:00:00.0635050" startTime="2024-10-03T10:46:25.3774829+00:00" endTime="2024-10-03T10:46:25.4409885+00:00" testType="13cdc9d9-ddb5-4fa4-a97d-d965ccfc6d4b" outcome="Passed" testListId="8c84fa94-04c1-424b-9868-57a2d4851a1d" relativeResultsDirectory="5908122d-786b-4555-b7e4-6e2a768478a0">
      <Output>
        <StdOut>Given Crypto module with 'legacy' cryptor&#xD;
-&gt; done: CryptoModuleSteps.GivenCryptoModuleWithCryptor("legacy") (0.0s)&#xD;
* with 'pubnubenigma' cipher key&#xD;
-&gt; done: CryptoModuleSteps.GivenWithCipherKey("pubnubenigma") (0.0s)&#xD;
* with 'constant' vector&#xD;
-&gt; done: CryptoModuleSteps.GivenWithVector("constant") (0.0s)&#xD;
When I decrypt 'file-cryptor-legacy-civ.jpg' file as 'binary'&#xD;
-&gt; done: CryptoModuleSteps.WhenIDecryptFileAs("file-cryptor-lega...", "binary") (0.0s)&#xD;
Then Decrypted file content equal to the 'file.jpg' file content&#xD;
-&gt; done: CryptoModuleSteps.ThenDecryptedFileContentEqualToTheFileContent("file.jpg") (0.1s)</StdOut>
      </Output>
    </UnitTestResult>
    <UnitTestResult executionId="45ea6407-4f7d-4905-b7b1-4afca088c456" testId="4401ff2d-c38b-51a8-f6b5-791f859c7098" testName="GetAChannelMetadataForId" computerName="runner" duration="00:00:00.2800990" startTime="2024-10-03T10:47:07.4363543+00:00" endTime="2024-10-03T10:47:07.7164549+00:00" testType="13cdc9d9-ddb5-4fa4-a97d-d965ccfc6d4b" outcome="Passed" testListId="8c84fa94-04c1-424b-9868-57a2d4851a1d" relativeResultsDirectory="45ea6407-4f7d-4905-b7b1-4afca088c456">
      <Output>
        <StdOut>Given I have a keyset with Objects V2 enabled&#xD;
-&gt; done: FeatureObjectsV2MetadataSteps.GivenIHaveAKeysetWithObjectsVEnabled(2) (0.0s)&#xD;
Given the id for 'Chat' channel&#xD;
-&gt; done: FeatureObjectsV2MetadataSteps.GivenTheIdForChannel("Chat") (0.3s)&#xD;
When I get the channel metadata&#xD;
-&gt; done: FeatureObjectsV2MetadataSteps.WhenIGetTheChannelMetadata() (0.0s)&#xD;
Then I receive a successful response&#xD;
-&gt; done: FeatureObjectsV2MetadataSteps.ThenIReceiveASuccessfulResponse() (0.0s)&#xD;
And the channel metadata for 'Chat' channel&#xD;
-&gt; done: FeatureObjectsV2MetadataSteps.ThenTheChannelMetadataForChannel("Chat") (0.0s)</StdOut>
      </Output>
    </UnitTestResult>
    <UnitTestResult executionId="6aaed411-2046-4762-9619-797bff7e8201" testId="10a87c1f-7e7a-0e53-402e-aefcc00a21da" testName="GetMembershipsForUUID" computerName="runner" duration="00:00:00.0220660" startTime="2024-10-03T10:47:08.0389102+00:00" endTime="2024-10-03T10:47:08.0609766+00:00" testType="13cdc9d9-ddb5-4fa4-a97d-d965ccfc6d4b" outcome="Passed" testListId="8c84fa94-04c1-424b-9868-57a2d4851a1d" relativeResultsDirectory="6aaed411-2046-4762-9619-797bff7e8201">
      <Output>
        <StdOut>Given I have a keyset with Objects V2 enabled&#xD;
-&gt; done: FeatureObjectsV2MetadataSteps.GivenIHaveAKeysetWithObjectsVEnabled(2) (0.0s)&#xD;
Given the id for 'Alice' persona&#xD;
-&gt; done: FeatureObjectsV2MetadataSteps.GivenTheIdForPersona("Alice") (0.0s)&#xD;
When I get the memberships&#xD;
-&gt; done: FeatureObjectsV2MetadataSteps.WhenIGetTheMemberships() (0.0s)&#xD;
Then I receive a successful response&#xD;
-&gt; done: FeatureObjectsV2MetadataSteps.ThenIReceiveASuccessfulResponse() (0.0s)&#xD;
And the response contains list with 'ChatMembership' and 'PatientMembership' memberships&#xD;
-&gt; done: FeatureObjectsV2MetadataSteps.ThenTheResponseContainsListWithAndMemberships("ChatMembership", "PatientMembership") (0.0s)</StdOut>
      </Output>
    </UnitTestResult>
    <UnitTestResult executionId="122aeb1a-4619-4ef2-9d21-43f00ce8a67e" testId="bee75210-e3b0-c570-b8a4-c27baac780a1" testName="CryptorIsAbleToProcessSampleFilesAsStream(&quot;legacy&quot;,&quot;pubnubenigma&quot;,&quot;random&quot;,&quot;file-cryptor-legacy-riv.jpg&quot;,&quot;file.jpg&quot;,null)" computerName="runner" duration="00:00:00.0064350" startTime="2024-10-03T10:46:25.4853738+00:00" endTime="2024-10-03T10:46:25.4918087+00:00" testType="13cdc9d9-ddb5-4fa4-a97d-d965ccfc6d4b" outcome="Passed" testListId="8c84fa94-04c1-424b-9868-57a2d4851a1d" relativeResultsDirectory="122aeb1a-4619-4ef2-9d21-43f00ce8a67e">
      <Output>
        <StdOut>Given Crypto module with 'legacy' cryptor&#xD;
-&gt; done: CryptoModuleSteps.GivenCryptoModuleWithCryptor("legacy") (0.0s)&#xD;
* with 'pubnubenigma' cipher key&#xD;
-&gt; done: CryptoModuleSteps.GivenWithCipherKey("pubnubenigma") (0.0s)&#xD;
* with 'random' vector&#xD;
-&gt; done: CryptoModuleSteps.GivenWithVector("random") (0.0s)&#xD;
When I decrypt 'file-cryptor-legacy-riv.jpg' file as 'stream'&#xD;
-&gt; done: CryptoModuleSteps.WhenIDecryptFileAs("file-cryptor-lega...", "stream") (0.0s)&#xD;
Then Decrypted file content equal to the 'file.jpg' file content&#xD;
-&gt; done: CryptoModuleSteps.ThenDecryptedFileContentEqualToTheFileContent("file.jpg") (0.0s)</StdOut>
      </Output>
    </UnitTestResult>
    <UnitTestResult executionId="4772b925-c621-404e-b7ae-3d0505fd468c" testId="4a51fa6c-5b4f-6c50-4ded-2a50ec351293" testName="SuccessfullyJoinedAFewChannels" computerName="runner" duration="00:00:03.0454860" startTime="2024-10-03T10:47:03.9291719+00:00" endTime="2024-10-03T10:47:06.9746752+00:00" testType="13cdc9d9-ddb5-4fa4-a97d-d965ccfc6d4b" outcome="Passed" testListId="8c84fa94-04c1-424b-9868-57a2d4851a1d" relativeResultsDirectory="4772b925-c621-404e-b7ae-3d0505fd468c">
      <Output>
        <StdOut>Given the demo keyset with Presence EE enabled&#xD;
-&gt; done: EventEngineSteps.GivenTheDemoKeysetWithPresenceEEenabled() (0.0s)&#xD;
Given heartbeatInterval set to '1', timeout set to '60' and suppressLeaveEvents set to 'false'&#xD;
-&gt; done: EventEngineSteps.GivenPresenceConfiguration("1", "60", "false") (0.0s)&#xD;
When I join 'first', 'second', 'third' channels&#xD;
-&gt; done: EventEngineSteps.WhenIJoinChannels("first", "second", "third") (0.0s)&#xD;
Then I wait '3' seconds&#xD;
-&gt; done: EventEngineSteps.ThenIWaitAsync("3") (3.0s)&#xD;
And I observe the following Events and Invocations of the Presence EE:&#xD;
  --- table step argument ---&#xD;
  | type       | name              |&#xD;
  | event      | JOINED            |&#xD;
  | invocation | HEARTBEAT         |&#xD;
  | event      | HEARTBEAT_SUCCESS |&#xD;
  | invocation | WAIT              |&#xD;
  | event      | TIMES_UP          |&#xD;
  | invocation | CANCEL_WAIT       |&#xD;
  | invocation | HEARTBEAT         |&#xD;
  | event      | HEARTBEAT_SUCCESS |&#xD;
  | invocation | WAIT              |&#xD;
  | event      | TIMES_UP          |&#xD;
  | invocation | CANCEL_WAIT       |&#xD;
  | invocation | HEARTBEAT         |&#xD;
-&gt; done: EventEngineSteps.ThenIObserverPresenceEventEngine(&lt;table&gt;) (0.0s)</StdOut>
      </Output>
    </UnitTestResult>
    <UnitTestResult executionId="c247a421-a4f9-40ed-9529-f3ecfe2f2330" testId="3a8dac54-e42a-8256-0f95-9b2771dcaeda" testName="RemoveAUUIDMetadataIdStoredInConfig" computerName="runner" duration="00:00:00.0174140" startTime="2024-10-03T10:47:08.3541570+00:00" endTime="2024-10-03T10:47:08.3715707+00:00" testType="13cdc9d9-ddb5-4fa4-a97d-d965ccfc6d4b" outcome="Passed" testListId="8c84fa94-04c1-424b-9868-57a2d4851a1d" relativeResultsDirectory="c247a421-a4f9-40ed-9529-f3ecfe2f2330">
      <Output>
        <StdOut>Given I have a keyset with Objects V2 enabled&#xD;
-&gt; done: FeatureObjectsV2MetadataSteps.GivenIHaveAKeysetWithObjectsVEnabled(2) (0.0s)&#xD;
Given current user is 'Alice' persona&#xD;
-&gt; done: FeatureObjectsV2MetadataSteps.GivenCurrentUserIsPersona("Alice") (0.0s)&#xD;
When I remove the UUID metadata for current user&#xD;
-&gt; done: FeatureObjectsV2MetadataSteps.WhenIRemoveTheUUIDMetadataForCurrentUser() (0.0s)&#xD;
Then I receive a successful response&#xD;
-&gt; done: FeatureObjectsV2MetadataSteps.ThenIReceiveASuccessfulResponse() (0.0s)</StdOut>
      </Output>
    </UnitTestResult>
    <UnitTestResult executionId="b2d59564-3512-43ca-ae5a-0c340166c41f" testId="0153fbb0-e5a5-84d4-df77-b92e47c48a9b" testName="CryptorIsAbleToProcessSampleFilesAsStream(&quot;acrh&quot;,&quot;pubnubenigma&quot;,&quot;-&quot;,&quot;file-cryptor-v1-acrh.txt&quot;,&quot;file.txt&quot;,null)" computerName="runner" duration="00:00:00.0021750" startTime="2024-10-03T10:46:25.5093623+00:00" endTime="2024-10-03T10:46:25.5115376+00:00" testType="13cdc9d9-ddb5-4fa4-a97d-d965ccfc6d4b" outcome="Passed" testListId="8c84fa94-04c1-424b-9868-57a2d4851a1d" relativeResultsDirectory="b2d59564-3512-43ca-ae5a-0c340166c41f">
      <Output>
        <StdOut>Given Crypto module with 'acrh' cryptor&#xD;
-&gt; done: CryptoModuleSteps.GivenCryptoModuleWithCryptor("acrh") (0.0s)&#xD;
* with 'pubnubenigma' cipher key&#xD;
-&gt; done: CryptoModuleSteps.GivenWithCipherKey("pubnubenigma") (0.0s)&#xD;
* with '-' vector&#xD;
-&gt; done: CryptoModuleSteps.GivenWithVector("-") (0.0s)&#xD;
When I decrypt 'file-cryptor-v1-acrh.txt' file as 'stream'&#xD;
-&gt; done: CryptoModuleSteps.WhenIDecryptFileAs("file-cryptor-v1-a...", "stream") (0.0s)&#xD;
Then Decrypted file content equal to the 'file.txt' file content&#xD;
-&gt; done: CryptoModuleSteps.ThenDecryptedFileContentEqualToTheFileContent("file.txt") (0.0s)</StdOut>
      </Output>
    </UnitTestResult>
    <UnitTestResult executionId="2b0ac306-6878-4fb5-82cd-79726c1268c5" testId="86189ae4-95f9-30e4-f4c6-bfa1b9898a62" testName="SetMemberWithCustomForAChannelAndUUIDWithCustom" computerName="runner" duration="00:00:00.0252450" startTime="2024-10-03T10:47:07.9639119+00:00" endTime="2024-10-03T10:47:07.9891571+00:00" testType="13cdc9d9-ddb5-4fa4-a97d-d965ccfc6d4b" outcome="Passed" testListId="8c84fa94-04c1-424b-9868-57a2d4851a1d" relativeResultsDirectory="2b0ac306-6878-4fb5-82cd-79726c1268c5">
      <Output>
        <StdOut>Given I have a keyset with Objects V2 enabled&#xD;
-&gt; done: FeatureObjectsV2MetadataSteps.GivenIHaveAKeysetWithObjectsVEnabled(2) (0.0s)&#xD;
Given the data for 'PeterMember' member&#xD;
-&gt; done: FeatureObjectsV2MetadataSteps.GivenTheDataForMember("PeterMember") (0.0s)&#xD;
And the id for 'Chat' channel&#xD;
-&gt; done: FeatureObjectsV2MetadataSteps.GivenTheIdForChannel("Chat") (0.0s)&#xD;
When I set a channel member including custom and UUID with custom&#xD;
-&gt; done: FeatureObjectsV2MetadataSteps.WhenISetAChannelMemberIncludingCustomAndUUIDWithCustom() (0.0s)&#xD;
Then I receive a successful response&#xD;
-&gt; done: FeatureObjectsV2MetadataSteps.ThenIReceiveASuccessfulResponse() (0.0s)&#xD;
And the response contains list with 'PeterMember' member&#xD;
-&gt; done: FeatureObjectsV2MetadataSteps.ThenTheResponseContainsListWithMember("PeterMember") (0.0s)</StdOut>
      </Output>
    </UnitTestResult>
    <UnitTestResult executionId="f78827a4-95d5-4d43-a445-31b8a560969e" testId="c824fd41-84e4-6d43-8411-04262c295a77" testName="SetMembership" computerName="runner" duration="00:00:00.0245300" startTime="2024-10-03T10:47:08.1887942+00:00" endTime="2024-10-03T10:47:08.2133245+00:00" testType="13cdc9d9-ddb5-4fa4-a97d-d965ccfc6d4b" outcome="Passed" testListId="8c84fa94-04c1-424b-9868-57a2d4851a1d" relativeResultsDirectory="f78827a4-95d5-4d43-a445-31b8a560969e">
      <Output>
        <StdOut>Given I have a keyset with Objects V2 enabled&#xD;
-&gt; done: FeatureObjectsV2MetadataSteps.GivenIHaveAKeysetWithObjectsVEnabled(2) (0.0s)&#xD;
Given the id for 'Alice' persona&#xD;
-&gt; done: FeatureObjectsV2MetadataSteps.GivenTheIdForPersona("Alice") (0.0s)&#xD;
And the data for 'ChatMembership' membership&#xD;
-&gt; done: FeatureObjectsV2MetadataSteps.GivenTheDataForMembership("ChatMembership") (0.0s)&#xD;
When I set the membership&#xD;
-&gt; done: FeatureObjectsV2MetadataSteps.WhenISetTheMembership() (0.0s)&#xD;
Then I receive a successful response&#xD;
-&gt; done: FeatureObjectsV2MetadataSteps.ThenIReceiveASuccessfulResponse() (0.0s)&#xD;
And the response contains list with 'ChatMembership' membership&#xD;
-&gt; done: FeatureObjectsV2MetadataSteps.ThenTheResponseContainsListWithMembership("ChatMembership") (0.0s)</StdOut>
      </Output>
    </UnitTestResult>
    <UnitTestResult executionId="2d66cf63-0d84-4b43-8e1a-dcb5cf20a618" testId="f753e1e9-3215-7499-f9d3-03db6fd8fec6" testName="SuccessfullyRestoreSubscribe" computerName="runner" duration="00:00:01.0477660" startTime="2024-10-03T10:46:44.4533535+00:00" endTime="2024-10-03T10:46:45.5011224+00:00" testType="13cdc9d9-ddb5-4fa4-a97d-d965ccfc6d4b" outcome="Passed" testListId="8c84fa94-04c1-424b-9868-57a2d4851a1d" relativeResultsDirectory="2d66cf63-0d84-4b43-8e1a-dcb5cf20a618">
      <Output>
        <StdOut>Given the demo keyset with event engine enabled&#xD;
-&gt; done: EventEngineSteps.GivenTheDemoKeysetWithEventEngineEnabled() (0.0s)&#xD;
When I subscribe with timetoken 12345678901234567&#xD;
PNSubscribeOperation PNConnectedCategory 200&#xD;
-&gt; done: EventEngineSteps.WhenISubscribeWithTimetoken(12345678901234567) (0.0s)&#xD;
Then I receive the message in my subscribe response&#xD;
Message received in listener. {"Message":"{\r\n  \"content\": \"Hello world!\"\r\n}","Timetoken":0,"Publisher":"tomato","Channel":"test","Subscription":null,"UserMetadata":null}&#xD;
-&gt; done: EventEngineSteps.ThenIReceiveTheMessageInMySubscribeResponse() (1.0s)&#xD;
And I observe the following:&#xD;
  --- table step argument ---&#xD;
  | type       | name                    |&#xD;
  | event      | SUBSCRIPTION_RESTORED   |&#xD;
  | invocation | HANDSHAKE               |&#xD;
  | event      | HANDSHAKE_SUCCESS       |&#xD;
  | invocation | CANCEL_HANDSHAKE        |&#xD;
  | invocation | EMIT_STATUS             |&#xD;
  | invocation | RECEIVE_MESSAGES        |&#xD;
  | event      | RECEIVE_SUCCESS         |&#xD;
  | invocation | CANCEL_RECEIVE_MESSAGES |&#xD;
  | invocation | EMIT_MESSAGES           |&#xD;
  | invocation | RECEIVE_MESSAGES        |&#xD;
-&gt; done: EventEngineSteps.ThenIObserveTheFollowing(&lt;table&gt;) (0.0s)&#xD;
None PNDisconnectedCategory 0</StdOut>
      </Output>
    </UnitTestResult>
    <UnitTestResult executionId="5c952039-1e69-4555-96b5-f95b0dcba773" testId="fb67481e-37a3-f171-7a64-13ebf12d3989" testName="CryptorIsAbleToProcessSampleFilesAsBinary(&quot;legacy&quot;,&quot;pubnubenigma&quot;,&quot;random&quot;,&quot;file-legacy-riv.txt&quot;,&quot;file.txt&quot;,null)" computerName="runner" duration="00:00:00.0023130" startTime="2024-10-03T10:46:25.4687528+00:00" endTime="2024-10-03T10:46:25.4710662+00:00" testType="13cdc9d9-ddb5-4fa4-a97d-d965ccfc6d4b" outcome="Passed" testListId="8c84fa94-04c1-424b-9868-57a2d4851a1d" relativeResultsDirectory="5c952039-1e69-4555-96b5-f95b0dcba773">
      <Output>
        <StdOut>Given Crypto module with 'legacy' cryptor&#xD;
-&gt; done: CryptoModuleSteps.GivenCryptoModuleWithCryptor("legacy") (0.0s)&#xD;
* with 'pubnubenigma' cipher key&#xD;
-&gt; done: CryptoModuleSteps.GivenWithCipherKey("pubnubenigma") (0.0s)&#xD;
* with 'random' vector&#xD;
-&gt; done: CryptoModuleSteps.GivenWithVector("random") (0.0s)&#xD;
When I decrypt 'file-legacy-riv.txt' file as 'binary'&#xD;
-&gt; done: CryptoModuleSteps.WhenIDecryptFileAs("file-legacy-riv.txt", "binary") (0.0s)&#xD;
Then Decrypted file content equal to the 'file.txt' file content&#xD;
-&gt; done: CryptoModuleSteps.ThenDecryptedFileContentEqualToTheFileContent("file.txt") (0.0s)</StdOut>
      </Output>
    </UnitTestResult>
    <UnitTestResult executionId="fa8db075-5ce1-4935-8214-8047a3b07e7c" testId="4105838b-ea26-8a2c-f1e6-5dcc3df6f41b" testName="CryptorIsAbleToProcessSampleFilesAsBinary(&quot;legacy&quot;,&quot;pubnubenigma&quot;,&quot;random&quot;,&quot;file-cryptor-legacy-riv.jpg&quot;,&quot;file.jpg&quot;,null)" computerName="runner" duration="00:00:00.0088679" startTime="2024-10-03T10:46:25.4410098+00:00" endTime="2024-10-03T10:46:25.4498778+00:00" testType="13cdc9d9-ddb5-4fa4-a97d-d965ccfc6d4b" outcome="Passed" testListId="8c84fa94-04c1-424b-9868-57a2d4851a1d" relativeResultsDirectory="fa8db075-5ce1-4935-8214-8047a3b07e7c">
      <Output>
        <StdOut>Given Crypto module with 'legacy' cryptor&#xD;
-&gt; done: CryptoModuleSteps.GivenCryptoModuleWithCryptor("legacy") (0.0s)&#xD;
* with 'pubnubenigma' cipher key&#xD;
-&gt; done: CryptoModuleSteps.GivenWithCipherKey("pubnubenigma") (0.0s)&#xD;
* with 'random' vector&#xD;
-&gt; done: CryptoModuleSteps.GivenWithVector("random") (0.0s)&#xD;
When I decrypt 'file-cryptor-legacy-riv.jpg' file as 'binary'&#xD;
-&gt; done: CryptoModuleSteps.WhenIDecryptFileAs("file-cryptor-lega...", "binary") (0.0s)&#xD;
Then Decrypted file content equal to the 'file.jpg' file content&#xD;
-&gt; done: CryptoModuleSteps.ThenDecryptedFileContentEqualToTheFileContent("file.jpg") (0.0s)</StdOut>
      </Output>
    </UnitTestResult>
    <UnitTestResult executionId="a53c509a-5be9-4ba0-8847-abc552e402ab" testId="984e3d49-4d22-c80b-52c3-19191f62fda7" testName="EmptyStreamDataEncryptionShouldFail(&quot;acrh&quot;,&quot;pubnubenigma&quot;,&quot;-&quot;,null)" computerName="runner" duration="00:00:00.0019630" startTime="2024-10-03T10:46:25.5737666+00:00" endTime="2024-10-03T10:46:25.5757296+00:00" testType="13cdc9d9-ddb5-4fa4-a97d-d965ccfc6d4b" outcome="Passed" testListId="8c84fa94-04c1-424b-9868-57a2d4851a1d" relativeResultsDirectory="a53c509a-5be9-4ba0-8847-abc552e402ab">
      <Output>
        <StdOut>Given Crypto module with 'acrh' cryptor&#xD;
-&gt; done: CryptoModuleSteps.GivenCryptoModuleWithCryptor("acrh") (0.0s)&#xD;
* with 'pubnubenigma' cipher key&#xD;
-&gt; done: CryptoModuleSteps.GivenWithCipherKey("pubnubenigma") (0.0s)&#xD;
* with '-' vector&#xD;
-&gt; done: CryptoModuleSteps.GivenWithVector("-") (0.0s)&#xD;
When I encrypt 'empty-file.txt' file as 'stream'&#xD;
-&gt; done: CryptoModuleSteps.WhenIEncryptFileAs("empty-file.txt", "stream") (0.0s)&#xD;
Then I receive 'encryption error'&#xD;
-&gt; done: CryptoModuleSteps.ThenIReceive("encryption error") (0.0s)</StdOut>
      </Output>
    </UnitTestResult>
    <UnitTestResult executionId="56892f0f-6926-406f-88e7-c1bc4b56529d" testId="19c50b46-2552-1ee8-9a15-6db5bb83fc13" testName="EmptyStreamDataDecryptionShouldFail(&quot;acrh&quot;,&quot;pubnubenigma&quot;,&quot;-&quot;,&quot;empty-file.txt&quot;,null)" computerName="runner" duration="00:00:00.0018880" startTime="2024-10-03T10:46:25.5628696+00:00" endTime="2024-10-03T10:46:25.5647573+00:00" testType="13cdc9d9-ddb5-4fa4-a97d-d965ccfc6d4b" outcome="Passed" testListId="8c84fa94-04c1-424b-9868-57a2d4851a1d" relativeResultsDirectory="56892f0f-6926-406f-88e7-c1bc4b56529d">
      <Output>
        <StdOut>Given Crypto module with 'acrh' cryptor&#xD;
-&gt; done: CryptoModuleSteps.GivenCryptoModuleWithCryptor("acrh") (0.0s)&#xD;
* with 'pubnubenigma' cipher key&#xD;
-&gt; done: CryptoModuleSteps.GivenWithCipherKey("pubnubenigma") (0.0s)&#xD;
* with '-' vector&#xD;
-&gt; done: CryptoModuleSteps.GivenWithVector("-") (0.0s)&#xD;
When I decrypt 'empty-file.txt' file as 'stream'&#xD;
-&gt; done: CryptoModuleSteps.WhenIDecryptFileAs("empty-file.txt", "stream") (0.0s)&#xD;
Then I receive 'decryption error'&#xD;
-&gt; done: CryptoModuleSteps.ThenIReceive("decryption error") (0.0s)</StdOut>
      </Output>
    </UnitTestResult>
    <UnitTestResult executionId="8c9373cd-892b-4354-addb-bbd3d9763fd0" testId="13df4a31-1d93-7796-89f0-9bafbf62cf1d" testName="CryptorIsAbleToProcessSampleFilesAsBinary(&quot;legacy&quot;,&quot;pubnubenigma&quot;,&quot;constant&quot;,&quot;file-legacy-civ.txt&quot;,&quot;file.txt&quot;,null)" computerName="runner" duration="00:00:00.0024359" startTime="2024-10-03T10:46:25.4662885+00:00" endTime="2024-10-03T10:46:25.4687248+00:00" testType="13cdc9d9-ddb5-4fa4-a97d-d965ccfc6d4b" outcome="Passed" testListId="8c84fa94-04c1-424b-9868-57a2d4851a1d" relativeResultsDirectory="8c9373cd-892b-4354-addb-bbd3d9763fd0">
      <Output>
        <StdOut>Given Crypto module with 'legacy' cryptor&#xD;
-&gt; done: CryptoModuleSteps.GivenCryptoModuleWithCryptor("legacy") (0.0s)&#xD;
* with 'pubnubenigma' cipher key&#xD;
-&gt; done: CryptoModuleSteps.GivenWithCipherKey("pubnubenigma") (0.0s)&#xD;
* with 'constant' vector&#xD;
-&gt; done: CryptoModuleSteps.GivenWithVector("constant") (0.0s)&#xD;
When I decrypt 'file-legacy-civ.txt' file as 'binary'&#xD;
-&gt; done: CryptoModuleSteps.WhenIDecryptFileAs("file-legacy-civ.txt", "binary") (0.0s)&#xD;
Then Decrypted file content equal to the 'file.txt' file content&#xD;
-&gt; done: CryptoModuleSteps.ThenDecryptedFileContentEqualToTheFileContent("file.txt") (0.0s)</StdOut>
      </Output>
    </UnitTestResult>
    <UnitTestResult executionId="5b62703b-7d4b-4891-a4e3-b28976900071" testId="9d9c0b4d-df8d-d917-f4fe-624101bd0d52" testName="EmptyDataDecryptionShouldFail(&quot;acrh&quot;,&quot;pubnubenigma&quot;,&quot;-&quot;,&quot;empty-file.txt&quot;,null)" computerName="runner" duration="00:00:00.0022780" startTime="2024-10-03T10:46:25.5435582+00:00" endTime="2024-10-03T10:46:25.5458362+00:00" testType="13cdc9d9-ddb5-4fa4-a97d-d965ccfc6d4b" outcome="Passed" testListId="8c84fa94-04c1-424b-9868-57a2d4851a1d" relativeResultsDirectory="5b62703b-7d4b-4891-a4e3-b28976900071">
      <Output>
        <StdOut>Given Crypto module with 'acrh' cryptor&#xD;
-&gt; done: CryptoModuleSteps.GivenCryptoModuleWithCryptor("acrh") (0.0s)&#xD;
* with 'pubnubenigma' cipher key&#xD;
-&gt; done: CryptoModuleSteps.GivenWithCipherKey("pubnubenigma") (0.0s)&#xD;
* with '-' vector&#xD;
-&gt; done: CryptoModuleSteps.GivenWithVector("-") (0.0s)&#xD;
When I decrypt 'empty-file.txt' file as 'binary'&#xD;
-&gt; done: CryptoModuleSteps.WhenIDecryptFileAs("empty-file.txt", "binary") (0.0s)&#xD;
Then I receive 'decryption error'&#xD;
-&gt; done: CryptoModuleSteps.ThenIReceive("decryption error") (0.0s)</StdOut>
      </Output>
    </UnitTestResult>
    <UnitTestResult executionId="55e5493d-7623-41f1-b1b7-9b95d128a9c9" testId="f6a7a690-af73-fab8-0ebf-059ccdbb5495" testName="RevokeInvalidToken" computerName="runner" duration="00:00:00.0149220" startTime="2024-10-03T10:47:08.4476758+00:00" endTime="2024-10-03T10:47:08.4625976+00:00" testType="13cdc9d9-ddb5-4fa4-a97d-d965ccfc6d4b" outcome="Passed" testListId="8c84fa94-04c1-424b-9868-57a2d4851a1d" relativeResultsDirectory="55e5493d-7623-41f1-b1b7-9b95d128a9c9">
      <Output>
        <StdOut>Given I have a keyset with access manager enabled&#xD;
-&gt; done: FeatureAccessSteps.GivenIHaveAKeysetWithAccessManagerEnabled() (0.0s)&#xD;
Given a token&#xD;
-&gt; done: FeatureAccessSteps.GivenAToken() (0.0s)&#xD;
When I revoke a token&#xD;
-&gt; done: FeatureAccessSteps.WhenIRevokeAToken() (0.0s)&#xD;
Then an error is returned&#xD;
-&gt; done: FeatureAccessSteps.ThenAnErrorIsReturned() (0.0s)&#xD;
* the error status code is 400&#xD;
-&gt; done: FeatureAccessSteps.ThenTheErrorStatusCodeIs(400) (0.0s)&#xD;
* the error message is 'Invalid token'&#xD;
-&gt; done: FeatureAccessSteps.ThenTheErrorMessageIs("Invalid token") (0.0s)&#xD;
* the error source is 'revoke'&#xD;
-&gt; done: FeatureAccessSteps.ThenTheErrorSourceIs("revoke") (0.0s)&#xD;
* the error detail message is not empty&#xD;
-&gt; done: FeatureAccessSteps.ThenTheErrorDetailMessageIsNotEmpty() (0.0s)&#xD;
* the error detail location is 'token'&#xD;
-&gt; done: FeatureAccessSteps.ThenTheErrorDetailLocationIs("token") (0.0s)&#xD;
* the error detail location type is 'path'&#xD;
-&gt; done: FeatureAccessSteps.ThenTheErrorDetailLocationTypeIs("path") (0.0s)&#xD;
* the error service is 'Access Manager'&#xD;
-&gt; done: FeatureAccessSteps.ThenTheErrorServiceIs("Access Manager") (0.0s)</StdOut>
      </Output>
    </UnitTestResult>
    <UnitTestResult executionId="545d9888-1100-4c78-9366-1a7da6ea338b" testId="2c1e01dd-81d9-12dc-ec1f-005830932e89" testName="EmptyDataEncryptionShouldFail(&quot;acrh&quot;,&quot;pubnubenigma&quot;,&quot;-&quot;,null)" computerName="runner" duration="00:00:00.0023410" startTime="2024-10-03T10:46:25.5539864+00:00" endTime="2024-10-03T10:46:25.5563270+00:00" testType="13cdc9d9-ddb5-4fa4-a97d-d965ccfc6d4b" outcome="Passed" testListId="8c84fa94-04c1-424b-9868-57a2d4851a1d" relativeResultsDirectory="545d9888-1100-4c78-9366-1a7da6ea338b">
      <Output>
        <StdOut>Given Crypto module with 'acrh' cryptor&#xD;
-&gt; done: CryptoModuleSteps.GivenCryptoModuleWithCryptor("acrh") (0.0s)&#xD;
* with 'pubnubenigma' cipher key&#xD;
-&gt; done: CryptoModuleSteps.GivenWithCipherKey("pubnubenigma") (0.0s)&#xD;
* with '-' vector&#xD;
-&gt; done: CryptoModuleSteps.GivenWithVector("-") (0.0s)&#xD;
When I encrypt 'empty-file.txt' file as 'binary'&#xD;
-&gt; done: CryptoModuleSteps.WhenIEncryptFileAs("empty-file.txt", "binary") (0.0s)&#xD;
Then I receive 'encryption error'&#xD;
-&gt; done: CryptoModuleSteps.ThenIReceive("encryption error") (0.0s)</StdOut>
      </Output>
    </UnitTestResult>
    <UnitTestResult executionId="39887f99-8486-45a6-831d-af37839b8fc7" testId="f114629c-3c3b-e71d-e1df-1b4312712d85" testName="CryptoModuleCanHandleEncryptedDataFromDifferentCryptors(&quot;legacy&quot;,&quot;acrh&quot;,&quot;pubnubenigma&quot;,&quot;constant&quot;,&quot;file-cryptor-legacy-civ.jpg&quot;,&quot;file.jpg&quot;,null)" computerName="runner" duration="00:00:00.0155720" startTime="2024-10-03T10:46:25.3552437+00:00" endTime="2024-10-03T10:46:25.3708161+00:00" testType="13cdc9d9-ddb5-4fa4-a97d-d965ccfc6d4b" outcome="Passed" testListId="8c84fa94-04c1-424b-9868-57a2d4851a1d" relativeResultsDirectory="39887f99-8486-45a6-831d-af37839b8fc7">
      <Output>
        <StdOut>Given Crypto module with default 'legacy' and additional 'acrh' cryptors&#xD;
-&gt; done: CryptoModuleSteps.GivenCryptoModuleWithDefaultAndAdditionalCryptors("legacy", "acrh") (0.0s)&#xD;
* with 'pubnubenigma' cipher key&#xD;
-&gt; done: CryptoModuleSteps.GivenWithCipherKey("pubnubenigma") (0.0s)&#xD;
* with 'constant' vector&#xD;
-&gt; done: CryptoModuleSteps.GivenWithVector("constant") (0.0s)&#xD;
When I decrypt 'file-cryptor-legacy-civ.jpg' file as 'binary'&#xD;
-&gt; done: CryptoModuleSteps.WhenIDecryptFileAs("file-cryptor-lega...", "binary") (0.0s)&#xD;
Then Decrypted file content equal to the 'file.jpg' file content&#xD;
-&gt; done: CryptoModuleSteps.ThenDecryptedFileContentEqualToTheFileContent("file.jpg") (0.0s)</StdOut>
      </Output>
    </UnitTestResult>
    <UnitTestResult executionId="37ed04ed-b388-4db4-92a9-974dc1abc576" testId="0c1a37b6-b16e-3d65-7b38-756d59a051b1" testName="GetAllChannelMetadata" computerName="runner" duration="00:00:00.0246630" startTime="2024-10-03T10:47:07.7367073+00:00" endTime="2024-10-03T10:47:07.7613706+00:00" testType="13cdc9d9-ddb5-4fa4-a97d-d965ccfc6d4b" outcome="Passed" testListId="8c84fa94-04c1-424b-9868-57a2d4851a1d" relativeResultsDirectory="37ed04ed-b388-4db4-92a9-974dc1abc576">
      <Output>
        <StdOut>Given I have a keyset with Objects V2 enabled&#xD;
-&gt; done: FeatureObjectsV2MetadataSteps.GivenIHaveAKeysetWithObjectsVEnabled(2) (0.0s)&#xD;
When I get all channel metadata&#xD;
-&gt; done: FeatureObjectsV2MetadataSteps.WhenIGetAllChannelMetadata() (0.0s)&#xD;
Then I receive a successful response&#xD;
-&gt; done: FeatureObjectsV2MetadataSteps.ThenIReceiveASuccessfulResponse() (0.0s)&#xD;
And the response contains list with 'Chat' and 'Patient' channel metadata&#xD;
-&gt; done: FeatureObjectsV2MetadataSteps.ThenTheResponseContainsListWithAndChannelMetadata("Chat", "Patient") (0.0s)</StdOut>
      </Output>
    </UnitTestResult>
    <UnitTestResult executionId="dde644b6-c89c-40d1-aca1-693f21b5ba2d" testId="3405a88a-853b-5aa4-dc52-211f74db4a9b" testName="GetMembersForAChannel" computerName="runner" duration="00:00:00.0268050" startTime="2024-10-03T10:47:07.8312809+00:00" endTime="2024-10-03T10:47:07.8580860+00:00" testType="13cdc9d9-ddb5-4fa4-a97d-d965ccfc6d4b" outcome="Passed" testListId="8c84fa94-04c1-424b-9868-57a2d4851a1d" relativeResultsDirectory="dde644b6-c89c-40d1-aca1-693f21b5ba2d">
      <Output>
        <StdOut>Given I have a keyset with Objects V2 enabled&#xD;
-&gt; done: FeatureObjectsV2MetadataSteps.GivenIHaveAKeysetWithObjectsVEnabled(2) (0.0s)&#xD;
Given the id for 'Chat' channel&#xD;
-&gt; done: FeatureObjectsV2MetadataSteps.GivenTheIdForChannel("Chat") (0.0s)&#xD;
When I get the channel members&#xD;
-&gt; done: FeatureObjectsV2MetadataSteps.WhenIGetTheChannelMembers() (0.0s)&#xD;
Then I receive a successful response&#xD;
-&gt; done: FeatureObjectsV2MetadataSteps.ThenIReceiveASuccessfulResponse() (0.0s)&#xD;
And the response contains list with 'AmeliaMember' and 'EvaMember' members&#xD;
-&gt; done: FeatureObjectsV2MetadataSteps.ThenTheResponseContainsListWithAndMembers("AmeliaMember", "EvaMember") (0.0s)</StdOut>
      </Output>
    </UnitTestResult>
    <UnitTestResult executionId="fa2d5c28-3cb8-47e0-b22d-30f2bd32f93e" testId="0992672a-4884-80d0-5142-7d4a75036ed9" testName="AttemptToGrantAnAccessTokenWithARegularExpressionContainingCapturingGroupsAndExpectAServerError" computerName="runner" duration="00:00:00.0154350" startTime="2024-10-03T10:47:07.1212397+00:00" endTime="2024-10-03T10:47:07.1366745+00:00" testType="13cdc9d9-ddb5-4fa4-a97d-d965ccfc6d4b" outcome="Passed" testListId="8c84fa94-04c1-424b-9868-57a2d4851a1d" relativeResultsDirectory="fa2d5c28-3cb8-47e0-b22d-30f2bd32f93e">
      <Output>
        <StdOut>Given I have a keyset with access manager enabled&#xD;
-&gt; done: FeatureAccessSteps.GivenIHaveAKeysetWithAccessManagerEnabled() (0.0s)&#xD;
Given the TTL 60&#xD;
-&gt; done: FeatureAccessSteps.GivenTheTTL(60) (0.0s)&#xD;
Given the '(!&lt;[^&gt;]+&gt;)+' UUID pattern access permissions&#xD;
-&gt; done: FeatureAccessSteps.GivenTheUUIDPatternAccessPermissions("(!&lt;[^&gt;]+&gt;)+") (0.0s)&#xD;
* grant pattern permission GET&#xD;
-&gt; done: FeatureAccessSteps.GivenGrantPatternPermissionGET() (0.0s)&#xD;
When I attempt to grant a token specifying those permissions&#xD;
-&gt; done: FeatureAccessSteps.WhenIAttemptToGrantATokenSpecifyingThosePermissions() (0.0s)&#xD;
Then an error is returned&#xD;
-&gt; done: FeatureAccessSteps.ThenAnErrorIsReturned() (0.0s)&#xD;
* the error status code is 400&#xD;
-&gt; done: FeatureAccessSteps.ThenTheErrorStatusCodeIs(400) (0.0s)&#xD;
* the error message is 'Invalid RegExp'&#xD;
-&gt; done: FeatureAccessSteps.ThenTheErrorMessageIs("Invalid RegExp") (0.0s)&#xD;
* the error source is 'grant'&#xD;
-&gt; done: FeatureAccessSteps.ThenTheErrorSourceIs("grant") (0.0s)&#xD;
* the error detail message is 'Only non-capturing groups are allowed. Try replacing `(` with `(?:`.'&#xD;
-&gt; done: FeatureAccessSteps.ThenTheErrorDetailMessageIs("Only non-capturin...") (0.0s)&#xD;
* the error detail location is 'permissions.patterns.uuids.(!&lt;[^&gt;]+&gt;)+'&#xD;
-&gt; done: FeatureAccessSteps.ThenTheErrorDetailLocationIs("permissions.patte...") (0.0s)&#xD;
* the error detail location type is 'body'&#xD;
-&gt; done: FeatureAccessSteps.ThenTheErrorDetailLocationTypeIs("body") (0.0s)</StdOut>
      </Output>
    </UnitTestResult>
    <UnitTestResult executionId="168604d0-8a3d-42c9-8d83-d9cb86e7dae9" testId="0f851786-a6db-a75b-11ec-b9549b68d0b8" testName="EmptyDataDecryptionShouldFail(&quot;legacy&quot;,&quot;pubnubenigma&quot;,&quot;random&quot;,&quot;empty-file-cryptor-legacy-riv.txt&quot;,null)" computerName="runner" duration="00:00:00.0019520" startTime="2024-10-03T10:46:25.5458622+00:00" endTime="2024-10-03T10:46:25.5478136+00:00" testType="13cdc9d9-ddb5-4fa4-a97d-d965ccfc6d4b" outcome="Passed" testListId="8c84fa94-04c1-424b-9868-57a2d4851a1d" relativeResultsDirectory="168604d0-8a3d-42c9-8d83-d9cb86e7dae9">
      <Output>
        <StdOut>Given Crypto module with 'legacy' cryptor&#xD;
-&gt; done: CryptoModuleSteps.GivenCryptoModuleWithCryptor("legacy") (0.0s)&#xD;
* with 'pubnubenigma' cipher key&#xD;
-&gt; done: CryptoModuleSteps.GivenWithCipherKey("pubnubenigma") (0.0s)&#xD;
* with 'random' vector&#xD;
-&gt; done: CryptoModuleSteps.GivenWithVector("random") (0.0s)&#xD;
When I decrypt 'empty-file-cryptor-legacy-riv.txt' file as 'binary'&#xD;
-&gt; done: CryptoModuleSteps.WhenIDecryptFileAs("empty-file-crypto...", "binary") (0.0s)&#xD;
Then I receive 'decryption error'&#xD;
-&gt; done: CryptoModuleSteps.ThenIReceive("decryption error") (0.0s)</StdOut>
      </Output>
    </UnitTestResult>
    <UnitTestResult executionId="bcd36c4a-9d00-4ab4-be67-025753608739" testId="be80e17e-abe8-75e0-46d0-fbe19949d37d" testName="SuccessfullyReceiveMessages" computerName="runner" duration="00:00:01.0337080" startTime="2024-10-03T10:46:43.4196088+00:00" endTime="2024-10-03T10:46:44.4533196+00:00" testType="13cdc9d9-ddb5-4fa4-a97d-d965ccfc6d4b" outcome="Passed" testListId="8c84fa94-04c1-424b-9868-57a2d4851a1d" relativeResultsDirectory="bcd36c4a-9d00-4ab4-be67-025753608739">
      <Output>
        <StdOut>Given the demo keyset with event engine enabled&#xD;
-&gt; done: EventEngineSteps.GivenTheDemoKeysetWithEventEngineEnabled() (0.0s)&#xD;
When I subscribe&#xD;
PNSubscribeOperation PNConnectedCategory 200&#xD;
-&gt; done: EventEngineSteps.WhenISubscribe() (0.0s)&#xD;
Then I receive the message in my subscribe response&#xD;
Message received in listener. {"Message":"hello","Timetoken":0,"Publisher":"a","Channel":"test","Subscription":null,"UserMetadata":null}&#xD;
-&gt; done: EventEngineSteps.ThenIReceiveTheMessageInMySubscribeResponse() (1.0s)&#xD;
And I observe the following:&#xD;
  --- table step argument ---&#xD;
  | type       | name                    |&#xD;
  | event      | SUBSCRIPTION_CHANGED    |&#xD;
  | invocation | HANDSHAKE               |&#xD;
  | event      | HANDSHAKE_SUCCESS       |&#xD;
  | invocation | CANCEL_HANDSHAKE        |&#xD;
  | invocation | EMIT_STATUS             |&#xD;
  | invocation | RECEIVE_MESSAGES        |&#xD;
  | event      | RECEIVE_SUCCESS         |&#xD;
  | invocation | CANCEL_RECEIVE_MESSAGES |&#xD;
  | invocation | EMIT_MESSAGES           |&#xD;
  | invocation | RECEIVE_MESSAGES        |&#xD;
-&gt; done: EventEngineSteps.ThenIObserveTheFollowing(&lt;table&gt;) (0.0s)&#xD;
None PNDisconnectedCategory 0</StdOut>
      </Output>
    </UnitTestResult>
    <UnitTestResult executionId="78fe0de9-8ae8-4d8e-a647-b98fc5106817" testId="046e940e-ed7b-e2be-b9c9-fa82caaefa8a" testName="RemoveMembershipForCurrentUser" computerName="runner" duration="00:00:00.0208150" startTime="2024-10-03T10:47:08.1679456+00:00" endTime="2024-10-03T10:47:08.1887608+00:00" testType="13cdc9d9-ddb5-4fa4-a97d-d965ccfc6d4b" outcome="Passed" testListId="8c84fa94-04c1-424b-9868-57a2d4851a1d" relativeResultsDirectory="78fe0de9-8ae8-4d8e-a647-b98fc5106817">
      <Output>
        <StdOut>Given I have a keyset with Objects V2 enabled&#xD;
-&gt; done: FeatureObjectsV2MetadataSteps.GivenIHaveAKeysetWithObjectsVEnabled(2) (0.0s)&#xD;
Given current user is 'Alice' persona&#xD;
-&gt; done: FeatureObjectsV2MetadataSteps.GivenCurrentUserIsPersona("Alice") (0.0s)&#xD;
And the data for 'ChatMembership' membership that we want to remove&#xD;
-&gt; done: FeatureObjectsV2MetadataSteps.GivenTheDataForMembershipThatWeWantToRemove("ChatMembership") (0.0s)&#xD;
When I remove the membership for current user&#xD;
-&gt; done: FeatureObjectsV2MetadataSteps.WhenIRemoveTheMembershipForCurrentUser() (0.0s)&#xD;
Then I receive a successful response&#xD;
-&gt; done: FeatureObjectsV2MetadataSteps.ThenIReceiveASuccessfulResponse() (0.0s)</StdOut>
      </Output>
    </UnitTestResult>
    <UnitTestResult executionId="af3203b4-830d-4f0f-8386-2c13bb268d8e" testId="219f8da3-cc63-e002-72df-e2f549e52967" testName="GetAllUUIDMetadata" computerName="runner" duration="00:00:00.0273190" startTime="2024-10-03T10:47:08.2422587+00:00" endTime="2024-10-03T10:47:08.2695779+00:00" testType="13cdc9d9-ddb5-4fa4-a97d-d965ccfc6d4b" outcome="Passed" testListId="8c84fa94-04c1-424b-9868-57a2d4851a1d" relativeResultsDirectory="af3203b4-830d-4f0f-8386-2c13bb268d8e">
      <Output>
        <StdOut>Given I have a keyset with Objects V2 enabled&#xD;
-&gt; done: FeatureObjectsV2MetadataSteps.GivenIHaveAKeysetWithObjectsVEnabled(2) (0.0s)&#xD;
When I get all UUID metadata&#xD;
-&gt; done: FeatureObjectsV2MetadataSteps.WhenIGetAllUUIDMetadata() (0.0s)&#xD;
Then I receive a successful response&#xD;
-&gt; done: FeatureObjectsV2MetadataSteps.ThenIReceiveASuccessfulResponse() (0.0s)&#xD;
And the response contains list with 'Alice' and 'James' UUID metadata&#xD;
-&gt; done: FeatureObjectsV2MetadataSteps.ThenTheResponseContainsListWithAndUUIDMetadata("Alice", "James") (0.0s)</StdOut>
      </Output>
    </UnitTestResult>
    <UnitTestResult executionId="14c942f0-548b-4542-b74a-e12fcaf89adb" testId="446be40b-3f39-dc72-f797-9a3aa2aac484" testName="AttemptToGrantAnAccessTokenWithAllPermissionsEmptyOrFalseAndExpectAServerError" computerName="runner" duration="00:00:00.0167130" startTime="2024-10-03T10:47:07.0885006+00:00" endTime="2024-10-03T10:47:07.1052134+00:00" testType="13cdc9d9-ddb5-4fa4-a97d-d965ccfc6d4b" outcome="Passed" testListId="8c84fa94-04c1-424b-9868-57a2d4851a1d" relativeResultsDirectory="14c942f0-548b-4542-b74a-e12fcaf89adb">
      <Output>
        <StdOut>Given I have a keyset with access manager enabled&#xD;
-&gt; done: FeatureAccessSteps.GivenIHaveAKeysetWithAccessManagerEnabled() (0.0s)&#xD;
Given the TTL 60&#xD;
-&gt; done: FeatureAccessSteps.GivenTheTTL(60) (0.0s)&#xD;
Given the 'uuid-1' UUID resource access permissions&#xD;
-&gt; done: FeatureAccessSteps.GivenTheUUIDResourceAccessPermissions("uuid-1") (0.0s)&#xD;
* deny resource permission GET&#xD;
-&gt; done: FeatureAccessSteps.GivenDenyResourcePermissionGET() (0.0s)&#xD;
When I attempt to grant a token specifying those permissions&#xD;
-&gt; done: FeatureAccessSteps.WhenIAttemptToGrantATokenSpecifyingThosePermissions() (0.0s)&#xD;
Then an error is returned&#xD;
-&gt; done: FeatureAccessSteps.ThenAnErrorIsReturned() (0.0s)&#xD;
* the error status code is 400&#xD;
-&gt; done: FeatureAccessSteps.ThenTheErrorStatusCodeIs(400) (0.0s)&#xD;
* the error message is 'Invalid permissions'&#xD;
-&gt; done: FeatureAccessSteps.ThenTheErrorMessageIs("Invalid permissions") (0.0s)&#xD;
* the error source is 'grant'&#xD;
-&gt; done: FeatureAccessSteps.ThenTheErrorSourceIs("grant") (0.0s)&#xD;
* the error detail message is 'Unexpected value: `permissions.resources.uuids.uuid-1` must be positive and non-zero.'&#xD;
-&gt; done: FeatureAccessSteps.ThenTheErrorDetailMessageIs("Unexpected value:...") (0.0s)&#xD;
* the error detail location is 'permissions.resources.uuids.uuid-1'&#xD;
-&gt; done: FeatureAccessSteps.ThenTheErrorDetailLocationIs("permissions.resou...") (0.0s)&#xD;
* the error detail location type is 'body'&#xD;
-&gt; done: FeatureAccessSteps.ThenTheErrorDetailLocationTypeIs("body") (0.0s)</StdOut>
      </Output>
    </UnitTestResult>
    <UnitTestResult executionId="1192694a-1309-417e-be4f-db1a5fa40f2d" testId="78605226-9a65-4701-5dbe-74fd1152b767" testName="GetAUUIDWithCustomMetadataIdStoredInConfig" computerName="runner" duration="00:00:00.0194910" startTime="2024-10-03T10:47:08.3150905+00:00" endTime="2024-10-03T10:47:08.3345816+00:00" testType="13cdc9d9-ddb5-4fa4-a97d-d965ccfc6d4b" outcome="Passed" testListId="8c84fa94-04c1-424b-9868-57a2d4851a1d" relativeResultsDirectory="1192694a-1309-417e-be4f-db1a5fa40f2d">
      <Output>
        <StdOut>Given I have a keyset with Objects V2 enabled&#xD;
-&gt; done: FeatureObjectsV2MetadataSteps.GivenIHaveAKeysetWithObjectsVEnabled(2) (0.0s)&#xD;
Given current user is 'Bob' persona&#xD;
-&gt; done: FeatureObjectsV2MetadataSteps.GivenCurrentUserIsPersona("Bob") (0.0s)&#xD;
When I get the UUID metadata with custom for current user&#xD;
-&gt; done: FeatureObjectsV2MetadataSteps.WhenIGetTheUUIDMetadataWithCustomForCurrentUser() (0.0s)&#xD;
Then I receive a successful response&#xD;
-&gt; done: FeatureObjectsV2MetadataSteps.ThenIReceiveASuccessfulResponse() (0.0s)&#xD;
And the UUID metadata for 'Bob' persona&#xD;
-&gt; done: FeatureObjectsV2MetadataSteps.ThenTheUUIDMetadataForPersona("Bob") (0.0s)</StdOut>
      </Output>
    </UnitTestResult>
    <UnitTestResult executionId="d19ddd54-2d2a-454c-aed0-8c9363e71065" testId="60e5b02d-603e-8172-2213-6ea7fd0250af" testName="AES_CBCCryptorDataHeaderCanBeProcessed(&quot;pubnubenigma&quot;,&quot;file-cryptor-no-version.txt&quot;,&quot;decryption error&quot;,null)" computerName="runner" duration="00:00:00.0035170" startTime="2024-10-03T10:46:25.2917329+00:00" endTime="2024-10-03T10:46:25.2952498+00:00" testType="13cdc9d9-ddb5-4fa4-a97d-d965ccfc6d4b" outcome="Passed" testListId="8c84fa94-04c1-424b-9868-57a2d4851a1d" relativeResultsDirectory="d19ddd54-2d2a-454c-aed0-8c9363e71065">
      <Output>
        <StdOut>Given Crypto module with 'acrh' cryptor&#xD;
-&gt; done: CryptoModuleSteps.GivenCryptoModuleWithCryptor("acrh") (0.0s)&#xD;
* with 'pubnubenigma' cipher key&#xD;
-&gt; done: CryptoModuleSteps.GivenWithCipherKey("pubnubenigma") (0.0s)&#xD;
When I decrypt 'file-cryptor-no-version.txt' file&#xD;
-&gt; done: CryptoModuleSteps.WhenIDecryptFile("file-cryptor-no-v...") (0.0s)&#xD;
Then I receive 'decryption error'&#xD;
-&gt; done: CryptoModuleSteps.ThenIReceive("decryption error") (0.0s)</StdOut>
      </Output>
    </UnitTestResult>
    <UnitTestResult executionId="5dd7ea32-c803-43a9-ab4f-401ca5ef6801" testId="9c112724-e910-9610-f068-0224805f3f30" testName="ReceivingFailureRecovery" computerName="runner" duration="00:00:02.0786830" startTime="2024-10-03T10:46:41.3408846+00:00" endTime="2024-10-03T10:46:43.4195751+00:00" testType="13cdc9d9-ddb5-4fa4-a97d-d965ccfc6d4b" outcome="Passed" testListId="8c84fa94-04c1-424b-9868-57a2d4851a1d" relativeResultsDirectory="5dd7ea32-c803-43a9-ab4f-401ca5ef6801">
      <Output>
        <StdOut>Given the demo keyset with event engine enabled&#xD;
-&gt; done: EventEngineSteps.GivenTheDemoKeysetWithEventEngineEnabled() (0.0s)&#xD;
Given a linear reconnection policy with 3 retries&#xD;
-&gt; done: EventEngineSteps.GivenALinearReconnectionPolicyWithRetries(3) (0.0s)&#xD;
When I subscribe&#xD;
PNSubscribeOperation PNConnectedCategory 200&#xD;
-&gt; done: EventEngineSteps.WhenISubscribe() (0.0s)&#xD;
Then I receive the message in my subscribe response&#xD;
Message received in listener. {"Message":"{\r\n  \"content\": \"Hello world!\"\r\n}","Timetoken":0,"Publisher":"tomato","Channel":"test","Subscription":null,"UserMetadata":null}&#xD;
-&gt; done: EventEngineSteps.ThenIReceiveTheMessageInMySubscribeResponse() (2.0s)&#xD;
And I observe the following:&#xD;
  --- table step argument ---&#xD;
  | type       | name                      |&#xD;
  | event      | SUBSCRIPTION_CHANGED      |&#xD;
  | invocation | HANDSHAKE                 |&#xD;
  | event      | HANDSHAKE_SUCCESS         |&#xD;
  | invocation | CANCEL_HANDSHAKE          |&#xD;
  | invocation | EMIT_STATUS               |&#xD;
  | invocation | RECEIVE_MESSAGES          |&#xD;
  | event      | RECEIVE_FAILURE           |&#xD;
  | invocation | CANCEL_RECEIVE_MESSAGES   |&#xD;
  | invocation | RECEIVE_RECONNECT         |&#xD;
  | event      | RECEIVE_RECONNECT_SUCCESS |&#xD;
  | invocation | CANCEL_RECEIVE_RECONNECT  |&#xD;
  | invocation | EMIT_MESSAGES             |&#xD;
  | invocation | RECEIVE_MESSAGES          |&#xD;
-&gt; done: EventEngineSteps.ThenIObserveTheFollowing(&lt;table&gt;) (0.0s)&#xD;
None PNDisconnectedCategory 0</StdOut>
      </Output>
    </UnitTestResult>
    <UnitTestResult executionId="0050884f-fafd-4cce-971b-d10e0e367af4" testId="ea054fa2-926d-1779-cc57-db94ba1a4d6a" testName="StreamDataEncryptedWithLegacyAES_CBCCryptorIsDecryptableWithLegacyImplementation(&quot;pubnubenigma&quot;,&quot;random&quot;,&quot;file.txt&quot;,null)" computerName="runner" duration="00:00:00.0026430" startTime="2024-10-03T10:46:25.5827628+00:00" endTime="2024-10-03T10:46:25.5854055+00:00" testType="13cdc9d9-ddb5-4fa4-a97d-d965ccfc6d4b" outcome="Passed" testListId="8c84fa94-04c1-424b-9868-57a2d4851a1d" relativeResultsDirectory="0050884f-fafd-4cce-971b-d10e0e367af4">
      <Output>
        <StdOut>Given Crypto module with 'legacy' cryptor&#xD;
-&gt; done: CryptoModuleSteps.GivenCryptoModuleWithCryptor("legacy") (0.0s)&#xD;
Given Legacy code with 'pubnubenigma' cipher key and 'random' vector&#xD;
-&gt; done: CryptoModuleSteps.GivenLegacyCodeWithCipherKeyAndVector("pubnubenigma", "random") (0.0s)&#xD;
* with 'pubnubenigma' cipher key&#xD;
-&gt; done: CryptoModuleSteps.GivenWithCipherKey("pubnubenigma") (0.0s)&#xD;
* with 'random' vector&#xD;
-&gt; done: CryptoModuleSteps.GivenWithVector("random") (0.0s)&#xD;
When I encrypt 'file.txt' file as 'stream'&#xD;
-&gt; done: CryptoModuleSteps.WhenIEncryptFileAs("file.txt", "stream") (0.0s)&#xD;
Then Successfully decrypt an encrypted file with legacy code&#xD;
-&gt; done: CryptoModuleSteps.ThenSuccessfullyDecryptAnEncryptedFileWithLegacyCode() (0.0s)</StdOut>
      </Output>
    </UnitTestResult>
    <UnitTestResult executionId="42f6f199-3cbb-445d-a836-84c86f959866" testId="9e948d14-1697-7020-7d46-e7d0ab1a839a" testName="RevokeExistingValidToken" computerName="runner" duration="00:00:00.0154200" startTime="2024-10-03T10:47:08.4322231+00:00" endTime="2024-10-03T10:47:08.4476429+00:00" testType="13cdc9d9-ddb5-4fa4-a97d-d965ccfc6d4b" outcome="Passed" testListId="8c84fa94-04c1-424b-9868-57a2d4851a1d" relativeResultsDirectory="42f6f199-3cbb-445d-a836-84c86f959866">
      <Output>
        <StdOut>Given I have a keyset with access manager enabled&#xD;
-&gt; done: FeatureAccessSteps.GivenIHaveAKeysetWithAccessManagerEnabled() (0.0s)&#xD;
Given a token&#xD;
-&gt; done: FeatureAccessSteps.GivenAToken() (0.0s)&#xD;
When I revoke a token&#xD;
-&gt; done: FeatureAccessSteps.WhenIRevokeAToken() (0.0s)&#xD;
Then I get confirmation that token has been revoked&#xD;
-&gt; done: FeatureAccessSteps.ThenIGetConfirmationThatTokenHasBeenRevoked() (0.0s)</StdOut>
      </Output>
    </UnitTestResult>
    <UnitTestResult executionId="75a0a0de-511e-4e5c-8d94-1c80f71fdb8d" testId="4f5e4dcd-026e-dbea-14fe-5aa5192c38da" testName="SuccessfullyRestoreSubscribeWithFailures" computerName="runner" duration="00:00:03.3753700" startTime="2024-10-03T10:46:45.5011512+00:00" endTime="2024-10-03T10:46:48.8765311+00:00" testType="13cdc9d9-ddb5-4fa4-a97d-d965ccfc6d4b" outcome="Passed" testListId="8c84fa94-04c1-424b-9868-57a2d4851a1d" relativeResultsDirectory="75a0a0de-511e-4e5c-8d94-1c80f71fdb8d">
      <Output>
        <StdOut>Given the demo keyset with event engine enabled&#xD;
-&gt; done: EventEngineSteps.GivenTheDemoKeysetWithEventEngineEnabled() (0.0s)&#xD;
Given a linear reconnection policy with 3 retries&#xD;
-&gt; done: EventEngineSteps.GivenALinearReconnectionPolicyWithRetries(3) (0.0s)&#xD;
When I subscribe with timetoken 12345678901234567&#xD;
PNSubscribeOperation PNConnectedCategory 200&#xD;
-&gt; done: EventEngineSteps.WhenISubscribeWithTimetoken(12345678901234567) (2.4s)&#xD;
Then I receive the message in my subscribe response&#xD;
Message received in listener. {"Message":"{\r\n  \"content\": \"Hello world!\"\r\n}","Timetoken":0,"Publisher":"tomato","Channel":"test","Subscription":null,"UserMetadata":null}&#xD;
-&gt; done: EventEngineSteps.ThenIReceiveTheMessageInMySubscribeResponse() (1.0s)&#xD;
And I observe the following:&#xD;
  --- table step argument ---&#xD;
  | type       | name                        |&#xD;
  | event      | SUBSCRIPTION_RESTORED       |&#xD;
  | invocation | HANDSHAKE                   |&#xD;
  | event      | HANDSHAKE_FAILURE           |&#xD;
  | invocation | CANCEL_HANDSHAKE            |&#xD;
  | invocation | HANDSHAKE_RECONNECT         |&#xD;
  | event      | HANDSHAKE_RECONNECT_SUCCESS |&#xD;
  | invocation | CANCEL_HANDSHAKE_RECONNECT  |&#xD;
  | invocation | EMIT_STATUS                 |&#xD;
  | invocation | RECEIVE_MESSAGES            |&#xD;
  | event      | RECEIVE_SUCCESS             |&#xD;
  | invocation | CANCEL_RECEIVE_MESSAGES     |&#xD;
  | invocation | EMIT_MESSAGES               |&#xD;
  | invocation | RECEIVE_MESSAGES            |&#xD;
-&gt; done: EventEngineSteps.ThenIObserveTheFollowing(&lt;table&gt;) (0.0s)&#xD;
None PNDisconnectedCategory 0</StdOut>
      </Output>
    </UnitTestResult>
    <UnitTestResult executionId="3fa97d18-c63b-4f81-bae1-1d0b98e4a5da" testId="02189687-8985-6806-f35e-66f7f45f4e75" testName="DataEncryptedWithLegacyAES_CBCCryptorIsDecryptableWithLegacyImplementation(&quot;pubnubenigma&quot;,&quot;random&quot;,&quot;file.jpg&quot;,null)" computerName="runner" duration="00:00:00.0188460" startTime="2024-10-03T10:46:25.5115942+00:00" endTime="2024-10-03T10:46:25.5304407+00:00" testType="13cdc9d9-ddb5-4fa4-a97d-d965ccfc6d4b" outcome="Passed" testListId="8c84fa94-04c1-424b-9868-57a2d4851a1d" relativeResultsDirectory="3fa97d18-c63b-4f81-bae1-1d0b98e4a5da">
      <Output>
        <StdOut>Given Crypto module with 'legacy' cryptor&#xD;
-&gt; done: CryptoModuleSteps.GivenCryptoModuleWithCryptor("legacy") (0.0s)&#xD;
* with 'pubnubenigma' cipher key&#xD;
-&gt; done: CryptoModuleSteps.GivenWithCipherKey("pubnubenigma") (0.0s)&#xD;
* with 'random' vector&#xD;
-&gt; done: CryptoModuleSteps.GivenWithVector("random") (0.0s)&#xD;
Given Legacy code with 'pubnubenigma' cipher key and 'random' vector&#xD;
-&gt; done: CryptoModuleSteps.GivenLegacyCodeWithCipherKeyAndVector("pubnubenigma", "random") (0.0s)&#xD;
When I encrypt 'file.jpg' file as 'binary'&#xD;
-&gt; done: CryptoModuleSteps.WhenIEncryptFileAs("file.jpg", "binary") (0.0s)&#xD;
Then Successfully decrypt an encrypted file with legacy code&#xD;
-&gt; done: CryptoModuleSteps.ThenSuccessfullyDecryptAnEncryptedFileWithLegacyCode() (0.0s)</StdOut>
      </Output>
    </UnitTestResult>
    <UnitTestResult executionId="61ce0dad-b90a-47f9-954f-f80e83ce9284" testId="d871c596-d51c-32a3-d78a-f9b6ed7868a8" testName="AES_CBCCryptorDataHeaderCanBeProcessed(&quot;pubnubenigma&quot;,&quot;file-cryptor-v1-short.txt&quot;,&quot;decryption error&quot;,null)" computerName="runner" duration="00:00:00.0031490" startTime="2024-10-03T10:46:25.2982317+00:00" endTime="2024-10-03T10:46:25.3013804+00:00" testType="13cdc9d9-ddb5-4fa4-a97d-d965ccfc6d4b" outcome="Passed" testListId="8c84fa94-04c1-424b-9868-57a2d4851a1d" relativeResultsDirectory="61ce0dad-b90a-47f9-954f-f80e83ce9284">
      <Output>
        <StdOut>Given Crypto module with 'acrh' cryptor&#xD;
-&gt; done: CryptoModuleSteps.GivenCryptoModuleWithCryptor("acrh") (0.0s)&#xD;
* with 'pubnubenigma' cipher key&#xD;
-&gt; done: CryptoModuleSteps.GivenWithCipherKey("pubnubenigma") (0.0s)&#xD;
When I decrypt 'file-cryptor-v1-short.txt' file&#xD;
-&gt; done: CryptoModuleSteps.WhenIDecryptFile("file-cryptor-v1-s...") (0.0s)&#xD;
Then I receive 'decryption error'&#xD;
-&gt; done: CryptoModuleSteps.ThenIReceive("decryption error") (0.0s)</StdOut>
      </Output>
    </UnitTestResult>
    <UnitTestResult executionId="6db20796-e4cf-4973-b522-29d4fc595125" testId="bf64e30a-5c5e-95e0-c813-0cfcc293de1e" testName="StreamDataEncryptedWithLegacyAES_CBCCryptorIsDecryptableWithLegacyImplementation(&quot;pubnubenigma&quot;,&quot;random&quot;,&quot;file.jpg&quot;,null)" computerName="runner" duration="00:00:00.0047000" startTime="2024-10-03T10:46:25.5780350+00:00" endTime="2024-10-03T10:46:25.5827347+00:00" testType="13cdc9d9-ddb5-4fa4-a97d-d965ccfc6d4b" outcome="Passed" testListId="8c84fa94-04c1-424b-9868-57a2d4851a1d" relativeResultsDirectory="6db20796-e4cf-4973-b522-29d4fc595125">
      <Output>
        <StdOut>Given Crypto module with 'legacy' cryptor&#xD;
-&gt; done: CryptoModuleSteps.GivenCryptoModuleWithCryptor("legacy") (0.0s)&#xD;
Given Legacy code with 'pubnubenigma' cipher key and 'random' vector&#xD;
-&gt; done: CryptoModuleSteps.GivenLegacyCodeWithCipherKeyAndVector("pubnubenigma", "random") (0.0s)&#xD;
* with 'pubnubenigma' cipher key&#xD;
-&gt; done: CryptoModuleSteps.GivenWithCipherKey("pubnubenigma") (0.0s)&#xD;
* with 'random' vector&#xD;
-&gt; done: CryptoModuleSteps.GivenWithVector("random") (0.0s)&#xD;
When I encrypt 'file.jpg' file as 'stream'&#xD;
-&gt; done: CryptoModuleSteps.WhenIEncryptFileAs("file.jpg", "stream") (0.0s)&#xD;
Then Successfully decrypt an encrypted file with legacy code&#xD;
-&gt; done: CryptoModuleSteps.ThenSuccessfullyDecryptAnEncryptedFileWithLegacyCode() (0.0s)</StdOut>
      </Output>
    </UnitTestResult>
    <UnitTestResult executionId="8d025b88-2524-4207-b30f-f5e6848f4340" testId="85374129-b31e-6699-e3e3-35edfbf2f310" testName="GrantAnAccessTokenWithAllPermissionsOnAllResourceTypesWithAuthorizedUuid" computerName="runner" duration="00:00:00.1747230" startTime="2024-10-03T10:47:07.2280142+00:00" endTime="2024-10-03T10:47:07.4027383+00:00" testType="13cdc9d9-ddb5-4fa4-a97d-d965ccfc6d4b" outcome="Passed" testListId="8c84fa94-04c1-424b-9868-57a2d4851a1d" relativeResultsDirectory="8d025b88-2524-4207-b30f-f5e6848f4340">
      <Output>
        <StdOut>Given I have a keyset with access manager enabled&#xD;
-&gt; done: FeatureAccessSteps.GivenIHaveAKeysetWithAccessManagerEnabled() (0.0s)&#xD;
Given the authorized UUID "test-authorized-uuid"&#xD;
-&gt; done: FeatureAccessSteps.GivenTheAuthorizedUUID("test-authorized-uuid") (0.0s)&#xD;
Given the TTL 60&#xD;
-&gt; done: FeatureAccessSteps.GivenTheTTL(60) (0.0s)&#xD;
Given the 'channel-1' CHANNEL resource access permissions&#xD;
-&gt; done: FeatureAccessSteps.GivenTheCHANNELResourceAccessPermissions("channel-1") (0.0s)&#xD;
* grant resource permission READ&#xD;
-&gt; done: FeatureAccessSteps.GivenGrantResourcePermissionREAD() (0.0s)&#xD;
* grant resource permission WRITE&#xD;
-&gt; done: FeatureAccessSteps.GivenGrantResourcePermissionWRITE() (0.0s)&#xD;
* grant resource permission GET&#xD;
-&gt; done: FeatureAccessSteps.GivenGrantResourcePermissionGET() (0.0s)&#xD;
* grant resource permission MANAGE&#xD;
-&gt; done: FeatureAccessSteps.GivenGrantResourcePermissionMANAGE() (0.0s)&#xD;
* grant resource permission UPDATE&#xD;
-&gt; done: FeatureAccessSteps.GivenGrantResourcePermissionUPDATE() (0.0s)&#xD;
* grant resource permission JOIN&#xD;
-&gt; done: FeatureAccessSteps.GivenGrantResourcePermissionJOIN() (0.0s)&#xD;
* grant resource permission DELETE&#xD;
-&gt; done: FeatureAccessSteps.GivenGrantResourcePermissionDELETE() (0.0s)&#xD;
Given the 'channel_group-1' CHANNEL_GROUP resource access permissions&#xD;
-&gt; done: FeatureAccessSteps.GivenTheCHANNEL_GROUPResourceAccessPermissions("channel_group-1") (0.0s)&#xD;
* grant resource permission READ&#xD;
-&gt; done: FeatureAccessSteps.GivenGrantResourcePermissionREAD() (0.0s)&#xD;
* grant resource permission MANAGE&#xD;
-&gt; done: FeatureAccessSteps.GivenGrantResourcePermissionMANAGE() (0.0s)&#xD;
Given the 'uuid-1' UUID resource access permissions&#xD;
-&gt; done: FeatureAccessSteps.GivenTheUUIDResourceAccessPermissions("uuid-1") (0.0s)&#xD;
* grant resource permission GET&#xD;
-&gt; done: FeatureAccessSteps.GivenGrantResourcePermissionGET() (0.0s)&#xD;
* grant resource permission UPDATE&#xD;
-&gt; done: FeatureAccessSteps.GivenGrantResourcePermissionUPDATE() (0.0s)&#xD;
* grant resource permission DELETE&#xD;
-&gt; done: FeatureAccessSteps.GivenGrantResourcePermissionDELETE() (0.0s)&#xD;
Given the '^channel-\S*$' CHANNEL pattern access permissions&#xD;
-&gt; done: FeatureAccessSteps.GivenTheCHANNELPatternAccessPermissions("^channel-\S*$") (0.0s)&#xD;
* grant pattern permission READ&#xD;
-&gt; done: FeatureAccessSteps.GivenGrantPatternPermissionREAD() (0.0s)&#xD;
* grant pattern permission WRITE&#xD;
-&gt; done: FeatureAccessSteps.GivenGrantPatternPermissionWRITE() (0.0s)&#xD;
* grant pattern permission GET&#xD;
-&gt; done: FeatureAccessSteps.GivenGrantPatternPermissionGET() (0.0s)&#xD;
* grant pattern permission MANAGE&#xD;
-&gt; done: FeatureAccessSteps.GivenGrantPatternPermissionMANAGE() (0.0s)&#xD;
* grant pattern permission UPDATE&#xD;
-&gt; done: FeatureAccessSteps.GivenGrantPatternPermissionUPDATE() (0.0s)&#xD;
* grant pattern permission JOIN&#xD;
-&gt; done: FeatureAccessSteps.GivenGrantPatternPermissionJOIN() (0.0s)&#xD;
* grant pattern permission DELETE&#xD;
-&gt; done: FeatureAccessSteps.GivenGrantPatternPermissionDELETE() (0.0s)&#xD;
Given the '^:channel_group-\S*$' CHANNEL_GROUP pattern access permissions&#xD;
-&gt; done: FeatureAccessSteps.GivenTheCHANNEL_GROUPPatternAccessPermissions("^:channel_group-\S*$") (0.0s)&#xD;
* grant pattern permission READ&#xD;
-&gt; done: FeatureAccessSteps.GivenGrantPatternPermissionREAD() (0.0s)&#xD;
* grant pattern permission MANAGE&#xD;
-&gt; done: FeatureAccessSteps.GivenGrantPatternPermissionMANAGE() (0.0s)&#xD;
Given the '^uuid-\S*$' UUID pattern access permissions&#xD;
-&gt; done: FeatureAccessSteps.GivenTheUUIDPatternAccessPermissions("^uuid-\S*$") (0.0s)&#xD;
* grant pattern permission GET&#xD;
-&gt; done: FeatureAccessSteps.GivenGrantPatternPermissionGET() (0.0s)&#xD;
* grant pattern permission UPDATE&#xD;
-&gt; done: FeatureAccessSteps.GivenGrantPatternPermissionUPDATE() (0.0s)&#xD;
* grant pattern permission DELETE&#xD;
-&gt; done: FeatureAccessSteps.GivenGrantPatternPermissionDELETE() (0.0s)&#xD;
When I grant a token specifying those permissions&#xD;
-&gt; done: FeatureAccessSteps.WhenIGrantATokenSpecifyingThosePermissions() (0.0s)&#xD;
Then the token contains the authorized UUID "test-authorized-uuid"&#xD;
-&gt; done: FeatureAccessSteps.ThenTheTokenContainsTheAuthorizedUUID("test-authorized-uuid") (0.0s)&#xD;
Then the token contains the TTL 60&#xD;
-&gt; done: FeatureAccessSteps.ThenTheTokenContainsTheTTL(60) (0.0s)&#xD;
Then the token has 'channel-1' CHANNEL resource access permissions&#xD;
-&gt; done: FeatureAccessSteps.ThenTheTokenHasCHANNELResourceAccessPermissions("channel-1") (0.0s)&#xD;
* token resource permission READ&#xD;
-&gt; done: FeatureAccessSteps.ThenTokenResourcePermissionREAD() (0.0s)&#xD;
* token resource permission WRITE&#xD;
-&gt; done: FeatureAccessSteps.ThenTokenResourcePermissionWRITE() (0.0s)&#xD;
* token resource permission GET&#xD;
-&gt; done: FeatureAccessSteps.ThenTokenResourcePermissionGET() (0.0s)&#xD;
* token resource permission MANAGE&#xD;
-&gt; done: FeatureAccessSteps.ThenTokenResourcePermissionMANAGE() (0.0s)&#xD;
* token resource permission UPDATE&#xD;
-&gt; done: FeatureAccessSteps.ThenTokenResourcePermissionUPDATE() (0.0s)&#xD;
* token resource permission JOIN&#xD;
-&gt; done: FeatureAccessSteps.ThenTokenResourcePermissionJOIN() (0.0s)&#xD;
* token resource permission DELETE&#xD;
-&gt; done: FeatureAccessSteps.ThenTokenResourcePermissionDELETE() (0.0s)&#xD;
Then the token has 'channel_group-1' CHANNEL_GROUP resource access permissions&#xD;
-&gt; done: FeatureAccessSteps.ThenTheTokenHasCHANNEL_GROUPResourceAccessPermissions("channel_group-1") (0.0s)&#xD;
* token resource permission READ&#xD;
-&gt; done: FeatureAccessSteps.ThenTokenResourcePermissionREAD() (0.0s)&#xD;
* token resource permission MANAGE&#xD;
-&gt; done: FeatureAccessSteps.ThenTokenResourcePermissionMANAGE() (0.0s)&#xD;
Then the token has 'uuid-1' UUID resource access permissions&#xD;
-&gt; done: FeatureAccessSteps.ThenTheTokenHasUUIDResourceAccessPermissions("uuid-1") (0.0s)&#xD;
* token resource permission GET&#xD;
-&gt; done: FeatureAccessSteps.ThenTokenResourcePermissionGET() (0.0s)&#xD;
* token resource permission UPDATE&#xD;
-&gt; done: FeatureAccessSteps.ThenTokenResourcePermissionUPDATE() (0.0s)&#xD;
* token resource permission DELETE&#xD;
-&gt; done: FeatureAccessSteps.ThenTokenResourcePermissionDELETE() (0.0s)&#xD;
Then the token has '^channel-\S*$' CHANNEL pattern access permissions&#xD;
-&gt; done: FeatureAccessSteps.ThenTheTokenHasCHANNELPatternAccessPermissions("^channel-\S*$") (0.0s)&#xD;
* token pattern permission READ&#xD;
-&gt; done: FeatureAccessSteps.ThenTokenPatternPermissionREAD() (0.0s)&#xD;
* token pattern permission WRITE&#xD;
-&gt; done: FeatureAccessSteps.ThenTokenPatternPermissionWRITE() (0.0s)&#xD;
* token pattern permission GET&#xD;
-&gt; done: FeatureAccessSteps.ThenTokenPatternPermissionGET() (0.0s)&#xD;
* token pattern permission MANAGE&#xD;
-&gt; done: FeatureAccessSteps.ThenTokenPatternPermissionMANAGE() (0.0s)&#xD;
* token pattern permission UPDATE&#xD;
-&gt; done: FeatureAccessSteps.ThenTokenPatternPermissionUPDATE() (0.0s)&#xD;
* token pattern permission JOIN&#xD;
-&gt; done: FeatureAccessSteps.ThenTokenPatternPermissionJOIN() (0.0s)&#xD;
* token pattern permission DELETE&#xD;
-&gt; done: FeatureAccessSteps.ThenTokenPatternPermissionDELETE() (0.0s)&#xD;
Then the token has '^:channel_group-\S*$' CHANNEL_GROUP pattern access permissions&#xD;
-&gt; done: FeatureAccessSteps.ThenTheTokenHasCHANNEL_GROUPPatternAccessPermissions("^:channel_group-\S*$") (0.0s)&#xD;
* token pattern permission READ&#xD;
-&gt; done: FeatureAccessSteps.ThenTokenPatternPermissionREAD() (0.0s)&#xD;
* token pattern permission MANAGE&#xD;
-&gt; done: FeatureAccessSteps.ThenTokenPatternPermissionMANAGE() (0.0s)&#xD;
Then the token has '^uuid-\S*$' UUID pattern access permissions&#xD;
-&gt; done: FeatureAccessSteps.ThenTheTokenHasUUIDPatternAccessPermissions("^uuid-\S*$") (0.0s)&#xD;
* token pattern permission GET&#xD;
-&gt; done: FeatureAccessSteps.ThenTokenPatternPermissionGET() (0.0s)&#xD;
* token pattern permission UPDATE&#xD;
-&gt; done: FeatureAccessSteps.ThenTokenPatternPermissionUPDATE() (0.0s)&#xD;
* token pattern permission DELETE&#xD;
-&gt; done: FeatureAccessSteps.ThenTokenPatternPermissionDELETE() (0.0s)</StdOut>
      </Output>
    </UnitTestResult>
  </Results>
  <TestDefinitions>
    <UnitTest name="CompleteHandshakeFailure" storage="c:\a\c-sharp\c-sharp\src\unittests\acceptancetests\bin\debug\net6.0\acceptancetests.dll" id="78a2948f-1e6f-bc34-da6a-7718af2fe45b">
      <Execution id="dfca0607-71cd-4cf5-bc31-f1daef7da6ff" />
      <TestMethod codeBase="C:\a\c-sharp\c-sharp\src\UnitTests\AcceptanceTests\bin\Debug\net6.0\AcceptanceTests.dll" adapterTypeName="executor://nunit3testexecutor/" className="AcceptanceTests.Features.Event_Engine.EventEngineFeature" name="CompleteHandshakeFailure" />
    </UnitTest>
    <UnitTest name="DataEncryptedWithLegacyAES_CBCCryptorIsDecryptableWithLegacyImplementation(&quot;pubnubenigma&quot;,&quot;random&quot;,&quot;file.jpg&quot;,null)" storage="c:\a\c-sharp\c-sharp\src\unittests\acceptancetests\bin\debug\net6.0\acceptancetests.dll" id="02189687-8985-6806-f35e-66f7f45f4e75">
      <Execution id="3fa97d18-c63b-4f81-bae1-1d0b98e4a5da" />
      <TestMethod codeBase="C:\a\c-sharp\c-sharp\src\UnitTests\AcceptanceTests\bin\Debug\net6.0\AcceptanceTests.dll" adapterTypeName="executor://nunit3testexecutor/" className="AcceptanceTests.Features.Encryption.CryptoModuleFeature" name="DataEncryptedWithLegacyAES_CBCCryptorIsDecryptableWithLegacyImplementation(&quot;pubnubenigma&quot;,&quot;random&quot;,&quot;file.jpg&quot;,null)" />
    </UnitTest>
    <UnitTest name="ReceivingFailureRecovery" storage="c:\a\c-sharp\c-sharp\src\unittests\acceptancetests\bin\debug\net6.0\acceptancetests.dll" id="9c112724-e910-9610-f068-0224805f3f30">
      <Execution id="5dd7ea32-c803-43a9-ab4f-401ca5ef6801" />
      <TestMethod codeBase="C:\a\c-sharp\c-sharp\src\UnitTests\AcceptanceTests\bin\Debug\net6.0\AcceptanceTests.dll" adapterTypeName="executor://nunit3testexecutor/" className="AcceptanceTests.Features.Event_Engine.EventEngineFeature" name="ReceivingFailureRecovery" />
    </UnitTest>
    <UnitTest name="EmptyDataDecryptionShouldFail(&quot;legacy&quot;,&quot;pubnubenigma&quot;,&quot;random&quot;,&quot;empty-file.txt&quot;,null)" storage="c:\a\c-sharp\c-sharp\src\unittests\acceptancetests\bin\debug\net6.0\acceptancetests.dll" id="d533b002-ecc8-a6e4-0a55-5406f8886899">
      <Execution id="a1dc896f-427e-421c-a526-497c74d05453" />
      <TestMethod codeBase="C:\a\c-sharp\c-sharp\src\UnitTests\AcceptanceTests\bin\Debug\net6.0\AcceptanceTests.dll" adapterTypeName="executor://nunit3testexecutor/" className="AcceptanceTests.Features.Encryption.CryptoModuleFeature" name="EmptyDataDecryptionShouldFail(&quot;legacy&quot;,&quot;pubnubenigma&quot;,&quot;random&quot;,&quot;empty-file.txt&quot;,null)" />
    </UnitTest>
    <UnitTest name="CryptorIsAbleToProcessSampleFilesAsBinary(&quot;legacy&quot;,&quot;pubnubenigma&quot;,&quot;random&quot;,&quot;file-legacy-riv.txt&quot;,&quot;file.txt&quot;,null)" storage="c:\a\c-sharp\c-sharp\src\unittests\acceptancetests\bin\debug\net6.0\acceptancetests.dll" id="fb67481e-37a3-f171-7a64-13ebf12d3989">
      <Execution id="5c952039-1e69-4555-96b5-f95b0dcba773" />
      <TestMethod codeBase="C:\a\c-sharp\c-sharp\src\UnitTests\AcceptanceTests\bin\Debug\net6.0\AcceptanceTests.dll" adapterTypeName="executor://nunit3testexecutor/" className="AcceptanceTests.Features.Encryption.CryptoModuleFeature" name="CryptorIsAbleToProcessSampleFilesAsBinary(&quot;legacy&quot;,&quot;pubnubenigma&quot;,&quot;random&quot;,&quot;file-legacy-riv.txt&quot;,&quot;file.txt&quot;,null)" />
    </UnitTest>
    <UnitTest name="SetMembership" storage="c:\a\c-sharp\c-sharp\src\unittests\acceptancetests\bin\debug\net6.0\acceptancetests.dll" id="c824fd41-84e4-6d43-8411-04262c295a77">
      <Execution id="f78827a4-95d5-4d43-a445-31b8a560969e" />
      <TestMethod codeBase="C:\a\c-sharp\c-sharp\src\UnitTests\AcceptanceTests\bin\Debug\net6.0\AcceptanceTests.dll" adapterTypeName="executor://nunit3testexecutor/" className="AcceptanceTests.Features.ObjectsV2MembershipsFeature" name="SetMembership" />
    </UnitTest>
    <UnitTest name="DataEncryptedWithLegacyAES_CBCCryptorIsDecryptableWithLegacyImplementation(&quot;pubnubenigma&quot;,&quot;random&quot;,&quot;file.txt&quot;,null)" storage="c:\a\c-sharp\c-sharp\src\unittests\acceptancetests\bin\debug\net6.0\acceptancetests.dll" id="4f543121-4b4c-bb28-bba2-a9b2ac9eaaeb">
      <Execution id="a9571efe-da2b-407b-a3b8-139edd4082a7" />
      <TestMethod codeBase="C:\a\c-sharp\c-sharp\src\UnitTests\AcceptanceTests\bin\Debug\net6.0\AcceptanceTests.dll" adapterTypeName="executor://nunit3testexecutor/" className="AcceptanceTests.Features.Encryption.CryptoModuleFeature" name="DataEncryptedWithLegacyAES_CBCCryptorIsDecryptableWithLegacyImplementation(&quot;pubnubenigma&quot;,&quot;random&quot;,&quot;file.txt&quot;,null)" />
    </UnitTest>
    <UnitTest name="CryptorIsAbleToProcessSampleFilesAsStream(&quot;legacy&quot;,&quot;pubnubenigma&quot;,&quot;random&quot;,&quot;file-cryptor-legacy-riv.jpg&quot;,&quot;file.jpg&quot;,null)" storage="c:\a\c-sharp\c-sharp\src\unittests\acceptancetests\bin\debug\net6.0\acceptancetests.dll" id="bee75210-e3b0-c570-b8a4-c27baac780a1">
      <Execution id="122aeb1a-4619-4ef2-9d21-43f00ce8a67e" />
      <TestMethod codeBase="C:\a\c-sharp\c-sharp\src\UnitTests\AcceptanceTests\bin\Debug\net6.0\AcceptanceTests.dll" adapterTypeName="executor://nunit3testexecutor/" className="AcceptanceTests.Features.Encryption.CryptoModuleFeature" name="CryptorIsAbleToProcessSampleFilesAsStream(&quot;legacy&quot;,&quot;pubnubenigma&quot;,&quot;random&quot;,&quot;file-cryptor-legacy-riv.jpg&quot;,&quot;file.jpg&quot;,null)" />
    </UnitTest>
    <UnitTest name="AES_CBCCryptorDataHeaderCanBeProcessed(&quot;pubnubenigma&quot;,&quot;file-cryptor-v1-unknown.txt&quot;,&quot;unknown cryptor error&quot;,null)" storage="c:\a\c-sharp\c-sharp\src\unittests\acceptancetests\bin\debug\net6.0\acceptancetests.dll" id="ed3513bd-2d36-bad0-70c5-813865e78b06">
      <Execution id="acbe6e06-506b-4992-982d-477223ff2877" />
      <TestMethod codeBase="C:\a\c-sharp\c-sharp\src\UnitTests\AcceptanceTests\bin\Debug\net6.0\AcceptanceTests.dll" adapterTypeName="executor://nunit3testexecutor/" className="AcceptanceTests.Features.Encryption.CryptoModuleFeature" name="AES_CBCCryptorDataHeaderCanBeProcessed(&quot;pubnubenigma&quot;,&quot;file-cryptor-v1-unknown.txt&quot;,&quot;unknown cryptor error&quot;,null)" />
    </UnitTest>
    <UnitTest name="CompleteHandshakeFailure" storage="c:\a\c-sharp\c-sharp\src\unittests\acceptancetests\bin\debug\net6.0\acceptancetests.dll" id="e079e022-b7dd-5746-ddcb-acbf542a744e">
      <Execution id="55a6447c-2252-4a28-8c67-47a0a615e5b7" />
      <TestMethod codeBase="C:\a\c-sharp\c-sharp\src\UnitTests\AcceptanceTests\bin\Debug\net6.0\AcceptanceTests.dll" adapterTypeName="executor://nunit3testexecutor/" className="AcceptanceTests.Features.Event_Engine.PresenceEventEngineFeature" name="CompleteHandshakeFailure" />
    </UnitTest>
    <UnitTest name="EmptyDataDecryptionShouldFail(&quot;acrh&quot;,&quot;pubnubenigma&quot;,&quot;-&quot;,&quot;empty-file-cryptor-v1-acrh.txt&quot;,null)" storage="c:\a\c-sharp\c-sharp\src\unittests\acceptancetests\bin\debug\net6.0\acceptancetests.dll" id="6af2fe2f-9fc6-6af1-e346-da11b3a31319">
      <Execution id="dcb15cbc-b6f9-47f4-9ed2-69301ce8874d" />
      <TestMethod codeBase="C:\a\c-sharp\c-sharp\src\UnitTests\AcceptanceTests\bin\Debug\net6.0\AcceptanceTests.dll" adapterTypeName="executor://nunit3testexecutor/" className="AcceptanceTests.Features.Encryption.CryptoModuleFeature" name="EmptyDataDecryptionShouldFail(&quot;acrh&quot;,&quot;pubnubenigma&quot;,&quot;-&quot;,&quot;empty-file-cryptor-v1-acrh.txt&quot;,null)" />
    </UnitTest>
    <UnitTest name="CryptorIsAbleToProcessSampleFilesAsBinary(&quot;legacy&quot;,&quot;pubnubenigma&quot;,&quot;constant&quot;,&quot;file-legacy-civ.jpg&quot;,&quot;file.jpg&quot;,null)" storage="c:\a\c-sharp\c-sharp\src\unittests\acceptancetests\bin\debug\net6.0\acceptancetests.dll" id="bc7a74bf-9a5b-2257-fa8b-50752bdbf702">
      <Execution id="aa2a821b-5606-4997-9796-f6f80fbf7290" />
      <TestMethod codeBase="C:\a\c-sharp\c-sharp\src\UnitTests\AcceptanceTests\bin\Debug\net6.0\AcceptanceTests.dll" adapterTypeName="executor://nunit3testexecutor/" className="AcceptanceTests.Features.Encryption.CryptoModuleFeature" name="CryptorIsAbleToProcessSampleFilesAsBinary(&quot;legacy&quot;,&quot;pubnubenigma&quot;,&quot;constant&quot;,&quot;file-legacy-civ.jpg&quot;,&quot;file.jpg&quot;,null)" />
    </UnitTest>
    <UnitTest name="JoiningAndLeavingChannels" storage="c:\a\c-sharp\c-sharp\src\unittests\acceptancetests\bin\debug\net6.0\acceptancetests.dll" id="1d07225f-97f1-fdcb-e603-fea46f8b9792">
      <Execution id="e1577d45-851d-4ab1-a03f-959305a03527" />
      <TestMethod codeBase="C:\a\c-sharp\c-sharp\src\UnitTests\AcceptanceTests\bin\Debug\net6.0\AcceptanceTests.dll" adapterTypeName="executor://nunit3testexecutor/" className="AcceptanceTests.Features.Event_Engine.PresenceEventEngineFeature" name="JoiningAndLeavingChannels" />
    </UnitTest>
    <UnitTest name="GrantAnAccessTokenSuccessfullyWithAnAuthorizedUuid" storage="c:\a\c-sharp\c-sharp\src\unittests\acceptancetests\bin\debug\net6.0\acceptancetests.dll" id="63f82b54-f147-1707-8ae8-1f771750a4c8">
      <Execution id="b228ab21-64ee-4264-a0e6-09379dad4402" />
      <TestMethod codeBase="C:\a\c-sharp\c-sharp\src\UnitTests\AcceptanceTests\bin\Debug\net6.0\AcceptanceTests.dll" adapterTypeName="executor://nunit3testexecutor/" className="AcceptanceTests.Features.GrantAnAccessTokenFeature" name="GrantAnAccessTokenSuccessfullyWithAnAuthorizedUuid" />
    </UnitTest>
    <UnitTest name="GetAChannelMetadataForId" storage="c:\a\c-sharp\c-sharp\src\unittests\acceptancetests\bin\debug\net6.0\acceptancetests.dll" id="4401ff2d-c38b-51a8-f6b5-791f859c7098">
      <Execution id="45ea6407-4f7d-4905-b7b1-4afca088c456" />
      <TestMethod codeBase="C:\a\c-sharp\c-sharp\src\UnitTests\AcceptanceTests\bin\Debug\net6.0\AcceptanceTests.dll" adapterTypeName="executor://nunit3testexecutor/" className="AcceptanceTests.Features.ObjectsV2ChannelMetadataFeature" name="GetAChannelMetadataForId" />
    </UnitTest>
    <UnitTest name="RemoveMembershipForCurrentUser" storage="c:\a\c-sharp\c-sharp\src\unittests\acceptancetests\bin\debug\net6.0\acceptancetests.dll" id="046e940e-ed7b-e2be-b9c9-fa82caaefa8a">
      <Execution id="78fe0de9-8ae8-4d8e-a647-b98fc5106817" />
      <TestMethod codeBase="C:\a\c-sharp\c-sharp\src\UnitTests\AcceptanceTests\bin\Debug\net6.0\AcceptanceTests.dll" adapterTypeName="executor://nunit3testexecutor/" className="AcceptanceTests.Features.ObjectsV2MembershipsFeature" name="RemoveMembershipForCurrentUser" />
    </UnitTest>
    <UnitTest name="CryptorIsAbleToProcessSampleFilesAsBinary(&quot;acrh&quot;,&quot;pubnubenigma&quot;,&quot;-&quot;,&quot;file-cryptor-v1-acrh.txt&quot;,&quot;file.txt&quot;,null)" storage="c:\a\c-sharp\c-sharp\src\unittests\acceptancetests\bin\debug\net6.0\acceptancetests.dll" id="f8d35157-2900-b4b5-1a17-900588c884a9">
      <Execution id="042dbf68-4cb3-46ca-adcc-e582334eb33c" />
      <TestMethod codeBase="C:\a\c-sharp\c-sharp\src\UnitTests\AcceptanceTests\bin\Debug\net6.0\AcceptanceTests.dll" adapterTypeName="executor://nunit3testexecutor/" className="AcceptanceTests.Features.Encryption.CryptoModuleFeature" name="CryptorIsAbleToProcessSampleFilesAsBinary(&quot;acrh&quot;,&quot;pubnubenigma&quot;,&quot;-&quot;,&quot;file-cryptor-v1-acrh.txt&quot;,&quot;file.txt&quot;,null)" />
    </UnitTest>
    <UnitTest name="ManageMembershipsForAUUID" storage="c:\a\c-sharp\c-sharp\src\unittests\acceptancetests\bin\debug\net6.0\acceptancetests.dll" id="aea0c1c8-e4f2-b00c-e2e5-3958a9100776">
      <Execution id="252482c3-1d41-4f4d-8086-b18b287a46e7" />
      <TestMethod codeBase="C:\a\c-sharp\c-sharp\src\UnitTests\AcceptanceTests\bin\Debug\net6.0\AcceptanceTests.dll" adapterTypeName="executor://nunit3testexecutor/" className="AcceptanceTests.Features.ObjectsV2MembershipsFeature" name="ManageMembershipsForAUUID" />
    </UnitTest>
    <UnitTest name="RecoveryFromOneUnexpectedErrorAlongTheWay" storage="c:\a\c-sharp\c-sharp\src\unittests\acceptancetests\bin\debug\net6.0\acceptancetests.dll" id="524c1966-6494-a6c3-e952-972895ca93c8">
      <Execution id="a41b75f2-12cb-4403-a33a-cc229a25dd97" />
      <TestMethod codeBase="C:\a\c-sharp\c-sharp\src\UnitTests\AcceptanceTests\bin\Debug\net6.0\AcceptanceTests.dll" adapterTypeName="executor://nunit3testexecutor/" className="AcceptanceTests.Features.Event_Engine.PresenceEventEngineFeature" name="RecoveryFromOneUnexpectedErrorAlongTheWay" />
    </UnitTest>
    <UnitTest name="JoiningAFewChannelsWithHeartbeatIntervalSetTo0" storage="c:\a\c-sharp\c-sharp\src\unittests\acceptancetests\bin\debug\net6.0\acceptancetests.dll" id="2f407184-5438-edfb-bd06-dac05bac3790">
      <Execution id="2921f0d7-f2f7-4243-94e5-02e961f738ac" />
      <TestMethod codeBase="C:\a\c-sharp\c-sharp\src\UnitTests\AcceptanceTests\bin\Debug\net6.0\AcceptanceTests.dll" adapterTypeName="executor://nunit3testexecutor/" className="AcceptanceTests.Features.Event_Engine.PresenceEventEngineFeature" name="JoiningAFewChannelsWithHeartbeatIntervalSetTo0" />
    </UnitTest>
    <UnitTest name="RevokeATokenWhileItIsDisabledOnAServer" storage="c:\a\c-sharp\c-sharp\src\unittests\acceptancetests\bin\debug\net6.0\acceptancetests.dll" id="ee450aac-5f02-8238-a55d-792600e33298">
      <Execution id="f25b6660-fa41-4ff0-a9e7-eca74e8eccb8" />
      <TestMethod codeBase="C:\a\c-sharp\c-sharp\src\UnitTests\AcceptanceTests\bin\Debug\net6.0\AcceptanceTests.dll" adapterTypeName="executor://nunit3testexecutor/" className="AcceptanceTests.Features.RevokeAnAccessTokenFeature" name="RevokeATokenWhileItIsDisabledOnAServer" />
    </UnitTest>
    <UnitTest name="RemoveAUUIDMetadataForId" storage="c:\a\c-sharp\c-sharp\src\unittests\acceptancetests\bin\debug\net6.0\acceptancetests.dll" id="07a0b332-7585-5132-2931-ba67f585bbfd">
      <Execution id="cd4fcad6-4fdc-438f-8670-33bd120f071d" />
      <TestMethod codeBase="C:\a\c-sharp\c-sharp\src\UnitTests\AcceptanceTests\bin\Debug\net6.0\AcceptanceTests.dll" adapterTypeName="executor://nunit3testexecutor/" className="AcceptanceTests.Features.ObjectsV2UUIDMetadataFeature" name="RemoveAUUIDMetadataForId" />
    </UnitTest>
    <UnitTest name="GetAllChannelMetadataWithCustom" storage="c:\a\c-sharp\c-sharp\src\unittests\acceptancetests\bin\debug\net6.0\acceptancetests.dll" id="5271a851-e8d2-c42c-aad6-49024c68a9d5">
      <Execution id="44858d14-e447-4368-96a3-e0f6ff26e036" />
      <TestMethod codeBase="C:\a\c-sharp\c-sharp\src\UnitTests\AcceptanceTests\bin\Debug\net6.0\AcceptanceTests.dll" adapterTypeName="executor://nunit3testexecutor/" className="AcceptanceTests.Features.ObjectsV2ChannelMetadataFeature" name="GetAllChannelMetadataWithCustom" />
    </UnitTest>
    <UnitTest name="CryptorIsAbleToProcessSampleFilesAsStream(&quot;legacy&quot;,&quot;pubnubenigma&quot;,&quot;random&quot;,&quot;file-cryptor-legacy-riv.txt&quot;,&quot;file.txt&quot;,null)" storage="c:\a\c-sharp\c-sharp\src\unittests\acceptancetests\bin\debug\net6.0\acceptancetests.dll" id="785e20b7-0681-3d5e-8c02-431a4435768d">
      <Execution id="53b2f3ac-b9dd-4990-a7be-f38f21fd5437" />
      <TestMethod codeBase="C:\a\c-sharp\c-sharp\src\UnitTests\AcceptanceTests\bin\Debug\net6.0\AcceptanceTests.dll" adapterTypeName="executor://nunit3testexecutor/" className="AcceptanceTests.Features.Encryption.CryptoModuleFeature" name="CryptorIsAbleToProcessSampleFilesAsStream(&quot;legacy&quot;,&quot;pubnubenigma&quot;,&quot;random&quot;,&quot;file-cryptor-legacy-riv.txt&quot;,&quot;file.txt&quot;,null)" />
    </UnitTest>
    <UnitTest name="DataEncryptedWithLegacyAES_CBCCryptorIsDecryptableWithLegacyImplementation(&quot;pubnubenigma&quot;,&quot;constant&quot;,&quot;file.jpg&quot;,null)" storage="c:\a\c-sharp\c-sharp\src\unittests\acceptancetests\bin\debug\net6.0\acceptancetests.dll" id="e310fc10-3907-7ad0-6cbe-cc9e48d5e1fa">
      <Execution id="1e3eeea1-12be-4bc0-beb8-72ee8e0c731c" />
      <TestMethod codeBase="C:\a\c-sharp\c-sharp\src\UnitTests\AcceptanceTests\bin\Debug\net6.0\AcceptanceTests.dll" adapterTypeName="executor://nunit3testexecutor/" className="AcceptanceTests.Features.Encryption.CryptoModuleFeature" name="DataEncryptedWithLegacyAES_CBCCryptorIsDecryptableWithLegacyImplementation(&quot;pubnubenigma&quot;,&quot;constant&quot;,&quot;file.jpg&quot;,null)" />
    </UnitTest>
    <UnitTest name="CryptorIsAbleToProcessSampleFilesAsBinary(&quot;legacy&quot;,&quot;pubnubenigma&quot;,&quot;random&quot;,&quot;file-legacy-riv.jpg&quot;,&quot;file.jpg&quot;,null)" storage="c:\a\c-sharp\c-sharp\src\unittests\acceptancetests\bin\debug\net6.0\acceptancetests.dll" id="84e090d8-441a-8861-c4e5-70620525fefd">
      <Execution id="a8581564-5256-4aaa-a2c6-570209f70a3c" />
      <TestMethod codeBase="C:\a\c-sharp\c-sharp\src\UnitTests\AcceptanceTests\bin\Debug\net6.0\AcceptanceTests.dll" adapterTypeName="executor://nunit3testexecutor/" className="AcceptanceTests.Features.Encryption.CryptoModuleFeature" name="CryptorIsAbleToProcessSampleFilesAsBinary(&quot;legacy&quot;,&quot;pubnubenigma&quot;,&quot;random&quot;,&quot;file-legacy-riv.jpg&quot;,&quot;file.jpg&quot;,null)" />
    </UnitTest>
    <UnitTest name="SetMemberWithCustomForAChannelAndUUIDWithCustom" storage="c:\a\c-sharp\c-sharp\src\unittests\acceptancetests\bin\debug\net6.0\acceptancetests.dll" id="86189ae4-95f9-30e4-f4c6-bfa1b9898a62">
      <Execution id="2b0ac306-6878-4fb5-82cd-79726c1268c5" />
      <TestMethod codeBase="C:\a\c-sharp\c-sharp\src\UnitTests\AcceptanceTests\bin\Debug\net6.0\AcceptanceTests.dll" adapterTypeName="executor://nunit3testexecutor/" className="AcceptanceTests.Features.ObjectsV2MembersFeature" name="SetMemberWithCustomForAChannelAndUUIDWithCustom" />
    </UnitTest>
    <UnitTest name="EmptyStreamDataDecryptionShouldFail(&quot;acrh&quot;,&quot;pubnubenigma&quot;,&quot;-&quot;,&quot;empty-file-cryptor-v1-acrh.txt&quot;,null)" storage="c:\a\c-sharp\c-sharp\src\unittests\acceptancetests\bin\debug\net6.0\acceptancetests.dll" id="21d875cb-d7ef-e04a-3cc4-907443abf187">
      <Execution id="abc6facb-273b-40f1-aa00-0130d64a7070" />
      <TestMethod codeBase="C:\a\c-sharp\c-sharp\src\UnitTests\AcceptanceTests\bin\Debug\net6.0\AcceptanceTests.dll" adapterTypeName="executor://nunit3testexecutor/" className="AcceptanceTests.Features.Encryption.CryptoModuleFeature" name="EmptyStreamDataDecryptionShouldFail(&quot;acrh&quot;,&quot;pubnubenigma&quot;,&quot;-&quot;,&quot;empty-file-cryptor-v1-acrh.txt&quot;,null)" />
    </UnitTest>
    <UnitTest name="CryptorIsAbleToProcessSampleFilesAsBinary(&quot;legacy&quot;,&quot;pubnubenigma&quot;,&quot;constant&quot;,&quot;file-cryptor-legacy-civ.txt&quot;,&quot;file.txt&quot;,null)" storage="c:\a\c-sharp\c-sharp\src\unittests\acceptancetests\bin\debug\net6.0\acceptancetests.dll" id="1680f939-c9a3-3184-e5e6-300d132ea901">
      <Execution id="42f23fc2-be9f-4f8a-9d11-0c14b3aabbcc" />
      <TestMethod codeBase="C:\a\c-sharp\c-sharp\src\UnitTests\AcceptanceTests\bin\Debug\net6.0\AcceptanceTests.dll" adapterTypeName="executor://nunit3testexecutor/" className="AcceptanceTests.Features.Encryption.CryptoModuleFeature" name="CryptorIsAbleToProcessSampleFilesAsBinary(&quot;legacy&quot;,&quot;pubnubenigma&quot;,&quot;constant&quot;,&quot;file-cryptor-legacy-civ.txt&quot;,&quot;file.txt&quot;,null)" />
    </UnitTest>
    <UnitTest name="CryptorIsAbleToProcessSampleFilesAsBinary(&quot;acrh&quot;,&quot;pubnubenigma&quot;,&quot;-&quot;,&quot;file-cryptor-v1-acrh.jpg&quot;,&quot;file.jpg&quot;,null)" storage="c:\a\c-sharp\c-sharp\src\unittests\acceptancetests\bin\debug\net6.0\acceptancetests.dll" id="71353074-59f3-561d-2fde-c864cf9dfcb6">
      <Execution id="21cbb693-bba0-4a7e-a4b7-e6c3e01321c3" />
      <TestMethod codeBase="C:\a\c-sharp\c-sharp\src\UnitTests\AcceptanceTests\bin\Debug\net6.0\AcceptanceTests.dll" adapterTypeName="executor://nunit3testexecutor/" className="AcceptanceTests.Features.Encryption.CryptoModuleFeature" name="CryptorIsAbleToProcessSampleFilesAsBinary(&quot;acrh&quot;,&quot;pubnubenigma&quot;,&quot;-&quot;,&quot;file-cryptor-v1-acrh.jpg&quot;,&quot;file.jpg&quot;,null)" />
    </UnitTest>
    <UnitTest name="CryptorIsAbleToProcessSampleFilesAsStream(&quot;legacy&quot;,&quot;pubnubenigma&quot;,&quot;random&quot;,&quot;file-legacy-riv.txt&quot;,&quot;file.txt&quot;,null)" storage="c:\a\c-sharp\c-sharp\src\unittests\acceptancetests\bin\debug\net6.0\acceptancetests.dll" id="9d2b950d-d4be-de51-1cfb-07073f6d6e13">
      <Execution id="fec30226-c6db-4386-aa01-92b2966c896f" />
      <TestMethod codeBase="C:\a\c-sharp\c-sharp\src\UnitTests\AcceptanceTests\bin\Debug\net6.0\AcceptanceTests.dll" adapterTypeName="executor://nunit3testexecutor/" className="AcceptanceTests.Features.Encryption.CryptoModuleFeature" name="CryptorIsAbleToProcessSampleFilesAsStream(&quot;legacy&quot;,&quot;pubnubenigma&quot;,&quot;random&quot;,&quot;file-legacy-riv.txt&quot;,&quot;file.txt&quot;,null)" />
    </UnitTest>
    <UnitTest name="RemoveMemberForAChannel" storage="c:\a\c-sharp\c-sharp\src\unittests\acceptancetests\bin\debug\net6.0\acceptancetests.dll" id="b2c9c319-05d3-858f-ecdb-c785279a33e5">
      <Execution id="c0a2278c-2697-4f80-b116-2c723739ac92" />
      <TestMethod codeBase="C:\a\c-sharp\c-sharp\src\UnitTests\AcceptanceTests\bin\Debug\net6.0\AcceptanceTests.dll" adapterTypeName="executor://nunit3testexecutor/" className="AcceptanceTests.Features.ObjectsV2MembersFeature" name="RemoveMemberForAChannel" />
    </UnitTest>
    <UnitTest name="ManageMembersForAChannel" storage="c:\a\c-sharp\c-sharp\src\unittests\acceptancetests\bin\debug\net6.0\acceptancetests.dll" id="4abae91a-e1c2-11c6-c78e-4c0a98abeb41">
      <Execution id="be96d941-d691-42c0-a55c-9f41bef3c863" />
      <TestMethod codeBase="C:\a\c-sharp\c-sharp\src\UnitTests\AcceptanceTests\bin\Debug\net6.0\AcceptanceTests.dll" adapterTypeName="executor://nunit3testexecutor/" className="AcceptanceTests.Features.ObjectsV2MembersFeature" name="ManageMembersForAChannel" />
    </UnitTest>
    <UnitTest name="RevokeATokenWithCharactersThatRequireUrlEncoding" storage="c:\a\c-sharp\c-sharp\src\unittests\acceptancetests\bin\debug\net6.0\acceptancetests.dll" id="b811bc2b-ac6c-1eab-5504-b3af1ec9a805">
      <Execution id="10d9d8d8-caa4-427d-b06f-09aa8b6ff26d" />
      <TestMethod codeBase="C:\a\c-sharp\c-sharp\src\UnitTests\AcceptanceTests\bin\Debug\net6.0\AcceptanceTests.dll" adapterTypeName="executor://nunit3testexecutor/" className="AcceptanceTests.Features.RevokeAnAccessTokenFeature" name="RevokeATokenWithCharactersThatRequireUrlEncoding" />
    </UnitTest>
    <UnitTest name="EmptyDataEncryptionShouldFail(&quot;legacy&quot;,&quot;pubnubenigma&quot;,&quot;random&quot;,null)" storage="c:\a\c-sharp\c-sharp\src\unittests\acceptancetests\bin\debug\net6.0\acceptancetests.dll" id="e592298e-a7bd-5e8f-cbb1-f5ba33b2dce9">
      <Execution id="abe73f65-8eb9-4125-8989-861ece34e6ba" />
      <TestMethod codeBase="C:\a\c-sharp\c-sharp\src\UnitTests\AcceptanceTests\bin\Debug\net6.0\AcceptanceTests.dll" adapterTypeName="executor://nunit3testexecutor/" className="AcceptanceTests.Features.Encryption.CryptoModuleFeature" name="EmptyDataEncryptionShouldFail(&quot;legacy&quot;,&quot;pubnubenigma&quot;,&quot;random&quot;,null)" />
    </UnitTest>
    <UnitTest name="AES_CBCCryptorDataHeaderCanBeProcessed(&quot;pubnubenigma&quot;,&quot;file-cryptor-v1-acrh.jpg&quot;,&quot;success&quot;,null)" storage="c:\a\c-sharp\c-sharp\src\unittests\acceptancetests\bin\debug\net6.0\acceptancetests.dll" id="798a8e71-c3a5-952d-b167-1f516fd90da6">
      <Execution id="57e8daaa-78b8-44b7-ab81-bfd2a74e2c01" />
      <TestMethod codeBase="C:\a\c-sharp\c-sharp\src\UnitTests\AcceptanceTests\bin\Debug\net6.0\AcceptanceTests.dll" adapterTypeName="executor://nunit3testexecutor/" className="AcceptanceTests.Features.Encryption.CryptoModuleFeature" name="AES_CBCCryptorDataHeaderCanBeProcessed(&quot;pubnubenigma&quot;,&quot;file-cryptor-v1-acrh.jpg&quot;,&quot;success&quot;,null)" />
    </UnitTest>
    <UnitTest name="CryptoModuleCanHandleEncryptedDataFromDifferentCryptors(&quot;legacy&quot;,&quot;acrh&quot;,&quot;pubnubenigma&quot;,&quot;constant&quot;,&quot;file-cryptor-legacy-civ.jpg&quot;,&quot;file.jpg&quot;,null)" storage="c:\a\c-sharp\c-sharp\src\unittests\acceptancetests\bin\debug\net6.0\acceptancetests.dll" id="f114629c-3c3b-e71d-e1df-1b4312712d85">
      <Execution id="39887f99-8486-45a6-831d-af37839b8fc7" />
      <TestMethod codeBase="C:\a\c-sharp\c-sharp\src\UnitTests\AcceptanceTests\bin\Debug\net6.0\AcceptanceTests.dll" adapterTypeName="executor://nunit3testexecutor/" className="AcceptanceTests.Features.Encryption.CryptoModuleFeature" name="CryptoModuleCanHandleEncryptedDataFromDifferentCryptors(&quot;legacy&quot;,&quot;acrh&quot;,&quot;pubnubenigma&quot;,&quot;constant&quot;,&quot;file-cryptor-legacy-civ.jpg&quot;,&quot;file.jpg&quot;,null)" />
    </UnitTest>
    <UnitTest name="CryptorIsAbleToProcessSampleFilesAsStream(&quot;acrh&quot;,&quot;pubnubenigma&quot;,&quot;-&quot;,&quot;file-cryptor-v1-acrh.txt&quot;,&quot;file.txt&quot;,null)" storage="c:\a\c-sharp\c-sharp\src\unittests\acceptancetests\bin\debug\net6.0\acceptancetests.dll" id="0153fbb0-e5a5-84d4-df77-b92e47c48a9b">
      <Execution id="b2d59564-3512-43ca-ae5a-0c340166c41f" />
      <TestMethod codeBase="C:\a\c-sharp\c-sharp\src\UnitTests\AcceptanceTests\bin\Debug\net6.0\AcceptanceTests.dll" adapterTypeName="executor://nunit3testexecutor/" className="AcceptanceTests.Features.Encryption.CryptoModuleFeature" name="CryptorIsAbleToProcessSampleFilesAsStream(&quot;acrh&quot;,&quot;pubnubenigma&quot;,&quot;-&quot;,&quot;file-cryptor-v1-acrh.txt&quot;,&quot;file.txt&quot;,null)" />
    </UnitTest>
    <UnitTest name="CryptorIsAbleToProcessSampleFilesAsBinary(&quot;legacy&quot;,&quot;pubnubenigma&quot;,&quot;random&quot;,&quot;file-cryptor-legacy-riv.jpg&quot;,&quot;file.jpg&quot;,null)" storage="c:\a\c-sharp\c-sharp\src\unittests\acceptancetests\bin\debug\net6.0\acceptancetests.dll" id="4105838b-ea26-8a2c-f1e6-5dcc3df6f41b">
      <Execution id="fa8db075-5ce1-4935-8214-8047a3b07e7c" />
      <TestMethod codeBase="C:\a\c-sharp\c-sharp\src\UnitTests\AcceptanceTests\bin\Debug\net6.0\AcceptanceTests.dll" adapterTypeName="executor://nunit3testexecutor/" className="AcceptanceTests.Features.Encryption.CryptoModuleFeature" name="CryptorIsAbleToProcessSampleFilesAsBinary(&quot;legacy&quot;,&quot;pubnubenigma&quot;,&quot;random&quot;,&quot;file-cryptor-legacy-riv.jpg&quot;,&quot;file.jpg&quot;,null)" />
    </UnitTest>
    <UnitTest name="GetMembershipsForCurrentUser" storage="c:\a\c-sharp\c-sharp\src\unittests\acceptancetests\bin\debug\net6.0\acceptancetests.dll" id="ba48247e-b680-05e2-ec8e-cd712552a6ee">
      <Execution id="49642ad5-61cd-41cb-bf55-f24ffcef5479" />
      <TestMethod codeBase="C:\a\c-sharp\c-sharp\src\UnitTests\AcceptanceTests\bin\Debug\net6.0\AcceptanceTests.dll" adapterTypeName="executor://nunit3testexecutor/" className="AcceptanceTests.Features.ObjectsV2MembershipsFeature" name="GetMembershipsForCurrentUser" />
    </UnitTest>
    <UnitTest name="CryptorIsAbleToProcessSampleFilesAsBinary(&quot;legacy&quot;,&quot;pubnubenigma&quot;,&quot;random&quot;,&quot;file-cryptor-legacy-riv.txt&quot;,&quot;file.txt&quot;,null)" storage="c:\a\c-sharp\c-sharp\src\unittests\acceptancetests\bin\debug\net6.0\acceptancetests.dll" id="1500c2f1-f56e-3f8a-4b9e-769b5f983879">
      <Execution id="b87c0280-ee8f-46ef-8259-ea22f4804ecb" />
      <TestMethod codeBase="C:\a\c-sharp\c-sharp\src\UnitTests\AcceptanceTests\bin\Debug\net6.0\AcceptanceTests.dll" adapterTypeName="executor://nunit3testexecutor/" className="AcceptanceTests.Features.Encryption.CryptoModuleFeature" name="CryptorIsAbleToProcessSampleFilesAsBinary(&quot;legacy&quot;,&quot;pubnubenigma&quot;,&quot;random&quot;,&quot;file-cryptor-legacy-riv.txt&quot;,&quot;file.txt&quot;,null)" />
    </UnitTest>
    <UnitTest name="GrantAnAccessTokenWithAllPermissionsOnAllResourceTypesWithAuthorizedUuid" storage="c:\a\c-sharp\c-sharp\src\unittests\acceptancetests\bin\debug\net6.0\acceptancetests.dll" id="85374129-b31e-6699-e3e3-35edfbf2f310">
      <Execution id="8d025b88-2524-4207-b30f-f5e6848f4340" />
      <TestMethod codeBase="C:\a\c-sharp\c-sharp\src\UnitTests\AcceptanceTests\bin\Debug\net6.0\AcceptanceTests.dll" adapterTypeName="executor://nunit3testexecutor/" className="AcceptanceTests.Features.GrantAnAccessTokenFeature" name="GrantAnAccessTokenWithAllPermissionsOnAllResourceTypesWithAuthorizedUuid" />
    </UnitTest>
    <UnitTest name="SetMemberForAChannel" storage="c:\a\c-sharp\c-sharp\src\unittests\acceptancetests\bin\debug\net6.0\acceptancetests.dll" id="ed5af684-441e-e3d8-3bf2-a26f2fd3f117">
      <Execution id="2b707810-1c01-4c15-8799-ae1cfb3be56f" />
      <TestMethod codeBase="C:\a\c-sharp\c-sharp\src\UnitTests\AcceptanceTests\bin\Debug\net6.0\AcceptanceTests.dll" adapterTypeName="executor://nunit3testexecutor/" className="AcceptanceTests.Features.ObjectsV2MembersFeature" name="SetMemberForAChannel" />
    </UnitTest>
    <UnitTest name="RevokeInvalidToken" storage="c:\a\c-sharp\c-sharp\src\unittests\acceptancetests\bin\debug\net6.0\acceptancetests.dll" id="f6a7a690-af73-fab8-0ebf-059ccdbb5495">
      <Execution id="55e5493d-7623-41f1-b1b7-9b95d128a9c9" />
      <TestMethod codeBase="C:\a\c-sharp\c-sharp\src\UnitTests\AcceptanceTests\bin\Debug\net6.0\AcceptanceTests.dll" adapterTypeName="executor://nunit3testexecutor/" className="AcceptanceTests.Features.RevokeAnAccessTokenFeature" name="RevokeInvalidToken" />
    </UnitTest>
    <UnitTest name="HandshakeFailureRecovery" storage="c:\a\c-sharp\c-sharp\src\unittests\acceptancetests\bin\debug\net6.0\acceptancetests.dll" id="9bb7c02e-b85a-d370-6cfc-0ac356d6be53">
      <Execution id="2a169b9e-2ef1-4d5a-b209-6b7dfa09c77c" />
      <TestMethod codeBase="C:\a\c-sharp\c-sharp\src\UnitTests\AcceptanceTests\bin\Debug\net6.0\AcceptanceTests.dll" adapterTypeName="executor://nunit3testexecutor/" className="AcceptanceTests.Features.Event_Engine.EventEngineFeature" name="HandshakeFailureRecovery" />
    </UnitTest>
    <UnitTest name="GetMembersForAChannel" storage="c:\a\c-sharp\c-sharp\src\unittests\acceptancetests\bin\debug\net6.0\acceptancetests.dll" id="3405a88a-853b-5aa4-dc52-211f74db4a9b">
      <Execution id="dde644b6-c89c-40d1-aca1-693f21b5ba2d" />
      <TestMethod codeBase="C:\a\c-sharp\c-sharp\src\UnitTests\AcceptanceTests\bin\Debug\net6.0\AcceptanceTests.dll" adapterTypeName="executor://nunit3testexecutor/" className="AcceptanceTests.Features.ObjectsV2MembersFeature" name="GetMembersForAChannel" />
    </UnitTest>
    <UnitTest name="RemoveAUUIDMetadataIdStoredInConfig" storage="c:\a\c-sharp\c-sharp\src\unittests\acceptancetests\bin\debug\net6.0\acceptancetests.dll" id="3a8dac54-e42a-8256-0f95-9b2771dcaeda">
      <Execution id="c247a421-a4f9-40ed-9529-f3ecfe2f2330" />
      <TestMethod codeBase="C:\a\c-sharp\c-sharp\src\UnitTests\AcceptanceTests\bin\Debug\net6.0\AcceptanceTests.dll" adapterTypeName="executor://nunit3testexecutor/" className="AcceptanceTests.Features.ObjectsV2UUIDMetadataFeature" name="RemoveAUUIDMetadataIdStoredInConfig" />
    </UnitTest>
    <UnitTest name="RemoveMembership" storage="c:\a\c-sharp\c-sharp\src\unittests\acceptancetests\bin\debug\net6.0\acceptancetests.dll" id="96ff7052-903d-d61a-0cb2-cdee63831172">
      <Execution id="71a42b0d-8a7b-4dac-b4eb-f8faf2463a1d" />
      <TestMethod codeBase="C:\a\c-sharp\c-sharp\src\UnitTests\AcceptanceTests\bin\Debug\net6.0\AcceptanceTests.dll" adapterTypeName="executor://nunit3testexecutor/" className="AcceptanceTests.Features.ObjectsV2MembershipsFeature" name="RemoveMembership" />
    </UnitTest>
    <UnitTest name="StreamDataEncryptedWithLegacyAES_CBCCryptorIsDecryptableWithLegacyImplementation(&quot;pubnubenigma&quot;,&quot;random&quot;,&quot;file.jpg&quot;,null)" storage="c:\a\c-sharp\c-sharp\src\unittests\acceptancetests\bin\debug\net6.0\acceptancetests.dll" id="bf64e30a-5c5e-95e0-c813-0cfcc293de1e">
      <Execution id="6db20796-e4cf-4973-b522-29d4fc595125" />
      <TestMethod codeBase="C:\a\c-sharp\c-sharp\src\UnitTests\AcceptanceTests\bin\Debug\net6.0\AcceptanceTests.dll" adapterTypeName="executor://nunit3testexecutor/" className="AcceptanceTests.Features.Encryption.CryptoModuleFeature" name="StreamDataEncryptedWithLegacyAES_CBCCryptorIsDecryptableWithLegacyImplementation(&quot;pubnubenigma&quot;,&quot;random&quot;,&quot;file.jpg&quot;,null)" />
    </UnitTest>
    <UnitTest name="AES_CBCCryptorDataHeaderCanBeProcessed(&quot;pubnubenigma&quot;,&quot;file-legacy-civ.jpg&quot;,&quot;unknown cryptor error&quot;,null)" storage="c:\a\c-sharp\c-sharp\src\unittests\acceptancetests\bin\debug\net6.0\acceptancetests.dll" id="7f798889-8174-9314-5795-cf39887a4d5e">
      <Execution id="e1f1ac95-9490-4970-b5c4-33177174af8a" />
      <TestMethod codeBase="C:\a\c-sharp\c-sharp\src\UnitTests\AcceptanceTests\bin\Debug\net6.0\AcceptanceTests.dll" adapterTypeName="executor://nunit3testexecutor/" className="AcceptanceTests.Features.Encryption.CryptoModuleFeature" name="AES_CBCCryptorDataHeaderCanBeProcessed(&quot;pubnubenigma&quot;,&quot;file-legacy-civ.jpg&quot;,&quot;unknown cryptor error&quot;,null)" />
    </UnitTest>
    <UnitTest name="AttemptToGrantAnAccessTokenWhenTtlProvidedExceedsTheMaxTtlConfiguredUseDefaultMax43200ForTheTest" storage="c:\a\c-sharp\c-sharp\src\unittests\acceptancetests\bin\debug\net6.0\acceptancetests.dll" id="17537441-5c46-b29c-7a15-7f733fa6a240">
      <Execution id="3c06c33b-d10a-4e9f-b2cf-47c6398e0c73" />
      <TestMethod codeBase="C:\a\c-sharp\c-sharp\src\UnitTests\AcceptanceTests\bin\Debug\net6.0\AcceptanceTests.dll" adapterTypeName="executor://nunit3testexecutor/" className="AcceptanceTests.Features.GrantAnAccessTokenFeature" name="AttemptToGrantAnAccessTokenWhenTtlProvidedExceedsTheMaxTtlConfiguredUseDefaultMax43200ForTheTest" />
    </UnitTest>
    <UnitTest name="AttemptToGrantAnAccessTokenWithAllPermissionsEmptyOrFalseAndExpectAServerError" storage="c:\a\c-sharp\c-sharp\src\unittests\acceptancetests\bin\debug\net6.0\acceptancetests.dll" id="446be40b-3f39-dc72-f797-9a3aa2aac484">
      <Execution id="14c942f0-548b-4542-b74a-e12fcaf89adb" />
      <TestMethod codeBase="C:\a\c-sharp\c-sharp\src\UnitTests\AcceptanceTests\bin\Debug\net6.0\AcceptanceTests.dll" adapterTypeName="executor://nunit3testexecutor/" className="AcceptanceTests.Features.GrantAnAccessTokenFeature" name="AttemptToGrantAnAccessTokenWithAllPermissionsEmptyOrFalseAndExpectAServerError" />
    </UnitTest>
    <UnitTest name="EmptyDataDecryptionShouldFail(&quot;legacy&quot;,&quot;pubnubenigma&quot;,&quot;random&quot;,&quot;empty-file-cryptor-legacy-riv.txt&quot;,null)" storage="c:\a\c-sharp\c-sharp\src\unittests\acceptancetests\bin\debug\net6.0\acceptancetests.dll" id="0f851786-a6db-a75b-11ec-b9549b68d0b8">
      <Execution id="168604d0-8a3d-42c9-8d83-d9cb86e7dae9" />
      <TestMethod codeBase="C:\a\c-sharp\c-sharp\src\UnitTests\AcceptanceTests\bin\Debug\net6.0\AcceptanceTests.dll" adapterTypeName="executor://nunit3testexecutor/" className="AcceptanceTests.Features.Encryption.CryptoModuleFeature" name="EmptyDataDecryptionShouldFail(&quot;legacy&quot;,&quot;pubnubenigma&quot;,&quot;random&quot;,&quot;empty-file-cryptor-legacy-riv.txt&quot;,null)" />
    </UnitTest>
    <UnitTest name="DataEncryptedWithLegacyAES_CBCCryptorIsDecryptableWithLegacyImplementation(&quot;pubnubenigma&quot;,&quot;constant&quot;,&quot;file.txt&quot;,null)" storage="c:\a\c-sharp\c-sharp\src\unittests\acceptancetests\bin\debug\net6.0\acceptancetests.dll" id="9ac60b24-db33-73cf-3bc9-bbcf0b66ab81">
      <Execution id="070cb46e-fd1b-4d28-8104-d091f49b23d9" />
      <TestMethod codeBase="C:\a\c-sharp\c-sharp\src\UnitTests\AcceptanceTests\bin\Debug\net6.0\AcceptanceTests.dll" adapterTypeName="executor://nunit3testexecutor/" className="AcceptanceTests.Features.Encryption.CryptoModuleFeature" name="DataEncryptedWithLegacyAES_CBCCryptorIsDecryptableWithLegacyImplementation(&quot;pubnubenigma&quot;,&quot;constant&quot;,&quot;file.txt&quot;,null)" />
    </UnitTest>
    <UnitTest name="GetAUUIDWithCustomMetadataIdStoredInConfig" storage="c:\a\c-sharp\c-sharp\src\unittests\acceptancetests\bin\debug\net6.0\acceptancetests.dll" id="78605226-9a65-4701-5dbe-74fd1152b767">
      <Execution id="1192694a-1309-417e-be4f-db1a5fa40f2d" />
      <TestMethod codeBase="C:\a\c-sharp\c-sharp\src\UnitTests\AcceptanceTests\bin\Debug\net6.0\AcceptanceTests.dll" adapterTypeName="executor://nunit3testexecutor/" className="AcceptanceTests.Features.ObjectsV2UUIDMetadataFeature" name="GetAUUIDWithCustomMetadataIdStoredInConfig" />
    </UnitTest>
    <UnitTest name="SuccessfullyRestoreSubscribeWithFailures" storage="c:\a\c-sharp\c-sharp\src\unittests\acceptancetests\bin\debug\net6.0\acceptancetests.dll" id="4f5e4dcd-026e-dbea-14fe-5aa5192c38da">
      <Execution id="75a0a0de-511e-4e5c-8d94-1c80f71fdb8d" />
      <TestMethod codeBase="C:\a\c-sharp\c-sharp\src\UnitTests\AcceptanceTests\bin\Debug\net6.0\AcceptanceTests.dll" adapterTypeName="executor://nunit3testexecutor/" className="AcceptanceTests.Features.Event_Engine.EventEngineFeature" name="SuccessfullyRestoreSubscribeWithFailures" />
    </UnitTest>
    <UnitTest name="CryptorIsAbleToProcessSampleFilesAsBinary(&quot;legacy&quot;,&quot;pubnubenigma&quot;,&quot;constant&quot;,&quot;file-legacy-civ.txt&quot;,&quot;file.txt&quot;,null)" storage="c:\a\c-sharp\c-sharp\src\unittests\acceptancetests\bin\debug\net6.0\acceptancetests.dll" id="13df4a31-1d93-7796-89f0-9bafbf62cf1d">
      <Execution id="8c9373cd-892b-4354-addb-bbd3d9763fd0" />
      <TestMethod codeBase="C:\a\c-sharp\c-sharp\src\UnitTests\AcceptanceTests\bin\Debug\net6.0\AcceptanceTests.dll" adapterTypeName="executor://nunit3testexecutor/" className="AcceptanceTests.Features.Encryption.CryptoModuleFeature" name="CryptorIsAbleToProcessSampleFilesAsBinary(&quot;legacy&quot;,&quot;pubnubenigma&quot;,&quot;constant&quot;,&quot;file-legacy-civ.txt&quot;,&quot;file.txt&quot;,null)" />
    </UnitTest>
    <UnitTest name="EmptyStreamDataDecryptionShouldFail(&quot;legacy&quot;,&quot;pubnubenigma&quot;,&quot;random&quot;,&quot;empty-file-cryptor-legacy-riv.txt&quot;,null)" storage="c:\a\c-sharp\c-sharp\src\unittests\acceptancetests\bin\debug\net6.0\acceptancetests.dll" id="4dab3f58-f834-dddd-fa3d-a0f55f715d14">
      <Execution id="da9fc4b2-cc94-4566-8006-324229d6b39d" />
      <TestMethod codeBase="C:\a\c-sharp\c-sharp\src\UnitTests\AcceptanceTests\bin\Debug\net6.0\AcceptanceTests.dll" adapterTypeName="executor://nunit3testexecutor/" className="AcceptanceTests.Features.Encryption.CryptoModuleFeature" name="EmptyStreamDataDecryptionShouldFail(&quot;legacy&quot;,&quot;pubnubenigma&quot;,&quot;random&quot;,&quot;empty-file-cryptor-legacy-riv.txt&quot;,null)" />
    </UnitTest>
    <UnitTest name="GetAllUUIDMetadata" storage="c:\a\c-sharp\c-sharp\src\unittests\acceptancetests\bin\debug\net6.0\acceptancetests.dll" id="219f8da3-cc63-e002-72df-e2f549e52967">
      <Execution id="af3203b4-830d-4f0f-8386-2c13bb268d8e" />
      <TestMethod codeBase="C:\a\c-sharp\c-sharp\src\UnitTests\AcceptanceTests\bin\Debug\net6.0\AcceptanceTests.dll" adapterTypeName="executor://nunit3testexecutor/" className="AcceptanceTests.Features.ObjectsV2UUIDMetadataFeature" name="GetAllUUIDMetadata" />
    </UnitTest>
    <UnitTest name="GrantAnAccessTokenWithoutAnAuthorizedUuid" storage="c:\a\c-sharp\c-sharp\src\unittests\acceptancetests\bin\debug\net6.0\acceptancetests.dll" id="5e071152-ee43-67c0-dc5d-67a966171b99">
      <Execution id="566b451c-f9a6-49a1-a1d7-3fb545b54d72" />
      <TestMethod codeBase="C:\a\c-sharp\c-sharp\src\UnitTests\AcceptanceTests\bin\Debug\net6.0\AcceptanceTests.dll" adapterTypeName="executor://nunit3testexecutor/" className="AcceptanceTests.Features.GrantAnAccessTokenFeature" name="GrantAnAccessTokenWithoutAnAuthorizedUuid" />
    </UnitTest>
    <UnitTest name="AES_CBCCryptorDataHeaderCanBeProcessed(&quot;pubnubenigma&quot;,&quot;file-cryptor-unknown-acrh.jpg&quot;,&quot;unknown cryptor error&quot;,null)" storage="c:\a\c-sharp\c-sharp\src\unittests\acceptancetests\bin\debug\net6.0\acceptancetests.dll" id="19276ea0-e69e-d8c1-5f86-fbe82fc4defb">
      <Execution id="648ed471-0e74-48c1-90f7-bece5726fee3" />
      <TestMethod codeBase="C:\a\c-sharp\c-sharp\src\UnitTests\AcceptanceTests\bin\Debug\net6.0\AcceptanceTests.dll" adapterTypeName="executor://nunit3testexecutor/" className="AcceptanceTests.Features.Encryption.CryptoModuleFeature" name="AES_CBCCryptorDataHeaderCanBeProcessed(&quot;pubnubenigma&quot;,&quot;file-cryptor-unknown-acrh.jpg&quot;,&quot;unknown cryptor error&quot;,null)" />
    </UnitTest>
    <UnitTest name="CryptorIsAbleToProcessSampleFilesAsStream(&quot;acrh&quot;,&quot;pubnubenigma&quot;,&quot;-&quot;,&quot;file-cryptor-v1-acrh.jpg&quot;,&quot;file.jpg&quot;,null)" storage="c:\a\c-sharp\c-sharp\src\unittests\acceptancetests\bin\debug\net6.0\acceptancetests.dll" id="68a689f7-c4a6-51dd-490d-8e5b965feb8a">
      <Execution id="76a3ba1d-cd81-4157-ab0b-e790d40bcb0a" />
      <TestMethod codeBase="C:\a\c-sharp\c-sharp\src\UnitTests\AcceptanceTests\bin\Debug\net6.0\AcceptanceTests.dll" adapterTypeName="executor://nunit3testexecutor/" className="AcceptanceTests.Features.Encryption.CryptoModuleFeature" name="CryptorIsAbleToProcessSampleFilesAsStream(&quot;acrh&quot;,&quot;pubnubenigma&quot;,&quot;-&quot;,&quot;file-cryptor-v1-acrh.jpg&quot;,&quot;file.jpg&quot;,null)" />
    </UnitTest>
    <UnitTest name="RemoveAChannelMetadataForId" storage="c:\a\c-sharp\c-sharp\src\unittests\acceptancetests\bin\debug\net6.0\acceptancetests.dll" id="be8b1c28-897b-72b1-79de-44eed3d3394f">
      <Execution id="07a49559-43f2-41a3-86e9-85d3592174c1" />
      <TestMethod codeBase="C:\a\c-sharp\c-sharp\src\UnitTests\AcceptanceTests\bin\Debug\net6.0\AcceptanceTests.dll" adapterTypeName="executor://nunit3testexecutor/" className="AcceptanceTests.Features.ObjectsV2ChannelMetadataFeature" name="RemoveAChannelMetadataForId" />
    </UnitTest>
    <UnitTest name="AES_CBCCryptorDataHeaderCanBeProcessed(&quot;pubnubenigma&quot;,&quot;file-cryptor-v1-short.txt&quot;,&quot;decryption error&quot;,null)" storage="c:\a\c-sharp\c-sharp\src\unittests\acceptancetests\bin\debug\net6.0\acceptancetests.dll" id="d871c596-d51c-32a3-d78a-f9b6ed7868a8">
      <Execution id="61ce0dad-b90a-47f9-954f-f80e83ce9284" />
      <TestMethod codeBase="C:\a\c-sharp\c-sharp\src\UnitTests\AcceptanceTests\bin\Debug\net6.0\AcceptanceTests.dll" adapterTypeName="executor://nunit3testexecutor/" className="AcceptanceTests.Features.Encryption.CryptoModuleFeature" name="AES_CBCCryptorDataHeaderCanBeProcessed(&quot;pubnubenigma&quot;,&quot;file-cryptor-v1-short.txt&quot;,&quot;decryption error&quot;,null)" />
    </UnitTest>
    <UnitTest name="EmptyStreamDataDecryptionShouldFail(&quot;legacy&quot;,&quot;pubnubenigma&quot;,&quot;constant&quot;,&quot;empty-file.txt&quot;,null)" storage="c:\a\c-sharp\c-sharp\src\unittests\acceptancetests\bin\debug\net6.0\acceptancetests.dll" id="bc8c5e9c-4b5f-8534-047c-bc0ab7c6f555">
      <Execution id="00141986-16a9-4f41-b273-19e2f6528f4a" />
      <TestMethod codeBase="C:\a\c-sharp\c-sharp\src\UnitTests\AcceptanceTests\bin\Debug\net6.0\AcceptanceTests.dll" adapterTypeName="executor://nunit3testexecutor/" className="AcceptanceTests.Features.Encryption.CryptoModuleFeature" name="EmptyStreamDataDecryptionShouldFail(&quot;legacy&quot;,&quot;pubnubenigma&quot;,&quot;constant&quot;,&quot;empty-file.txt&quot;,null)" />
    </UnitTest>
    <UnitTest name="EmptyStreamDataEncryptionShouldFail(&quot;legacy&quot;,&quot;pubnubenigma&quot;,&quot;random&quot;,null)" storage="c:\a\c-sharp\c-sharp\src\unittests\acceptancetests\bin\debug\net6.0\acceptancetests.dll" id="cddd27ac-7387-0391-36be-b1b706556ac6">
      <Execution id="d4a895f9-1116-42ab-b5f1-ce9ca83227fa" />
      <TestMethod codeBase="C:\a\c-sharp\c-sharp\src\UnitTests\AcceptanceTests\bin\Debug\net6.0\AcceptanceTests.dll" adapterTypeName="executor://nunit3testexecutor/" className="AcceptanceTests.Features.Encryption.CryptoModuleFeature" name="EmptyStreamDataEncryptionShouldFail(&quot;legacy&quot;,&quot;pubnubenigma&quot;,&quot;random&quot;,null)" />
    </UnitTest>
    <UnitTest name="SuccessfullyReceiveMessages" storage="c:\a\c-sharp\c-sharp\src\unittests\acceptancetests\bin\debug\net6.0\acceptancetests.dll" id="be80e17e-abe8-75e0-46d0-fbe19949d37d">
      <Execution id="bcd36c4a-9d00-4ab4-be67-025753608739" />
      <TestMethod codeBase="C:\a\c-sharp\c-sharp\src\UnitTests\AcceptanceTests\bin\Debug\net6.0\AcceptanceTests.dll" adapterTypeName="executor://nunit3testexecutor/" className="AcceptanceTests.Features.Event_Engine.EventEngineFeature" name="SuccessfullyReceiveMessages" />
    </UnitTest>
    <UnitTest name="EmptyDataDecryptionShouldFail(&quot;acrh&quot;,&quot;pubnubenigma&quot;,&quot;-&quot;,&quot;empty-file.txt&quot;,null)" storage="c:\a\c-sharp\c-sharp\src\unittests\acceptancetests\bin\debug\net6.0\acceptancetests.dll" id="9d9c0b4d-df8d-d917-f4fe-624101bd0d52">
      <Execution id="5b62703b-7d4b-4891-a4e3-b28976900071" />
      <TestMethod codeBase="C:\a\c-sharp\c-sharp\src\UnitTests\AcceptanceTests\bin\Debug\net6.0\AcceptanceTests.dll" adapterTypeName="executor://nunit3testexecutor/" className="AcceptanceTests.Features.Encryption.CryptoModuleFeature" name="EmptyDataDecryptionShouldFail(&quot;acrh&quot;,&quot;pubnubenigma&quot;,&quot;-&quot;,&quot;empty-file.txt&quot;,null)" />
    </UnitTest>
    <UnitTest name="SetAChannelMetadata" storage="c:\a\c-sharp\c-sharp\src\unittests\acceptancetests\bin\debug\net6.0\acceptancetests.dll" id="947b833a-a96c-d64f-e9e3-0beaa935d4d5">
      <Execution id="1fbf3a21-4b0f-4ee3-82c4-d9dc0dd44db1" />
      <TestMethod codeBase="C:\a\c-sharp\c-sharp\src\UnitTests\AcceptanceTests\bin\Debug\net6.0\AcceptanceTests.dll" adapterTypeName="executor://nunit3testexecutor/" className="AcceptanceTests.Features.ObjectsV2ChannelMetadataFeature" name="SetAChannelMetadata" />
    </UnitTest>
    <UnitTest name="GetAChannelWithCustomMetadata" storage="c:\a\c-sharp\c-sharp\src\unittests\acceptancetests\bin\debug\net6.0\acceptancetests.dll" id="8a1c2bbd-f61b-135c-270f-157e7106103a">
      <Execution id="45d33121-344c-45e4-88c4-fe8cce50bdb6" />
      <TestMethod codeBase="C:\a\c-sharp\c-sharp\src\UnitTests\AcceptanceTests\bin\Debug\net6.0\AcceptanceTests.dll" adapterTypeName="executor://nunit3testexecutor/" className="AcceptanceTests.Features.ObjectsV2ChannelMetadataFeature" name="GetAChannelWithCustomMetadata" />
    </UnitTest>
    <UnitTest name="CryptorIsAbleToProcessSampleFilesAsBinary(&quot;legacy&quot;,&quot;pubnubenigma&quot;,&quot;constant&quot;,&quot;file-cryptor-legacy-civ.jpg&quot;,&quot;file.jpg&quot;,null)" storage="c:\a\c-sharp\c-sharp\src\unittests\acceptancetests\bin\debug\net6.0\acceptancetests.dll" id="040fb33d-7655-40ce-1cff-6bcf94c5cc47">
      <Execution id="5908122d-786b-4555-b7e4-6e2a768478a0" />
      <TestMethod codeBase="C:\a\c-sharp\c-sharp\src\UnitTests\AcceptanceTests\bin\Debug\net6.0\AcceptanceTests.dll" adapterTypeName="executor://nunit3testexecutor/" className="AcceptanceTests.Features.Encryption.CryptoModuleFeature" name="CryptorIsAbleToProcessSampleFilesAsBinary(&quot;legacy&quot;,&quot;pubnubenigma&quot;,&quot;constant&quot;,&quot;file-cryptor-legacy-civ.jpg&quot;,&quot;file.jpg&quot;,null)" />
    </UnitTest>
    <UnitTest name="StreamDataEncryptedWithLegacyAES_CBCCryptorIsDecryptableWithLegacyImplementation(&quot;pubnubenigma&quot;,&quot;random&quot;,&quot;file.txt&quot;,null)" storage="c:\a\c-sharp\c-sharp\src\unittests\acceptancetests\bin\debug\net6.0\acceptancetests.dll" id="ea054fa2-926d-1779-cc57-db94ba1a4d6a">
      <Execution id="0050884f-fafd-4cce-971b-d10e0e367af4" />
      <TestMethod codeBase="C:\a\c-sharp\c-sharp\src\UnitTests\AcceptanceTests\bin\Debug\net6.0\AcceptanceTests.dll" adapterTypeName="executor://nunit3testexecutor/" className="AcceptanceTests.Features.Encryption.CryptoModuleFeature" name="StreamDataEncryptedWithLegacyAES_CBCCryptorIsDecryptableWithLegacyImplementation(&quot;pubnubenigma&quot;,&quot;random&quot;,&quot;file.txt&quot;,null)" />
    </UnitTest>
    <UnitTest name="EmptyDataEncryptionShouldFail(&quot;acrh&quot;,&quot;pubnubenigma&quot;,&quot;-&quot;,null)" storage="c:\a\c-sharp\c-sharp\src\unittests\acceptancetests\bin\debug\net6.0\acceptancetests.dll" id="2c1e01dd-81d9-12dc-ec1f-005830932e89">
      <Execution id="545d9888-1100-4c78-9366-1a7da6ea338b" />
      <TestMethod codeBase="C:\a\c-sharp\c-sharp\src\UnitTests\AcceptanceTests\bin\Debug\net6.0\AcceptanceTests.dll" adapterTypeName="executor://nunit3testexecutor/" className="AcceptanceTests.Features.Encryption.CryptoModuleFeature" name="EmptyDataEncryptionShouldFail(&quot;acrh&quot;,&quot;pubnubenigma&quot;,&quot;-&quot;,null)" />
    </UnitTest>
    <UnitTest name="SuccessfullyJoinedAFewChannelsWithPresence" storage="c:\a\c-sharp\c-sharp\src\unittests\acceptancetests\bin\debug\net6.0\acceptancetests.dll" id="96d493fa-312d-9ae2-5c5a-5d6187729524">
      <Execution id="d1057b09-9658-4ab9-a284-9974664650df" />
      <TestMethod codeBase="C:\a\c-sharp\c-sharp\src\UnitTests\AcceptanceTests\bin\Debug\net6.0\AcceptanceTests.dll" adapterTypeName="executor://nunit3testexecutor/" className="AcceptanceTests.Features.Event_Engine.PresenceEventEngineFeature" name="SuccessfullyJoinedAFewChannelsWithPresence" />
    </UnitTest>
    <UnitTest name="SuccessfullyJoinedAFewChannels" storage="c:\a\c-sharp\c-sharp\src\unittests\acceptancetests\bin\debug\net6.0\acceptancetests.dll" id="4a51fa6c-5b4f-6c50-4ded-2a50ec351293">
      <Execution id="4772b925-c621-404e-b7ae-3d0505fd468c" />
      <TestMethod codeBase="C:\a\c-sharp\c-sharp\src\UnitTests\AcceptanceTests\bin\Debug\net6.0\AcceptanceTests.dll" adapterTypeName="executor://nunit3testexecutor/" className="AcceptanceTests.Features.Event_Engine.PresenceEventEngineFeature" name="SuccessfullyJoinedAFewChannels" />
    </UnitTest>
    <UnitTest name="GetMembershipsForUUIDWithCustomAndChannelCustom" storage="c:\a\c-sharp\c-sharp\src\unittests\acceptancetests\bin\debug\net6.0\acceptancetests.dll" id="7acf7525-aaca-a5f2-7032-491d9caf1cf8">
      <Execution id="654c39ca-a4b8-40b3-bac1-b140afa660f1" />
      <TestMethod codeBase="C:\a\c-sharp\c-sharp\src\UnitTests\AcceptanceTests\bin\Debug\net6.0\AcceptanceTests.dll" adapterTypeName="executor://nunit3testexecutor/" className="AcceptanceTests.Features.ObjectsV2MembershipsFeature" name="GetMembershipsForUUIDWithCustomAndChannelCustom" />
    </UnitTest>
    <UnitTest name="AttemptToGrantAnAccessTokenWithARegularExpressionContainingCapturingGroupsAndExpectAServerError" storage="c:\a\c-sharp\c-sharp\src\unittests\acceptancetests\bin\debug\net6.0\acceptancetests.dll" id="0992672a-4884-80d0-5142-7d4a75036ed9">
      <Execution id="fa2d5c28-3cb8-47e0-b22d-30f2bd32f93e" />
      <TestMethod codeBase="C:\a\c-sharp\c-sharp\src\UnitTests\AcceptanceTests\bin\Debug\net6.0\AcceptanceTests.dll" adapterTypeName="executor://nunit3testexecutor/" className="AcceptanceTests.Features.GrantAnAccessTokenFeature" name="AttemptToGrantAnAccessTokenWithARegularExpressionContainingCapturingGroupsAndExpectAServerError" />
    </UnitTest>
    <UnitTest name="GetAUUIDMetadataForId" storage="c:\a\c-sharp\c-sharp\src\unittests\acceptancetests\bin\debug\net6.0\acceptancetests.dll" id="d717777f-cd83-a14f-a06e-85ad7a167630">
      <Execution id="dc707577-2032-433d-8622-7acc9cf2ef68" />
      <TestMethod codeBase="C:\a\c-sharp\c-sharp\src\UnitTests\AcceptanceTests\bin\Debug\net6.0\AcceptanceTests.dll" adapterTypeName="executor://nunit3testexecutor/" className="AcceptanceTests.Features.ObjectsV2UUIDMetadataFeature" name="GetAUUIDMetadataForId" />
    </UnitTest>
    <UnitTest name="AES_CBCCryptorDataHeaderCanBeProcessed(&quot;pubnubenigma&quot;,&quot;empty-file-cryptor-v1-acrh.txt&quot;,&quot;decryption error&quot;,null)" storage="c:\a\c-sharp\c-sharp\src\unittests\acceptancetests\bin\debug\net6.0\acceptancetests.dll" id="42ca667a-a020-f899-567b-164563a5f68c">
      <Execution id="f1bcf898-8647-4df3-ab49-3220adc33843" />
      <TestMethod codeBase="C:\a\c-sharp\c-sharp\src\UnitTests\AcceptanceTests\bin\Debug\net6.0\AcceptanceTests.dll" adapterTypeName="executor://nunit3testexecutor/" className="AcceptanceTests.Features.Encryption.CryptoModuleFeature" name="AES_CBCCryptorDataHeaderCanBeProcessed(&quot;pubnubenigma&quot;,&quot;empty-file-cryptor-v1-acrh.txt&quot;,&quot;decryption error&quot;,null)" />
    </UnitTest>
    <UnitTest name="RevokeExistingValidToken" storage="c:\a\c-sharp\c-sharp\src\unittests\acceptancetests\bin\debug\net6.0\acceptancetests.dll" id="9e948d14-1697-7020-7d46-e7d0ab1a839a">
      <Execution id="42f6f199-3cbb-445d-a836-84c86f959866" />
      <TestMethod codeBase="C:\a\c-sharp\c-sharp\src\UnitTests\AcceptanceTests\bin\Debug\net6.0\AcceptanceTests.dll" adapterTypeName="executor://nunit3testexecutor/" className="AcceptanceTests.Features.RevokeAnAccessTokenFeature" name="RevokeExistingValidToken" />
    </UnitTest>
    <UnitTest name="EmptyDataDecryptionShouldFail(&quot;legacy&quot;,&quot;pubnubenigma&quot;,&quot;constant&quot;,&quot;empty-file.txt&quot;,null)" storage="c:\a\c-sharp\c-sharp\src\unittests\acceptancetests\bin\debug\net6.0\acceptancetests.dll" id="50604149-da7b-7eb8-2563-57d2dd368452">
      <Execution id="73f95f47-2fa9-470a-a771-36d072d97545" />
      <TestMethod codeBase="C:\a\c-sharp\c-sharp\src\UnitTests\AcceptanceTests\bin\Debug\net6.0\AcceptanceTests.dll" adapterTypeName="executor://nunit3testexecutor/" className="AcceptanceTests.Features.Encryption.CryptoModuleFeature" name="EmptyDataDecryptionShouldFail(&quot;legacy&quot;,&quot;pubnubenigma&quot;,&quot;constant&quot;,&quot;empty-file.txt&quot;,null)" />
    </UnitTest>
    <UnitTest name="GetMembershipsForUUID" storage="c:\a\c-sharp\c-sharp\src\unittests\acceptancetests\bin\debug\net6.0\acceptancetests.dll" id="10a87c1f-7e7a-0e53-402e-aefcc00a21da">
      <Execution id="6aaed411-2046-4762-9619-797bff7e8201" />
      <TestMethod codeBase="C:\a\c-sharp\c-sharp\src\UnitTests\AcceptanceTests\bin\Debug\net6.0\AcceptanceTests.dll" adapterTypeName="executor://nunit3testexecutor/" className="AcceptanceTests.Features.ObjectsV2MembershipsFeature" name="GetMembershipsForUUID" />
    </UnitTest>
    <UnitTest name="GetAllUUIDMetadataWithCustom" storage="c:\a\c-sharp\c-sharp\src\unittests\acceptancetests\bin\debug\net6.0\acceptancetests.dll" id="23b61850-f73c-f5eb-17ca-9aaba5f44c54">
      <Execution id="55c54297-ea0c-424d-bc21-db87a1cee463" />
      <TestMethod codeBase="C:\a\c-sharp\c-sharp\src\UnitTests\AcceptanceTests\bin\Debug\net6.0\AcceptanceTests.dll" adapterTypeName="executor://nunit3testexecutor/" className="AcceptanceTests.Features.ObjectsV2UUIDMetadataFeature" name="GetAllUUIDMetadataWithCustom" />
    </UnitTest>
    <UnitTest name="SetAUUIDMetadata" storage="c:\a\c-sharp\c-sharp\src\unittests\acceptancetests\bin\debug\net6.0\acceptancetests.dll" id="5a108f95-d949-be1c-ba70-794e5a89cb2c">
      <Execution id="313875ad-0186-4089-bd10-d52d03e08cfa" />
      <TestMethod codeBase="C:\a\c-sharp\c-sharp\src\UnitTests\AcceptanceTests\bin\Debug\net6.0\AcceptanceTests.dll" adapterTypeName="executor://nunit3testexecutor/" className="AcceptanceTests.Features.ObjectsV2UUIDMetadataFeature" name="SetAUUIDMetadata" />
    </UnitTest>
    <UnitTest name="EmptyDataEncryptionShouldFail(&quot;legacy&quot;,&quot;pubnubenigma&quot;,&quot;constant&quot;,null)" storage="c:\a\c-sharp\c-sharp\src\unittests\acceptancetests\bin\debug\net6.0\acceptancetests.dll" id="02e294ba-02db-f21e-dc59-8e7c9444841f">
      <Execution id="0b4775b8-c615-428c-b2a5-d04f407efb7f" />
      <TestMethod codeBase="C:\a\c-sharp\c-sharp\src\UnitTests\AcceptanceTests\bin\Debug\net6.0\AcceptanceTests.dll" adapterTypeName="executor://nunit3testexecutor/" className="AcceptanceTests.Features.Encryption.CryptoModuleFeature" name="EmptyDataEncryptionShouldFail(&quot;legacy&quot;,&quot;pubnubenigma&quot;,&quot;constant&quot;,null)" />
    </UnitTest>
    <UnitTest name="AttemptToGrantAnAccessTokenWithARegularExpressionContainingASyntaxErrorAndExpectAServerError" storage="c:\a\c-sharp\c-sharp\src\unittests\acceptancetests\bin\debug\net6.0\acceptancetests.dll" id="238d7046-3682-e357-765d-2a21c813602e">
      <Execution id="d0ad6316-19b0-454e-a62e-8585a7fda3c2" />
      <TestMethod codeBase="C:\a\c-sharp\c-sharp\src\UnitTests\AcceptanceTests\bin\Debug\net6.0\AcceptanceTests.dll" adapterTypeName="executor://nunit3testexecutor/" className="AcceptanceTests.Features.GrantAnAccessTokenFeature" name="AttemptToGrantAnAccessTokenWithARegularExpressionContainingASyntaxErrorAndExpectAServerError" />
    </UnitTest>
    <UnitTest name="CryptorIsAbleToProcessSampleFilesAsStream(&quot;legacy&quot;,&quot;pubnubenigma&quot;,&quot;random&quot;,&quot;file-legacy-riv.jpg&quot;,&quot;file.jpg&quot;,null)" storage="c:\a\c-sharp\c-sharp\src\unittests\acceptancetests\bin\debug\net6.0\acceptancetests.dll" id="3b96f760-7a4a-da94-3ca5-8f27e0604482">
      <Execution id="28f43049-ec70-4f24-a48d-51f6c2bceeba" />
      <TestMethod codeBase="C:\a\c-sharp\c-sharp\src\UnitTests\AcceptanceTests\bin\Debug\net6.0\AcceptanceTests.dll" adapterTypeName="executor://nunit3testexecutor/" className="AcceptanceTests.Features.Encryption.CryptoModuleFeature" name="CryptorIsAbleToProcessSampleFilesAsStream(&quot;legacy&quot;,&quot;pubnubenigma&quot;,&quot;random&quot;,&quot;file-legacy-riv.jpg&quot;,&quot;file.jpg&quot;,null)" />
    </UnitTest>
    <UnitTest name="EmptyStreamDataEncryptionShouldFail(&quot;legacy&quot;,&quot;pubnubenigma&quot;,&quot;constant&quot;,null)" storage="c:\a\c-sharp\c-sharp\src\unittests\acceptancetests\bin\debug\net6.0\acceptancetests.dll" id="5ef88e91-8d77-e81e-f266-0337c81fc15e">
      <Execution id="3a7d3806-0eeb-4186-9c38-f9136c85a5ec" />
      <TestMethod codeBase="C:\a\c-sharp\c-sharp\src\UnitTests\AcceptanceTests\bin\Debug\net6.0\AcceptanceTests.dll" adapterTypeName="executor://nunit3testexecutor/" className="AcceptanceTests.Features.Encryption.CryptoModuleFeature" name="EmptyStreamDataEncryptionShouldFail(&quot;legacy&quot;,&quot;pubnubenigma&quot;,&quot;constant&quot;,null)" />
    </UnitTest>
    <UnitTest name="GetMembersForVipChatChannelWithCustomAndUUIDWithCustom" storage="c:\a\c-sharp\c-sharp\src\unittests\acceptancetests\bin\debug\net6.0\acceptancetests.dll" id="70fed881-ff3d-cf01-fc50-eec23bec4b15">
      <Execution id="7e29637d-84cd-4ae9-a886-e1ee18d3ef86" />
      <TestMethod codeBase="C:\a\c-sharp\c-sharp\src\UnitTests\AcceptanceTests\bin\Debug\net6.0\AcceptanceTests.dll" adapterTypeName="executor://nunit3testexecutor/" className="AcceptanceTests.Features.ObjectsV2MembersFeature" name="GetMembersForVipChatChannelWithCustomAndUUIDWithCustom" />
    </UnitTest>
    <UnitTest name="SuccessfullyRestoreSubscribe" storage="c:\a\c-sharp\c-sharp\src\unittests\acceptancetests\bin\debug\net6.0\acceptancetests.dll" id="f753e1e9-3215-7499-f9d3-03db6fd8fec6">
      <Execution id="2d66cf63-0d84-4b43-8e1a-dcb5cf20a618" />
      <TestMethod codeBase="C:\a\c-sharp\c-sharp\src\UnitTests\AcceptanceTests\bin\Debug\net6.0\AcceptanceTests.dll" adapterTypeName="executor://nunit3testexecutor/" className="AcceptanceTests.Features.Event_Engine.EventEngineFeature" name="SuccessfullyRestoreSubscribe" />
    </UnitTest>
    <UnitTest name="EmptyStreamDataEncryptionShouldFail(&quot;acrh&quot;,&quot;pubnubenigma&quot;,&quot;-&quot;,null)" storage="c:\a\c-sharp\c-sharp\src\unittests\acceptancetests\bin\debug\net6.0\acceptancetests.dll" id="984e3d49-4d22-c80b-52c3-19191f62fda7">
      <Execution id="a53c509a-5be9-4ba0-8847-abc552e402ab" />
      <TestMethod codeBase="C:\a\c-sharp\c-sharp\src\UnitTests\AcceptanceTests\bin\Debug\net6.0\AcceptanceTests.dll" adapterTypeName="executor://nunit3testexecutor/" className="AcceptanceTests.Features.Encryption.CryptoModuleFeature" name="EmptyStreamDataEncryptionShouldFail(&quot;acrh&quot;,&quot;pubnubenigma&quot;,&quot;-&quot;,null)" />
    </UnitTest>
    <UnitTest name="EmptyStreamDataDecryptionShouldFail(&quot;legacy&quot;,&quot;pubnubenigma&quot;,&quot;random&quot;,&quot;empty-file.txt&quot;,null)" storage="c:\a\c-sharp\c-sharp\src\unittests\acceptancetests\bin\debug\net6.0\acceptancetests.dll" id="d5ad5871-c66b-34c9-1371-544f7c37d8f6">
      <Execution id="a1f69d5c-2410-4138-bcd0-e8889cb74788" />
      <TestMethod codeBase="C:\a\c-sharp\c-sharp\src\UnitTests\AcceptanceTests\bin\Debug\net6.0\AcceptanceTests.dll" adapterTypeName="executor://nunit3testexecutor/" className="AcceptanceTests.Features.Encryption.CryptoModuleFeature" name="EmptyStreamDataDecryptionShouldFail(&quot;legacy&quot;,&quot;pubnubenigma&quot;,&quot;random&quot;,&quot;empty-file.txt&quot;,null)" />
    </UnitTest>
    <UnitTest name="GetAllChannelMetadata" storage="c:\a\c-sharp\c-sharp\src\unittests\acceptancetests\bin\debug\net6.0\acceptancetests.dll" id="0c1a37b6-b16e-3d65-7b38-756d59a051b1">
      <Execution id="37ed04ed-b388-4db4-92a9-974dc1abc576" />
      <TestMethod codeBase="C:\a\c-sharp\c-sharp\src\UnitTests\AcceptanceTests\bin\Debug\net6.0\AcceptanceTests.dll" adapterTypeName="executor://nunit3testexecutor/" className="AcceptanceTests.Features.ObjectsV2ChannelMetadataFeature" name="GetAllChannelMetadata" />
    </UnitTest>
    <UnitTest name="SetMembershipForCurrentUser" storage="c:\a\c-sharp\c-sharp\src\unittests\acceptancetests\bin\debug\net6.0\acceptancetests.dll" id="1f73b5a1-d21f-1feb-a5dc-31aa30bfbe2c">
      <Execution id="2eec4580-3967-4d41-b916-c9a5ae89acac" />
      <TestMethod codeBase="C:\a\c-sharp\c-sharp\src\UnitTests\AcceptanceTests\bin\Debug\net6.0\AcceptanceTests.dll" adapterTypeName="executor://nunit3testexecutor/" className="AcceptanceTests.Features.ObjectsV2MembershipsFeature" name="SetMembershipForCurrentUser" />
    </UnitTest>
    <UnitTest name="EmptyStreamDataDecryptionShouldFail(&quot;acrh&quot;,&quot;pubnubenigma&quot;,&quot;-&quot;,&quot;empty-file.txt&quot;,null)" storage="c:\a\c-sharp\c-sharp\src\unittests\acceptancetests\bin\debug\net6.0\acceptancetests.dll" id="19c50b46-2552-1ee8-9a15-6db5bb83fc13">
      <Execution id="56892f0f-6926-406f-88e7-c1bc4b56529d" />
      <TestMethod codeBase="C:\a\c-sharp\c-sharp\src\UnitTests\AcceptanceTests\bin\Debug\net6.0\AcceptanceTests.dll" adapterTypeName="executor://nunit3testexecutor/" className="AcceptanceTests.Features.Encryption.CryptoModuleFeature" name="EmptyStreamDataDecryptionShouldFail(&quot;acrh&quot;,&quot;pubnubenigma&quot;,&quot;-&quot;,&quot;empty-file.txt&quot;,null)" />
    </UnitTest>
    <UnitTest name="AES_CBCCryptorDataHeaderCanBeProcessed(&quot;pubnubenigma&quot;,&quot;file-cryptor-no-version.txt&quot;,&quot;decryption error&quot;,null)" storage="c:\a\c-sharp\c-sharp\src\unittests\acceptancetests\bin\debug\net6.0\acceptancetests.dll" id="60e5b02d-603e-8172-2213-6ea7fd0250af">
      <Execution id="d19ddd54-2d2a-454c-aed0-8c9363e71065" />
      <TestMethod codeBase="C:\a\c-sharp\c-sharp\src\UnitTests\AcceptanceTests\bin\Debug\net6.0\AcceptanceTests.dll" adapterTypeName="executor://nunit3testexecutor/" className="AcceptanceTests.Features.Encryption.CryptoModuleFeature" name="AES_CBCCryptorDataHeaderCanBeProcessed(&quot;pubnubenigma&quot;,&quot;file-cryptor-no-version.txt&quot;,&quot;decryption error&quot;,null)" />
    </UnitTest>
    <UnitTest name="CryptoModuleCanHandleEncryptedDataFromDifferentCryptors(&quot;acrh&quot;,&quot;legacy&quot;,&quot;pubnubenigma&quot;,&quot;random&quot;,&quot;file-legacy-riv.jpg&quot;,&quot;file.jpg&quot;,null)" storage="c:\a\c-sharp\c-sharp\src\unittests\acceptancetests\bin\debug\net6.0\acceptancetests.dll" id="31dac960-539b-5857-5a33-455fe8d5a38f">
      <Execution id="2a130b32-f0f3-4c02-a9f6-58d020fb97d3" />
      <TestMethod codeBase="C:\a\c-sharp\c-sharp\src\UnitTests\AcceptanceTests\bin\Debug\net6.0\AcceptanceTests.dll" adapterTypeName="executor://nunit3testexecutor/" className="AcceptanceTests.Features.Encryption.CryptoModuleFeature" name="CryptoModuleCanHandleEncryptedDataFromDifferentCryptors(&quot;acrh&quot;,&quot;legacy&quot;,&quot;pubnubenigma&quot;,&quot;random&quot;,&quot;file-legacy-riv.jpg&quot;,&quot;file.jpg&quot;,null)" />
    </UnitTest>
  </TestDefinitions>
  <TestEntries>
    <TestEntry testId="cddd27ac-7387-0391-36be-b1b706556ac6" executionId="d4a895f9-1116-42ab-b5f1-ce9ca83227fa" testListId="8c84fa94-04c1-424b-9868-57a2d4851a1d" />
    <TestEntry testId="96d493fa-312d-9ae2-5c5a-5d6187729524" executionId="d1057b09-9658-4ab9-a284-9974664650df" testListId="8c84fa94-04c1-424b-9868-57a2d4851a1d" />
    <TestEntry testId="5a108f95-d949-be1c-ba70-794e5a89cb2c" executionId="313875ad-0186-4089-bd10-d52d03e08cfa" testListId="8c84fa94-04c1-424b-9868-57a2d4851a1d" />
    <TestEntry testId="b2c9c319-05d3-858f-ecdb-c785279a33e5" executionId="c0a2278c-2697-4f80-b116-2c723739ac92" testListId="8c84fa94-04c1-424b-9868-57a2d4851a1d" />
    <TestEntry testId="d533b002-ecc8-a6e4-0a55-5406f8886899" executionId="a1dc896f-427e-421c-a526-497c74d05453" testListId="8c84fa94-04c1-424b-9868-57a2d4851a1d" />
    <TestEntry testId="7acf7525-aaca-a5f2-7032-491d9caf1cf8" executionId="654c39ca-a4b8-40b3-bac1-b140afa660f1" testListId="8c84fa94-04c1-424b-9868-57a2d4851a1d" />
    <TestEntry testId="ee450aac-5f02-8238-a55d-792600e33298" executionId="f25b6660-fa41-4ff0-a9e7-eca74e8eccb8" testListId="8c84fa94-04c1-424b-9868-57a2d4851a1d" />
    <TestEntry testId="19276ea0-e69e-d8c1-5f86-fbe82fc4defb" executionId="648ed471-0e74-48c1-90f7-bece5726fee3" testListId="8c84fa94-04c1-424b-9868-57a2d4851a1d" />
    <TestEntry testId="9bb7c02e-b85a-d370-6cfc-0ac356d6be53" executionId="2a169b9e-2ef1-4d5a-b209-6b7dfa09c77c" testListId="8c84fa94-04c1-424b-9868-57a2d4851a1d" />
    <TestEntry testId="3b96f760-7a4a-da94-3ca5-8f27e0604482" executionId="28f43049-ec70-4f24-a48d-51f6c2bceeba" testListId="8c84fa94-04c1-424b-9868-57a2d4851a1d" />
    <TestEntry testId="984e3d49-4d22-c80b-52c3-19191f62fda7" executionId="956e409e-78f3-407d-ab79-ce17eb45973b" testListId="8c84fa94-04c1-424b-9868-57a2d4851a1d" />
    <TestEntry testId="b811bc2b-ac6c-1eab-5504-b3af1ec9a805" executionId="10d9d8d8-caa4-427d-b06f-09aa8b6ff26d" testListId="8c84fa94-04c1-424b-9868-57a2d4851a1d" />
    <TestEntry testId="798a8e71-c3a5-952d-b167-1f516fd90da6" executionId="57e8daaa-78b8-44b7-ab81-bfd2a74e2c01" testListId="8c84fa94-04c1-424b-9868-57a2d4851a1d" />
    <TestEntry testId="07a0b332-7585-5132-2931-ba67f585bbfd" executionId="cd4fcad6-4fdc-438f-8670-33bd120f071d" testListId="8c84fa94-04c1-424b-9868-57a2d4851a1d" />
    <TestEntry testId="42ca667a-a020-f899-567b-164563a5f68c" executionId="f1bcf898-8647-4df3-ab49-3220adc33843" testListId="8c84fa94-04c1-424b-9868-57a2d4851a1d" />
    <TestEntry testId="17537441-5c46-b29c-7a15-7f733fa6a240" executionId="3c06c33b-d10a-4e9f-b2cf-47c6398e0c73" testListId="8c84fa94-04c1-424b-9868-57a2d4851a1d" />
    <TestEntry testId="4abae91a-e1c2-11c6-c78e-4c0a98abeb41" executionId="be96d941-d691-42c0-a55c-9f41bef3c863" testListId="8c84fa94-04c1-424b-9868-57a2d4851a1d" />
    <TestEntry testId="be8b1c28-897b-72b1-79de-44eed3d3394f" executionId="07a49559-43f2-41a3-86e9-85d3592174c1" testListId="8c84fa94-04c1-424b-9868-57a2d4851a1d" />
    <TestEntry testId="aea0c1c8-e4f2-b00c-e2e5-3958a9100776" executionId="252482c3-1d41-4f4d-8086-b18b287a46e7" testListId="8c84fa94-04c1-424b-9868-57a2d4851a1d" />
    <TestEntry testId="6af2fe2f-9fc6-6af1-e346-da11b3a31319" executionId="dcb15cbc-b6f9-47f4-9ed2-69301ce8874d" testListId="8c84fa94-04c1-424b-9868-57a2d4851a1d" />
    <TestEntry testId="bc7a74bf-9a5b-2257-fa8b-50752bdbf702" executionId="aa2a821b-5606-4997-9796-f6f80fbf7290" testListId="8c84fa94-04c1-424b-9868-57a2d4851a1d" />
    <TestEntry testId="5271a851-e8d2-c42c-aad6-49024c68a9d5" executionId="44858d14-e447-4368-96a3-e0f6ff26e036" testListId="8c84fa94-04c1-424b-9868-57a2d4851a1d" />
    <TestEntry testId="63f82b54-f147-1707-8ae8-1f771750a4c8" executionId="b228ab21-64ee-4264-a0e6-09379dad4402" testListId="8c84fa94-04c1-424b-9868-57a2d4851a1d" />
    <TestEntry testId="d717777f-cd83-a14f-a06e-85ad7a167630" executionId="dc707577-2032-433d-8622-7acc9cf2ef68" testListId="8c84fa94-04c1-424b-9868-57a2d4851a1d" />
    <TestEntry testId="71353074-59f3-561d-2fde-c864cf9dfcb6" executionId="21cbb693-bba0-4a7e-a4b7-e6c3e01321c3" testListId="8c84fa94-04c1-424b-9868-57a2d4851a1d" />
    <TestEntry testId="50604149-da7b-7eb8-2563-57d2dd368452" executionId="73f95f47-2fa9-470a-a771-36d072d97545" testListId="8c84fa94-04c1-424b-9868-57a2d4851a1d" />
    <TestEntry testId="238d7046-3682-e357-765d-2a21c813602e" executionId="d0ad6316-19b0-454e-a62e-8585a7fda3c2" testListId="8c84fa94-04c1-424b-9868-57a2d4851a1d" />
    <TestEntry testId="84e090d8-441a-8861-c4e5-70620525fefd" executionId="a8581564-5256-4aaa-a2c6-570209f70a3c" testListId="8c84fa94-04c1-424b-9868-57a2d4851a1d" />
    <TestEntry testId="02e294ba-02db-f21e-dc59-8e7c9444841f" executionId="0b4775b8-c615-428c-b2a5-d04f407efb7f" testListId="8c84fa94-04c1-424b-9868-57a2d4851a1d" />
    <TestEntry testId="7f798889-8174-9314-5795-cf39887a4d5e" executionId="e1f1ac95-9490-4970-b5c4-33177174af8a" testListId="8c84fa94-04c1-424b-9868-57a2d4851a1d" />
    <TestEntry testId="96ff7052-903d-d61a-0cb2-cdee63831172" executionId="71a42b0d-8a7b-4dac-b4eb-f8faf2463a1d" testListId="8c84fa94-04c1-424b-9868-57a2d4851a1d" />
    <TestEntry testId="e079e022-b7dd-5746-ddcb-acbf542a744e" executionId="55a6447c-2252-4a28-8c67-47a0a615e5b7" testListId="8c84fa94-04c1-424b-9868-57a2d4851a1d" />
    <TestEntry testId="bc8c5e9c-4b5f-8534-047c-bc0ab7c6f555" executionId="00141986-16a9-4f41-b273-19e2f6528f4a" testListId="8c84fa94-04c1-424b-9868-57a2d4851a1d" />
    <TestEntry testId="68a689f7-c4a6-51dd-490d-8e5b965feb8a" executionId="76a3ba1d-cd81-4157-ab0b-e790d40bcb0a" testListId="8c84fa94-04c1-424b-9868-57a2d4851a1d" />
    <TestEntry testId="e592298e-a7bd-5e8f-cbb1-f5ba33b2dce9" executionId="abe73f65-8eb9-4125-8989-861ece34e6ba" testListId="8c84fa94-04c1-424b-9868-57a2d4851a1d" />
    <TestEntry testId="31dac960-539b-5857-5a33-455fe8d5a38f" executionId="2a130b32-f0f3-4c02-a9f6-58d020fb97d3" testListId="8c84fa94-04c1-424b-9868-57a2d4851a1d" />
    <TestEntry testId="947b833a-a96c-d64f-e9e3-0beaa935d4d5" executionId="1fbf3a21-4b0f-4ee3-82c4-d9dc0dd44db1" testListId="8c84fa94-04c1-424b-9868-57a2d4851a1d" />
    <TestEntry testId="f8d35157-2900-b4b5-1a17-900588c884a9" executionId="042dbf68-4cb3-46ca-adcc-e582334eb33c" testListId="8c84fa94-04c1-424b-9868-57a2d4851a1d" />
    <TestEntry testId="5e071152-ee43-67c0-dc5d-67a966171b99" executionId="566b451c-f9a6-49a1-a1d7-3fb545b54d72" testListId="8c84fa94-04c1-424b-9868-57a2d4851a1d" />
    <TestEntry testId="524c1966-6494-a6c3-e952-972895ca93c8" executionId="a41b75f2-12cb-4403-a33a-cc229a25dd97" testListId="8c84fa94-04c1-424b-9868-57a2d4851a1d" />
    <TestEntry testId="8a1c2bbd-f61b-135c-270f-157e7106103a" executionId="45d33121-344c-45e4-88c4-fe8cce50bdb6" testListId="8c84fa94-04c1-424b-9868-57a2d4851a1d" />
    <TestEntry testId="ed5af684-441e-e3d8-3bf2-a26f2fd3f117" executionId="2b707810-1c01-4c15-8799-ae1cfb3be56f" testListId="8c84fa94-04c1-424b-9868-57a2d4851a1d" />
    <TestEntry testId="21d875cb-d7ef-e04a-3cc4-907443abf187" executionId="abc6facb-273b-40f1-aa00-0130d64a7070" testListId="8c84fa94-04c1-424b-9868-57a2d4851a1d" />
    <TestEntry testId="9d2b950d-d4be-de51-1cfb-07073f6d6e13" executionId="fec30226-c6db-4386-aa01-92b2966c896f" testListId="8c84fa94-04c1-424b-9868-57a2d4851a1d" />
    <TestEntry testId="2c1e01dd-81d9-12dc-ec1f-005830932e89" executionId="a1a64e4a-0b71-42e2-bbaa-03f99526cc61" testListId="8c84fa94-04c1-424b-9868-57a2d4851a1d" />
    <TestEntry testId="ed3513bd-2d36-bad0-70c5-813865e78b06" executionId="acbe6e06-506b-4992-982d-477223ff2877" testListId="8c84fa94-04c1-424b-9868-57a2d4851a1d" />
    <TestEntry testId="1d07225f-97f1-fdcb-e603-fea46f8b9792" executionId="e1577d45-851d-4ab1-a03f-959305a03527" testListId="8c84fa94-04c1-424b-9868-57a2d4851a1d" />
    <TestEntry testId="1f73b5a1-d21f-1feb-a5dc-31aa30bfbe2c" executionId="2eec4580-3967-4d41-b916-c9a5ae89acac" testListId="8c84fa94-04c1-424b-9868-57a2d4851a1d" />
    <TestEntry testId="9ac60b24-db33-73cf-3bc9-bbcf0b66ab81" executionId="070cb46e-fd1b-4d28-8104-d091f49b23d9" testListId="8c84fa94-04c1-424b-9868-57a2d4851a1d" />
    <TestEntry testId="1680f939-c9a3-3184-e5e6-300d132ea901" executionId="42f23fc2-be9f-4f8a-9d11-0c14b3aabbcc" testListId="8c84fa94-04c1-424b-9868-57a2d4851a1d" />
    <TestEntry testId="5ef88e91-8d77-e81e-f266-0337c81fc15e" executionId="3a7d3806-0eeb-4186-9c38-f9136c85a5ec" testListId="8c84fa94-04c1-424b-9868-57a2d4851a1d" />
    <TestEntry testId="2f407184-5438-edfb-bd06-dac05bac3790" executionId="2921f0d7-f2f7-4243-94e5-02e961f738ac" testListId="8c84fa94-04c1-424b-9868-57a2d4851a1d" />
    <TestEntry testId="78a2948f-1e6f-bc34-da6a-7718af2fe45b" executionId="dfca0607-71cd-4cf5-bc31-f1daef7da6ff" testListId="8c84fa94-04c1-424b-9868-57a2d4851a1d" />
    <TestEntry testId="4dab3f58-f834-dddd-fa3d-a0f55f715d14" executionId="da9fc4b2-cc94-4566-8006-324229d6b39d" testListId="8c84fa94-04c1-424b-9868-57a2d4851a1d" />
    <TestEntry testId="4f543121-4b4c-bb28-bba2-a9b2ac9eaaeb" executionId="a9571efe-da2b-407b-a3b8-139edd4082a7" testListId="8c84fa94-04c1-424b-9868-57a2d4851a1d" />
    <TestEntry testId="785e20b7-0681-3d5e-8c02-431a4435768d" executionId="53b2f3ac-b9dd-4990-a7be-f38f21fd5437" testListId="8c84fa94-04c1-424b-9868-57a2d4851a1d" />
    <TestEntry testId="70fed881-ff3d-cf01-fc50-eec23bec4b15" executionId="7e29637d-84cd-4ae9-a886-e1ee18d3ef86" testListId="8c84fa94-04c1-424b-9868-57a2d4851a1d" />
    <TestEntry testId="ba48247e-b680-05e2-ec8e-cd712552a6ee" executionId="49642ad5-61cd-41cb-bf55-f24ffcef5479" testListId="8c84fa94-04c1-424b-9868-57a2d4851a1d" />
    <TestEntry testId="d5ad5871-c66b-34c9-1371-544f7c37d8f6" executionId="a1f69d5c-2410-4138-bcd0-e8889cb74788" testListId="8c84fa94-04c1-424b-9868-57a2d4851a1d" />
    <TestEntry testId="23b61850-f73c-f5eb-17ca-9aaba5f44c54" executionId="55c54297-ea0c-424d-bc21-db87a1cee463" testListId="8c84fa94-04c1-424b-9868-57a2d4851a1d" />
    <TestEntry testId="1500c2f1-f56e-3f8a-4b9e-769b5f983879" executionId="b87c0280-ee8f-46ef-8259-ea22f4804ecb" testListId="8c84fa94-04c1-424b-9868-57a2d4851a1d" />
    <TestEntry testId="e310fc10-3907-7ad0-6cbe-cc9e48d5e1fa" executionId="1e3eeea1-12be-4bc0-beb8-72ee8e0c731c" testListId="8c84fa94-04c1-424b-9868-57a2d4851a1d" />
    <TestEntry testId="040fb33d-7655-40ce-1cff-6bcf94c5cc47" executionId="5908122d-786b-4555-b7e4-6e2a768478a0" testListId="8c84fa94-04c1-424b-9868-57a2d4851a1d" />
    <TestEntry testId="4401ff2d-c38b-51a8-f6b5-791f859c7098" executionId="45ea6407-4f7d-4905-b7b1-4afca088c456" testListId="8c84fa94-04c1-424b-9868-57a2d4851a1d" />
    <TestEntry testId="10a87c1f-7e7a-0e53-402e-aefcc00a21da" executionId="6aaed411-2046-4762-9619-797bff7e8201" testListId="8c84fa94-04c1-424b-9868-57a2d4851a1d" />
    <TestEntry testId="bee75210-e3b0-c570-b8a4-c27baac780a1" executionId="122aeb1a-4619-4ef2-9d21-43f00ce8a67e" testListId="8c84fa94-04c1-424b-9868-57a2d4851a1d" />
    <TestEntry testId="4a51fa6c-5b4f-6c50-4ded-2a50ec351293" executionId="4772b925-c621-404e-b7ae-3d0505fd468c" testListId="8c84fa94-04c1-424b-9868-57a2d4851a1d" />
    <TestEntry testId="3a8dac54-e42a-8256-0f95-9b2771dcaeda" executionId="c247a421-a4f9-40ed-9529-f3ecfe2f2330" testListId="8c84fa94-04c1-424b-9868-57a2d4851a1d" />
    <TestEntry testId="0153fbb0-e5a5-84d4-df77-b92e47c48a9b" executionId="b2d59564-3512-43ca-ae5a-0c340166c41f" testListId="8c84fa94-04c1-424b-9868-57a2d4851a1d" />
    <TestEntry testId="86189ae4-95f9-30e4-f4c6-bfa1b9898a62" executionId="2b0ac306-6878-4fb5-82cd-79726c1268c5" testListId="8c84fa94-04c1-424b-9868-57a2d4851a1d" />
    <TestEntry testId="c824fd41-84e4-6d43-8411-04262c295a77" executionId="f78827a4-95d5-4d43-a445-31b8a560969e" testListId="8c84fa94-04c1-424b-9868-57a2d4851a1d" />
    <TestEntry testId="f753e1e9-3215-7499-f9d3-03db6fd8fec6" executionId="2d66cf63-0d84-4b43-8e1a-dcb5cf20a618" testListId="8c84fa94-04c1-424b-9868-57a2d4851a1d" />
    <TestEntry testId="fb67481e-37a3-f171-7a64-13ebf12d3989" executionId="5c952039-1e69-4555-96b5-f95b0dcba773" testListId="8c84fa94-04c1-424b-9868-57a2d4851a1d" />
    <TestEntry testId="4105838b-ea26-8a2c-f1e6-5dcc3df6f41b" executionId="fa8db075-5ce1-4935-8214-8047a3b07e7c" testListId="8c84fa94-04c1-424b-9868-57a2d4851a1d" />
    <TestEntry testId="984e3d49-4d22-c80b-52c3-19191f62fda7" executionId="a53c509a-5be9-4ba0-8847-abc552e402ab" testListId="8c84fa94-04c1-424b-9868-57a2d4851a1d" />
    <TestEntry testId="19c50b46-2552-1ee8-9a15-6db5bb83fc13" executionId="56892f0f-6926-406f-88e7-c1bc4b56529d" testListId="8c84fa94-04c1-424b-9868-57a2d4851a1d" />
    <TestEntry testId="13df4a31-1d93-7796-89f0-9bafbf62cf1d" executionId="8c9373cd-892b-4354-addb-bbd3d9763fd0" testListId="8c84fa94-04c1-424b-9868-57a2d4851a1d" />
    <TestEntry testId="9d9c0b4d-df8d-d917-f4fe-624101bd0d52" executionId="5b62703b-7d4b-4891-a4e3-b28976900071" testListId="8c84fa94-04c1-424b-9868-57a2d4851a1d" />
    <TestEntry testId="f6a7a690-af73-fab8-0ebf-059ccdbb5495" executionId="55e5493d-7623-41f1-b1b7-9b95d128a9c9" testListId="8c84fa94-04c1-424b-9868-57a2d4851a1d" />
    <TestEntry testId="2c1e01dd-81d9-12dc-ec1f-005830932e89" executionId="545d9888-1100-4c78-9366-1a7da6ea338b" testListId="8c84fa94-04c1-424b-9868-57a2d4851a1d" />
    <TestEntry testId="f114629c-3c3b-e71d-e1df-1b4312712d85" executionId="39887f99-8486-45a6-831d-af37839b8fc7" testListId="8c84fa94-04c1-424b-9868-57a2d4851a1d" />
    <TestEntry testId="0c1a37b6-b16e-3d65-7b38-756d59a051b1" executionId="37ed04ed-b388-4db4-92a9-974dc1abc576" testListId="8c84fa94-04c1-424b-9868-57a2d4851a1d" />
    <TestEntry testId="3405a88a-853b-5aa4-dc52-211f74db4a9b" executionId="dde644b6-c89c-40d1-aca1-693f21b5ba2d" testListId="8c84fa94-04c1-424b-9868-57a2d4851a1d" />
    <TestEntry testId="0992672a-4884-80d0-5142-7d4a75036ed9" executionId="fa2d5c28-3cb8-47e0-b22d-30f2bd32f93e" testListId="8c84fa94-04c1-424b-9868-57a2d4851a1d" />
    <TestEntry testId="0f851786-a6db-a75b-11ec-b9549b68d0b8" executionId="168604d0-8a3d-42c9-8d83-d9cb86e7dae9" testListId="8c84fa94-04c1-424b-9868-57a2d4851a1d" />
    <TestEntry testId="be80e17e-abe8-75e0-46d0-fbe19949d37d" executionId="bcd36c4a-9d00-4ab4-be67-025753608739" testListId="8c84fa94-04c1-424b-9868-57a2d4851a1d" />
    <TestEntry testId="046e940e-ed7b-e2be-b9c9-fa82caaefa8a" executionId="78fe0de9-8ae8-4d8e-a647-b98fc5106817" testListId="8c84fa94-04c1-424b-9868-57a2d4851a1d" />
    <TestEntry testId="219f8da3-cc63-e002-72df-e2f549e52967" executionId="af3203b4-830d-4f0f-8386-2c13bb268d8e" testListId="8c84fa94-04c1-424b-9868-57a2d4851a1d" />
    <TestEntry testId="446be40b-3f39-dc72-f797-9a3aa2aac484" executionId="14c942f0-548b-4542-b74a-e12fcaf89adb" testListId="8c84fa94-04c1-424b-9868-57a2d4851a1d" />
    <TestEntry testId="78605226-9a65-4701-5dbe-74fd1152b767" executionId="1192694a-1309-417e-be4f-db1a5fa40f2d" testListId="8c84fa94-04c1-424b-9868-57a2d4851a1d" />
    <TestEntry testId="60e5b02d-603e-8172-2213-6ea7fd0250af" executionId="d19ddd54-2d2a-454c-aed0-8c9363e71065" testListId="8c84fa94-04c1-424b-9868-57a2d4851a1d" />
    <TestEntry testId="9c112724-e910-9610-f068-0224805f3f30" executionId="5dd7ea32-c803-43a9-ab4f-401ca5ef6801" testListId="8c84fa94-04c1-424b-9868-57a2d4851a1d" />
    <TestEntry testId="ea054fa2-926d-1779-cc57-db94ba1a4d6a" executionId="0050884f-fafd-4cce-971b-d10e0e367af4" testListId="8c84fa94-04c1-424b-9868-57a2d4851a1d" />
    <TestEntry testId="9e948d14-1697-7020-7d46-e7d0ab1a839a" executionId="42f6f199-3cbb-445d-a836-84c86f959866" testListId="8c84fa94-04c1-424b-9868-57a2d4851a1d" />
    <TestEntry testId="4f5e4dcd-026e-dbea-14fe-5aa5192c38da" executionId="75a0a0de-511e-4e5c-8d94-1c80f71fdb8d" testListId="8c84fa94-04c1-424b-9868-57a2d4851a1d" />
    <TestEntry testId="02189687-8985-6806-f35e-66f7f45f4e75" executionId="3fa97d18-c63b-4f81-bae1-1d0b98e4a5da" testListId="8c84fa94-04c1-424b-9868-57a2d4851a1d" />
    <TestEntry testId="d871c596-d51c-32a3-d78a-f9b6ed7868a8" executionId="61ce0dad-b90a-47f9-954f-f80e83ce9284" testListId="8c84fa94-04c1-424b-9868-57a2d4851a1d" />
    <TestEntry testId="bf64e30a-5c5e-95e0-c813-0cfcc293de1e" executionId="6db20796-e4cf-4973-b522-29d4fc595125" testListId="8c84fa94-04c1-424b-9868-57a2d4851a1d" />
    <TestEntry testId="85374129-b31e-6699-e3e3-35edfbf2f310" executionId="8d025b88-2524-4207-b30f-f5e6848f4340" testListId="8c84fa94-04c1-424b-9868-57a2d4851a1d" />
  </TestEntries>
  <TestLists>
    <TestList name="Results Not in a List" id="8c84fa94-04c1-424b-9868-57a2d4851a1d" />
    <TestList name="All Loaded Results" id="19431567-8539-422a-85d7-44ee4e166bda" />
  </TestLists>
  <ResultSummary outcome="Completed">
    <Counters total="99" executed="99" passed="99" failed="0" error="0" timeout="0" aborted="0" inconclusive="0" passedButRunAborted="0" notRunnable="0" notExecuted="0" disconnected="0" warning="0" completed="0" inProgress="0" pending="0" />
    <Output>
      <StdOut>NUnit Adapter 4.4.0.0: Test execution started&#xD;
Running all tests in C:\a\c-sharp\c-sharp\src\UnitTests\AcceptanceTests\bin\Debug\net6.0\AcceptanceTests.dll&#xD;
   NUnit3TestExecutor discovered 99 of 99 NUnit test cases using Current Discovery mode, Non-Explicit run&#xD;
NUnit Adapter 4.4.0.0: Test execution complete&#xD;
</StdOut>
    </Output>
    <RunInfos>
      <RunInfo computerName="runner" outcome="Warning" timestamp="2024-10-03T10:46:25.3814610+00:00">
        <Text>Given Crypto module with 'acrh' cryptor&#xD;
-&gt; done: CryptoModuleSteps.GivenCryptoModuleWithCryptor("acrh") (0.0s)&#xD;
* with 'pubnubenigma' cipher key&#xD;
-&gt; done: CryptoModuleSteps.GivenWithCipherKey("pubnubenigma") (0.0s)&#xD;
When I decrypt 'file-legacy-civ.jpg' file&#xD;
-&gt; done: CryptoModuleSteps.WhenIDecryptFile("file-legacy-civ.jpg") (0.1s)&#xD;
Then I receive 'unknown cryptor error'&#xD;
-&gt; done: CryptoModuleSteps.ThenIReceive("unknown cryptor e...") (0.0s)&#xD;
</Text>
      </RunInfo>
      <RunInfo computerName="runner" outcome="Warning" timestamp="2024-10-03T10:46:25.3816095+00:00">
        <Text>Given Crypto module with 'acrh' cryptor&#xD;
-&gt; done: CryptoModuleSteps.GivenCryptoModuleWithCryptor("acrh") (0.0s)&#xD;
* with 'pubnubenigma' cipher key&#xD;
-&gt; done: CryptoModuleSteps.GivenWithCipherKey("pubnubenigma") (0.0s)&#xD;
When I decrypt 'file-cryptor-no-version.txt' file&#xD;
-&gt; done: CryptoModuleSteps.WhenIDecryptFile("file-cryptor-no-v...") (0.0s)&#xD;
Then I receive 'decryption error'&#xD;
-&gt; done: CryptoModuleSteps.ThenIReceive("decryption error") (0.0s)&#xD;
</Text>
      </RunInfo>
      <RunInfo computerName="runner" outcome="Warning" timestamp="2024-10-03T10:46:25.3816420+00:00">
        <Text>Given Crypto module with 'acrh' cryptor&#xD;
-&gt; done: CryptoModuleSteps.GivenCryptoModuleWithCryptor("acrh") (0.0s)&#xD;
* with 'pubnubenigma' cipher key&#xD;
-&gt; done: CryptoModuleSteps.GivenWithCipherKey("pubnubenigma") (0.0s)&#xD;
When I decrypt 'file-cryptor-unknown-acrh.jpg' file&#xD;
-&gt; done: CryptoModuleSteps.WhenIDecryptFile("file-cryptor-unkn...") (0.0s)&#xD;
Then I receive 'unknown cryptor error'&#xD;
-&gt; done: CryptoModuleSteps.ThenIReceive("unknown cryptor e...") (0.0s)&#xD;
</Text>
      </RunInfo>
      <RunInfo computerName="runner" outcome="Warning" timestamp="2024-10-03T10:46:25.3816766+00:00">
        <Text>Given Crypto module with 'acrh' cryptor&#xD;
-&gt; done: CryptoModuleSteps.GivenCryptoModuleWithCryptor("acrh") (0.0s)&#xD;
* with 'pubnubenigma' cipher key&#xD;
-&gt; done: CryptoModuleSteps.GivenWithCipherKey("pubnubenigma") (0.0s)&#xD;
When I decrypt 'file-cryptor-v1-short.txt' file&#xD;
-&gt; done: CryptoModuleSteps.WhenIDecryptFile("file-cryptor-v1-s...") (0.0s)&#xD;
Then I receive 'decryption error'&#xD;
-&gt; done: CryptoModuleSteps.ThenIReceive("decryption error") (0.0s)&#xD;
</Text>
      </RunInfo>
      <RunInfo computerName="runner" outcome="Warning" timestamp="2024-10-03T10:46:25.3817051+00:00">
        <Text>Given Crypto module with 'acrh' cryptor&#xD;
-&gt; done: CryptoModuleSteps.GivenCryptoModuleWithCryptor("acrh") (0.0s)&#xD;
* with 'pubnubenigma' cipher key&#xD;
-&gt; done: CryptoModuleSteps.GivenWithCipherKey("pubnubenigma") (0.0s)&#xD;
When I decrypt 'file-cryptor-v1-unknown.txt' file&#xD;
-&gt; done: CryptoModuleSteps.WhenIDecryptFile("file-cryptor-v1-u...") (0.0s)&#xD;
Then I receive 'unknown cryptor error'&#xD;
-&gt; done: CryptoModuleSteps.ThenIReceive("unknown cryptor e...") (0.0s)&#xD;
</Text>
      </RunInfo>
      <RunInfo computerName="runner" outcome="Warning" timestamp="2024-10-03T10:46:25.3817352+00:00">
        <Text>Given Crypto module with 'acrh' cryptor&#xD;
-&gt; done: CryptoModuleSteps.GivenCryptoModuleWithCryptor("acrh") (0.0s)&#xD;
* with 'pubnubenigma' cipher key&#xD;
-&gt; done: CryptoModuleSteps.GivenWithCipherKey("pubnubenigma") (0.0s)&#xD;
When I decrypt 'empty-file-cryptor-v1-acrh.txt' file&#xD;
-&gt; done: CryptoModuleSteps.WhenIDecryptFile("empty-file-crypto...") (0.0s)&#xD;
Then I receive 'decryption error'&#xD;
-&gt; done: CryptoModuleSteps.ThenIReceive("decryption error") (0.0s)&#xD;
</Text>
      </RunInfo>
      <RunInfo computerName="runner" outcome="Warning" timestamp="2024-10-03T10:46:25.3817678+00:00">
        <Text>Given Crypto module with 'acrh' cryptor&#xD;
-&gt; done: CryptoModuleSteps.GivenCryptoModuleWithCryptor("acrh") (0.0s)&#xD;
* with 'pubnubenigma' cipher key&#xD;
-&gt; done: CryptoModuleSteps.GivenWithCipherKey("pubnubenigma") (0.0s)&#xD;
When I decrypt 'file-cryptor-v1-acrh.jpg' file&#xD;
-&gt; done: CryptoModuleSteps.WhenIDecryptFile("file-cryptor-v1-a...") (0.0s)&#xD;
Then I receive 'success'&#xD;
-&gt; done: CryptoModuleSteps.ThenIReceive("success") (0.0s)&#xD;
</Text>
      </RunInfo>
      <RunInfo computerName="runner" outcome="Warning" timestamp="2024-10-03T10:46:25.3818239+00:00">
        <Text>Given Crypto module with default 'legacy' and additional 'acrh' cryptors&#xD;
-&gt; done: CryptoModuleSteps.GivenCryptoModuleWithDefaultAndAdditionalCryptors("legacy", "acrh") (0.0s)&#xD;
* with 'pubnubenigma' cipher key&#xD;
-&gt; done: CryptoModuleSteps.GivenWithCipherKey("pubnubenigma") (0.0s)&#xD;
* with 'constant' vector&#xD;
-&gt; done: CryptoModuleSteps.GivenWithVector("constant") (0.0s)&#xD;
When I decrypt 'file-cryptor-legacy-civ.jpg' file as 'binary'&#xD;
-&gt; done: CryptoModuleSteps.WhenIDecryptFileAs("file-cryptor-lega...", "binary") (0.0s)&#xD;
Then Decrypted file content equal to the 'file.jpg' file content&#xD;
-&gt; done: CryptoModuleSteps.ThenDecryptedFileContentEqualToTheFileContent("file.jpg") (0.0s)&#xD;
</Text>
      </RunInfo>
      <RunInfo computerName="runner" outcome="Warning" timestamp="2024-10-03T10:46:25.3818629+00:00">
        <Text>Given Crypto module with default 'acrh' and additional 'legacy' cryptors&#xD;
-&gt; done: CryptoModuleSteps.GivenCryptoModuleWithDefaultAndAdditionalCryptors("acrh", "legacy") (0.0s)&#xD;
* with 'pubnubenigma' cipher key&#xD;
-&gt; done: CryptoModuleSteps.GivenWithCipherKey("pubnubenigma") (0.0s)&#xD;
* with 'random' vector&#xD;
-&gt; done: CryptoModuleSteps.GivenWithVector("random") (0.0s)&#xD;
When I decrypt 'file-legacy-riv.jpg' file as 'binary'&#xD;
-&gt; done: CryptoModuleSteps.WhenIDecryptFileAs("file-legacy-riv.jpg", "binary") (0.0s)&#xD;
Then Decrypted file content equal to the 'file.jpg' file content&#xD;
-&gt; done: CryptoModuleSteps.ThenDecryptedFileContentEqualToTheFileContent("file.jpg") (0.0s)&#xD;
</Text>
      </RunInfo>
      <RunInfo computerName="runner" outcome="Warning" timestamp="2024-10-03T10:46:25.4640017+00:00">
        <Text>Given Crypto module with 'legacy' cryptor&#xD;
-&gt; done: CryptoModuleSteps.GivenCryptoModuleWithCryptor("legacy") (0.0s)&#xD;
* with 'pubnubenigma' cipher key&#xD;
-&gt; done: CryptoModuleSteps.GivenWithCipherKey("pubnubenigma") (0.0s)&#xD;
* with 'constant' vector&#xD;
-&gt; done: CryptoModuleSteps.GivenWithVector("constant") (0.0s)&#xD;
When I decrypt 'file-cryptor-legacy-civ.jpg' file as 'binary'&#xD;
-&gt; done: CryptoModuleSteps.WhenIDecryptFileAs("file-cryptor-lega...", "binary") (0.0s)&#xD;
Then Decrypted file content equal to the 'file.jpg' file content&#xD;
-&gt; done: CryptoModuleSteps.ThenDecryptedFileContentEqualToTheFileContent("file.jpg") (0.1s)&#xD;
</Text>
      </RunInfo>
      <RunInfo computerName="runner" outcome="Warning" timestamp="2024-10-03T10:46:25.4640419+00:00">
        <Text>Given Crypto module with 'legacy' cryptor&#xD;
-&gt; done: CryptoModuleSteps.GivenCryptoModuleWithCryptor("legacy") (0.0s)&#xD;
* with 'pubnubenigma' cipher key&#xD;
-&gt; done: CryptoModuleSteps.GivenWithCipherKey("pubnubenigma") (0.0s)&#xD;
* with 'random' vector&#xD;
-&gt; done: CryptoModuleSteps.GivenWithVector("random") (0.0s)&#xD;
When I decrypt 'file-cryptor-legacy-riv.jpg' file as 'binary'&#xD;
-&gt; done: CryptoModuleSteps.WhenIDecryptFileAs("file-cryptor-lega...", "binary") (0.0s)&#xD;
Then Decrypted file content equal to the 'file.jpg' file content&#xD;
-&gt; done: CryptoModuleSteps.ThenDecryptedFileContentEqualToTheFileContent("file.jpg") (0.0s)&#xD;
</Text>
      </RunInfo>
      <RunInfo computerName="runner" outcome="Warning" timestamp="2024-10-03T10:46:25.4640674+00:00">
        <Text>Given Crypto module with 'legacy' cryptor&#xD;
-&gt; done: CryptoModuleSteps.GivenCryptoModuleWithCryptor("legacy") (0.0s)&#xD;
* with 'pubnubenigma' cipher key&#xD;
-&gt; done: CryptoModuleSteps.GivenWithCipherKey("pubnubenigma") (0.0s)&#xD;
* with 'constant' vector&#xD;
-&gt; done: CryptoModuleSteps.GivenWithVector("constant") (0.0s)&#xD;
When I decrypt 'file-cryptor-legacy-civ.txt' file as 'binary'&#xD;
-&gt; done: CryptoModuleSteps.WhenIDecryptFileAs("file-cryptor-lega...", "binary") (0.0s)&#xD;
Then Decrypted file content equal to the 'file.txt' file content&#xD;
-&gt; done: CryptoModuleSteps.ThenDecryptedFileContentEqualToTheFileContent("file.txt") (0.0s)&#xD;
</Text>
      </RunInfo>
      <RunInfo computerName="runner" outcome="Warning" timestamp="2024-10-03T10:46:25.4641137+00:00">
        <Text>Given Crypto module with 'legacy' cryptor&#xD;
-&gt; done: CryptoModuleSteps.GivenCryptoModuleWithCryptor("legacy") (0.0s)&#xD;
* with 'pubnubenigma' cipher key&#xD;
-&gt; done: CryptoModuleSteps.GivenWithCipherKey("pubnubenigma") (0.0s)&#xD;
* with 'random' vector&#xD;
-&gt; done: CryptoModuleSteps.GivenWithVector("random") (0.0s)&#xD;
When I decrypt 'file-cryptor-legacy-riv.txt' file as 'binary'&#xD;
-&gt; done: CryptoModuleSteps.WhenIDecryptFileAs("file-cryptor-lega...", "binary") (0.0s)&#xD;
Then Decrypted file content equal to the 'file.txt' file content&#xD;
-&gt; done: CryptoModuleSteps.ThenDecryptedFileContentEqualToTheFileContent("file.txt") (0.0s)&#xD;
</Text>
      </RunInfo>
      <RunInfo computerName="runner" outcome="Warning" timestamp="2024-10-03T10:46:25.4641423+00:00">
        <Text>Given Crypto module with 'legacy' cryptor&#xD;
-&gt; done: CryptoModuleSteps.GivenCryptoModuleWithCryptor("legacy") (0.0s)&#xD;
* with 'pubnubenigma' cipher key&#xD;
-&gt; done: CryptoModuleSteps.GivenWithCipherKey("pubnubenigma") (0.0s)&#xD;
* with 'constant' vector&#xD;
-&gt; done: CryptoModuleSteps.GivenWithVector("constant") (0.0s)&#xD;
When I decrypt 'file-legacy-civ.jpg' file as 'binary'&#xD;
-&gt; done: CryptoModuleSteps.WhenIDecryptFileAs("file-legacy-civ.jpg", "binary") (0.0s)&#xD;
Then Decrypted file content equal to the 'file.jpg' file content&#xD;
-&gt; done: CryptoModuleSteps.ThenDecryptedFileContentEqualToTheFileContent("file.jpg") (0.0s)&#xD;
</Text>
      </RunInfo>
      <RunInfo computerName="runner" outcome="Warning" timestamp="2024-10-03T10:46:25.4667907+00:00">
        <Text>Given Crypto module with 'legacy' cryptor&#xD;
-&gt; done: CryptoModuleSteps.GivenCryptoModuleWithCryptor("legacy") (0.0s)&#xD;
* with 'pubnubenigma' cipher key&#xD;
-&gt; done: CryptoModuleSteps.GivenWithCipherKey("pubnubenigma") (0.0s)&#xD;
* with 'random' vector&#xD;
-&gt; done: CryptoModuleSteps.GivenWithVector("random") (0.0s)&#xD;
When I decrypt 'file-legacy-riv.jpg' file as 'binary'&#xD;
-&gt; done: CryptoModuleSteps.WhenIDecryptFileAs("file-legacy-riv.jpg", "binary") (0.0s)&#xD;
Then Decrypted file content equal to the 'file.jpg' file content&#xD;
-&gt; done: CryptoModuleSteps.ThenDecryptedFileContentEqualToTheFileContent("file.jpg") (0.0s)&#xD;
</Text>
      </RunInfo>
      <RunInfo computerName="runner" outcome="Warning" timestamp="2024-10-03T10:46:25.4691637+00:00">
        <Text>Given Crypto module with 'legacy' cryptor&#xD;
-&gt; done: CryptoModuleSteps.GivenCryptoModuleWithCryptor("legacy") (0.0s)&#xD;
* with 'pubnubenigma' cipher key&#xD;
-&gt; done: CryptoModuleSteps.GivenWithCipherKey("pubnubenigma") (0.0s)&#xD;
* with 'constant' vector&#xD;
-&gt; done: CryptoModuleSteps.GivenWithVector("constant") (0.0s)&#xD;
When I decrypt 'file-legacy-civ.txt' file as 'binary'&#xD;
-&gt; done: CryptoModuleSteps.WhenIDecryptFileAs("file-legacy-civ.txt", "binary") (0.0s)&#xD;
Then Decrypted file content equal to the 'file.txt' file content&#xD;
-&gt; done: CryptoModuleSteps.ThenDecryptedFileContentEqualToTheFileContent("file.txt") (0.0s)&#xD;
</Text>
      </RunInfo>
      <RunInfo computerName="runner" outcome="Warning" timestamp="2024-10-03T10:46:25.4715190+00:00">
        <Text>Given Crypto module with 'legacy' cryptor&#xD;
-&gt; done: CryptoModuleSteps.GivenCryptoModuleWithCryptor("legacy") (0.0s)&#xD;
* with 'pubnubenigma' cipher key&#xD;
-&gt; done: CryptoModuleSteps.GivenWithCipherKey("pubnubenigma") (0.0s)&#xD;
* with 'random' vector&#xD;
-&gt; done: CryptoModuleSteps.GivenWithVector("random") (0.0s)&#xD;
When I decrypt 'file-legacy-riv.txt' file as 'binary'&#xD;
-&gt; done: CryptoModuleSteps.WhenIDecryptFileAs("file-legacy-riv.txt", "binary") (0.0s)&#xD;
Then Decrypted file content equal to the 'file.txt' file content&#xD;
-&gt; done: CryptoModuleSteps.ThenDecryptedFileContentEqualToTheFileContent("file.txt") (0.0s)&#xD;
</Text>
      </RunInfo>
      <RunInfo computerName="runner" outcome="Warning" timestamp="2024-10-03T10:46:25.4833687+00:00">
        <Text>Given Crypto module with 'acrh' cryptor&#xD;
-&gt; done: CryptoModuleSteps.GivenCryptoModuleWithCryptor("acrh") (0.0s)&#xD;
* with 'pubnubenigma' cipher key&#xD;
-&gt; done: CryptoModuleSteps.GivenWithCipherKey("pubnubenigma") (0.0s)&#xD;
* with '-' vector&#xD;
-&gt; done: CryptoModuleSteps.GivenWithVector("-") (0.0s)&#xD;
When I decrypt 'file-cryptor-v1-acrh.jpg' file as 'binary'&#xD;
-&gt; done: CryptoModuleSteps.WhenIDecryptFileAs("file-cryptor-v1-a...", "binary") (0.0s)&#xD;
Then Decrypted file content equal to the 'file.jpg' file content&#xD;
-&gt; done: CryptoModuleSteps.ThenDecryptedFileContentEqualToTheFileContent("file.jpg") (0.0s)&#xD;
</Text>
      </RunInfo>
      <RunInfo computerName="runner" outcome="Warning" timestamp="2024-10-03T10:46:25.4890709+00:00">
        <Text>Given Crypto module with 'acrh' cryptor&#xD;
-&gt; done: CryptoModuleSteps.GivenCryptoModuleWithCryptor("acrh") (0.0s)&#xD;
* with 'pubnubenigma' cipher key&#xD;
-&gt; done: CryptoModuleSteps.GivenWithCipherKey("pubnubenigma") (0.0s)&#xD;
* with '-' vector&#xD;
-&gt; done: CryptoModuleSteps.GivenWithVector("-") (0.0s)&#xD;
When I decrypt 'file-cryptor-v1-acrh.txt' file as 'binary'&#xD;
-&gt; done: CryptoModuleSteps.WhenIDecryptFileAs("file-cryptor-v1-a...", "binary") (0.0s)&#xD;
Then Decrypted file content equal to the 'file.txt' file content&#xD;
-&gt; done: CryptoModuleSteps.ThenDecryptedFileContentEqualToTheFileContent("file.txt") (0.0s)&#xD;
</Text>
      </RunInfo>
      <RunInfo computerName="runner" outcome="Warning" timestamp="2024-10-03T10:46:25.4922229+00:00">
        <Text>Given Crypto module with 'legacy' cryptor&#xD;
-&gt; done: CryptoModuleSteps.GivenCryptoModuleWithCryptor("legacy") (0.0s)&#xD;
* with 'pubnubenigma' cipher key&#xD;
-&gt; done: CryptoModuleSteps.GivenWithCipherKey("pubnubenigma") (0.0s)&#xD;
* with 'random' vector&#xD;
-&gt; done: CryptoModuleSteps.GivenWithVector("random") (0.0s)&#xD;
When I decrypt 'file-cryptor-legacy-riv.jpg' file as 'stream'&#xD;
-&gt; done: CryptoModuleSteps.WhenIDecryptFileAs("file-cryptor-lega...", "stream") (0.0s)&#xD;
Then Decrypted file content equal to the 'file.jpg' file content&#xD;
-&gt; done: CryptoModuleSteps.ThenDecryptedFileContentEqualToTheFileContent("file.jpg") (0.0s)&#xD;
</Text>
      </RunInfo>
      <RunInfo computerName="runner" outcome="Warning" timestamp="2024-10-03T10:46:25.4950267+00:00">
        <Text>Given Crypto module with 'legacy' cryptor&#xD;
-&gt; done: CryptoModuleSteps.GivenCryptoModuleWithCryptor("legacy") (0.0s)&#xD;
* with 'pubnubenigma' cipher key&#xD;
-&gt; done: CryptoModuleSteps.GivenWithCipherKey("pubnubenigma") (0.0s)&#xD;
* with 'random' vector&#xD;
-&gt; done: CryptoModuleSteps.GivenWithVector("random") (0.0s)&#xD;
When I decrypt 'file-cryptor-legacy-riv.txt' file as 'stream'&#xD;
-&gt; done: CryptoModuleSteps.WhenIDecryptFileAs("file-cryptor-lega...", "stream") (0.0s)&#xD;
Then Decrypted file content equal to the 'file.txt' file content&#xD;
-&gt; done: CryptoModuleSteps.ThenDecryptedFileContentEqualToTheFileContent("file.txt") (0.0s)&#xD;
</Text>
      </RunInfo>
      <RunInfo computerName="runner" outcome="Warning" timestamp="2024-10-03T10:46:25.5010752+00:00">
        <Text>Given Crypto module with 'legacy' cryptor&#xD;
-&gt; done: CryptoModuleSteps.GivenCryptoModuleWithCryptor("legacy") (0.0s)&#xD;
* with 'pubnubenigma' cipher key&#xD;
-&gt; done: CryptoModuleSteps.GivenWithCipherKey("pubnubenigma") (0.0s)&#xD;
* with 'random' vector&#xD;
-&gt; done: CryptoModuleSteps.GivenWithVector("random") (0.0s)&#xD;
When I decrypt 'file-legacy-riv.jpg' file as 'stream'&#xD;
-&gt; done: CryptoModuleSteps.WhenIDecryptFileAs("file-legacy-riv.jpg", "stream") (0.0s)&#xD;
Then Decrypted file content equal to the 'file.jpg' file content&#xD;
-&gt; done: CryptoModuleSteps.ThenDecryptedFileContentEqualToTheFileContent("file.jpg") (0.0s)&#xD;
</Text>
      </RunInfo>
      <RunInfo computerName="runner" outcome="Warning" timestamp="2024-10-03T10:46:25.5033640+00:00">
        <Text>Given Crypto module with 'legacy' cryptor&#xD;
-&gt; done: CryptoModuleSteps.GivenCryptoModuleWithCryptor("legacy") (0.0s)&#xD;
* with 'pubnubenigma' cipher key&#xD;
-&gt; done: CryptoModuleSteps.GivenWithCipherKey("pubnubenigma") (0.0s)&#xD;
* with 'random' vector&#xD;
-&gt; done: CryptoModuleSteps.GivenWithVector("random") (0.0s)&#xD;
When I decrypt 'file-legacy-riv.txt' file as 'stream'&#xD;
-&gt; done: CryptoModuleSteps.WhenIDecryptFileAs("file-legacy-riv.txt", "stream") (0.0s)&#xD;
Then Decrypted file content equal to the 'file.txt' file content&#xD;
-&gt; done: CryptoModuleSteps.ThenDecryptedFileContentEqualToTheFileContent("file.txt") (0.0s)&#xD;
</Text>
      </RunInfo>
      <RunInfo computerName="runner" outcome="Warning" timestamp="2024-10-03T10:46:25.5097383+00:00">
        <Text>Given Crypto module with 'acrh' cryptor&#xD;
-&gt; done: CryptoModuleSteps.GivenCryptoModuleWithCryptor("acrh") (0.0s)&#xD;
* with 'pubnubenigma' cipher key&#xD;
-&gt; done: CryptoModuleSteps.GivenWithCipherKey("pubnubenigma") (0.0s)&#xD;
* with '-' vector&#xD;
-&gt; done: CryptoModuleSteps.GivenWithVector("-") (0.0s)&#xD;
When I decrypt 'file-cryptor-v1-acrh.jpg' file as 'stream'&#xD;
-&gt; done: CryptoModuleSteps.WhenIDecryptFileAs("file-cryptor-v1-a...", "stream") (0.0s)&#xD;
Then Decrypted file content equal to the 'file.jpg' file content&#xD;
-&gt; done: CryptoModuleSteps.ThenDecryptedFileContentEqualToTheFileContent("file.jpg") (0.0s)&#xD;
</Text>
      </RunInfo>
      <RunInfo computerName="runner" outcome="Warning" timestamp="2024-10-03T10:46:25.5119154+00:00">
        <Text>Given Crypto module with 'acrh' cryptor&#xD;
-&gt; done: CryptoModuleSteps.GivenCryptoModuleWithCryptor("acrh") (0.0s)&#xD;
* with 'pubnubenigma' cipher key&#xD;
-&gt; done: CryptoModuleSteps.GivenWithCipherKey("pubnubenigma") (0.0s)&#xD;
* with '-' vector&#xD;
-&gt; done: CryptoModuleSteps.GivenWithVector("-") (0.0s)&#xD;
When I decrypt 'file-cryptor-v1-acrh.txt' file as 'stream'&#xD;
-&gt; done: CryptoModuleSteps.WhenIDecryptFileAs("file-cryptor-v1-a...", "stream") (0.0s)&#xD;
Then Decrypted file content equal to the 'file.txt' file content&#xD;
-&gt; done: CryptoModuleSteps.ThenDecryptedFileContentEqualToTheFileContent("file.txt") (0.0s)&#xD;
</Text>
      </RunInfo>
      <RunInfo computerName="runner" outcome="Warning" timestamp="2024-10-03T10:46:25.5309507+00:00">
        <Text>Given Crypto module with 'legacy' cryptor&#xD;
-&gt; done: CryptoModuleSteps.GivenCryptoModuleWithCryptor("legacy") (0.0s)&#xD;
* with 'pubnubenigma' cipher key&#xD;
-&gt; done: CryptoModuleSteps.GivenWithCipherKey("pubnubenigma") (0.0s)&#xD;
* with 'random' vector&#xD;
-&gt; done: CryptoModuleSteps.GivenWithVector("random") (0.0s)&#xD;
Given Legacy code with 'pubnubenigma' cipher key and 'random' vector&#xD;
-&gt; done: CryptoModuleSteps.GivenLegacyCodeWithCipherKeyAndVector("pubnubenigma", "random") (0.0s)&#xD;
When I encrypt 'file.jpg' file as 'binary'&#xD;
-&gt; done: CryptoModuleSteps.WhenIEncryptFileAs("file.jpg", "binary") (0.0s)&#xD;
Then Successfully decrypt an encrypted file with legacy code&#xD;
-&gt; done: CryptoModuleSteps.ThenSuccessfullyDecryptAnEncryptedFileWithLegacyCode() (0.0s)&#xD;
</Text>
      </RunInfo>
      <RunInfo computerName="runner" outcome="Warning" timestamp="2024-10-03T10:46:25.5342971+00:00">
        <Text>Given Crypto module with 'legacy' cryptor&#xD;
-&gt; done: CryptoModuleSteps.GivenCryptoModuleWithCryptor("legacy") (0.0s)&#xD;
* with 'pubnubenigma' cipher key&#xD;
-&gt; done: CryptoModuleSteps.GivenWithCipherKey("pubnubenigma") (0.0s)&#xD;
* with 'constant' vector&#xD;
-&gt; done: CryptoModuleSteps.GivenWithVector("constant") (0.0s)&#xD;
Given Legacy code with 'pubnubenigma' cipher key and 'constant' vector&#xD;
-&gt; done: CryptoModuleSteps.GivenLegacyCodeWithCipherKeyAndVector("pubnubenigma", "constant") (0.0s)&#xD;
When I encrypt 'file.jpg' file as 'binary'&#xD;
-&gt; done: CryptoModuleSteps.WhenIEncryptFileAs("file.jpg", "binary") (0.0s)&#xD;
Then Successfully decrypt an encrypted file with legacy code&#xD;
-&gt; done: CryptoModuleSteps.ThenSuccessfullyDecryptAnEncryptedFileWithLegacyCode() (0.0s)&#xD;
</Text>
      </RunInfo>
      <RunInfo computerName="runner" outcome="Warning" timestamp="2024-10-03T10:46:25.5375359+00:00">
        <Text>Given Crypto module with 'legacy' cryptor&#xD;
-&gt; done: CryptoModuleSteps.GivenCryptoModuleWithCryptor("legacy") (0.0s)&#xD;
* with 'pubnubenigma' cipher key&#xD;
-&gt; done: CryptoModuleSteps.GivenWithCipherKey("pubnubenigma") (0.0s)&#xD;
* with 'random' vector&#xD;
-&gt; done: CryptoModuleSteps.GivenWithVector("random") (0.0s)&#xD;
Given Legacy code with 'pubnubenigma' cipher key and 'random' vector&#xD;
-&gt; done: CryptoModuleSteps.GivenLegacyCodeWithCipherKeyAndVector("pubnubenigma", "random") (0.0s)&#xD;
When I encrypt 'file.txt' file as 'binary'&#xD;
-&gt; done: CryptoModuleSteps.WhenIEncryptFileAs("file.txt", "binary") (0.0s)&#xD;
Then Successfully decrypt an encrypted file with legacy code&#xD;
-&gt; done: CryptoModuleSteps.ThenSuccessfullyDecryptAnEncryptedFileWithLegacyCode() (0.0s)&#xD;
</Text>
      </RunInfo>
      <RunInfo computerName="runner" outcome="Warning" timestamp="2024-10-03T10:46:25.5399235+00:00">
        <Text>Given Crypto module with 'legacy' cryptor&#xD;
-&gt; done: CryptoModuleSteps.GivenCryptoModuleWithCryptor("legacy") (0.0s)&#xD;
* with 'pubnubenigma' cipher key&#xD;
-&gt; done: CryptoModuleSteps.GivenWithCipherKey("pubnubenigma") (0.0s)&#xD;
* with 'constant' vector&#xD;
-&gt; done: CryptoModuleSteps.GivenWithVector("constant") (0.0s)&#xD;
Given Legacy code with 'pubnubenigma' cipher key and 'constant' vector&#xD;
-&gt; done: CryptoModuleSteps.GivenLegacyCodeWithCipherKeyAndVector("pubnubenigma", "constant") (0.0s)&#xD;
When I encrypt 'file.txt' file as 'binary'&#xD;
-&gt; done: CryptoModuleSteps.WhenIEncryptFileAs("file.txt", "binary") (0.0s)&#xD;
Then Successfully decrypt an encrypted file with legacy code&#xD;
-&gt; done: CryptoModuleSteps.ThenSuccessfullyDecryptAnEncryptedFileWithLegacyCode() (0.0s)&#xD;
</Text>
      </RunInfo>
      <RunInfo computerName="runner" outcome="Warning" timestamp="2024-10-03T10:46:25.5420550+00:00">
        <Text>Given Crypto module with 'legacy' cryptor&#xD;
-&gt; done: CryptoModuleSteps.GivenCryptoModuleWithCryptor("legacy") (0.0s)&#xD;
* with 'pubnubenigma' cipher key&#xD;
-&gt; done: CryptoModuleSteps.GivenWithCipherKey("pubnubenigma") (0.0s)&#xD;
* with 'constant' vector&#xD;
-&gt; done: CryptoModuleSteps.GivenWithVector("constant") (0.0s)&#xD;
When I decrypt 'empty-file.txt' file as 'binary'&#xD;
-&gt; done: CryptoModuleSteps.WhenIDecryptFileAs("empty-file.txt", "binary") (0.0s)&#xD;
Then I receive 'decryption error'&#xD;
-&gt; done: CryptoModuleSteps.ThenIReceive("decryption error") (0.0s)&#xD;
</Text>
      </RunInfo>
      <RunInfo computerName="runner" outcome="Warning" timestamp="2024-10-03T10:46:25.5439050+00:00">
        <Text>Given Crypto module with 'legacy' cryptor&#xD;
-&gt; done: CryptoModuleSteps.GivenCryptoModuleWithCryptor("legacy") (0.0s)&#xD;
* with 'pubnubenigma' cipher key&#xD;
-&gt; done: CryptoModuleSteps.GivenWithCipherKey("pubnubenigma") (0.0s)&#xD;
* with 'random' vector&#xD;
-&gt; done: CryptoModuleSteps.GivenWithVector("random") (0.0s)&#xD;
When I decrypt 'empty-file.txt' file as 'binary'&#xD;
-&gt; done: CryptoModuleSteps.WhenIDecryptFileAs("empty-file.txt", "binary") (0.0s)&#xD;
Then I receive 'decryption error'&#xD;
-&gt; done: CryptoModuleSteps.ThenIReceive("decryption error") (0.0s)&#xD;
</Text>
      </RunInfo>
      <RunInfo computerName="runner" outcome="Warning" timestamp="2024-10-03T10:46:25.5462273+00:00">
        <Text>Given Crypto module with 'acrh' cryptor&#xD;
-&gt; done: CryptoModuleSteps.GivenCryptoModuleWithCryptor("acrh") (0.0s)&#xD;
* with 'pubnubenigma' cipher key&#xD;
-&gt; done: CryptoModuleSteps.GivenWithCipherKey("pubnubenigma") (0.0s)&#xD;
* with '-' vector&#xD;
-&gt; done: CryptoModuleSteps.GivenWithVector("-") (0.0s)&#xD;
When I decrypt 'empty-file.txt' file as 'binary'&#xD;
-&gt; done: CryptoModuleSteps.WhenIDecryptFileAs("empty-file.txt", "binary") (0.0s)&#xD;
Then I receive 'decryption error'&#xD;
-&gt; done: CryptoModuleSteps.ThenIReceive("decryption error") (0.0s)&#xD;
</Text>
      </RunInfo>
      <RunInfo computerName="runner" outcome="Warning" timestamp="2024-10-03T10:46:25.5481949+00:00">
        <Text>Given Crypto module with 'legacy' cryptor&#xD;
-&gt; done: CryptoModuleSteps.GivenCryptoModuleWithCryptor("legacy") (0.0s)&#xD;
* with 'pubnubenigma' cipher key&#xD;
-&gt; done: CryptoModuleSteps.GivenWithCipherKey("pubnubenigma") (0.0s)&#xD;
* with 'random' vector&#xD;
-&gt; done: CryptoModuleSteps.GivenWithVector("random") (0.0s)&#xD;
When I decrypt 'empty-file-cryptor-legacy-riv.txt' file as 'binary'&#xD;
-&gt; done: CryptoModuleSteps.WhenIDecryptFileAs("empty-file-crypto...", "binary") (0.0s)&#xD;
Then I receive 'decryption error'&#xD;
-&gt; done: CryptoModuleSteps.ThenIReceive("decryption error") (0.0s)&#xD;
</Text>
      </RunInfo>
      <RunInfo computerName="runner" outcome="Warning" timestamp="2024-10-03T10:46:25.5501357+00:00">
        <Text>Given Crypto module with 'acrh' cryptor&#xD;
-&gt; done: CryptoModuleSteps.GivenCryptoModuleWithCryptor("acrh") (0.0s)&#xD;
* with 'pubnubenigma' cipher key&#xD;
-&gt; done: CryptoModuleSteps.GivenWithCipherKey("pubnubenigma") (0.0s)&#xD;
* with '-' vector&#xD;
-&gt; done: CryptoModuleSteps.GivenWithVector("-") (0.0s)&#xD;
When I decrypt 'empty-file-cryptor-v1-acrh.txt' file as 'binary'&#xD;
-&gt; done: CryptoModuleSteps.WhenIDecryptFileAs("empty-file-crypto...", "binary") (0.0s)&#xD;
Then I receive 'decryption error'&#xD;
-&gt; done: CryptoModuleSteps.ThenIReceive("decryption error") (0.0s)&#xD;
</Text>
      </RunInfo>
      <RunInfo computerName="runner" outcome="Warning" timestamp="2024-10-03T10:46:25.5524512+00:00">
        <Text>Given Crypto module with 'legacy' cryptor&#xD;
-&gt; done: CryptoModuleSteps.GivenCryptoModuleWithCryptor("legacy") (0.0s)&#xD;
* with 'pubnubenigma' cipher key&#xD;
-&gt; done: CryptoModuleSteps.GivenWithCipherKey("pubnubenigma") (0.0s)&#xD;
* with 'constant' vector&#xD;
-&gt; done: CryptoModuleSteps.GivenWithVector("constant") (0.0s)&#xD;
When I encrypt 'empty-file.txt' file as 'binary'&#xD;
-&gt; done: CryptoModuleSteps.WhenIEncryptFileAs("empty-file.txt", "binary") (0.0s)&#xD;
Then I receive 'encryption error'&#xD;
-&gt; done: CryptoModuleSteps.ThenIReceive("encryption error") (0.0s)&#xD;
</Text>
      </RunInfo>
      <RunInfo computerName="runner" outcome="Warning" timestamp="2024-10-03T10:46:25.5543405+00:00">
        <Text>Given Crypto module with 'legacy' cryptor&#xD;
-&gt; done: CryptoModuleSteps.GivenCryptoModuleWithCryptor("legacy") (0.0s)&#xD;
* with 'pubnubenigma' cipher key&#xD;
-&gt; done: CryptoModuleSteps.GivenWithCipherKey("pubnubenigma") (0.0s)&#xD;
* with 'random' vector&#xD;
-&gt; done: CryptoModuleSteps.GivenWithVector("random") (0.0s)&#xD;
When I encrypt 'empty-file.txt' file as 'binary'&#xD;
-&gt; done: CryptoModuleSteps.WhenIEncryptFileAs("empty-file.txt", "binary") (0.0s)&#xD;
Then I receive 'encryption error'&#xD;
-&gt; done: CryptoModuleSteps.ThenIReceive("encryption error") (0.0s)&#xD;
</Text>
      </RunInfo>
      <RunInfo computerName="runner" outcome="Warning" timestamp="2024-10-03T10:46:25.5572408+00:00">
        <Text>Given Crypto module with 'acrh' cryptor&#xD;
-&gt; done: CryptoModuleSteps.GivenCryptoModuleWithCryptor("acrh") (0.0s)&#xD;
* with 'pubnubenigma' cipher key&#xD;
-&gt; done: CryptoModuleSteps.GivenWithCipherKey("pubnubenigma") (0.0s)&#xD;
* with '-' vector&#xD;
-&gt; done: CryptoModuleSteps.GivenWithVector("-") (0.0s)&#xD;
When I encrypt 'empty-file.txt' file as 'binary'&#xD;
-&gt; done: CryptoModuleSteps.WhenIEncryptFileAs("empty-file.txt", "binary") (0.0s)&#xD;
Then I receive 'encryption error'&#xD;
-&gt; done: CryptoModuleSteps.ThenIReceive("encryption error") (0.0s)&#xD;
</Text>
      </RunInfo>
      <RunInfo computerName="runner" outcome="Warning" timestamp="2024-10-03T10:46:25.5589522+00:00">
        <Text>Given Crypto module with 'acrh' cryptor&#xD;
-&gt; done: CryptoModuleSteps.GivenCryptoModuleWithCryptor("acrh") (0.0s)&#xD;
* with 'pubnubenigma' cipher key&#xD;
-&gt; done: CryptoModuleSteps.GivenWithCipherKey("pubnubenigma") (0.0s)&#xD;
* with '-' vector&#xD;
-&gt; done: CryptoModuleSteps.GivenWithVector("-") (0.0s)&#xD;
When I encrypt 'empty-file.txt' file as 'binary'&#xD;
-&gt; done: CryptoModuleSteps.WhenIEncryptFileAs("empty-file.txt", "binary") (0.0s)&#xD;
Then I receive 'encryption error'&#xD;
-&gt; done: CryptoModuleSteps.ThenIReceive("encryption error") (0.0s)&#xD;
</Text>
      </RunInfo>
      <RunInfo computerName="runner" outcome="Warning" timestamp="2024-10-03T10:46:25.5613347+00:00">
        <Text>Given Crypto module with 'legacy' cryptor&#xD;
-&gt; done: CryptoModuleSteps.GivenCryptoModuleWithCryptor("legacy") (0.0s)&#xD;
* with 'pubnubenigma' cipher key&#xD;
-&gt; done: CryptoModuleSteps.GivenWithCipherKey("pubnubenigma") (0.0s)&#xD;
* with 'constant' vector&#xD;
-&gt; done: CryptoModuleSteps.GivenWithVector("constant") (0.0s)&#xD;
When I decrypt 'empty-file.txt' file as 'stream'&#xD;
-&gt; done: CryptoModuleSteps.WhenIDecryptFileAs("empty-file.txt", "stream") (0.0s)&#xD;
Then I receive 'decryption error'&#xD;
-&gt; done: CryptoModuleSteps.ThenIReceive("decryption error") (0.0s)&#xD;
</Text>
      </RunInfo>
      <RunInfo computerName="runner" outcome="Warning" timestamp="2024-10-03T10:46:25.5632596+00:00">
        <Text>Given Crypto module with 'legacy' cryptor&#xD;
-&gt; done: CryptoModuleSteps.GivenCryptoModuleWithCryptor("legacy") (0.0s)&#xD;
* with 'pubnubenigma' cipher key&#xD;
-&gt; done: CryptoModuleSteps.GivenWithCipherKey("pubnubenigma") (0.0s)&#xD;
* with 'random' vector&#xD;
-&gt; done: CryptoModuleSteps.GivenWithVector("random") (0.0s)&#xD;
When I decrypt 'empty-file.txt' file as 'stream'&#xD;
-&gt; done: CryptoModuleSteps.WhenIDecryptFileAs("empty-file.txt", "stream") (0.0s)&#xD;
Then I receive 'decryption error'&#xD;
-&gt; done: CryptoModuleSteps.ThenIReceive("decryption error") (0.0s)&#xD;
</Text>
      </RunInfo>
      <RunInfo computerName="runner" outcome="Warning" timestamp="2024-10-03T10:46:25.5651574+00:00">
        <Text>Given Crypto module with 'acrh' cryptor&#xD;
-&gt; done: CryptoModuleSteps.GivenCryptoModuleWithCryptor("acrh") (0.0s)&#xD;
* with 'pubnubenigma' cipher key&#xD;
-&gt; done: CryptoModuleSteps.GivenWithCipherKey("pubnubenigma") (0.0s)&#xD;
* with '-' vector&#xD;
-&gt; done: CryptoModuleSteps.GivenWithVector("-") (0.0s)&#xD;
When I decrypt 'empty-file.txt' file as 'stream'&#xD;
-&gt; done: CryptoModuleSteps.WhenIDecryptFileAs("empty-file.txt", "stream") (0.0s)&#xD;
Then I receive 'decryption error'&#xD;
-&gt; done: CryptoModuleSteps.ThenIReceive("decryption error") (0.0s)&#xD;
</Text>
      </RunInfo>
      <RunInfo computerName="runner" outcome="Warning" timestamp="2024-10-03T10:46:25.5671612+00:00">
        <Text>Given Crypto module with 'legacy' cryptor&#xD;
-&gt; done: CryptoModuleSteps.GivenCryptoModuleWithCryptor("legacy") (0.0s)&#xD;
* with 'pubnubenigma' cipher key&#xD;
-&gt; done: CryptoModuleSteps.GivenWithCipherKey("pubnubenigma") (0.0s)&#xD;
* with 'random' vector&#xD;
-&gt; done: CryptoModuleSteps.GivenWithVector("random") (0.0s)&#xD;
When I decrypt 'empty-file-cryptor-legacy-riv.txt' file as 'stream'&#xD;
-&gt; done: CryptoModuleSteps.WhenIDecryptFileAs("empty-file-crypto...", "stream") (0.0s)&#xD;
Then I receive 'decryption error'&#xD;
-&gt; done: CryptoModuleSteps.ThenIReceive("decryption error") (0.0s)&#xD;
</Text>
      </RunInfo>
      <RunInfo computerName="runner" outcome="Warning" timestamp="2024-10-03T10:46:25.5698597+00:00">
        <Text>Given Crypto module with 'acrh' cryptor&#xD;
-&gt; done: CryptoModuleSteps.GivenCryptoModuleWithCryptor("acrh") (0.0s)&#xD;
* with 'pubnubenigma' cipher key&#xD;
-&gt; done: CryptoModuleSteps.GivenWithCipherKey("pubnubenigma") (0.0s)&#xD;
* with '-' vector&#xD;
-&gt; done: CryptoModuleSteps.GivenWithVector("-") (0.0s)&#xD;
When I decrypt 'empty-file-cryptor-v1-acrh.txt' file as 'stream'&#xD;
-&gt; done: CryptoModuleSteps.WhenIDecryptFileAs("empty-file-crypto...", "stream") (0.0s)&#xD;
Then I receive 'decryption error'&#xD;
-&gt; done: CryptoModuleSteps.ThenIReceive("decryption error") (0.0s)&#xD;
</Text>
      </RunInfo>
      <RunInfo computerName="runner" outcome="Warning" timestamp="2024-10-03T10:46:25.5722151+00:00">
        <Text>Given Crypto module with 'legacy' cryptor&#xD;
-&gt; done: CryptoModuleSteps.GivenCryptoModuleWithCryptor("legacy") (0.0s)&#xD;
* with 'pubnubenigma' cipher key&#xD;
-&gt; done: CryptoModuleSteps.GivenWithCipherKey("pubnubenigma") (0.0s)&#xD;
* with 'constant' vector&#xD;
-&gt; done: CryptoModuleSteps.GivenWithVector("constant") (0.0s)&#xD;
When I encrypt 'empty-file.txt' file as 'stream'&#xD;
-&gt; done: CryptoModuleSteps.WhenIEncryptFileAs("empty-file.txt", "stream") (0.0s)&#xD;
Then I receive 'encryption error'&#xD;
-&gt; done: CryptoModuleSteps.ThenIReceive("encryption error") (0.0s)&#xD;
</Text>
      </RunInfo>
      <RunInfo computerName="runner" outcome="Warning" timestamp="2024-10-03T10:46:25.5741317+00:00">
        <Text>Given Crypto module with 'legacy' cryptor&#xD;
-&gt; done: CryptoModuleSteps.GivenCryptoModuleWithCryptor("legacy") (0.0s)&#xD;
* with 'pubnubenigma' cipher key&#xD;
-&gt; done: CryptoModuleSteps.GivenWithCipherKey("pubnubenigma") (0.0s)&#xD;
* with 'random' vector&#xD;
-&gt; done: CryptoModuleSteps.GivenWithVector("random") (0.0s)&#xD;
When I encrypt 'empty-file.txt' file as 'stream'&#xD;
-&gt; done: CryptoModuleSteps.WhenIEncryptFileAs("empty-file.txt", "stream") (0.0s)&#xD;
Then I receive 'encryption error'&#xD;
-&gt; done: CryptoModuleSteps.ThenIReceive("encryption error") (0.0s)&#xD;
</Text>
      </RunInfo>
      <RunInfo computerName="runner" outcome="Warning" timestamp="2024-10-03T10:46:25.5776784+00:00">
        <Text>Given Crypto module with 'acrh' cryptor&#xD;
-&gt; done: CryptoModuleSteps.GivenCryptoModuleWithCryptor("acrh") (0.0s)&#xD;
* with 'pubnubenigma' cipher key&#xD;
-&gt; done: CryptoModuleSteps.GivenWithCipherKey("pubnubenigma") (0.0s)&#xD;
* with '-' vector&#xD;
-&gt; done: CryptoModuleSteps.GivenWithVector("-") (0.0s)&#xD;
When I encrypt 'empty-file.txt' file as 'stream'&#xD;
-&gt; done: CryptoModuleSteps.WhenIEncryptFileAs("empty-file.txt", "stream") (0.0s)&#xD;
Then I receive 'encryption error'&#xD;
-&gt; done: CryptoModuleSteps.ThenIReceive("encryption error") (0.0s)&#xD;
</Text>
      </RunInfo>
      <RunInfo computerName="runner" outcome="Warning" timestamp="2024-10-03T10:46:25.5783892+00:00">
        <Text>Given Crypto module with 'acrh' cryptor&#xD;
-&gt; done: CryptoModuleSteps.GivenCryptoModuleWithCryptor("acrh") (0.0s)&#xD;
* with 'pubnubenigma' cipher key&#xD;
-&gt; done: CryptoModuleSteps.GivenWithCipherKey("pubnubenigma") (0.0s)&#xD;
* with '-' vector&#xD;
-&gt; done: CryptoModuleSteps.GivenWithVector("-") (0.0s)&#xD;
When I encrypt 'empty-file.txt' file as 'stream'&#xD;
-&gt; done: CryptoModuleSteps.WhenIEncryptFileAs("empty-file.txt", "stream") (0.0s)&#xD;
Then I receive 'encryption error'&#xD;
-&gt; done: CryptoModuleSteps.ThenIReceive("encryption error") (0.0s)&#xD;
</Text>
      </RunInfo>
      <RunInfo computerName="runner" outcome="Warning" timestamp="2024-10-03T10:46:25.5831829+00:00">
        <Text>Given Crypto module with 'legacy' cryptor&#xD;
-&gt; done: CryptoModuleSteps.GivenCryptoModuleWithCryptor("legacy") (0.0s)&#xD;
Given Legacy code with 'pubnubenigma' cipher key and 'random' vector&#xD;
-&gt; done: CryptoModuleSteps.GivenLegacyCodeWithCipherKeyAndVector("pubnubenigma", "random") (0.0s)&#xD;
* with 'pubnubenigma' cipher key&#xD;
-&gt; done: CryptoModuleSteps.GivenWithCipherKey("pubnubenigma") (0.0s)&#xD;
* with 'random' vector&#xD;
-&gt; done: CryptoModuleSteps.GivenWithVector("random") (0.0s)&#xD;
When I encrypt 'file.jpg' file as 'stream'&#xD;
-&gt; done: CryptoModuleSteps.WhenIEncryptFileAs("file.jpg", "stream") (0.0s)&#xD;
Then Successfully decrypt an encrypted file with legacy code&#xD;
-&gt; done: CryptoModuleSteps.ThenSuccessfullyDecryptAnEncryptedFileWithLegacyCode() (0.0s)&#xD;
</Text>
      </RunInfo>
      <RunInfo computerName="runner" outcome="Warning" timestamp="2024-10-03T10:46:25.5858136+00:00">
        <Text>Given Crypto module with 'legacy' cryptor&#xD;
-&gt; done: CryptoModuleSteps.GivenCryptoModuleWithCryptor("legacy") (0.0s)&#xD;
Given Legacy code with 'pubnubenigma' cipher key and 'random' vector&#xD;
-&gt; done: CryptoModuleSteps.GivenLegacyCodeWithCipherKeyAndVector("pubnubenigma", "random") (0.0s)&#xD;
* with 'pubnubenigma' cipher key&#xD;
-&gt; done: CryptoModuleSteps.GivenWithCipherKey("pubnubenigma") (0.0s)&#xD;
* with 'random' vector&#xD;
-&gt; done: CryptoModuleSteps.GivenWithVector("random") (0.0s)&#xD;
When I encrypt 'file.txt' file as 'stream'&#xD;
-&gt; done: CryptoModuleSteps.WhenIEncryptFileAs("file.txt", "stream") (0.0s)&#xD;
Then Successfully decrypt an encrypted file with legacy code&#xD;
-&gt; done: CryptoModuleSteps.ThenSuccessfullyDecryptAnEncryptedFileWithLegacyCode() (0.0s)&#xD;
</Text>
      </RunInfo>
      <RunInfo computerName="runner" outcome="Warning" timestamp="2024-10-03T10:46:35.7610062+00:00">
        <Text>Given the demo keyset with event engine enabled&#xD;
-&gt; done: EventEngineSteps.GivenTheDemoKeysetWithEventEngineEnabled() (0.0s)&#xD;
Given a linear reconnection policy with 3 retries&#xD;
-&gt; done: EventEngineSteps.GivenALinearReconnectionPolicyWithRetries(3) (0.0s)&#xD;
When I subscribe&#xD;
PNSubscribeOperation PNConnectionErrorCategory 0&#xD;
-&gt; done: EventEngineSteps.WhenISubscribe() (10.1s)&#xD;
Then I receive an error in my subscribe response&#xD;
-&gt; done: EventEngineSteps.ThenIReceiveAnErrorInMySubscribeResponse() (0.0s)&#xD;
And I observe the following:&#xD;
  --- table step argument ---&#xD;
  | type       | name                        |&#xD;
  | event      | SUBSCRIPTION_CHANGED        |&#xD;
  | invocation | HANDSHAKE                   |&#xD;
  | event      | HANDSHAKE_FAILURE           |&#xD;
  | invocation | CANCEL_HANDSHAKE            |&#xD;
  | invocation | HANDSHAKE_RECONNECT         |&#xD;
  | event      | HANDSHAKE_RECONNECT_FAILURE |&#xD;
  | invocation | CANCEL_HANDSHAKE_RECONNECT  |&#xD;
  | invocation | HANDSHAKE_RECONNECT         |&#xD;
  | event      | HANDSHAKE_RECONNECT_FAILURE |&#xD;
  | invocation | CANCEL_HANDSHAKE_RECONNECT  |&#xD;
  | invocation | HANDSHAKE_RECONNECT         |&#xD;
  | event      | HANDSHAKE_RECONNECT_FAILURE |&#xD;
  | invocation | CANCEL_HANDSHAKE_RECONNECT  |&#xD;
  | invocation | HANDSHAKE_RECONNECT         |&#xD;
  | event      | HANDSHAKE_RECONNECT_GIVEUP  |&#xD;
  | invocation | CANCEL_HANDSHAKE_RECONNECT  |&#xD;
  | invocation | EMIT_STATUS                 |&#xD;
-&gt; done: EventEngineSteps.ThenIObserveTheFollowing(&lt;table&gt;) (0.0s)&#xD;
</Text>
      </RunInfo>
      <RunInfo computerName="runner" outcome="Warning" timestamp="2024-10-03T10:46:41.3415970+00:00">
        <Text>Given the demo keyset with event engine enabled&#xD;
-&gt; done: EventEngineSteps.GivenTheDemoKeysetWithEventEngineEnabled() (0.0s)&#xD;
Given a linear reconnection policy with 3 retries&#xD;
-&gt; done: EventEngineSteps.GivenALinearReconnectionPolicyWithRetries(3) (0.0s)&#xD;
When I subscribe&#xD;
PNSubscribeOperation PNConnectedCategory 200&#xD;
-&gt; done: EventEngineSteps.WhenISubscribe() (4.6s)&#xD;
Then I receive the message in my subscribe response&#xD;
Message received in listener. {"Message":"{\r\n  \"content\": \"Hello world!\"\r\n}","Timetoken":0,"Publisher":"tomato","Channel":"test","Subscription":null,"UserMetadata":null}&#xD;
-&gt; done: EventEngineSteps.ThenIReceiveTheMessageInMySubscribeResponse() (1.0s)&#xD;
And I observe the following:&#xD;
  --- table step argument ---&#xD;
  | type       | name                        |&#xD;
  | event      | SUBSCRIPTION_CHANGED        |&#xD;
  | invocation | HANDSHAKE                   |&#xD;
  | event      | HANDSHAKE_FAILURE           |&#xD;
  | invocation | CANCEL_HANDSHAKE            |&#xD;
  | invocation | HANDSHAKE_RECONNECT         |&#xD;
  | event      | HANDSHAKE_RECONNECT_FAILURE |&#xD;
  | invocation | CANCEL_HANDSHAKE_RECONNECT  |&#xD;
  | invocation | HANDSHAKE_RECONNECT         |&#xD;
  | event      | HANDSHAKE_RECONNECT_SUCCESS |&#xD;
  | invocation | CANCEL_HANDSHAKE_RECONNECT  |&#xD;
  | invocation | EMIT_STATUS                 |&#xD;
  | invocation | RECEIVE_MESSAGES            |&#xD;
  | event      | RECEIVE_SUCCESS             |&#xD;
  | invocation | CANCEL_RECEIVE_MESSAGES     |&#xD;
  | invocation | EMIT_MESSAGES               |&#xD;
  | invocation | RECEIVE_MESSAGES            |&#xD;
-&gt; done: EventEngineSteps.ThenIObserveTheFollowing(&lt;table&gt;) (0.0s)&#xD;
None PNDisconnectedCategory 0&#xD;
</Text>
      </RunInfo>
      <RunInfo computerName="runner" outcome="Warning" timestamp="2024-10-03T10:46:43.4202155+00:00">
        <Text>Given the demo keyset with event engine enabled&#xD;
-&gt; done: EventEngineSteps.GivenTheDemoKeysetWithEventEngineEnabled() (0.0s)&#xD;
Given a linear reconnection policy with 3 retries&#xD;
-&gt; done: EventEngineSteps.GivenALinearReconnectionPolicyWithRetries(3) (0.0s)&#xD;
When I subscribe&#xD;
PNSubscribeOperation PNConnectedCategory 200&#xD;
-&gt; done: EventEngineSteps.WhenISubscribe() (0.0s)&#xD;
Then I receive the message in my subscribe response&#xD;
Message received in listener. {"Message":"{\r\n  \"content\": \"Hello world!\"\r\n}","Timetoken":0,"Publisher":"tomato","Channel":"test","Subscription":null,"UserMetadata":null}&#xD;
-&gt; done: EventEngineSteps.ThenIReceiveTheMessageInMySubscribeResponse() (2.0s)&#xD;
And I observe the following:&#xD;
  --- table step argument ---&#xD;
  | type       | name                      |&#xD;
  | event      | SUBSCRIPTION_CHANGED      |&#xD;
  | invocation | HANDSHAKE                 |&#xD;
  | event      | HANDSHAKE_SUCCESS         |&#xD;
  | invocation | CANCEL_HANDSHAKE          |&#xD;
  | invocation | EMIT_STATUS               |&#xD;
  | invocation | RECEIVE_MESSAGES          |&#xD;
  | event      | RECEIVE_FAILURE           |&#xD;
  | invocation | CANCEL_RECEIVE_MESSAGES   |&#xD;
  | invocation | RECEIVE_RECONNECT         |&#xD;
  | event      | RECEIVE_RECONNECT_SUCCESS |&#xD;
  | invocation | CANCEL_RECEIVE_RECONNECT  |&#xD;
  | invocation | EMIT_MESSAGES             |&#xD;
  | invocation | RECEIVE_MESSAGES          |&#xD;
-&gt; done: EventEngineSteps.ThenIObserveTheFollowing(&lt;table&gt;) (0.0s)&#xD;
None PNDisconnectedCategory 0&#xD;
</Text>
      </RunInfo>
      <RunInfo computerName="runner" outcome="Warning" timestamp="2024-10-03T10:46:44.4539987+00:00">
        <Text>Given the demo keyset with event engine enabled&#xD;
-&gt; done: EventEngineSteps.GivenTheDemoKeysetWithEventEngineEnabled() (0.0s)&#xD;
When I subscribe&#xD;
PNSubscribeOperation PNConnectedCategory 200&#xD;
-&gt; done: EventEngineSteps.WhenISubscribe() (0.0s)&#xD;
Then I receive the message in my subscribe response&#xD;
Message received in listener. {"Message":"hello","Timetoken":0,"Publisher":"a","Channel":"test","Subscription":null,"UserMetadata":null}&#xD;
-&gt; done: EventEngineSteps.ThenIReceiveTheMessageInMySubscribeResponse() (1.0s)&#xD;
And I observe the following:&#xD;
  --- table step argument ---&#xD;
  | type       | name                    |&#xD;
  | event      | SUBSCRIPTION_CHANGED    |&#xD;
  | invocation | HANDSHAKE               |&#xD;
  | event      | HANDSHAKE_SUCCESS       |&#xD;
  | invocation | CANCEL_HANDSHAKE        |&#xD;
  | invocation | EMIT_STATUS             |&#xD;
  | invocation | RECEIVE_MESSAGES        |&#xD;
  | event      | RECEIVE_SUCCESS         |&#xD;
  | invocation | CANCEL_RECEIVE_MESSAGES |&#xD;
  | invocation | EMIT_MESSAGES           |&#xD;
  | invocation | RECEIVE_MESSAGES        |&#xD;
-&gt; done: EventEngineSteps.ThenIObserveTheFollowing(&lt;table&gt;) (0.0s)&#xD;
None PNDisconnectedCategory 0&#xD;
</Text>
      </RunInfo>
      <RunInfo computerName="runner" outcome="Warning" timestamp="2024-10-03T10:46:45.5018320+00:00">
        <Text>Given the demo keyset with event engine enabled&#xD;
-&gt; done: EventEngineSteps.GivenTheDemoKeysetWithEventEngineEnabled() (0.0s)&#xD;
When I subscribe with timetoken 12345678901234567&#xD;
PNSubscribeOperation PNConnectedCategory 200&#xD;
-&gt; done: EventEngineSteps.WhenISubscribeWithTimetoken(12345678901234567) (0.0s)&#xD;
Then I receive the message in my subscribe response&#xD;
Message received in listener. {"Message":"{\r\n  \"content\": \"Hello world!\"\r\n}","Timetoken":0,"Publisher":"tomato","Channel":"test","Subscription":null,"UserMetadata":null}&#xD;
-&gt; done: EventEngineSteps.ThenIReceiveTheMessageInMySubscribeResponse() (1.0s)&#xD;
And I observe the following:&#xD;
  --- table step argument ---&#xD;
  | type       | name                    |&#xD;
  | event      | SUBSCRIPTION_RESTORED   |&#xD;
  | invocation | HANDSHAKE               |&#xD;
  | event      | HANDSHAKE_SUCCESS       |&#xD;
  | invocation | CANCEL_HANDSHAKE        |&#xD;
  | invocation | EMIT_STATUS             |&#xD;
  | invocation | RECEIVE_MESSAGES        |&#xD;
  | event      | RECEIVE_SUCCESS         |&#xD;
  | invocation | CANCEL_RECEIVE_MESSAGES |&#xD;
  | invocation | EMIT_MESSAGES           |&#xD;
  | invocation | RECEIVE_MESSAGES        |&#xD;
-&gt; done: EventEngineSteps.ThenIObserveTheFollowing(&lt;table&gt;) (0.0s)&#xD;
None PNDisconnectedCategory 0&#xD;
</Text>
      </RunInfo>
      <RunInfo computerName="runner" outcome="Warning" timestamp="2024-10-03T10:46:48.8772566+00:00">
        <Text>Given the demo keyset with event engine enabled&#xD;
-&gt; done: EventEngineSteps.GivenTheDemoKeysetWithEventEngineEnabled() (0.0s)&#xD;
Given a linear reconnection policy with 3 retries&#xD;
-&gt; done: EventEngineSteps.GivenALinearReconnectionPolicyWithRetries(3) (0.0s)&#xD;
When I subscribe with timetoken 12345678901234567&#xD;
PNSubscribeOperation PNConnectedCategory 200&#xD;
-&gt; done: EventEngineSteps.WhenISubscribeWithTimetoken(12345678901234567) (2.4s)&#xD;
Then I receive the message in my subscribe response&#xD;
Message received in listener. {"Message":"{\r\n  \"content\": \"Hello world!\"\r\n}","Timetoken":0,"Publisher":"tomato","Channel":"test","Subscription":null,"UserMetadata":null}&#xD;
-&gt; done: EventEngineSteps.ThenIReceiveTheMessageInMySubscribeResponse() (1.0s)&#xD;
And I observe the following:&#xD;
  --- table step argument ---&#xD;
  | type       | name                        |&#xD;
  | event      | SUBSCRIPTION_RESTORED       |&#xD;
  | invocation | HANDSHAKE                   |&#xD;
  | event      | HANDSHAKE_FAILURE           |&#xD;
  | invocation | CANCEL_HANDSHAKE            |&#xD;
  | invocation | HANDSHAKE_RECONNECT         |&#xD;
  | event      | HANDSHAKE_RECONNECT_SUCCESS |&#xD;
  | invocation | CANCEL_HANDSHAKE_RECONNECT  |&#xD;
  | invocation | EMIT_STATUS                 |&#xD;
  | invocation | RECEIVE_MESSAGES            |&#xD;
  | event      | RECEIVE_SUCCESS             |&#xD;
  | invocation | CANCEL_RECEIVE_MESSAGES     |&#xD;
  | invocation | EMIT_MESSAGES               |&#xD;
  | invocation | RECEIVE_MESSAGES            |&#xD;
-&gt; done: EventEngineSteps.ThenIObserveTheFollowing(&lt;table&gt;) (0.0s)&#xD;
None PNDisconnectedCategory 0&#xD;
</Text>
      </RunInfo>
      <RunInfo computerName="runner" outcome="Warning" timestamp="2024-10-03T10:46:57.9197211+00:00">
        <Text>Given the demo keyset with Presence EE enabled&#xD;
-&gt; done: EventEngineSteps.GivenTheDemoKeysetWithPresenceEEenabled() (0.0s)&#xD;
Given heartbeatInterval set to '1', timeout set to '60' and suppressLeaveEvents set to 'false'&#xD;
-&gt; done: EventEngineSteps.GivenPresenceConfiguration("1", "60", "false") (0.0s)&#xD;
Given a linear reconnection policy with 3 retries&#xD;
-&gt; done: EventEngineSteps.GivenALinearReconnectionPolicyWithRetries(3) (0.0s)&#xD;
When I join 'first', 'second', 'third' channels&#xD;
-&gt; done: EventEngineSteps.WhenIJoinChannels("first", "second", "third") (0.0s)&#xD;
Then I receive an error in my heartbeat response&#xD;
-&gt; done: EventEngineSteps.ThenHeartbeatErrorAsync() (9.0s)&#xD;
And I observe the following Events and Invocations of the Presence EE:&#xD;
  --- table step argument ---&#xD;
  | type       | name                     |&#xD;
  | event      | JOINED                   |&#xD;
  | invocation | HEARTBEAT                |&#xD;
  | event      | HEARTBEAT_FAILURE        |&#xD;
  | invocation | DELAYED_HEARTBEAT        |&#xD;
  | event      | HEARTBEAT_FAILURE        |&#xD;
  | invocation | CANCEL_DELAYED_HEARTBEAT |&#xD;
  | invocation | DELAYED_HEARTBEAT        |&#xD;
  | event      | HEARTBEAT_FAILURE        |&#xD;
  | invocation | CANCEL_DELAYED_HEARTBEAT |&#xD;
  | invocation | DELAYED_HEARTBEAT        |&#xD;
  | event      | HEARTBEAT_FAILURE        |&#xD;
  | invocation | CANCEL_DELAYED_HEARTBEAT |&#xD;
  | invocation | DELAYED_HEARTBEAT        |&#xD;
  | event      | HEARTBEAT_GIVEUP         |&#xD;
  | invocation | CANCEL_DELAYED_HEARTBEAT |&#xD;
-&gt; done: EventEngineSteps.ThenIObserverPresenceEventEngine(&lt;table&gt;) (0.0s)&#xD;
</Text>
      </RunInfo>
      <RunInfo computerName="runner" outcome="Warning" timestamp="2024-10-03T10:46:57.9412658+00:00">
        <Text>Given the demo keyset with Presence EE enabled&#xD;
-&gt; done: EventEngineSteps.GivenTheDemoKeysetWithPresenceEEenabled() (0.0s)&#xD;
Given heartbeatInterval set to '0', timeout set to '60' and suppressLeaveEvents set to 'false'&#xD;
-&gt; done: EventEngineSteps.GivenPresenceConfiguration("0", "60", "false") (0.0s)&#xD;
When I join 'first', 'second', 'third' channels&#xD;
-&gt; done: EventEngineSteps.WhenIJoinChannels("first", "second", "third") (0.0s)&#xD;
Then I don't observe any Events and Invocations of the Presence EE&#xD;
-&gt; done: EventEngineSteps.ThenIDontObserveAnyEventsAndInvocationsOfThePresenceEE() (0.0s)&#xD;
</Text>
      </RunInfo>
      <RunInfo computerName="runner" outcome="Warning" timestamp="2024-10-03T10:47:01.0403477+00:00">
        <Text>Given the demo keyset with Presence EE enabled&#xD;
-&gt; done: EventEngineSteps.GivenTheDemoKeysetWithPresenceEEenabled() (0.0s)&#xD;
Given heartbeatInterval set to '20', timeout set to '60' and suppressLeaveEvents set to 'false'&#xD;
-&gt; done: EventEngineSteps.GivenPresenceConfiguration("20", "60", "false") (0.0s)&#xD;
When I join 'first', 'second', 'third' channels with presence&#xD;
-&gt; done: EventEngineSteps.WhenIJoinChannelsWithPresence("first", "second", "third") (0.0s)&#xD;
Then I wait for getting Presence joined events&#xD;
{"Event":"join","Uuid":"db9c5e39-7c95-40f5-8d71-125765b6f561","Timestamp":17279524179646564,"Occupancy":1,"State":null,"Channel":"first","Subscription":"","Timetoken":0,"UserMetadata":null,"Join":null,"Timeout":null,"Leave":null,"HereNowRefresh":false}&#xD;
-&gt; done: EventEngineSteps.ThenIWaitForPresenceJoinEvents() (0.0s)&#xD;
Then I leave 'first' and 'second' channels with presence&#xD;
{"Event":"join","Uuid":"db9c5e39-7c95-40f5-8d71-125765b6f561","Timestamp":17279524179646846,"Occupancy":1,"State":null,"Channel":"second","Subscription":"","Timetoken":0,"UserMetadata":null,"Join":null,"Timeout":null,"Leave":null,"HereNowRefresh":false}&#xD;
{"Event":"join","Uuid":"db9c5e39-7c95-40f5-8d71-125765b6f561","Timestamp":17279524179646972,"Occupancy":1,"State":null,"Channel":"third","Subscription":"","Timetoken":0,"UserMetadata":null,"Join":null,"Timeout":null,"Leave":null,"HereNowRefresh":false}&#xD;
-&gt; done: EventEngineSteps.ThenILeaveAndChannelsWithPresence("first", "second") (0.0s)&#xD;
Then I wait '3' seconds&#xD;
-&gt; done: EventEngineSteps.ThenIWaitAsync("3") (3.0s)&#xD;
And I observe the following Events and Invocations of the Presence EE:&#xD;
  --- table step argument ---&#xD;
  | type       | name              |&#xD;
  | event      | JOINED            |&#xD;
  | invocation | HEARTBEAT         |&#xD;
  | event      | HEARTBEAT_SUCCESS |&#xD;
  | invocation | WAIT              |&#xD;
  | event      | LEFT              |&#xD;
  | invocation | CANCEL_WAIT       |&#xD;
  | invocation | LEAVE             |&#xD;
  | invocation | HEARTBEAT         |&#xD;
  | event      | HEARTBEAT_SUCCESS |&#xD;
  | invocation | WAIT              |&#xD;
-&gt; done: EventEngineSteps.ThenIObserverPresenceEventEngine(&lt;table&gt;) (0.0s)&#xD;
</Text>
      </RunInfo>
      <RunInfo computerName="runner" outcome="Warning" timestamp="2024-10-03T10:47:03.9298488+00:00">
        <Text>Given the demo keyset with Presence EE enabled&#xD;
-&gt; done: EventEngineSteps.GivenTheDemoKeysetWithPresenceEEenabled() (0.0s)&#xD;
Given heartbeatInterval set to '1', timeout set to '60' and suppressLeaveEvents set to 'false'&#xD;
-&gt; done: EventEngineSteps.GivenPresenceConfiguration("1", "60", "false") (0.0s)&#xD;
Given a linear reconnection policy with 3 retries&#xD;
-&gt; done: EventEngineSteps.GivenALinearReconnectionPolicyWithRetries(3) (0.0s)&#xD;
When I join 'first', 'second', 'third' channels with presence&#xD;
-&gt; done: EventEngineSteps.WhenIJoinChannelsWithPresence("first", "second", "third") (0.0s)&#xD;
Then I wait for getting Presence joined events&#xD;
{"Event":"join","Uuid":"db9c5e39-7c95-40f5-8d71-125765b6f561","Timestamp":17279524238824000,"Occupancy":1,"State":null,"Channel":"first","Subscription":"","Timetoken":0,"UserMetadata":null,"Join":null,"Timeout":null,"Leave":null,"HereNowRefresh":false}&#xD;
-&gt; done: EventEngineSteps.ThenIWaitForPresenceJoinEvents() (2.8s)&#xD;
And I observe the following Events and Invocations of the Presence EE:&#xD;
  --- table step argument ---&#xD;
  | type       | name                     |&#xD;
  | event      | JOINED                   |&#xD;
  | invocation | HEARTBEAT                |&#xD;
  | event      | HEARTBEAT_FAILURE        |&#xD;
  | invocation | DELAYED_HEARTBEAT        |&#xD;
  | event      | HEARTBEAT_SUCCESS        |&#xD;
  | invocation | CANCEL_DELAYED_HEARTBEAT |&#xD;
  | invocation | WAIT                     |&#xD;
-&gt; done: EventEngineSteps.ThenIObserverPresenceEventEngine(&lt;table&gt;) (0.0s)&#xD;
{"Event":"join","Uuid":"db9c5e39-7c95-40f5-8d71-125765b6f561","Timestamp":17279524238824112,"Occupancy":1,"State":null,"Channel":"second","Subscription":"","Timetoken":0,"UserMetadata":null,"Join":null,"Timeout":null,"Leave":null,"HereNowRefresh":false}&#xD;
{"Event":"join","Uuid":"db9c5e39-7c95-40f5-8d71-125765b6f561","Timestamp":17279524238824182,"Occupancy":1,"State":null,"Channel":"third","Subscription":"","Timetoken":0,"UserMetadata":null,"Join":null,"Timeout":null,"Leave":null,"HereNowRefresh":false}&#xD;
</Text>
      </RunInfo>
      <RunInfo computerName="runner" outcome="Warning" timestamp="2024-10-03T10:47:06.9753384+00:00">
        <Text>Given the demo keyset with Presence EE enabled&#xD;
-&gt; done: EventEngineSteps.GivenTheDemoKeysetWithPresenceEEenabled() (0.0s)&#xD;
Given heartbeatInterval set to '1', timeout set to '60' and suppressLeaveEvents set to 'false'&#xD;
-&gt; done: EventEngineSteps.GivenPresenceConfiguration("1", "60", "false") (0.0s)&#xD;
When I join 'first', 'second', 'third' channels&#xD;
-&gt; done: EventEngineSteps.WhenIJoinChannels("first", "second", "third") (0.0s)&#xD;
Then I wait '3' seconds&#xD;
-&gt; done: EventEngineSteps.ThenIWaitAsync("3") (3.0s)&#xD;
And I observe the following Events and Invocations of the Presence EE:&#xD;
  --- table step argument ---&#xD;
  | type       | name              |&#xD;
  | event      | JOINED            |&#xD;
  | invocation | HEARTBEAT         |&#xD;
  | event      | HEARTBEAT_SUCCESS |&#xD;
  | invocation | WAIT              |&#xD;
  | event      | TIMES_UP          |&#xD;
  | invocation | CANCEL_WAIT       |&#xD;
  | invocation | HEARTBEAT         |&#xD;
  | event      | HEARTBEAT_SUCCESS |&#xD;
  | invocation | WAIT              |&#xD;
  | event      | TIMES_UP          |&#xD;
  | invocation | CANCEL_WAIT       |&#xD;
  | invocation | HEARTBEAT         |&#xD;
-&gt; done: EventEngineSteps.ThenIObserverPresenceEventEngine(&lt;table&gt;) (0.0s)&#xD;
</Text>
      </RunInfo>
      <RunInfo computerName="runner" outcome="Warning" timestamp="2024-10-03T10:47:07.0399033+00:00">
        <Text>Given the demo keyset with Presence EE enabled&#xD;
-&gt; done: EventEngineSteps.GivenTheDemoKeysetWithPresenceEEenabled() (0.0s)&#xD;
Given heartbeatInterval set to '1', timeout set to '60' and suppressLeaveEvents set to 'false'&#xD;
-&gt; done: EventEngineSteps.GivenPresenceConfiguration("1", "60", "false") (0.0s)&#xD;
When I join 'first', 'second', 'third' channels with presence&#xD;
-&gt; done: EventEngineSteps.WhenIJoinChannelsWithPresence("first", "second", "third") (0.0s)&#xD;
Then I wait for getting Presence joined events&#xD;
{"Event":"join","Uuid":"db9c5e39-7c95-40f5-8d71-125765b6f561","Timestamp":17279524269991636,"Occupancy":1,"State":null,"Channel":"first","Subscription":"","Timetoken":0,"UserMetadata":null,"Join":null,"Timeout":null,"Leave":null,"HereNowRefresh":false}&#xD;
-&gt; done: EventEngineSteps.ThenIWaitForPresenceJoinEvents() (0.0s)&#xD;
And I observe the following Events and Invocations of the Presence EE:&#xD;
  --- table step argument ---&#xD;
  | type       | name              |&#xD;
  | event      | JOINED            |&#xD;
  | invocation | HEARTBEAT         |&#xD;
  | event      | HEARTBEAT_SUCCESS |&#xD;
  | invocation | WAIT              |&#xD;
-&gt; done: EventEngineSteps.ThenIObserverPresenceEventEngine(&lt;table&gt;) (0.0s)&#xD;
{"Event":"join","Uuid":"db9c5e39-7c95-40f5-8d71-125765b6f561","Timestamp":17279524269991760,"Occupancy":1,"State":null,"Channel":"second","Subscription":"","Timetoken":0,"UserMetadata":null,"Join":null,"Timeout":null,"Leave":null,"HereNowRefresh":false}&#xD;
{"Event":"join","Uuid":"db9c5e39-7c95-40f5-8d71-125765b6f561","Timestamp":17279524269991840,"Occupancy":1,"State":null,"Channel":"third","Subscription":"","Timetoken":0,"UserMetadata":null,"Join":null,"Timeout":null,"Leave":null,"HereNowRefresh":false}&#xD;
</Text>
      </RunInfo>
      <RunInfo computerName="runner" outcome="Warning" timestamp="2024-10-03T10:47:07.0891062+00:00">
        <Text>Given I have a keyset with access manager enabled&#xD;
-&gt; done: FeatureAccessSteps.GivenIHaveAKeysetWithAccessManagerEnabled() (0.0s)&#xD;
Given the TTL 43201&#xD;
-&gt; done: FeatureAccessSteps.GivenTheTTL(43201) (0.0s)&#xD;
Given the 'channel-1' CHANNEL resource access permissions&#xD;
-&gt; done: FeatureAccessSteps.GivenTheCHANNELResourceAccessPermissions("channel-1") (0.0s)&#xD;
* grant resource permission READ&#xD;
-&gt; done: FeatureAccessSteps.GivenGrantResourcePermissionREAD() (0.0s)&#xD;
When I attempt to grant a token specifying those permissions&#xD;
-&gt; done: FeatureAccessSteps.WhenIAttemptToGrantATokenSpecifyingThosePermissions() (0.0s)&#xD;
Then an error is returned&#xD;
-&gt; done: FeatureAccessSteps.ThenAnErrorIsReturned() (0.0s)&#xD;
* the error status code is 400&#xD;
-&gt; done: FeatureAccessSteps.ThenTheErrorStatusCodeIs(400) (0.0s)&#xD;
* the error message is 'Invalid ttl'&#xD;
-&gt; done: FeatureAccessSteps.ThenTheErrorMessageIs("Invalid ttl") (0.0s)&#xD;
* the error source is 'grant'&#xD;
-&gt; done: FeatureAccessSteps.ThenTheErrorSourceIs("grant") (0.0s)&#xD;
* the error detail message is 'Range should be 1 to 43200 minute(s).'&#xD;
-&gt; done: FeatureAccessSteps.ThenTheErrorDetailMessageIs("Range should be 1...") (0.0s)&#xD;
* the error detail location is 'ttl'&#xD;
-&gt; done: FeatureAccessSteps.ThenTheErrorDetailLocationIs("ttl") (0.0s)&#xD;
* the error detail location type is 'body'&#xD;
-&gt; done: FeatureAccessSteps.ThenTheErrorDetailLocationTypeIs("body") (0.0s)&#xD;
</Text>
      </RunInfo>
      <RunInfo computerName="runner" outcome="Warning" timestamp="2024-10-03T10:47:07.1057852+00:00">
        <Text>Given I have a keyset with access manager enabled&#xD;
-&gt; done: FeatureAccessSteps.GivenIHaveAKeysetWithAccessManagerEnabled() (0.0s)&#xD;
Given the TTL 60&#xD;
-&gt; done: FeatureAccessSteps.GivenTheTTL(60) (0.0s)&#xD;
Given the 'uuid-1' UUID resource access permissions&#xD;
-&gt; done: FeatureAccessSteps.GivenTheUUIDResourceAccessPermissions("uuid-1") (0.0s)&#xD;
* deny resource permission GET&#xD;
-&gt; done: FeatureAccessSteps.GivenDenyResourcePermissionGET() (0.0s)&#xD;
When I attempt to grant a token specifying those permissions&#xD;
-&gt; done: FeatureAccessSteps.WhenIAttemptToGrantATokenSpecifyingThosePermissions() (0.0s)&#xD;
Then an error is returned&#xD;
-&gt; done: FeatureAccessSteps.ThenAnErrorIsReturned() (0.0s)&#xD;
* the error status code is 400&#xD;
-&gt; done: FeatureAccessSteps.ThenTheErrorStatusCodeIs(400) (0.0s)&#xD;
* the error message is 'Invalid permissions'&#xD;
-&gt; done: FeatureAccessSteps.ThenTheErrorMessageIs("Invalid permissions") (0.0s)&#xD;
* the error source is 'grant'&#xD;
-&gt; done: FeatureAccessSteps.ThenTheErrorSourceIs("grant") (0.0s)&#xD;
* the error detail message is 'Unexpected value: `permissions.resources.uuids.uuid-1` must be positive and non-zero.'&#xD;
-&gt; done: FeatureAccessSteps.ThenTheErrorDetailMessageIs("Unexpected value:...") (0.0s)&#xD;
* the error detail location is 'permissions.resources.uuids.uuid-1'&#xD;
-&gt; done: FeatureAccessSteps.ThenTheErrorDetailLocationIs("permissions.resou...") (0.0s)&#xD;
* the error detail location type is 'body'&#xD;
-&gt; done: FeatureAccessSteps.ThenTheErrorDetailLocationTypeIs("body") (0.0s)&#xD;
</Text>
      </RunInfo>
      <RunInfo computerName="runner" outcome="Warning" timestamp="2024-10-03T10:47:07.1218342+00:00">
        <Text>Given I have a keyset with access manager enabled&#xD;
-&gt; done: FeatureAccessSteps.GivenIHaveAKeysetWithAccessManagerEnabled() (0.0s)&#xD;
Given the TTL 60&#xD;
-&gt; done: FeatureAccessSteps.GivenTheTTL(60) (0.0s)&#xD;
Given the '!&lt;[^&gt;]+&gt;++' UUID pattern access permissions&#xD;
-&gt; done: FeatureAccessSteps.GivenTheUUIDPatternAccessPermissions("!&lt;[^&gt;]+&gt;++") (0.0s)&#xD;
* grant pattern permission GET&#xD;
-&gt; done: FeatureAccessSteps.GivenGrantPatternPermissionGET() (0.0s)&#xD;
When I attempt to grant a token specifying those permissions&#xD;
-&gt; done: FeatureAccessSteps.WhenIAttemptToGrantATokenSpecifyingThosePermissions() (0.0s)&#xD;
Then an error is returned&#xD;
-&gt; done: FeatureAccessSteps.ThenAnErrorIsReturned() (0.0s)&#xD;
* the error status code is 400&#xD;
-&gt; done: FeatureAccessSteps.ThenTheErrorStatusCodeIs(400) (0.0s)&#xD;
* the error message is 'Invalid RegExp'&#xD;
-&gt; done: FeatureAccessSteps.ThenTheErrorMessageIs("Invalid RegExp") (0.0s)&#xD;
* the error source is 'grant'&#xD;
-&gt; done: FeatureAccessSteps.ThenTheErrorSourceIs("grant") (0.0s)&#xD;
* the error detail message is 'Syntax error: multiple repeat.'&#xD;
-&gt; done: FeatureAccessSteps.ThenTheErrorDetailMessageIs("Syntax error: mul...") (0.0s)&#xD;
* the error detail location is 'permissions.patterns.uuids.!&lt;[^&gt;]+&gt;++'&#xD;
-&gt; done: FeatureAccessSteps.ThenTheErrorDetailLocationIs("permissions.patte...") (0.0s)&#xD;
* the error detail location type is 'body'&#xD;
-&gt; done: FeatureAccessSteps.ThenTheErrorDetailLocationTypeIs("body") (0.0s)&#xD;
</Text>
      </RunInfo>
      <RunInfo computerName="runner" outcome="Warning" timestamp="2024-10-03T10:47:07.1372283+00:00">
        <Text>Given I have a keyset with access manager enabled&#xD;
-&gt; done: FeatureAccessSteps.GivenIHaveAKeysetWithAccessManagerEnabled() (0.0s)&#xD;
Given the TTL 60&#xD;
-&gt; done: FeatureAccessSteps.GivenTheTTL(60) (0.0s)&#xD;
Given the '(!&lt;[^&gt;]+&gt;)+' UUID pattern access permissions&#xD;
-&gt; done: FeatureAccessSteps.GivenTheUUIDPatternAccessPermissions("(!&lt;[^&gt;]+&gt;)+") (0.0s)&#xD;
* grant pattern permission GET&#xD;
-&gt; done: FeatureAccessSteps.GivenGrantPatternPermissionGET() (0.0s)&#xD;
When I attempt to grant a token specifying those permissions&#xD;
-&gt; done: FeatureAccessSteps.WhenIAttemptToGrantATokenSpecifyingThosePermissions() (0.0s)&#xD;
Then an error is returned&#xD;
-&gt; done: FeatureAccessSteps.ThenAnErrorIsReturned() (0.0s)&#xD;
* the error status code is 400&#xD;
-&gt; done: FeatureAccessSteps.ThenTheErrorStatusCodeIs(400) (0.0s)&#xD;
* the error message is 'Invalid RegExp'&#xD;
-&gt; done: FeatureAccessSteps.ThenTheErrorMessageIs("Invalid RegExp") (0.0s)&#xD;
* the error source is 'grant'&#xD;
-&gt; done: FeatureAccessSteps.ThenTheErrorSourceIs("grant") (0.0s)&#xD;
* the error detail message is 'Only non-capturing groups are allowed. Try replacing `(` with `(?:`.'&#xD;
-&gt; done: FeatureAccessSteps.ThenTheErrorDetailMessageIs("Only non-capturin...") (0.0s)&#xD;
* the error detail location is 'permissions.patterns.uuids.(!&lt;[^&gt;]+&gt;)+'&#xD;
-&gt; done: FeatureAccessSteps.ThenTheErrorDetailLocationIs("permissions.patte...") (0.0s)&#xD;
* the error detail location type is 'body'&#xD;
-&gt; done: FeatureAccessSteps.ThenTheErrorDetailLocationTypeIs("body") (0.0s)&#xD;
</Text>
      </RunInfo>
      <RunInfo computerName="runner" outcome="Warning" timestamp="2024-10-03T10:47:07.2285879+00:00">
        <Text>Given I have a keyset with access manager enabled&#xD;
-&gt; done: FeatureAccessSteps.GivenIHaveAKeysetWithAccessManagerEnabled() (0.0s)&#xD;
Given the authorized UUID "test-authorized-uuid"&#xD;
-&gt; done: FeatureAccessSteps.GivenTheAuthorizedUUID("test-authorized-uuid") (0.0s)&#xD;
Given the TTL 60&#xD;
-&gt; done: FeatureAccessSteps.GivenTheTTL(60) (0.0s)&#xD;
Given the 'channel-1' CHANNEL resource access permissions&#xD;
-&gt; done: FeatureAccessSteps.GivenTheCHANNELResourceAccessPermissions("channel-1") (0.0s)&#xD;
* grant resource permission READ&#xD;
-&gt; done: FeatureAccessSteps.GivenGrantResourcePermissionREAD() (0.0s)&#xD;
When I grant a token specifying those permissions&#xD;
-&gt; done: FeatureAccessSteps.WhenIGrantATokenSpecifyingThosePermissions() (0.0s)&#xD;
Then the token contains the TTL 60&#xD;
-&gt; done: FeatureAccessSteps.ThenTheTokenContainsTheTTL(60) (0.1s)&#xD;
Then the token contains the authorized UUID "test-authorized-uuid"&#xD;
-&gt; done: FeatureAccessSteps.ThenTheTokenContainsTheAuthorizedUUID("test-authorized-uuid") (0.0s)&#xD;
Then the token has 'channel-1' CHANNEL resource access permissions&#xD;
-&gt; done: FeatureAccessSteps.ThenTheTokenHasCHANNELResourceAccessPermissions("channel-1") (0.0s)&#xD;
* token resource permission READ&#xD;
-&gt; done: FeatureAccessSteps.ThenTokenResourcePermissionREAD() (0.0s)&#xD;
</Text>
      </RunInfo>
      <RunInfo computerName="runner" outcome="Warning" timestamp="2024-10-03T10:47:07.4040728+00:00">
        <Text>Given I have a keyset with access manager enabled&#xD;
-&gt; done: FeatureAccessSteps.GivenIHaveAKeysetWithAccessManagerEnabled() (0.0s)&#xD;
Given the authorized UUID "test-authorized-uuid"&#xD;
-&gt; done: FeatureAccessSteps.GivenTheAuthorizedUUID("test-authorized-uuid") (0.0s)&#xD;
Given the TTL 60&#xD;
-&gt; done: FeatureAccessSteps.GivenTheTTL(60) (0.0s)&#xD;
Given the 'channel-1' CHANNEL resource access permissions&#xD;
-&gt; done: FeatureAccessSteps.GivenTheCHANNELResourceAccessPermissions("channel-1") (0.0s)&#xD;
* grant resource permission READ&#xD;
-&gt; done: FeatureAccessSteps.GivenGrantResourcePermissionREAD() (0.0s)&#xD;
* grant resource permission WRITE&#xD;
-&gt; done: FeatureAccessSteps.GivenGrantResourcePermissionWRITE() (0.0s)&#xD;
* grant resource permission GET&#xD;
-&gt; done: FeatureAccessSteps.GivenGrantResourcePermissionGET() (0.0s)&#xD;
* grant resource permission MANAGE&#xD;
-&gt; done: FeatureAccessSteps.GivenGrantResourcePermissionMANAGE() (0.0s)&#xD;
* grant resource permission UPDATE&#xD;
-&gt; done: FeatureAccessSteps.GivenGrantResourcePermissionUPDATE() (0.0s)&#xD;
* grant resource permission JOIN&#xD;
-&gt; done: FeatureAccessSteps.GivenGrantResourcePermissionJOIN() (0.0s)&#xD;
* grant resource permission DELETE&#xD;
-&gt; done: FeatureAccessSteps.GivenGrantResourcePermissionDELETE() (0.0s)&#xD;
Given the 'channel_group-1' CHANNEL_GROUP resource access permissions&#xD;
-&gt; done: FeatureAccessSteps.GivenTheCHANNEL_GROUPResourceAccessPermissions("channel_group-1") (0.0s)&#xD;
* grant resource permission READ&#xD;
-&gt; done: FeatureAccessSteps.GivenGrantResourcePermissionREAD() (0.0s)&#xD;
* grant resource permission MANAGE&#xD;
-&gt; done: FeatureAccessSteps.GivenGrantResourcePermissionMANAGE() (0.0s)&#xD;
Given the 'uuid-1' UUID resource access permissions&#xD;
-&gt; done: FeatureAccessSteps.GivenTheUUIDResourceAccessPermissions("uuid-1") (0.0s)&#xD;
* grant resource permission GET&#xD;
-&gt; done: FeatureAccessSteps.GivenGrantResourcePermissionGET() (0.0s)&#xD;
* grant resource permission UPDATE&#xD;
-&gt; done: FeatureAccessSteps.GivenGrantResourcePermissionUPDATE() (0.0s)&#xD;
* grant resource permission DELETE&#xD;
-&gt; done: FeatureAccessSteps.GivenGrantResourcePermissionDELETE() (0.0s)&#xD;
Given the '^channel-\S*$' CHANNEL pattern access permissions&#xD;
-&gt; done: FeatureAccessSteps.GivenTheCHANNELPatternAccessPermissions("^channel-\S*$") (0.0s)&#xD;
* grant pattern permission READ&#xD;
-&gt; done: FeatureAccessSteps.GivenGrantPatternPermissionREAD() (0.0s)&#xD;
* grant pattern permission WRITE&#xD;
-&gt; done: FeatureAccessSteps.GivenGrantPatternPermissionWRITE() (0.0s)&#xD;
* grant pattern permission GET&#xD;
-&gt; done: FeatureAccessSteps.GivenGrantPatternPermissionGET() (0.0s)&#xD;
* grant pattern permission MANAGE&#xD;
-&gt; done: FeatureAccessSteps.GivenGrantPatternPermissionMANAGE() (0.0s)&#xD;
* grant pattern permission UPDATE&#xD;
-&gt; done: FeatureAccessSteps.GivenGrantPatternPermissionUPDATE() (0.0s)&#xD;
* grant pattern permission JOIN&#xD;
-&gt; done: FeatureAccessSteps.GivenGrantPatternPermissionJOIN() (0.0s)&#xD;
* grant pattern permission DELETE&#xD;
-&gt; done: FeatureAccessSteps.GivenGrantPatternPermissionDELETE() (0.0s)&#xD;
Given the '^:channel_group-\S*$' CHANNEL_GROUP pattern access permissions&#xD;
-&gt; done: FeatureAccessSteps.GivenTheCHANNEL_GROUPPatternAccessPermissions("^:channel_group-\S*$") (0.0s)&#xD;
* grant pattern permission READ&#xD;
-&gt; done: FeatureAccessSteps.GivenGrantPatternPermissionREAD() (0.0s)&#xD;
* grant pattern permission MANAGE&#xD;
-&gt; done: FeatureAccessSteps.GivenGrantPatternPermissionMANAGE() (0.0s)&#xD;
Given the '^uuid-\S*$' UUID pattern access permissions&#xD;
-&gt; done: FeatureAccessSteps.GivenTheUUIDPatternAccessPermissions("^uuid-\S*$") (0.0s)&#xD;
* grant pattern permission GET&#xD;
-&gt; done: FeatureAccessSteps.GivenGrantPatternPermissionGET() (0.0s)&#xD;
* grant pattern permission UPDATE&#xD;
-&gt; done: FeatureAccessSteps.GivenGrantPatternPermissionUPDATE() (0.0s)&#xD;
* grant pattern permission DELETE&#xD;
-&gt; done: FeatureAccessSteps.GivenGrantPatternPermissionDELETE() (0.0s)&#xD;
When I grant a token specifying those permissions&#xD;
-&gt; done: FeatureAccessSteps.WhenIGrantATokenSpecifyingThosePermissions() (0.0s)&#xD;
Then the token contains the authorized UUID "test-authorized-uuid"&#xD;
-&gt; done: FeatureAccessSteps.ThenTheTokenContainsTheAuthorizedUUID("test-authorized-uuid") (0.0s)&#xD;
Then the token contains the TTL 60&#xD;
-&gt; done: FeatureAccessSteps.ThenTheTokenContainsTheTTL(60) (0.0s)&#xD;
Then the token has 'channel-1' CHANNEL resource access permissions&#xD;
-&gt; done: FeatureAccessSteps.ThenTheTokenHasCHANNELResourceAccessPermissions("channel-1") (0.0s)&#xD;
* token resource permission READ&#xD;
-&gt; done: FeatureAccessSteps.ThenTokenResourcePermissionREAD() (0.0s)&#xD;
* token resource permission WRITE&#xD;
-&gt; done: FeatureAccessSteps.ThenTokenResourcePermissionWRITE() (0.0s)&#xD;
* token resource permission GET&#xD;
-&gt; done: FeatureAccessSteps.ThenTokenResourcePermissionGET() (0.0s)&#xD;
* token resource permission MANAGE&#xD;
-&gt; done: FeatureAccessSteps.ThenTokenResourcePermissionMANAGE() (0.0s)&#xD;
* token resource permission UPDATE&#xD;
-&gt; done: FeatureAccessSteps.ThenTokenResourcePermissionUPDATE() (0.0s)&#xD;
* token resource permission JOIN&#xD;
-&gt; done: FeatureAccessSteps.ThenTokenResourcePermissionJOIN() (0.0s)&#xD;
* token resource permission DELETE&#xD;
-&gt; done: FeatureAccessSteps.ThenTokenResourcePermissionDELETE() (0.0s)&#xD;
Then the token has 'channel_group-1' CHANNEL_GROUP resource access permissions&#xD;
-&gt; done: FeatureAccessSteps.ThenTheTokenHasCHANNEL_GROUPResourceAccessPermissions("channel_group-1") (0.0s)&#xD;
* token resource permission READ&#xD;
-&gt; done: FeatureAccessSteps.ThenTokenResourcePermissionREAD() (0.0s)&#xD;
* token resource permission MANAGE&#xD;
-&gt; done: FeatureAccessSteps.ThenTokenResourcePermissionMANAGE() (0.0s)&#xD;
Then the token has 'uuid-1' UUID resource access permissions&#xD;
-&gt; done: FeatureAccessSteps.ThenTheTokenHasUUIDResourceAccessPermissions("uuid-1") (0.0s)&#xD;
* token resource permission GET&#xD;
-&gt; done: FeatureAccessSteps.ThenTokenResourcePermissionGET() (0.0s)&#xD;
* token resource permission UPDATE&#xD;
-&gt; done: FeatureAccessSteps.ThenTokenResourcePermissionUPDATE() (0.0s)&#xD;
* token resource permission DELETE&#xD;
-&gt; done: FeatureAccessSteps.ThenTokenResourcePermissionDELETE() (0.0s)&#xD;
Then the token has '^channel-\S*$' CHANNEL pattern access permissions&#xD;
-&gt; done: FeatureAccessSteps.ThenTheTokenHasCHANNELPatternAccessPermissions("^channel-\S*$") (0.0s)&#xD;
* token pattern permission READ&#xD;
-&gt; done: FeatureAccessSteps.ThenTokenPatternPermissionREAD() (0.0s)&#xD;
* token pattern permission WRITE&#xD;
-&gt; done: FeatureAccessSteps.ThenTokenPatternPermissionWRITE() (0.0s)&#xD;
* token pattern permission GET&#xD;
-&gt; done: FeatureAccessSteps.ThenTokenPatternPermissionGET() (0.0s)&#xD;
* token pattern permission MANAGE&#xD;
-&gt; done: FeatureAccessSteps.ThenTokenPatternPermissionMANAGE() (0.0s)&#xD;
* token pattern permission UPDATE&#xD;
-&gt; done: FeatureAccessSteps.ThenTokenPatternPermissionUPDATE() (0.0s)&#xD;
* token pattern permission JOIN&#xD;
-&gt; done: FeatureAccessSteps.ThenTokenPatternPermissionJOIN() (0.0s)&#xD;
* token pattern permission DELETE&#xD;
-&gt; done: FeatureAccessSteps.ThenTokenPatternPermissionDELETE() (0.0s)&#xD;
Then the token has '^:channel_group-\S*$' CHANNEL_GROUP pattern access permissions&#xD;
-&gt; done: FeatureAccessSteps.ThenTheTokenHasCHANNEL_GROUPPatternAccessPermissions("^:channel_group-\S*$") (0.0s)&#xD;
* token pattern permission READ&#xD;
-&gt; done: FeatureAccessSteps.ThenTokenPatternPermissionREAD() (0.0s)&#xD;
* token pattern permission MANAGE&#xD;
-&gt; done: FeatureAccessSteps.ThenTokenPatternPermissionMANAGE() (0.0s)&#xD;
Then the token has '^uuid-\S*$' UUID pattern access permissions&#xD;
-&gt; done: FeatureAccessSteps.ThenTheTokenHasUUIDPatternAccessPermissions("^uuid-\S*$") (0.0s)&#xD;
* token pattern permission GET&#xD;
-&gt; done: FeatureAccessSteps.ThenTokenPatternPermissionGET() (0.0s)&#xD;
* token pattern permission UPDATE&#xD;
-&gt; done: FeatureAccessSteps.ThenTokenPatternPermissionUPDATE() (0.0s)&#xD;
* token pattern permission DELETE&#xD;
-&gt; done: FeatureAccessSteps.ThenTokenPatternPermissionDELETE() (0.0s)&#xD;
</Text>
      </RunInfo>
      <RunInfo computerName="runner" outcome="Warning" timestamp="2024-10-03T10:47:07.4351674+00:00">
        <Text>Given I have a keyset with access manager enabled&#xD;
-&gt; done: FeatureAccessSteps.GivenIHaveAKeysetWithAccessManagerEnabled() (0.0s)&#xD;
Given the TTL 60&#xD;
-&gt; done: FeatureAccessSteps.GivenTheTTL(60) (0.0s)&#xD;
Given the 'channel-1' CHANNEL resource access permissions&#xD;
-&gt; done: FeatureAccessSteps.GivenTheCHANNELResourceAccessPermissions("channel-1") (0.0s)&#xD;
* grant resource permission READ&#xD;
-&gt; done: FeatureAccessSteps.GivenGrantResourcePermissionREAD() (0.0s)&#xD;
When I grant a token specifying those permissions&#xD;
-&gt; done: FeatureAccessSteps.WhenIGrantATokenSpecifyingThosePermissions() (0.0s)&#xD;
Then the token contains the TTL 60&#xD;
-&gt; done: FeatureAccessSteps.ThenTheTokenContainsTheTTL(60) (0.0s)&#xD;
Then the token does not contain an authorized uuid&#xD;
-&gt; done: FeatureAccessSteps.ThenTheTokenDoesNotContainAnAuthorizedUuid() (0.0s)&#xD;
Then the token has 'channel-1' CHANNEL resource access permissions&#xD;
-&gt; done: FeatureAccessSteps.ThenTheTokenHasCHANNELResourceAccessPermissions("channel-1") (0.0s)&#xD;
* token resource permission READ&#xD;
-&gt; done: FeatureAccessSteps.ThenTokenResourcePermissionREAD() (0.0s)&#xD;
</Text>
      </RunInfo>
      <RunInfo computerName="runner" outcome="Warning" timestamp="2024-10-03T10:47:07.7170138+00:00">
        <Text>Given I have a keyset with Objects V2 enabled&#xD;
-&gt; done: FeatureObjectsV2MetadataSteps.GivenIHaveAKeysetWithObjectsVEnabled(2) (0.0s)&#xD;
Given the id for 'Chat' channel&#xD;
-&gt; done: FeatureObjectsV2MetadataSteps.GivenTheIdForChannel("Chat") (0.3s)&#xD;
When I get the channel metadata&#xD;
-&gt; done: FeatureObjectsV2MetadataSteps.WhenIGetTheChannelMetadata() (0.0s)&#xD;
Then I receive a successful response&#xD;
-&gt; done: FeatureObjectsV2MetadataSteps.ThenIReceiveASuccessfulResponse() (0.0s)&#xD;
And the channel metadata for 'Chat' channel&#xD;
-&gt; done: FeatureObjectsV2MetadataSteps.ThenTheChannelMetadataForChannel("Chat") (0.0s)&#xD;
</Text>
      </RunInfo>
      <RunInfo computerName="runner" outcome="Warning" timestamp="2024-10-03T10:47:07.7371438+00:00">
        <Text>Given I have a keyset with Objects V2 enabled&#xD;
-&gt; done: FeatureObjectsV2MetadataSteps.GivenIHaveAKeysetWithObjectsVEnabled(2) (0.0s)&#xD;
Given the id for 'DM' channel&#xD;
-&gt; done: FeatureObjectsV2MetadataSteps.GivenTheIdForChannel("DM") (0.0s)&#xD;
When I get the channel metadata with custom&#xD;
-&gt; done: FeatureObjectsV2MetadataSteps.WhenIGetTheChannelMetadataWithCustom() (0.0s)&#xD;
Then I receive a successful response&#xD;
-&gt; done: FeatureObjectsV2MetadataSteps.ThenIReceiveASuccessfulResponse() (0.0s)&#xD;
And the channel metadata for 'DM' channel&#xD;
-&gt; done: FeatureObjectsV2MetadataSteps.ThenTheChannelMetadataForChannel("DM") (0.0s)&#xD;
</Text>
      </RunInfo>
      <RunInfo computerName="runner" outcome="Warning" timestamp="2024-10-03T10:47:07.7618097+00:00">
        <Text>Given I have a keyset with Objects V2 enabled&#xD;
-&gt; done: FeatureObjectsV2MetadataSteps.GivenIHaveAKeysetWithObjectsVEnabled(2) (0.0s)&#xD;
When I get all channel metadata&#xD;
-&gt; done: FeatureObjectsV2MetadataSteps.WhenIGetAllChannelMetadata() (0.0s)&#xD;
Then I receive a successful response&#xD;
-&gt; done: FeatureObjectsV2MetadataSteps.ThenIReceiveASuccessfulResponse() (0.0s)&#xD;
And the response contains list with 'Chat' and 'Patient' channel metadata&#xD;
-&gt; done: FeatureObjectsV2MetadataSteps.ThenTheResponseContainsListWithAndChannelMetadata("Chat", "Patient") (0.0s)&#xD;
</Text>
      </RunInfo>
      <RunInfo computerName="runner" outcome="Warning" timestamp="2024-10-03T10:47:07.7832206+00:00">
        <Text>Given I have a keyset with Objects V2 enabled&#xD;
-&gt; done: FeatureObjectsV2MetadataSteps.GivenIHaveAKeysetWithObjectsVEnabled(2) (0.0s)&#xD;
When I get all channel metadata with custom&#xD;
-&gt; done: FeatureObjectsV2MetadataSteps.WhenIGetAllChannelMetadataWithCustom() (0.0s)&#xD;
Then I receive a successful response&#xD;
-&gt; done: FeatureObjectsV2MetadataSteps.ThenIReceiveASuccessfulResponse() (0.0s)&#xD;
And the response contains list with 'DM' and 'VipChat' channel metadata&#xD;
-&gt; done: FeatureObjectsV2MetadataSteps.ThenTheResponseContainsListWithAndChannelMetadata("DM", "VipChat") (0.0s)&#xD;
</Text>
      </RunInfo>
      <RunInfo computerName="runner" outcome="Warning" timestamp="2024-10-03T10:47:07.8034258+00:00">
        <Text>Given I have a keyset with Objects V2 enabled&#xD;
-&gt; done: FeatureObjectsV2MetadataSteps.GivenIHaveAKeysetWithObjectsVEnabled(2) (0.0s)&#xD;
Given the id for 'Chat' channel&#xD;
-&gt; done: FeatureObjectsV2MetadataSteps.GivenTheIdForChannel("Chat") (0.0s)&#xD;
When I remove the channel metadata&#xD;
-&gt; done: FeatureObjectsV2MetadataSteps.WhenIRemoveTheChannelMetadata() (0.0s)&#xD;
Then I receive a successful response&#xD;
-&gt; done: FeatureObjectsV2MetadataSteps.ThenIReceiveASuccessfulResponse() (0.0s)&#xD;
</Text>
      </RunInfo>
      <RunInfo computerName="runner" outcome="Warning" timestamp="2024-10-03T10:47:07.8298711+00:00">
        <Text>Given I have a keyset with Objects V2 enabled&#xD;
-&gt; done: FeatureObjectsV2MetadataSteps.GivenIHaveAKeysetWithObjectsVEnabled(2) (0.0s)&#xD;
Given the data for 'Chat' channel&#xD;
-&gt; done: FeatureObjectsV2MetadataSteps.GivenTheDataForChannel("Chat") (0.0s)&#xD;
When I set the channel metadata&#xD;
-&gt; done: FeatureObjectsV2MetadataSteps.WhenISetTheChannelMetadata() (0.0s)&#xD;
Then I receive a successful response&#xD;
-&gt; done: FeatureObjectsV2MetadataSteps.ThenIReceiveASuccessfulResponse() (0.0s)&#xD;
And the channel metadata for 'Chat' channel contains updated&#xD;
-&gt; done: FeatureObjectsV2MetadataSteps.ThenTheChannelMetadataForChannelContainsUpdated("Chat") (0.0s)&#xD;
</Text>
      </RunInfo>
      <RunInfo computerName="runner" outcome="Warning" timestamp="2024-10-03T10:47:07.8585195+00:00">
        <Text>Given I have a keyset with Objects V2 enabled&#xD;
-&gt; done: FeatureObjectsV2MetadataSteps.GivenIHaveAKeysetWithObjectsVEnabled(2) (0.0s)&#xD;
Given the id for 'Chat' channel&#xD;
-&gt; done: FeatureObjectsV2MetadataSteps.GivenTheIdForChannel("Chat") (0.0s)&#xD;
When I get the channel members&#xD;
-&gt; done: FeatureObjectsV2MetadataSteps.WhenIGetTheChannelMembers() (0.0s)&#xD;
Then I receive a successful response&#xD;
-&gt; done: FeatureObjectsV2MetadataSteps.ThenIReceiveASuccessfulResponse() (0.0s)&#xD;
And the response contains list with 'AmeliaMember' and 'EvaMember' members&#xD;
-&gt; done: FeatureObjectsV2MetadataSteps.ThenTheResponseContainsListWithAndMembers("AmeliaMember", "EvaMember") (0.0s)&#xD;
</Text>
      </RunInfo>
      <RunInfo computerName="runner" outcome="Warning" timestamp="2024-10-03T10:47:07.8880021+00:00">
        <Text>Given I have a keyset with Objects V2 enabled&#xD;
-&gt; done: FeatureObjectsV2MetadataSteps.GivenIHaveAKeysetWithObjectsVEnabled(2) (0.0s)&#xD;
Given the id for 'VipChat' channel&#xD;
-&gt; done: FeatureObjectsV2MetadataSteps.GivenTheIdForChannel("VipChat") (0.0s)&#xD;
When I get the channel members including custom and UUID custom information&#xD;
-&gt; done: FeatureObjectsV2MetadataSteps.WhenIGetTheChannelMembersIncludingCustomAndUUIDCustomInformation() (0.0s)&#xD;
Then I receive a successful response&#xD;
-&gt; done: FeatureObjectsV2MetadataSteps.ThenIReceiveASuccessfulResponse() (0.0s)&#xD;
And the response contains list with 'OliverMember' and 'PeterMember' members&#xD;
-&gt; done: FeatureObjectsV2MetadataSteps.ThenTheResponseContainsListWithAndMembers("OliverMember", "PeterMember") (0.0s)&#xD;
</Text>
      </RunInfo>
      <RunInfo computerName="runner" outcome="Warning" timestamp="2024-10-03T10:47:07.9234787+00:00">
        <Text>Given I have a keyset with Objects V2 enabled&#xD;
-&gt; done: FeatureObjectsV2MetadataSteps.GivenIHaveAKeysetWithObjectsVEnabled(2) (0.0s)&#xD;
Given the data for 'PeterMember' member&#xD;
-&gt; done: FeatureObjectsV2MetadataSteps.GivenTheDataForMember("PeterMember") (0.0s)&#xD;
And the data for 'AmeliaMember' member that we want to remove&#xD;
-&gt; done: FeatureObjectsV2MetadataSteps.GivenTheDataForMemberThatWeWantToRemove("AmeliaMember") (0.0s)&#xD;
And the id for 'Chat' channel&#xD;
-&gt; done: FeatureObjectsV2MetadataSteps.GivenTheIdForChannel("Chat") (0.0s)&#xD;
When I manage channel members&#xD;
-&gt; done: FeatureObjectsV2MetadataSteps.WhenIManageChannelMembers() (0.0s)&#xD;
Then I receive a successful response&#xD;
-&gt; done: FeatureObjectsV2MetadataSteps.ThenIReceiveASuccessfulResponse() (0.0s)&#xD;
And the response contains list with 'PeterMember' member&#xD;
-&gt; done: FeatureObjectsV2MetadataSteps.ThenTheResponseContainsListWithMember("PeterMember") (0.0s)&#xD;
And the response does not contain list with 'AmeliaMember' member&#xD;
-&gt; done: FeatureObjectsV2MetadataSteps.ThenTheResponseDoesNotContainListWithMember("AmeliaMember") (0.0s)&#xD;
</Text>
      </RunInfo>
      <RunInfo computerName="runner" outcome="Warning" timestamp="2024-10-03T10:47:07.9431575+00:00">
        <Text>Given I have a keyset with Objects V2 enabled&#xD;
-&gt; done: FeatureObjectsV2MetadataSteps.GivenIHaveAKeysetWithObjectsVEnabled(2) (0.0s)&#xD;
Given the id for 'Chat' channel&#xD;
-&gt; done: FeatureObjectsV2MetadataSteps.GivenTheIdForChannel("Chat") (0.0s)&#xD;
And the data for 'AmeliaMember' member that we want to remove&#xD;
-&gt; done: FeatureObjectsV2MetadataSteps.GivenTheDataForMemberThatWeWantToRemove("AmeliaMember") (0.0s)&#xD;
When I remove a channel member&#xD;
-&gt; done: FeatureObjectsV2MetadataSteps.WhenIRemoveAChannelMember() (0.0s)&#xD;
Then I receive a successful response&#xD;
-&gt; done: FeatureObjectsV2MetadataSteps.ThenIReceiveASuccessfulResponse() (0.0s)&#xD;
</Text>
      </RunInfo>
      <RunInfo computerName="runner" outcome="Warning" timestamp="2024-10-03T10:47:07.9643569+00:00">
        <Text>Given I have a keyset with Objects V2 enabled&#xD;
-&gt; done: FeatureObjectsV2MetadataSteps.GivenIHaveAKeysetWithObjectsVEnabled(2) (0.0s)&#xD;
Given the data for 'AmeliaMember' member&#xD;
-&gt; done: FeatureObjectsV2MetadataSteps.GivenTheDataForMember("AmeliaMember") (0.0s)&#xD;
And the id for 'Chat' channel&#xD;
-&gt; done: FeatureObjectsV2MetadataSteps.GivenTheIdForChannel("Chat") (0.0s)&#xD;
When I set a channel member&#xD;
-&gt; done: FeatureObjectsV2MetadataSteps.WhenISetAChannelMember() (0.0s)&#xD;
Then I receive a successful response&#xD;
-&gt; done: FeatureObjectsV2MetadataSteps.ThenIReceiveASuccessfulResponse() (0.0s)&#xD;
And the response contains list with 'AmeliaMember' member&#xD;
-&gt; done: FeatureObjectsV2MetadataSteps.ThenTheResponseContainsListWithMember("AmeliaMember") (0.0s)&#xD;
</Text>
      </RunInfo>
      <RunInfo computerName="runner" outcome="Warning" timestamp="2024-10-03T10:47:07.9897361+00:00">
        <Text>Given I have a keyset with Objects V2 enabled&#xD;
-&gt; done: FeatureObjectsV2MetadataSteps.GivenIHaveAKeysetWithObjectsVEnabled(2) (0.0s)&#xD;
Given the data for 'PeterMember' member&#xD;
-&gt; done: FeatureObjectsV2MetadataSteps.GivenTheDataForMember("PeterMember") (0.0s)&#xD;
And the id for 'Chat' channel&#xD;
-&gt; done: FeatureObjectsV2MetadataSteps.GivenTheIdForChannel("Chat") (0.0s)&#xD;
When I set a channel member including custom and UUID with custom&#xD;
-&gt; done: FeatureObjectsV2MetadataSteps.WhenISetAChannelMemberIncludingCustomAndUUIDWithCustom() (0.0s)&#xD;
Then I receive a successful response&#xD;
-&gt; done: FeatureObjectsV2MetadataSteps.ThenIReceiveASuccessfulResponse() (0.0s)&#xD;
And the response contains list with 'PeterMember' member&#xD;
-&gt; done: FeatureObjectsV2MetadataSteps.ThenTheResponseContainsListWithMember("PeterMember") (0.0s)&#xD;
</Text>
      </RunInfo>
      <RunInfo computerName="runner" outcome="Warning" timestamp="2024-10-03T10:47:08.0393591+00:00">
        <Text>Given I have a keyset with Objects V2 enabled&#xD;
-&gt; done: FeatureObjectsV2MetadataSteps.GivenIHaveAKeysetWithObjectsVEnabled(2) (0.0s)&#xD;
Given current user is 'Alice' persona&#xD;
-&gt; done: FeatureObjectsV2MetadataSteps.GivenCurrentUserIsPersona("Alice") (0.0s)&#xD;
When I get the memberships for current user&#xD;
-&gt; done: FeatureObjectsV2MetadataSteps.WhenIGetTheMembershipsForCurrentUser() (0.0s)&#xD;
Then I receive a successful response&#xD;
-&gt; done: FeatureObjectsV2MetadataSteps.ThenIReceiveASuccessfulResponse() (0.0s)&#xD;
And the response contains list with 'ChatMembership' and 'PatientMembership' memberships&#xD;
-&gt; done: FeatureObjectsV2MetadataSteps.ThenTheResponseContainsListWithAndMemberships("ChatMembership", "PatientMembership") (0.0s)&#xD;
</Text>
      </RunInfo>
      <RunInfo computerName="runner" outcome="Warning" timestamp="2024-10-03T10:47:08.0931350+00:00">
        <Text>Given I have a keyset with Objects V2 enabled&#xD;
-&gt; done: FeatureObjectsV2MetadataSteps.GivenIHaveAKeysetWithObjectsVEnabled(2) (0.0s)&#xD;
Given the id for 'Alice' persona&#xD;
-&gt; done: FeatureObjectsV2MetadataSteps.GivenTheIdForPersona("Alice") (0.0s)&#xD;
When I get the memberships&#xD;
-&gt; done: FeatureObjectsV2MetadataSteps.WhenIGetTheMemberships() (0.0s)&#xD;
Then I receive a successful response&#xD;
-&gt; done: FeatureObjectsV2MetadataSteps.ThenIReceiveASuccessfulResponse() (0.0s)&#xD;
And the response contains list with 'ChatMembership' and 'PatientMembership' memberships&#xD;
-&gt; done: FeatureObjectsV2MetadataSteps.ThenTheResponseContainsListWithAndMemberships("ChatMembership", "PatientMembership") (0.0s)&#xD;
</Text>
      </RunInfo>
      <RunInfo computerName="runner" outcome="Warning" timestamp="2024-10-03T10:47:08.1187293+00:00">
        <Text>Given I have a keyset with Objects V2 enabled&#xD;
-&gt; done: FeatureObjectsV2MetadataSteps.GivenIHaveAKeysetWithObjectsVEnabled(2) (0.0s)&#xD;
Given the id for 'Bob' persona&#xD;
-&gt; done: FeatureObjectsV2MetadataSteps.GivenTheIdForPersona("Bob") (0.0s)&#xD;
When I get the memberships including custom and channel custom information&#xD;
-&gt; done: FeatureObjectsV2MetadataSteps.WhenIGetTheMembershipsIncludingCustomAndChannelCustomInformation() (0.0s)&#xD;
Then I receive a successful response&#xD;
-&gt; done: FeatureObjectsV2MetadataSteps.ThenIReceiveASuccessfulResponse() (0.0s)&#xD;
And the response contains list with 'VipChatMembership' and 'DMMembership' memberships&#xD;
-&gt; done: FeatureObjectsV2MetadataSteps.ThenTheResponseContainsListWithAndMemberships("VipChatMembership", "DMMembership") (0.0s)&#xD;
</Text>
      </RunInfo>
      <RunInfo computerName="runner" outcome="Warning" timestamp="2024-10-03T10:47:08.1471251+00:00">
        <Text>Given I have a keyset with Objects V2 enabled&#xD;
-&gt; done: FeatureObjectsV2MetadataSteps.GivenIHaveAKeysetWithObjectsVEnabled(2) (0.0s)&#xD;
Given the id for 'Alice' persona&#xD;
-&gt; done: FeatureObjectsV2MetadataSteps.GivenTheIdForPersona("Alice") (0.0s)&#xD;
And the data for 'ChatMembership' membership&#xD;
-&gt; done: FeatureObjectsV2MetadataSteps.GivenTheDataForMembership("ChatMembership") (0.0s)&#xD;
And the data for 'PatientMembership' membership that we want to remove&#xD;
-&gt; done: FeatureObjectsV2MetadataSteps.GivenTheDataForMembershipThatWeWantToRemove("PatientMembership") (0.0s)&#xD;
When I manage memberships&#xD;
-&gt; done: FeatureObjectsV2MetadataSteps.WhenIManageMemberships() (0.0s)&#xD;
Then I receive a successful response&#xD;
-&gt; done: FeatureObjectsV2MetadataSteps.ThenIReceiveASuccessfulResponse() (0.0s)&#xD;
And the response contains list with 'ChatMembership' membership&#xD;
-&gt; done: FeatureObjectsV2MetadataSteps.ThenTheResponseContainsListWithMembership("ChatMembership") (0.0s)&#xD;
And the response does not contain list with 'PatientMembership' membership&#xD;
-&gt; done: FeatureObjectsV2MetadataSteps.ThenTheResponseDoesNotContainListWithMembership("PatientMembership") (0.0s)&#xD;
</Text>
      </RunInfo>
      <RunInfo computerName="runner" outcome="Warning" timestamp="2024-10-03T10:47:08.1683220+00:00">
        <Text>Given I have a keyset with Objects V2 enabled&#xD;
-&gt; done: FeatureObjectsV2MetadataSteps.GivenIHaveAKeysetWithObjectsVEnabled(2) (0.0s)&#xD;
Given the id for 'Alice' persona&#xD;
-&gt; done: FeatureObjectsV2MetadataSteps.GivenTheIdForPersona("Alice") (0.0s)&#xD;
And the data for 'ChatMembership' membership&#xD;
-&gt; done: FeatureObjectsV2MetadataSteps.GivenTheDataForMembership("ChatMembership") (0.0s)&#xD;
When I remove the membership&#xD;
-&gt; done: FeatureObjectsV2MetadataSteps.WhenIRemoveTheMembership() (0.0s)&#xD;
Then I receive a successful response&#xD;
-&gt; done: FeatureObjectsV2MetadataSteps.ThenIReceiveASuccessfulResponse() (0.0s)&#xD;
</Text>
      </RunInfo>
      <RunInfo computerName="runner" outcome="Warning" timestamp="2024-10-03T10:47:08.1891805+00:00">
        <Text>Given I have a keyset with Objects V2 enabled&#xD;
-&gt; done: FeatureObjectsV2MetadataSteps.GivenIHaveAKeysetWithObjectsVEnabled(2) (0.0s)&#xD;
Given current user is 'Alice' persona&#xD;
-&gt; done: FeatureObjectsV2MetadataSteps.GivenCurrentUserIsPersona("Alice") (0.0s)&#xD;
And the data for 'ChatMembership' membership that we want to remove&#xD;
-&gt; done: FeatureObjectsV2MetadataSteps.GivenTheDataForMembershipThatWeWantToRemove("ChatMembership") (0.0s)&#xD;
When I remove the membership for current user&#xD;
-&gt; done: FeatureObjectsV2MetadataSteps.WhenIRemoveTheMembershipForCurrentUser() (0.0s)&#xD;
Then I receive a successful response&#xD;
-&gt; done: FeatureObjectsV2MetadataSteps.ThenIReceiveASuccessfulResponse() (0.0s)&#xD;
</Text>
      </RunInfo>
      <RunInfo computerName="runner" outcome="Warning" timestamp="2024-10-03T10:47:08.2138062+00:00">
        <Text>Given I have a keyset with Objects V2 enabled&#xD;
-&gt; done: FeatureObjectsV2MetadataSteps.GivenIHaveAKeysetWithObjectsVEnabled(2) (0.0s)&#xD;
Given the id for 'Alice' persona&#xD;
-&gt; done: FeatureObjectsV2MetadataSteps.GivenTheIdForPersona("Alice") (0.0s)&#xD;
And the data for 'ChatMembership' membership&#xD;
-&gt; done: FeatureObjectsV2MetadataSteps.GivenTheDataForMembership("ChatMembership") (0.0s)&#xD;
When I set the membership&#xD;
-&gt; done: FeatureObjectsV2MetadataSteps.WhenISetTheMembership() (0.0s)&#xD;
Then I receive a successful response&#xD;
-&gt; done: FeatureObjectsV2MetadataSteps.ThenIReceiveASuccessfulResponse() (0.0s)&#xD;
And the response contains list with 'ChatMembership' membership&#xD;
-&gt; done: FeatureObjectsV2MetadataSteps.ThenTheResponseContainsListWithMembership("ChatMembership") (0.0s)&#xD;
</Text>
      </RunInfo>
      <RunInfo computerName="runner" outcome="Warning" timestamp="2024-10-03T10:47:08.2408254+00:00">
        <Text>Given I have a keyset with Objects V2 enabled&#xD;
-&gt; done: FeatureObjectsV2MetadataSteps.GivenIHaveAKeysetWithObjectsVEnabled(2) (0.0s)&#xD;
Given current user is 'Alice' persona&#xD;
-&gt; done: FeatureObjectsV2MetadataSteps.GivenCurrentUserIsPersona("Alice") (0.0s)&#xD;
And the data for 'ChatMembership' membership&#xD;
-&gt; done: FeatureObjectsV2MetadataSteps.GivenTheDataForMembership("ChatMembership") (0.0s)&#xD;
When I set the membership for current user&#xD;
-&gt; done: FeatureObjectsV2MetadataSteps.WhenISetTheMembershipForCurrentUser() (0.0s)&#xD;
Then I receive a successful response&#xD;
-&gt; done: FeatureObjectsV2MetadataSteps.ThenIReceiveASuccessfulResponse() (0.0s)&#xD;
And the response contains list with 'ChatMembership' membership&#xD;
-&gt; done: FeatureObjectsV2MetadataSteps.ThenTheResponseContainsListWithMembership("ChatMembership") (0.0s)&#xD;
</Text>
      </RunInfo>
      <RunInfo computerName="runner" outcome="Warning" timestamp="2024-10-03T10:47:08.2700333+00:00">
        <Text>Given I have a keyset with Objects V2 enabled&#xD;
-&gt; done: FeatureObjectsV2MetadataSteps.GivenIHaveAKeysetWithObjectsVEnabled(2) (0.0s)&#xD;
When I get all UUID metadata&#xD;
-&gt; done: FeatureObjectsV2MetadataSteps.WhenIGetAllUUIDMetadata() (0.0s)&#xD;
Then I receive a successful response&#xD;
-&gt; done: FeatureObjectsV2MetadataSteps.ThenIReceiveASuccessfulResponse() (0.0s)&#xD;
And the response contains list with 'Alice' and 'James' UUID metadata&#xD;
-&gt; done: FeatureObjectsV2MetadataSteps.ThenTheResponseContainsListWithAndUUIDMetadata("Alice", "James") (0.0s)&#xD;
</Text>
      </RunInfo>
      <RunInfo computerName="runner" outcome="Warning" timestamp="2024-10-03T10:47:08.2917340+00:00">
        <Text>Given I have a keyset with Objects V2 enabled&#xD;
-&gt; done: FeatureObjectsV2MetadataSteps.GivenIHaveAKeysetWithObjectsVEnabled(2) (0.0s)&#xD;
When I get all UUID metadata with custom&#xD;
-&gt; done: FeatureObjectsV2MetadataSteps.WhenIGetAllUUIDMetadataWithCustom() (0.0s)&#xD;
Then I receive a successful response&#xD;
-&gt; done: FeatureObjectsV2MetadataSteps.ThenIReceiveASuccessfulResponse() (0.0s)&#xD;
And the response contains list with 'Bob' and 'Lisa' UUID metadata&#xD;
-&gt; done: FeatureObjectsV2MetadataSteps.ThenTheResponseContainsListWithAndUUIDMetadata("Bob", "Lisa") (0.0s)&#xD;
</Text>
      </RunInfo>
      <RunInfo computerName="runner" outcome="Warning" timestamp="2024-10-03T10:47:08.3154644+00:00">
        <Text>Given I have a keyset with Objects V2 enabled&#xD;
-&gt; done: FeatureObjectsV2MetadataSteps.GivenIHaveAKeysetWithObjectsVEnabled(2) (0.0s)&#xD;
Given the id for 'Alice' persona&#xD;
-&gt; done: FeatureObjectsV2MetadataSteps.GivenTheIdForPersona("Alice") (0.0s)&#xD;
When I get the UUID metadata&#xD;
-&gt; done: FeatureObjectsV2MetadataSteps.WhenIGetTheUUIDMetadata() (0.0s)&#xD;
Then I receive a successful response&#xD;
-&gt; done: FeatureObjectsV2MetadataSteps.ThenIReceiveASuccessfulResponse() (0.0s)&#xD;
And the UUID metadata for 'Alice' persona&#xD;
-&gt; done: FeatureObjectsV2MetadataSteps.ThenTheUUIDMetadataForPersona("Alice") (0.0s)&#xD;
</Text>
      </RunInfo>
      <RunInfo computerName="runner" outcome="Warning" timestamp="2024-10-03T10:47:08.3349741+00:00">
        <Text>Given I have a keyset with Objects V2 enabled&#xD;
-&gt; done: FeatureObjectsV2MetadataSteps.GivenIHaveAKeysetWithObjectsVEnabled(2) (0.0s)&#xD;
Given current user is 'Bob' persona&#xD;
-&gt; done: FeatureObjectsV2MetadataSteps.GivenCurrentUserIsPersona("Bob") (0.0s)&#xD;
When I get the UUID metadata with custom for current user&#xD;
-&gt; done: FeatureObjectsV2MetadataSteps.WhenIGetTheUUIDMetadataWithCustomForCurrentUser() (0.0s)&#xD;
Then I receive a successful response&#xD;
-&gt; done: FeatureObjectsV2MetadataSteps.ThenIReceiveASuccessfulResponse() (0.0s)&#xD;
And the UUID metadata for 'Bob' persona&#xD;
-&gt; done: FeatureObjectsV2MetadataSteps.ThenTheUUIDMetadataForPersona("Bob") (0.0s)&#xD;
</Text>
      </RunInfo>
      <RunInfo computerName="runner" outcome="Warning" timestamp="2024-10-03T10:47:08.3545017+00:00">
        <Text>Given I have a keyset with Objects V2 enabled&#xD;
-&gt; done: FeatureObjectsV2MetadataSteps.GivenIHaveAKeysetWithObjectsVEnabled(2) (0.0s)&#xD;
Given the id for 'Alice' persona&#xD;
-&gt; done: FeatureObjectsV2MetadataSteps.GivenTheIdForPersona("Alice") (0.0s)&#xD;
When I remove the UUID metadata&#xD;
-&gt; done: FeatureObjectsV2MetadataSteps.WhenIRemoveTheUUIDMetadata() (0.0s)&#xD;
Then I receive a successful response&#xD;
-&gt; done: FeatureObjectsV2MetadataSteps.ThenIReceiveASuccessfulResponse() (0.0s)&#xD;
</Text>
      </RunInfo>
      <RunInfo computerName="runner" outcome="Warning" timestamp="2024-10-03T10:47:08.3720039+00:00">
        <Text>Given I have a keyset with Objects V2 enabled&#xD;
-&gt; done: FeatureObjectsV2MetadataSteps.GivenIHaveAKeysetWithObjectsVEnabled(2) (0.0s)&#xD;
Given current user is 'Alice' persona&#xD;
-&gt; done: FeatureObjectsV2MetadataSteps.GivenCurrentUserIsPersona("Alice") (0.0s)&#xD;
When I remove the UUID metadata for current user&#xD;
-&gt; done: FeatureObjectsV2MetadataSteps.WhenIRemoveTheUUIDMetadataForCurrentUser() (0.0s)&#xD;
Then I receive a successful response&#xD;
-&gt; done: FeatureObjectsV2MetadataSteps.ThenIReceiveASuccessfulResponse() (0.0s)&#xD;
</Text>
      </RunInfo>
      <RunInfo computerName="runner" outcome="Warning" timestamp="2024-10-03T10:47:08.3967257+00:00">
        <Text>Given I have a keyset with Objects V2 enabled&#xD;
-&gt; done: FeatureObjectsV2MetadataSteps.GivenIHaveAKeysetWithObjectsVEnabled(2) (0.0s)&#xD;
Given the data for 'Alice' persona&#xD;
-&gt; done: FeatureObjectsV2MetadataSteps.GivenTheDataForPersona("Alice") (0.0s)&#xD;
When I set the UUID metadata&#xD;
-&gt; done: FeatureObjectsV2MetadataSteps.WhenISetTheUUIDMetadata() (0.0s)&#xD;
Then I receive a successful response&#xD;
-&gt; done: FeatureObjectsV2MetadataSteps.ThenIReceiveASuccessfulResponse() (0.0s)&#xD;
And the UUID metadata for 'Alice' persona contains updated&#xD;
-&gt; done: FeatureObjectsV2MetadataSteps.ThenTheUUIDMetadataForPersonaContainsUpdated("Alice") (0.0s)&#xD;
</Text>
      </RunInfo>
      <RunInfo computerName="runner" outcome="Warning" timestamp="2024-10-03T10:47:08.4166943+00:00">
        <Text>Given I have a keyset with access manager enabled&#xD;
-&gt; done: FeatureAccessSteps.GivenIHaveAKeysetWithAccessManagerEnabled() (0.0s)&#xD;
Given a token&#xD;
-&gt; done: FeatureAccessSteps.GivenAToken() (0.0s)&#xD;
When I revoke a token&#xD;
-&gt; done: FeatureAccessSteps.WhenIRevokeAToken() (0.0s)&#xD;
Then an error is returned&#xD;
-&gt; done: FeatureAccessSteps.ThenAnErrorIsReturned() (0.0s)&#xD;
* the error status code is 400&#xD;
-&gt; done: FeatureAccessSteps.ThenTheErrorStatusCodeIs(400) (0.0s)&#xD;
* the error message is 'Feature disabled'&#xD;
-&gt; done: FeatureAccessSteps.ThenTheErrorMessageIs("Feature disabled") (0.0s)&#xD;
* the error source is 'revoke'&#xD;
-&gt; done: FeatureAccessSteps.ThenTheErrorSourceIs("revoke") (0.0s)&#xD;
* the error detail message is 'Token revocation is disabled.'&#xD;
-&gt; done: FeatureAccessSteps.ThenTheErrorDetailMessageIs("Token revocation ...") (0.0s)&#xD;
* the error detail location is 'subscribe-key'&#xD;
-&gt; done: FeatureAccessSteps.ThenTheErrorDetailLocationIs("subscribe-key") (0.0s)&#xD;
* the error detail location type is 'path'&#xD;
-&gt; done: FeatureAccessSteps.ThenTheErrorDetailLocationTypeIs("path") (0.0s)&#xD;
* the error service is 'Access Manager'&#xD;
-&gt; done: FeatureAccessSteps.ThenTheErrorServiceIs("Access Manager") (0.0s)&#xD;
</Text>
      </RunInfo>
      <RunInfo computerName="runner" outcome="Warning" timestamp="2024-10-03T10:47:08.4325852+00:00">
        <Text>Given I have a keyset with access manager enabled&#xD;
-&gt; done: FeatureAccessSteps.GivenIHaveAKeysetWithAccessManagerEnabled() (0.0s)&#xD;
Given the token string 'unescaped-_.ABCabc123 escaped;,/?:@&amp;=+$#'&#xD;
-&gt; done: FeatureAccessSteps.GivenTheTokenString("unescaped-_.ABCab...") (0.0s)&#xD;
When I revoke a token&#xD;
-&gt; done: FeatureAccessSteps.WhenIRevokeAToken() (0.0s)&#xD;
Then I get confirmation that token has been revoked&#xD;
-&gt; done: FeatureAccessSteps.ThenIGetConfirmationThatTokenHasBeenRevoked() (0.0s)&#xD;
</Text>
      </RunInfo>
      <RunInfo computerName="runner" outcome="Warning" timestamp="2024-10-03T10:47:08.4480302+00:00">
        <Text>Given I have a keyset with access manager enabled&#xD;
-&gt; done: FeatureAccessSteps.GivenIHaveAKeysetWithAccessManagerEnabled() (0.0s)&#xD;
Given a token&#xD;
-&gt; done: FeatureAccessSteps.GivenAToken() (0.0s)&#xD;
When I revoke a token&#xD;
-&gt; done: FeatureAccessSteps.WhenIRevokeAToken() (0.0s)&#xD;
Then I get confirmation that token has been revoked&#xD;
-&gt; done: FeatureAccessSteps.ThenIGetConfirmationThatTokenHasBeenRevoked() (0.0s)&#xD;
</Text>
      </RunInfo>
      <RunInfo computerName="runner" outcome="Warning" timestamp="2024-10-03T10:47:08.4630772+00:00">
        <Text>Given I have a keyset with access manager enabled&#xD;
-&gt; done: FeatureAccessSteps.GivenIHaveAKeysetWithAccessManagerEnabled() (0.0s)&#xD;
Given a token&#xD;
-&gt; done: FeatureAccessSteps.GivenAToken() (0.0s)&#xD;
When I revoke a token&#xD;
-&gt; done: FeatureAccessSteps.WhenIRevokeAToken() (0.0s)&#xD;
Then an error is returned&#xD;
-&gt; done: FeatureAccessSteps.ThenAnErrorIsReturned() (0.0s)&#xD;
* the error status code is 400&#xD;
-&gt; done: FeatureAccessSteps.ThenTheErrorStatusCodeIs(400) (0.0s)&#xD;
* the error message is 'Invalid token'&#xD;
-&gt; done: FeatureAccessSteps.ThenTheErrorMessageIs("Invalid token") (0.0s)&#xD;
* the error source is 'revoke'&#xD;
-&gt; done: FeatureAccessSteps.ThenTheErrorSourceIs("revoke") (0.0s)&#xD;
* the error detail message is not empty&#xD;
-&gt; done: FeatureAccessSteps.ThenTheErrorDetailMessageIsNotEmpty() (0.0s)&#xD;
* the error detail location is 'token'&#xD;
-&gt; done: FeatureAccessSteps.ThenTheErrorDetailLocationIs("token") (0.0s)&#xD;
* the error detail location type is 'path'&#xD;
-&gt; done: FeatureAccessSteps.ThenTheErrorDetailLocationTypeIs("path") (0.0s)&#xD;
* the error service is 'Access Manager'&#xD;
-&gt; done: FeatureAccessSteps.ThenTheErrorServiceIs("Access Manager") (0.0s)&#xD;
</Text>
      </RunInfo>
    </RunInfos>
  </ResultSummary>
</TestRun>