<?xml version="1.0" encoding="utf-8"?>
<TestRun id="a4d44492-9a53-4fee-9c9d-8d1b10814db5" name="runneradmin@fv-az153-399 2023-03-16 16:25:12" runUser="fv-az153-399\runneradmin" xmlns="http://microsoft.com/schemas/VisualStudio/TeamTest/2010">
  <Times creation="2023-03-16T16:25:12.6492853+00:00" queuing="2023-03-16T16:25:12.6492856+00:00" start="2023-03-16T16:25:09.9247083+00:00" finish="2023-03-16T16:25:13.6343979+00:00" />
  <TestSettings name="default" id="55d832bc-e957-47ad-abc7-3824248c0b3b">
    <Deployment runDeploymentRoot="runneradmin_fv-az153-399_2023-03-16_16_25_12" />
  </TestSettings>
  <Results>
    <UnitTestResult executionId="67b71251-35a9-400e-a5e1-b447d1472984" testId="17537441-5c46-b29c-7a15-7f733fa6a240" testName="AttemptToGrantAnAccessTokenWhenTtlProvidedExceedsTheMaxTtlConfiguredUseDefaultMax43200ForTheTest" computerName="fv-az153-399" duration="00:00:00.2190520" startTime="2023-03-16T16:25:11.9591116+00:00" endTime="2023-03-16T16:25:12.1781208+00:00" testType="13cdc9d9-ddb5-4fa4-a97d-d965ccfc6d4b" outcome="Passed" testListId="8c84fa94-04c1-424b-9868-57a2d4851a1d" relativeResultsDirectory="67b71251-35a9-400e-a5e1-b447d1472984">
      <Output>
        <StdOut>Given I have a keyset with access manager enabled&#xD;
-&gt; done: FeatureAccessSteps.GivenIHaveAKeysetWithAccessManagerEnabled() (0.0s)&#xD;
Given the TTL 43201&#xD;
-&gt; done: FeatureAccessSteps.GivenTheTTL(43201) (0.0s)&#xD;
Given the 'channel-1' CHANNEL resource access permissions&#xD;
-&gt; done: FeatureAccessSteps.GivenTheCHANNELResourceAccessPermissions("channel-1") (0.0s)&#xD;
* grant resource permission READ&#xD;
-&gt; done: FeatureAccessSteps.GivenGrantResourcePermissionREAD() (0.0s)&#xD;
When I attempt to grant a token specifying those permissions&#xD;
-&gt; done: FeatureAccessSteps.WhenIAttemptToGrantATokenSpecifyingThosePermissions() (0.1s)&#xD;
Then an error is returned&#xD;
-&gt; done: FeatureAccessSteps.ThenAnErrorIsReturned() (0.0s)&#xD;
* the error status code is 400&#xD;
-&gt; done: FeatureAccessSteps.ThenTheErrorStatusCodeIs(400) (0.0s)&#xD;
* the error message is 'Invalid ttl'&#xD;
-&gt; done: FeatureAccessSteps.ThenTheErrorMessageIs("Invalid ttl") (0.0s)&#xD;
* the error source is 'grant'&#xD;
-&gt; done: FeatureAccessSteps.ThenTheErrorSourceIs("grant") (0.0s)&#xD;
* the error detail message is 'Range should be 1 to 43200 minute(s).'&#xD;
-&gt; done: FeatureAccessSteps.ThenTheErrorDetailMessageIs("Range should be 1...") (0.0s)&#xD;
* the error detail location is 'ttl'&#xD;
-&gt; done: FeatureAccessSteps.ThenTheErrorDetailLocationIs("ttl") (0.0s)&#xD;
* the error detail location type is 'body'&#xD;
-&gt; done: FeatureAccessSteps.ThenTheErrorDetailLocationTypeIs("body") (0.0s)</StdOut>
      </Output>
    </UnitTestResult>
    <UnitTestResult executionId="0f5991bb-0310-4449-b8e9-255d53c2b4ba" testId="9e948d14-1697-7020-7d46-e7d0ab1a839a" testName="RevokeExistingValidToken" computerName="fv-az153-399" duration="00:00:00.0094650" startTime="2023-03-16T16:25:13.3354451+00:00" endTime="2023-03-16T16:25:13.3449123+00:00" testType="13cdc9d9-ddb5-4fa4-a97d-d965ccfc6d4b" outcome="Passed" testListId="8c84fa94-04c1-424b-9868-57a2d4851a1d" relativeResultsDirectory="0f5991bb-0310-4449-b8e9-255d53c2b4ba">
      <Output>
        <StdOut>Given I have a keyset with access manager enabled&#xD;
-&gt; done: FeatureAccessSteps.GivenIHaveAKeysetWithAccessManagerEnabled() (0.0s)&#xD;
Given a token&#xD;
-&gt; done: FeatureAccessSteps.GivenAToken() (0.0s)&#xD;
When I revoke a token&#xD;
-&gt; done: FeatureAccessSteps.WhenIRevokeAToken() (0.0s)&#xD;
Then I get confirmation that token has been revoked&#xD;
-&gt; done: FeatureAccessSteps.ThenIGetConfirmationThatTokenHasBeenRevoked() (0.0s)</StdOut>
      </Output>
    </UnitTestResult>
    <UnitTestResult executionId="04587e83-809c-4204-ad93-b950269a32d2" testId="4401ff2d-c38b-51a8-f6b5-791f859c7098" testName="GetAChannelMetadataForId" computerName="fv-az153-399" duration="00:00:00.0609550" startTime="2023-03-16T16:25:12.4604343+00:00" endTime="2023-03-16T16:25:12.5213996+00:00" testType="13cdc9d9-ddb5-4fa4-a97d-d965ccfc6d4b" outcome="Passed" testListId="8c84fa94-04c1-424b-9868-57a2d4851a1d" relativeResultsDirectory="04587e83-809c-4204-ad93-b950269a32d2">
      <Output>
        <StdOut>Given I have a keyset with Objects V2 enabled&#xD;
-&gt; done: FeatureObjectsV2MetadataSteps.GivenIHaveAKeysetWithObjectsVEnabled(2) (0.0s)&#xD;
Given the id for 'Chat' channel&#xD;
-&gt; done: FeatureObjectsV2MetadataSteps.GivenTheIdForChannel("Chat") (0.0s)&#xD;
When I get the channel metadata&#xD;
-&gt; done: FeatureObjectsV2MetadataSteps.WhenIGetTheChannelMetadata() (0.0s)&#xD;
Then I receive a successful response&#xD;
-&gt; done: FeatureObjectsV2MetadataSteps.ThenIReceiveASuccessfulResponse() (0.0s)&#xD;
And the channel metadata for 'Chat' channel&#xD;
-&gt; done: FeatureObjectsV2MetadataSteps.ThenTheChannelMetadataForChannel("Chat") (0.0s)</StdOut>
      </Output>
    </UnitTestResult>
    <UnitTestResult executionId="05ffbe8f-17bc-4a25-9d28-36e888e660bf" testId="b2c9c319-05d3-858f-ecdb-c785279a33e5" testName="RemoveMemberForAChannel" computerName="fv-az153-399" duration="00:00:00.0165610" startTime="2023-03-16T16:25:12.8254559+00:00" endTime="2023-03-16T16:25:12.8420198+00:00" testType="13cdc9d9-ddb5-4fa4-a97d-d965ccfc6d4b" outcome="Passed" testListId="8c84fa94-04c1-424b-9868-57a2d4851a1d" relativeResultsDirectory="05ffbe8f-17bc-4a25-9d28-36e888e660bf">
      <Output>
        <StdOut>Given I have a keyset with Objects V2 enabled&#xD;
-&gt; done: FeatureObjectsV2MetadataSteps.GivenIHaveAKeysetWithObjectsVEnabled(2) (0.0s)&#xD;
Given the id for 'Chat' channel&#xD;
-&gt; done: FeatureObjectsV2MetadataSteps.GivenTheIdForChannel("Chat") (0.0s)&#xD;
And the data for 'AmeliaMember' member that we want to remove&#xD;
-&gt; done: FeatureObjectsV2MetadataSteps.GivenTheDataForMemberThatWeWantToRemove("AmeliaMember") (0.0s)&#xD;
When I remove a channel member&#xD;
-&gt; done: FeatureObjectsV2MetadataSteps.WhenIRemoveAChannelMember() (0.0s)&#xD;
Then I receive a successful response&#xD;
-&gt; done: FeatureObjectsV2MetadataSteps.ThenIReceiveASuccessfulResponse() (0.0s)</StdOut>
      </Output>
    </UnitTestResult>
    <UnitTestResult executionId="fcbc5e2b-d6f2-46a5-9565-c5713835719c" testId="10a87c1f-7e7a-0e53-402e-aefcc00a21da" testName="GetMembershipsForUUID" computerName="fv-az153-399" duration="00:00:00.0175020" startTime="2023-03-16T16:25:12.9154632+00:00" endTime="2023-03-16T16:25:12.9329683+00:00" testType="13cdc9d9-ddb5-4fa4-a97d-d965ccfc6d4b" outcome="Passed" testListId="8c84fa94-04c1-424b-9868-57a2d4851a1d" relativeResultsDirectory="fcbc5e2b-d6f2-46a5-9565-c5713835719c">
      <Output>
        <StdOut>Given I have a keyset with Objects V2 enabled&#xD;
-&gt; done: FeatureObjectsV2MetadataSteps.GivenIHaveAKeysetWithObjectsVEnabled(2) (0.0s)&#xD;
Given the id for 'Alice' persona&#xD;
-&gt; done: FeatureObjectsV2MetadataSteps.GivenTheIdForPersona("Alice") (0.0s)&#xD;
When I get the memberships&#xD;
-&gt; done: FeatureObjectsV2MetadataSteps.WhenIGetTheMemberships() (0.0s)&#xD;
Then I receive a successful response&#xD;
-&gt; done: FeatureObjectsV2MetadataSteps.ThenIReceiveASuccessfulResponse() (0.0s)&#xD;
And the response contains list with 'ChatMembership' and 'PatientMembership' memberships&#xD;
-&gt; done: FeatureObjectsV2MetadataSteps.ThenTheResponseContainsListWithAndMemberships("ChatMembership", "PatientMembership") (0.0s)</StdOut>
      </Output>
    </UnitTestResult>
    <UnitTestResult executionId="c2609b4a-ee90-4e4c-970e-d852f35ce082" testId="c824fd41-84e4-6d43-8411-04262c295a77" testName="SetMembership" computerName="fv-az153-399" duration="00:00:00.0163410" startTime="2023-03-16T16:25:13.0384998+00:00" endTime="2023-03-16T16:25:13.0548433+00:00" testType="13cdc9d9-ddb5-4fa4-a97d-d965ccfc6d4b" outcome="Passed" testListId="8c84fa94-04c1-424b-9868-57a2d4851a1d" relativeResultsDirectory="c2609b4a-ee90-4e4c-970e-d852f35ce082">
      <Output>
        <StdOut>Given I have a keyset with Objects V2 enabled&#xD;
-&gt; done: FeatureObjectsV2MetadataSteps.GivenIHaveAKeysetWithObjectsVEnabled(2) (0.0s)&#xD;
Given the id for 'Alice' persona&#xD;
-&gt; done: FeatureObjectsV2MetadataSteps.GivenTheIdForPersona("Alice") (0.0s)&#xD;
And the data for 'ChatMembership' membership&#xD;
-&gt; done: FeatureObjectsV2MetadataSteps.GivenTheDataForMembership("ChatMembership") (0.0s)&#xD;
When I set the membership&#xD;
-&gt; done: FeatureObjectsV2MetadataSteps.WhenISetTheMembership() (0.0s)&#xD;
Then I receive a successful response&#xD;
-&gt; done: FeatureObjectsV2MetadataSteps.ThenIReceiveASuccessfulResponse() (0.0s)&#xD;
And the response contains list with 'ChatMembership' membership&#xD;
-&gt; done: FeatureObjectsV2MetadataSteps.ThenTheResponseContainsListWithMembership("ChatMembership") (0.0s)</StdOut>
      </Output>
    </UnitTestResult>
    <UnitTestResult executionId="e3f07d8b-5675-4a26-9c18-a587897fb2e5" testId="4abae91a-e1c2-11c6-c78e-4c0a98abeb41" testName="ManageMembersForAChannel" computerName="fv-az153-399" duration="00:00:00.0328480" startTime="2023-03-16T16:25:12.7917832+00:00" endTime="2023-03-16T16:25:12.8246360+00:00" testType="13cdc9d9-ddb5-4fa4-a97d-d965ccfc6d4b" outcome="Passed" testListId="8c84fa94-04c1-424b-9868-57a2d4851a1d" relativeResultsDirectory="e3f07d8b-5675-4a26-9c18-a587897fb2e5">
      <Output>
        <StdOut>Given I have a keyset with Objects V2 enabled&#xD;
-&gt; done: FeatureObjectsV2MetadataSteps.GivenIHaveAKeysetWithObjectsVEnabled(2) (0.0s)&#xD;
Given the data for 'PeterMember' member&#xD;
-&gt; done: FeatureObjectsV2MetadataSteps.GivenTheDataForMember("PeterMember") (0.0s)&#xD;
And the data for 'AmeliaMember' member that we want to remove&#xD;
-&gt; done: FeatureObjectsV2MetadataSteps.GivenTheDataForMemberThatWeWantToRemove("AmeliaMember") (0.0s)&#xD;
And the id for 'Chat' channel&#xD;
-&gt; done: FeatureObjectsV2MetadataSteps.GivenTheIdForChannel("Chat") (0.0s)&#xD;
When I manage channel members&#xD;
-&gt; done: FeatureObjectsV2MetadataSteps.WhenIManageChannelMembers() (0.0s)&#xD;
Then I receive a successful response&#xD;
-&gt; done: FeatureObjectsV2MetadataSteps.ThenIReceiveASuccessfulResponse() (0.0s)&#xD;
And the response contains list with 'PeterMember' member&#xD;
-&gt; done: FeatureObjectsV2MetadataSteps.ThenTheResponseContainsListWithMember("PeterMember") (0.0s)&#xD;
And the response does not contain list with 'AmeliaMember' member&#xD;
-&gt; done: FeatureObjectsV2MetadataSteps.ThenTheResponseDoesNotContainListWithMember("AmeliaMember") (0.0s)</StdOut>
      </Output>
    </UnitTestResult>
    <UnitTestResult executionId="f8e28c2a-ac78-48e7-99eb-13cca20dc2a2" testId="be8b1c28-897b-72b1-79de-44eed3d3394f" testName="RemoveAChannelMetadataForId" computerName="fv-az153-399" duration="00:00:00.0175060" startTime="2023-03-16T16:25:12.6856217+00:00" endTime="2023-03-16T16:25:12.7031303+00:00" testType="13cdc9d9-ddb5-4fa4-a97d-d965ccfc6d4b" outcome="Passed" testListId="8c84fa94-04c1-424b-9868-57a2d4851a1d" relativeResultsDirectory="f8e28c2a-ac78-48e7-99eb-13cca20dc2a2">
      <Output>
        <StdOut>Given I have a keyset with Objects V2 enabled&#xD;
-&gt; done: FeatureObjectsV2MetadataSteps.GivenIHaveAKeysetWithObjectsVEnabled(2) (0.0s)&#xD;
Given the id for 'Chat' channel&#xD;
-&gt; done: FeatureObjectsV2MetadataSteps.GivenTheIdForChannel("Chat") (0.0s)&#xD;
When I remove the channel metadata&#xD;
-&gt; done: FeatureObjectsV2MetadataSteps.WhenIRemoveTheChannelMetadata() (0.0s)&#xD;
Then I receive a successful response&#xD;
-&gt; done: FeatureObjectsV2MetadataSteps.ThenIReceiveASuccessfulResponse() (0.0s)</StdOut>
      </Output>
    </UnitTestResult>
    <UnitTestResult executionId="1afb7f48-d0aa-4a47-9995-f5db66afbf83" testId="0c1a37b6-b16e-3d65-7b38-756d59a051b1" testName="GetAllChannelMetadata" computerName="fv-az153-399" duration="00:00:00.0944570" startTime="2023-03-16T16:25:12.5755094+00:00" endTime="2023-03-16T16:25:12.6699819+00:00" testType="13cdc9d9-ddb5-4fa4-a97d-d965ccfc6d4b" outcome="Passed" testListId="8c84fa94-04c1-424b-9868-57a2d4851a1d" relativeResultsDirectory="1afb7f48-d0aa-4a47-9995-f5db66afbf83">
      <Output>
        <StdOut>Given I have a keyset with Objects V2 enabled&#xD;
-&gt; done: FeatureObjectsV2MetadataSteps.GivenIHaveAKeysetWithObjectsVEnabled(2) (0.0s)&#xD;
When I get all channel metadata&#xD;
-&gt; done: FeatureObjectsV2MetadataSteps.WhenIGetAllChannelMetadata() (0.0s)&#xD;
Then I receive a successful response&#xD;
-&gt; done: FeatureObjectsV2MetadataSteps.ThenIReceiveASuccessfulResponse() (0.0s)&#xD;
And the response contains list with 'Chat' and 'Patient' channel metadata&#xD;
-&gt; done: FeatureObjectsV2MetadataSteps.ThenTheResponseContainsListWithAndChannelMetadata("Chat", "Patient") (0.0s)</StdOut>
      </Output>
    </UnitTestResult>
    <UnitTestResult executionId="8e0dc780-f025-445e-9be4-3d4e514da0f7" testId="d717777f-cd83-a14f-a06e-85ad7a167630" testName="GetAUUIDMetadataForId" computerName="fv-az153-399" duration="00:00:00.0176490" startTime="2023-03-16T16:25:13.2241236+00:00" endTime="2023-03-16T16:25:13.2417760+00:00" testType="13cdc9d9-ddb5-4fa4-a97d-d965ccfc6d4b" outcome="Passed" testListId="8c84fa94-04c1-424b-9868-57a2d4851a1d" relativeResultsDirectory="8e0dc780-f025-445e-9be4-3d4e514da0f7">
      <Output>
        <StdOut>Given I have a keyset with Objects V2 enabled&#xD;
-&gt; done: FeatureObjectsV2MetadataSteps.GivenIHaveAKeysetWithObjectsVEnabled(2) (0.0s)&#xD;
Given the id for 'Alice' persona&#xD;
-&gt; done: FeatureObjectsV2MetadataSteps.GivenTheIdForPersona("Alice") (0.0s)&#xD;
When I get the UUID metadata&#xD;
-&gt; done: FeatureObjectsV2MetadataSteps.WhenIGetTheUUIDMetadata() (0.0s)&#xD;
Then I receive a successful response&#xD;
-&gt; done: FeatureObjectsV2MetadataSteps.ThenIReceiveASuccessfulResponse() (0.0s)&#xD;
And the UUID metadata for 'Alice' persona&#xD;
-&gt; done: FeatureObjectsV2MetadataSteps.ThenTheUUIDMetadataForPersona("Alice") (0.0s)</StdOut>
      </Output>
    </UnitTestResult>
    <UnitTestResult executionId="7d705107-9172-496d-8503-7b46bdb39ebc" testId="7acf7525-aaca-a5f2-7032-491d9caf1cf8" testName="GetMembershipsForUUIDWithCustomAndChannelCustom" computerName="fv-az153-399" duration="00:00:00.0174880" startTime="2023-03-16T16:25:12.9336406+00:00" endTime="2023-03-16T16:25:12.9511313+00:00" testType="13cdc9d9-ddb5-4fa4-a97d-d965ccfc6d4b" outcome="Passed" testListId="8c84fa94-04c1-424b-9868-57a2d4851a1d" relativeResultsDirectory="7d705107-9172-496d-8503-7b46bdb39ebc">
      <Output>
        <StdOut>Given I have a keyset with Objects V2 enabled&#xD;
-&gt; done: FeatureObjectsV2MetadataSteps.GivenIHaveAKeysetWithObjectsVEnabled(2) (0.0s)&#xD;
Given the id for 'Bob' persona&#xD;
-&gt; done: FeatureObjectsV2MetadataSteps.GivenTheIdForPersona("Bob") (0.0s)&#xD;
When I get the memberships including custom and channel custom information&#xD;
-&gt; done: FeatureObjectsV2MetadataSteps.WhenIGetTheMembershipsIncludingCustomAndChannelCustomInformation() (0.0s)&#xD;
Then I receive a successful response&#xD;
-&gt; done: FeatureObjectsV2MetadataSteps.ThenIReceiveASuccessfulResponse() (0.0s)&#xD;
And the response contains list with 'VipChatMembership' and 'DMMembership' memberships&#xD;
-&gt; done: FeatureObjectsV2MetadataSteps.ThenTheResponseContainsListWithAndMemberships("VipChatMembership", "DMMembership") (0.0s)</StdOut>
      </Output>
    </UnitTestResult>
    <UnitTestResult executionId="17abee6b-cca8-407a-b6ad-5ac43da37b8a" testId="5a108f95-d949-be1c-ba70-794e5a89cb2c" testName="SetAUUIDMetadata" computerName="fv-az153-399" duration="00:00:00.0173620" startTime="2023-03-16T16:25:13.2862159+00:00" endTime="2023-03-16T16:25:13.3035813+00:00" testType="13cdc9d9-ddb5-4fa4-a97d-d965ccfc6d4b" outcome="Passed" testListId="8c84fa94-04c1-424b-9868-57a2d4851a1d" relativeResultsDirectory="17abee6b-cca8-407a-b6ad-5ac43da37b8a">
      <Output>
        <StdOut>Given I have a keyset with Objects V2 enabled&#xD;
-&gt; done: FeatureObjectsV2MetadataSteps.GivenIHaveAKeysetWithObjectsVEnabled(2) (0.0s)&#xD;
Given the data for 'Alice' persona&#xD;
-&gt; done: FeatureObjectsV2MetadataSteps.GivenTheDataForPersona("Alice") (0.0s)&#xD;
When I set the UUID metadata&#xD;
-&gt; done: FeatureObjectsV2MetadataSteps.WhenISetTheUUIDMetadata() (0.0s)&#xD;
Then I receive a successful response&#xD;
-&gt; done: FeatureObjectsV2MetadataSteps.ThenIReceiveASuccessfulResponse() (0.0s)&#xD;
And the UUID metadata for 'Alice' persona contains updated&#xD;
-&gt; done: FeatureObjectsV2MetadataSteps.ThenTheUUIDMetadataForPersonaContainsUpdated("Alice") (0.0s)</StdOut>
      </Output>
    </UnitTestResult>
    <UnitTestResult executionId="a9a6f87e-b20d-4489-895a-bfe84ade2532" testId="1f73b5a1-d21f-1feb-a5dc-31aa30bfbe2c" testName="SetMembershipForCurrentUser" computerName="fv-az153-399" duration="00:00:00.0158150" startTime="2023-03-16T16:25:13.0549890+00:00" endTime="2023-03-16T16:25:13.0708069+00:00" testType="13cdc9d9-ddb5-4fa4-a97d-d965ccfc6d4b" outcome="Passed" testListId="8c84fa94-04c1-424b-9868-57a2d4851a1d" relativeResultsDirectory="a9a6f87e-b20d-4489-895a-bfe84ade2532">
      <Output>
        <StdOut>Given I have a keyset with Objects V2 enabled&#xD;
-&gt; done: FeatureObjectsV2MetadataSteps.GivenIHaveAKeysetWithObjectsVEnabled(2) (0.0s)&#xD;
Given current user is 'Alice' persona&#xD;
-&gt; done: FeatureObjectsV2MetadataSteps.GivenCurrentUserIsPersona("Alice") (0.0s)&#xD;
And the data for 'ChatMembership' membership&#xD;
-&gt; done: FeatureObjectsV2MetadataSteps.GivenTheDataForMembership("ChatMembership") (0.0s)&#xD;
When I set the membership for current user&#xD;
-&gt; done: FeatureObjectsV2MetadataSteps.WhenISetTheMembershipForCurrentUser() (0.0s)&#xD;
Then I receive a successful response&#xD;
-&gt; done: FeatureObjectsV2MetadataSteps.ThenIReceiveASuccessfulResponse() (0.0s)&#xD;
And the response contains list with 'ChatMembership' membership&#xD;
-&gt; done: FeatureObjectsV2MetadataSteps.ThenTheResponseContainsListWithMembership("ChatMembership") (0.0s)</StdOut>
      </Output>
    </UnitTestResult>
    <UnitTestResult executionId="d2ab7aab-066e-440b-bb9b-7bb2e84fa094" testId="238d7046-3682-e357-765d-2a21c813602e" testName="AttemptToGrantAnAccessTokenWithARegularExpressionContainingASyntaxErrorAndExpectAServerError" computerName="fv-az153-399" duration="00:00:00.0187850" startTime="2023-03-16T16:25:12.2159128+00:00" endTime="2023-03-16T16:25:12.2347010+00:00" testType="13cdc9d9-ddb5-4fa4-a97d-d965ccfc6d4b" outcome="Passed" testListId="8c84fa94-04c1-424b-9868-57a2d4851a1d" relativeResultsDirectory="d2ab7aab-066e-440b-bb9b-7bb2e84fa094">
      <Output>
        <StdOut>Given I have a keyset with access manager enabled&#xD;
-&gt; done: FeatureAccessSteps.GivenIHaveAKeysetWithAccessManagerEnabled() (0.0s)&#xD;
Given the TTL 60&#xD;
-&gt; done: FeatureAccessSteps.GivenTheTTL(60) (0.0s)&#xD;
Given the '!&lt;[^&gt;]+&gt;++' UUID pattern access permissions&#xD;
-&gt; done: FeatureAccessSteps.GivenTheUUIDPatternAccessPermissions("!&lt;[^&gt;]+&gt;++") (0.0s)&#xD;
* grant pattern permission GET&#xD;
-&gt; done: FeatureAccessSteps.GivenGrantPatternPermissionGET() (0.0s)&#xD;
When I attempt to grant a token specifying those permissions&#xD;
-&gt; done: FeatureAccessSteps.WhenIAttemptToGrantATokenSpecifyingThosePermissions() (0.0s)&#xD;
Then an error is returned&#xD;
-&gt; done: FeatureAccessSteps.ThenAnErrorIsReturned() (0.0s)&#xD;
* the error status code is 400&#xD;
-&gt; done: FeatureAccessSteps.ThenTheErrorStatusCodeIs(400) (0.0s)&#xD;
* the error message is 'Invalid RegExp'&#xD;
-&gt; done: FeatureAccessSteps.ThenTheErrorMessageIs("Invalid RegExp") (0.0s)&#xD;
* the error source is 'grant'&#xD;
-&gt; done: FeatureAccessSteps.ThenTheErrorSourceIs("grant") (0.0s)&#xD;
* the error detail message is 'Syntax error: multiple repeat.'&#xD;
-&gt; done: FeatureAccessSteps.ThenTheErrorDetailMessageIs("Syntax error: mul...") (0.0s)&#xD;
* the error detail location is 'permissions.patterns.uuids.!&lt;[^&gt;]+&gt;++'&#xD;
-&gt; done: FeatureAccessSteps.ThenTheErrorDetailLocationIs("permissions.patte...") (0.0s)&#xD;
* the error detail location type is 'body'&#xD;
-&gt; done: FeatureAccessSteps.ThenTheErrorDetailLocationTypeIs("body") (0.0s)</StdOut>
      </Output>
    </UnitTestResult>
    <UnitTestResult executionId="52d63bf8-a64f-4488-8248-7c7a5bbf952c" testId="947b833a-a96c-d64f-e9e3-0beaa935d4d5" testName="SetAChannelMetadata" computerName="fv-az153-399" duration="00:00:00.0218110" startTime="2023-03-16T16:25:12.7039490+00:00" endTime="2023-03-16T16:25:12.7257633+00:00" testType="13cdc9d9-ddb5-4fa4-a97d-d965ccfc6d4b" outcome="Passed" testListId="8c84fa94-04c1-424b-9868-57a2d4851a1d" relativeResultsDirectory="52d63bf8-a64f-4488-8248-7c7a5bbf952c">
      <Output>
        <StdOut>Given I have a keyset with Objects V2 enabled&#xD;
-&gt; done: FeatureObjectsV2MetadataSteps.GivenIHaveAKeysetWithObjectsVEnabled(2) (0.0s)&#xD;
Given the data for 'Chat' channel&#xD;
-&gt; done: FeatureObjectsV2MetadataSteps.GivenTheDataForChannel("Chat") (0.0s)&#xD;
When I set the channel metadata&#xD;
-&gt; done: FeatureObjectsV2MetadataSteps.WhenISetTheChannelMetadata() (0.0s)&#xD;
Then I receive a successful response&#xD;
-&gt; done: FeatureObjectsV2MetadataSteps.ThenIReceiveASuccessfulResponse() (0.0s)&#xD;
And the channel metadata for 'Chat' channel contains updated&#xD;
-&gt; done: FeatureObjectsV2MetadataSteps.ThenTheChannelMetadataForChannelContainsUpdated("Chat") (0.0s)</StdOut>
      </Output>
    </UnitTestResult>
    <UnitTestResult executionId="ddaee57d-410c-4745-8325-fb6369c04e1d" testId="046e940e-ed7b-e2be-b9c9-fa82caaefa8a" testName="RemoveMembershipForCurrentUser" computerName="fv-az153-399" duration="00:00:00.0192390" startTime="2023-03-16T16:25:13.0187406+00:00" endTime="2023-03-16T16:25:13.0379825+00:00" testType="13cdc9d9-ddb5-4fa4-a97d-d965ccfc6d4b" outcome="Passed" testListId="8c84fa94-04c1-424b-9868-57a2d4851a1d" relativeResultsDirectory="ddaee57d-410c-4745-8325-fb6369c04e1d">
      <Output>
        <StdOut>Given I have a keyset with Objects V2 enabled&#xD;
-&gt; done: FeatureObjectsV2MetadataSteps.GivenIHaveAKeysetWithObjectsVEnabled(2) (0.0s)&#xD;
Given current user is 'Alice' persona&#xD;
-&gt; done: FeatureObjectsV2MetadataSteps.GivenCurrentUserIsPersona("Alice") (0.0s)&#xD;
And the data for 'ChatMembership' membership that we want to remove&#xD;
-&gt; done: FeatureObjectsV2MetadataSteps.GivenTheDataForMembershipThatWeWantToRemove("ChatMembership") (0.0s)&#xD;
When I remove the membership for current user&#xD;
-&gt; done: FeatureObjectsV2MetadataSteps.WhenIRemoveTheMembershipForCurrentUser() (0.0s)&#xD;
Then I receive a successful response&#xD;
-&gt; done: FeatureObjectsV2MetadataSteps.ThenIReceiveASuccessfulResponse() (0.0s)</StdOut>
      </Output>
    </UnitTestResult>
    <UnitTestResult executionId="7db6aaaf-134a-4f7f-a51f-7f4dfec54a77" testId="70fed881-ff3d-cf01-fc50-eec23bec4b15" testName="GetMembersForVipChatChannelWithCustomAndUUIDWithCustom" computerName="fv-az153-399" duration="00:00:00.0234340" startTime="2023-03-16T16:25:12.7675419+00:00" endTime="2023-03-16T16:25:12.7909797+00:00" testType="13cdc9d9-ddb5-4fa4-a97d-d965ccfc6d4b" outcome="Passed" testListId="8c84fa94-04c1-424b-9868-57a2d4851a1d" relativeResultsDirectory="7db6aaaf-134a-4f7f-a51f-7f4dfec54a77">
      <Output>
        <StdOut>Given I have a keyset with Objects V2 enabled&#xD;
-&gt; done: FeatureObjectsV2MetadataSteps.GivenIHaveAKeysetWithObjectsVEnabled(2) (0.0s)&#xD;
Given the id for 'VipChat' channel&#xD;
-&gt; done: FeatureObjectsV2MetadataSteps.GivenTheIdForChannel("VipChat") (0.0s)&#xD;
When I get the channel members including custom and UUID custom information&#xD;
-&gt; done: FeatureObjectsV2MetadataSteps.WhenIGetTheChannelMembersIncludingCustomAndUUIDCustomInformation() (0.0s)&#xD;
Then I receive a successful response&#xD;
-&gt; done: FeatureObjectsV2MetadataSteps.ThenIReceiveASuccessfulResponse() (0.0s)&#xD;
And the response contains list with 'OliverMember' and 'PeterMember' members&#xD;
-&gt; done: FeatureObjectsV2MetadataSteps.ThenTheResponseContainsListWithAndMembers("OliverMember", "PeterMember") (0.0s)</StdOut>
      </Output>
    </UnitTestResult>
    <UnitTestResult executionId="3600f569-f401-4b3f-92a1-04695881b882" testId="ed5af684-441e-e3d8-3bf2-a26f2fd3f117" testName="SetMemberForAChannel" computerName="fv-az153-399" duration="00:00:00.0203430" startTime="2023-03-16T16:25:12.8428267+00:00" endTime="2023-03-16T16:25:12.8631731+00:00" testType="13cdc9d9-ddb5-4fa4-a97d-d965ccfc6d4b" outcome="Passed" testListId="8c84fa94-04c1-424b-9868-57a2d4851a1d" relativeResultsDirectory="3600f569-f401-4b3f-92a1-04695881b882">
      <Output>
        <StdOut>Given I have a keyset with Objects V2 enabled&#xD;
-&gt; done: FeatureObjectsV2MetadataSteps.GivenIHaveAKeysetWithObjectsVEnabled(2) (0.0s)&#xD;
Given the data for 'AmeliaMember' member&#xD;
-&gt; done: FeatureObjectsV2MetadataSteps.GivenTheDataForMember("AmeliaMember") (0.0s)&#xD;
And the id for 'Chat' channel&#xD;
-&gt; done: FeatureObjectsV2MetadataSteps.GivenTheIdForChannel("Chat") (0.0s)&#xD;
When I set a channel member&#xD;
-&gt; done: FeatureObjectsV2MetadataSteps.WhenISetAChannelMember() (0.0s)&#xD;
Then I receive a successful response&#xD;
-&gt; done: FeatureObjectsV2MetadataSteps.ThenIReceiveASuccessfulResponse() (0.0s)&#xD;
And the response contains list with 'AmeliaMember' member&#xD;
-&gt; done: FeatureObjectsV2MetadataSteps.ThenTheResponseContainsListWithMember("AmeliaMember") (0.0s)</StdOut>
      </Output>
    </UnitTestResult>
    <UnitTestResult executionId="83daa0dc-9d3b-4779-bd4f-55c54ded4310" testId="b811bc2b-ac6c-1eab-5504-b3af1ec9a805" testName="RevokeATokenWithCharactersThatRequireUrlEncoding" computerName="fv-az153-399" duration="00:00:00.0094320" startTime="2023-03-16T16:25:13.3253878+00:00" endTime="2023-03-16T16:25:13.3348213+00:00" testType="13cdc9d9-ddb5-4fa4-a97d-d965ccfc6d4b" outcome="Passed" testListId="8c84fa94-04c1-424b-9868-57a2d4851a1d" relativeResultsDirectory="83daa0dc-9d3b-4779-bd4f-55c54ded4310">
      <Output>
        <StdOut>Given I have a keyset with access manager enabled&#xD;
-&gt; done: FeatureAccessSteps.GivenIHaveAKeysetWithAccessManagerEnabled() (0.0s)&#xD;
Given the token string 'unescaped-_.ABCabc123 escaped;,/?:@&amp;=+$#'&#xD;
-&gt; done: FeatureAccessSteps.GivenTheTokenString("unescaped-_.ABCab...") (0.0s)&#xD;
When I revoke a token&#xD;
-&gt; done: FeatureAccessSteps.WhenIRevokeAToken() (0.0s)&#xD;
Then I get confirmation that token has been revoked&#xD;
-&gt; done: FeatureAccessSteps.ThenIGetConfirmationThatTokenHasBeenRevoked() (0.0s)</StdOut>
      </Output>
    </UnitTestResult>
    <UnitTestResult executionId="19b2a3fa-0e8f-4559-9823-939ba776755a" testId="85374129-b31e-6699-e3e3-35edfbf2f310" testName="GrantAnAccessTokenWithAllPermissionsOnAllResourceTypesWithAuthorizedUuid" computerName="fv-az153-399" duration="00:00:00.0818950" startTime="2023-03-16T16:25:12.3510481+00:00" endTime="2023-03-16T16:25:12.4329565+00:00" testType="13cdc9d9-ddb5-4fa4-a97d-d965ccfc6d4b" outcome="Passed" testListId="8c84fa94-04c1-424b-9868-57a2d4851a1d" relativeResultsDirectory="19b2a3fa-0e8f-4559-9823-939ba776755a">
      <Output>
        <StdOut>Given I have a keyset with access manager enabled&#xD;
-&gt; done: FeatureAccessSteps.GivenIHaveAKeysetWithAccessManagerEnabled() (0.0s)&#xD;
Given the authorized UUID "test-authorized-uuid"&#xD;
-&gt; done: FeatureAccessSteps.GivenTheAuthorizedUUID("test-authorized-uuid") (0.0s)&#xD;
Given the TTL 60&#xD;
-&gt; done: FeatureAccessSteps.GivenTheTTL(60) (0.0s)&#xD;
Given the 'channel-1' CHANNEL resource access permissions&#xD;
-&gt; done: FeatureAccessSteps.GivenTheCHANNELResourceAccessPermissions("channel-1") (0.0s)&#xD;
* grant resource permission READ&#xD;
-&gt; done: FeatureAccessSteps.GivenGrantResourcePermissionREAD() (0.0s)&#xD;
* grant resource permission WRITE&#xD;
-&gt; done: FeatureAccessSteps.GivenGrantResourcePermissionWRITE() (0.0s)&#xD;
* grant resource permission GET&#xD;
-&gt; done: FeatureAccessSteps.GivenGrantResourcePermissionGET() (0.0s)&#xD;
* grant resource permission MANAGE&#xD;
-&gt; done: FeatureAccessSteps.GivenGrantResourcePermissionMANAGE() (0.0s)&#xD;
* grant resource permission UPDATE&#xD;
-&gt; done: FeatureAccessSteps.GivenGrantResourcePermissionUPDATE() (0.0s)&#xD;
* grant resource permission JOIN&#xD;
-&gt; done: FeatureAccessSteps.GivenGrantResourcePermissionJOIN() (0.0s)&#xD;
* grant resource permission DELETE&#xD;
-&gt; done: FeatureAccessSteps.GivenGrantResourcePermissionDELETE() (0.0s)&#xD;
Given the 'channel_group-1' CHANNEL_GROUP resource access permissions&#xD;
-&gt; done: FeatureAccessSteps.GivenTheCHANNEL_GROUPResourceAccessPermissions("channel_group-1") (0.0s)&#xD;
* grant resource permission READ&#xD;
-&gt; done: FeatureAccessSteps.GivenGrantResourcePermissionREAD() (0.0s)&#xD;
* grant resource permission MANAGE&#xD;
-&gt; done: FeatureAccessSteps.GivenGrantResourcePermissionMANAGE() (0.0s)&#xD;
Given the 'uuid-1' UUID resource access permissions&#xD;
-&gt; done: FeatureAccessSteps.GivenTheUUIDResourceAccessPermissions("uuid-1") (0.0s)&#xD;
* grant resource permission GET&#xD;
-&gt; done: FeatureAccessSteps.GivenGrantResourcePermissionGET() (0.0s)&#xD;
* grant resource permission UPDATE&#xD;
-&gt; done: FeatureAccessSteps.GivenGrantResourcePermissionUPDATE() (0.0s)&#xD;
* grant resource permission DELETE&#xD;
-&gt; done: FeatureAccessSteps.GivenGrantResourcePermissionDELETE() (0.0s)&#xD;
Given the '^channel-\S*$' CHANNEL pattern access permissions&#xD;
-&gt; done: FeatureAccessSteps.GivenTheCHANNELPatternAccessPermissions("^channel-\S*$") (0.0s)&#xD;
* grant pattern permission READ&#xD;
-&gt; done: FeatureAccessSteps.GivenGrantPatternPermissionREAD() (0.0s)&#xD;
* grant pattern permission WRITE&#xD;
-&gt; done: FeatureAccessSteps.GivenGrantPatternPermissionWRITE() (0.0s)&#xD;
* grant pattern permission GET&#xD;
-&gt; done: FeatureAccessSteps.GivenGrantPatternPermissionGET() (0.0s)&#xD;
* grant pattern permission MANAGE&#xD;
-&gt; done: FeatureAccessSteps.GivenGrantPatternPermissionMANAGE() (0.0s)&#xD;
* grant pattern permission UPDATE&#xD;
-&gt; done: FeatureAccessSteps.GivenGrantPatternPermissionUPDATE() (0.0s)&#xD;
* grant pattern permission JOIN&#xD;
-&gt; done: FeatureAccessSteps.GivenGrantPatternPermissionJOIN() (0.0s)&#xD;
* grant pattern permission DELETE&#xD;
-&gt; done: FeatureAccessSteps.GivenGrantPatternPermissionDELETE() (0.0s)&#xD;
Given the '^:channel_group-\S*$' CHANNEL_GROUP pattern access permissions&#xD;
-&gt; done: FeatureAccessSteps.GivenTheCHANNEL_GROUPPatternAccessPermissions("^:channel_group-\S*$") (0.0s)&#xD;
* grant pattern permission READ&#xD;
-&gt; done: FeatureAccessSteps.GivenGrantPatternPermissionREAD() (0.0s)&#xD;
* grant pattern permission MANAGE&#xD;
-&gt; done: FeatureAccessSteps.GivenGrantPatternPermissionMANAGE() (0.0s)&#xD;
Given the '^uuid-\S*$' UUID pattern access permissions&#xD;
-&gt; done: FeatureAccessSteps.GivenTheUUIDPatternAccessPermissions("^uuid-\S*$") (0.0s)&#xD;
* grant pattern permission GET&#xD;
-&gt; done: FeatureAccessSteps.GivenGrantPatternPermissionGET() (0.0s)&#xD;
* grant pattern permission UPDATE&#xD;
-&gt; done: FeatureAccessSteps.GivenGrantPatternPermissionUPDATE() (0.0s)&#xD;
* grant pattern permission DELETE&#xD;
-&gt; done: FeatureAccessSteps.GivenGrantPatternPermissionDELETE() (0.0s)&#xD;
When I grant a token specifying those permissions&#xD;
-&gt; done: FeatureAccessSteps.WhenIGrantATokenSpecifyingThosePermissions() (0.0s)&#xD;
Then the token contains the authorized UUID "test-authorized-uuid"&#xD;
-&gt; done: FeatureAccessSteps.ThenTheTokenContainsTheAuthorizedUUID("test-authorized-uuid") (0.0s)&#xD;
Then the token contains the TTL 60&#xD;
-&gt; done: FeatureAccessSteps.ThenTheTokenContainsTheTTL(60) (0.0s)&#xD;
Then the token has 'channel-1' CHANNEL resource access permissions&#xD;
-&gt; done: FeatureAccessSteps.ThenTheTokenHasCHANNELResourceAccessPermissions("channel-1") (0.0s)&#xD;
* token resource permission READ&#xD;
-&gt; done: FeatureAccessSteps.ThenTokenResourcePermissionREAD() (0.0s)&#xD;
* token resource permission WRITE&#xD;
-&gt; done: FeatureAccessSteps.ThenTokenResourcePermissionWRITE() (0.0s)&#xD;
* token resource permission GET&#xD;
-&gt; done: FeatureAccessSteps.ThenTokenResourcePermissionGET() (0.0s)&#xD;
* token resource permission MANAGE&#xD;
-&gt; done: FeatureAccessSteps.ThenTokenResourcePermissionMANAGE() (0.0s)&#xD;
* token resource permission UPDATE&#xD;
-&gt; done: FeatureAccessSteps.ThenTokenResourcePermissionUPDATE() (0.0s)&#xD;
* token resource permission JOIN&#xD;
-&gt; done: FeatureAccessSteps.ThenTokenResourcePermissionJOIN() (0.0s)&#xD;
* token resource permission DELETE&#xD;
-&gt; done: FeatureAccessSteps.ThenTokenResourcePermissionDELETE() (0.0s)&#xD;
Then the token has 'channel_group-1' CHANNEL_GROUP resource access permissions&#xD;
-&gt; done: FeatureAccessSteps.ThenTheTokenHasCHANNEL_GROUPResourceAccessPermissions("channel_group-1") (0.0s)&#xD;
* token resource permission READ&#xD;
-&gt; done: FeatureAccessSteps.ThenTokenResourcePermissionREAD() (0.0s)&#xD;
* token resource permission MANAGE&#xD;
-&gt; done: FeatureAccessSteps.ThenTokenResourcePermissionMANAGE() (0.0s)&#xD;
Then the token has 'uuid-1' UUID resource access permissions&#xD;
-&gt; done: FeatureAccessSteps.ThenTheTokenHasUUIDResourceAccessPermissions("uuid-1") (0.0s)&#xD;
* token resource permission GET&#xD;
-&gt; done: FeatureAccessSteps.ThenTokenResourcePermissionGET() (0.0s)&#xD;
* token resource permission UPDATE&#xD;
-&gt; done: FeatureAccessSteps.ThenTokenResourcePermissionUPDATE() (0.0s)&#xD;
* token resource permission DELETE&#xD;
-&gt; done: FeatureAccessSteps.ThenTokenResourcePermissionDELETE() (0.0s)&#xD;
Then the token has '^channel-\S*$' CHANNEL pattern access permissions&#xD;
-&gt; done: FeatureAccessSteps.ThenTheTokenHasCHANNELPatternAccessPermissions("^channel-\S*$") (0.0s)&#xD;
* token pattern permission READ&#xD;
-&gt; done: FeatureAccessSteps.ThenTokenPatternPermissionREAD() (0.0s)&#xD;
* token pattern permission WRITE&#xD;
-&gt; done: FeatureAccessSteps.ThenTokenPatternPermissionWRITE() (0.0s)&#xD;
* token pattern permission GET&#xD;
-&gt; done: FeatureAccessSteps.ThenTokenPatternPermissionGET() (0.0s)&#xD;
* token pattern permission MANAGE&#xD;
-&gt; done: FeatureAccessSteps.ThenTokenPatternPermissionMANAGE() (0.0s)&#xD;
* token pattern permission UPDATE&#xD;
-&gt; done: FeatureAccessSteps.ThenTokenPatternPermissionUPDATE() (0.0s)&#xD;
* token pattern permission JOIN&#xD;
-&gt; done: FeatureAccessSteps.ThenTokenPatternPermissionJOIN() (0.0s)&#xD;
* token pattern permission DELETE&#xD;
-&gt; done: FeatureAccessSteps.ThenTokenPatternPermissionDELETE() (0.0s)&#xD;
Then the token has '^:channel_group-\S*$' CHANNEL_GROUP pattern access permissions&#xD;
-&gt; done: FeatureAccessSteps.ThenTheTokenHasCHANNEL_GROUPPatternAccessPermissions("^:channel_group-\S*$") (0.0s)&#xD;
* token pattern permission READ&#xD;
-&gt; done: FeatureAccessSteps.ThenTokenPatternPermissionREAD() (0.0s)&#xD;
* token pattern permission MANAGE&#xD;
-&gt; done: FeatureAccessSteps.ThenTokenPatternPermissionMANAGE() (0.0s)&#xD;
Then the token has '^uuid-\S*$' UUID pattern access permissions&#xD;
-&gt; done: FeatureAccessSteps.ThenTheTokenHasUUIDPatternAccessPermissions("^uuid-\S*$") (0.0s)&#xD;
* token pattern permission GET&#xD;
-&gt; done: FeatureAccessSteps.ThenTokenPatternPermissionGET() (0.0s)&#xD;
* token pattern permission UPDATE&#xD;
-&gt; done: FeatureAccessSteps.ThenTokenPatternPermissionUPDATE() (0.0s)&#xD;
* token pattern permission DELETE&#xD;
-&gt; done: FeatureAccessSteps.ThenTokenPatternPermissionDELETE() (0.0s)</StdOut>
      </Output>
    </UnitTestResult>
    <UnitTestResult executionId="a92cb855-c08f-41d2-805c-fcaff7aea7f6" testId="3a8dac54-e42a-8256-0f95-9b2771dcaeda" testName="RemoveAUUIDMetadataIdStoredInConfig" computerName="fv-az153-399" duration="00:00:00.0110930" startTime="2023-03-16T16:25:13.2702201+00:00" endTime="2023-03-16T16:25:13.2813146+00:00" testType="13cdc9d9-ddb5-4fa4-a97d-d965ccfc6d4b" outcome="Passed" testListId="8c84fa94-04c1-424b-9868-57a2d4851a1d" relativeResultsDirectory="a92cb855-c08f-41d2-805c-fcaff7aea7f6">
      <Output>
        <StdOut>Given I have a keyset with Objects V2 enabled&#xD;
-&gt; done: FeatureObjectsV2MetadataSteps.GivenIHaveAKeysetWithObjectsVEnabled(2) (0.0s)&#xD;
Given current user is 'Alice' persona&#xD;
-&gt; done: FeatureObjectsV2MetadataSteps.GivenCurrentUserIsPersona("Alice") (0.0s)&#xD;
When I remove the UUID metadata for current user&#xD;
-&gt; done: FeatureObjectsV2MetadataSteps.WhenIRemoveTheUUIDMetadataForCurrentUser() (0.0s)&#xD;
Then I receive a successful response&#xD;
-&gt; done: FeatureObjectsV2MetadataSteps.ThenIReceiveASuccessfulResponse() (0.0s)</StdOut>
      </Output>
    </UnitTestResult>
    <UnitTestResult executionId="7ffe4dd8-695b-4c93-9c74-28a3458f3b8e" testId="446be40b-3f39-dc72-f797-9a3aa2aac484" testName="AttemptToGrantAnAccessTokenWithAllPermissionsEmptyOrFalseAndExpectAServerError" computerName="fv-az153-399" duration="00:00:00.0214270" startTime="2023-03-16T16:25:12.1934879+00:00" endTime="2023-03-16T16:25:12.2149189+00:00" testType="13cdc9d9-ddb5-4fa4-a97d-d965ccfc6d4b" outcome="Passed" testListId="8c84fa94-04c1-424b-9868-57a2d4851a1d" relativeResultsDirectory="7ffe4dd8-695b-4c93-9c74-28a3458f3b8e">
      <Output>
        <StdOut>Given I have a keyset with access manager enabled&#xD;
-&gt; done: FeatureAccessSteps.GivenIHaveAKeysetWithAccessManagerEnabled() (0.0s)&#xD;
Given the TTL 60&#xD;
-&gt; done: FeatureAccessSteps.GivenTheTTL(60) (0.0s)&#xD;
Given the 'uuid-1' UUID resource access permissions&#xD;
-&gt; done: FeatureAccessSteps.GivenTheUUIDResourceAccessPermissions("uuid-1") (0.0s)&#xD;
* deny resource permission GET&#xD;
-&gt; done: FeatureAccessSteps.GivenDenyResourcePermissionGET() (0.0s)&#xD;
When I attempt to grant a token specifying those permissions&#xD;
-&gt; done: FeatureAccessSteps.WhenIAttemptToGrantATokenSpecifyingThosePermissions() (0.0s)&#xD;
Then an error is returned&#xD;
-&gt; done: FeatureAccessSteps.ThenAnErrorIsReturned() (0.0s)&#xD;
* the error status code is 400&#xD;
-&gt; done: FeatureAccessSteps.ThenTheErrorStatusCodeIs(400) (0.0s)&#xD;
* the error message is 'Invalid permissions'&#xD;
-&gt; done: FeatureAccessSteps.ThenTheErrorMessageIs("Invalid permissions") (0.0s)&#xD;
* the error source is 'grant'&#xD;
-&gt; done: FeatureAccessSteps.ThenTheErrorSourceIs("grant") (0.0s)&#xD;
* the error detail message is 'Unexpected value: `permissions.resources.uuids.uuid-1` must be positive and non-zero.'&#xD;
-&gt; done: FeatureAccessSteps.ThenTheErrorDetailMessageIs("Unexpected value:...") (0.0s)&#xD;
* the error detail location is 'permissions.resources.uuids.uuid-1'&#xD;
-&gt; done: FeatureAccessSteps.ThenTheErrorDetailLocationIs("permissions.resou...") (0.0s)&#xD;
* the error detail location type is 'body'&#xD;
-&gt; done: FeatureAccessSteps.ThenTheErrorDetailLocationTypeIs("body") (0.0s)</StdOut>
      </Output>
    </UnitTestResult>
    <UnitTestResult executionId="28182cb3-333a-4a8b-879f-0192452b46b5" testId="aea0c1c8-e4f2-b00c-e2e5-3958a9100776" testName="ManageMembershipsForAUUID" computerName="fv-az153-399" duration="00:00:00.0278440" startTime="2023-03-16T16:25:12.9517381+00:00" endTime="2023-03-16T16:25:12.9795867+00:00" testType="13cdc9d9-ddb5-4fa4-a97d-d965ccfc6d4b" outcome="Passed" testListId="8c84fa94-04c1-424b-9868-57a2d4851a1d" relativeResultsDirectory="28182cb3-333a-4a8b-879f-0192452b46b5">
      <Output>
        <StdOut>Given I have a keyset with Objects V2 enabled&#xD;
-&gt; done: FeatureObjectsV2MetadataSteps.GivenIHaveAKeysetWithObjectsVEnabled(2) (0.0s)&#xD;
Given the id for 'Alice' persona&#xD;
-&gt; done: FeatureObjectsV2MetadataSteps.GivenTheIdForPersona("Alice") (0.0s)&#xD;
And the data for 'ChatMembership' membership&#xD;
-&gt; done: FeatureObjectsV2MetadataSteps.GivenTheDataForMembership("ChatMembership") (0.0s)&#xD;
And the data for 'PatientMembership' membership that we want to remove&#xD;
-&gt; done: FeatureObjectsV2MetadataSteps.GivenTheDataForMembershipThatWeWantToRemove("PatientMembership") (0.0s)&#xD;
When I manage memberships&#xD;
-&gt; done: FeatureObjectsV2MetadataSteps.WhenIManageMemberships() (0.0s)&#xD;
Then I receive a successful response&#xD;
-&gt; done: FeatureObjectsV2MetadataSteps.ThenIReceiveASuccessfulResponse() (0.0s)&#xD;
And the response contains list with 'ChatMembership' membership&#xD;
-&gt; done: FeatureObjectsV2MetadataSteps.ThenTheResponseContainsListWithMembership("ChatMembership") (0.0s)&#xD;
And the response does not contain list with 'PatientMembership' membership&#xD;
-&gt; done: FeatureObjectsV2MetadataSteps.ThenTheResponseDoesNotContainListWithMembership("PatientMembership") (0.0s)</StdOut>
      </Output>
    </UnitTestResult>
    <UnitTestResult executionId="08d9be49-9566-42e1-8b90-dd39ac342f4a" testId="3405a88a-853b-5aa4-dc52-211f74db4a9b" testName="GetMembersForAChannel" computerName="fv-az153-399" duration="00:00:00.0390140" startTime="2023-03-16T16:25:12.7277142+00:00" endTime="2023-03-16T16:25:12.7667345+00:00" testType="13cdc9d9-ddb5-4fa4-a97d-d965ccfc6d4b" outcome="Passed" testListId="8c84fa94-04c1-424b-9868-57a2d4851a1d" relativeResultsDirectory="08d9be49-9566-42e1-8b90-dd39ac342f4a">
      <Output>
        <StdOut>Given I have a keyset with Objects V2 enabled&#xD;
-&gt; done: FeatureObjectsV2MetadataSteps.GivenIHaveAKeysetWithObjectsVEnabled(2) (0.0s)&#xD;
Given the id for 'Chat' channel&#xD;
-&gt; done: FeatureObjectsV2MetadataSteps.GivenTheIdForChannel("Chat") (0.0s)&#xD;
When I get the channel members&#xD;
-&gt; done: FeatureObjectsV2MetadataSteps.WhenIGetTheChannelMembers() (0.0s)&#xD;
Then I receive a successful response&#xD;
-&gt; done: FeatureObjectsV2MetadataSteps.ThenIReceiveASuccessfulResponse() (0.0s)&#xD;
And the response contains list with 'AmeliaMember' and 'EvaMember' members&#xD;
-&gt; done: FeatureObjectsV2MetadataSteps.ThenTheResponseContainsListWithAndMembers("AmeliaMember", "EvaMember") (0.0s)</StdOut>
      </Output>
    </UnitTestResult>
    <UnitTestResult executionId="6f12025a-8a17-4579-871e-3f565c4bfc5d" testId="5e071152-ee43-67c0-dc5d-67a966171b99" testName="GrantAnAccessTokenWithoutAnAuthorizedUuid" computerName="fv-az153-399" duration="00:00:00.0185630" startTime="2023-03-16T16:25:12.4347309+00:00" endTime="2023-03-16T16:25:12.4532972+00:00" testType="13cdc9d9-ddb5-4fa4-a97d-d965ccfc6d4b" outcome="Passed" testListId="8c84fa94-04c1-424b-9868-57a2d4851a1d" relativeResultsDirectory="6f12025a-8a17-4579-871e-3f565c4bfc5d">
      <Output>
        <StdOut>Given I have a keyset with access manager enabled&#xD;
-&gt; done: FeatureAccessSteps.GivenIHaveAKeysetWithAccessManagerEnabled() (0.0s)&#xD;
Given the TTL 60&#xD;
-&gt; done: FeatureAccessSteps.GivenTheTTL(60) (0.0s)&#xD;
Given the 'channel-1' CHANNEL resource access permissions&#xD;
-&gt; done: FeatureAccessSteps.GivenTheCHANNELResourceAccessPermissions("channel-1") (0.0s)&#xD;
* grant resource permission READ&#xD;
-&gt; done: FeatureAccessSteps.GivenGrantResourcePermissionREAD() (0.0s)&#xD;
When I grant a token specifying those permissions&#xD;
-&gt; done: FeatureAccessSteps.WhenIGrantATokenSpecifyingThosePermissions() (0.0s)&#xD;
Then the token contains the TTL 60&#xD;
-&gt; done: FeatureAccessSteps.ThenTheTokenContainsTheTTL(60) (0.0s)&#xD;
Then the token does not contain an authorized uuid&#xD;
-&gt; done: FeatureAccessSteps.ThenTheTokenDoesNotContainAnAuthorizedUuid() (0.0s)&#xD;
Then the token has 'channel-1' CHANNEL resource access permissions&#xD;
-&gt; done: FeatureAccessSteps.ThenTheTokenHasCHANNELResourceAccessPermissions("channel-1") (0.0s)&#xD;
* token resource permission READ&#xD;
-&gt; done: FeatureAccessSteps.ThenTokenResourcePermissionREAD() (0.0s)</StdOut>
      </Output>
    </UnitTestResult>
    <UnitTestResult executionId="348f587f-b6bf-4399-b319-0b983241994e" testId="63f82b54-f147-1707-8ae8-1f771750a4c8" testName="GrantAnAccessTokenSuccessfullyWithAnAuthorizedUuid" computerName="fv-az153-399" duration="00:00:00.0944070" startTime="2023-03-16T16:25:12.2485672+00:00" endTime="2023-03-16T16:25:12.3429904+00:00" testType="13cdc9d9-ddb5-4fa4-a97d-d965ccfc6d4b" outcome="Passed" testListId="8c84fa94-04c1-424b-9868-57a2d4851a1d" relativeResultsDirectory="348f587f-b6bf-4399-b319-0b983241994e">
      <Output>
        <StdOut>Given I have a keyset with access manager enabled&#xD;
-&gt; done: FeatureAccessSteps.GivenIHaveAKeysetWithAccessManagerEnabled() (0.0s)&#xD;
Given the authorized UUID "test-authorized-uuid"&#xD;
-&gt; done: FeatureAccessSteps.GivenTheAuthorizedUUID("test-authorized-uuid") (0.0s)&#xD;
Given the TTL 60&#xD;
-&gt; done: FeatureAccessSteps.GivenTheTTL(60) (0.0s)&#xD;
Given the 'channel-1' CHANNEL resource access permissions&#xD;
-&gt; done: FeatureAccessSteps.GivenTheCHANNELResourceAccessPermissions("channel-1") (0.0s)&#xD;
* grant resource permission READ&#xD;
-&gt; done: FeatureAccessSteps.GivenGrantResourcePermissionREAD() (0.0s)&#xD;
When I grant a token specifying those permissions&#xD;
-&gt; done: FeatureAccessSteps.WhenIGrantATokenSpecifyingThosePermissions() (0.0s)&#xD;
Then the token contains the TTL 60&#xD;
-&gt; done: FeatureAccessSteps.ThenTheTokenContainsTheTTL(60) (0.1s)&#xD;
Then the token contains the authorized UUID "test-authorized-uuid"&#xD;
-&gt; done: FeatureAccessSteps.ThenTheTokenContainsTheAuthorizedUUID("test-authorized-uuid") (0.0s)&#xD;
Then the token has 'channel-1' CHANNEL resource access permissions&#xD;
-&gt; done: FeatureAccessSteps.ThenTheTokenHasCHANNELResourceAccessPermissions("channel-1") (0.0s)&#xD;
* token resource permission READ&#xD;
-&gt; done: FeatureAccessSteps.ThenTokenResourcePermissionREAD() (0.0s)</StdOut>
      </Output>
    </UnitTestResult>
    <UnitTestResult executionId="f81cc376-9e3b-4885-bdd8-2bce4a472e88" testId="78605226-9a65-4701-5dbe-74fd1152b767" testName="GetAUUIDWithCustomMetadataIdStoredInConfig" computerName="fv-az153-399" duration="00:00:00.0127829" startTime="2023-03-16T16:25:13.2420360+00:00" endTime="2023-03-16T16:25:13.2548211+00:00" testType="13cdc9d9-ddb5-4fa4-a97d-d965ccfc6d4b" outcome="Passed" testListId="8c84fa94-04c1-424b-9868-57a2d4851a1d" relativeResultsDirectory="f81cc376-9e3b-4885-bdd8-2bce4a472e88">
      <Output>
        <StdOut>Given I have a keyset with Objects V2 enabled&#xD;
-&gt; done: FeatureObjectsV2MetadataSteps.GivenIHaveAKeysetWithObjectsVEnabled(2) (0.0s)&#xD;
Given current user is 'Bob' persona&#xD;
-&gt; done: FeatureObjectsV2MetadataSteps.GivenCurrentUserIsPersona("Bob") (0.0s)&#xD;
When I get the UUID metadata with custom for current user&#xD;
-&gt; done: FeatureObjectsV2MetadataSteps.WhenIGetTheUUIDMetadataWithCustomForCurrentUser() (0.0s)&#xD;
Then I receive a successful response&#xD;
-&gt; done: FeatureObjectsV2MetadataSteps.ThenIReceiveASuccessfulResponse() (0.0s)&#xD;
And the UUID metadata for 'Bob' persona&#xD;
-&gt; done: FeatureObjectsV2MetadataSteps.ThenTheUUIDMetadataForPersona("Bob") (0.0s)</StdOut>
      </Output>
    </UnitTestResult>
    <UnitTestResult executionId="ede5f754-cff8-495c-b502-e1c888c62238" testId="f6a7a690-af73-fab8-0ebf-059ccdbb5495" testName="RevokeInvalidToken" computerName="fv-az153-399" duration="00:00:00.0097100" startTime="2023-03-16T16:25:13.3450476+00:00" endTime="2023-03-16T16:25:13.3547592+00:00" testType="13cdc9d9-ddb5-4fa4-a97d-d965ccfc6d4b" outcome="Passed" testListId="8c84fa94-04c1-424b-9868-57a2d4851a1d" relativeResultsDirectory="ede5f754-cff8-495c-b502-e1c888c62238">
      <Output>
        <StdOut>Given I have a keyset with access manager enabled&#xD;
-&gt; done: FeatureAccessSteps.GivenIHaveAKeysetWithAccessManagerEnabled() (0.0s)&#xD;
Given a token&#xD;
-&gt; done: FeatureAccessSteps.GivenAToken() (0.0s)&#xD;
When I revoke a token&#xD;
-&gt; done: FeatureAccessSteps.WhenIRevokeAToken() (0.0s)&#xD;
Then an error is returned&#xD;
-&gt; done: FeatureAccessSteps.ThenAnErrorIsReturned() (0.0s)&#xD;
* the error status code is 400&#xD;
-&gt; done: FeatureAccessSteps.ThenTheErrorStatusCodeIs(400) (0.0s)&#xD;
* the error message is 'Invalid token'&#xD;
-&gt; done: FeatureAccessSteps.ThenTheErrorMessageIs("Invalid token") (0.0s)&#xD;
* the error source is 'revoke'&#xD;
-&gt; done: FeatureAccessSteps.ThenTheErrorSourceIs("revoke") (0.0s)&#xD;
* the error detail message is not empty&#xD;
-&gt; done: FeatureAccessSteps.ThenTheErrorDetailMessageIsNotEmpty() (0.0s)&#xD;
* the error detail location is 'token'&#xD;
-&gt; done: FeatureAccessSteps.ThenTheErrorDetailLocationIs("token") (0.0s)&#xD;
* the error detail location type is 'path'&#xD;
-&gt; done: FeatureAccessSteps.ThenTheErrorDetailLocationTypeIs("path") (0.0s)&#xD;
* the error service is 'Access Manager'&#xD;
-&gt; done: FeatureAccessSteps.ThenTheErrorServiceIs("Access Manager") (0.0s)</StdOut>
      </Output>
    </UnitTestResult>
    <UnitTestResult executionId="dc43a58c-6279-4c2e-8252-a2ddb24f613e" testId="ee450aac-5f02-8238-a55d-792600e33298" testName="RevokeATokenWhileItIsDisabledOnAServer" computerName="fv-az153-399" duration="00:00:00.0197160" startTime="2023-03-16T16:25:13.3051282+00:00" endTime="2023-03-16T16:25:13.3248473+00:00" testType="13cdc9d9-ddb5-4fa4-a97d-d965ccfc6d4b" outcome="Passed" testListId="8c84fa94-04c1-424b-9868-57a2d4851a1d" relativeResultsDirectory="dc43a58c-6279-4c2e-8252-a2ddb24f613e">
      <Output>
        <StdOut>Given I have a keyset with access manager enabled&#xD;
-&gt; done: FeatureAccessSteps.GivenIHaveAKeysetWithAccessManagerEnabled() (0.0s)&#xD;
Given a token&#xD;
-&gt; done: FeatureAccessSteps.GivenAToken() (0.0s)&#xD;
When I revoke a token&#xD;
-&gt; done: FeatureAccessSteps.WhenIRevokeAToken() (0.0s)&#xD;
Then an error is returned&#xD;
-&gt; done: FeatureAccessSteps.ThenAnErrorIsReturned() (0.0s)&#xD;
* the error status code is 400&#xD;
-&gt; done: FeatureAccessSteps.ThenTheErrorStatusCodeIs(400) (0.0s)&#xD;
* the error message is 'Feature disabled'&#xD;
-&gt; done: FeatureAccessSteps.ThenTheErrorMessageIs("Feature disabled") (0.0s)&#xD;
* the error source is 'revoke'&#xD;
-&gt; done: FeatureAccessSteps.ThenTheErrorSourceIs("revoke") (0.0s)&#xD;
* the error detail message is 'Token revocation is disabled.'&#xD;
-&gt; done: FeatureAccessSteps.ThenTheErrorDetailMessageIs("Token revocation ...") (0.0s)&#xD;
* the error detail location is 'subscribe-key'&#xD;
-&gt; done: FeatureAccessSteps.ThenTheErrorDetailLocationIs("subscribe-key") (0.0s)&#xD;
* the error detail location type is 'path'&#xD;
-&gt; done: FeatureAccessSteps.ThenTheErrorDetailLocationTypeIs("path") (0.0s)&#xD;
* the error service is 'Access Manager'&#xD;
-&gt; done: FeatureAccessSteps.ThenTheErrorServiceIs("Access Manager") (0.0s)</StdOut>
      </Output>
    </UnitTestResult>
    <UnitTestResult executionId="238b5672-fba6-4fd1-919f-7fb848c76a96" testId="07a0b332-7585-5132-2931-ba67f585bbfd" testName="RemoveAUUIDMetadataForId" computerName="fv-az153-399" duration="00:00:00.0151340" startTime="2023-03-16T16:25:13.2549410+00:00" endTime="2023-03-16T16:25:13.2700776+00:00" testType="13cdc9d9-ddb5-4fa4-a97d-d965ccfc6d4b" outcome="Passed" testListId="8c84fa94-04c1-424b-9868-57a2d4851a1d" relativeResultsDirectory="238b5672-fba6-4fd1-919f-7fb848c76a96">
      <Output>
        <StdOut>Given I have a keyset with Objects V2 enabled&#xD;
-&gt; done: FeatureObjectsV2MetadataSteps.GivenIHaveAKeysetWithObjectsVEnabled(2) (0.0s)&#xD;
Given the id for 'Alice' persona&#xD;
-&gt; done: FeatureObjectsV2MetadataSteps.GivenTheIdForPersona("Alice") (0.0s)&#xD;
When I remove the UUID metadata&#xD;
-&gt; done: FeatureObjectsV2MetadataSteps.WhenIRemoveTheUUIDMetadata() (0.0s)&#xD;
Then I receive a successful response&#xD;
-&gt; done: FeatureObjectsV2MetadataSteps.ThenIReceiveASuccessfulResponse() (0.0s)</StdOut>
      </Output>
    </UnitTestResult>
    <UnitTestResult executionId="1da4e0ed-fc86-4e8a-badc-b033d5d41ab6" testId="23b61850-f73c-f5eb-17ca-9aaba5f44c54" testName="GetAllUUIDMetadataWithCustom" computerName="fv-az153-399" duration="00:00:00.0144730" startTime="2023-03-16T16:25:13.2095027+00:00" endTime="2023-03-16T16:25:13.2239788+00:00" testType="13cdc9d9-ddb5-4fa4-a97d-d965ccfc6d4b" outcome="Passed" testListId="8c84fa94-04c1-424b-9868-57a2d4851a1d" relativeResultsDirectory="1da4e0ed-fc86-4e8a-badc-b033d5d41ab6">
      <Output>
        <StdOut>Given I have a keyset with Objects V2 enabled&#xD;
-&gt; done: FeatureObjectsV2MetadataSteps.GivenIHaveAKeysetWithObjectsVEnabled(2) (0.0s)&#xD;
When I get all UUID metadata with custom&#xD;
-&gt; done: FeatureObjectsV2MetadataSteps.WhenIGetAllUUIDMetadataWithCustom() (0.0s)&#xD;
Then I receive a successful response&#xD;
-&gt; done: FeatureObjectsV2MetadataSteps.ThenIReceiveASuccessfulResponse() (0.0s)&#xD;
And the response contains list with 'Bob' and 'Lisa' UUID metadata&#xD;
-&gt; done: FeatureObjectsV2MetadataSteps.ThenTheResponseContainsListWithAndUUIDMetadata("Bob", "Lisa") (0.0s)</StdOut>
      </Output>
    </UnitTestResult>
    <UnitTestResult executionId="a740d45c-7e74-4f64-83ee-c1046892dbd9" testId="219f8da3-cc63-e002-72df-e2f549e52967" testName="GetAllUUIDMetadata" computerName="fv-az153-399" duration="00:00:00.1370270" startTime="2023-03-16T16:25:13.0722910+00:00" endTime="2023-03-16T16:25:13.2093389+00:00" testType="13cdc9d9-ddb5-4fa4-a97d-d965ccfc6d4b" outcome="Passed" testListId="8c84fa94-04c1-424b-9868-57a2d4851a1d" relativeResultsDirectory="a740d45c-7e74-4f64-83ee-c1046892dbd9">
      <Output>
        <StdOut>Given I have a keyset with Objects V2 enabled&#xD;
-&gt; done: FeatureObjectsV2MetadataSteps.GivenIHaveAKeysetWithObjectsVEnabled(2) (0.0s)&#xD;
When I get all UUID metadata&#xD;
-&gt; done: FeatureObjectsV2MetadataSteps.WhenIGetAllUUIDMetadata() (0.1s)&#xD;
Then I receive a successful response&#xD;
-&gt; done: FeatureObjectsV2MetadataSteps.ThenIReceiveASuccessfulResponse() (0.0s)&#xD;
And the response contains list with 'Alice' and 'James' UUID metadata&#xD;
-&gt; done: FeatureObjectsV2MetadataSteps.ThenTheResponseContainsListWithAndUUIDMetadata("Alice", "James") (0.0s)</StdOut>
      </Output>
    </UnitTestResult>
    <UnitTestResult executionId="94cf67cf-578e-4e41-8816-812fd997ef59" testId="86189ae4-95f9-30e4-f4c6-bfa1b9898a62" testName="SetMemberWithCustomForAChannelAndUUIDWithCustom" computerName="fv-az153-399" duration="00:00:00.0172780" startTime="2023-03-16T16:25:12.8673426+00:00" endTime="2023-03-16T16:25:12.8846232+00:00" testType="13cdc9d9-ddb5-4fa4-a97d-d965ccfc6d4b" outcome="Passed" testListId="8c84fa94-04c1-424b-9868-57a2d4851a1d" relativeResultsDirectory="94cf67cf-578e-4e41-8816-812fd997ef59">
      <Output>
        <StdOut>Given I have a keyset with Objects V2 enabled&#xD;
-&gt; done: FeatureObjectsV2MetadataSteps.GivenIHaveAKeysetWithObjectsVEnabled(2) (0.0s)&#xD;
Given the data for 'PeterMember' member&#xD;
-&gt; done: FeatureObjectsV2MetadataSteps.GivenTheDataForMember("PeterMember") (0.0s)&#xD;
And the id for 'Chat' channel&#xD;
-&gt; done: FeatureObjectsV2MetadataSteps.GivenTheIdForChannel("Chat") (0.0s)&#xD;
When I set a channel member including custom and UUID with custom&#xD;
-&gt; done: FeatureObjectsV2MetadataSteps.WhenISetAChannelMemberIncludingCustomAndUUIDWithCustom() (0.0s)&#xD;
Then I receive a successful response&#xD;
-&gt; done: FeatureObjectsV2MetadataSteps.ThenIReceiveASuccessfulResponse() (0.0s)&#xD;
And the response contains list with 'PeterMember' member&#xD;
-&gt; done: FeatureObjectsV2MetadataSteps.ThenTheResponseContainsListWithMember("PeterMember") (0.0s)</StdOut>
      </Output>
    </UnitTestResult>
    <UnitTestResult executionId="ce9af21e-01af-4aef-bddb-6a0d2090e4dc" testId="8a1c2bbd-f61b-135c-270f-157e7106103a" testName="GetAChannelWithCustomMetadata" computerName="fv-az153-399" duration="00:00:00.0188700" startTime="2023-03-16T16:25:12.5226043+00:00" endTime="2023-03-16T16:25:12.5414771+00:00" testType="13cdc9d9-ddb5-4fa4-a97d-d965ccfc6d4b" outcome="Passed" testListId="8c84fa94-04c1-424b-9868-57a2d4851a1d" relativeResultsDirectory="ce9af21e-01af-4aef-bddb-6a0d2090e4dc">
      <Output>
        <StdOut>Given I have a keyset with Objects V2 enabled&#xD;
-&gt; done: FeatureObjectsV2MetadataSteps.GivenIHaveAKeysetWithObjectsVEnabled(2) (0.0s)&#xD;
Given the id for 'DM' channel&#xD;
-&gt; done: FeatureObjectsV2MetadataSteps.GivenTheIdForChannel("DM") (0.0s)&#xD;
When I get the channel metadata with custom&#xD;
-&gt; done: FeatureObjectsV2MetadataSteps.WhenIGetTheChannelMetadataWithCustom() (0.0s)&#xD;
Then I receive a successful response&#xD;
-&gt; done: FeatureObjectsV2MetadataSteps.ThenIReceiveASuccessfulResponse() (0.0s)&#xD;
And the channel metadata for 'DM' channel&#xD;
-&gt; done: FeatureObjectsV2MetadataSteps.ThenTheChannelMetadataForChannel("DM") (0.0s)</StdOut>
      </Output>
    </UnitTestResult>
    <UnitTestResult executionId="45c37bba-5e9d-48ec-a81c-37fec95d7965" testId="0992672a-4884-80d0-5142-7d4a75036ed9" testName="AttemptToGrantAnAccessTokenWithARegularExpressionContainingCapturingGroupsAndExpectAServerError" computerName="fv-az153-399" duration="00:00:00.0117800" startTime="2023-03-16T16:25:12.2360041+00:00" endTime="2023-03-16T16:25:12.2477864+00:00" testType="13cdc9d9-ddb5-4fa4-a97d-d965ccfc6d4b" outcome="Passed" testListId="8c84fa94-04c1-424b-9868-57a2d4851a1d" relativeResultsDirectory="45c37bba-5e9d-48ec-a81c-37fec95d7965">
      <Output>
        <StdOut>Given I have a keyset with access manager enabled&#xD;
-&gt; done: FeatureAccessSteps.GivenIHaveAKeysetWithAccessManagerEnabled() (0.0s)&#xD;
Given the TTL 60&#xD;
-&gt; done: FeatureAccessSteps.GivenTheTTL(60) (0.0s)&#xD;
Given the '(!&lt;[^&gt;]+&gt;)+' UUID pattern access permissions&#xD;
-&gt; done: FeatureAccessSteps.GivenTheUUIDPatternAccessPermissions("(!&lt;[^&gt;]+&gt;)+") (0.0s)&#xD;
* grant pattern permission GET&#xD;
-&gt; done: FeatureAccessSteps.GivenGrantPatternPermissionGET() (0.0s)&#xD;
When I attempt to grant a token specifying those permissions&#xD;
-&gt; done: FeatureAccessSteps.WhenIAttemptToGrantATokenSpecifyingThosePermissions() (0.0s)&#xD;
Then an error is returned&#xD;
-&gt; done: FeatureAccessSteps.ThenAnErrorIsReturned() (0.0s)&#xD;
* the error status code is 400&#xD;
-&gt; done: FeatureAccessSteps.ThenTheErrorStatusCodeIs(400) (0.0s)&#xD;
* the error message is 'Invalid RegExp'&#xD;
-&gt; done: FeatureAccessSteps.ThenTheErrorMessageIs("Invalid RegExp") (0.0s)&#xD;
* the error source is 'grant'&#xD;
-&gt; done: FeatureAccessSteps.ThenTheErrorSourceIs("grant") (0.0s)&#xD;
* the error detail message is 'Only non-capturing groups are allowed. Try replacing `(` with `(?:`.'&#xD;
-&gt; done: FeatureAccessSteps.ThenTheErrorDetailMessageIs("Only non-capturin...") (0.0s)&#xD;
* the error detail location is 'permissions.patterns.uuids.(!&lt;[^&gt;]+&gt;)+'&#xD;
-&gt; done: FeatureAccessSteps.ThenTheErrorDetailLocationIs("permissions.patte...") (0.0s)&#xD;
* the error detail location type is 'body'&#xD;
-&gt; done: FeatureAccessSteps.ThenTheErrorDetailLocationTypeIs("body") (0.0s)</StdOut>
      </Output>
    </UnitTestResult>
    <UnitTestResult executionId="8624ada2-25bc-47b4-985e-7392417d84e4" testId="5271a851-e8d2-c42c-aad6-49024c68a9d5" testName="GetAllChannelMetadataWithCustom" computerName="fv-az153-399" duration="00:00:00.0141320" startTime="2023-03-16T16:25:12.6708544+00:00" endTime="2023-03-16T16:25:12.6849889+00:00" testType="13cdc9d9-ddb5-4fa4-a97d-d965ccfc6d4b" outcome="Passed" testListId="8c84fa94-04c1-424b-9868-57a2d4851a1d" relativeResultsDirectory="8624ada2-25bc-47b4-985e-7392417d84e4">
      <Output>
        <StdOut>Given I have a keyset with Objects V2 enabled&#xD;
-&gt; done: FeatureObjectsV2MetadataSteps.GivenIHaveAKeysetWithObjectsVEnabled(2) (0.0s)&#xD;
When I get all channel metadata with custom&#xD;
-&gt; done: FeatureObjectsV2MetadataSteps.WhenIGetAllChannelMetadataWithCustom() (0.0s)&#xD;
Then I receive a successful response&#xD;
-&gt; done: FeatureObjectsV2MetadataSteps.ThenIReceiveASuccessfulResponse() (0.0s)&#xD;
And the response contains list with 'DM' and 'VipChat' channel metadata&#xD;
-&gt; done: FeatureObjectsV2MetadataSteps.ThenTheResponseContainsListWithAndChannelMetadata("DM", "VipChat") (0.0s)</StdOut>
      </Output>
    </UnitTestResult>
    <UnitTestResult executionId="9c0db033-23ad-40c7-9d5b-7312049936bd" testId="96ff7052-903d-d61a-0cb2-cdee63831172" testName="RemoveMembership" computerName="fv-az153-399" duration="00:00:00.0157960" startTime="2023-03-16T16:25:12.9805625+00:00" endTime="2023-03-16T16:25:12.9963613+00:00" testType="13cdc9d9-ddb5-4fa4-a97d-d965ccfc6d4b" outcome="Passed" testListId="8c84fa94-04c1-424b-9868-57a2d4851a1d" relativeResultsDirectory="9c0db033-23ad-40c7-9d5b-7312049936bd">
      <Output>
        <StdOut>Given I have a keyset with Objects V2 enabled&#xD;
-&gt; done: FeatureObjectsV2MetadataSteps.GivenIHaveAKeysetWithObjectsVEnabled(2) (0.0s)&#xD;
Given the id for 'Alice' persona&#xD;
-&gt; done: FeatureObjectsV2MetadataSteps.GivenTheIdForPersona("Alice") (0.0s)&#xD;
And the data for 'ChatMembership' membership&#xD;
-&gt; done: FeatureObjectsV2MetadataSteps.GivenTheDataForMembership("ChatMembership") (0.0s)&#xD;
When I remove the membership&#xD;
-&gt; done: FeatureObjectsV2MetadataSteps.WhenIRemoveTheMembership() (0.0s)&#xD;
Then I receive a successful response&#xD;
-&gt; done: FeatureObjectsV2MetadataSteps.ThenIReceiveASuccessfulResponse() (0.0s)</StdOut>
      </Output>
    </UnitTestResult>
    <UnitTestResult executionId="9ae707eb-2879-480f-8398-7c70da2c5eb3" testId="ba48247e-b680-05e2-ec8e-cd712552a6ee" testName="GetMembershipsForCurrentUser" computerName="fv-az153-399" duration="00:00:00.0283520" startTime="2023-03-16T16:25:12.8862574+00:00" endTime="2023-03-16T16:25:12.9146136+00:00" testType="13cdc9d9-ddb5-4fa4-a97d-d965ccfc6d4b" outcome="Passed" testListId="8c84fa94-04c1-424b-9868-57a2d4851a1d" relativeResultsDirectory="9ae707eb-2879-480f-8398-7c70da2c5eb3">
      <Output>
        <StdOut>Given I have a keyset with Objects V2 enabled&#xD;
-&gt; done: FeatureObjectsV2MetadataSteps.GivenIHaveAKeysetWithObjectsVEnabled(2) (0.0s)&#xD;
Given current user is 'Alice' persona&#xD;
-&gt; done: FeatureObjectsV2MetadataSteps.GivenCurrentUserIsPersona("Alice") (0.0s)&#xD;
When I get the memberships for current user&#xD;
-&gt; done: FeatureObjectsV2MetadataSteps.WhenIGetTheMembershipsForCurrentUser() (0.0s)&#xD;
Then I receive a successful response&#xD;
-&gt; done: FeatureObjectsV2MetadataSteps.ThenIReceiveASuccessfulResponse() (0.0s)&#xD;
And the response contains list with 'ChatMembership' and 'PatientMembership' memberships&#xD;
-&gt; done: FeatureObjectsV2MetadataSteps.ThenTheResponseContainsListWithAndMemberships("ChatMembership", "PatientMembership") (0.0s)</StdOut>
      </Output>
    </UnitTestResult>
  </Results>
  <TestDefinitions>
    <UnitTest name="RevokeATokenWhileItIsDisabledOnAServer" storage="d:\a\c-sharp\c-sharp\src\unittests\acceptancetests\bin\debug\net6.0\acceptancetests.dll" id="ee450aac-5f02-8238-a55d-792600e33298">
      <Execution id="dc43a58c-6279-4c2e-8252-a2ddb24f613e" />
      <TestMethod codeBase="D:\a\c-sharp\c-sharp\src\UnitTests\AcceptanceTests\bin\Debug\net6.0\AcceptanceTests.dll" adapterTypeName="executor://nunit3testexecutor/" className="AcceptanceTests.Features.RevokeAnAccessTokenFeature" name="RevokeATokenWhileItIsDisabledOnAServer" />
    </UnitTest>
    <UnitTest name="GetMembersForAChannel" storage="d:\a\c-sharp\c-sharp\src\unittests\acceptancetests\bin\debug\net6.0\acceptancetests.dll" id="3405a88a-853b-5aa4-dc52-211f74db4a9b">
      <Execution id="08d9be49-9566-42e1-8b90-dd39ac342f4a" />
      <TestMethod codeBase="D:\a\c-sharp\c-sharp\src\UnitTests\AcceptanceTests\bin\Debug\net6.0\AcceptanceTests.dll" adapterTypeName="executor://nunit3testexecutor/" className="AcceptanceTests.Features.ObjectsV2MembersFeature" name="GetMembersForAChannel" />
    </UnitTest>
    <UnitTest name="SetMembership" storage="d:\a\c-sharp\c-sharp\src\unittests\acceptancetests\bin\debug\net6.0\acceptancetests.dll" id="c824fd41-84e4-6d43-8411-04262c295a77">
      <Execution id="c2609b4a-ee90-4e4c-970e-d852f35ce082" />
      <TestMethod codeBase="D:\a\c-sharp\c-sharp\src\UnitTests\AcceptanceTests\bin\Debug\net6.0\AcceptanceTests.dll" adapterTypeName="executor://nunit3testexecutor/" className="AcceptanceTests.Features.ObjectsV2MembershipsFeature" name="SetMembership" />
    </UnitTest>
    <UnitTest name="RemoveMembership" storage="d:\a\c-sharp\c-sharp\src\unittests\acceptancetests\bin\debug\net6.0\acceptancetests.dll" id="96ff7052-903d-d61a-0cb2-cdee63831172">
      <Execution id="9c0db033-23ad-40c7-9d5b-7312049936bd" />
      <TestMethod codeBase="D:\a\c-sharp\c-sharp\src\UnitTests\AcceptanceTests\bin\Debug\net6.0\AcceptanceTests.dll" adapterTypeName="executor://nunit3testexecutor/" className="AcceptanceTests.Features.ObjectsV2MembershipsFeature" name="RemoveMembership" />
    </UnitTest>
    <UnitTest name="GetAChannelWithCustomMetadata" storage="d:\a\c-sharp\c-sharp\src\unittests\acceptancetests\bin\debug\net6.0\acceptancetests.dll" id="8a1c2bbd-f61b-135c-270f-157e7106103a">
      <Execution id="ce9af21e-01af-4aef-bddb-6a0d2090e4dc" />
      <TestMethod codeBase="D:\a\c-sharp\c-sharp\src\UnitTests\AcceptanceTests\bin\Debug\net6.0\AcceptanceTests.dll" adapterTypeName="executor://nunit3testexecutor/" className="AcceptanceTests.Features.ObjectsV2ChannelMetadataFeature" name="GetAChannelWithCustomMetadata" />
    </UnitTest>
    <UnitTest name="RevokeATokenWithCharactersThatRequireUrlEncoding" storage="d:\a\c-sharp\c-sharp\src\unittests\acceptancetests\bin\debug\net6.0\acceptancetests.dll" id="b811bc2b-ac6c-1eab-5504-b3af1ec9a805">
      <Execution id="83daa0dc-9d3b-4779-bd4f-55c54ded4310" />
      <TestMethod codeBase="D:\a\c-sharp\c-sharp\src\UnitTests\AcceptanceTests\bin\Debug\net6.0\AcceptanceTests.dll" adapterTypeName="executor://nunit3testexecutor/" className="AcceptanceTests.Features.RevokeAnAccessTokenFeature" name="RevokeATokenWithCharactersThatRequireUrlEncoding" />
    </UnitTest>
    <UnitTest name="AttemptToGrantAnAccessTokenWithARegularExpressionContainingASyntaxErrorAndExpectAServerError" storage="d:\a\c-sharp\c-sharp\src\unittests\acceptancetests\bin\debug\net6.0\acceptancetests.dll" id="238d7046-3682-e357-765d-2a21c813602e">
      <Execution id="d2ab7aab-066e-440b-bb9b-7bb2e84fa094" />
      <TestMethod codeBase="D:\a\c-sharp\c-sharp\src\UnitTests\AcceptanceTests\bin\Debug\net6.0\AcceptanceTests.dll" adapterTypeName="executor://nunit3testexecutor/" className="AcceptanceTests.Features.GrantAnAccessTokenFeature" name="AttemptToGrantAnAccessTokenWithARegularExpressionContainingASyntaxErrorAndExpectAServerError" />
    </UnitTest>
    <UnitTest name="GrantAnAccessTokenSuccessfullyWithAnAuthorizedUuid" storage="d:\a\c-sharp\c-sharp\src\unittests\acceptancetests\bin\debug\net6.0\acceptancetests.dll" id="63f82b54-f147-1707-8ae8-1f771750a4c8">
      <Execution id="348f587f-b6bf-4399-b319-0b983241994e" />
      <TestMethod codeBase="D:\a\c-sharp\c-sharp\src\UnitTests\AcceptanceTests\bin\Debug\net6.0\AcceptanceTests.dll" adapterTypeName="executor://nunit3testexecutor/" className="AcceptanceTests.Features.GrantAnAccessTokenFeature" name="GrantAnAccessTokenSuccessfullyWithAnAuthorizedUuid" />
    </UnitTest>
    <UnitTest name="SetMemberWithCustomForAChannelAndUUIDWithCustom" storage="d:\a\c-sharp\c-sharp\src\unittests\acceptancetests\bin\debug\net6.0\acceptancetests.dll" id="86189ae4-95f9-30e4-f4c6-bfa1b9898a62">
      <Execution id="94cf67cf-578e-4e41-8816-812fd997ef59" />
      <TestMethod codeBase="D:\a\c-sharp\c-sharp\src\UnitTests\AcceptanceTests\bin\Debug\net6.0\AcceptanceTests.dll" adapterTypeName="executor://nunit3testexecutor/" className="AcceptanceTests.Features.ObjectsV2MembersFeature" name="SetMemberWithCustomForAChannelAndUUIDWithCustom" />
    </UnitTest>
    <UnitTest name="GetAllUUIDMetadataWithCustom" storage="d:\a\c-sharp\c-sharp\src\unittests\acceptancetests\bin\debug\net6.0\acceptancetests.dll" id="23b61850-f73c-f5eb-17ca-9aaba5f44c54">
      <Execution id="1da4e0ed-fc86-4e8a-badc-b033d5d41ab6" />
      <TestMethod codeBase="D:\a\c-sharp\c-sharp\src\UnitTests\AcceptanceTests\bin\Debug\net6.0\AcceptanceTests.dll" adapterTypeName="executor://nunit3testexecutor/" className="AcceptanceTests.Features.ObjectsV2UUIDMetadataFeature" name="GetAllUUIDMetadataWithCustom" />
    </UnitTest>
    <UnitTest name="GetMembersForVipChatChannelWithCustomAndUUIDWithCustom" storage="d:\a\c-sharp\c-sharp\src\unittests\acceptancetests\bin\debug\net6.0\acceptancetests.dll" id="70fed881-ff3d-cf01-fc50-eec23bec4b15">
      <Execution id="7db6aaaf-134a-4f7f-a51f-7f4dfec54a77" />
      <TestMethod codeBase="D:\a\c-sharp\c-sharp\src\UnitTests\AcceptanceTests\bin\Debug\net6.0\AcceptanceTests.dll" adapterTypeName="executor://nunit3testexecutor/" className="AcceptanceTests.Features.ObjectsV2MembersFeature" name="GetMembersForVipChatChannelWithCustomAndUUIDWithCustom" />
    </UnitTest>
    <UnitTest name="AttemptToGrantAnAccessTokenWhenTtlProvidedExceedsTheMaxTtlConfiguredUseDefaultMax43200ForTheTest" storage="d:\a\c-sharp\c-sharp\src\unittests\acceptancetests\bin\debug\net6.0\acceptancetests.dll" id="17537441-5c46-b29c-7a15-7f733fa6a240">
      <Execution id="67b71251-35a9-400e-a5e1-b447d1472984" />
      <TestMethod codeBase="D:\a\c-sharp\c-sharp\src\UnitTests\AcceptanceTests\bin\Debug\net6.0\AcceptanceTests.dll" adapterTypeName="executor://nunit3testexecutor/" className="AcceptanceTests.Features.GrantAnAccessTokenFeature" name="AttemptToGrantAnAccessTokenWhenTtlProvidedExceedsTheMaxTtlConfiguredUseDefaultMax43200ForTheTest" />
    </UnitTest>
    <UnitTest name="ManageMembershipsForAUUID" storage="d:\a\c-sharp\c-sharp\src\unittests\acceptancetests\bin\debug\net6.0\acceptancetests.dll" id="aea0c1c8-e4f2-b00c-e2e5-3958a9100776">
      <Execution id="28182cb3-333a-4a8b-879f-0192452b46b5" />
      <TestMethod codeBase="D:\a\c-sharp\c-sharp\src\UnitTests\AcceptanceTests\bin\Debug\net6.0\AcceptanceTests.dll" adapterTypeName="executor://nunit3testexecutor/" className="AcceptanceTests.Features.ObjectsV2MembershipsFeature" name="ManageMembershipsForAUUID" />
    </UnitTest>
    <UnitTest name="GetMembershipsForCurrentUser" storage="d:\a\c-sharp\c-sharp\src\unittests\acceptancetests\bin\debug\net6.0\acceptancetests.dll" id="ba48247e-b680-05e2-ec8e-cd712552a6ee">
      <Execution id="9ae707eb-2879-480f-8398-7c70da2c5eb3" />
      <TestMethod codeBase="D:\a\c-sharp\c-sharp\src\UnitTests\AcceptanceTests\bin\Debug\net6.0\AcceptanceTests.dll" adapterTypeName="executor://nunit3testexecutor/" className="AcceptanceTests.Features.ObjectsV2MembershipsFeature" name="GetMembershipsForCurrentUser" />
    </UnitTest>
    <UnitTest name="SetMembershipForCurrentUser" storage="d:\a\c-sharp\c-sharp\src\unittests\acceptancetests\bin\debug\net6.0\acceptancetests.dll" id="1f73b5a1-d21f-1feb-a5dc-31aa30bfbe2c">
      <Execution id="a9a6f87e-b20d-4489-895a-bfe84ade2532" />
      <TestMethod codeBase="D:\a\c-sharp\c-sharp\src\UnitTests\AcceptanceTests\bin\Debug\net6.0\AcceptanceTests.dll" adapterTypeName="executor://nunit3testexecutor/" className="AcceptanceTests.Features.ObjectsV2MembershipsFeature" name="SetMembershipForCurrentUser" />
    </UnitTest>
    <UnitTest name="SetAChannelMetadata" storage="d:\a\c-sharp\c-sharp\src\unittests\acceptancetests\bin\debug\net6.0\acceptancetests.dll" id="947b833a-a96c-d64f-e9e3-0beaa935d4d5">
      <Execution id="52d63bf8-a64f-4488-8248-7c7a5bbf952c" />
      <TestMethod codeBase="D:\a\c-sharp\c-sharp\src\UnitTests\AcceptanceTests\bin\Debug\net6.0\AcceptanceTests.dll" adapterTypeName="executor://nunit3testexecutor/" className="AcceptanceTests.Features.ObjectsV2ChannelMetadataFeature" name="SetAChannelMetadata" />
    </UnitTest>
    <UnitTest name="GetAUUIDWithCustomMetadataIdStoredInConfig" storage="d:\a\c-sharp\c-sharp\src\unittests\acceptancetests\bin\debug\net6.0\acceptancetests.dll" id="78605226-9a65-4701-5dbe-74fd1152b767">
      <Execution id="f81cc376-9e3b-4885-bdd8-2bce4a472e88" />
      <TestMethod codeBase="D:\a\c-sharp\c-sharp\src\UnitTests\AcceptanceTests\bin\Debug\net6.0\AcceptanceTests.dll" adapterTypeName="executor://nunit3testexecutor/" className="AcceptanceTests.Features.ObjectsV2UUIDMetadataFeature" name="GetAUUIDWithCustomMetadataIdStoredInConfig" />
    </UnitTest>
    <UnitTest name="GetAUUIDMetadataForId" storage="d:\a\c-sharp\c-sharp\src\unittests\acceptancetests\bin\debug\net6.0\acceptancetests.dll" id="d717777f-cd83-a14f-a06e-85ad7a167630">
      <Execution id="8e0dc780-f025-445e-9be4-3d4e514da0f7" />
      <TestMethod codeBase="D:\a\c-sharp\c-sharp\src\UnitTests\AcceptanceTests\bin\Debug\net6.0\AcceptanceTests.dll" adapterTypeName="executor://nunit3testexecutor/" className="AcceptanceTests.Features.ObjectsV2UUIDMetadataFeature" name="GetAUUIDMetadataForId" />
    </UnitTest>
    <UnitTest name="GetAllChannelMetadata" storage="d:\a\c-sharp\c-sharp\src\unittests\acceptancetests\bin\debug\net6.0\acceptancetests.dll" id="0c1a37b6-b16e-3d65-7b38-756d59a051b1">
      <Execution id="1afb7f48-d0aa-4a47-9995-f5db66afbf83" />
      <TestMethod codeBase="D:\a\c-sharp\c-sharp\src\UnitTests\AcceptanceTests\bin\Debug\net6.0\AcceptanceTests.dll" adapterTypeName="executor://nunit3testexecutor/" className="AcceptanceTests.Features.ObjectsV2ChannelMetadataFeature" name="GetAllChannelMetadata" />
    </UnitTest>
    <UnitTest name="RemoveMembershipForCurrentUser" storage="d:\a\c-sharp\c-sharp\src\unittests\acceptancetests\bin\debug\net6.0\acceptancetests.dll" id="046e940e-ed7b-e2be-b9c9-fa82caaefa8a">
      <Execution id="ddaee57d-410c-4745-8325-fb6369c04e1d" />
      <TestMethod codeBase="D:\a\c-sharp\c-sharp\src\UnitTests\AcceptanceTests\bin\Debug\net6.0\AcceptanceTests.dll" adapterTypeName="executor://nunit3testexecutor/" className="AcceptanceTests.Features.ObjectsV2MembershipsFeature" name="RemoveMembershipForCurrentUser" />
    </UnitTest>
    <UnitTest name="RemoveMemberForAChannel" storage="d:\a\c-sharp\c-sharp\src\unittests\acceptancetests\bin\debug\net6.0\acceptancetests.dll" id="b2c9c319-05d3-858f-ecdb-c785279a33e5">
      <Execution id="05ffbe8f-17bc-4a25-9d28-36e888e660bf" />
      <TestMethod codeBase="D:\a\c-sharp\c-sharp\src\UnitTests\AcceptanceTests\bin\Debug\net6.0\AcceptanceTests.dll" adapterTypeName="executor://nunit3testexecutor/" className="AcceptanceTests.Features.ObjectsV2MembersFeature" name="RemoveMemberForAChannel" />
    </UnitTest>
    <UnitTest name="GetMembershipsForUUID" storage="d:\a\c-sharp\c-sharp\src\unittests\acceptancetests\bin\debug\net6.0\acceptancetests.dll" id="10a87c1f-7e7a-0e53-402e-aefcc00a21da">
      <Execution id="fcbc5e2b-d6f2-46a5-9565-c5713835719c" />
      <TestMethod codeBase="D:\a\c-sharp\c-sharp\src\UnitTests\AcceptanceTests\bin\Debug\net6.0\AcceptanceTests.dll" adapterTypeName="executor://nunit3testexecutor/" className="AcceptanceTests.Features.ObjectsV2MembershipsFeature" name="GetMembershipsForUUID" />
    </UnitTest>
    <UnitTest name="SetMemberForAChannel" storage="d:\a\c-sharp\c-sharp\src\unittests\acceptancetests\bin\debug\net6.0\acceptancetests.dll" id="ed5af684-441e-e3d8-3bf2-a26f2fd3f117">
      <Execution id="3600f569-f401-4b3f-92a1-04695881b882" />
      <TestMethod codeBase="D:\a\c-sharp\c-sharp\src\UnitTests\AcceptanceTests\bin\Debug\net6.0\AcceptanceTests.dll" adapterTypeName="executor://nunit3testexecutor/" className="AcceptanceTests.Features.ObjectsV2MembersFeature" name="SetMemberForAChannel" />
    </UnitTest>
    <UnitTest name="RemoveAUUIDMetadataForId" storage="d:\a\c-sharp\c-sharp\src\unittests\acceptancetests\bin\debug\net6.0\acceptancetests.dll" id="07a0b332-7585-5132-2931-ba67f585bbfd">
      <Execution id="238b5672-fba6-4fd1-919f-7fb848c76a96" />
      <TestMethod codeBase="D:\a\c-sharp\c-sharp\src\UnitTests\AcceptanceTests\bin\Debug\net6.0\AcceptanceTests.dll" adapterTypeName="executor://nunit3testexecutor/" className="AcceptanceTests.Features.ObjectsV2UUIDMetadataFeature" name="RemoveAUUIDMetadataForId" />
    </UnitTest>
    <UnitTest name="RemoveAUUIDMetadataIdStoredInConfig" storage="d:\a\c-sharp\c-sharp\src\unittests\acceptancetests\bin\debug\net6.0\acceptancetests.dll" id="3a8dac54-e42a-8256-0f95-9b2771dcaeda">
      <Execution id="a92cb855-c08f-41d2-805c-fcaff7aea7f6" />
      <TestMethod codeBase="D:\a\c-sharp\c-sharp\src\UnitTests\AcceptanceTests\bin\Debug\net6.0\AcceptanceTests.dll" adapterTypeName="executor://nunit3testexecutor/" className="AcceptanceTests.Features.ObjectsV2UUIDMetadataFeature" name="RemoveAUUIDMetadataIdStoredInConfig" />
    </UnitTest>
    <UnitTest name="GetAChannelMetadataForId" storage="d:\a\c-sharp\c-sharp\src\unittests\acceptancetests\bin\debug\net6.0\acceptancetests.dll" id="4401ff2d-c38b-51a8-f6b5-791f859c7098">
      <Execution id="04587e83-809c-4204-ad93-b950269a32d2" />
      <TestMethod codeBase="D:\a\c-sharp\c-sharp\src\UnitTests\AcceptanceTests\bin\Debug\net6.0\AcceptanceTests.dll" adapterTypeName="executor://nunit3testexecutor/" className="AcceptanceTests.Features.ObjectsV2ChannelMetadataFeature" name="GetAChannelMetadataForId" />
    </UnitTest>
    <UnitTest name="GetAllChannelMetadataWithCustom" storage="d:\a\c-sharp\c-sharp\src\unittests\acceptancetests\bin\debug\net6.0\acceptancetests.dll" id="5271a851-e8d2-c42c-aad6-49024c68a9d5">
      <Execution id="8624ada2-25bc-47b4-985e-7392417d84e4" />
      <TestMethod codeBase="D:\a\c-sharp\c-sharp\src\UnitTests\AcceptanceTests\bin\Debug\net6.0\AcceptanceTests.dll" adapterTypeName="executor://nunit3testexecutor/" className="AcceptanceTests.Features.ObjectsV2ChannelMetadataFeature" name="GetAllChannelMetadataWithCustom" />
    </UnitTest>
    <UnitTest name="RevokeInvalidToken" storage="d:\a\c-sharp\c-sharp\src\unittests\acceptancetests\bin\debug\net6.0\acceptancetests.dll" id="f6a7a690-af73-fab8-0ebf-059ccdbb5495">
      <Execution id="ede5f754-cff8-495c-b502-e1c888c62238" />
      <TestMethod codeBase="D:\a\c-sharp\c-sharp\src\UnitTests\AcceptanceTests\bin\Debug\net6.0\AcceptanceTests.dll" adapterTypeName="executor://nunit3testexecutor/" className="AcceptanceTests.Features.RevokeAnAccessTokenFeature" name="RevokeInvalidToken" />
    </UnitTest>
    <UnitTest name="GrantAnAccessTokenWithAllPermissionsOnAllResourceTypesWithAuthorizedUuid" storage="d:\a\c-sharp\c-sharp\src\unittests\acceptancetests\bin\debug\net6.0\acceptancetests.dll" id="85374129-b31e-6699-e3e3-35edfbf2f310">
      <Execution id="19b2a3fa-0e8f-4559-9823-939ba776755a" />
      <TestMethod codeBase="D:\a\c-sharp\c-sharp\src\UnitTests\AcceptanceTests\bin\Debug\net6.0\AcceptanceTests.dll" adapterTypeName="executor://nunit3testexecutor/" className="AcceptanceTests.Features.GrantAnAccessTokenFeature" name="GrantAnAccessTokenWithAllPermissionsOnAllResourceTypesWithAuthorizedUuid" />
    </UnitTest>
    <UnitTest name="GetMembershipsForUUIDWithCustomAndChannelCustom" storage="d:\a\c-sharp\c-sharp\src\unittests\acceptancetests\bin\debug\net6.0\acceptancetests.dll" id="7acf7525-aaca-a5f2-7032-491d9caf1cf8">
      <Execution id="7d705107-9172-496d-8503-7b46bdb39ebc" />
      <TestMethod codeBase="D:\a\c-sharp\c-sharp\src\UnitTests\AcceptanceTests\bin\Debug\net6.0\AcceptanceTests.dll" adapterTypeName="executor://nunit3testexecutor/" className="AcceptanceTests.Features.ObjectsV2MembershipsFeature" name="GetMembershipsForUUIDWithCustomAndChannelCustom" />
    </UnitTest>
    <UnitTest name="RemoveAChannelMetadataForId" storage="d:\a\c-sharp\c-sharp\src\unittests\acceptancetests\bin\debug\net6.0\acceptancetests.dll" id="be8b1c28-897b-72b1-79de-44eed3d3394f">
      <Execution id="f8e28c2a-ac78-48e7-99eb-13cca20dc2a2" />
      <TestMethod codeBase="D:\a\c-sharp\c-sharp\src\UnitTests\AcceptanceTests\bin\Debug\net6.0\AcceptanceTests.dll" adapterTypeName="executor://nunit3testexecutor/" className="AcceptanceTests.Features.ObjectsV2ChannelMetadataFeature" name="RemoveAChannelMetadataForId" />
    </UnitTest>
    <UnitTest name="AttemptToGrantAnAccessTokenWithAllPermissionsEmptyOrFalseAndExpectAServerError" storage="d:\a\c-sharp\c-sharp\src\unittests\acceptancetests\bin\debug\net6.0\acceptancetests.dll" id="446be40b-3f39-dc72-f797-9a3aa2aac484">
      <Execution id="7ffe4dd8-695b-4c93-9c74-28a3458f3b8e" />
      <TestMethod codeBase="D:\a\c-sharp\c-sharp\src\UnitTests\AcceptanceTests\bin\Debug\net6.0\AcceptanceTests.dll" adapterTypeName="executor://nunit3testexecutor/" className="AcceptanceTests.Features.GrantAnAccessTokenFeature" name="AttemptToGrantAnAccessTokenWithAllPermissionsEmptyOrFalseAndExpectAServerError" />
    </UnitTest>
    <UnitTest name="AttemptToGrantAnAccessTokenWithARegularExpressionContainingCapturingGroupsAndExpectAServerError" storage="d:\a\c-sharp\c-sharp\src\unittests\acceptancetests\bin\debug\net6.0\acceptancetests.dll" id="0992672a-4884-80d0-5142-7d4a75036ed9">
      <Execution id="45c37bba-5e9d-48ec-a81c-37fec95d7965" />
      <TestMethod codeBase="D:\a\c-sharp\c-sharp\src\UnitTests\AcceptanceTests\bin\Debug\net6.0\AcceptanceTests.dll" adapterTypeName="executor://nunit3testexecutor/" className="AcceptanceTests.Features.GrantAnAccessTokenFeature" name="AttemptToGrantAnAccessTokenWithARegularExpressionContainingCapturingGroupsAndExpectAServerError" />
    </UnitTest>
    <UnitTest name="GetAllUUIDMetadata" storage="d:\a\c-sharp\c-sharp\src\unittests\acceptancetests\bin\debug\net6.0\acceptancetests.dll" id="219f8da3-cc63-e002-72df-e2f549e52967">
      <Execution id="a740d45c-7e74-4f64-83ee-c1046892dbd9" />
      <TestMethod codeBase="D:\a\c-sharp\c-sharp\src\UnitTests\AcceptanceTests\bin\Debug\net6.0\AcceptanceTests.dll" adapterTypeName="executor://nunit3testexecutor/" className="AcceptanceTests.Features.ObjectsV2UUIDMetadataFeature" name="GetAllUUIDMetadata" />
    </UnitTest>
    <UnitTest name="SetAUUIDMetadata" storage="d:\a\c-sharp\c-sharp\src\unittests\acceptancetests\bin\debug\net6.0\acceptancetests.dll" id="5a108f95-d949-be1c-ba70-794e5a89cb2c">
      <Execution id="17abee6b-cca8-407a-b6ad-5ac43da37b8a" />
      <TestMethod codeBase="D:\a\c-sharp\c-sharp\src\UnitTests\AcceptanceTests\bin\Debug\net6.0\AcceptanceTests.dll" adapterTypeName="executor://nunit3testexecutor/" className="AcceptanceTests.Features.ObjectsV2UUIDMetadataFeature" name="SetAUUIDMetadata" />
    </UnitTest>
    <UnitTest name="GrantAnAccessTokenWithoutAnAuthorizedUuid" storage="d:\a\c-sharp\c-sharp\src\unittests\acceptancetests\bin\debug\net6.0\acceptancetests.dll" id="5e071152-ee43-67c0-dc5d-67a966171b99">
      <Execution id="6f12025a-8a17-4579-871e-3f565c4bfc5d" />
      <TestMethod codeBase="D:\a\c-sharp\c-sharp\src\UnitTests\AcceptanceTests\bin\Debug\net6.0\AcceptanceTests.dll" adapterTypeName="executor://nunit3testexecutor/" className="AcceptanceTests.Features.GrantAnAccessTokenFeature" name="GrantAnAccessTokenWithoutAnAuthorizedUuid" />
    </UnitTest>
    <UnitTest name="RevokeExistingValidToken" storage="d:\a\c-sharp\c-sharp\src\unittests\acceptancetests\bin\debug\net6.0\acceptancetests.dll" id="9e948d14-1697-7020-7d46-e7d0ab1a839a">
      <Execution id="0f5991bb-0310-4449-b8e9-255d53c2b4ba" />
      <TestMethod codeBase="D:\a\c-sharp\c-sharp\src\UnitTests\AcceptanceTests\bin\Debug\net6.0\AcceptanceTests.dll" adapterTypeName="executor://nunit3testexecutor/" className="AcceptanceTests.Features.RevokeAnAccessTokenFeature" name="RevokeExistingValidToken" />
    </UnitTest>
    <UnitTest name="ManageMembersForAChannel" storage="d:\a\c-sharp\c-sharp\src\unittests\acceptancetests\bin\debug\net6.0\acceptancetests.dll" id="4abae91a-e1c2-11c6-c78e-4c0a98abeb41">
      <Execution id="e3f07d8b-5675-4a26-9c18-a587897fb2e5" />
      <TestMethod codeBase="D:\a\c-sharp\c-sharp\src\UnitTests\AcceptanceTests\bin\Debug\net6.0\AcceptanceTests.dll" adapterTypeName="executor://nunit3testexecutor/" className="AcceptanceTests.Features.ObjectsV2MembersFeature" name="ManageMembersForAChannel" />
    </UnitTest>
  </TestDefinitions>
  <TestEntries>
    <TestEntry testId="17537441-5c46-b29c-7a15-7f733fa6a240" executionId="67b71251-35a9-400e-a5e1-b447d1472984" testListId="8c84fa94-04c1-424b-9868-57a2d4851a1d" />
    <TestEntry testId="9e948d14-1697-7020-7d46-e7d0ab1a839a" executionId="0f5991bb-0310-4449-b8e9-255d53c2b4ba" testListId="8c84fa94-04c1-424b-9868-57a2d4851a1d" />
    <TestEntry testId="4401ff2d-c38b-51a8-f6b5-791f859c7098" executionId="04587e83-809c-4204-ad93-b950269a32d2" testListId="8c84fa94-04c1-424b-9868-57a2d4851a1d" />
    <TestEntry testId="b2c9c319-05d3-858f-ecdb-c785279a33e5" executionId="05ffbe8f-17bc-4a25-9d28-36e888e660bf" testListId="8c84fa94-04c1-424b-9868-57a2d4851a1d" />
    <TestEntry testId="10a87c1f-7e7a-0e53-402e-aefcc00a21da" executionId="fcbc5e2b-d6f2-46a5-9565-c5713835719c" testListId="8c84fa94-04c1-424b-9868-57a2d4851a1d" />
    <TestEntry testId="c824fd41-84e4-6d43-8411-04262c295a77" executionId="c2609b4a-ee90-4e4c-970e-d852f35ce082" testListId="8c84fa94-04c1-424b-9868-57a2d4851a1d" />
    <TestEntry testId="4abae91a-e1c2-11c6-c78e-4c0a98abeb41" executionId="e3f07d8b-5675-4a26-9c18-a587897fb2e5" testListId="8c84fa94-04c1-424b-9868-57a2d4851a1d" />
    <TestEntry testId="be8b1c28-897b-72b1-79de-44eed3d3394f" executionId="f8e28c2a-ac78-48e7-99eb-13cca20dc2a2" testListId="8c84fa94-04c1-424b-9868-57a2d4851a1d" />
    <TestEntry testId="0c1a37b6-b16e-3d65-7b38-756d59a051b1" executionId="1afb7f48-d0aa-4a47-9995-f5db66afbf83" testListId="8c84fa94-04c1-424b-9868-57a2d4851a1d" />
    <TestEntry testId="d717777f-cd83-a14f-a06e-85ad7a167630" executionId="8e0dc780-f025-445e-9be4-3d4e514da0f7" testListId="8c84fa94-04c1-424b-9868-57a2d4851a1d" />
    <TestEntry testId="7acf7525-aaca-a5f2-7032-491d9caf1cf8" executionId="7d705107-9172-496d-8503-7b46bdb39ebc" testListId="8c84fa94-04c1-424b-9868-57a2d4851a1d" />
    <TestEntry testId="5a108f95-d949-be1c-ba70-794e5a89cb2c" executionId="17abee6b-cca8-407a-b6ad-5ac43da37b8a" testListId="8c84fa94-04c1-424b-9868-57a2d4851a1d" />
    <TestEntry testId="1f73b5a1-d21f-1feb-a5dc-31aa30bfbe2c" executionId="a9a6f87e-b20d-4489-895a-bfe84ade2532" testListId="8c84fa94-04c1-424b-9868-57a2d4851a1d" />
    <TestEntry testId="238d7046-3682-e357-765d-2a21c813602e" executionId="d2ab7aab-066e-440b-bb9b-7bb2e84fa094" testListId="8c84fa94-04c1-424b-9868-57a2d4851a1d" />
    <TestEntry testId="947b833a-a96c-d64f-e9e3-0beaa935d4d5" executionId="52d63bf8-a64f-4488-8248-7c7a5bbf952c" testListId="8c84fa94-04c1-424b-9868-57a2d4851a1d" />
    <TestEntry testId="046e940e-ed7b-e2be-b9c9-fa82caaefa8a" executionId="ddaee57d-410c-4745-8325-fb6369c04e1d" testListId="8c84fa94-04c1-424b-9868-57a2d4851a1d" />
    <TestEntry testId="70fed881-ff3d-cf01-fc50-eec23bec4b15" executionId="7db6aaaf-134a-4f7f-a51f-7f4dfec54a77" testListId="8c84fa94-04c1-424b-9868-57a2d4851a1d" />
    <TestEntry testId="ed5af684-441e-e3d8-3bf2-a26f2fd3f117" executionId="3600f569-f401-4b3f-92a1-04695881b882" testListId="8c84fa94-04c1-424b-9868-57a2d4851a1d" />
    <TestEntry testId="b811bc2b-ac6c-1eab-5504-b3af1ec9a805" executionId="83daa0dc-9d3b-4779-bd4f-55c54ded4310" testListId="8c84fa94-04c1-424b-9868-57a2d4851a1d" />
    <TestEntry testId="85374129-b31e-6699-e3e3-35edfbf2f310" executionId="19b2a3fa-0e8f-4559-9823-939ba776755a" testListId="8c84fa94-04c1-424b-9868-57a2d4851a1d" />
    <TestEntry testId="3a8dac54-e42a-8256-0f95-9b2771dcaeda" executionId="a92cb855-c08f-41d2-805c-fcaff7aea7f6" testListId="8c84fa94-04c1-424b-9868-57a2d4851a1d" />
    <TestEntry testId="446be40b-3f39-dc72-f797-9a3aa2aac484" executionId="7ffe4dd8-695b-4c93-9c74-28a3458f3b8e" testListId="8c84fa94-04c1-424b-9868-57a2d4851a1d" />
    <TestEntry testId="aea0c1c8-e4f2-b00c-e2e5-3958a9100776" executionId="28182cb3-333a-4a8b-879f-0192452b46b5" testListId="8c84fa94-04c1-424b-9868-57a2d4851a1d" />
    <TestEntry testId="3405a88a-853b-5aa4-dc52-211f74db4a9b" executionId="08d9be49-9566-42e1-8b90-dd39ac342f4a" testListId="8c84fa94-04c1-424b-9868-57a2d4851a1d" />
    <TestEntry testId="5e071152-ee43-67c0-dc5d-67a966171b99" executionId="6f12025a-8a17-4579-871e-3f565c4bfc5d" testListId="8c84fa94-04c1-424b-9868-57a2d4851a1d" />
    <TestEntry testId="63f82b54-f147-1707-8ae8-1f771750a4c8" executionId="348f587f-b6bf-4399-b319-0b983241994e" testListId="8c84fa94-04c1-424b-9868-57a2d4851a1d" />
    <TestEntry testId="78605226-9a65-4701-5dbe-74fd1152b767" executionId="f81cc376-9e3b-4885-bdd8-2bce4a472e88" testListId="8c84fa94-04c1-424b-9868-57a2d4851a1d" />
    <TestEntry testId="f6a7a690-af73-fab8-0ebf-059ccdbb5495" executionId="ede5f754-cff8-495c-b502-e1c888c62238" testListId="8c84fa94-04c1-424b-9868-57a2d4851a1d" />
    <TestEntry testId="ee450aac-5f02-8238-a55d-792600e33298" executionId="dc43a58c-6279-4c2e-8252-a2ddb24f613e" testListId="8c84fa94-04c1-424b-9868-57a2d4851a1d" />
    <TestEntry testId="07a0b332-7585-5132-2931-ba67f585bbfd" executionId="238b5672-fba6-4fd1-919f-7fb848c76a96" testListId="8c84fa94-04c1-424b-9868-57a2d4851a1d" />
    <TestEntry testId="23b61850-f73c-f5eb-17ca-9aaba5f44c54" executionId="1da4e0ed-fc86-4e8a-badc-b033d5d41ab6" testListId="8c84fa94-04c1-424b-9868-57a2d4851a1d" />
    <TestEntry testId="219f8da3-cc63-e002-72df-e2f549e52967" executionId="a740d45c-7e74-4f64-83ee-c1046892dbd9" testListId="8c84fa94-04c1-424b-9868-57a2d4851a1d" />
    <TestEntry testId="86189ae4-95f9-30e4-f4c6-bfa1b9898a62" executionId="94cf67cf-578e-4e41-8816-812fd997ef59" testListId="8c84fa94-04c1-424b-9868-57a2d4851a1d" />
    <TestEntry testId="8a1c2bbd-f61b-135c-270f-157e7106103a" executionId="ce9af21e-01af-4aef-bddb-6a0d2090e4dc" testListId="8c84fa94-04c1-424b-9868-57a2d4851a1d" />
    <TestEntry testId="0992672a-4884-80d0-5142-7d4a75036ed9" executionId="45c37bba-5e9d-48ec-a81c-37fec95d7965" testListId="8c84fa94-04c1-424b-9868-57a2d4851a1d" />
    <TestEntry testId="5271a851-e8d2-c42c-aad6-49024c68a9d5" executionId="8624ada2-25bc-47b4-985e-7392417d84e4" testListId="8c84fa94-04c1-424b-9868-57a2d4851a1d" />
    <TestEntry testId="96ff7052-903d-d61a-0cb2-cdee63831172" executionId="9c0db033-23ad-40c7-9d5b-7312049936bd" testListId="8c84fa94-04c1-424b-9868-57a2d4851a1d" />
    <TestEntry testId="ba48247e-b680-05e2-ec8e-cd712552a6ee" executionId="9ae707eb-2879-480f-8398-7c70da2c5eb3" testListId="8c84fa94-04c1-424b-9868-57a2d4851a1d" />
  </TestEntries>
  <TestLists>
    <TestList name="Results Not in a List" id="8c84fa94-04c1-424b-9868-57a2d4851a1d" />
    <TestList name="All Loaded Results" id="19431567-8539-422a-85d7-44ee4e166bda" />
  </TestLists>
  <ResultSummary outcome="Completed">
    <Counters total="38" executed="38" passed="38" failed="0" error="0" timeout="0" aborted="0" inconclusive="0" passedButRunAborted="0" notRunnable="0" notExecuted="0" disconnected="0" warning="0" completed="0" inProgress="0" pending="0" />
    <Output>
      <StdOut>NUnit Adapter 3.17.0.0: Test execution started&#xD;
Running all tests in D:\a\c-sharp\c-sharp\src\UnitTests\AcceptanceTests\bin\Debug\net6.0\AcceptanceTests.dll&#xD;
   NUnit3TestExecutor discovered 38 of 38 NUnit test cases&#xD;
Given I have a keyset with access manager enabled&#xD;
-&gt; done: FeatureAccessSteps.GivenIHaveAKeysetWithAccessManagerEnabled() (0.0s)&#xD;
Given the TTL 43201&#xD;
-&gt; done: FeatureAccessSteps.GivenTheTTL(43201) (0.0s)&#xD;
Given the 'channel-1' CHANNEL resource access permissions&#xD;
-&gt; done: FeatureAccessSteps.GivenTheCHANNELResourceAccessPermissions("channel-1") (0.0s)&#xD;
* grant resource permission READ&#xD;
-&gt; done: FeatureAccessSteps.GivenGrantResourcePermissionREAD() (0.0s)&#xD;
When I attempt to grant a token specifying those permissions&#xD;
-&gt; done: FeatureAccessSteps.WhenIAttemptToGrantATokenSpecifyingThosePermissions() (0.1s)&#xD;
Then an error is returned&#xD;
-&gt; done: FeatureAccessSteps.ThenAnErrorIsReturned() (0.0s)&#xD;
* the error status code is 400&#xD;
-&gt; done: FeatureAccessSteps.ThenTheErrorStatusCodeIs(400) (0.0s)&#xD;
* the error message is 'Invalid ttl'&#xD;
-&gt; done: FeatureAccessSteps.ThenTheErrorMessageIs("Invalid ttl") (0.0s)&#xD;
* the error source is 'grant'&#xD;
-&gt; done: FeatureAccessSteps.ThenTheErrorSourceIs("grant") (0.0s)&#xD;
* the error detail message is 'Range should be 1 to 43200 minute(s).'&#xD;
-&gt; done: FeatureAccessSteps.ThenTheErrorDetailMessageIs("Range should be 1...") (0.0s)&#xD;
* the error detail location is 'ttl'&#xD;
-&gt; done: FeatureAccessSteps.ThenTheErrorDetailLocationIs("ttl") (0.0s)&#xD;
* the error detail location type is 'body'&#xD;
-&gt; done: FeatureAccessSteps.ThenTheErrorDetailLocationTypeIs("body") (0.0s)&#xD;
&#xD;
Given I have a keyset with access manager enabled&#xD;
-&gt; done: FeatureAccessSteps.GivenIHaveAKeysetWithAccessManagerEnabled() (0.0s)&#xD;
Given the TTL 60&#xD;
-&gt; done: FeatureAccessSteps.GivenTheTTL(60) (0.0s)&#xD;
Given the 'uuid-1' UUID resource access permissions&#xD;
-&gt; done: FeatureAccessSteps.GivenTheUUIDResourceAccessPermissions("uuid-1") (0.0s)&#xD;
* deny resource permission GET&#xD;
-&gt; done: FeatureAccessSteps.GivenDenyResourcePermissionGET() (0.0s)&#xD;
When I attempt to grant a token specifying those permissions&#xD;
-&gt; done: FeatureAccessSteps.WhenIAttemptToGrantATokenSpecifyingThosePermissions() (0.0s)&#xD;
Then an error is returned&#xD;
-&gt; done: FeatureAccessSteps.ThenAnErrorIsReturned() (0.0s)&#xD;
* the error status code is 400&#xD;
-&gt; done: FeatureAccessSteps.ThenTheErrorStatusCodeIs(400) (0.0s)&#xD;
* the error message is 'Invalid permissions'&#xD;
-&gt; done: FeatureAccessSteps.ThenTheErrorMessageIs("Invalid permissions") (0.0s)&#xD;
* the error source is 'grant'&#xD;
-&gt; done: FeatureAccessSteps.ThenTheErrorSourceIs("grant") (0.0s)&#xD;
* the error detail message is 'Unexpected value: `permissions.resources.uuids.uuid-1` must be positive and non-zero.'&#xD;
-&gt; done: FeatureAccessSteps.ThenTheErrorDetailMessageIs("Unexpected value:...") (0.0s)&#xD;
* the error detail location is 'permissions.resources.uuids.uuid-1'&#xD;
-&gt; done: FeatureAccessSteps.ThenTheErrorDetailLocationIs("permissions.resou...") (0.0s)&#xD;
* the error detail location type is 'body'&#xD;
-&gt; done: FeatureAccessSteps.ThenTheErrorDetailLocationTypeIs("body") (0.0s)&#xD;
&#xD;
Given I have a keyset with access manager enabled&#xD;
-&gt; done: FeatureAccessSteps.GivenIHaveAKeysetWithAccessManagerEnabled() (0.0s)&#xD;
Given the TTL 60&#xD;
-&gt; done: FeatureAccessSteps.GivenTheTTL(60) (0.0s)&#xD;
Given the '!&lt;[^&gt;]+&gt;++' UUID pattern access permissions&#xD;
-&gt; done: FeatureAccessSteps.GivenTheUUIDPatternAccessPermissions("!&lt;[^&gt;]+&gt;++") (0.0s)&#xD;
* grant pattern permission GET&#xD;
-&gt; done: FeatureAccessSteps.GivenGrantPatternPermissionGET() (0.0s)&#xD;
When I attempt to grant a token specifying those permissions&#xD;
-&gt; done: FeatureAccessSteps.WhenIAttemptToGrantATokenSpecifyingThosePermissions() (0.0s)&#xD;
Then an error is returned&#xD;
-&gt; done: FeatureAccessSteps.ThenAnErrorIsReturned() (0.0s)&#xD;
* the error status code is 400&#xD;
-&gt; done: FeatureAccessSteps.ThenTheErrorStatusCodeIs(400) (0.0s)&#xD;
* the error message is 'Invalid RegExp'&#xD;
-&gt; done: FeatureAccessSteps.ThenTheErrorMessageIs("Invalid RegExp") (0.0s)&#xD;
* the error source is 'grant'&#xD;
-&gt; done: FeatureAccessSteps.ThenTheErrorSourceIs("grant") (0.0s)&#xD;
* the error detail message is 'Syntax error: multiple repeat.'&#xD;
-&gt; done: FeatureAccessSteps.ThenTheErrorDetailMessageIs("Syntax error: mul...") (0.0s)&#xD;
* the error detail location is 'permissions.patterns.uuids.!&lt;[^&gt;]+&gt;++'&#xD;
-&gt; done: FeatureAccessSteps.ThenTheErrorDetailLocationIs("permissions.patte...") (0.0s)&#xD;
* the error detail location type is 'body'&#xD;
-&gt; done: FeatureAccessSteps.ThenTheErrorDetailLocationTypeIs("body") (0.0s)&#xD;
&#xD;
Given I have a keyset with access manager enabled&#xD;
-&gt; done: FeatureAccessSteps.GivenIHaveAKeysetWithAccessManagerEnabled() (0.0s)&#xD;
Given the TTL 60&#xD;
-&gt; done: FeatureAccessSteps.GivenTheTTL(60) (0.0s)&#xD;
Given the '(!&lt;[^&gt;]+&gt;)+' UUID pattern access permissions&#xD;
-&gt; done: FeatureAccessSteps.GivenTheUUIDPatternAccessPermissions("(!&lt;[^&gt;]+&gt;)+") (0.0s)&#xD;
* grant pattern permission GET&#xD;
-&gt; done: FeatureAccessSteps.GivenGrantPatternPermissionGET() (0.0s)&#xD;
When I attempt to grant a token specifying those permissions&#xD;
-&gt; done: FeatureAccessSteps.WhenIAttemptToGrantATokenSpecifyingThosePermissions() (0.0s)&#xD;
Then an error is returned&#xD;
-&gt; done: FeatureAccessSteps.ThenAnErrorIsReturned() (0.0s)&#xD;
* the error status code is 400&#xD;
-&gt; done: FeatureAccessSteps.ThenTheErrorStatusCodeIs(400) (0.0s)&#xD;
* the error message is 'Invalid RegExp'&#xD;
-&gt; done: FeatureAccessSteps.ThenTheErrorMessageIs("Invalid RegExp") (0.0s)&#xD;
* the error source is 'grant'&#xD;
-&gt; done: FeatureAccessSteps.ThenTheErrorSourceIs("grant") (0.0s)&#xD;
* the error detail message is 'Only non-capturing groups are allowed. Try replacing `(` with `(?:`.'&#xD;
-&gt; done: FeatureAccessSteps.ThenTheErrorDetailMessageIs("Only non-capturin...") (0.0s)&#xD;
* the error detail location is 'permissions.patterns.uuids.(!&lt;[^&gt;]+&gt;)+'&#xD;
-&gt; done: FeatureAccessSteps.ThenTheErrorDetailLocationIs("permissions.patte...") (0.0s)&#xD;
* the error detail location type is 'body'&#xD;
-&gt; done: FeatureAccessSteps.ThenTheErrorDetailLocationTypeIs("body") (0.0s)&#xD;
&#xD;
Given I have a keyset with access manager enabled&#xD;
-&gt; done: FeatureAccessSteps.GivenIHaveAKeysetWithAccessManagerEnabled() (0.0s)&#xD;
Given the authorized UUID "test-authorized-uuid"&#xD;
-&gt; done: FeatureAccessSteps.GivenTheAuthorizedUUID("test-authorized-uuid") (0.0s)&#xD;
Given the TTL 60&#xD;
-&gt; done: FeatureAccessSteps.GivenTheTTL(60) (0.0s)&#xD;
Given the 'channel-1' CHANNEL resource access permissions&#xD;
-&gt; done: FeatureAccessSteps.GivenTheCHANNELResourceAccessPermissions("channel-1") (0.0s)&#xD;
* grant resource permission READ&#xD;
-&gt; done: FeatureAccessSteps.GivenGrantResourcePermissionREAD() (0.0s)&#xD;
When I grant a token specifying those permissions&#xD;
-&gt; done: FeatureAccessSteps.WhenIGrantATokenSpecifyingThosePermissions() (0.0s)&#xD;
Then the token contains the TTL 60&#xD;
-&gt; done: FeatureAccessSteps.ThenTheTokenContainsTheTTL(60) (0.1s)&#xD;
Then the token contains the authorized UUID "test-authorized-uuid"&#xD;
-&gt; done: FeatureAccessSteps.ThenTheTokenContainsTheAuthorizedUUID("test-authorized-uuid") (0.0s)&#xD;
Then the token has 'channel-1' CHANNEL resource access permissions&#xD;
-&gt; done: FeatureAccessSteps.ThenTheTokenHasCHANNELResourceAccessPermissions("channel-1") (0.0s)&#xD;
* token resource permission READ&#xD;
-&gt; done: FeatureAccessSteps.ThenTokenResourcePermissionREAD() (0.0s)&#xD;
&#xD;
Given I have a keyset with access manager enabled&#xD;
-&gt; done: FeatureAccessSteps.GivenIHaveAKeysetWithAccessManagerEnabled() (0.0s)&#xD;
Given the authorized UUID "test-authorized-uuid"&#xD;
-&gt; done: FeatureAccessSteps.GivenTheAuthorizedUUID("test-authorized-uuid") (0.0s)&#xD;
Given the TTL 60&#xD;
-&gt; done: FeatureAccessSteps.GivenTheTTL(60) (0.0s)&#xD;
Given the 'channel-1' CHANNEL resource access permissions&#xD;
-&gt; done: FeatureAccessSteps.GivenTheCHANNELResourceAccessPermissions("channel-1") (0.0s)&#xD;
* grant resource permission READ&#xD;
-&gt; done: FeatureAccessSteps.GivenGrantResourcePermissionREAD() (0.0s)&#xD;
* grant resource permission WRITE&#xD;
-&gt; done: FeatureAccessSteps.GivenGrantResourcePermissionWRITE() (0.0s)&#xD;
* grant resource permission GET&#xD;
-&gt; done: FeatureAccessSteps.GivenGrantResourcePermissionGET() (0.0s)&#xD;
* grant resource permission MANAGE&#xD;
-&gt; done: FeatureAccessSteps.GivenGrantResourcePermissionMANAGE() (0.0s)&#xD;
* grant resource permission UPDATE&#xD;
-&gt; done: FeatureAccessSteps.GivenGrantResourcePermissionUPDATE() (0.0s)&#xD;
* grant resource permission JOIN&#xD;
-&gt; done: FeatureAccessSteps.GivenGrantResourcePermissionJOIN() (0.0s)&#xD;
* grant resource permission DELETE&#xD;
-&gt; done: FeatureAccessSteps.GivenGrantResourcePermissionDELETE() (0.0s)&#xD;
Given the 'channel_group-1' CHANNEL_GROUP resource access permissions&#xD;
-&gt; done: FeatureAccessSteps.GivenTheCHANNEL_GROUPResourceAccessPermissions("channel_group-1") (0.0s)&#xD;
* grant resource permission READ&#xD;
-&gt; done: FeatureAccessSteps.GivenGrantResourcePermissionREAD() (0.0s)&#xD;
* grant resource permission MANAGE&#xD;
-&gt; done: FeatureAccessSteps.GivenGrantResourcePermissionMANAGE() (0.0s)&#xD;
Given the 'uuid-1' UUID resource access permissions&#xD;
-&gt; done: FeatureAccessSteps.GivenTheUUIDResourceAccessPermissions("uuid-1") (0.0s)&#xD;
* grant resource permission GET&#xD;
-&gt; done: FeatureAccessSteps.GivenGrantResourcePermissionGET() (0.0s)&#xD;
* grant resource permission UPDATE&#xD;
-&gt; done: FeatureAccessSteps.GivenGrantResourcePermissionUPDATE() (0.0s)&#xD;
* grant resource permission DELETE&#xD;
-&gt; done: FeatureAccessSteps.GivenGrantResourcePermissionDELETE() (0.0s)&#xD;
Given the '^channel-\S*$' CHANNEL pattern access permissions&#xD;
-&gt; done: FeatureAccessSteps.GivenTheCHANNELPatternAccessPermissions("^channel-\S*$") (0.0s)&#xD;
* grant pattern permission READ&#xD;
-&gt; done: FeatureAccessSteps.GivenGrantPatternPermissionREAD() (0.0s)&#xD;
* grant pattern permission WRITE&#xD;
-&gt; done: FeatureAccessSteps.GivenGrantPatternPermissionWRITE() (0.0s)&#xD;
* grant pattern permission GET&#xD;
-&gt; done: FeatureAccessSteps.GivenGrantPatternPermissionGET() (0.0s)&#xD;
* grant pattern permission MANAGE&#xD;
-&gt; done: FeatureAccessSteps.GivenGrantPatternPermissionMANAGE() (0.0s)&#xD;
* grant pattern permission UPDATE&#xD;
-&gt; done: FeatureAccessSteps.GivenGrantPatternPermissionUPDATE() (0.0s)&#xD;
* grant pattern permission JOIN&#xD;
-&gt; done: FeatureAccessSteps.GivenGrantPatternPermissionJOIN() (0.0s)&#xD;
* grant pattern permission DELETE&#xD;
-&gt; done: FeatureAccessSteps.GivenGrantPatternPermissionDELETE() (0.0s)&#xD;
Given the '^:channel_group-\S*$' CHANNEL_GROUP pattern access permissions&#xD;
-&gt; done: FeatureAccessSteps.GivenTheCHANNEL_GROUPPatternAccessPermissions("^:channel_group-\S*$") (0.0s)&#xD;
* grant pattern permission READ&#xD;
-&gt; done: FeatureAccessSteps.GivenGrantPatternPermissionREAD() (0.0s)&#xD;
* grant pattern permission MANAGE&#xD;
-&gt; done: FeatureAccessSteps.GivenGrantPatternPermissionMANAGE() (0.0s)&#xD;
Given the '^uuid-\S*$' UUID pattern access permissions&#xD;
-&gt; done: FeatureAccessSteps.GivenTheUUIDPatternAccessPermissions("^uuid-\S*$") (0.0s)&#xD;
* grant pattern permission GET&#xD;
-&gt; done: FeatureAccessSteps.GivenGrantPatternPermissionGET() (0.0s)&#xD;
* grant pattern permission UPDATE&#xD;
-&gt; done: FeatureAccessSteps.GivenGrantPatternPermissionUPDATE() (0.0s)&#xD;
* grant pattern permission DELETE&#xD;
-&gt; done: FeatureAccessSteps.GivenGrantPatternPermissionDELETE() (0.0s)&#xD;
When I grant a token specifying those permissions&#xD;
-&gt; done: FeatureAccessSteps.WhenIGrantATokenSpecifyingThosePermissions() (0.0s)&#xD;
Then the token contains the authorized UUID "test-authorized-uuid"&#xD;
-&gt; done: FeatureAccessSteps.ThenTheTokenContainsTheAuthorizedUUID("test-authorized-uuid") (0.0s)&#xD;
Then the token contains the TTL 60&#xD;
-&gt; done: FeatureAccessSteps.ThenTheTokenContainsTheTTL(60) (0.0s)&#xD;
Then the token has 'channel-1' CHANNEL resource access permissions&#xD;
-&gt; done: FeatureAccessSteps.ThenTheTokenHasCHANNELResourceAccessPermissions("channel-1") (0.0s)&#xD;
* token resource permission READ&#xD;
-&gt; done: FeatureAccessSteps.ThenTokenResourcePermissionREAD() (0.0s)&#xD;
* token resource permission WRITE&#xD;
-&gt; done: FeatureAccessSteps.ThenTokenResourcePermissionWRITE() (0.0s)&#xD;
* token resource permission GET&#xD;
-&gt; done: FeatureAccessSteps.ThenTokenResourcePermissionGET() (0.0s)&#xD;
* token resource permission MANAGE&#xD;
-&gt; done: FeatureAccessSteps.ThenTokenResourcePermissionMANAGE() (0.0s)&#xD;
* token resource permission UPDATE&#xD;
-&gt; done: FeatureAccessSteps.ThenTokenResourcePermissionUPDATE() (0.0s)&#xD;
* token resource permission JOIN&#xD;
-&gt; done: FeatureAccessSteps.ThenTokenResourcePermissionJOIN() (0.0s)&#xD;
* token resource permission DELETE&#xD;
-&gt; done: FeatureAccessSteps.ThenTokenResourcePermissionDELETE() (0.0s)&#xD;
Then the token has 'channel_group-1' CHANNEL_GROUP resource access permissions&#xD;
-&gt; done: FeatureAccessSteps.ThenTheTokenHasCHANNEL_GROUPResourceAccessPermissions("channel_group-1") (0.0s)&#xD;
* token resource permission READ&#xD;
-&gt; done: FeatureAccessSteps.ThenTokenResourcePermissionREAD() (0.0s)&#xD;
* token resource permission MANAGE&#xD;
-&gt; done: FeatureAccessSteps.ThenTokenResourcePermissionMANAGE() (0.0s)&#xD;
Then the token has 'uuid-1' UUID resource access permissions&#xD;
-&gt; done: FeatureAccessSteps.ThenTheTokenHasUUIDResourceAccessPermissions("uuid-1") (0.0s)&#xD;
* token resource permission GET&#xD;
-&gt; done: FeatureAccessSteps.ThenTokenResourcePermissionGET() (0.0s)&#xD;
* token resource permission UPDATE&#xD;
-&gt; done: FeatureAccessSteps.ThenTokenResourcePermissionUPDATE() (0.0s)&#xD;
* token resource permission DELETE&#xD;
-&gt; done: FeatureAccessSteps.ThenTokenResourcePermissionDELETE() (0.0s)&#xD;
Then the token has '^channel-\S*$' CHANNEL pattern access permissions&#xD;
-&gt; done: FeatureAccessSteps.ThenTheTokenHasCHANNELPatternAccessPermissions("^channel-\S*$") (0.0s)&#xD;
* token pattern permission READ&#xD;
-&gt; done: FeatureAccessSteps.ThenTokenPatternPermissionREAD() (0.0s)&#xD;
* token pattern permission WRITE&#xD;
-&gt; done: FeatureAccessSteps.ThenTokenPatternPermissionWRITE() (0.0s)&#xD;
* token pattern permission GET&#xD;
-&gt; done: FeatureAccessSteps.ThenTokenPatternPermissionGET() (0.0s)&#xD;
* token pattern permission MANAGE&#xD;
-&gt; done: FeatureAccessSteps.ThenTokenPatternPermissionMANAGE() (0.0s)&#xD;
* token pattern permission UPDATE&#xD;
-&gt; done: FeatureAccessSteps.ThenTokenPatternPermissionUPDATE() (0.0s)&#xD;
* token pattern permission JOIN&#xD;
-&gt; done: FeatureAccessSteps.ThenTokenPatternPermissionJOIN() (0.0s)&#xD;
* token pattern permission DELETE&#xD;
-&gt; done: FeatureAccessSteps.ThenTokenPatternPermissionDELETE() (0.0s)&#xD;
Then the token has '^:channel_group-\S*$' CHANNEL_GROUP pattern access permissions&#xD;
-&gt; done: FeatureAccessSteps.ThenTheTokenHasCHANNEL_GROUPPatternAccessPermissions("^:channel_group-\S*$") (0.0s)&#xD;
* token pattern permission READ&#xD;
-&gt; done: FeatureAccessSteps.ThenTokenPatternPermissionREAD() (0.0s)&#xD;
* token pattern permission MANAGE&#xD;
-&gt; done: FeatureAccessSteps.ThenTokenPatternPermissionMANAGE() (0.0s)&#xD;
Then the token has '^uuid-\S*$' UUID pattern access permissions&#xD;
-&gt; done: FeatureAccessSteps.ThenTheTokenHasUUIDPatternAccessPermissions("^uuid-\S*$") (0.0s)&#xD;
* token pattern permission GET&#xD;
-&gt; done: FeatureAccessSteps.ThenTokenPatternPermissionGET() (0.0s)&#xD;
* token pattern permission UPDATE&#xD;
-&gt; done: FeatureAccessSteps.ThenTokenPatternPermissionUPDATE() (0.0s)&#xD;
* token pattern permission DELETE&#xD;
-&gt; done: FeatureAccessSteps.ThenTokenPatternPermissionDELETE() (0.0s)&#xD;
&#xD;
Given I have a keyset with access manager enabled&#xD;
-&gt; done: FeatureAccessSteps.GivenIHaveAKeysetWithAccessManagerEnabled() (0.0s)&#xD;
Given the TTL 60&#xD;
-&gt; done: FeatureAccessSteps.GivenTheTTL(60) (0.0s)&#xD;
Given the 'channel-1' CHANNEL resource access permissions&#xD;
-&gt; done: FeatureAccessSteps.GivenTheCHANNELResourceAccessPermissions("channel-1") (0.0s)&#xD;
* grant resource permission READ&#xD;
-&gt; done: FeatureAccessSteps.GivenGrantResourcePermissionREAD() (0.0s)&#xD;
When I grant a token specifying those permissions&#xD;
-&gt; done: FeatureAccessSteps.WhenIGrantATokenSpecifyingThosePermissions() (0.0s)&#xD;
Then the token contains the TTL 60&#xD;
-&gt; done: FeatureAccessSteps.ThenTheTokenContainsTheTTL(60) (0.0s)&#xD;
Then the token does not contain an authorized uuid&#xD;
-&gt; done: FeatureAccessSteps.ThenTheTokenDoesNotContainAnAuthorizedUuid() (0.0s)&#xD;
Then the token has 'channel-1' CHANNEL resource access permissions&#xD;
-&gt; done: FeatureAccessSteps.ThenTheTokenHasCHANNELResourceAccessPermissions("channel-1") (0.0s)&#xD;
* token resource permission READ&#xD;
-&gt; done: FeatureAccessSteps.ThenTokenResourcePermissionREAD() (0.0s)&#xD;
&#xD;
Given I have a keyset with Objects V2 enabled&#xD;
-&gt; done: FeatureObjectsV2MetadataSteps.GivenIHaveAKeysetWithObjectsVEnabled(2) (0.0s)&#xD;
Given the id for 'Chat' channel&#xD;
-&gt; done: FeatureObjectsV2MetadataSteps.GivenTheIdForChannel("Chat") (0.0s)&#xD;
When I get the channel metadata&#xD;
-&gt; done: FeatureObjectsV2MetadataSteps.WhenIGetTheChannelMetadata() (0.0s)&#xD;
Then I receive a successful response&#xD;
-&gt; done: FeatureObjectsV2MetadataSteps.ThenIReceiveASuccessfulResponse() (0.0s)&#xD;
And the channel metadata for 'Chat' channel&#xD;
-&gt; done: FeatureObjectsV2MetadataSteps.ThenTheChannelMetadataForChannel("Chat") (0.0s)&#xD;
&#xD;
Given I have a keyset with Objects V2 enabled&#xD;
-&gt; done: FeatureObjectsV2MetadataSteps.GivenIHaveAKeysetWithObjectsVEnabled(2) (0.0s)&#xD;
Given the id for 'DM' channel&#xD;
-&gt; done: FeatureObjectsV2MetadataSteps.GivenTheIdForChannel("DM") (0.0s)&#xD;
When I get the channel metadata with custom&#xD;
-&gt; done: FeatureObjectsV2MetadataSteps.WhenIGetTheChannelMetadataWithCustom() (0.0s)&#xD;
Then I receive a successful response&#xD;
-&gt; done: FeatureObjectsV2MetadataSteps.ThenIReceiveASuccessfulResponse() (0.0s)&#xD;
And the channel metadata for 'DM' channel&#xD;
-&gt; done: FeatureObjectsV2MetadataSteps.ThenTheChannelMetadataForChannel("DM") (0.0s)&#xD;
&#xD;
Given I have a keyset with Objects V2 enabled&#xD;
-&gt; done: FeatureObjectsV2MetadataSteps.GivenIHaveAKeysetWithObjectsVEnabled(2) (0.0s)&#xD;
When I get all channel metadata&#xD;
-&gt; done: FeatureObjectsV2MetadataSteps.WhenIGetAllChannelMetadata() (0.0s)&#xD;
Then I receive a successful response&#xD;
-&gt; done: FeatureObjectsV2MetadataSteps.ThenIReceiveASuccessfulResponse() (0.0s)&#xD;
And the response contains list with 'Chat' and 'Patient' channel metadata&#xD;
-&gt; done: FeatureObjectsV2MetadataSteps.ThenTheResponseContainsListWithAndChannelMetadata("Chat", "Patient") (0.0s)&#xD;
&#xD;
Given I have a keyset with Objects V2 enabled&#xD;
-&gt; done: FeatureObjectsV2MetadataSteps.GivenIHaveAKeysetWithObjectsVEnabled(2) (0.0s)&#xD;
When I get all channel metadata with custom&#xD;
-&gt; done: FeatureObjectsV2MetadataSteps.WhenIGetAllChannelMetadataWithCustom() (0.0s)&#xD;
Then I receive a successful response&#xD;
-&gt; done: FeatureObjectsV2MetadataSteps.ThenIReceiveASuccessfulResponse() (0.0s)&#xD;
And the response contains list with 'DM' and 'VipChat' channel metadata&#xD;
-&gt; done: FeatureObjectsV2MetadataSteps.ThenTheResponseContainsListWithAndChannelMetadata("DM", "VipChat") (0.0s)&#xD;
&#xD;
Given I have a keyset with Objects V2 enabled&#xD;
-&gt; done: FeatureObjectsV2MetadataSteps.GivenIHaveAKeysetWithObjectsVEnabled(2) (0.0s)&#xD;
Given the id for 'Chat' channel&#xD;
-&gt; done: FeatureObjectsV2MetadataSteps.GivenTheIdForChannel("Chat") (0.0s)&#xD;
When I remove the channel metadata&#xD;
-&gt; done: FeatureObjectsV2MetadataSteps.WhenIRemoveTheChannelMetadata() (0.0s)&#xD;
Then I receive a successful response&#xD;
-&gt; done: FeatureObjectsV2MetadataSteps.ThenIReceiveASuccessfulResponse() (0.0s)&#xD;
&#xD;
Given I have a keyset with Objects V2 enabled&#xD;
-&gt; done: FeatureObjectsV2MetadataSteps.GivenIHaveAKeysetWithObjectsVEnabled(2) (0.0s)&#xD;
Given the data for 'Chat' channel&#xD;
-&gt; done: FeatureObjectsV2MetadataSteps.GivenTheDataForChannel("Chat") (0.0s)&#xD;
When I set the channel metadata&#xD;
-&gt; done: FeatureObjectsV2MetadataSteps.WhenISetTheChannelMetadata() (0.0s)&#xD;
Then I receive a successful response&#xD;
-&gt; done: FeatureObjectsV2MetadataSteps.ThenIReceiveASuccessfulResponse() (0.0s)&#xD;
And the channel metadata for 'Chat' channel contains updated&#xD;
-&gt; done: FeatureObjectsV2MetadataSteps.ThenTheChannelMetadataForChannelContainsUpdated("Chat") (0.0s)&#xD;
&#xD;
Given I have a keyset with Objects V2 enabled&#xD;
-&gt; done: FeatureObjectsV2MetadataSteps.GivenIHaveAKeysetWithObjectsVEnabled(2) (0.0s)&#xD;
Given the id for 'Chat' channel&#xD;
-&gt; done: FeatureObjectsV2MetadataSteps.GivenTheIdForChannel("Chat") (0.0s)&#xD;
When I get the channel members&#xD;
-&gt; done: FeatureObjectsV2MetadataSteps.WhenIGetTheChannelMembers() (0.0s)&#xD;
Then I receive a successful response&#xD;
-&gt; done: FeatureObjectsV2MetadataSteps.ThenIReceiveASuccessfulResponse() (0.0s)&#xD;
And the response contains list with 'AmeliaMember' and 'EvaMember' members&#xD;
-&gt; done: FeatureObjectsV2MetadataSteps.ThenTheResponseContainsListWithAndMembers("AmeliaMember", "EvaMember") (0.0s)&#xD;
&#xD;
Given I have a keyset with Objects V2 enabled&#xD;
-&gt; done: FeatureObjectsV2MetadataSteps.GivenIHaveAKeysetWithObjectsVEnabled(2) (0.0s)&#xD;
Given the id for 'VipChat' channel&#xD;
-&gt; done: FeatureObjectsV2MetadataSteps.GivenTheIdForChannel("VipChat") (0.0s)&#xD;
When I get the channel members including custom and UUID custom information&#xD;
-&gt; done: FeatureObjectsV2MetadataSteps.WhenIGetTheChannelMembersIncludingCustomAndUUIDCustomInformation() (0.0s)&#xD;
Then I receive a successful response&#xD;
-&gt; done: FeatureObjectsV2MetadataSteps.ThenIReceiveASuccessfulResponse() (0.0s)&#xD;
And the response contains list with 'OliverMember' and 'PeterMember' members&#xD;
-&gt; done: FeatureObjectsV2MetadataSteps.ThenTheResponseContainsListWithAndMembers("OliverMember", "PeterMember") (0.0s)&#xD;
&#xD;
Given I have a keyset with Objects V2 enabled&#xD;
-&gt; done: FeatureObjectsV2MetadataSteps.GivenIHaveAKeysetWithObjectsVEnabled(2) (0.0s)&#xD;
Given the data for 'PeterMember' member&#xD;
-&gt; done: FeatureObjectsV2MetadataSteps.GivenTheDataForMember("PeterMember") (0.0s)&#xD;
And the data for 'AmeliaMember' member that we want to remove&#xD;
-&gt; done: FeatureObjectsV2MetadataSteps.GivenTheDataForMemberThatWeWantToRemove("AmeliaMember") (0.0s)&#xD;
And the id for 'Chat' channel&#xD;
-&gt; done: FeatureObjectsV2MetadataSteps.GivenTheIdForChannel("Chat") (0.0s)&#xD;
When I manage channel members&#xD;
-&gt; done: FeatureObjectsV2MetadataSteps.WhenIManageChannelMembers() (0.0s)&#xD;
Then I receive a successful response&#xD;
-&gt; done: FeatureObjectsV2MetadataSteps.ThenIReceiveASuccessfulResponse() (0.0s)&#xD;
And the response contains list with 'PeterMember' member&#xD;
-&gt; done: FeatureObjectsV2MetadataSteps.ThenTheResponseContainsListWithMember("PeterMember") (0.0s)&#xD;
And the response does not contain list with 'AmeliaMember' member&#xD;
-&gt; done: FeatureObjectsV2MetadataSteps.ThenTheResponseDoesNotContainListWithMember("AmeliaMember") (0.0s)&#xD;
&#xD;
Given I have a keyset with Objects V2 enabled&#xD;
-&gt; done: FeatureObjectsV2MetadataSteps.GivenIHaveAKeysetWithObjectsVEnabled(2) (0.0s)&#xD;
Given the id for 'Chat' channel&#xD;
-&gt; done: FeatureObjectsV2MetadataSteps.GivenTheIdForChannel("Chat") (0.0s)&#xD;
And the data for 'AmeliaMember' member that we want to remove&#xD;
-&gt; done: FeatureObjectsV2MetadataSteps.GivenTheDataForMemberThatWeWantToRemove("AmeliaMember") (0.0s)&#xD;
When I remove a channel member&#xD;
-&gt; done: FeatureObjectsV2MetadataSteps.WhenIRemoveAChannelMember() (0.0s)&#xD;
Then I receive a successful response&#xD;
-&gt; done: FeatureObjectsV2MetadataSteps.ThenIReceiveASuccessfulResponse() (0.0s)&#xD;
&#xD;
Given I have a keyset with Objects V2 enabled&#xD;
-&gt; done: FeatureObjectsV2MetadataSteps.GivenIHaveAKeysetWithObjectsVEnabled(2) (0.0s)&#xD;
Given the data for 'AmeliaMember' member&#xD;
-&gt; done: FeatureObjectsV2MetadataSteps.GivenTheDataForMember("AmeliaMember") (0.0s)&#xD;
And the id for 'Chat' channel&#xD;
-&gt; done: FeatureObjectsV2MetadataSteps.GivenTheIdForChannel("Chat") (0.0s)&#xD;
When I set a channel member&#xD;
-&gt; done: FeatureObjectsV2MetadataSteps.WhenISetAChannelMember() (0.0s)&#xD;
Then I receive a successful response&#xD;
-&gt; done: FeatureObjectsV2MetadataSteps.ThenIReceiveASuccessfulResponse() (0.0s)&#xD;
And the response contains list with 'AmeliaMember' member&#xD;
-&gt; done: FeatureObjectsV2MetadataSteps.ThenTheResponseContainsListWithMember("AmeliaMember") (0.0s)&#xD;
&#xD;
Given I have a keyset with Objects V2 enabled&#xD;
-&gt; done: FeatureObjectsV2MetadataSteps.GivenIHaveAKeysetWithObjectsVEnabled(2) (0.0s)&#xD;
Given the data for 'PeterMember' member&#xD;
-&gt; done: FeatureObjectsV2MetadataSteps.GivenTheDataForMember("PeterMember") (0.0s)&#xD;
And the id for 'Chat' channel&#xD;
-&gt; done: FeatureObjectsV2MetadataSteps.GivenTheIdForChannel("Chat") (0.0s)&#xD;
When I set a channel member including custom and UUID with custom&#xD;
-&gt; done: FeatureObjectsV2MetadataSteps.WhenISetAChannelMemberIncludingCustomAndUUIDWithCustom() (0.0s)&#xD;
Then I receive a successful response&#xD;
-&gt; done: FeatureObjectsV2MetadataSteps.ThenIReceiveASuccessfulResponse() (0.0s)&#xD;
And the response contains list with 'PeterMember' member&#xD;
-&gt; done: FeatureObjectsV2MetadataSteps.ThenTheResponseContainsListWithMember("PeterMember") (0.0s)&#xD;
&#xD;
Given I have a keyset with Objects V2 enabled&#xD;
-&gt; done: FeatureObjectsV2MetadataSteps.GivenIHaveAKeysetWithObjectsVEnabled(2) (0.0s)&#xD;
Given current user is 'Alice' persona&#xD;
-&gt; done: FeatureObjectsV2MetadataSteps.GivenCurrentUserIsPersona("Alice") (0.0s)&#xD;
When I get the memberships for current user&#xD;
-&gt; done: FeatureObjectsV2MetadataSteps.WhenIGetTheMembershipsForCurrentUser() (0.0s)&#xD;
Then I receive a successful response&#xD;
-&gt; done: FeatureObjectsV2MetadataSteps.ThenIReceiveASuccessfulResponse() (0.0s)&#xD;
And the response contains list with 'ChatMembership' and 'PatientMembership' memberships&#xD;
-&gt; done: FeatureObjectsV2MetadataSteps.ThenTheResponseContainsListWithAndMemberships("ChatMembership", "PatientMembership") (0.0s)&#xD;
&#xD;
Given I have a keyset with Objects V2 enabled&#xD;
-&gt; done: FeatureObjectsV2MetadataSteps.GivenIHaveAKeysetWithObjectsVEnabled(2) (0.0s)&#xD;
Given the id for 'Alice' persona&#xD;
-&gt; done: FeatureObjectsV2MetadataSteps.GivenTheIdForPersona("Alice") (0.0s)&#xD;
When I get the memberships&#xD;
-&gt; done: FeatureObjectsV2MetadataSteps.WhenIGetTheMemberships() (0.0s)&#xD;
Then I receive a successful response&#xD;
-&gt; done: FeatureObjectsV2MetadataSteps.ThenIReceiveASuccessfulResponse() (0.0s)&#xD;
And the response contains list with 'ChatMembership' and 'PatientMembership' memberships&#xD;
-&gt; done: FeatureObjectsV2MetadataSteps.ThenTheResponseContainsListWithAndMemberships("ChatMembership", "PatientMembership") (0.0s)&#xD;
&#xD;
Given I have a keyset with Objects V2 enabled&#xD;
-&gt; done: FeatureObjectsV2MetadataSteps.GivenIHaveAKeysetWithObjectsVEnabled(2) (0.0s)&#xD;
Given the id for 'Bob' persona&#xD;
-&gt; done: FeatureObjectsV2MetadataSteps.GivenTheIdForPersona("Bob") (0.0s)&#xD;
When I get the memberships including custom and channel custom information&#xD;
-&gt; done: FeatureObjectsV2MetadataSteps.WhenIGetTheMembershipsIncludingCustomAndChannelCustomInformation() (0.0s)&#xD;
Then I receive a successful response&#xD;
-&gt; done: FeatureObjectsV2MetadataSteps.ThenIReceiveASuccessfulResponse() (0.0s)&#xD;
And the response contains list with 'VipChatMembership' and 'DMMembership' memberships&#xD;
-&gt; done: FeatureObjectsV2MetadataSteps.ThenTheResponseContainsListWithAndMemberships("VipChatMembership", "DMMembership") (0.0s)&#xD;
&#xD;
Given I have a keyset with Objects V2 enabled&#xD;
-&gt; done: FeatureObjectsV2MetadataSteps.GivenIHaveAKeysetWithObjectsVEnabled(2) (0.0s)&#xD;
Given the id for 'Alice' persona&#xD;
-&gt; done: FeatureObjectsV2MetadataSteps.GivenTheIdForPersona("Alice") (0.0s)&#xD;
And the data for 'ChatMembership' membership&#xD;
-&gt; done: FeatureObjectsV2MetadataSteps.GivenTheDataForMembership("ChatMembership") (0.0s)&#xD;
And the data for 'PatientMembership' membership that we want to remove&#xD;
-&gt; done: FeatureObjectsV2MetadataSteps.GivenTheDataForMembershipThatWeWantToRemove("PatientMembership") (0.0s)&#xD;
When I manage memberships&#xD;
-&gt; done: FeatureObjectsV2MetadataSteps.WhenIManageMemberships() (0.0s)&#xD;
Then I receive a successful response&#xD;
-&gt; done: FeatureObjectsV2MetadataSteps.ThenIReceiveASuccessfulResponse() (0.0s)&#xD;
And the response contains list with 'ChatMembership' membership&#xD;
-&gt; done: FeatureObjectsV2MetadataSteps.ThenTheResponseContainsListWithMembership("ChatMembership") (0.0s)&#xD;
And the response does not contain list with 'PatientMembership' membership&#xD;
-&gt; done: FeatureObjectsV2MetadataSteps.ThenTheResponseDoesNotContainListWithMembership("PatientMembership") (0.0s)&#xD;
&#xD;
Given I have a keyset with Objects V2 enabled&#xD;
-&gt; done: FeatureObjectsV2MetadataSteps.GivenIHaveAKeysetWithObjectsVEnabled(2) (0.0s)&#xD;
Given the id for 'Alice' persona&#xD;
-&gt; done: FeatureObjectsV2MetadataSteps.GivenTheIdForPersona("Alice") (0.0s)&#xD;
And the data for 'ChatMembership' membership&#xD;
-&gt; done: FeatureObjectsV2MetadataSteps.GivenTheDataForMembership("ChatMembership") (0.0s)&#xD;
When I remove the membership&#xD;
-&gt; done: FeatureObjectsV2MetadataSteps.WhenIRemoveTheMembership() (0.0s)&#xD;
Then I receive a successful response&#xD;
-&gt; done: FeatureObjectsV2MetadataSteps.ThenIReceiveASuccessfulResponse() (0.0s)&#xD;
&#xD;
Given I have a keyset with Objects V2 enabled&#xD;
-&gt; done: FeatureObjectsV2MetadataSteps.GivenIHaveAKeysetWithObjectsVEnabled(2) (0.0s)&#xD;
Given current user is 'Alice' persona&#xD;
-&gt; done: FeatureObjectsV2MetadataSteps.GivenCurrentUserIsPersona("Alice") (0.0s)&#xD;
And the data for 'ChatMembership' membership that we want to remove&#xD;
-&gt; done: FeatureObjectsV2MetadataSteps.GivenTheDataForMembershipThatWeWantToRemove("ChatMembership") (0.0s)&#xD;
When I remove the membership for current user&#xD;
-&gt; done: FeatureObjectsV2MetadataSteps.WhenIRemoveTheMembershipForCurrentUser() (0.0s)&#xD;
Then I receive a successful response&#xD;
-&gt; done: FeatureObjectsV2MetadataSteps.ThenIReceiveASuccessfulResponse() (0.0s)&#xD;
&#xD;
Given I have a keyset with Objects V2 enabled&#xD;
-&gt; done: FeatureObjectsV2MetadataSteps.GivenIHaveAKeysetWithObjectsVEnabled(2) (0.0s)&#xD;
Given the id for 'Alice' persona&#xD;
-&gt; done: FeatureObjectsV2MetadataSteps.GivenTheIdForPersona("Alice") (0.0s)&#xD;
And the data for 'ChatMembership' membership&#xD;
-&gt; done: FeatureObjectsV2MetadataSteps.GivenTheDataForMembership("ChatMembership") (0.0s)&#xD;
When I set the membership&#xD;
-&gt; done: FeatureObjectsV2MetadataSteps.WhenISetTheMembership() (0.0s)&#xD;
Then I receive a successful response&#xD;
-&gt; done: FeatureObjectsV2MetadataSteps.ThenIReceiveASuccessfulResponse() (0.0s)&#xD;
And the response contains list with 'ChatMembership' membership&#xD;
-&gt; done: FeatureObjectsV2MetadataSteps.ThenTheResponseContainsListWithMembership("ChatMembership") (0.0s)&#xD;
&#xD;
Given I have a keyset with Objects V2 enabled&#xD;
-&gt; done: FeatureObjectsV2MetadataSteps.GivenIHaveAKeysetWithObjectsVEnabled(2) (0.0s)&#xD;
Given current user is 'Alice' persona&#xD;
-&gt; done: FeatureObjectsV2MetadataSteps.GivenCurrentUserIsPersona("Alice") (0.0s)&#xD;
And the data for 'ChatMembership' membership&#xD;
-&gt; done: FeatureObjectsV2MetadataSteps.GivenTheDataForMembership("ChatMembership") (0.0s)&#xD;
When I set the membership for current user&#xD;
-&gt; done: FeatureObjectsV2MetadataSteps.WhenISetTheMembershipForCurrentUser() (0.0s)&#xD;
Then I receive a successful response&#xD;
-&gt; done: FeatureObjectsV2MetadataSteps.ThenIReceiveASuccessfulResponse() (0.0s)&#xD;
And the response contains list with 'ChatMembership' membership&#xD;
-&gt; done: FeatureObjectsV2MetadataSteps.ThenTheResponseContainsListWithMembership("ChatMembership") (0.0s)&#xD;
&#xD;
Given I have a keyset with Objects V2 enabled&#xD;
-&gt; done: FeatureObjectsV2MetadataSteps.GivenIHaveAKeysetWithObjectsVEnabled(2) (0.0s)&#xD;
When I get all UUID metadata&#xD;
-&gt; done: FeatureObjectsV2MetadataSteps.WhenIGetAllUUIDMetadata() (0.1s)&#xD;
Then I receive a successful response&#xD;
-&gt; done: FeatureObjectsV2MetadataSteps.ThenIReceiveASuccessfulResponse() (0.0s)&#xD;
And the response contains list with 'Alice' and 'James' UUID metadata&#xD;
-&gt; done: FeatureObjectsV2MetadataSteps.ThenTheResponseContainsListWithAndUUIDMetadata("Alice", "James") (0.0s)&#xD;
&#xD;
Given I have a keyset with Objects V2 enabled&#xD;
-&gt; done: FeatureObjectsV2MetadataSteps.GivenIHaveAKeysetWithObjectsVEnabled(2) (0.0s)&#xD;
When I get all UUID metadata with custom&#xD;
-&gt; done: FeatureObjectsV2MetadataSteps.WhenIGetAllUUIDMetadataWithCustom() (0.0s)&#xD;
Then I receive a successful response&#xD;
-&gt; done: FeatureObjectsV2MetadataSteps.ThenIReceiveASuccessfulResponse() (0.0s)&#xD;
And the response contains list with 'Bob' and 'Lisa' UUID metadata&#xD;
-&gt; done: FeatureObjectsV2MetadataSteps.ThenTheResponseContainsListWithAndUUIDMetadata("Bob", "Lisa") (0.0s)&#xD;
&#xD;
Given I have a keyset with Objects V2 enabled&#xD;
-&gt; done: FeatureObjectsV2MetadataSteps.GivenIHaveAKeysetWithObjectsVEnabled(2) (0.0s)&#xD;
Given the id for 'Alice' persona&#xD;
-&gt; done: FeatureObjectsV2MetadataSteps.GivenTheIdForPersona("Alice") (0.0s)&#xD;
When I get the UUID metadata&#xD;
-&gt; done: FeatureObjectsV2MetadataSteps.WhenIGetTheUUIDMetadata() (0.0s)&#xD;
Then I receive a successful response&#xD;
-&gt; done: FeatureObjectsV2MetadataSteps.ThenIReceiveASuccessfulResponse() (0.0s)&#xD;
And the UUID metadata for 'Alice' persona&#xD;
-&gt; done: FeatureObjectsV2MetadataSteps.ThenTheUUIDMetadataForPersona("Alice") (0.0s)&#xD;
&#xD;
Given I have a keyset with Objects V2 enabled&#xD;
-&gt; done: FeatureObjectsV2MetadataSteps.GivenIHaveAKeysetWithObjectsVEnabled(2) (0.0s)&#xD;
Given current user is 'Bob' persona&#xD;
-&gt; done: FeatureObjectsV2MetadataSteps.GivenCurrentUserIsPersona("Bob") (0.0s)&#xD;
When I get the UUID metadata with custom for current user&#xD;
-&gt; done: FeatureObjectsV2MetadataSteps.WhenIGetTheUUIDMetadataWithCustomForCurrentUser() (0.0s)&#xD;
Then I receive a successful response&#xD;
-&gt; done: FeatureObjectsV2MetadataSteps.ThenIReceiveASuccessfulResponse() (0.0s)&#xD;
And the UUID metadata for 'Bob' persona&#xD;
-&gt; done: FeatureObjectsV2MetadataSteps.ThenTheUUIDMetadataForPersona("Bob") (0.0s)&#xD;
&#xD;
Given I have a keyset with Objects V2 enabled&#xD;
-&gt; done: FeatureObjectsV2MetadataSteps.GivenIHaveAKeysetWithObjectsVEnabled(2) (0.0s)&#xD;
Given the id for 'Alice' persona&#xD;
-&gt; done: FeatureObjectsV2MetadataSteps.GivenTheIdForPersona("Alice") (0.0s)&#xD;
When I remove the UUID metadata&#xD;
-&gt; done: FeatureObjectsV2MetadataSteps.WhenIRemoveTheUUIDMetadata() (0.0s)&#xD;
Then I receive a successful response&#xD;
-&gt; done: FeatureObjectsV2MetadataSteps.ThenIReceiveASuccessfulResponse() (0.0s)&#xD;
&#xD;
Given I have a keyset with Objects V2 enabled&#xD;
-&gt; done: FeatureObjectsV2MetadataSteps.GivenIHaveAKeysetWithObjectsVEnabled(2) (0.0s)&#xD;
Given current user is 'Alice' persona&#xD;
-&gt; done: FeatureObjectsV2MetadataSteps.GivenCurrentUserIsPersona("Alice") (0.0s)&#xD;
When I remove the UUID metadata for current user&#xD;
-&gt; done: FeatureObjectsV2MetadataSteps.WhenIRemoveTheUUIDMetadataForCurrentUser() (0.0s)&#xD;
Then I receive a successful response&#xD;
-&gt; done: FeatureObjectsV2MetadataSteps.ThenIReceiveASuccessfulResponse() (0.0s)&#xD;
&#xD;
Given I have a keyset with Objects V2 enabled&#xD;
-&gt; done: FeatureObjectsV2MetadataSteps.GivenIHaveAKeysetWithObjectsVEnabled(2) (0.0s)&#xD;
Given the data for 'Alice' persona&#xD;
-&gt; done: FeatureObjectsV2MetadataSteps.GivenTheDataForPersona("Alice") (0.0s)&#xD;
When I set the UUID metadata&#xD;
-&gt; done: FeatureObjectsV2MetadataSteps.WhenISetTheUUIDMetadata() (0.0s)&#xD;
Then I receive a successful response&#xD;
-&gt; done: FeatureObjectsV2MetadataSteps.ThenIReceiveASuccessfulResponse() (0.0s)&#xD;
And the UUID metadata for 'Alice' persona contains updated&#xD;
-&gt; done: FeatureObjectsV2MetadataSteps.ThenTheUUIDMetadataForPersonaContainsUpdated("Alice") (0.0s)&#xD;
&#xD;
Given I have a keyset with access manager enabled&#xD;
-&gt; done: FeatureAccessSteps.GivenIHaveAKeysetWithAccessManagerEnabled() (0.0s)&#xD;
Given a token&#xD;
-&gt; done: FeatureAccessSteps.GivenAToken() (0.0s)&#xD;
When I revoke a token&#xD;
-&gt; done: FeatureAccessSteps.WhenIRevokeAToken() (0.0s)&#xD;
Then an error is returned&#xD;
-&gt; done: FeatureAccessSteps.ThenAnErrorIsReturned() (0.0s)&#xD;
* the error status code is 400&#xD;
-&gt; done: FeatureAccessSteps.ThenTheErrorStatusCodeIs(400) (0.0s)&#xD;
* the error message is 'Feature disabled'&#xD;
-&gt; done: FeatureAccessSteps.ThenTheErrorMessageIs("Feature disabled") (0.0s)&#xD;
* the error source is 'revoke'&#xD;
-&gt; done: FeatureAccessSteps.ThenTheErrorSourceIs("revoke") (0.0s)&#xD;
* the error detail message is 'Token revocation is disabled.'&#xD;
-&gt; done: FeatureAccessSteps.ThenTheErrorDetailMessageIs("Token revocation ...") (0.0s)&#xD;
* the error detail location is 'subscribe-key'&#xD;
-&gt; done: FeatureAccessSteps.ThenTheErrorDetailLocationIs("subscribe-key") (0.0s)&#xD;
* the error detail location type is 'path'&#xD;
-&gt; done: FeatureAccessSteps.ThenTheErrorDetailLocationTypeIs("path") (0.0s)&#xD;
* the error service is 'Access Manager'&#xD;
-&gt; done: FeatureAccessSteps.ThenTheErrorServiceIs("Access Manager") (0.0s)&#xD;
&#xD;
Given I have a keyset with access manager enabled&#xD;
-&gt; done: FeatureAccessSteps.GivenIHaveAKeysetWithAccessManagerEnabled() (0.0s)&#xD;
Given the token string 'unescaped-_.ABCabc123 escaped;,/?:@&amp;=+$#'&#xD;
-&gt; done: FeatureAccessSteps.GivenTheTokenString("unescaped-_.ABCab...") (0.0s)&#xD;
When I revoke a token&#xD;
-&gt; done: FeatureAccessSteps.WhenIRevokeAToken() (0.0s)&#xD;
Then I get confirmation that token has been revoked&#xD;
-&gt; done: FeatureAccessSteps.ThenIGetConfirmationThatTokenHasBeenRevoked() (0.0s)&#xD;
&#xD;
Given I have a keyset with access manager enabled&#xD;
-&gt; done: FeatureAccessSteps.GivenIHaveAKeysetWithAccessManagerEnabled() (0.0s)&#xD;
Given a token&#xD;
-&gt; done: FeatureAccessSteps.GivenAToken() (0.0s)&#xD;
When I revoke a token&#xD;
-&gt; done: FeatureAccessSteps.WhenIRevokeAToken() (0.0s)&#xD;
Then I get confirmation that token has been revoked&#xD;
-&gt; done: FeatureAccessSteps.ThenIGetConfirmationThatTokenHasBeenRevoked() (0.0s)&#xD;
&#xD;
Given I have a keyset with access manager enabled&#xD;
-&gt; done: FeatureAccessSteps.GivenIHaveAKeysetWithAccessManagerEnabled() (0.0s)&#xD;
Given a token&#xD;
-&gt; done: FeatureAccessSteps.GivenAToken() (0.0s)&#xD;
When I revoke a token&#xD;
-&gt; done: FeatureAccessSteps.WhenIRevokeAToken() (0.0s)&#xD;
Then an error is returned&#xD;
-&gt; done: FeatureAccessSteps.ThenAnErrorIsReturned() (0.0s)&#xD;
* the error status code is 400&#xD;
-&gt; done: FeatureAccessSteps.ThenTheErrorStatusCodeIs(400) (0.0s)&#xD;
* the error message is 'Invalid token'&#xD;
-&gt; done: FeatureAccessSteps.ThenTheErrorMessageIs("Invalid token") (0.0s)&#xD;
* the error source is 'revoke'&#xD;
-&gt; done: FeatureAccessSteps.ThenTheErrorSourceIs("revoke") (0.0s)&#xD;
* the error detail message is not empty&#xD;
-&gt; done: FeatureAccessSteps.ThenTheErrorDetailMessageIsNotEmpty() (0.0s)&#xD;
* the error detail location is 'token'&#xD;
-&gt; done: FeatureAccessSteps.ThenTheErrorDetailLocationIs("token") (0.0s)&#xD;
* the error detail location type is 'path'&#xD;
-&gt; done: FeatureAccessSteps.ThenTheErrorDetailLocationTypeIs("path") (0.0s)&#xD;
* the error service is 'Access Manager'&#xD;
-&gt; done: FeatureAccessSteps.ThenTheErrorServiceIs("Access Manager") (0.0s)&#xD;
&#xD;
NUnit Adapter 3.17.0.0: Test execution complete&#xD;
</StdOut>
    </Output>
  </ResultSummary>
</TestRun>