<?xml version="1.0" encoding="UTF-8"?>
<testsuite failures="0" errors="0" skipped="1" tests="1" time="0.008515" name="Grant an access token">
<testcase classname="Grant an access token" name="Attempt to grant an access token with a regular expression containing capturing groups and expect a server error" time="0.008515">
  <skipped/>
  <system-out>
    <![CDATA[]]>
  </system-out>
  <system-err>
    <![CDATA[]]>
  </system-err>
</testcase>
</testsuite>
